[2024-10-28T14:13:55.422+0000] {processor.py:186} INFO - Started process (PID=498) to work on /opt/airflow/dags/reds.py
[2024-10-28T14:13:55.428+0000] {processor.py:914} INFO - Processing file /opt/airflow/dags/reds.py for tasks to queue
[2024-10-28T14:13:55.433+0000] {logging_mixin.py:190} INFO - [2024-10-28T14:13:55.432+0000] {dagbag.py:588} INFO - Filling up the DagBag from /opt/airflow/dags/reds.py
[2024-10-28T14:13:56.241+0000] {processor.py:925} INFO - DAG(s) 'postgres_to_redshift_etl' retrieved from /opt/airflow/dags/reds.py
[2024-10-28T14:14:06.771+0000] {logging_mixin.py:190} INFO - [2024-10-28T14:14:06.763+0000] {override.py:1900} INFO - Created Permission View: can edit on DAG:postgres_to_redshift_etl
[2024-10-28T14:14:06.835+0000] {logging_mixin.py:190} INFO - [2024-10-28T14:14:06.834+0000] {override.py:1900} INFO - Created Permission View: can read on DAG:postgres_to_redshift_etl
[2024-10-28T14:14:06.878+0000] {logging_mixin.py:190} INFO - [2024-10-28T14:14:06.877+0000] {override.py:1900} INFO - Created Permission View: can delete on DAG:postgres_to_redshift_etl
[2024-10-28T14:14:06.938+0000] {logging_mixin.py:190} INFO - [2024-10-28T14:14:06.938+0000] {override.py:1900} INFO - Created Permission View: can read on DAG Run:postgres_to_redshift_etl
[2024-10-28T14:14:06.968+0000] {logging_mixin.py:190} INFO - [2024-10-28T14:14:06.967+0000] {override.py:1900} INFO - Created Permission View: can create on DAG Run:postgres_to_redshift_etl
[2024-10-28T14:14:07.012+0000] {logging_mixin.py:190} INFO - [2024-10-28T14:14:07.010+0000] {override.py:1900} INFO - Created Permission View: menu access on DAG Run:postgres_to_redshift_etl
[2024-10-28T14:14:07.060+0000] {logging_mixin.py:190} INFO - [2024-10-28T14:14:07.059+0000] {override.py:1900} INFO - Created Permission View: can delete on DAG Run:postgres_to_redshift_etl
[2024-10-28T14:14:07.061+0000] {logging_mixin.py:190} INFO - [2024-10-28T14:14:07.061+0000] {dag.py:3239} INFO - Sync 1 DAGs
[2024-10-28T14:14:07.083+0000] {logging_mixin.py:190} INFO - [2024-10-28T14:14:07.083+0000] {dag.py:3262} INFO - Creating ORM DAG for postgres_to_redshift_etl
[2024-10-28T14:14:07.103+0000] {logging_mixin.py:190} INFO - [2024-10-28T14:14:07.102+0000] {dag.py:4180} INFO - Setting next_dagrun for postgres_to_redshift_etl to 2024-10-27 00:00:00+00:00, run_after=2024-10-28 00:00:00+00:00
[2024-10-28T14:14:07.206+0000] {processor.py:208} INFO - Processing /opt/airflow/dags/reds.py took 11.970 seconds
[2024-10-28T14:14:37.719+0000] {processor.py:186} INFO - Started process (PID=510) to work on /opt/airflow/dags/reds.py
[2024-10-28T14:14:37.721+0000] {processor.py:914} INFO - Processing file /opt/airflow/dags/reds.py for tasks to queue
[2024-10-28T14:14:37.724+0000] {logging_mixin.py:190} INFO - [2024-10-28T14:14:37.724+0000] {dagbag.py:588} INFO - Filling up the DagBag from /opt/airflow/dags/reds.py
[2024-10-28T14:14:37.760+0000] {processor.py:925} INFO - DAG(s) 'postgres_to_redshift_etl' retrieved from /opt/airflow/dags/reds.py
[2024-10-28T14:14:37.801+0000] {logging_mixin.py:190} INFO - [2024-10-28T14:14:37.801+0000] {dag.py:3239} INFO - Sync 1 DAGs
[2024-10-28T14:14:37.843+0000] {logging_mixin.py:190} INFO - [2024-10-28T14:14:37.842+0000] {dag.py:4180} INFO - Setting next_dagrun for postgres_to_redshift_etl to 2024-10-27 00:00:00+00:00, run_after=2024-10-28 00:00:00+00:00
[2024-10-28T14:14:37.892+0000] {processor.py:208} INFO - Processing /opt/airflow/dags/reds.py took 0.185 seconds
[2024-10-28T14:15:08.382+0000] {processor.py:186} INFO - Started process (PID=522) to work on /opt/airflow/dags/reds.py
[2024-10-28T14:15:08.384+0000] {processor.py:914} INFO - Processing file /opt/airflow/dags/reds.py for tasks to queue
[2024-10-28T14:15:08.386+0000] {logging_mixin.py:190} INFO - [2024-10-28T14:15:08.385+0000] {dagbag.py:588} INFO - Filling up the DagBag from /opt/airflow/dags/reds.py
[2024-10-28T14:15:08.419+0000] {processor.py:925} INFO - DAG(s) 'postgres_to_redshift_etl' retrieved from /opt/airflow/dags/reds.py
[2024-10-28T14:15:08.462+0000] {logging_mixin.py:190} INFO - [2024-10-28T14:15:08.461+0000] {dag.py:3239} INFO - Sync 1 DAGs
[2024-10-28T14:15:08.507+0000] {logging_mixin.py:190} INFO - [2024-10-28T14:15:08.506+0000] {dag.py:4180} INFO - Setting next_dagrun for postgres_to_redshift_etl to 2024-10-27 00:00:00+00:00, run_after=2024-10-28 00:00:00+00:00
[2024-10-28T14:15:08.543+0000] {processor.py:208} INFO - Processing /opt/airflow/dags/reds.py took 0.173 seconds
[2024-10-28T14:15:38.944+0000] {processor.py:186} INFO - Started process (PID=532) to work on /opt/airflow/dags/reds.py
[2024-10-28T14:15:38.946+0000] {processor.py:914} INFO - Processing file /opt/airflow/dags/reds.py for tasks to queue
[2024-10-28T14:15:38.949+0000] {logging_mixin.py:190} INFO - [2024-10-28T14:15:38.948+0000] {dagbag.py:588} INFO - Filling up the DagBag from /opt/airflow/dags/reds.py
[2024-10-28T14:15:39.028+0000] {processor.py:925} INFO - DAG(s) 'postgres_to_redshift_etl' retrieved from /opt/airflow/dags/reds.py
[2024-10-28T14:15:39.161+0000] {logging_mixin.py:190} INFO - [2024-10-28T14:15:39.160+0000] {dag.py:3239} INFO - Sync 1 DAGs
[2024-10-28T14:15:39.208+0000] {logging_mixin.py:190} INFO - [2024-10-28T14:15:39.207+0000] {dag.py:4180} INFO - Setting next_dagrun for postgres_to_redshift_etl to 2024-10-27 00:00:00+00:00, run_after=2024-10-28 00:00:00+00:00
[2024-10-28T14:15:39.252+0000] {processor.py:208} INFO - Processing /opt/airflow/dags/reds.py took 0.316 seconds
[2024-10-28T14:16:09.818+0000] {processor.py:186} INFO - Started process (PID=541) to work on /opt/airflow/dags/reds.py
[2024-10-28T14:16:09.820+0000] {processor.py:914} INFO - Processing file /opt/airflow/dags/reds.py for tasks to queue
[2024-10-28T14:16:09.822+0000] {logging_mixin.py:190} INFO - [2024-10-28T14:16:09.822+0000] {dagbag.py:588} INFO - Filling up the DagBag from /opt/airflow/dags/reds.py
[2024-10-28T14:16:09.863+0000] {processor.py:925} INFO - DAG(s) 'postgres_to_redshift_etl' retrieved from /opt/airflow/dags/reds.py
[2024-10-28T14:16:09.920+0000] {logging_mixin.py:190} INFO - [2024-10-28T14:16:09.918+0000] {dag.py:3239} INFO - Sync 1 DAGs
[2024-10-28T14:16:09.983+0000] {logging_mixin.py:190} INFO - [2024-10-28T14:16:09.982+0000] {dag.py:4180} INFO - Setting next_dagrun for postgres_to_redshift_etl to 2024-10-27 00:00:00+00:00, run_after=2024-10-28 00:00:00+00:00
[2024-10-28T14:16:10.024+0000] {processor.py:208} INFO - Processing /opt/airflow/dags/reds.py took 0.226 seconds
[2024-10-28T14:16:40.363+0000] {processor.py:186} INFO - Started process (PID=552) to work on /opt/airflow/dags/reds.py
[2024-10-28T14:16:40.365+0000] {processor.py:914} INFO - Processing file /opt/airflow/dags/reds.py for tasks to queue
[2024-10-28T14:16:40.368+0000] {logging_mixin.py:190} INFO - [2024-10-28T14:16:40.367+0000] {dagbag.py:588} INFO - Filling up the DagBag from /opt/airflow/dags/reds.py
[2024-10-28T14:16:40.401+0000] {processor.py:925} INFO - DAG(s) 'postgres_to_redshift_etl' retrieved from /opt/airflow/dags/reds.py
[2024-10-28T14:16:40.457+0000] {logging_mixin.py:190} INFO - [2024-10-28T14:16:40.456+0000] {dag.py:3239} INFO - Sync 1 DAGs
[2024-10-28T14:16:40.508+0000] {logging_mixin.py:190} INFO - [2024-10-28T14:16:40.508+0000] {dag.py:4180} INFO - Setting next_dagrun for postgres_to_redshift_etl to 2024-10-27 00:00:00+00:00, run_after=2024-10-28 00:00:00+00:00
[2024-10-28T14:16:40.561+0000] {processor.py:208} INFO - Processing /opt/airflow/dags/reds.py took 0.209 seconds
[2024-10-28T14:17:10.849+0000] {processor.py:186} INFO - Started process (PID=563) to work on /opt/airflow/dags/reds.py
[2024-10-28T14:17:10.851+0000] {processor.py:914} INFO - Processing file /opt/airflow/dags/reds.py for tasks to queue
[2024-10-28T14:17:10.854+0000] {logging_mixin.py:190} INFO - [2024-10-28T14:17:10.853+0000] {dagbag.py:588} INFO - Filling up the DagBag from /opt/airflow/dags/reds.py
[2024-10-28T14:17:10.897+0000] {processor.py:925} INFO - DAG(s) 'postgres_to_redshift_etl' retrieved from /opt/airflow/dags/reds.py
[2024-10-28T14:17:11.029+0000] {logging_mixin.py:190} INFO - [2024-10-28T14:17:11.029+0000] {dag.py:3239} INFO - Sync 1 DAGs
[2024-10-28T14:17:11.140+0000] {logging_mixin.py:190} INFO - [2024-10-28T14:17:11.139+0000] {dag.py:4180} INFO - Setting next_dagrun for postgres_to_redshift_etl to 2024-10-27 00:00:00+00:00, run_after=2024-10-28 00:00:00+00:00
[2024-10-28T14:17:11.206+0000] {processor.py:208} INFO - Processing /opt/airflow/dags/reds.py took 0.369 seconds
[2024-10-28T14:17:41.812+0000] {processor.py:186} INFO - Started process (PID=575) to work on /opt/airflow/dags/reds.py
[2024-10-28T14:17:41.814+0000] {processor.py:914} INFO - Processing file /opt/airflow/dags/reds.py for tasks to queue
[2024-10-28T14:17:41.816+0000] {logging_mixin.py:190} INFO - [2024-10-28T14:17:41.816+0000] {dagbag.py:588} INFO - Filling up the DagBag from /opt/airflow/dags/reds.py
[2024-10-28T14:17:41.867+0000] {processor.py:925} INFO - DAG(s) 'postgres_to_redshift_etl' retrieved from /opt/airflow/dags/reds.py
[2024-10-28T14:17:41.956+0000] {logging_mixin.py:190} INFO - [2024-10-28T14:17:41.956+0000] {dag.py:3239} INFO - Sync 1 DAGs
[2024-10-28T14:17:42.013+0000] {logging_mixin.py:190} INFO - [2024-10-28T14:17:42.013+0000] {dag.py:4180} INFO - Setting next_dagrun for postgres_to_redshift_etl to 2024-10-27 00:00:00+00:00, run_after=2024-10-28 00:00:00+00:00
[2024-10-28T14:17:42.058+0000] {processor.py:208} INFO - Processing /opt/airflow/dags/reds.py took 0.264 seconds
[2024-10-28T14:18:12.270+0000] {processor.py:186} INFO - Started process (PID=586) to work on /opt/airflow/dags/reds.py
[2024-10-28T14:18:12.278+0000] {processor.py:914} INFO - Processing file /opt/airflow/dags/reds.py for tasks to queue
[2024-10-28T14:18:12.281+0000] {logging_mixin.py:190} INFO - [2024-10-28T14:18:12.280+0000] {dagbag.py:588} INFO - Filling up the DagBag from /opt/airflow/dags/reds.py
[2024-10-28T14:18:12.326+0000] {processor.py:925} INFO - DAG(s) 'postgres_to_redshift_etl' retrieved from /opt/airflow/dags/reds.py
[2024-10-28T14:18:12.375+0000] {logging_mixin.py:190} INFO - [2024-10-28T14:18:12.374+0000] {dag.py:3239} INFO - Sync 1 DAGs
[2024-10-28T14:18:12.425+0000] {logging_mixin.py:190} INFO - [2024-10-28T14:18:12.424+0000] {dag.py:4180} INFO - Setting next_dagrun for postgres_to_redshift_etl to 2024-10-27 00:00:00+00:00, run_after=2024-10-28 00:00:00+00:00
[2024-10-28T14:18:12.462+0000] {processor.py:208} INFO - Processing /opt/airflow/dags/reds.py took 0.204 seconds
[2024-10-28T14:18:43.005+0000] {processor.py:186} INFO - Started process (PID=597) to work on /opt/airflow/dags/reds.py
[2024-10-28T14:18:43.007+0000] {processor.py:914} INFO - Processing file /opt/airflow/dags/reds.py for tasks to queue
[2024-10-28T14:18:43.009+0000] {logging_mixin.py:190} INFO - [2024-10-28T14:18:43.008+0000] {dagbag.py:588} INFO - Filling up the DagBag from /opt/airflow/dags/reds.py
[2024-10-28T14:18:43.043+0000] {processor.py:925} INFO - DAG(s) 'postgres_to_redshift_etl' retrieved from /opt/airflow/dags/reds.py
[2024-10-28T14:18:43.091+0000] {logging_mixin.py:190} INFO - [2024-10-28T14:18:43.090+0000] {dag.py:3239} INFO - Sync 1 DAGs
[2024-10-28T14:18:43.132+0000] {logging_mixin.py:190} INFO - [2024-10-28T14:18:43.132+0000] {dag.py:4180} INFO - Setting next_dagrun for postgres_to_redshift_etl to 2024-10-27 00:00:00+00:00, run_after=2024-10-28 00:00:00+00:00
[2024-10-28T14:18:43.167+0000] {processor.py:208} INFO - Processing /opt/airflow/dags/reds.py took 0.171 seconds
[2024-10-28T14:19:13.563+0000] {processor.py:186} INFO - Started process (PID=607) to work on /opt/airflow/dags/reds.py
[2024-10-28T14:19:13.565+0000] {processor.py:914} INFO - Processing file /opt/airflow/dags/reds.py for tasks to queue
[2024-10-28T14:19:13.567+0000] {logging_mixin.py:190} INFO - [2024-10-28T14:19:13.566+0000] {dagbag.py:588} INFO - Filling up the DagBag from /opt/airflow/dags/reds.py
[2024-10-28T14:19:13.603+0000] {processor.py:925} INFO - DAG(s) 'postgres_to_redshift_etl' retrieved from /opt/airflow/dags/reds.py
[2024-10-28T14:19:13.647+0000] {logging_mixin.py:190} INFO - [2024-10-28T14:19:13.647+0000] {dag.py:3239} INFO - Sync 1 DAGs
[2024-10-28T14:19:13.683+0000] {logging_mixin.py:190} INFO - [2024-10-28T14:19:13.683+0000] {dag.py:4180} INFO - Setting next_dagrun for postgres_to_redshift_etl to 2024-10-27 00:00:00+00:00, run_after=2024-10-28 00:00:00+00:00
[2024-10-28T14:19:13.717+0000] {processor.py:208} INFO - Processing /opt/airflow/dags/reds.py took 0.162 seconds
[2024-10-28T14:19:44.021+0000] {processor.py:186} INFO - Started process (PID=619) to work on /opt/airflow/dags/reds.py
[2024-10-28T14:19:44.024+0000] {processor.py:914} INFO - Processing file /opt/airflow/dags/reds.py for tasks to queue
[2024-10-28T14:19:44.027+0000] {logging_mixin.py:190} INFO - [2024-10-28T14:19:44.026+0000] {dagbag.py:588} INFO - Filling up the DagBag from /opt/airflow/dags/reds.py
[2024-10-28T14:19:44.138+0000] {processor.py:925} INFO - DAG(s) 'postgres_to_redshift_etl' retrieved from /opt/airflow/dags/reds.py
[2024-10-28T14:19:44.381+0000] {logging_mixin.py:190} INFO - [2024-10-28T14:19:44.381+0000] {dag.py:3239} INFO - Sync 1 DAGs
[2024-10-28T14:19:44.450+0000] {logging_mixin.py:190} INFO - [2024-10-28T14:19:44.450+0000] {dag.py:4180} INFO - Setting next_dagrun for postgres_to_redshift_etl to 2024-10-27 00:00:00+00:00, run_after=2024-10-28 00:00:00+00:00
[2024-10-28T14:19:44.500+0000] {processor.py:208} INFO - Processing /opt/airflow/dags/reds.py took 0.490 seconds
[2024-10-28T14:20:15.109+0000] {processor.py:186} INFO - Started process (PID=627) to work on /opt/airflow/dags/reds.py
[2024-10-28T14:20:15.111+0000] {processor.py:914} INFO - Processing file /opt/airflow/dags/reds.py for tasks to queue
[2024-10-28T14:20:15.113+0000] {logging_mixin.py:190} INFO - [2024-10-28T14:20:15.112+0000] {dagbag.py:588} INFO - Filling up the DagBag from /opt/airflow/dags/reds.py
[2024-10-28T14:20:15.207+0000] {processor.py:925} INFO - DAG(s) 'postgres_to_redshift_etl' retrieved from /opt/airflow/dags/reds.py
[2024-10-28T14:20:15.271+0000] {logging_mixin.py:190} INFO - [2024-10-28T14:20:15.271+0000] {dag.py:3239} INFO - Sync 1 DAGs
[2024-10-28T14:20:15.318+0000] {logging_mixin.py:190} INFO - [2024-10-28T14:20:15.318+0000] {dag.py:4180} INFO - Setting next_dagrun for postgres_to_redshift_etl to 2024-10-27 00:00:00+00:00, run_after=2024-10-28 00:00:00+00:00
[2024-10-28T14:20:15.370+0000] {processor.py:208} INFO - Processing /opt/airflow/dags/reds.py took 0.274 seconds
[2024-10-28T14:24:26.768+0000] {processor.py:186} INFO - Started process (PID=31) to work on /opt/airflow/dags/reds.py
[2024-10-28T14:24:26.771+0000] {processor.py:914} INFO - Processing file /opt/airflow/dags/reds.py for tasks to queue
[2024-10-28T14:24:26.775+0000] {logging_mixin.py:190} INFO - [2024-10-28T14:24:26.775+0000] {dagbag.py:588} INFO - Filling up the DagBag from /opt/airflow/dags/reds.py
[2024-10-28T14:24:26.836+0000] {processor.py:925} INFO - DAG(s) 'postgres_to_redshift_etl' retrieved from /opt/airflow/dags/reds.py
[2024-10-28T14:24:26.945+0000] {logging_mixin.py:190} INFO - [2024-10-28T14:24:26.945+0000] {dag.py:3239} INFO - Sync 1 DAGs
[2024-10-28T14:24:27.018+0000] {logging_mixin.py:190} INFO - [2024-10-28T14:24:27.017+0000] {dag.py:4180} INFO - Setting next_dagrun for postgres_to_redshift_etl to 2024-10-27 00:00:00+00:00, run_after=2024-10-28 00:00:00+00:00
[2024-10-28T14:24:27.068+0000] {processor.py:208} INFO - Processing /opt/airflow/dags/reds.py took 0.316 seconds
[2024-10-28T14:24:57.983+0000] {processor.py:186} INFO - Started process (PID=42) to work on /opt/airflow/dags/reds.py
[2024-10-28T14:24:57.989+0000] {processor.py:914} INFO - Processing file /opt/airflow/dags/reds.py for tasks to queue
[2024-10-28T14:24:58.017+0000] {logging_mixin.py:190} INFO - [2024-10-28T14:24:58.005+0000] {dagbag.py:588} INFO - Filling up the DagBag from /opt/airflow/dags/reds.py
[2024-10-28T14:24:58.216+0000] {processor.py:925} INFO - DAG(s) 'postgres_to_redshift_etl' retrieved from /opt/airflow/dags/reds.py
[2024-10-28T14:24:58.546+0000] {logging_mixin.py:190} INFO - [2024-10-28T14:24:58.546+0000] {dag.py:3239} INFO - Sync 1 DAGs
[2024-10-28T14:24:58.823+0000] {logging_mixin.py:190} INFO - [2024-10-28T14:24:58.823+0000] {dag.py:4180} INFO - Setting next_dagrun for postgres_to_redshift_etl to 2024-10-27 00:00:00+00:00, run_after=2024-10-28 00:00:00+00:00
[2024-10-28T14:24:58.892+0000] {processor.py:208} INFO - Processing /opt/airflow/dags/reds.py took 0.925 seconds
[2024-10-28T14:25:29.272+0000] {processor.py:186} INFO - Started process (PID=53) to work on /opt/airflow/dags/reds.py
[2024-10-28T14:25:29.273+0000] {processor.py:914} INFO - Processing file /opt/airflow/dags/reds.py for tasks to queue
[2024-10-28T14:25:29.282+0000] {logging_mixin.py:190} INFO - [2024-10-28T14:25:29.277+0000] {dagbag.py:588} INFO - Filling up the DagBag from /opt/airflow/dags/reds.py
[2024-10-28T14:25:29.435+0000] {processor.py:925} INFO - DAG(s) 'postgres_to_redshift_etl' retrieved from /opt/airflow/dags/reds.py
[2024-10-28T14:25:29.724+0000] {logging_mixin.py:190} INFO - [2024-10-28T14:25:29.723+0000] {dag.py:3239} INFO - Sync 1 DAGs
[2024-10-28T14:25:29.873+0000] {logging_mixin.py:190} INFO - [2024-10-28T14:25:29.872+0000] {dag.py:4180} INFO - Setting next_dagrun for postgres_to_redshift_etl to 2024-10-27 00:00:00+00:00, run_after=2024-10-28 00:00:00+00:00
[2024-10-28T14:25:30.101+0000] {processor.py:208} INFO - Processing /opt/airflow/dags/reds.py took 0.842 seconds
[2024-10-28T14:26:00.541+0000] {processor.py:186} INFO - Started process (PID=65) to work on /opt/airflow/dags/reds.py
[2024-10-28T14:26:00.542+0000] {processor.py:914} INFO - Processing file /opt/airflow/dags/reds.py for tasks to queue
[2024-10-28T14:26:00.546+0000] {logging_mixin.py:190} INFO - [2024-10-28T14:26:00.546+0000] {dagbag.py:588} INFO - Filling up the DagBag from /opt/airflow/dags/reds.py
[2024-10-28T14:26:00.585+0000] {processor.py:925} INFO - DAG(s) 'postgres_to_redshift_etl' retrieved from /opt/airflow/dags/reds.py
[2024-10-28T14:26:00.642+0000] {logging_mixin.py:190} INFO - [2024-10-28T14:26:00.642+0000] {dag.py:3239} INFO - Sync 1 DAGs
[2024-10-28T14:26:00.680+0000] {logging_mixin.py:190} INFO - [2024-10-28T14:26:00.679+0000] {dag.py:4180} INFO - Setting next_dagrun for postgres_to_redshift_etl to 2024-10-27 00:00:00+00:00, run_after=2024-10-28 00:00:00+00:00
[2024-10-28T14:26:00.823+0000] {processor.py:208} INFO - Processing /opt/airflow/dags/reds.py took 0.291 seconds
[2024-10-28T14:26:30.950+0000] {processor.py:186} INFO - Started process (PID=79) to work on /opt/airflow/dags/reds.py
[2024-10-28T14:26:30.951+0000] {processor.py:914} INFO - Processing file /opt/airflow/dags/reds.py for tasks to queue
[2024-10-28T14:26:30.954+0000] {logging_mixin.py:190} INFO - [2024-10-28T14:26:30.954+0000] {dagbag.py:588} INFO - Filling up the DagBag from /opt/airflow/dags/reds.py
[2024-10-28T14:26:31.035+0000] {processor.py:925} INFO - DAG(s) 'postgres_to_redshift_etl' retrieved from /opt/airflow/dags/reds.py
[2024-10-28T14:26:31.108+0000] {logging_mixin.py:190} INFO - [2024-10-28T14:26:31.108+0000] {dag.py:3239} INFO - Sync 1 DAGs
[2024-10-28T14:26:31.166+0000] {logging_mixin.py:190} INFO - [2024-10-28T14:26:31.166+0000] {dag.py:4180} INFO - Setting next_dagrun for postgres_to_redshift_etl to 2024-10-28 00:00:00+00:00, run_after=2024-10-29 00:00:00+00:00
[2024-10-28T14:26:31.215+0000] {processor.py:208} INFO - Processing /opt/airflow/dags/reds.py took 0.274 seconds
[2024-10-28T14:27:01.913+0000] {processor.py:186} INFO - Started process (PID=90) to work on /opt/airflow/dags/reds.py
[2024-10-28T14:27:01.915+0000] {processor.py:914} INFO - Processing file /opt/airflow/dags/reds.py for tasks to queue
[2024-10-28T14:27:01.930+0000] {logging_mixin.py:190} INFO - [2024-10-28T14:27:01.929+0000] {dagbag.py:588} INFO - Filling up the DagBag from /opt/airflow/dags/reds.py
[2024-10-28T14:27:01.991+0000] {processor.py:925} INFO - DAG(s) 'postgres_to_redshift_etl' retrieved from /opt/airflow/dags/reds.py
[2024-10-28T14:27:02.135+0000] {logging_mixin.py:190} INFO - [2024-10-28T14:27:02.134+0000] {dag.py:3239} INFO - Sync 1 DAGs
[2024-10-28T14:27:02.271+0000] {logging_mixin.py:190} INFO - [2024-10-28T14:27:02.271+0000] {dag.py:4180} INFO - Setting next_dagrun for postgres_to_redshift_etl to 2024-10-28 00:00:00+00:00, run_after=2024-10-29 00:00:00+00:00
[2024-10-28T14:27:02.365+0000] {processor.py:208} INFO - Processing /opt/airflow/dags/reds.py took 0.495 seconds
[2024-10-28T14:27:33.175+0000] {processor.py:186} INFO - Started process (PID=100) to work on /opt/airflow/dags/reds.py
[2024-10-28T14:27:33.177+0000] {processor.py:914} INFO - Processing file /opt/airflow/dags/reds.py for tasks to queue
[2024-10-28T14:27:33.184+0000] {logging_mixin.py:190} INFO - [2024-10-28T14:27:33.183+0000] {dagbag.py:588} INFO - Filling up the DagBag from /opt/airflow/dags/reds.py
[2024-10-28T14:27:33.226+0000] {processor.py:925} INFO - DAG(s) 'postgres_to_redshift_etl' retrieved from /opt/airflow/dags/reds.py
[2024-10-28T14:27:33.417+0000] {logging_mixin.py:190} INFO - [2024-10-28T14:27:33.417+0000] {dag.py:3239} INFO - Sync 1 DAGs
[2024-10-28T14:27:33.481+0000] {logging_mixin.py:190} INFO - [2024-10-28T14:27:33.480+0000] {dag.py:4180} INFO - Setting next_dagrun for postgres_to_redshift_etl to 2024-10-28 00:00:00+00:00, run_after=2024-10-29 00:00:00+00:00
[2024-10-28T14:27:33.559+0000] {processor.py:208} INFO - Processing /opt/airflow/dags/reds.py took 0.395 seconds
[2024-10-28T14:28:03.622+0000] {processor.py:186} INFO - Started process (PID=109) to work on /opt/airflow/dags/reds.py
[2024-10-28T14:28:03.623+0000] {processor.py:914} INFO - Processing file /opt/airflow/dags/reds.py for tasks to queue
[2024-10-28T14:28:03.632+0000] {logging_mixin.py:190} INFO - [2024-10-28T14:28:03.627+0000] {dagbag.py:588} INFO - Filling up the DagBag from /opt/airflow/dags/reds.py
[2024-10-28T14:28:03.689+0000] {processor.py:925} INFO - DAG(s) 'postgres_to_redshift_etl' retrieved from /opt/airflow/dags/reds.py
[2024-10-28T14:28:03.726+0000] {logging_mixin.py:190} INFO - [2024-10-28T14:28:03.725+0000] {dag.py:3239} INFO - Sync 1 DAGs
[2024-10-28T14:28:03.763+0000] {logging_mixin.py:190} INFO - [2024-10-28T14:28:03.763+0000] {dag.py:4180} INFO - Setting next_dagrun for postgres_to_redshift_etl to 2024-10-28 00:00:00+00:00, run_after=2024-10-29 00:00:00+00:00
[2024-10-28T14:28:03.840+0000] {processor.py:208} INFO - Processing /opt/airflow/dags/reds.py took 0.228 seconds
[2024-10-28T14:28:34.405+0000] {processor.py:186} INFO - Started process (PID=120) to work on /opt/airflow/dags/reds.py
[2024-10-28T14:28:34.407+0000] {processor.py:914} INFO - Processing file /opt/airflow/dags/reds.py for tasks to queue
[2024-10-28T14:28:34.410+0000] {logging_mixin.py:190} INFO - [2024-10-28T14:28:34.410+0000] {dagbag.py:588} INFO - Filling up the DagBag from /opt/airflow/dags/reds.py
[2024-10-28T14:28:34.464+0000] {processor.py:925} INFO - DAG(s) 'postgres_to_redshift_etl' retrieved from /opt/airflow/dags/reds.py
[2024-10-28T14:28:34.704+0000] {logging_mixin.py:190} INFO - [2024-10-28T14:28:34.704+0000] {dag.py:3239} INFO - Sync 1 DAGs
[2024-10-28T14:28:34.950+0000] {logging_mixin.py:190} INFO - [2024-10-28T14:28:34.950+0000] {dag.py:4180} INFO - Setting next_dagrun for postgres_to_redshift_etl to 2024-10-28 00:00:00+00:00, run_after=2024-10-29 00:00:00+00:00
[2024-10-28T14:28:35.224+0000] {processor.py:208} INFO - Processing /opt/airflow/dags/reds.py took 0.827 seconds
[2024-10-28T14:29:05.980+0000] {processor.py:186} INFO - Started process (PID=131) to work on /opt/airflow/dags/reds.py
[2024-10-28T14:29:05.983+0000] {processor.py:914} INFO - Processing file /opt/airflow/dags/reds.py for tasks to queue
[2024-10-28T14:29:05.988+0000] {logging_mixin.py:190} INFO - [2024-10-28T14:29:05.987+0000] {dagbag.py:588} INFO - Filling up the DagBag from /opt/airflow/dags/reds.py
[2024-10-28T14:29:06.132+0000] {processor.py:925} INFO - DAG(s) 'postgres_to_redshift_etl' retrieved from /opt/airflow/dags/reds.py
[2024-10-28T14:29:06.257+0000] {logging_mixin.py:190} INFO - [2024-10-28T14:29:06.256+0000] {dag.py:3239} INFO - Sync 1 DAGs
[2024-10-28T14:29:06.536+0000] {logging_mixin.py:190} INFO - [2024-10-28T14:29:06.536+0000] {dag.py:4180} INFO - Setting next_dagrun for postgres_to_redshift_etl to 2024-10-28 00:00:00+00:00, run_after=2024-10-29 00:00:00+00:00
[2024-10-28T14:29:06.799+0000] {processor.py:208} INFO - Processing /opt/airflow/dags/reds.py took 0.832 seconds
[2024-10-28T14:29:37.630+0000] {processor.py:186} INFO - Started process (PID=143) to work on /opt/airflow/dags/reds.py
[2024-10-28T14:29:37.635+0000] {processor.py:914} INFO - Processing file /opt/airflow/dags/reds.py for tasks to queue
[2024-10-28T14:29:37.639+0000] {logging_mixin.py:190} INFO - [2024-10-28T14:29:37.638+0000] {dagbag.py:588} INFO - Filling up the DagBag from /opt/airflow/dags/reds.py
[2024-10-28T14:29:37.712+0000] {processor.py:925} INFO - DAG(s) 'postgres_to_redshift_etl' retrieved from /opt/airflow/dags/reds.py
[2024-10-28T14:29:37.882+0000] {logging_mixin.py:190} INFO - [2024-10-28T14:29:37.882+0000] {dag.py:3239} INFO - Sync 1 DAGs
[2024-10-28T14:29:37.933+0000] {logging_mixin.py:190} INFO - [2024-10-28T14:29:37.933+0000] {dag.py:4180} INFO - Setting next_dagrun for postgres_to_redshift_etl to 2024-10-28 00:00:00+00:00, run_after=2024-10-29 00:00:00+00:00
[2024-10-28T14:29:38.007+0000] {processor.py:208} INFO - Processing /opt/airflow/dags/reds.py took 0.394 seconds
[2024-10-28T14:30:08.662+0000] {processor.py:186} INFO - Started process (PID=155) to work on /opt/airflow/dags/reds.py
[2024-10-28T14:30:08.674+0000] {processor.py:914} INFO - Processing file /opt/airflow/dags/reds.py for tasks to queue
[2024-10-28T14:30:08.677+0000] {logging_mixin.py:190} INFO - [2024-10-28T14:30:08.677+0000] {dagbag.py:588} INFO - Filling up the DagBag from /opt/airflow/dags/reds.py
[2024-10-28T14:30:08.723+0000] {processor.py:925} INFO - DAG(s) 'postgres_to_redshift_etl' retrieved from /opt/airflow/dags/reds.py
[2024-10-28T14:30:08.763+0000] {logging_mixin.py:190} INFO - [2024-10-28T14:30:08.762+0000] {dag.py:3239} INFO - Sync 1 DAGs
[2024-10-28T14:30:08.801+0000] {logging_mixin.py:190} INFO - [2024-10-28T14:30:08.801+0000] {dag.py:4180} INFO - Setting next_dagrun for postgres_to_redshift_etl to 2024-10-28 00:00:00+00:00, run_after=2024-10-29 00:00:00+00:00
[2024-10-28T14:30:08.862+0000] {processor.py:208} INFO - Processing /opt/airflow/dags/reds.py took 0.209 seconds
[2024-10-28T14:30:39.001+0000] {processor.py:186} INFO - Started process (PID=166) to work on /opt/airflow/dags/reds.py
[2024-10-28T14:30:39.004+0000] {processor.py:914} INFO - Processing file /opt/airflow/dags/reds.py for tasks to queue
[2024-10-28T14:30:39.008+0000] {logging_mixin.py:190} INFO - [2024-10-28T14:30:39.008+0000] {dagbag.py:588} INFO - Filling up the DagBag from /opt/airflow/dags/reds.py
[2024-10-28T14:30:39.045+0000] {processor.py:925} INFO - DAG(s) 'postgres_to_redshift_etl' retrieved from /opt/airflow/dags/reds.py
[2024-10-28T14:30:39.085+0000] {logging_mixin.py:190} INFO - [2024-10-28T14:30:39.084+0000] {dag.py:3239} INFO - Sync 1 DAGs
[2024-10-28T14:30:39.130+0000] {logging_mixin.py:190} INFO - [2024-10-28T14:30:39.130+0000] {dag.py:4180} INFO - Setting next_dagrun for postgres_to_redshift_etl to 2024-10-28 00:00:00+00:00, run_after=2024-10-29 00:00:00+00:00
[2024-10-28T14:30:39.382+0000] {processor.py:208} INFO - Processing /opt/airflow/dags/reds.py took 0.390 seconds
[2024-10-28T14:31:09.818+0000] {processor.py:186} INFO - Started process (PID=177) to work on /opt/airflow/dags/reds.py
[2024-10-28T14:31:09.820+0000] {processor.py:914} INFO - Processing file /opt/airflow/dags/reds.py for tasks to queue
[2024-10-28T14:31:09.823+0000] {logging_mixin.py:190} INFO - [2024-10-28T14:31:09.823+0000] {dagbag.py:588} INFO - Filling up the DagBag from /opt/airflow/dags/reds.py
[2024-10-28T14:31:09.859+0000] {processor.py:925} INFO - DAG(s) 'postgres_to_redshift_etl' retrieved from /opt/airflow/dags/reds.py
[2024-10-28T14:31:09.896+0000] {logging_mixin.py:190} INFO - [2024-10-28T14:31:09.895+0000] {dag.py:3239} INFO - Sync 1 DAGs
[2024-10-28T14:31:10.124+0000] {logging_mixin.py:190} INFO - [2024-10-28T14:31:10.124+0000] {dag.py:4180} INFO - Setting next_dagrun for postgres_to_redshift_etl to 2024-10-28 00:00:00+00:00, run_after=2024-10-29 00:00:00+00:00
[2024-10-28T14:31:10.154+0000] {processor.py:208} INFO - Processing /opt/airflow/dags/reds.py took 0.344 seconds
[2024-10-28T14:31:40.498+0000] {processor.py:186} INFO - Started process (PID=188) to work on /opt/airflow/dags/reds.py
[2024-10-28T14:31:40.512+0000] {processor.py:914} INFO - Processing file /opt/airflow/dags/reds.py for tasks to queue
[2024-10-28T14:31:40.516+0000] {logging_mixin.py:190} INFO - [2024-10-28T14:31:40.516+0000] {dagbag.py:588} INFO - Filling up the DagBag from /opt/airflow/dags/reds.py
[2024-10-28T14:31:40.725+0000] {processor.py:925} INFO - DAG(s) 'postgres_to_redshift_etl' retrieved from /opt/airflow/dags/reds.py
[2024-10-28T14:31:44.889+0000] {logging_mixin.py:190} INFO - [2024-10-28T14:31:44.889+0000] {dag.py:3239} INFO - Sync 1 DAGs
[2024-10-28T14:31:44.937+0000] {logging_mixin.py:190} INFO - [2024-10-28T14:31:44.936+0000] {dag.py:4180} INFO - Setting next_dagrun for postgres_to_redshift_etl to 2024-10-28 00:00:00+00:00, run_after=2024-10-29 00:00:00+00:00
[2024-10-28T14:31:44.982+0000] {processor.py:208} INFO - Processing /opt/airflow/dags/reds.py took 4.503 seconds
[2024-10-28T14:32:15.610+0000] {processor.py:186} INFO - Started process (PID=196) to work on /opt/airflow/dags/reds.py
[2024-10-28T14:32:15.617+0000] {processor.py:914} INFO - Processing file /opt/airflow/dags/reds.py for tasks to queue
[2024-10-28T14:32:15.628+0000] {logging_mixin.py:190} INFO - [2024-10-28T14:32:15.621+0000] {dagbag.py:588} INFO - Filling up the DagBag from /opt/airflow/dags/reds.py
[2024-10-28T14:32:15.716+0000] {processor.py:925} INFO - DAG(s) 'postgres_to_redshift_etl' retrieved from /opt/airflow/dags/reds.py
[2024-10-28T14:32:15.866+0000] {logging_mixin.py:190} INFO - [2024-10-28T14:32:15.856+0000] {dag.py:3239} INFO - Sync 1 DAGs
[2024-10-28T14:32:16.036+0000] {logging_mixin.py:190} INFO - [2024-10-28T14:32:16.035+0000] {dag.py:4180} INFO - Setting next_dagrun for postgres_to_redshift_etl to 2024-10-28 00:00:00+00:00, run_after=2024-10-29 00:00:00+00:00
[2024-10-28T14:32:16.167+0000] {processor.py:208} INFO - Processing /opt/airflow/dags/reds.py took 0.591 seconds
[2024-10-28T14:32:46.548+0000] {processor.py:186} INFO - Started process (PID=206) to work on /opt/airflow/dags/reds.py
[2024-10-28T14:32:46.550+0000] {processor.py:914} INFO - Processing file /opt/airflow/dags/reds.py for tasks to queue
[2024-10-28T14:32:46.553+0000] {logging_mixin.py:190} INFO - [2024-10-28T14:32:46.553+0000] {dagbag.py:588} INFO - Filling up the DagBag from /opt/airflow/dags/reds.py
[2024-10-28T14:32:46.588+0000] {processor.py:925} INFO - DAG(s) 'postgres_to_redshift_etl' retrieved from /opt/airflow/dags/reds.py
[2024-10-28T14:32:46.627+0000] {logging_mixin.py:190} INFO - [2024-10-28T14:32:46.627+0000] {dag.py:3239} INFO - Sync 1 DAGs
[2024-10-28T14:32:46.667+0000] {logging_mixin.py:190} INFO - [2024-10-28T14:32:46.667+0000] {dag.py:4180} INFO - Setting next_dagrun for postgres_to_redshift_etl to 2024-10-28 00:00:00+00:00, run_after=2024-10-29 00:00:00+00:00
[2024-10-28T14:32:46.701+0000] {processor.py:208} INFO - Processing /opt/airflow/dags/reds.py took 0.161 seconds
[2024-10-28T14:33:17.410+0000] {processor.py:186} INFO - Started process (PID=217) to work on /opt/airflow/dags/reds.py
[2024-10-28T14:33:17.412+0000] {processor.py:914} INFO - Processing file /opt/airflow/dags/reds.py for tasks to queue
[2024-10-28T14:33:17.416+0000] {logging_mixin.py:190} INFO - [2024-10-28T14:33:17.415+0000] {dagbag.py:588} INFO - Filling up the DagBag from /opt/airflow/dags/reds.py
[2024-10-28T14:33:17.461+0000] {processor.py:925} INFO - DAG(s) 'postgres_to_redshift_etl' retrieved from /opt/airflow/dags/reds.py
[2024-10-28T14:33:17.501+0000] {logging_mixin.py:190} INFO - [2024-10-28T14:33:17.500+0000] {dag.py:3239} INFO - Sync 1 DAGs
[2024-10-28T14:33:17.547+0000] {logging_mixin.py:190} INFO - [2024-10-28T14:33:17.546+0000] {dag.py:4180} INFO - Setting next_dagrun for postgres_to_redshift_etl to 2024-10-28 00:00:00+00:00, run_after=2024-10-29 00:00:00+00:00
[2024-10-28T14:33:17.797+0000] {processor.py:208} INFO - Processing /opt/airflow/dags/reds.py took 0.396 seconds
[2024-10-28T14:33:48.301+0000] {processor.py:186} INFO - Started process (PID=228) to work on /opt/airflow/dags/reds.py
[2024-10-28T14:33:48.303+0000] {processor.py:914} INFO - Processing file /opt/airflow/dags/reds.py for tasks to queue
[2024-10-28T14:33:48.307+0000] {logging_mixin.py:190} INFO - [2024-10-28T14:33:48.307+0000] {dagbag.py:588} INFO - Filling up the DagBag from /opt/airflow/dags/reds.py
[2024-10-28T14:33:48.342+0000] {processor.py:925} INFO - DAG(s) 'postgres_to_redshift_etl' retrieved from /opt/airflow/dags/reds.py
[2024-10-28T14:33:48.386+0000] {logging_mixin.py:190} INFO - [2024-10-28T14:33:48.386+0000] {dag.py:3239} INFO - Sync 1 DAGs
[2024-10-28T14:33:48.722+0000] {logging_mixin.py:190} INFO - [2024-10-28T14:33:48.722+0000] {dag.py:4180} INFO - Setting next_dagrun for postgres_to_redshift_etl to 2024-10-28 00:00:00+00:00, run_after=2024-10-29 00:00:00+00:00
[2024-10-28T14:33:48.770+0000] {processor.py:208} INFO - Processing /opt/airflow/dags/reds.py took 0.482 seconds
[2024-10-28T14:34:19.042+0000] {processor.py:186} INFO - Started process (PID=239) to work on /opt/airflow/dags/reds.py
[2024-10-28T14:34:19.043+0000] {processor.py:914} INFO - Processing file /opt/airflow/dags/reds.py for tasks to queue
[2024-10-28T14:34:19.048+0000] {logging_mixin.py:190} INFO - [2024-10-28T14:34:19.047+0000] {dagbag.py:588} INFO - Filling up the DagBag from /opt/airflow/dags/reds.py
[2024-10-28T14:34:19.081+0000] {processor.py:925} INFO - DAG(s) 'postgres_to_redshift_etl' retrieved from /opt/airflow/dags/reds.py
[2024-10-28T14:34:19.309+0000] {logging_mixin.py:190} INFO - [2024-10-28T14:34:19.308+0000] {dag.py:3239} INFO - Sync 1 DAGs
[2024-10-28T14:34:19.340+0000] {logging_mixin.py:190} INFO - [2024-10-28T14:34:19.340+0000] {dag.py:4180} INFO - Setting next_dagrun for postgres_to_redshift_etl to 2024-10-28 00:00:00+00:00, run_after=2024-10-29 00:00:00+00:00
[2024-10-28T14:34:19.370+0000] {processor.py:208} INFO - Processing /opt/airflow/dags/reds.py took 0.343 seconds
[2024-10-28T14:34:50.188+0000] {processor.py:186} INFO - Started process (PID=250) to work on /opt/airflow/dags/reds.py
[2024-10-28T14:34:50.200+0000] {processor.py:914} INFO - Processing file /opt/airflow/dags/reds.py for tasks to queue
[2024-10-28T14:34:50.206+0000] {logging_mixin.py:190} INFO - [2024-10-28T14:34:50.205+0000] {dagbag.py:588} INFO - Filling up the DagBag from /opt/airflow/dags/reds.py
[2024-10-28T14:34:50.300+0000] {processor.py:925} INFO - DAG(s) 'postgres_to_redshift_etl' retrieved from /opt/airflow/dags/reds.py
[2024-10-28T14:34:50.446+0000] {logging_mixin.py:190} INFO - [2024-10-28T14:34:50.445+0000] {dag.py:3239} INFO - Sync 1 DAGs
[2024-10-28T14:34:50.615+0000] {logging_mixin.py:190} INFO - [2024-10-28T14:34:50.614+0000] {dag.py:4180} INFO - Setting next_dagrun for postgres_to_redshift_etl to 2024-10-28 00:00:00+00:00, run_after=2024-10-29 00:00:00+00:00
[2024-10-28T14:34:50.746+0000] {processor.py:208} INFO - Processing /opt/airflow/dags/reds.py took 0.586 seconds
[2024-10-28T14:35:21.664+0000] {processor.py:186} INFO - Started process (PID=259) to work on /opt/airflow/dags/reds.py
[2024-10-28T14:35:21.683+0000] {processor.py:914} INFO - Processing file /opt/airflow/dags/reds.py for tasks to queue
[2024-10-28T14:35:21.733+0000] {logging_mixin.py:190} INFO - [2024-10-28T14:35:21.694+0000] {dagbag.py:588} INFO - Filling up the DagBag from /opt/airflow/dags/reds.py
[2024-10-28T14:35:24.973+0000] {processor.py:925} INFO - DAG(s) 'postgres_to_redshift_etl' retrieved from /opt/airflow/dags/reds.py
[2024-10-28T14:36:24.228+0000] {processor.py:211} ERROR - Got an exception! Propagating...
Traceback (most recent call last):
  File "/home/airflow/.local/lib/python3.12/site-packages/sqlalchemy/engine/base.py", line 3371, in _wrap_pool_connect
    return fn()
           ^^^^
  File "/home/airflow/.local/lib/python3.12/site-packages/sqlalchemy/pool/base.py", line 327, in connect
    return _ConnectionFairy._checkout(self)
           ^^^^^^^^^^^^^^^^^^^^^^^^^^^^^^^^
  File "/home/airflow/.local/lib/python3.12/site-packages/sqlalchemy/pool/base.py", line 894, in _checkout
    fairy = _ConnectionRecord.checkout(pool)
            ^^^^^^^^^^^^^^^^^^^^^^^^^^^^^^^^
  File "/home/airflow/.local/lib/python3.12/site-packages/sqlalchemy/pool/base.py", line 493, in checkout
    rec = pool._do_get()
          ^^^^^^^^^^^^^^
  File "/home/airflow/.local/lib/python3.12/site-packages/sqlalchemy/pool/impl.py", line 145, in _do_get
    with util.safe_reraise():
         ^^^^^^^^^^^^^^^^^^^
  File "/home/airflow/.local/lib/python3.12/site-packages/sqlalchemy/util/langhelpers.py", line 70, in __exit__
    compat.raise_(
  File "/home/airflow/.local/lib/python3.12/site-packages/sqlalchemy/util/compat.py", line 211, in raise_
    raise exception
  File "/home/airflow/.local/lib/python3.12/site-packages/sqlalchemy/pool/impl.py", line 143, in _do_get
    return self._create_connection()
           ^^^^^^^^^^^^^^^^^^^^^^^^^
  File "/home/airflow/.local/lib/python3.12/site-packages/sqlalchemy/pool/base.py", line 273, in _create_connection
    return _ConnectionRecord(self)
           ^^^^^^^^^^^^^^^^^^^^^^^
  File "/home/airflow/.local/lib/python3.12/site-packages/sqlalchemy/pool/base.py", line 388, in __init__
    self.__connect()
  File "/home/airflow/.local/lib/python3.12/site-packages/sqlalchemy/pool/base.py", line 690, in __connect
    with util.safe_reraise():
         ^^^^^^^^^^^^^^^^^^^
  File "/home/airflow/.local/lib/python3.12/site-packages/sqlalchemy/util/langhelpers.py", line 70, in __exit__
    compat.raise_(
  File "/home/airflow/.local/lib/python3.12/site-packages/sqlalchemy/util/compat.py", line 211, in raise_
    raise exception
  File "/home/airflow/.local/lib/python3.12/site-packages/sqlalchemy/pool/base.py", line 686, in __connect
    self.dbapi_connection = connection = pool._invoke_creator(self)
                                         ^^^^^^^^^^^^^^^^^^^^^^^^^^
  File "/home/airflow/.local/lib/python3.12/site-packages/sqlalchemy/engine/create.py", line 574, in connect
    return dialect.connect(*cargs, **cparams)
           ^^^^^^^^^^^^^^^^^^^^^^^^^^^^^^^^^^
  File "/home/airflow/.local/lib/python3.12/site-packages/sqlalchemy/engine/default.py", line 598, in connect
    return self.dbapi.connect(*cargs, **cparams)
           ^^^^^^^^^^^^^^^^^^^^^^^^^^^^^^^^^^^^^
  File "/home/airflow/.local/lib/python3.12/site-packages/psycopg2/__init__.py", line 122, in connect
    conn = _connect(dsn, connection_factory=connection_factory, **kwasync)
           ^^^^^^^^^^^^^^^^^^^^^^^^^^^^^^^^^^^^^^^^^^^^^^^^^^^^^^^^^^^^^^^
psycopg2.OperationalError: could not translate host name "postgres" to address: Temporary failure in name resolution


The above exception was the direct cause of the following exception:

Traceback (most recent call last):
  File "/home/airflow/.local/lib/python3.12/site-packages/airflow/dag_processing/processor.py", line 207, in _run_file_processor
    _handle_dag_file_processing()
  File "/home/airflow/.local/lib/python3.12/site-packages/airflow/dag_processing/processor.py", line 188, in _handle_dag_file_processing
    result: tuple[int, int, int] = dag_file_processor.process_file(
                                   ^^^^^^^^^^^^^^^^^^^^^^^^^^^^^^^^
  File "/home/airflow/.local/lib/python3.12/site-packages/airflow/utils/session.py", line 97, in wrapper
    return func(*args, session=session, **kwargs)
           ^^^^^^^^^^^^^^^^^^^^^^^^^^^^^^^^^^^^^^
  File "/home/airflow/.local/lib/python3.12/site-packages/airflow/dag_processing/processor.py", line 942, in process_file
    serialize_errors = DagFileProcessor.save_dag_to_db(
                       ^^^^^^^^^^^^^^^^^^^^^^^^^^^^^^^^
  File "/home/airflow/.local/lib/python3.12/site-packages/airflow/api_internal/internal_api_call.py", line 139, in wrapper
    return func(*args, **kwargs)
           ^^^^^^^^^^^^^^^^^^^^^
  File "/home/airflow/.local/lib/python3.12/site-packages/airflow/utils/session.py", line 97, in wrapper
    return func(*args, session=session, **kwargs)
           ^^^^^^^^^^^^^^^^^^^^^^^^^^^^^^^^^^^^^^
  File "/home/airflow/.local/lib/python3.12/site-packages/airflow/dag_processing/processor.py", line 982, in save_dag_to_db
    import_errors = DagBag._sync_to_db(dags=dags, processor_subdir=dag_directory, session=session)
                    ^^^^^^^^^^^^^^^^^^^^^^^^^^^^^^^^^^^^^^^^^^^^^^^^^^^^^^^^^^^^^^^^^^^^^^^^^^^^^^
  File "/home/airflow/.local/lib/python3.12/site-packages/airflow/utils/session.py", line 94, in wrapper
    return func(*args, **kwargs)
           ^^^^^^^^^^^^^^^^^^^^^
  File "/home/airflow/.local/lib/python3.12/site-packages/airflow/models/dagbag.py", line 708, in _sync_to_db
    for attempt in run_with_db_retries(logger=log):
                   ^^^^^^^^^^^^^^^^^^^^^^^^^^^^^^^
  File "/home/airflow/.local/lib/python3.12/site-packages/tenacity/__init__.py", line 443, in __iter__
    do = self.iter(retry_state=retry_state)
         ^^^^^^^^^^^^^^^^^^^^^^^^^^^^^^^^^^
  File "/home/airflow/.local/lib/python3.12/site-packages/tenacity/__init__.py", line 376, in iter
    result = action(retry_state)
             ^^^^^^^^^^^^^^^^^^^
  File "/home/airflow/.local/lib/python3.12/site-packages/tenacity/__init__.py", line 418, in exc_check
    raise retry_exc.reraise()
          ^^^^^^^^^^^^^^^^^^^
  File "/home/airflow/.local/lib/python3.12/site-packages/tenacity/__init__.py", line 185, in reraise
    raise self.last_attempt.result()
          ^^^^^^^^^^^^^^^^^^^^^^^^^^
  File "/usr/local/lib/python3.12/concurrent/futures/_base.py", line 449, in result
    return self.__get_result()
           ^^^^^^^^^^^^^^^^^^^
  File "/usr/local/lib/python3.12/concurrent/futures/_base.py", line 401, in __get_result
    raise self._exception
  File "/home/airflow/.local/lib/python3.12/site-packages/airflow/models/dagbag.py", line 721, in _sync_to_db
    _serialize_dag_capturing_errors(dag, session, processor_subdir)
  File "/home/airflow/.local/lib/python3.12/site-packages/airflow/models/dagbag.py", line 686, in _serialize_dag_capturing_errors
    dag_was_updated = SerializedDagModel.write_dag(
                      ^^^^^^^^^^^^^^^^^^^^^^^^^^^^^
  File "/home/airflow/.local/lib/python3.12/site-packages/airflow/utils/session.py", line 94, in wrapper
    return func(*args, **kwargs)
           ^^^^^^^^^^^^^^^^^^^^^
  File "/home/airflow/.local/lib/python3.12/site-packages/airflow/models/serialized_dag.py", line 160, in write_dag
    if session.scalar(
       ^^^^^^^^^^^^^^^
  File "/home/airflow/.local/lib/python3.12/site-packages/sqlalchemy/orm/session.py", line 1747, in scalar
    return self.execute(
           ^^^^^^^^^^^^^
  File "/home/airflow/.local/lib/python3.12/site-packages/sqlalchemy/orm/session.py", line 1716, in execute
    conn = self._connection_for_bind(bind)
           ^^^^^^^^^^^^^^^^^^^^^^^^^^^^^^^
  File "/home/airflow/.local/lib/python3.12/site-packages/sqlalchemy/orm/session.py", line 1555, in _connection_for_bind
    return self._transaction._connection_for_bind(
           ^^^^^^^^^^^^^^^^^^^^^^^^^^^^^^^^^^^^^^^
  File "/home/airflow/.local/lib/python3.12/site-packages/sqlalchemy/orm/session.py", line 750, in _connection_for_bind
    conn = bind.connect()
           ^^^^^^^^^^^^^^
  File "/home/airflow/.local/lib/python3.12/site-packages/sqlalchemy/future/engine.py", line 412, in connect
    return super(Engine, self).connect()
           ^^^^^^^^^^^^^^^^^^^^^^^^^^^^^
  File "/home/airflow/.local/lib/python3.12/site-packages/sqlalchemy/engine/base.py", line 3325, in connect
    return self._connection_cls(self, close_with_result=close_with_result)
           ^^^^^^^^^^^^^^^^^^^^^^^^^^^^^^^^^^^^^^^^^^^^^^^^^^^^^^^^^^^^^^^
  File "/home/airflow/.local/lib/python3.12/site-packages/sqlalchemy/engine/base.py", line 96, in __init__
    else engine.raw_connection()
         ^^^^^^^^^^^^^^^^^^^^^^^
  File "/home/airflow/.local/lib/python3.12/site-packages/sqlalchemy/engine/base.py", line 3404, in raw_connection
    return self._wrap_pool_connect(self.pool.connect, _connection)
           ^^^^^^^^^^^^^^^^^^^^^^^^^^^^^^^^^^^^^^^^^^^^^^^^^^^^^^^
  File "/home/airflow/.local/lib/python3.12/site-packages/sqlalchemy/engine/base.py", line 3374, in _wrap_pool_connect
    Connection._handle_dbapi_exception_noconnection(
  File "/home/airflow/.local/lib/python3.12/site-packages/sqlalchemy/engine/base.py", line 2208, in _handle_dbapi_exception_noconnection
    util.raise_(
  File "/home/airflow/.local/lib/python3.12/site-packages/sqlalchemy/util/compat.py", line 211, in raise_
    raise exception
  File "/home/airflow/.local/lib/python3.12/site-packages/sqlalchemy/engine/base.py", line 3371, in _wrap_pool_connect
    return fn()
           ^^^^
  File "/home/airflow/.local/lib/python3.12/site-packages/sqlalchemy/pool/base.py", line 327, in connect
    return _ConnectionFairy._checkout(self)
           ^^^^^^^^^^^^^^^^^^^^^^^^^^^^^^^^
  File "/home/airflow/.local/lib/python3.12/site-packages/sqlalchemy/pool/base.py", line 894, in _checkout
    fairy = _ConnectionRecord.checkout(pool)
            ^^^^^^^^^^^^^^^^^^^^^^^^^^^^^^^^
  File "/home/airflow/.local/lib/python3.12/site-packages/sqlalchemy/pool/base.py", line 493, in checkout
    rec = pool._do_get()
          ^^^^^^^^^^^^^^
  File "/home/airflow/.local/lib/python3.12/site-packages/sqlalchemy/pool/impl.py", line 145, in _do_get
    with util.safe_reraise():
         ^^^^^^^^^^^^^^^^^^^
  File "/home/airflow/.local/lib/python3.12/site-packages/sqlalchemy/util/langhelpers.py", line 70, in __exit__
    compat.raise_(
  File "/home/airflow/.local/lib/python3.12/site-packages/sqlalchemy/util/compat.py", line 211, in raise_
    raise exception
  File "/home/airflow/.local/lib/python3.12/site-packages/sqlalchemy/pool/impl.py", line 143, in _do_get
    return self._create_connection()
           ^^^^^^^^^^^^^^^^^^^^^^^^^
  File "/home/airflow/.local/lib/python3.12/site-packages/sqlalchemy/pool/base.py", line 273, in _create_connection
    return _ConnectionRecord(self)
           ^^^^^^^^^^^^^^^^^^^^^^^
  File "/home/airflow/.local/lib/python3.12/site-packages/sqlalchemy/pool/base.py", line 388, in __init__
    self.__connect()
  File "/home/airflow/.local/lib/python3.12/site-packages/sqlalchemy/pool/base.py", line 690, in __connect
    with util.safe_reraise():
         ^^^^^^^^^^^^^^^^^^^
  File "/home/airflow/.local/lib/python3.12/site-packages/sqlalchemy/util/langhelpers.py", line 70, in __exit__
    compat.raise_(
  File "/home/airflow/.local/lib/python3.12/site-packages/sqlalchemy/util/compat.py", line 211, in raise_
    raise exception
  File "/home/airflow/.local/lib/python3.12/site-packages/sqlalchemy/pool/base.py", line 686, in __connect
    self.dbapi_connection = connection = pool._invoke_creator(self)
                                         ^^^^^^^^^^^^^^^^^^^^^^^^^^
  File "/home/airflow/.local/lib/python3.12/site-packages/sqlalchemy/engine/create.py", line 574, in connect
    return dialect.connect(*cargs, **cparams)
           ^^^^^^^^^^^^^^^^^^^^^^^^^^^^^^^^^^
  File "/home/airflow/.local/lib/python3.12/site-packages/sqlalchemy/engine/default.py", line 598, in connect
    return self.dbapi.connect(*cargs, **cparams)
           ^^^^^^^^^^^^^^^^^^^^^^^^^^^^^^^^^^^^^
  File "/home/airflow/.local/lib/python3.12/site-packages/psycopg2/__init__.py", line 122, in connect
    conn = _connect(dsn, connection_factory=connection_factory, **kwasync)
           ^^^^^^^^^^^^^^^^^^^^^^^^^^^^^^^^^^^^^^^^^^^^^^^^^^^^^^^^^^^^^^^
sqlalchemy.exc.OperationalError: (psycopg2.OperationalError) could not translate host name "postgres" to address: Temporary failure in name resolution

(Background on this error at: https://sqlalche.me/e/14/e3q8)
[2024-10-28T15:01:31.495+0000] {processor.py:186} INFO - Started process (PID=44) to work on /opt/airflow/dags/reds.py
[2024-10-28T15:01:31.515+0000] {processor.py:914} INFO - Processing file /opt/airflow/dags/reds.py for tasks to queue
[2024-10-28T15:01:31.520+0000] {logging_mixin.py:190} INFO - [2024-10-28T15:01:31.519+0000] {dagbag.py:588} INFO - Filling up the DagBag from /opt/airflow/dags/reds.py
[2024-10-28T15:01:31.954+0000] {processor.py:925} INFO - DAG(s) 'postgres_to_redshift_etl' retrieved from /opt/airflow/dags/reds.py
[2024-10-28T15:01:32.966+0000] {logging_mixin.py:190} INFO - [2024-10-28T15:01:32.966+0000] {dag.py:3239} INFO - Sync 1 DAGs
[2024-10-28T15:01:36.953+0000] {logging_mixin.py:190} INFO - [2024-10-28T15:01:36.952+0000] {dag.py:4180} INFO - Setting next_dagrun for postgres_to_redshift_etl to 2024-10-28 00:00:00+00:00, run_after=2024-10-29 00:00:00+00:00
[2024-10-28T15:01:37.663+0000] {processor.py:208} INFO - Processing /opt/airflow/dags/reds.py took 6.318 seconds
[2024-10-28T15:03:16.263+0000] {processor.py:186} INFO - Started process (PID=38) to work on /opt/airflow/dags/reds.py
[2024-10-28T15:03:16.289+0000] {processor.py:914} INFO - Processing file /opt/airflow/dags/reds.py for tasks to queue
[2024-10-28T15:03:16.294+0000] {logging_mixin.py:190} INFO - [2024-10-28T15:03:16.293+0000] {dagbag.py:588} INFO - Filling up the DagBag from /opt/airflow/dags/reds.py
[2024-10-28T15:03:16.414+0000] {processor.py:925} INFO - DAG(s) 'postgres_to_redshift_etl' retrieved from /opt/airflow/dags/reds.py
[2024-10-28T15:03:16.546+0000] {logging_mixin.py:190} INFO - [2024-10-28T15:03:16.546+0000] {dag.py:3239} INFO - Sync 1 DAGs
[2024-10-28T15:03:16.639+0000] {logging_mixin.py:190} INFO - [2024-10-28T15:03:16.638+0000] {dag.py:4180} INFO - Setting next_dagrun for postgres_to_redshift_etl to 2024-10-28 00:00:00+00:00, run_after=2024-10-29 00:00:00+00:00
[2024-10-28T15:03:16.694+0000] {processor.py:208} INFO - Processing /opt/airflow/dags/reds.py took 0.456 seconds
[2024-10-28T15:04:04.393+0000] {processor.py:186} INFO - Started process (PID=32) to work on /opt/airflow/dags/reds.py
[2024-10-28T15:04:04.407+0000] {processor.py:914} INFO - Processing file /opt/airflow/dags/reds.py for tasks to queue
[2024-10-28T15:04:04.419+0000] {logging_mixin.py:190} INFO - [2024-10-28T15:04:04.418+0000] {dagbag.py:588} INFO - Filling up the DagBag from /opt/airflow/dags/reds.py
[2024-10-28T15:04:04.557+0000] {processor.py:925} INFO - DAG(s) 'postgres_to_redshift_etl' retrieved from /opt/airflow/dags/reds.py
[2024-10-28T15:04:04.700+0000] {logging_mixin.py:190} INFO - [2024-10-28T15:04:04.699+0000] {dag.py:3239} INFO - Sync 1 DAGs
[2024-10-28T15:04:04.857+0000] {logging_mixin.py:190} INFO - [2024-10-28T15:04:04.856+0000] {dag.py:4180} INFO - Setting next_dagrun for postgres_to_redshift_etl to 2024-10-28 00:00:00+00:00, run_after=2024-10-29 00:00:00+00:00
[2024-10-28T15:04:04.990+0000] {processor.py:208} INFO - Processing /opt/airflow/dags/reds.py took 0.628 seconds
[2024-10-28T15:04:14.091+0000] {processor.py:186} INFO - Started process (PID=37) to work on /opt/airflow/dags/reds.py
[2024-10-28T15:04:14.093+0000] {processor.py:914} INFO - Processing file /opt/airflow/dags/reds.py for tasks to queue
[2024-10-28T15:04:14.098+0000] {logging_mixin.py:190} INFO - [2024-10-28T15:04:14.098+0000] {dagbag.py:588} INFO - Filling up the DagBag from /opt/airflow/dags/reds.py
[2024-10-28T15:04:14.136+0000] {processor.py:925} INFO - DAG(s) 'postgres_to_redshift_etl' retrieved from /opt/airflow/dags/reds.py
[2024-10-28T15:04:14.192+0000] {logging_mixin.py:190} INFO - [2024-10-28T15:04:14.192+0000] {taskinstance.py:3312} ERROR - {'DAG Id': 'postgres_to_redshift_etl', 'Task Id': 'load_task', 'Run Id': 'manual__2024-10-28T14:34:49.900508+00:00', 'Hostname': '981556db94ba', 'External Executor Id': '355de92e-d5c7-49cb-9736-ffcb9431ed07'}
[2024-10-28T15:04:14.249+0000] {logging_mixin.py:190} INFO - [2024-10-28T15:04:14.248+0000] {taskinstance.py:1225} INFO - Marking task as FAILED. dag_id=postgres_to_redshift_etl, task_id=load_task, run_id=manual__2024-10-28T14:34:49.900508+00:00, execution_date=20241028T143449, start_date=20241028T143459, end_date=20241028T150414
[2024-10-28T15:04:14.309+0000] {logging_mixin.py:190} INFO - [2024-10-28T15:04:14.308+0000] {processor.py:876} INFO - Executed callback for <TaskInstance: postgres_to_redshift_etl.load_task manual__2024-10-28T14:34:49.900508+00:00 [failed]> in state failed
[2024-10-28T15:04:14.362+0000] {logging_mixin.py:190} INFO - [2024-10-28T15:04:14.361+0000] {dag.py:3239} INFO - Sync 1 DAGs
[2024-10-28T15:04:14.455+0000] {logging_mixin.py:190} INFO - [2024-10-28T15:04:14.454+0000] {dag.py:4180} INFO - Setting next_dagrun for postgres_to_redshift_etl to 2024-10-28 00:00:00+00:00, run_after=2024-10-29 00:00:00+00:00
[2024-10-28T15:04:14.497+0000] {processor.py:208} INFO - Processing /opt/airflow/dags/reds.py took 0.423 seconds
[2024-10-28T15:04:44.938+0000] {processor.py:186} INFO - Started process (PID=48) to work on /opt/airflow/dags/reds.py
[2024-10-28T15:04:44.940+0000] {processor.py:914} INFO - Processing file /opt/airflow/dags/reds.py for tasks to queue
[2024-10-28T15:04:44.946+0000] {logging_mixin.py:190} INFO - [2024-10-28T15:04:44.946+0000] {dagbag.py:588} INFO - Filling up the DagBag from /opt/airflow/dags/reds.py
[2024-10-28T15:04:45.093+0000] {processor.py:925} INFO - DAG(s) 'postgres_to_redshift_etl' retrieved from /opt/airflow/dags/reds.py
[2024-10-28T15:04:45.419+0000] {logging_mixin.py:190} INFO - [2024-10-28T15:04:45.418+0000] {dag.py:3239} INFO - Sync 1 DAGs
[2024-10-28T15:04:46.101+0000] {logging_mixin.py:190} INFO - [2024-10-28T15:04:46.068+0000] {dag.py:4180} INFO - Setting next_dagrun for postgres_to_redshift_etl to 2024-10-28 00:00:00+00:00, run_after=2024-10-29 00:00:00+00:00
[2024-10-28T15:04:46.276+0000] {processor.py:208} INFO - Processing /opt/airflow/dags/reds.py took 1.350 seconds
[2024-10-28T15:05:17.157+0000] {processor.py:186} INFO - Started process (PID=59) to work on /opt/airflow/dags/reds.py
[2024-10-28T15:05:17.159+0000] {processor.py:914} INFO - Processing file /opt/airflow/dags/reds.py for tasks to queue
[2024-10-28T15:05:17.162+0000] {logging_mixin.py:190} INFO - [2024-10-28T15:05:17.162+0000] {dagbag.py:588} INFO - Filling up the DagBag from /opt/airflow/dags/reds.py
[2024-10-28T15:05:17.196+0000] {processor.py:925} INFO - DAG(s) 'postgres_to_redshift_etl' retrieved from /opt/airflow/dags/reds.py
[2024-10-28T15:05:17.244+0000] {logging_mixin.py:190} INFO - [2024-10-28T15:05:17.244+0000] {dag.py:3239} INFO - Sync 1 DAGs
[2024-10-28T15:05:17.292+0000] {logging_mixin.py:190} INFO - [2024-10-28T15:05:17.292+0000] {dag.py:4180} INFO - Setting next_dagrun for postgres_to_redshift_etl to 2024-10-28 00:00:00+00:00, run_after=2024-10-29 00:00:00+00:00
[2024-10-28T15:05:17.550+0000] {processor.py:208} INFO - Processing /opt/airflow/dags/reds.py took 0.404 seconds
[2024-10-28T15:05:48.155+0000] {processor.py:186} INFO - Started process (PID=70) to work on /opt/airflow/dags/reds.py
[2024-10-28T15:05:48.157+0000] {processor.py:914} INFO - Processing file /opt/airflow/dags/reds.py for tasks to queue
[2024-10-28T15:05:48.161+0000] {logging_mixin.py:190} INFO - [2024-10-28T15:05:48.161+0000] {dagbag.py:588} INFO - Filling up the DagBag from /opt/airflow/dags/reds.py
[2024-10-28T15:05:48.197+0000] {processor.py:925} INFO - DAG(s) 'postgres_to_redshift_etl' retrieved from /opt/airflow/dags/reds.py
[2024-10-28T15:05:48.244+0000] {logging_mixin.py:190} INFO - [2024-10-28T15:05:48.244+0000] {dag.py:3239} INFO - Sync 1 DAGs
[2024-10-28T15:05:48.291+0000] {logging_mixin.py:190} INFO - [2024-10-28T15:05:48.290+0000] {dag.py:4180} INFO - Setting next_dagrun for postgres_to_redshift_etl to 2024-10-28 00:00:00+00:00, run_after=2024-10-29 00:00:00+00:00
[2024-10-28T15:05:48.329+0000] {processor.py:208} INFO - Processing /opt/airflow/dags/reds.py took 0.188 seconds
[2024-10-28T15:06:18.802+0000] {processor.py:186} INFO - Started process (PID=78) to work on /opt/airflow/dags/reds.py
[2024-10-28T15:06:18.805+0000] {processor.py:914} INFO - Processing file /opt/airflow/dags/reds.py for tasks to queue
[2024-10-28T15:06:18.810+0000] {logging_mixin.py:190} INFO - [2024-10-28T15:06:18.810+0000] {dagbag.py:588} INFO - Filling up the DagBag from /opt/airflow/dags/reds.py
[2024-10-28T15:06:18.864+0000] {processor.py:925} INFO - DAG(s) 'postgres_to_redshift_etl' retrieved from /opt/airflow/dags/reds.py
[2024-10-28T15:06:18.929+0000] {logging_mixin.py:190} INFO - [2024-10-28T15:06:18.928+0000] {dag.py:3239} INFO - Sync 1 DAGs
[2024-10-28T15:06:18.993+0000] {logging_mixin.py:190} INFO - [2024-10-28T15:06:18.993+0000] {dag.py:4180} INFO - Setting next_dagrun for postgres_to_redshift_etl to 2024-10-28 00:00:00+00:00, run_after=2024-10-29 00:00:00+00:00
[2024-10-28T15:06:19.594+0000] {processor.py:208} INFO - Processing /opt/airflow/dags/reds.py took 0.815 seconds
[2024-10-28T15:06:49.967+0000] {processor.py:186} INFO - Started process (PID=89) to work on /opt/airflow/dags/reds.py
[2024-10-28T15:06:49.969+0000] {processor.py:914} INFO - Processing file /opt/airflow/dags/reds.py for tasks to queue
[2024-10-28T15:06:49.981+0000] {logging_mixin.py:190} INFO - [2024-10-28T15:06:49.981+0000] {dagbag.py:588} INFO - Filling up the DagBag from /opt/airflow/dags/reds.py
[2024-10-28T15:06:50.022+0000] {processor.py:925} INFO - DAG(s) 'postgres_to_redshift_etl' retrieved from /opt/airflow/dags/reds.py
[2024-10-28T15:06:50.068+0000] {logging_mixin.py:190} INFO - [2024-10-28T15:06:50.067+0000] {dag.py:3239} INFO - Sync 1 DAGs
[2024-10-28T15:06:50.295+0000] {logging_mixin.py:190} INFO - [2024-10-28T15:06:50.295+0000] {dag.py:4180} INFO - Setting next_dagrun for postgres_to_redshift_etl to 2024-10-28 00:00:00+00:00, run_after=2024-10-29 00:00:00+00:00
[2024-10-28T15:06:50.341+0000] {processor.py:208} INFO - Processing /opt/airflow/dags/reds.py took 0.395 seconds
[2024-10-28T15:07:21.116+0000] {processor.py:186} INFO - Started process (PID=100) to work on /opt/airflow/dags/reds.py
[2024-10-28T15:07:21.118+0000] {processor.py:914} INFO - Processing file /opt/airflow/dags/reds.py for tasks to queue
[2024-10-28T15:07:21.124+0000] {logging_mixin.py:190} INFO - [2024-10-28T15:07:21.124+0000] {dagbag.py:588} INFO - Filling up the DagBag from /opt/airflow/dags/reds.py
[2024-10-28T15:07:21.197+0000] {processor.py:925} INFO - DAG(s) 'postgres_to_redshift_etl' retrieved from /opt/airflow/dags/reds.py
[2024-10-28T15:07:21.950+0000] {logging_mixin.py:190} INFO - [2024-10-28T15:07:21.950+0000] {dag.py:3239} INFO - Sync 1 DAGs
[2024-10-28T15:07:21.986+0000] {logging_mixin.py:190} INFO - [2024-10-28T15:07:21.986+0000] {dag.py:4180} INFO - Setting next_dagrun for postgres_to_redshift_etl to 2024-10-28 00:00:00+00:00, run_after=2024-10-29 00:00:00+00:00
[2024-10-28T15:07:22.061+0000] {processor.py:208} INFO - Processing /opt/airflow/dags/reds.py took 0.958 seconds
[2024-10-28T15:07:52.165+0000] {processor.py:186} INFO - Started process (PID=110) to work on /opt/airflow/dags/reds.py
[2024-10-28T15:07:52.167+0000] {processor.py:914} INFO - Processing file /opt/airflow/dags/reds.py for tasks to queue
[2024-10-28T15:07:52.429+0000] {logging_mixin.py:190} INFO - [2024-10-28T15:07:52.428+0000] {dagbag.py:588} INFO - Filling up the DagBag from /opt/airflow/dags/reds.py
[2024-10-28T15:07:52.455+0000] {processor.py:925} INFO - DAG(s) 'postgres_to_redshift_etl' retrieved from /opt/airflow/dags/reds.py
[2024-10-28T15:07:52.490+0000] {logging_mixin.py:190} INFO - [2024-10-28T15:07:52.489+0000] {dag.py:3239} INFO - Sync 1 DAGs
[2024-10-28T15:07:52.557+0000] {logging_mixin.py:190} INFO - [2024-10-28T15:07:52.557+0000] {dag.py:4180} INFO - Setting next_dagrun for postgres_to_redshift_etl to 2024-10-28 00:00:00+00:00, run_after=2024-10-29 00:00:00+00:00
[2024-10-28T15:07:52.630+0000] {processor.py:208} INFO - Processing /opt/airflow/dags/reds.py took 0.477 seconds
[2024-10-28T15:08:23.211+0000] {processor.py:186} INFO - Started process (PID=121) to work on /opt/airflow/dags/reds.py
[2024-10-28T15:08:23.213+0000] {processor.py:914} INFO - Processing file /opt/airflow/dags/reds.py for tasks to queue
[2024-10-28T15:08:23.217+0000] {logging_mixin.py:190} INFO - [2024-10-28T15:08:23.217+0000] {dagbag.py:588} INFO - Filling up the DagBag from /opt/airflow/dags/reds.py
[2024-10-28T15:08:23.253+0000] {processor.py:925} INFO - DAG(s) 'postgres_to_redshift_etl' retrieved from /opt/airflow/dags/reds.py
[2024-10-28T15:08:23.293+0000] {logging_mixin.py:190} INFO - [2024-10-28T15:08:23.293+0000] {dag.py:3239} INFO - Sync 1 DAGs
[2024-10-28T15:08:23.335+0000] {logging_mixin.py:190} INFO - [2024-10-28T15:08:23.334+0000] {dag.py:4180} INFO - Setting next_dagrun for postgres_to_redshift_etl to 2024-10-28 00:00:00+00:00, run_after=2024-10-29 00:00:00+00:00
[2024-10-28T15:08:23.414+0000] {processor.py:208} INFO - Processing /opt/airflow/dags/reds.py took 0.213 seconds
[2024-10-28T15:08:54.162+0000] {processor.py:186} INFO - Started process (PID=132) to work on /opt/airflow/dags/reds.py
[2024-10-28T15:08:54.164+0000] {processor.py:914} INFO - Processing file /opt/airflow/dags/reds.py for tasks to queue
[2024-10-28T15:08:54.167+0000] {logging_mixin.py:190} INFO - [2024-10-28T15:08:54.167+0000] {dagbag.py:588} INFO - Filling up the DagBag from /opt/airflow/dags/reds.py
[2024-10-28T15:08:54.196+0000] {processor.py:925} INFO - DAG(s) 'postgres_to_redshift_etl' retrieved from /opt/airflow/dags/reds.py
[2024-10-28T15:08:54.233+0000] {logging_mixin.py:190} INFO - [2024-10-28T15:08:54.232+0000] {dag.py:3239} INFO - Sync 1 DAGs
[2024-10-28T15:08:54.269+0000] {logging_mixin.py:190} INFO - [2024-10-28T15:08:54.269+0000] {dag.py:4180} INFO - Setting next_dagrun for postgres_to_redshift_etl to 2024-10-28 00:00:00+00:00, run_after=2024-10-29 00:00:00+00:00
[2024-10-28T15:08:54.323+0000] {processor.py:208} INFO - Processing /opt/airflow/dags/reds.py took 0.170 seconds
[2024-10-28T15:09:24.550+0000] {processor.py:186} INFO - Started process (PID=144) to work on /opt/airflow/dags/reds.py
[2024-10-28T15:09:24.552+0000] {processor.py:914} INFO - Processing file /opt/airflow/dags/reds.py for tasks to queue
[2024-10-28T15:09:24.557+0000] {logging_mixin.py:190} INFO - [2024-10-28T15:09:24.556+0000] {dagbag.py:588} INFO - Filling up the DagBag from /opt/airflow/dags/reds.py
[2024-10-28T15:09:24.644+0000] {processor.py:925} INFO - DAG(s) 'postgres_to_redshift_etl' retrieved from /opt/airflow/dags/reds.py
[2024-10-28T15:09:24.687+0000] {logging_mixin.py:190} INFO - [2024-10-28T15:09:24.687+0000] {dag.py:3239} INFO - Sync 1 DAGs
[2024-10-28T15:09:24.723+0000] {logging_mixin.py:190} INFO - [2024-10-28T15:09:24.723+0000] {dag.py:4180} INFO - Setting next_dagrun for postgres_to_redshift_etl to 2024-10-28 00:00:00+00:00, run_after=2024-10-29 00:00:00+00:00
[2024-10-28T15:09:24.917+0000] {processor.py:208} INFO - Processing /opt/airflow/dags/reds.py took 0.381 seconds
[2024-10-28T15:09:55.411+0000] {processor.py:186} INFO - Started process (PID=161) to work on /opt/airflow/dags/reds.py
[2024-10-28T15:09:55.460+0000] {processor.py:914} INFO - Processing file /opt/airflow/dags/reds.py for tasks to queue
[2024-10-28T15:09:55.472+0000] {logging_mixin.py:190} INFO - [2024-10-28T15:09:55.470+0000] {dagbag.py:588} INFO - Filling up the DagBag from /opt/airflow/dags/reds.py
[2024-10-28T15:09:55.534+0000] {processor.py:925} INFO - DAG(s) 'postgres_to_redshift_etl' retrieved from /opt/airflow/dags/reds.py
[2024-10-28T15:09:55.576+0000] {logging_mixin.py:190} INFO - [2024-10-28T15:09:55.575+0000] {dag.py:3239} INFO - Sync 1 DAGs
[2024-10-28T15:09:55.621+0000] {logging_mixin.py:190} INFO - [2024-10-28T15:09:55.621+0000] {dag.py:4180} INFO - Setting next_dagrun for postgres_to_redshift_etl to 2024-10-28 00:00:00+00:00, run_after=2024-10-29 00:00:00+00:00
[2024-10-28T15:09:55.701+0000] {processor.py:208} INFO - Processing /opt/airflow/dags/reds.py took 0.299 seconds
[2024-10-28T15:10:26.097+0000] {processor.py:186} INFO - Started process (PID=172) to work on /opt/airflow/dags/reds.py
[2024-10-28T15:10:26.099+0000] {processor.py:914} INFO - Processing file /opt/airflow/dags/reds.py for tasks to queue
[2024-10-28T15:10:26.105+0000] {logging_mixin.py:190} INFO - [2024-10-28T15:10:26.104+0000] {dagbag.py:588} INFO - Filling up the DagBag from /opt/airflow/dags/reds.py
[2024-10-28T15:10:26.143+0000] {processor.py:925} INFO - DAG(s) 'postgres_to_redshift_etl' retrieved from /opt/airflow/dags/reds.py
[2024-10-28T15:10:26.201+0000] {logging_mixin.py:190} INFO - [2024-10-28T15:10:26.201+0000] {dag.py:3239} INFO - Sync 1 DAGs
[2024-10-28T15:10:26.243+0000] {logging_mixin.py:190} INFO - [2024-10-28T15:10:26.243+0000] {dag.py:4180} INFO - Setting next_dagrun for postgres_to_redshift_etl to 2024-10-28 00:00:00+00:00, run_after=2024-10-29 00:00:00+00:00
[2024-10-28T15:10:26.309+0000] {processor.py:208} INFO - Processing /opt/airflow/dags/reds.py took 0.233 seconds
[2024-10-28T15:10:56.937+0000] {processor.py:186} INFO - Started process (PID=183) to work on /opt/airflow/dags/reds.py
[2024-10-28T15:10:56.938+0000] {processor.py:914} INFO - Processing file /opt/airflow/dags/reds.py for tasks to queue
[2024-10-28T15:10:56.943+0000] {logging_mixin.py:190} INFO - [2024-10-28T15:10:56.942+0000] {dagbag.py:588} INFO - Filling up the DagBag from /opt/airflow/dags/reds.py
[2024-10-28T15:10:56.997+0000] {processor.py:925} INFO - DAG(s) 'postgres_to_redshift_etl' retrieved from /opt/airflow/dags/reds.py
[2024-10-28T15:10:57.099+0000] {logging_mixin.py:190} INFO - [2024-10-28T15:10:57.099+0000] {dag.py:3239} INFO - Sync 1 DAGs
[2024-10-28T15:10:57.139+0000] {logging_mixin.py:190} INFO - [2024-10-28T15:10:57.138+0000] {dag.py:4180} INFO - Setting next_dagrun for postgres_to_redshift_etl to 2024-10-28 00:00:00+00:00, run_after=2024-10-29 00:00:00+00:00
[2024-10-28T15:10:57.214+0000] {processor.py:208} INFO - Processing /opt/airflow/dags/reds.py took 0.285 seconds
[2024-10-28T15:11:27.561+0000] {processor.py:186} INFO - Started process (PID=193) to work on /opt/airflow/dags/reds.py
[2024-10-28T15:11:27.564+0000] {processor.py:914} INFO - Processing file /opt/airflow/dags/reds.py for tasks to queue
[2024-10-28T15:11:27.569+0000] {logging_mixin.py:190} INFO - [2024-10-28T15:11:27.568+0000] {dagbag.py:588} INFO - Filling up the DagBag from /opt/airflow/dags/reds.py
[2024-10-28T15:11:27.640+0000] {processor.py:925} INFO - DAG(s) 'postgres_to_redshift_etl' retrieved from /opt/airflow/dags/reds.py
[2024-10-28T15:11:27.725+0000] {logging_mixin.py:190} INFO - [2024-10-28T15:11:27.725+0000] {dag.py:3239} INFO - Sync 1 DAGs
[2024-10-28T15:11:27.822+0000] {logging_mixin.py:190} INFO - [2024-10-28T15:11:27.821+0000] {dag.py:4180} INFO - Setting next_dagrun for postgres_to_redshift_etl to 2024-10-28 00:00:00+00:00, run_after=2024-10-29 00:00:00+00:00
[2024-10-28T15:11:27.863+0000] {processor.py:208} INFO - Processing /opt/airflow/dags/reds.py took 0.343 seconds
[2024-10-28T15:11:58.024+0000] {processor.py:186} INFO - Started process (PID=204) to work on /opt/airflow/dags/reds.py
[2024-10-28T15:11:58.036+0000] {processor.py:914} INFO - Processing file /opt/airflow/dags/reds.py for tasks to queue
[2024-10-28T15:11:58.039+0000] {logging_mixin.py:190} INFO - [2024-10-28T15:11:58.039+0000] {dagbag.py:588} INFO - Filling up the DagBag from /opt/airflow/dags/reds.py
[2024-10-28T15:11:58.082+0000] {processor.py:925} INFO - DAG(s) 'postgres_to_redshift_etl' retrieved from /opt/airflow/dags/reds.py
[2024-10-28T15:11:58.123+0000] {logging_mixin.py:190} INFO - [2024-10-28T15:11:58.123+0000] {dag.py:3239} INFO - Sync 1 DAGs
[2024-10-28T15:11:58.183+0000] {logging_mixin.py:190} INFO - [2024-10-28T15:11:58.182+0000] {dag.py:4180} INFO - Setting next_dagrun for postgres_to_redshift_etl to 2024-10-28 00:00:00+00:00, run_after=2024-10-29 00:00:00+00:00
[2024-10-28T15:11:58.231+0000] {processor.py:208} INFO - Processing /opt/airflow/dags/reds.py took 0.215 seconds
[2024-10-28T15:12:28.498+0000] {processor.py:186} INFO - Started process (PID=216) to work on /opt/airflow/dags/reds.py
[2024-10-28T15:12:28.519+0000] {processor.py:914} INFO - Processing file /opt/airflow/dags/reds.py for tasks to queue
[2024-10-28T15:12:28.524+0000] {logging_mixin.py:190} INFO - [2024-10-28T15:12:28.523+0000] {dagbag.py:588} INFO - Filling up the DagBag from /opt/airflow/dags/reds.py
[2024-10-28T15:12:28.603+0000] {processor.py:925} INFO - DAG(s) 'postgres_to_redshift_etl' retrieved from /opt/airflow/dags/reds.py
[2024-10-28T15:12:28.688+0000] {logging_mixin.py:190} INFO - [2024-10-28T15:12:28.688+0000] {dag.py:3239} INFO - Sync 1 DAGs
[2024-10-28T15:12:28.787+0000] {logging_mixin.py:190} INFO - [2024-10-28T15:12:28.787+0000] {dag.py:4180} INFO - Setting next_dagrun for postgres_to_redshift_etl to 2024-10-28 00:00:00+00:00, run_after=2024-10-29 00:00:00+00:00
[2024-10-28T15:12:28.933+0000] {processor.py:208} INFO - Processing /opt/airflow/dags/reds.py took 0.449 seconds
[2024-10-28T15:12:59.729+0000] {processor.py:186} INFO - Started process (PID=228) to work on /opt/airflow/dags/reds.py
[2024-10-28T15:12:59.730+0000] {processor.py:914} INFO - Processing file /opt/airflow/dags/reds.py for tasks to queue
[2024-10-28T15:12:59.734+0000] {logging_mixin.py:190} INFO - [2024-10-28T15:12:59.733+0000] {dagbag.py:588} INFO - Filling up the DagBag from /opt/airflow/dags/reds.py
[2024-10-28T15:12:59.769+0000] {processor.py:925} INFO - DAG(s) 'postgres_to_redshift_etl' retrieved from /opt/airflow/dags/reds.py
[2024-10-28T15:12:59.805+0000] {logging_mixin.py:190} INFO - [2024-10-28T15:12:59.805+0000] {dag.py:3239} INFO - Sync 1 DAGs
[2024-10-28T15:12:59.848+0000] {logging_mixin.py:190} INFO - [2024-10-28T15:12:59.847+0000] {dag.py:4180} INFO - Setting next_dagrun for postgres_to_redshift_etl to 2024-10-28 00:00:00+00:00, run_after=2024-10-29 00:00:00+00:00
[2024-10-28T15:12:59.887+0000] {processor.py:208} INFO - Processing /opt/airflow/dags/reds.py took 0.166 seconds
[2024-10-28T15:13:30.188+0000] {processor.py:186} INFO - Started process (PID=239) to work on /opt/airflow/dags/reds.py
[2024-10-28T15:13:30.191+0000] {processor.py:914} INFO - Processing file /opt/airflow/dags/reds.py for tasks to queue
[2024-10-28T15:13:30.198+0000] {logging_mixin.py:190} INFO - [2024-10-28T15:13:30.197+0000] {dagbag.py:588} INFO - Filling up the DagBag from /opt/airflow/dags/reds.py
[2024-10-28T15:13:30.242+0000] {processor.py:925} INFO - DAG(s) 'postgres_to_redshift_etl' retrieved from /opt/airflow/dags/reds.py
[2024-10-28T15:13:30.314+0000] {logging_mixin.py:190} INFO - [2024-10-28T15:13:30.313+0000] {dag.py:3239} INFO - Sync 1 DAGs
[2024-10-28T15:13:30.438+0000] {logging_mixin.py:190} INFO - [2024-10-28T15:13:30.438+0000] {dag.py:4180} INFO - Setting next_dagrun for postgres_to_redshift_etl to 2024-10-28 00:00:00+00:00, run_after=2024-10-29 00:00:00+00:00
[2024-10-28T15:13:30.513+0000] {processor.py:208} INFO - Processing /opt/airflow/dags/reds.py took 0.342 seconds
[2024-10-28T15:14:00.894+0000] {processor.py:186} INFO - Started process (PID=250) to work on /opt/airflow/dags/reds.py
[2024-10-28T15:14:00.912+0000] {processor.py:914} INFO - Processing file /opt/airflow/dags/reds.py for tasks to queue
[2024-10-28T15:14:00.917+0000] {logging_mixin.py:190} INFO - [2024-10-28T15:14:00.916+0000] {dagbag.py:588} INFO - Filling up the DagBag from /opt/airflow/dags/reds.py
[2024-10-28T15:14:00.973+0000] {processor.py:925} INFO - DAG(s) 'postgres_to_redshift_etl' retrieved from /opt/airflow/dags/reds.py
[2024-10-28T15:14:01.030+0000] {logging_mixin.py:190} INFO - [2024-10-28T15:14:01.030+0000] {dag.py:3239} INFO - Sync 1 DAGs
[2024-10-28T15:14:01.077+0000] {logging_mixin.py:190} INFO - [2024-10-28T15:14:01.076+0000] {dag.py:4180} INFO - Setting next_dagrun for postgres_to_redshift_etl to 2024-10-28 00:00:00+00:00, run_after=2024-10-29 00:00:00+00:00
[2024-10-28T15:14:01.108+0000] {processor.py:208} INFO - Processing /opt/airflow/dags/reds.py took 0.226 seconds
[2024-10-28T15:14:31.975+0000] {processor.py:186} INFO - Started process (PID=260) to work on /opt/airflow/dags/reds.py
[2024-10-28T15:14:31.976+0000] {processor.py:914} INFO - Processing file /opt/airflow/dags/reds.py for tasks to queue
[2024-10-28T15:14:31.981+0000] {logging_mixin.py:190} INFO - [2024-10-28T15:14:31.981+0000] {dagbag.py:588} INFO - Filling up the DagBag from /opt/airflow/dags/reds.py
[2024-10-28T15:14:32.011+0000] {processor.py:925} INFO - DAG(s) 'postgres_to_redshift_etl' retrieved from /opt/airflow/dags/reds.py
[2024-10-28T15:14:32.048+0000] {logging_mixin.py:190} INFO - [2024-10-28T15:14:32.048+0000] {dag.py:3239} INFO - Sync 1 DAGs
[2024-10-28T15:14:32.099+0000] {logging_mixin.py:190} INFO - [2024-10-28T15:14:32.099+0000] {dag.py:4180} INFO - Setting next_dagrun for postgres_to_redshift_etl to 2024-10-28 00:00:00+00:00, run_after=2024-10-29 00:00:00+00:00
[2024-10-28T15:14:32.145+0000] {processor.py:208} INFO - Processing /opt/airflow/dags/reds.py took 0.180 seconds
[2024-10-28T15:15:02.702+0000] {processor.py:186} INFO - Started process (PID=271) to work on /opt/airflow/dags/reds.py
[2024-10-28T15:15:02.703+0000] {processor.py:914} INFO - Processing file /opt/airflow/dags/reds.py for tasks to queue
[2024-10-28T15:15:02.707+0000] {logging_mixin.py:190} INFO - [2024-10-28T15:15:02.706+0000] {dagbag.py:588} INFO - Filling up the DagBag from /opt/airflow/dags/reds.py
[2024-10-28T15:15:02.741+0000] {processor.py:925} INFO - DAG(s) 'postgres_to_redshift_etl' retrieved from /opt/airflow/dags/reds.py
[2024-10-28T15:15:02.779+0000] {logging_mixin.py:190} INFO - [2024-10-28T15:15:02.778+0000] {dag.py:3239} INFO - Sync 1 DAGs
[2024-10-28T15:15:02.815+0000] {logging_mixin.py:190} INFO - [2024-10-28T15:15:02.815+0000] {dag.py:4180} INFO - Setting next_dagrun for postgres_to_redshift_etl to 2024-10-28 00:00:00+00:00, run_after=2024-10-29 00:00:00+00:00
[2024-10-28T15:15:02.846+0000] {processor.py:208} INFO - Processing /opt/airflow/dags/reds.py took 0.153 seconds
[2024-10-28T15:15:32.959+0000] {processor.py:186} INFO - Started process (PID=282) to work on /opt/airflow/dags/reds.py
[2024-10-28T15:15:32.962+0000] {processor.py:914} INFO - Processing file /opt/airflow/dags/reds.py for tasks to queue
[2024-10-28T15:15:32.966+0000] {logging_mixin.py:190} INFO - [2024-10-28T15:15:32.965+0000] {dagbag.py:588} INFO - Filling up the DagBag from /opt/airflow/dags/reds.py
[2024-10-28T15:15:33.006+0000] {processor.py:925} INFO - DAG(s) 'postgres_to_redshift_etl' retrieved from /opt/airflow/dags/reds.py
[2024-10-28T15:15:33.056+0000] {logging_mixin.py:190} INFO - [2024-10-28T15:15:33.056+0000] {dag.py:3239} INFO - Sync 1 DAGs
[2024-10-28T15:15:33.104+0000] {logging_mixin.py:190} INFO - [2024-10-28T15:15:33.103+0000] {dag.py:4180} INFO - Setting next_dagrun for postgres_to_redshift_etl to 2024-10-28 00:00:00+00:00, run_after=2024-10-29 00:00:00+00:00
[2024-10-28T15:15:33.144+0000] {processor.py:208} INFO - Processing /opt/airflow/dags/reds.py took 0.196 seconds
[2024-10-28T15:16:03.219+0000] {processor.py:186} INFO - Started process (PID=293) to work on /opt/airflow/dags/reds.py
[2024-10-28T15:16:03.221+0000] {processor.py:914} INFO - Processing file /opt/airflow/dags/reds.py for tasks to queue
[2024-10-28T15:16:03.225+0000] {logging_mixin.py:190} INFO - [2024-10-28T15:16:03.225+0000] {dagbag.py:588} INFO - Filling up the DagBag from /opt/airflow/dags/reds.py
[2024-10-28T15:16:03.258+0000] {processor.py:925} INFO - DAG(s) 'postgres_to_redshift_etl' retrieved from /opt/airflow/dags/reds.py
[2024-10-28T15:16:03.300+0000] {logging_mixin.py:190} INFO - [2024-10-28T15:16:03.299+0000] {dag.py:3239} INFO - Sync 1 DAGs
[2024-10-28T15:16:03.345+0000] {logging_mixin.py:190} INFO - [2024-10-28T15:16:03.345+0000] {dag.py:4180} INFO - Setting next_dagrun for postgres_to_redshift_etl to 2024-10-28 00:00:00+00:00, run_after=2024-10-29 00:00:00+00:00
[2024-10-28T15:16:03.402+0000] {processor.py:208} INFO - Processing /opt/airflow/dags/reds.py took 0.191 seconds
[2024-10-28T15:16:33.801+0000] {processor.py:186} INFO - Started process (PID=304) to work on /opt/airflow/dags/reds.py
[2024-10-28T15:16:33.803+0000] {processor.py:914} INFO - Processing file /opt/airflow/dags/reds.py for tasks to queue
[2024-10-28T15:16:33.806+0000] {logging_mixin.py:190} INFO - [2024-10-28T15:16:33.805+0000] {dagbag.py:588} INFO - Filling up the DagBag from /opt/airflow/dags/reds.py
[2024-10-28T15:16:33.839+0000] {processor.py:925} INFO - DAG(s) 'postgres_to_redshift_etl' retrieved from /opt/airflow/dags/reds.py
[2024-10-28T15:16:33.875+0000] {logging_mixin.py:190} INFO - [2024-10-28T15:16:33.874+0000] {dag.py:3239} INFO - Sync 1 DAGs
[2024-10-28T15:16:33.920+0000] {logging_mixin.py:190} INFO - [2024-10-28T15:16:33.920+0000] {dag.py:4180} INFO - Setting next_dagrun for postgres_to_redshift_etl to 2024-10-28 00:00:00+00:00, run_after=2024-10-29 00:00:00+00:00
[2024-10-28T15:16:33.955+0000] {processor.py:208} INFO - Processing /opt/airflow/dags/reds.py took 0.163 seconds
[2024-10-28T15:17:04.789+0000] {processor.py:186} INFO - Started process (PID=315) to work on /opt/airflow/dags/reds.py
[2024-10-28T15:17:04.791+0000] {processor.py:914} INFO - Processing file /opt/airflow/dags/reds.py for tasks to queue
[2024-10-28T15:17:04.796+0000] {logging_mixin.py:190} INFO - [2024-10-28T15:17:04.795+0000] {dagbag.py:588} INFO - Filling up the DagBag from /opt/airflow/dags/reds.py
[2024-10-28T15:17:04.832+0000] {processor.py:925} INFO - DAG(s) 'postgres_to_redshift_etl' retrieved from /opt/airflow/dags/reds.py
[2024-10-28T15:17:04.896+0000] {logging_mixin.py:190} INFO - [2024-10-28T15:17:04.896+0000] {dag.py:3239} INFO - Sync 1 DAGs
[2024-10-28T15:17:04.994+0000] {logging_mixin.py:190} INFO - [2024-10-28T15:17:04.993+0000] {dag.py:4180} INFO - Setting next_dagrun for postgres_to_redshift_etl to 2024-10-28 00:00:00+00:00, run_after=2024-10-29 00:00:00+00:00
[2024-10-28T15:17:05.040+0000] {processor.py:208} INFO - Processing /opt/airflow/dags/reds.py took 0.263 seconds
[2024-10-28T15:17:35.218+0000] {processor.py:186} INFO - Started process (PID=326) to work on /opt/airflow/dags/reds.py
[2024-10-28T15:17:35.219+0000] {processor.py:914} INFO - Processing file /opt/airflow/dags/reds.py for tasks to queue
[2024-10-28T15:17:35.223+0000] {logging_mixin.py:190} INFO - [2024-10-28T15:17:35.222+0000] {dagbag.py:588} INFO - Filling up the DagBag from /opt/airflow/dags/reds.py
[2024-10-28T15:17:35.261+0000] {processor.py:925} INFO - DAG(s) 'postgres_to_redshift_etl' retrieved from /opt/airflow/dags/reds.py
[2024-10-28T15:17:35.299+0000] {logging_mixin.py:190} INFO - [2024-10-28T15:17:35.299+0000] {dag.py:3239} INFO - Sync 1 DAGs
[2024-10-28T15:17:35.336+0000] {logging_mixin.py:190} INFO - [2024-10-28T15:17:35.336+0000] {dag.py:4180} INFO - Setting next_dagrun for postgres_to_redshift_etl to 2024-10-28 00:00:00+00:00, run_after=2024-10-29 00:00:00+00:00
[2024-10-28T15:17:35.450+0000] {processor.py:208} INFO - Processing /opt/airflow/dags/reds.py took 0.243 seconds
[2024-10-28T15:18:05.705+0000] {processor.py:186} INFO - Started process (PID=337) to work on /opt/airflow/dags/reds.py
[2024-10-28T15:18:05.706+0000] {processor.py:914} INFO - Processing file /opt/airflow/dags/reds.py for tasks to queue
[2024-10-28T15:18:05.713+0000] {logging_mixin.py:190} INFO - [2024-10-28T15:18:05.712+0000] {dagbag.py:588} INFO - Filling up the DagBag from /opt/airflow/dags/reds.py
[2024-10-28T15:18:05.746+0000] {processor.py:925} INFO - DAG(s) 'postgres_to_redshift_etl' retrieved from /opt/airflow/dags/reds.py
[2024-10-28T15:18:05.782+0000] {logging_mixin.py:190} INFO - [2024-10-28T15:18:05.781+0000] {dag.py:3239} INFO - Sync 1 DAGs
[2024-10-28T15:18:05.826+0000] {logging_mixin.py:190} INFO - [2024-10-28T15:18:05.826+0000] {dag.py:4180} INFO - Setting next_dagrun for postgres_to_redshift_etl to 2024-10-28 00:00:00+00:00, run_after=2024-10-29 00:00:00+00:00
[2024-10-28T15:18:05.861+0000] {processor.py:208} INFO - Processing /opt/airflow/dags/reds.py took 0.168 seconds
[2024-10-28T15:18:36.527+0000] {processor.py:186} INFO - Started process (PID=346) to work on /opt/airflow/dags/reds.py
[2024-10-28T15:18:36.529+0000] {processor.py:914} INFO - Processing file /opt/airflow/dags/reds.py for tasks to queue
[2024-10-28T15:18:36.534+0000] {logging_mixin.py:190} INFO - [2024-10-28T15:18:36.533+0000] {dagbag.py:588} INFO - Filling up the DagBag from /opt/airflow/dags/reds.py
[2024-10-28T15:18:36.581+0000] {processor.py:925} INFO - DAG(s) 'postgres_to_redshift_etl' retrieved from /opt/airflow/dags/reds.py
[2024-10-28T15:18:36.635+0000] {logging_mixin.py:190} INFO - [2024-10-28T15:18:36.634+0000] {dag.py:3239} INFO - Sync 1 DAGs
[2024-10-28T15:18:36.699+0000] {logging_mixin.py:190} INFO - [2024-10-28T15:18:36.698+0000] {dag.py:4180} INFO - Setting next_dagrun for postgres_to_redshift_etl to 2024-10-28 00:00:00+00:00, run_after=2024-10-29 00:00:00+00:00
[2024-10-28T15:18:36.747+0000] {processor.py:208} INFO - Processing /opt/airflow/dags/reds.py took 0.232 seconds
[2024-10-28T15:19:07.024+0000] {processor.py:186} INFO - Started process (PID=357) to work on /opt/airflow/dags/reds.py
[2024-10-28T15:19:07.025+0000] {processor.py:914} INFO - Processing file /opt/airflow/dags/reds.py for tasks to queue
[2024-10-28T15:19:07.029+0000] {logging_mixin.py:190} INFO - [2024-10-28T15:19:07.028+0000] {dagbag.py:588} INFO - Filling up the DagBag from /opt/airflow/dags/reds.py
[2024-10-28T15:19:07.061+0000] {processor.py:925} INFO - DAG(s) 'postgres_to_redshift_etl' retrieved from /opt/airflow/dags/reds.py
[2024-10-28T15:19:07.095+0000] {logging_mixin.py:190} INFO - [2024-10-28T15:19:07.095+0000] {dag.py:3239} INFO - Sync 1 DAGs
[2024-10-28T15:19:07.129+0000] {logging_mixin.py:190} INFO - [2024-10-28T15:19:07.129+0000] {dag.py:4180} INFO - Setting next_dagrun for postgres_to_redshift_etl to 2024-10-28 00:00:00+00:00, run_after=2024-10-29 00:00:00+00:00
[2024-10-28T15:19:07.169+0000] {processor.py:208} INFO - Processing /opt/airflow/dags/reds.py took 0.154 seconds
[2024-10-28T15:19:37.902+0000] {processor.py:186} INFO - Started process (PID=368) to work on /opt/airflow/dags/reds.py
[2024-10-28T15:19:37.904+0000] {processor.py:914} INFO - Processing file /opt/airflow/dags/reds.py for tasks to queue
[2024-10-28T15:19:37.908+0000] {logging_mixin.py:190} INFO - [2024-10-28T15:19:37.907+0000] {dagbag.py:588} INFO - Filling up the DagBag from /opt/airflow/dags/reds.py
[2024-10-28T15:19:37.938+0000] {processor.py:925} INFO - DAG(s) 'postgres_to_redshift_etl' retrieved from /opt/airflow/dags/reds.py
[2024-10-28T15:19:37.974+0000] {logging_mixin.py:190} INFO - [2024-10-28T15:19:37.973+0000] {dag.py:3239} INFO - Sync 1 DAGs
[2024-10-28T15:19:38.013+0000] {logging_mixin.py:190} INFO - [2024-10-28T15:19:38.012+0000] {dag.py:4180} INFO - Setting next_dagrun for postgres_to_redshift_etl to 2024-10-28 00:00:00+00:00, run_after=2024-10-29 00:00:00+00:00
[2024-10-28T15:19:38.044+0000] {processor.py:208} INFO - Processing /opt/airflow/dags/reds.py took 0.160 seconds
[2024-10-28T15:20:08.113+0000] {processor.py:186} INFO - Started process (PID=380) to work on /opt/airflow/dags/reds.py
[2024-10-28T15:20:08.114+0000] {processor.py:914} INFO - Processing file /opt/airflow/dags/reds.py for tasks to queue
[2024-10-28T15:20:08.117+0000] {logging_mixin.py:190} INFO - [2024-10-28T15:20:08.117+0000] {dagbag.py:588} INFO - Filling up the DagBag from /opt/airflow/dags/reds.py
[2024-10-28T15:20:08.147+0000] {processor.py:925} INFO - DAG(s) 'postgres_to_redshift_etl' retrieved from /opt/airflow/dags/reds.py
[2024-10-28T15:20:08.183+0000] {logging_mixin.py:190} INFO - [2024-10-28T15:20:08.182+0000] {dag.py:3239} INFO - Sync 1 DAGs
[2024-10-28T15:20:08.216+0000] {logging_mixin.py:190} INFO - [2024-10-28T15:20:08.216+0000] {dag.py:4180} INFO - Setting next_dagrun for postgres_to_redshift_etl to 2024-10-28 00:00:00+00:00, run_after=2024-10-29 00:00:00+00:00
[2024-10-28T15:20:08.251+0000] {processor.py:208} INFO - Processing /opt/airflow/dags/reds.py took 0.146 seconds
[2024-10-28T15:20:38.548+0000] {processor.py:186} INFO - Started process (PID=391) to work on /opt/airflow/dags/reds.py
[2024-10-28T15:20:38.550+0000] {processor.py:914} INFO - Processing file /opt/airflow/dags/reds.py for tasks to queue
[2024-10-28T15:20:38.554+0000] {logging_mixin.py:190} INFO - [2024-10-28T15:20:38.553+0000] {dagbag.py:588} INFO - Filling up the DagBag from /opt/airflow/dags/reds.py
[2024-10-28T15:20:38.588+0000] {processor.py:925} INFO - DAG(s) 'postgres_to_redshift_etl' retrieved from /opt/airflow/dags/reds.py
[2024-10-28T15:20:38.635+0000] {logging_mixin.py:190} INFO - [2024-10-28T15:20:38.634+0000] {dag.py:3239} INFO - Sync 1 DAGs
[2024-10-28T15:20:38.681+0000] {logging_mixin.py:190} INFO - [2024-10-28T15:20:38.680+0000] {dag.py:4180} INFO - Setting next_dagrun for postgres_to_redshift_etl to 2024-10-28 00:00:00+00:00, run_after=2024-10-29 00:00:00+00:00
[2024-10-28T15:20:38.716+0000] {processor.py:208} INFO - Processing /opt/airflow/dags/reds.py took 0.179 seconds
[2024-10-28T15:21:09.304+0000] {processor.py:186} INFO - Started process (PID=402) to work on /opt/airflow/dags/reds.py
[2024-10-28T15:21:09.305+0000] {processor.py:914} INFO - Processing file /opt/airflow/dags/reds.py for tasks to queue
[2024-10-28T15:21:09.309+0000] {logging_mixin.py:190} INFO - [2024-10-28T15:21:09.308+0000] {dagbag.py:588} INFO - Filling up the DagBag from /opt/airflow/dags/reds.py
[2024-10-28T15:21:09.347+0000] {processor.py:925} INFO - DAG(s) 'postgres_to_redshift_etl' retrieved from /opt/airflow/dags/reds.py
[2024-10-28T15:21:09.386+0000] {logging_mixin.py:190} INFO - [2024-10-28T15:21:09.386+0000] {dag.py:3239} INFO - Sync 1 DAGs
[2024-10-28T15:21:09.436+0000] {logging_mixin.py:190} INFO - [2024-10-28T15:21:09.436+0000] {dag.py:4180} INFO - Setting next_dagrun for postgres_to_redshift_etl to 2024-10-28 00:00:00+00:00, run_after=2024-10-29 00:00:00+00:00
[2024-10-28T15:21:09.476+0000] {processor.py:208} INFO - Processing /opt/airflow/dags/reds.py took 0.184 seconds
[2024-10-28T15:21:39.712+0000] {processor.py:186} INFO - Started process (PID=413) to work on /opt/airflow/dags/reds.py
[2024-10-28T15:21:39.714+0000] {processor.py:914} INFO - Processing file /opt/airflow/dags/reds.py for tasks to queue
[2024-10-28T15:21:39.718+0000] {logging_mixin.py:190} INFO - [2024-10-28T15:21:39.718+0000] {dagbag.py:588} INFO - Filling up the DagBag from /opt/airflow/dags/reds.py
[2024-10-28T15:21:39.748+0000] {processor.py:925} INFO - DAG(s) 'postgres_to_redshift_etl' retrieved from /opt/airflow/dags/reds.py
[2024-10-28T15:21:39.784+0000] {logging_mixin.py:190} INFO - [2024-10-28T15:21:39.784+0000] {dag.py:3239} INFO - Sync 1 DAGs
[2024-10-28T15:21:39.823+0000] {logging_mixin.py:190} INFO - [2024-10-28T15:21:39.823+0000] {dag.py:4180} INFO - Setting next_dagrun for postgres_to_redshift_etl to 2024-10-28 00:00:00+00:00, run_after=2024-10-29 00:00:00+00:00
[2024-10-28T15:21:39.856+0000] {processor.py:208} INFO - Processing /opt/airflow/dags/reds.py took 0.152 seconds
[2024-10-28T15:22:10.476+0000] {processor.py:186} INFO - Started process (PID=424) to work on /opt/airflow/dags/reds.py
[2024-10-28T15:22:10.477+0000] {processor.py:914} INFO - Processing file /opt/airflow/dags/reds.py for tasks to queue
[2024-10-28T15:22:10.481+0000] {logging_mixin.py:190} INFO - [2024-10-28T15:22:10.480+0000] {dagbag.py:588} INFO - Filling up the DagBag from /opt/airflow/dags/reds.py
[2024-10-28T15:22:10.513+0000] {processor.py:925} INFO - DAG(s) 'postgres_to_redshift_etl' retrieved from /opt/airflow/dags/reds.py
[2024-10-28T15:22:10.556+0000] {logging_mixin.py:190} INFO - [2024-10-28T15:22:10.555+0000] {dag.py:3239} INFO - Sync 1 DAGs
[2024-10-28T15:22:10.603+0000] {logging_mixin.py:190} INFO - [2024-10-28T15:22:10.603+0000] {dag.py:4180} INFO - Setting next_dagrun for postgres_to_redshift_etl to 2024-10-28 00:00:00+00:00, run_after=2024-10-29 00:00:00+00:00
[2024-10-28T15:22:10.635+0000] {processor.py:208} INFO - Processing /opt/airflow/dags/reds.py took 0.167 seconds
[2024-10-28T15:22:41.411+0000] {processor.py:186} INFO - Started process (PID=436) to work on /opt/airflow/dags/reds.py
[2024-10-28T15:22:41.412+0000] {processor.py:914} INFO - Processing file /opt/airflow/dags/reds.py for tasks to queue
[2024-10-28T15:22:41.416+0000] {logging_mixin.py:190} INFO - [2024-10-28T15:22:41.416+0000] {dagbag.py:588} INFO - Filling up the DagBag from /opt/airflow/dags/reds.py
[2024-10-28T15:22:41.444+0000] {processor.py:925} INFO - DAG(s) 'postgres_to_redshift_etl' retrieved from /opt/airflow/dags/reds.py
[2024-10-28T15:22:41.478+0000] {logging_mixin.py:190} INFO - [2024-10-28T15:22:41.477+0000] {dag.py:3239} INFO - Sync 1 DAGs
[2024-10-28T15:22:41.513+0000] {logging_mixin.py:190} INFO - [2024-10-28T15:22:41.513+0000] {dag.py:4180} INFO - Setting next_dagrun for postgres_to_redshift_etl to 2024-10-28 00:00:00+00:00, run_after=2024-10-29 00:00:00+00:00
[2024-10-28T15:22:41.546+0000] {processor.py:208} INFO - Processing /opt/airflow/dags/reds.py took 0.146 seconds
[2024-10-28T15:23:11.941+0000] {processor.py:186} INFO - Started process (PID=447) to work on /opt/airflow/dags/reds.py
[2024-10-28T15:23:11.942+0000] {processor.py:914} INFO - Processing file /opt/airflow/dags/reds.py for tasks to queue
[2024-10-28T15:23:11.947+0000] {logging_mixin.py:190} INFO - [2024-10-28T15:23:11.946+0000] {dagbag.py:588} INFO - Filling up the DagBag from /opt/airflow/dags/reds.py
[2024-10-28T15:23:11.989+0000] {processor.py:925} INFO - DAG(s) 'postgres_to_redshift_etl' retrieved from /opt/airflow/dags/reds.py
[2024-10-28T15:23:12.035+0000] {logging_mixin.py:190} INFO - [2024-10-28T15:23:12.035+0000] {dag.py:3239} INFO - Sync 1 DAGs
[2024-10-28T15:23:12.076+0000] {logging_mixin.py:190} INFO - [2024-10-28T15:23:12.076+0000] {dag.py:4180} INFO - Setting next_dagrun for postgres_to_redshift_etl to 2024-10-28 00:00:00+00:00, run_after=2024-10-29 00:00:00+00:00
[2024-10-28T15:23:12.124+0000] {processor.py:208} INFO - Processing /opt/airflow/dags/reds.py took 0.196 seconds
