[2024-10-29T10:12:17.679+0000] {local_task_job_runner.py:123} INFO - ::group::Pre task execution logs
[2024-10-29T10:12:17.753+0000] {taskinstance.py:2612} INFO - Dependencies all met for dep_context=non-requeueable deps ti=<TaskInstance: mysql_to_postgres_etl_with_excel.extract_task manual__2024-10-29T10:11:56.363584+00:00 [queued]>
[2024-10-29T10:12:17.776+0000] {taskinstance.py:2612} INFO - Dependencies all met for dep_context=requeueable deps ti=<TaskInstance: mysql_to_postgres_etl_with_excel.extract_task manual__2024-10-29T10:11:56.363584+00:00 [queued]>
[2024-10-29T10:12:17.779+0000] {taskinstance.py:2865} INFO - Starting attempt 1 of 1
[2024-10-29T10:12:17.906+0000] {taskinstance.py:2888} INFO - Executing <Task(PythonOperator): extract_task> on 2024-10-29 10:11:56.363584+00:00
[2024-10-29T10:12:17.944+0000] {warnings.py:112} WARNING - /home/***/.local/lib/python3.12/site-packages/***/task/task_runner/standard_task_runner.py:70: DeprecationWarning: This process (pid=72) is multi-threaded, use of fork() may lead to deadlocks in the child.
  pid = os.fork()

[2024-10-29T10:12:17.969+0000] {standard_task_runner.py:72} INFO - Started process 83 to run task
[2024-10-29T10:12:17.983+0000] {standard_task_runner.py:104} INFO - Running: ['***', 'tasks', 'run', 'mysql_to_postgres_etl_with_excel', 'extract_task', 'manual__2024-10-29T10:11:56.363584+00:00', '--job-id', '136', '--raw', '--subdir', 'DAGS_FOLDER/etl_to_pg.py', '--cfg-path', '/tmp/tmp8vk5e3_o']
[2024-10-29T10:12:18.039+0000] {standard_task_runner.py:105} INFO - Job 136: Subtask extract_task
[2024-10-29T10:12:18.316+0000] {task_command.py:467} INFO - Running <TaskInstance: mysql_to_postgres_etl_with_excel.extract_task manual__2024-10-29T10:11:56.363584+00:00 [running]> on host 3b749a0384c4
[2024-10-29T10:12:18.861+0000] {taskinstance.py:3131} INFO - Exporting env vars: AIRFLOW_CTX_DAG_OWNER='***' AIRFLOW_CTX_DAG_ID='mysql_to_postgres_etl_with_excel' AIRFLOW_CTX_TASK_ID='extract_task' AIRFLOW_CTX_EXECUTION_DATE='2024-10-29T10:11:56.363584+00:00' AIRFLOW_CTX_TRY_NUMBER='1' AIRFLOW_CTX_DAG_RUN_ID='manual__2024-10-29T10:11:56.363584+00:00'
[2024-10-29T10:12:18.864+0000] {taskinstance.py:731} INFO - ::endgroup::
[2024-10-29T10:12:19.027+0000] {base.py:84} INFO - Retrieving connection 'mysql_conn'
[2024-10-29T10:12:22.385+0000] {python.py:240} INFO - Done. Returned value was: None
[2024-10-29T10:12:22.569+0000] {taskinstance.py:340} INFO - ::group::Post task execution logs
[2024-10-29T10:12:22.572+0000] {taskinstance.py:352} INFO - Marking task as SUCCESS. dag_id=mysql_to_postgres_etl_with_excel, task_id=extract_task, run_id=manual__2024-10-29T10:11:56.363584+00:00, execution_date=20241029T101156, start_date=20241029T101217, end_date=20241029T101222
[2024-10-29T10:12:22.685+0000] {local_task_job_runner.py:266} INFO - Task exited with return code 0
[2024-10-29T10:12:22.752+0000] {taskinstance.py:3900} INFO - 1 downstream tasks scheduled from follow-on schedule check
[2024-10-29T10:12:22.767+0000] {local_task_job_runner.py:245} INFO - ::endgroup::
