[2024-10-28T14:26:14.299+0000] {local_task_job_runner.py:123} INFO - ::group::Pre task execution logs
[2024-10-28T14:26:14.348+0000] {taskinstance.py:2612} INFO - Dependencies all met for dep_context=non-requeueable deps ti=<TaskInstance: postgres_to_redshift_etl.extract_task scheduled__2024-10-27T00:00:00+00:00 [queued]>
[2024-10-28T14:26:14.364+0000] {taskinstance.py:2612} INFO - Dependencies all met for dep_context=requeueable deps ti=<TaskInstance: postgres_to_redshift_etl.extract_task scheduled__2024-10-27T00:00:00+00:00 [queued]>
[2024-10-28T14:26:14.368+0000] {taskinstance.py:2865} INFO - Starting attempt 1 of 1
[2024-10-28T14:26:14.408+0000] {taskinstance.py:2888} INFO - Executing <Task(PythonOperator): extract_task> on 2024-10-27 00:00:00+00:00
[2024-10-28T14:26:14.426+0000] {standard_task_runner.py:104} INFO - Running: ['***', 'tasks', 'run', 'postgres_to_redshift_etl', 'extract_task', 'scheduled__2024-10-27T00:00:00+00:00', '--job-id', '92', '--raw', '--subdir', 'DAGS_FOLDER/reds.py', '--cfg-path', '/tmp/tmploj1syy_']
[2024-10-28T14:26:14.421+0000] {warnings.py:112} WARNING - /home/***/.local/lib/python3.12/site-packages/***/task/task_runner/standard_task_runner.py:70: DeprecationWarning: This process (pid=72) is multi-threaded, use of fork() may lead to deadlocks in the child.
  pid = os.fork()

[2024-10-28T14:26:14.444+0000] {standard_task_runner.py:72} INFO - Started process 74 to run task
[2024-10-28T14:26:14.443+0000] {standard_task_runner.py:105} INFO - Job 92: Subtask extract_task
[2024-10-28T14:26:14.593+0000] {task_command.py:467} INFO - Running <TaskInstance: postgres_to_redshift_etl.extract_task scheduled__2024-10-27T00:00:00+00:00 [running]> on host 981556db94ba
[2024-10-28T14:26:15.081+0000] {taskinstance.py:3131} INFO - Exporting env vars: AIRFLOW_CTX_DAG_OWNER='***' AIRFLOW_CTX_DAG_ID='postgres_to_redshift_etl' AIRFLOW_CTX_TASK_ID='extract_task' AIRFLOW_CTX_EXECUTION_DATE='2024-10-27T00:00:00+00:00' AIRFLOW_CTX_TRY_NUMBER='1' AIRFLOW_CTX_DAG_RUN_ID='scheduled__2024-10-27T00:00:00+00:00'
[2024-10-28T14:26:15.099+0000] {taskinstance.py:731} INFO - ::endgroup::
[2024-10-28T14:26:15.413+0000] {base.py:84} INFO - Retrieving connection 'postgre_conn'
[2024-10-28T14:26:16.009+0000] {python.py:240} INFO - Done. Returned value was: None
[2024-10-28T14:26:16.036+0000] {taskinstance.py:340} INFO - ::group::Post task execution logs
[2024-10-28T14:26:16.037+0000] {taskinstance.py:352} INFO - Marking task as SUCCESS. dag_id=postgres_to_redshift_etl, task_id=extract_task, run_id=scheduled__2024-10-27T00:00:00+00:00, execution_date=20241027T000000, start_date=20241028T142614, end_date=20241028T142616
[2024-10-28T14:26:16.154+0000] {local_task_job_runner.py:266} INFO - Task exited with return code 0
[2024-10-28T14:26:16.238+0000] {taskinstance.py:3900} INFO - 1 downstream tasks scheduled from follow-on schedule check
[2024-10-28T14:26:16.258+0000] {local_task_job_runner.py:245} INFO - ::endgroup::
