[2024-10-27T13:43:05.458+0000] {processor.py:186} INFO - Started process (PID=74) to work on /home/airflow/.local/lib/python3.12/site-packages/airflow/example_dags/example_display_name.py
[2024-10-27T13:43:05.459+0000] {processor.py:914} INFO - Processing file /home/airflow/.local/lib/python3.12/site-packages/airflow/example_dags/example_display_name.py for tasks to queue
[2024-10-27T13:43:05.464+0000] {logging_mixin.py:190} INFO - [2024-10-27T13:43:05.464+0000] {dagbag.py:588} INFO - Filling up the DagBag from /home/airflow/.local/lib/python3.12/site-packages/airflow/example_dags/example_display_name.py
[2024-10-27T13:43:05.482+0000] {processor.py:925} INFO - DAG(s) 'example_display_name' retrieved from /home/airflow/.local/lib/python3.12/site-packages/airflow/example_dags/example_display_name.py
[2024-10-27T13:43:05.751+0000] {logging_mixin.py:190} INFO - [2024-10-27T13:43:05.750+0000] {dag.py:3239} INFO - Sync 1 DAGs
[2024-10-27T13:43:05.778+0000] {logging_mixin.py:190} INFO - [2024-10-27T13:43:05.778+0000] {dag.py:4180} INFO - Setting next_dagrun for example_display_name to None, run_after=None
[2024-10-27T13:43:05.847+0000] {processor.py:208} INFO - Processing /home/airflow/.local/lib/python3.12/site-packages/airflow/example_dags/example_display_name.py took 0.400 seconds
[2024-10-27T13:43:37.271+0000] {processor.py:186} INFO - Started process (PID=136) to work on /home/airflow/.local/lib/python3.12/site-packages/airflow/example_dags/example_display_name.py
[2024-10-27T13:43:37.274+0000] {processor.py:914} INFO - Processing file /home/airflow/.local/lib/python3.12/site-packages/airflow/example_dags/example_display_name.py for tasks to queue
[2024-10-27T13:43:37.280+0000] {logging_mixin.py:190} INFO - [2024-10-27T13:43:37.279+0000] {dagbag.py:588} INFO - Filling up the DagBag from /home/airflow/.local/lib/python3.12/site-packages/airflow/example_dags/example_display_name.py
[2024-10-27T13:43:37.310+0000] {processor.py:925} INFO - DAG(s) 'example_display_name' retrieved from /home/airflow/.local/lib/python3.12/site-packages/airflow/example_dags/example_display_name.py
[2024-10-27T13:43:37.343+0000] {logging_mixin.py:190} INFO - [2024-10-27T13:43:37.343+0000] {dag.py:3239} INFO - Sync 1 DAGs
[2024-10-27T13:43:37.386+0000] {logging_mixin.py:190} INFO - [2024-10-27T13:43:37.386+0000] {dag.py:4180} INFO - Setting next_dagrun for example_display_name to None, run_after=None
[2024-10-27T13:43:37.461+0000] {processor.py:208} INFO - Processing /home/airflow/.local/lib/python3.12/site-packages/airflow/example_dags/example_display_name.py took 0.219 seconds
[2024-10-27T13:44:12.001+0000] {processor.py:186} INFO - Started process (PID=197) to work on /home/airflow/.local/lib/python3.12/site-packages/airflow/example_dags/example_display_name.py
[2024-10-27T13:44:12.007+0000] {processor.py:914} INFO - Processing file /home/airflow/.local/lib/python3.12/site-packages/airflow/example_dags/example_display_name.py for tasks to queue
[2024-10-27T13:44:12.014+0000] {logging_mixin.py:190} INFO - [2024-10-27T13:44:12.013+0000] {dagbag.py:588} INFO - Filling up the DagBag from /home/airflow/.local/lib/python3.12/site-packages/airflow/example_dags/example_display_name.py
[2024-10-27T13:44:12.050+0000] {processor.py:925} INFO - DAG(s) 'example_display_name' retrieved from /home/airflow/.local/lib/python3.12/site-packages/airflow/example_dags/example_display_name.py
[2024-10-27T13:44:12.158+0000] {logging_mixin.py:190} INFO - [2024-10-27T13:44:12.157+0000] {dag.py:3239} INFO - Sync 1 DAGs
[2024-10-27T13:44:12.200+0000] {logging_mixin.py:190} INFO - [2024-10-27T13:44:12.200+0000] {dag.py:4180} INFO - Setting next_dagrun for example_display_name to None, run_after=None
[2024-10-27T13:44:12.314+0000] {processor.py:208} INFO - Processing /home/airflow/.local/lib/python3.12/site-packages/airflow/example_dags/example_display_name.py took 0.340 seconds
[2024-10-27T13:44:43.187+0000] {processor.py:186} INFO - Started process (PID=259) to work on /home/airflow/.local/lib/python3.12/site-packages/airflow/example_dags/example_display_name.py
[2024-10-27T13:44:43.189+0000] {processor.py:914} INFO - Processing file /home/airflow/.local/lib/python3.12/site-packages/airflow/example_dags/example_display_name.py for tasks to queue
[2024-10-27T13:44:43.194+0000] {logging_mixin.py:190} INFO - [2024-10-27T13:44:43.194+0000] {dagbag.py:588} INFO - Filling up the DagBag from /home/airflow/.local/lib/python3.12/site-packages/airflow/example_dags/example_display_name.py
[2024-10-27T13:44:43.206+0000] {processor.py:925} INFO - DAG(s) 'example_display_name' retrieved from /home/airflow/.local/lib/python3.12/site-packages/airflow/example_dags/example_display_name.py
[2024-10-27T13:44:43.246+0000] {logging_mixin.py:190} INFO - [2024-10-27T13:44:43.246+0000] {dag.py:3239} INFO - Sync 1 DAGs
[2024-10-27T13:44:43.285+0000] {logging_mixin.py:190} INFO - [2024-10-27T13:44:43.285+0000] {dag.py:4180} INFO - Setting next_dagrun for example_display_name to None, run_after=None
[2024-10-27T13:44:43.334+0000] {processor.py:208} INFO - Processing /home/airflow/.local/lib/python3.12/site-packages/airflow/example_dags/example_display_name.py took 0.157 seconds
[2024-10-27T13:45:18.857+0000] {processor.py:186} INFO - Started process (PID=321) to work on /home/airflow/.local/lib/python3.12/site-packages/airflow/example_dags/example_display_name.py
[2024-10-27T13:45:18.860+0000] {processor.py:914} INFO - Processing file /home/airflow/.local/lib/python3.12/site-packages/airflow/example_dags/example_display_name.py for tasks to queue
[2024-10-27T13:45:18.872+0000] {logging_mixin.py:190} INFO - [2024-10-27T13:45:18.871+0000] {dagbag.py:588} INFO - Filling up the DagBag from /home/airflow/.local/lib/python3.12/site-packages/airflow/example_dags/example_display_name.py
[2024-10-27T13:45:18.894+0000] {processor.py:925} INFO - DAG(s) 'example_display_name' retrieved from /home/airflow/.local/lib/python3.12/site-packages/airflow/example_dags/example_display_name.py
[2024-10-27T13:45:18.993+0000] {logging_mixin.py:190} INFO - [2024-10-27T13:45:18.986+0000] {dag.py:3239} INFO - Sync 1 DAGs
[2024-10-27T13:45:19.057+0000] {logging_mixin.py:190} INFO - [2024-10-27T13:45:19.056+0000] {dag.py:4180} INFO - Setting next_dagrun for example_display_name to None, run_after=None
[2024-10-27T13:45:19.167+0000] {processor.py:208} INFO - Processing /home/airflow/.local/lib/python3.12/site-packages/airflow/example_dags/example_display_name.py took 0.325 seconds
[2024-10-27T13:53:34.286+0000] {processor.py:186} INFO - Started process (PID=96) to work on /home/airflow/.local/lib/python3.12/site-packages/airflow/example_dags/example_display_name.py
[2024-10-27T13:53:34.388+0000] {processor.py:914} INFO - Processing file /home/airflow/.local/lib/python3.12/site-packages/airflow/example_dags/example_display_name.py for tasks to queue
[2024-10-27T13:53:34.392+0000] {logging_mixin.py:190} INFO - [2024-10-27T13:53:34.392+0000] {dagbag.py:588} INFO - Filling up the DagBag from /home/airflow/.local/lib/python3.12/site-packages/airflow/example_dags/example_display_name.py
[2024-10-27T13:53:34.407+0000] {processor.py:925} INFO - DAG(s) 'example_display_name' retrieved from /home/airflow/.local/lib/python3.12/site-packages/airflow/example_dags/example_display_name.py
[2024-10-27T13:53:34.450+0000] {logging_mixin.py:190} INFO - [2024-10-27T13:53:34.449+0000] {dag.py:3239} INFO - Sync 1 DAGs
[2024-10-27T13:53:34.489+0000] {logging_mixin.py:190} INFO - [2024-10-27T13:53:34.489+0000] {dag.py:4180} INFO - Setting next_dagrun for example_display_name to None, run_after=None
[2024-10-27T13:53:34.563+0000] {processor.py:208} INFO - Processing /home/airflow/.local/lib/python3.12/site-packages/airflow/example_dags/example_display_name.py took 0.286 seconds
[2024-10-27T13:54:11.880+0000] {processor.py:186} INFO - Started process (PID=157) to work on /home/airflow/.local/lib/python3.12/site-packages/airflow/example_dags/example_display_name.py
[2024-10-27T13:54:11.881+0000] {processor.py:914} INFO - Processing file /home/airflow/.local/lib/python3.12/site-packages/airflow/example_dags/example_display_name.py for tasks to queue
[2024-10-27T13:54:11.884+0000] {logging_mixin.py:190} INFO - [2024-10-27T13:54:11.884+0000] {dagbag.py:588} INFO - Filling up the DagBag from /home/airflow/.local/lib/python3.12/site-packages/airflow/example_dags/example_display_name.py
[2024-10-27T13:54:11.894+0000] {processor.py:925} INFO - DAG(s) 'example_display_name' retrieved from /home/airflow/.local/lib/python3.12/site-packages/airflow/example_dags/example_display_name.py
[2024-10-27T13:54:11.920+0000] {logging_mixin.py:190} INFO - [2024-10-27T13:54:11.919+0000] {dag.py:3239} INFO - Sync 1 DAGs
[2024-10-27T13:54:11.940+0000] {logging_mixin.py:190} INFO - [2024-10-27T13:54:11.939+0000] {dag.py:4180} INFO - Setting next_dagrun for example_display_name to None, run_after=None
[2024-10-27T13:54:12.571+0000] {processor.py:208} INFO - Processing /home/airflow/.local/lib/python3.12/site-packages/airflow/example_dags/example_display_name.py took 0.700 seconds
[2024-10-27T13:54:49.743+0000] {processor.py:186} INFO - Started process (PID=219) to work on /home/airflow/.local/lib/python3.12/site-packages/airflow/example_dags/example_display_name.py
[2024-10-27T13:54:49.859+0000] {processor.py:914} INFO - Processing file /home/airflow/.local/lib/python3.12/site-packages/airflow/example_dags/example_display_name.py for tasks to queue
[2024-10-27T13:54:49.863+0000] {logging_mixin.py:190} INFO - [2024-10-27T13:54:49.862+0000] {dagbag.py:588} INFO - Filling up the DagBag from /home/airflow/.local/lib/python3.12/site-packages/airflow/example_dags/example_display_name.py
[2024-10-27T13:54:49.875+0000] {processor.py:925} INFO - DAG(s) 'example_display_name' retrieved from /home/airflow/.local/lib/python3.12/site-packages/airflow/example_dags/example_display_name.py
[2024-10-27T13:54:49.904+0000] {logging_mixin.py:190} INFO - [2024-10-27T13:54:49.903+0000] {dag.py:3239} INFO - Sync 1 DAGs
[2024-10-27T13:54:49.922+0000] {logging_mixin.py:190} INFO - [2024-10-27T13:54:49.922+0000] {dag.py:4180} INFO - Setting next_dagrun for example_display_name to None, run_after=None
[2024-10-27T13:54:50.760+0000] {processor.py:208} INFO - Processing /home/airflow/.local/lib/python3.12/site-packages/airflow/example_dags/example_display_name.py took 1.030 seconds
[2024-10-27T13:55:21.253+0000] {processor.py:186} INFO - Started process (PID=281) to work on /home/airflow/.local/lib/python3.12/site-packages/airflow/example_dags/example_display_name.py
[2024-10-27T13:55:21.254+0000] {processor.py:914} INFO - Processing file /home/airflow/.local/lib/python3.12/site-packages/airflow/example_dags/example_display_name.py for tasks to queue
[2024-10-27T13:55:21.260+0000] {logging_mixin.py:190} INFO - [2024-10-27T13:55:21.259+0000] {dagbag.py:588} INFO - Filling up the DagBag from /home/airflow/.local/lib/python3.12/site-packages/airflow/example_dags/example_display_name.py
[2024-10-27T13:55:21.274+0000] {processor.py:925} INFO - DAG(s) 'example_display_name' retrieved from /home/airflow/.local/lib/python3.12/site-packages/airflow/example_dags/example_display_name.py
[2024-10-27T13:55:21.315+0000] {logging_mixin.py:190} INFO - [2024-10-27T13:55:21.314+0000] {dag.py:3239} INFO - Sync 1 DAGs
[2024-10-27T13:55:21.339+0000] {logging_mixin.py:190} INFO - [2024-10-27T13:55:21.338+0000] {dag.py:4180} INFO - Setting next_dagrun for example_display_name to None, run_after=None
[2024-10-27T13:55:21.398+0000] {processor.py:208} INFO - Processing /home/airflow/.local/lib/python3.12/site-packages/airflow/example_dags/example_display_name.py took 0.157 seconds
[2024-10-27T13:55:54.542+0000] {processor.py:186} INFO - Started process (PID=343) to work on /home/airflow/.local/lib/python3.12/site-packages/airflow/example_dags/example_display_name.py
[2024-10-27T13:55:54.545+0000] {processor.py:914} INFO - Processing file /home/airflow/.local/lib/python3.12/site-packages/airflow/example_dags/example_display_name.py for tasks to queue
[2024-10-27T13:55:54.558+0000] {logging_mixin.py:190} INFO - [2024-10-27T13:55:54.557+0000] {dagbag.py:588} INFO - Filling up the DagBag from /home/airflow/.local/lib/python3.12/site-packages/airflow/example_dags/example_display_name.py
[2024-10-27T13:55:54.596+0000] {processor.py:925} INFO - DAG(s) 'example_display_name' retrieved from /home/airflow/.local/lib/python3.12/site-packages/airflow/example_dags/example_display_name.py
[2024-10-27T13:55:54.659+0000] {logging_mixin.py:190} INFO - [2024-10-27T13:55:54.658+0000] {dag.py:3239} INFO - Sync 1 DAGs
[2024-10-27T13:55:54.710+0000] {logging_mixin.py:190} INFO - [2024-10-27T13:55:54.710+0000] {dag.py:4180} INFO - Setting next_dagrun for example_display_name to None, run_after=None
[2024-10-27T13:55:55.229+0000] {processor.py:208} INFO - Processing /home/airflow/.local/lib/python3.12/site-packages/airflow/example_dags/example_display_name.py took 0.707 seconds
[2024-10-27T13:56:27.019+0000] {processor.py:186} INFO - Started process (PID=405) to work on /home/airflow/.local/lib/python3.12/site-packages/airflow/example_dags/example_display_name.py
[2024-10-27T13:56:27.020+0000] {processor.py:914} INFO - Processing file /home/airflow/.local/lib/python3.12/site-packages/airflow/example_dags/example_display_name.py for tasks to queue
[2024-10-27T13:56:27.026+0000] {logging_mixin.py:190} INFO - [2024-10-27T13:56:27.025+0000] {dagbag.py:588} INFO - Filling up the DagBag from /home/airflow/.local/lib/python3.12/site-packages/airflow/example_dags/example_display_name.py
[2024-10-27T13:56:27.036+0000] {processor.py:925} INFO - DAG(s) 'example_display_name' retrieved from /home/airflow/.local/lib/python3.12/site-packages/airflow/example_dags/example_display_name.py
[2024-10-27T13:56:27.071+0000] {logging_mixin.py:190} INFO - [2024-10-27T13:56:27.071+0000] {dag.py:3239} INFO - Sync 1 DAGs
[2024-10-27T13:56:27.101+0000] {logging_mixin.py:190} INFO - [2024-10-27T13:56:27.100+0000] {dag.py:4180} INFO - Setting next_dagrun for example_display_name to None, run_after=None
[2024-10-27T13:56:28.747+0000] {processor.py:208} INFO - Processing /home/airflow/.local/lib/python3.12/site-packages/airflow/example_dags/example_display_name.py took 1.737 seconds
[2024-10-27T13:56:59.583+0000] {processor.py:186} INFO - Started process (PID=468) to work on /home/airflow/.local/lib/python3.12/site-packages/airflow/example_dags/example_display_name.py
[2024-10-27T13:56:59.585+0000] {processor.py:914} INFO - Processing file /home/airflow/.local/lib/python3.12/site-packages/airflow/example_dags/example_display_name.py for tasks to queue
[2024-10-27T13:56:59.591+0000] {logging_mixin.py:190} INFO - [2024-10-27T13:56:59.589+0000] {dagbag.py:588} INFO - Filling up the DagBag from /home/airflow/.local/lib/python3.12/site-packages/airflow/example_dags/example_display_name.py
[2024-10-27T13:56:59.641+0000] {processor.py:925} INFO - DAG(s) 'example_display_name' retrieved from /home/airflow/.local/lib/python3.12/site-packages/airflow/example_dags/example_display_name.py
[2024-10-27T13:56:59.757+0000] {logging_mixin.py:190} INFO - [2024-10-27T13:56:59.746+0000] {dag.py:3239} INFO - Sync 1 DAGs
[2024-10-27T13:56:59.840+0000] {logging_mixin.py:190} INFO - [2024-10-27T13:56:59.840+0000] {dag.py:4180} INFO - Setting next_dagrun for example_display_name to None, run_after=None
[2024-10-27T13:57:00.094+0000] {processor.py:208} INFO - Processing /home/airflow/.local/lib/python3.12/site-packages/airflow/example_dags/example_display_name.py took 0.524 seconds
[2024-10-27T13:57:30.906+0000] {processor.py:186} INFO - Started process (PID=530) to work on /home/airflow/.local/lib/python3.12/site-packages/airflow/example_dags/example_display_name.py
[2024-10-27T13:57:30.910+0000] {processor.py:914} INFO - Processing file /home/airflow/.local/lib/python3.12/site-packages/airflow/example_dags/example_display_name.py for tasks to queue
[2024-10-27T13:57:30.927+0000] {logging_mixin.py:190} INFO - [2024-10-27T13:57:30.926+0000] {dagbag.py:588} INFO - Filling up the DagBag from /home/airflow/.local/lib/python3.12/site-packages/airflow/example_dags/example_display_name.py
[2024-10-27T13:57:30.947+0000] {processor.py:925} INFO - DAG(s) 'example_display_name' retrieved from /home/airflow/.local/lib/python3.12/site-packages/airflow/example_dags/example_display_name.py
[2024-10-27T13:57:30.973+0000] {logging_mixin.py:190} INFO - [2024-10-27T13:57:30.973+0000] {dag.py:3239} INFO - Sync 1 DAGs
[2024-10-27T13:57:30.994+0000] {logging_mixin.py:190} INFO - [2024-10-27T13:57:30.993+0000] {dag.py:4180} INFO - Setting next_dagrun for example_display_name to None, run_after=None
[2024-10-27T13:57:31.162+0000] {processor.py:208} INFO - Processing /home/airflow/.local/lib/python3.12/site-packages/airflow/example_dags/example_display_name.py took 0.271 seconds
[2024-10-27T13:58:01.323+0000] {processor.py:186} INFO - Started process (PID=592) to work on /home/airflow/.local/lib/python3.12/site-packages/airflow/example_dags/example_display_name.py
[2024-10-27T13:58:01.324+0000] {processor.py:914} INFO - Processing file /home/airflow/.local/lib/python3.12/site-packages/airflow/example_dags/example_display_name.py for tasks to queue
[2024-10-27T13:58:01.328+0000] {logging_mixin.py:190} INFO - [2024-10-27T13:58:01.328+0000] {dagbag.py:588} INFO - Filling up the DagBag from /home/airflow/.local/lib/python3.12/site-packages/airflow/example_dags/example_display_name.py
[2024-10-27T13:58:01.340+0000] {processor.py:925} INFO - DAG(s) 'example_display_name' retrieved from /home/airflow/.local/lib/python3.12/site-packages/airflow/example_dags/example_display_name.py
[2024-10-27T13:58:01.370+0000] {logging_mixin.py:190} INFO - [2024-10-27T13:58:01.370+0000] {dag.py:3239} INFO - Sync 1 DAGs
[2024-10-27T13:58:01.390+0000] {logging_mixin.py:190} INFO - [2024-10-27T13:58:01.390+0000] {dag.py:4180} INFO - Setting next_dagrun for example_display_name to None, run_after=None
[2024-10-27T13:58:01.491+0000] {processor.py:208} INFO - Processing /home/airflow/.local/lib/python3.12/site-packages/airflow/example_dags/example_display_name.py took 0.180 seconds
[2024-10-27T13:58:32.226+0000] {processor.py:186} INFO - Started process (PID=654) to work on /home/airflow/.local/lib/python3.12/site-packages/airflow/example_dags/example_display_name.py
[2024-10-27T13:58:32.228+0000] {processor.py:914} INFO - Processing file /home/airflow/.local/lib/python3.12/site-packages/airflow/example_dags/example_display_name.py for tasks to queue
[2024-10-27T13:58:32.232+0000] {logging_mixin.py:190} INFO - [2024-10-27T13:58:32.231+0000] {dagbag.py:588} INFO - Filling up the DagBag from /home/airflow/.local/lib/python3.12/site-packages/airflow/example_dags/example_display_name.py
[2024-10-27T13:58:32.245+0000] {processor.py:925} INFO - DAG(s) 'example_display_name' retrieved from /home/airflow/.local/lib/python3.12/site-packages/airflow/example_dags/example_display_name.py
[2024-10-27T13:58:32.297+0000] {logging_mixin.py:190} INFO - [2024-10-27T13:58:32.297+0000] {dag.py:3239} INFO - Sync 1 DAGs
[2024-10-27T13:58:32.371+0000] {logging_mixin.py:190} INFO - [2024-10-27T13:58:32.371+0000] {dag.py:4180} INFO - Setting next_dagrun for example_display_name to None, run_after=None
[2024-10-27T13:58:32.469+0000] {processor.py:208} INFO - Processing /home/airflow/.local/lib/python3.12/site-packages/airflow/example_dags/example_display_name.py took 0.259 seconds
[2024-10-27T13:59:03.363+0000] {processor.py:186} INFO - Started process (PID=716) to work on /home/airflow/.local/lib/python3.12/site-packages/airflow/example_dags/example_display_name.py
[2024-10-27T13:59:03.372+0000] {processor.py:914} INFO - Processing file /home/airflow/.local/lib/python3.12/site-packages/airflow/example_dags/example_display_name.py for tasks to queue
[2024-10-27T13:59:03.377+0000] {logging_mixin.py:190} INFO - [2024-10-27T13:59:03.376+0000] {dagbag.py:588} INFO - Filling up the DagBag from /home/airflow/.local/lib/python3.12/site-packages/airflow/example_dags/example_display_name.py
[2024-10-27T13:59:03.393+0000] {processor.py:925} INFO - DAG(s) 'example_display_name' retrieved from /home/airflow/.local/lib/python3.12/site-packages/airflow/example_dags/example_display_name.py
[2024-10-27T13:59:03.445+0000] {logging_mixin.py:190} INFO - [2024-10-27T13:59:03.444+0000] {dag.py:3239} INFO - Sync 1 DAGs
[2024-10-27T13:59:03.493+0000] {logging_mixin.py:190} INFO - [2024-10-27T13:59:03.493+0000] {dag.py:4180} INFO - Setting next_dagrun for example_display_name to None, run_after=None
[2024-10-27T13:59:03.596+0000] {processor.py:208} INFO - Processing /home/airflow/.local/lib/python3.12/site-packages/airflow/example_dags/example_display_name.py took 0.245 seconds
[2024-10-27T13:59:35.516+0000] {processor.py:186} INFO - Started process (PID=772) to work on /home/airflow/.local/lib/python3.12/site-packages/airflow/example_dags/example_display_name.py
[2024-10-27T13:59:35.517+0000] {processor.py:914} INFO - Processing file /home/airflow/.local/lib/python3.12/site-packages/airflow/example_dags/example_display_name.py for tasks to queue
[2024-10-27T13:59:35.522+0000] {logging_mixin.py:190} INFO - [2024-10-27T13:59:35.521+0000] {dagbag.py:588} INFO - Filling up the DagBag from /home/airflow/.local/lib/python3.12/site-packages/airflow/example_dags/example_display_name.py
[2024-10-27T13:59:35.533+0000] {processor.py:925} INFO - DAG(s) 'example_display_name' retrieved from /home/airflow/.local/lib/python3.12/site-packages/airflow/example_dags/example_display_name.py
[2024-10-27T13:59:35.558+0000] {logging_mixin.py:190} INFO - [2024-10-27T13:59:35.558+0000] {dag.py:3239} INFO - Sync 1 DAGs
[2024-10-27T13:59:35.578+0000] {logging_mixin.py:190} INFO - [2024-10-27T13:59:35.578+0000] {dag.py:4180} INFO - Setting next_dagrun for example_display_name to None, run_after=None
[2024-10-27T13:59:35.832+0000] {processor.py:208} INFO - Processing /home/airflow/.local/lib/python3.12/site-packages/airflow/example_dags/example_display_name.py took 0.325 seconds
[2024-10-27T14:00:06.622+0000] {processor.py:186} INFO - Started process (PID=840) to work on /home/airflow/.local/lib/python3.12/site-packages/airflow/example_dags/example_display_name.py
[2024-10-27T14:00:06.624+0000] {processor.py:914} INFO - Processing file /home/airflow/.local/lib/python3.12/site-packages/airflow/example_dags/example_display_name.py for tasks to queue
[2024-10-27T14:00:06.629+0000] {logging_mixin.py:190} INFO - [2024-10-27T14:00:06.629+0000] {dagbag.py:588} INFO - Filling up the DagBag from /home/airflow/.local/lib/python3.12/site-packages/airflow/example_dags/example_display_name.py
[2024-10-27T14:00:06.649+0000] {processor.py:925} INFO - DAG(s) 'example_display_name' retrieved from /home/airflow/.local/lib/python3.12/site-packages/airflow/example_dags/example_display_name.py
[2024-10-27T14:00:06.714+0000] {logging_mixin.py:190} INFO - [2024-10-27T14:00:06.713+0000] {dag.py:3239} INFO - Sync 1 DAGs
[2024-10-27T14:00:06.772+0000] {logging_mixin.py:190} INFO - [2024-10-27T14:00:06.771+0000] {dag.py:4180} INFO - Setting next_dagrun for example_display_name to None, run_after=None
[2024-10-27T14:00:07.058+0000] {processor.py:208} INFO - Processing /home/airflow/.local/lib/python3.12/site-packages/airflow/example_dags/example_display_name.py took 0.458 seconds
[2024-10-27T14:00:37.560+0000] {processor.py:186} INFO - Started process (PID=902) to work on /home/airflow/.local/lib/python3.12/site-packages/airflow/example_dags/example_display_name.py
[2024-10-27T14:00:37.563+0000] {processor.py:914} INFO - Processing file /home/airflow/.local/lib/python3.12/site-packages/airflow/example_dags/example_display_name.py for tasks to queue
[2024-10-27T14:00:37.567+0000] {logging_mixin.py:190} INFO - [2024-10-27T14:00:37.567+0000] {dagbag.py:588} INFO - Filling up the DagBag from /home/airflow/.local/lib/python3.12/site-packages/airflow/example_dags/example_display_name.py
[2024-10-27T14:00:37.583+0000] {processor.py:925} INFO - DAG(s) 'example_display_name' retrieved from /home/airflow/.local/lib/python3.12/site-packages/airflow/example_dags/example_display_name.py
[2024-10-27T14:00:37.625+0000] {logging_mixin.py:190} INFO - [2024-10-27T14:00:37.624+0000] {dag.py:3239} INFO - Sync 1 DAGs
[2024-10-27T14:00:37.658+0000] {logging_mixin.py:190} INFO - [2024-10-27T14:00:37.658+0000] {dag.py:4180} INFO - Setting next_dagrun for example_display_name to None, run_after=None
[2024-10-27T14:00:38.010+0000] {processor.py:208} INFO - Processing /home/airflow/.local/lib/python3.12/site-packages/airflow/example_dags/example_display_name.py took 0.468 seconds
[2024-10-27T14:01:08.681+0000] {processor.py:186} INFO - Started process (PID=965) to work on /home/airflow/.local/lib/python3.12/site-packages/airflow/example_dags/example_display_name.py
[2024-10-27T14:01:08.682+0000] {processor.py:914} INFO - Processing file /home/airflow/.local/lib/python3.12/site-packages/airflow/example_dags/example_display_name.py for tasks to queue
[2024-10-27T14:01:08.686+0000] {logging_mixin.py:190} INFO - [2024-10-27T14:01:08.686+0000] {dagbag.py:588} INFO - Filling up the DagBag from /home/airflow/.local/lib/python3.12/site-packages/airflow/example_dags/example_display_name.py
[2024-10-27T14:01:08.701+0000] {processor.py:925} INFO - DAG(s) 'example_display_name' retrieved from /home/airflow/.local/lib/python3.12/site-packages/airflow/example_dags/example_display_name.py
[2024-10-27T14:01:08.737+0000] {logging_mixin.py:190} INFO - [2024-10-27T14:01:08.737+0000] {dag.py:3239} INFO - Sync 1 DAGs
[2024-10-27T14:01:08.769+0000] {logging_mixin.py:190} INFO - [2024-10-27T14:01:08.769+0000] {dag.py:4180} INFO - Setting next_dagrun for example_display_name to None, run_after=None
[2024-10-27T14:01:08.859+0000] {processor.py:208} INFO - Processing /home/airflow/.local/lib/python3.12/site-packages/airflow/example_dags/example_display_name.py took 0.190 seconds
[2024-10-27T14:01:39.811+0000] {processor.py:186} INFO - Started process (PID=1027) to work on /home/airflow/.local/lib/python3.12/site-packages/airflow/example_dags/example_display_name.py
[2024-10-27T14:01:39.813+0000] {processor.py:914} INFO - Processing file /home/airflow/.local/lib/python3.12/site-packages/airflow/example_dags/example_display_name.py for tasks to queue
[2024-10-27T14:01:39.817+0000] {logging_mixin.py:190} INFO - [2024-10-27T14:01:39.817+0000] {dagbag.py:588} INFO - Filling up the DagBag from /home/airflow/.local/lib/python3.12/site-packages/airflow/example_dags/example_display_name.py
[2024-10-27T14:01:39.833+0000] {processor.py:925} INFO - DAG(s) 'example_display_name' retrieved from /home/airflow/.local/lib/python3.12/site-packages/airflow/example_dags/example_display_name.py
[2024-10-27T14:01:39.865+0000] {logging_mixin.py:190} INFO - [2024-10-27T14:01:39.865+0000] {dag.py:3239} INFO - Sync 1 DAGs
[2024-10-27T14:01:39.907+0000] {logging_mixin.py:190} INFO - [2024-10-27T14:01:39.907+0000] {dag.py:4180} INFO - Setting next_dagrun for example_display_name to None, run_after=None
[2024-10-27T14:01:40.005+0000] {processor.py:208} INFO - Processing /home/airflow/.local/lib/python3.12/site-packages/airflow/example_dags/example_display_name.py took 0.214 seconds
[2024-10-27T14:02:10.560+0000] {processor.py:186} INFO - Started process (PID=1089) to work on /home/airflow/.local/lib/python3.12/site-packages/airflow/example_dags/example_display_name.py
[2024-10-27T14:02:10.562+0000] {processor.py:914} INFO - Processing file /home/airflow/.local/lib/python3.12/site-packages/airflow/example_dags/example_display_name.py for tasks to queue
[2024-10-27T14:02:10.568+0000] {logging_mixin.py:190} INFO - [2024-10-27T14:02:10.567+0000] {dagbag.py:588} INFO - Filling up the DagBag from /home/airflow/.local/lib/python3.12/site-packages/airflow/example_dags/example_display_name.py
[2024-10-27T14:02:10.591+0000] {processor.py:925} INFO - DAG(s) 'example_display_name' retrieved from /home/airflow/.local/lib/python3.12/site-packages/airflow/example_dags/example_display_name.py
[2024-10-27T14:02:10.629+0000] {logging_mixin.py:190} INFO - [2024-10-27T14:02:10.629+0000] {dag.py:3239} INFO - Sync 1 DAGs
[2024-10-27T14:02:10.656+0000] {logging_mixin.py:190} INFO - [2024-10-27T14:02:10.656+0000] {dag.py:4180} INFO - Setting next_dagrun for example_display_name to None, run_after=None
[2024-10-27T14:02:11.571+0000] {processor.py:208} INFO - Processing /home/airflow/.local/lib/python3.12/site-packages/airflow/example_dags/example_display_name.py took 1.027 seconds
[2024-10-27T14:02:42.333+0000] {processor.py:186} INFO - Started process (PID=1150) to work on /home/airflow/.local/lib/python3.12/site-packages/airflow/example_dags/example_display_name.py
[2024-10-27T14:02:42.335+0000] {processor.py:914} INFO - Processing file /home/airflow/.local/lib/python3.12/site-packages/airflow/example_dags/example_display_name.py for tasks to queue
[2024-10-27T14:02:42.338+0000] {logging_mixin.py:190} INFO - [2024-10-27T14:02:42.338+0000] {dagbag.py:588} INFO - Filling up the DagBag from /home/airflow/.local/lib/python3.12/site-packages/airflow/example_dags/example_display_name.py
[2024-10-27T14:02:42.354+0000] {processor.py:925} INFO - DAG(s) 'example_display_name' retrieved from /home/airflow/.local/lib/python3.12/site-packages/airflow/example_dags/example_display_name.py
[2024-10-27T14:02:42.393+0000] {logging_mixin.py:190} INFO - [2024-10-27T14:02:42.393+0000] {dag.py:3239} INFO - Sync 1 DAGs
[2024-10-27T14:02:42.429+0000] {logging_mixin.py:190} INFO - [2024-10-27T14:02:42.428+0000] {dag.py:4180} INFO - Setting next_dagrun for example_display_name to None, run_after=None
[2024-10-27T14:02:42.484+0000] {processor.py:208} INFO - Processing /home/airflow/.local/lib/python3.12/site-packages/airflow/example_dags/example_display_name.py took 0.160 seconds
[2024-10-27T14:03:12.926+0000] {processor.py:186} INFO - Started process (PID=1211) to work on /home/airflow/.local/lib/python3.12/site-packages/airflow/example_dags/example_display_name.py
[2024-10-27T14:03:12.928+0000] {processor.py:914} INFO - Processing file /home/airflow/.local/lib/python3.12/site-packages/airflow/example_dags/example_display_name.py for tasks to queue
[2024-10-27T14:03:12.932+0000] {logging_mixin.py:190} INFO - [2024-10-27T14:03:12.931+0000] {dagbag.py:588} INFO - Filling up the DagBag from /home/airflow/.local/lib/python3.12/site-packages/airflow/example_dags/example_display_name.py
[2024-10-27T14:03:12.949+0000] {processor.py:925} INFO - DAG(s) 'example_display_name' retrieved from /home/airflow/.local/lib/python3.12/site-packages/airflow/example_dags/example_display_name.py
[2024-10-27T14:03:12.991+0000] {logging_mixin.py:190} INFO - [2024-10-27T14:03:12.991+0000] {dag.py:3239} INFO - Sync 1 DAGs
[2024-10-27T14:03:13.025+0000] {logging_mixin.py:190} INFO - [2024-10-27T14:03:13.025+0000] {dag.py:4180} INFO - Setting next_dagrun for example_display_name to None, run_after=None
[2024-10-27T14:03:13.073+0000] {processor.py:208} INFO - Processing /home/airflow/.local/lib/python3.12/site-packages/airflow/example_dags/example_display_name.py took 0.163 seconds
[2024-10-27T14:03:50.688+0000] {processor.py:186} INFO - Started process (PID=1270) to work on /home/airflow/.local/lib/python3.12/site-packages/airflow/example_dags/example_display_name.py
[2024-10-27T14:03:50.690+0000] {processor.py:914} INFO - Processing file /home/airflow/.local/lib/python3.12/site-packages/airflow/example_dags/example_display_name.py for tasks to queue
[2024-10-27T14:03:50.694+0000] {logging_mixin.py:190} INFO - [2024-10-27T14:03:50.694+0000] {dagbag.py:588} INFO - Filling up the DagBag from /home/airflow/.local/lib/python3.12/site-packages/airflow/example_dags/example_display_name.py
[2024-10-27T14:03:50.707+0000] {processor.py:925} INFO - DAG(s) 'example_display_name' retrieved from /home/airflow/.local/lib/python3.12/site-packages/airflow/example_dags/example_display_name.py
[2024-10-27T14:03:50.777+0000] {logging_mixin.py:190} INFO - [2024-10-27T14:03:50.777+0000] {dag.py:3239} INFO - Sync 1 DAGs
[2024-10-27T14:03:50.808+0000] {logging_mixin.py:190} INFO - [2024-10-27T14:03:50.808+0000] {dag.py:4180} INFO - Setting next_dagrun for example_display_name to None, run_after=None
[2024-10-27T14:03:51.115+0000] {processor.py:208} INFO - Processing /home/airflow/.local/lib/python3.12/site-packages/airflow/example_dags/example_display_name.py took 0.438 seconds
[2024-10-27T14:04:21.703+0000] {processor.py:186} INFO - Started process (PID=1331) to work on /home/airflow/.local/lib/python3.12/site-packages/airflow/example_dags/example_display_name.py
[2024-10-27T14:04:21.706+0000] {processor.py:914} INFO - Processing file /home/airflow/.local/lib/python3.12/site-packages/airflow/example_dags/example_display_name.py for tasks to queue
[2024-10-27T14:04:21.719+0000] {logging_mixin.py:190} INFO - [2024-10-27T14:04:21.719+0000] {dagbag.py:588} INFO - Filling up the DagBag from /home/airflow/.local/lib/python3.12/site-packages/airflow/example_dags/example_display_name.py
[2024-10-27T14:04:21.751+0000] {processor.py:925} INFO - DAG(s) 'example_display_name' retrieved from /home/airflow/.local/lib/python3.12/site-packages/airflow/example_dags/example_display_name.py
[2024-10-27T14:04:21.818+0000] {logging_mixin.py:190} INFO - [2024-10-27T14:04:21.817+0000] {dag.py:3239} INFO - Sync 1 DAGs
[2024-10-27T14:04:21.844+0000] {logging_mixin.py:190} INFO - [2024-10-27T14:04:21.844+0000] {dag.py:4180} INFO - Setting next_dagrun for example_display_name to None, run_after=None
[2024-10-27T14:04:21.989+0000] {processor.py:208} INFO - Processing /home/airflow/.local/lib/python3.12/site-packages/airflow/example_dags/example_display_name.py took 0.296 seconds
[2024-10-27T14:04:53.101+0000] {processor.py:186} INFO - Started process (PID=1393) to work on /home/airflow/.local/lib/python3.12/site-packages/airflow/example_dags/example_display_name.py
[2024-10-27T14:04:53.104+0000] {processor.py:914} INFO - Processing file /home/airflow/.local/lib/python3.12/site-packages/airflow/example_dags/example_display_name.py for tasks to queue
[2024-10-27T14:04:53.111+0000] {logging_mixin.py:190} INFO - [2024-10-27T14:04:53.110+0000] {dagbag.py:588} INFO - Filling up the DagBag from /home/airflow/.local/lib/python3.12/site-packages/airflow/example_dags/example_display_name.py
[2024-10-27T14:04:53.133+0000] {processor.py:925} INFO - DAG(s) 'example_display_name' retrieved from /home/airflow/.local/lib/python3.12/site-packages/airflow/example_dags/example_display_name.py
[2024-10-27T14:04:53.175+0000] {logging_mixin.py:190} INFO - [2024-10-27T14:04:53.174+0000] {dag.py:3239} INFO - Sync 1 DAGs
[2024-10-27T14:04:53.211+0000] {logging_mixin.py:190} INFO - [2024-10-27T14:04:53.210+0000] {dag.py:4180} INFO - Setting next_dagrun for example_display_name to None, run_after=None
[2024-10-27T14:04:53.253+0000] {processor.py:208} INFO - Processing /home/airflow/.local/lib/python3.12/site-packages/airflow/example_dags/example_display_name.py took 0.167 seconds
[2024-10-27T14:05:24.648+0000] {processor.py:186} INFO - Started process (PID=1455) to work on /home/airflow/.local/lib/python3.12/site-packages/airflow/example_dags/example_display_name.py
[2024-10-27T14:05:24.650+0000] {processor.py:914} INFO - Processing file /home/airflow/.local/lib/python3.12/site-packages/airflow/example_dags/example_display_name.py for tasks to queue
[2024-10-27T14:05:24.656+0000] {logging_mixin.py:190} INFO - [2024-10-27T14:05:24.656+0000] {dagbag.py:588} INFO - Filling up the DagBag from /home/airflow/.local/lib/python3.12/site-packages/airflow/example_dags/example_display_name.py
[2024-10-27T14:05:24.670+0000] {processor.py:925} INFO - DAG(s) 'example_display_name' retrieved from /home/airflow/.local/lib/python3.12/site-packages/airflow/example_dags/example_display_name.py
[2024-10-27T14:05:24.723+0000] {logging_mixin.py:190} INFO - [2024-10-27T14:05:24.723+0000] {dag.py:3239} INFO - Sync 1 DAGs
[2024-10-27T14:05:24.753+0000] {logging_mixin.py:190} INFO - [2024-10-27T14:05:24.753+0000] {dag.py:4180} INFO - Setting next_dagrun for example_display_name to None, run_after=None
[2024-10-27T14:05:24.837+0000] {processor.py:208} INFO - Processing /home/airflow/.local/lib/python3.12/site-packages/airflow/example_dags/example_display_name.py took 0.204 seconds
[2024-10-27T14:05:55.194+0000] {processor.py:186} INFO - Started process (PID=1516) to work on /home/airflow/.local/lib/python3.12/site-packages/airflow/example_dags/example_display_name.py
[2024-10-27T14:05:55.196+0000] {processor.py:914} INFO - Processing file /home/airflow/.local/lib/python3.12/site-packages/airflow/example_dags/example_display_name.py for tasks to queue
[2024-10-27T14:05:55.201+0000] {logging_mixin.py:190} INFO - [2024-10-27T14:05:55.200+0000] {dagbag.py:588} INFO - Filling up the DagBag from /home/airflow/.local/lib/python3.12/site-packages/airflow/example_dags/example_display_name.py
[2024-10-27T14:05:55.216+0000] {processor.py:925} INFO - DAG(s) 'example_display_name' retrieved from /home/airflow/.local/lib/python3.12/site-packages/airflow/example_dags/example_display_name.py
[2024-10-27T14:05:55.251+0000] {logging_mixin.py:190} INFO - [2024-10-27T14:05:55.250+0000] {dag.py:3239} INFO - Sync 1 DAGs
[2024-10-27T14:05:55.282+0000] {logging_mixin.py:190} INFO - [2024-10-27T14:05:55.282+0000] {dag.py:4180} INFO - Setting next_dagrun for example_display_name to None, run_after=None
[2024-10-27T14:05:55.341+0000] {processor.py:208} INFO - Processing /home/airflow/.local/lib/python3.12/site-packages/airflow/example_dags/example_display_name.py took 0.158 seconds
[2024-10-27T14:06:26.089+0000] {processor.py:186} INFO - Started process (PID=1577) to work on /home/airflow/.local/lib/python3.12/site-packages/airflow/example_dags/example_display_name.py
[2024-10-27T14:06:26.093+0000] {processor.py:914} INFO - Processing file /home/airflow/.local/lib/python3.12/site-packages/airflow/example_dags/example_display_name.py for tasks to queue
[2024-10-27T14:06:26.099+0000] {logging_mixin.py:190} INFO - [2024-10-27T14:06:26.098+0000] {dagbag.py:588} INFO - Filling up the DagBag from /home/airflow/.local/lib/python3.12/site-packages/airflow/example_dags/example_display_name.py
[2024-10-27T14:06:26.131+0000] {processor.py:925} INFO - DAG(s) 'example_display_name' retrieved from /home/airflow/.local/lib/python3.12/site-packages/airflow/example_dags/example_display_name.py
[2024-10-27T14:06:26.215+0000] {logging_mixin.py:190} INFO - [2024-10-27T14:06:26.215+0000] {dag.py:3239} INFO - Sync 1 DAGs
[2024-10-27T14:06:26.272+0000] {logging_mixin.py:190} INFO - [2024-10-27T14:06:26.271+0000] {dag.py:4180} INFO - Setting next_dagrun for example_display_name to None, run_after=None
[2024-10-27T14:06:26.361+0000] {processor.py:208} INFO - Processing /home/airflow/.local/lib/python3.12/site-packages/airflow/example_dags/example_display_name.py took 0.288 seconds
[2024-10-27T14:06:59.886+0000] {processor.py:186} INFO - Started process (PID=1639) to work on /home/airflow/.local/lib/python3.12/site-packages/airflow/example_dags/example_display_name.py
[2024-10-27T14:06:59.891+0000] {processor.py:914} INFO - Processing file /home/airflow/.local/lib/python3.12/site-packages/airflow/example_dags/example_display_name.py for tasks to queue
[2024-10-27T14:06:59.898+0000] {logging_mixin.py:190} INFO - [2024-10-27T14:06:59.897+0000] {dagbag.py:588} INFO - Filling up the DagBag from /home/airflow/.local/lib/python3.12/site-packages/airflow/example_dags/example_display_name.py
[2024-10-27T14:06:59.918+0000] {processor.py:925} INFO - DAG(s) 'example_display_name' retrieved from /home/airflow/.local/lib/python3.12/site-packages/airflow/example_dags/example_display_name.py
[2024-10-27T14:06:59.966+0000] {logging_mixin.py:190} INFO - [2024-10-27T14:06:59.966+0000] {dag.py:3239} INFO - Sync 1 DAGs
[2024-10-27T14:06:59.993+0000] {logging_mixin.py:190} INFO - [2024-10-27T14:06:59.993+0000] {dag.py:4180} INFO - Setting next_dagrun for example_display_name to None, run_after=None
[2024-10-27T14:07:00.343+0000] {processor.py:208} INFO - Processing /home/airflow/.local/lib/python3.12/site-packages/airflow/example_dags/example_display_name.py took 0.469 seconds
[2024-10-27T14:07:31.002+0000] {processor.py:186} INFO - Started process (PID=1701) to work on /home/airflow/.local/lib/python3.12/site-packages/airflow/example_dags/example_display_name.py
[2024-10-27T14:07:31.003+0000] {processor.py:914} INFO - Processing file /home/airflow/.local/lib/python3.12/site-packages/airflow/example_dags/example_display_name.py for tasks to queue
[2024-10-27T14:07:31.008+0000] {logging_mixin.py:190} INFO - [2024-10-27T14:07:31.007+0000] {dagbag.py:588} INFO - Filling up the DagBag from /home/airflow/.local/lib/python3.12/site-packages/airflow/example_dags/example_display_name.py
[2024-10-27T14:07:31.019+0000] {processor.py:925} INFO - DAG(s) 'example_display_name' retrieved from /home/airflow/.local/lib/python3.12/site-packages/airflow/example_dags/example_display_name.py
[2024-10-27T14:07:31.544+0000] {logging_mixin.py:190} INFO - [2024-10-27T14:07:31.544+0000] {dag.py:3239} INFO - Sync 1 DAGs
[2024-10-27T14:07:31.662+0000] {logging_mixin.py:190} INFO - [2024-10-27T14:07:31.661+0000] {dag.py:4180} INFO - Setting next_dagrun for example_display_name to None, run_after=None
[2024-10-27T14:07:31.852+0000] {processor.py:208} INFO - Processing /home/airflow/.local/lib/python3.12/site-packages/airflow/example_dags/example_display_name.py took 0.863 seconds
[2024-10-27T14:08:01.966+0000] {processor.py:186} INFO - Started process (PID=1763) to work on /home/airflow/.local/lib/python3.12/site-packages/airflow/example_dags/example_display_name.py
[2024-10-27T14:08:01.968+0000] {processor.py:914} INFO - Processing file /home/airflow/.local/lib/python3.12/site-packages/airflow/example_dags/example_display_name.py for tasks to queue
[2024-10-27T14:08:01.972+0000] {logging_mixin.py:190} INFO - [2024-10-27T14:08:01.971+0000] {dagbag.py:588} INFO - Filling up the DagBag from /home/airflow/.local/lib/python3.12/site-packages/airflow/example_dags/example_display_name.py
[2024-10-27T14:08:01.985+0000] {processor.py:925} INFO - DAG(s) 'example_display_name' retrieved from /home/airflow/.local/lib/python3.12/site-packages/airflow/example_dags/example_display_name.py
[2024-10-27T14:08:02.026+0000] {logging_mixin.py:190} INFO - [2024-10-27T14:08:02.025+0000] {dag.py:3239} INFO - Sync 1 DAGs
[2024-10-27T14:08:02.060+0000] {logging_mixin.py:190} INFO - [2024-10-27T14:08:02.059+0000] {dag.py:4180} INFO - Setting next_dagrun for example_display_name to None, run_after=None
[2024-10-27T14:08:02.135+0000] {processor.py:208} INFO - Processing /home/airflow/.local/lib/python3.12/site-packages/airflow/example_dags/example_display_name.py took 0.181 seconds
[2024-10-27T14:08:32.567+0000] {processor.py:186} INFO - Started process (PID=1825) to work on /home/airflow/.local/lib/python3.12/site-packages/airflow/example_dags/example_display_name.py
[2024-10-27T14:08:32.569+0000] {processor.py:914} INFO - Processing file /home/airflow/.local/lib/python3.12/site-packages/airflow/example_dags/example_display_name.py for tasks to queue
[2024-10-27T14:08:32.573+0000] {logging_mixin.py:190} INFO - [2024-10-27T14:08:32.573+0000] {dagbag.py:588} INFO - Filling up the DagBag from /home/airflow/.local/lib/python3.12/site-packages/airflow/example_dags/example_display_name.py
[2024-10-27T14:08:32.586+0000] {processor.py:925} INFO - DAG(s) 'example_display_name' retrieved from /home/airflow/.local/lib/python3.12/site-packages/airflow/example_dags/example_display_name.py
[2024-10-27T14:08:32.623+0000] {logging_mixin.py:190} INFO - [2024-10-27T14:08:32.622+0000] {dag.py:3239} INFO - Sync 1 DAGs
[2024-10-27T14:08:32.652+0000] {logging_mixin.py:190} INFO - [2024-10-27T14:08:32.652+0000] {dag.py:4180} INFO - Setting next_dagrun for example_display_name to None, run_after=None
[2024-10-27T14:08:32.721+0000] {processor.py:208} INFO - Processing /home/airflow/.local/lib/python3.12/site-packages/airflow/example_dags/example_display_name.py took 0.165 seconds
[2024-10-27T14:09:03.099+0000] {processor.py:186} INFO - Started process (PID=1888) to work on /home/airflow/.local/lib/python3.12/site-packages/airflow/example_dags/example_display_name.py
[2024-10-27T14:09:03.100+0000] {processor.py:914} INFO - Processing file /home/airflow/.local/lib/python3.12/site-packages/airflow/example_dags/example_display_name.py for tasks to queue
[2024-10-27T14:09:03.106+0000] {logging_mixin.py:190} INFO - [2024-10-27T14:09:03.105+0000] {dagbag.py:588} INFO - Filling up the DagBag from /home/airflow/.local/lib/python3.12/site-packages/airflow/example_dags/example_display_name.py
[2024-10-27T14:09:03.120+0000] {processor.py:925} INFO - DAG(s) 'example_display_name' retrieved from /home/airflow/.local/lib/python3.12/site-packages/airflow/example_dags/example_display_name.py
[2024-10-27T14:09:03.169+0000] {logging_mixin.py:190} INFO - [2024-10-27T14:09:03.169+0000] {dag.py:3239} INFO - Sync 1 DAGs
[2024-10-27T14:09:03.273+0000] {logging_mixin.py:190} INFO - [2024-10-27T14:09:03.273+0000] {dag.py:4180} INFO - Setting next_dagrun for example_display_name to None, run_after=None
[2024-10-27T14:09:03.352+0000] {processor.py:208} INFO - Processing /home/airflow/.local/lib/python3.12/site-packages/airflow/example_dags/example_display_name.py took 0.265 seconds
[2024-10-27T14:09:33.887+0000] {processor.py:186} INFO - Started process (PID=1950) to work on /home/airflow/.local/lib/python3.12/site-packages/airflow/example_dags/example_display_name.py
[2024-10-27T14:09:33.889+0000] {processor.py:914} INFO - Processing file /home/airflow/.local/lib/python3.12/site-packages/airflow/example_dags/example_display_name.py for tasks to queue
[2024-10-27T14:09:33.894+0000] {logging_mixin.py:190} INFO - [2024-10-27T14:09:33.893+0000] {dagbag.py:588} INFO - Filling up the DagBag from /home/airflow/.local/lib/python3.12/site-packages/airflow/example_dags/example_display_name.py
[2024-10-27T14:09:33.907+0000] {processor.py:925} INFO - DAG(s) 'example_display_name' retrieved from /home/airflow/.local/lib/python3.12/site-packages/airflow/example_dags/example_display_name.py
[2024-10-27T14:09:33.937+0000] {logging_mixin.py:190} INFO - [2024-10-27T14:09:33.937+0000] {dag.py:3239} INFO - Sync 1 DAGs
[2024-10-27T14:09:33.975+0000] {logging_mixin.py:190} INFO - [2024-10-27T14:09:33.975+0000] {dag.py:4180} INFO - Setting next_dagrun for example_display_name to None, run_after=None
[2024-10-27T14:09:34.027+0000] {processor.py:208} INFO - Processing /home/airflow/.local/lib/python3.12/site-packages/airflow/example_dags/example_display_name.py took 0.150 seconds
[2024-10-27T14:10:04.688+0000] {processor.py:186} INFO - Started process (PID=2011) to work on /home/airflow/.local/lib/python3.12/site-packages/airflow/example_dags/example_display_name.py
[2024-10-27T14:10:04.690+0000] {processor.py:914} INFO - Processing file /home/airflow/.local/lib/python3.12/site-packages/airflow/example_dags/example_display_name.py for tasks to queue
[2024-10-27T14:10:04.696+0000] {logging_mixin.py:190} INFO - [2024-10-27T14:10:04.694+0000] {dagbag.py:588} INFO - Filling up the DagBag from /home/airflow/.local/lib/python3.12/site-packages/airflow/example_dags/example_display_name.py
[2024-10-27T14:10:04.712+0000] {processor.py:925} INFO - DAG(s) 'example_display_name' retrieved from /home/airflow/.local/lib/python3.12/site-packages/airflow/example_dags/example_display_name.py
[2024-10-27T14:10:04.755+0000] {logging_mixin.py:190} INFO - [2024-10-27T14:10:04.754+0000] {dag.py:3239} INFO - Sync 1 DAGs
[2024-10-27T14:10:04.784+0000] {logging_mixin.py:190} INFO - [2024-10-27T14:10:04.784+0000] {dag.py:4180} INFO - Setting next_dagrun for example_display_name to None, run_after=None
[2024-10-27T14:10:05.133+0000] {processor.py:208} INFO - Processing /home/airflow/.local/lib/python3.12/site-packages/airflow/example_dags/example_display_name.py took 0.453 seconds
[2024-10-27T14:10:35.669+0000] {processor.py:186} INFO - Started process (PID=2073) to work on /home/airflow/.local/lib/python3.12/site-packages/airflow/example_dags/example_display_name.py
[2024-10-27T14:10:35.671+0000] {processor.py:914} INFO - Processing file /home/airflow/.local/lib/python3.12/site-packages/airflow/example_dags/example_display_name.py for tasks to queue
[2024-10-27T14:10:35.675+0000] {logging_mixin.py:190} INFO - [2024-10-27T14:10:35.675+0000] {dagbag.py:588} INFO - Filling up the DagBag from /home/airflow/.local/lib/python3.12/site-packages/airflow/example_dags/example_display_name.py
[2024-10-27T14:10:35.690+0000] {processor.py:925} INFO - DAG(s) 'example_display_name' retrieved from /home/airflow/.local/lib/python3.12/site-packages/airflow/example_dags/example_display_name.py
[2024-10-27T14:10:35.729+0000] {logging_mixin.py:190} INFO - [2024-10-27T14:10:35.729+0000] {dag.py:3239} INFO - Sync 1 DAGs
[2024-10-27T14:10:35.770+0000] {logging_mixin.py:190} INFO - [2024-10-27T14:10:35.769+0000] {dag.py:4180} INFO - Setting next_dagrun for example_display_name to None, run_after=None
[2024-10-27T14:10:35.829+0000] {processor.py:208} INFO - Processing /home/airflow/.local/lib/python3.12/site-packages/airflow/example_dags/example_display_name.py took 0.170 seconds
[2024-10-27T14:11:05.961+0000] {processor.py:186} INFO - Started process (PID=2134) to work on /home/airflow/.local/lib/python3.12/site-packages/airflow/example_dags/example_display_name.py
[2024-10-27T14:11:05.962+0000] {processor.py:914} INFO - Processing file /home/airflow/.local/lib/python3.12/site-packages/airflow/example_dags/example_display_name.py for tasks to queue
[2024-10-27T14:11:05.966+0000] {logging_mixin.py:190} INFO - [2024-10-27T14:11:05.966+0000] {dagbag.py:588} INFO - Filling up the DagBag from /home/airflow/.local/lib/python3.12/site-packages/airflow/example_dags/example_display_name.py
[2024-10-27T14:11:05.978+0000] {processor.py:925} INFO - DAG(s) 'example_display_name' retrieved from /home/airflow/.local/lib/python3.12/site-packages/airflow/example_dags/example_display_name.py
[2024-10-27T14:11:06.005+0000] {logging_mixin.py:190} INFO - [2024-10-27T14:11:06.005+0000] {dag.py:3239} INFO - Sync 1 DAGs
[2024-10-27T14:11:06.028+0000] {logging_mixin.py:190} INFO - [2024-10-27T14:11:06.028+0000] {dag.py:4180} INFO - Setting next_dagrun for example_display_name to None, run_after=None
[2024-10-27T14:11:06.080+0000] {processor.py:208} INFO - Processing /home/airflow/.local/lib/python3.12/site-packages/airflow/example_dags/example_display_name.py took 0.128 seconds
[2024-10-27T14:11:36.413+0000] {processor.py:186} INFO - Started process (PID=2196) to work on /home/airflow/.local/lib/python3.12/site-packages/airflow/example_dags/example_display_name.py
[2024-10-27T14:11:36.415+0000] {processor.py:914} INFO - Processing file /home/airflow/.local/lib/python3.12/site-packages/airflow/example_dags/example_display_name.py for tasks to queue
[2024-10-27T14:11:36.418+0000] {logging_mixin.py:190} INFO - [2024-10-27T14:11:36.418+0000] {dagbag.py:588} INFO - Filling up the DagBag from /home/airflow/.local/lib/python3.12/site-packages/airflow/example_dags/example_display_name.py
[2024-10-27T14:11:36.428+0000] {processor.py:925} INFO - DAG(s) 'example_display_name' retrieved from /home/airflow/.local/lib/python3.12/site-packages/airflow/example_dags/example_display_name.py
[2024-10-27T14:11:36.453+0000] {logging_mixin.py:190} INFO - [2024-10-27T14:11:36.453+0000] {dag.py:3239} INFO - Sync 1 DAGs
[2024-10-27T14:11:36.473+0000] {logging_mixin.py:190} INFO - [2024-10-27T14:11:36.473+0000] {dag.py:4180} INFO - Setting next_dagrun for example_display_name to None, run_after=None
[2024-10-27T14:11:36.514+0000] {processor.py:208} INFO - Processing /home/airflow/.local/lib/python3.12/site-packages/airflow/example_dags/example_display_name.py took 0.108 seconds
[2024-10-27T14:12:06.572+0000] {processor.py:186} INFO - Started process (PID=2258) to work on /home/airflow/.local/lib/python3.12/site-packages/airflow/example_dags/example_display_name.py
[2024-10-27T14:12:06.574+0000] {processor.py:914} INFO - Processing file /home/airflow/.local/lib/python3.12/site-packages/airflow/example_dags/example_display_name.py for tasks to queue
[2024-10-27T14:12:06.579+0000] {logging_mixin.py:190} INFO - [2024-10-27T14:12:06.578+0000] {dagbag.py:588} INFO - Filling up the DagBag from /home/airflow/.local/lib/python3.12/site-packages/airflow/example_dags/example_display_name.py
[2024-10-27T14:12:06.593+0000] {processor.py:925} INFO - DAG(s) 'example_display_name' retrieved from /home/airflow/.local/lib/python3.12/site-packages/airflow/example_dags/example_display_name.py
[2024-10-27T14:12:06.616+0000] {logging_mixin.py:190} INFO - [2024-10-27T14:12:06.616+0000] {dag.py:3239} INFO - Sync 1 DAGs
[2024-10-27T14:12:06.636+0000] {logging_mixin.py:190} INFO - [2024-10-27T14:12:06.636+0000] {dag.py:4180} INFO - Setting next_dagrun for example_display_name to None, run_after=None
[2024-10-27T14:12:06.777+0000] {processor.py:208} INFO - Processing /home/airflow/.local/lib/python3.12/site-packages/airflow/example_dags/example_display_name.py took 0.215 seconds
[2024-10-27T14:12:37.008+0000] {processor.py:186} INFO - Started process (PID=2320) to work on /home/airflow/.local/lib/python3.12/site-packages/airflow/example_dags/example_display_name.py
[2024-10-27T14:12:37.010+0000] {processor.py:914} INFO - Processing file /home/airflow/.local/lib/python3.12/site-packages/airflow/example_dags/example_display_name.py for tasks to queue
[2024-10-27T14:12:37.014+0000] {logging_mixin.py:190} INFO - [2024-10-27T14:12:37.014+0000] {dagbag.py:588} INFO - Filling up the DagBag from /home/airflow/.local/lib/python3.12/site-packages/airflow/example_dags/example_display_name.py
[2024-10-27T14:12:37.024+0000] {processor.py:925} INFO - DAG(s) 'example_display_name' retrieved from /home/airflow/.local/lib/python3.12/site-packages/airflow/example_dags/example_display_name.py
[2024-10-27T14:12:37.048+0000] {logging_mixin.py:190} INFO - [2024-10-27T14:12:37.048+0000] {dag.py:3239} INFO - Sync 1 DAGs
[2024-10-27T14:12:37.067+0000] {logging_mixin.py:190} INFO - [2024-10-27T14:12:37.067+0000] {dag.py:4180} INFO - Setting next_dagrun for example_display_name to None, run_after=None
[2024-10-27T14:12:37.379+0000] {processor.py:208} INFO - Processing /home/airflow/.local/lib/python3.12/site-packages/airflow/example_dags/example_display_name.py took 0.380 seconds
[2024-10-27T14:13:07.825+0000] {processor.py:186} INFO - Started process (PID=2382) to work on /home/airflow/.local/lib/python3.12/site-packages/airflow/example_dags/example_display_name.py
[2024-10-27T14:13:07.827+0000] {processor.py:914} INFO - Processing file /home/airflow/.local/lib/python3.12/site-packages/airflow/example_dags/example_display_name.py for tasks to queue
[2024-10-27T14:13:07.832+0000] {logging_mixin.py:190} INFO - [2024-10-27T14:13:07.832+0000] {dagbag.py:588} INFO - Filling up the DagBag from /home/airflow/.local/lib/python3.12/site-packages/airflow/example_dags/example_display_name.py
[2024-10-27T14:13:07.866+0000] {processor.py:925} INFO - DAG(s) 'example_display_name' retrieved from /home/airflow/.local/lib/python3.12/site-packages/airflow/example_dags/example_display_name.py
[2024-10-27T14:13:07.908+0000] {logging_mixin.py:190} INFO - [2024-10-27T14:13:07.907+0000] {dag.py:3239} INFO - Sync 1 DAGs
[2024-10-27T14:13:07.938+0000] {logging_mixin.py:190} INFO - [2024-10-27T14:13:07.937+0000] {dag.py:4180} INFO - Setting next_dagrun for example_display_name to None, run_after=None
[2024-10-27T14:13:08.001+0000] {processor.py:208} INFO - Processing /home/airflow/.local/lib/python3.12/site-packages/airflow/example_dags/example_display_name.py took 0.198 seconds
[2024-10-27T14:13:38.152+0000] {processor.py:186} INFO - Started process (PID=2444) to work on /home/airflow/.local/lib/python3.12/site-packages/airflow/example_dags/example_display_name.py
[2024-10-27T14:13:38.154+0000] {processor.py:914} INFO - Processing file /home/airflow/.local/lib/python3.12/site-packages/airflow/example_dags/example_display_name.py for tasks to queue
[2024-10-27T14:13:38.157+0000] {logging_mixin.py:190} INFO - [2024-10-27T14:13:38.157+0000] {dagbag.py:588} INFO - Filling up the DagBag from /home/airflow/.local/lib/python3.12/site-packages/airflow/example_dags/example_display_name.py
[2024-10-27T14:13:38.167+0000] {processor.py:925} INFO - DAG(s) 'example_display_name' retrieved from /home/airflow/.local/lib/python3.12/site-packages/airflow/example_dags/example_display_name.py
[2024-10-27T14:13:38.194+0000] {logging_mixin.py:190} INFO - [2024-10-27T14:13:38.193+0000] {dag.py:3239} INFO - Sync 1 DAGs
[2024-10-27T14:13:38.214+0000] {logging_mixin.py:190} INFO - [2024-10-27T14:13:38.214+0000] {dag.py:4180} INFO - Setting next_dagrun for example_display_name to None, run_after=None
[2024-10-27T14:13:38.436+0000] {processor.py:208} INFO - Processing /home/airflow/.local/lib/python3.12/site-packages/airflow/example_dags/example_display_name.py took 0.294 seconds
[2024-10-27T14:14:08.700+0000] {processor.py:186} INFO - Started process (PID=2506) to work on /home/airflow/.local/lib/python3.12/site-packages/airflow/example_dags/example_display_name.py
[2024-10-27T14:14:08.702+0000] {processor.py:914} INFO - Processing file /home/airflow/.local/lib/python3.12/site-packages/airflow/example_dags/example_display_name.py for tasks to queue
[2024-10-27T14:14:08.705+0000] {logging_mixin.py:190} INFO - [2024-10-27T14:14:08.705+0000] {dagbag.py:588} INFO - Filling up the DagBag from /home/airflow/.local/lib/python3.12/site-packages/airflow/example_dags/example_display_name.py
[2024-10-27T14:14:08.713+0000] {processor.py:925} INFO - DAG(s) 'example_display_name' retrieved from /home/airflow/.local/lib/python3.12/site-packages/airflow/example_dags/example_display_name.py
[2024-10-27T14:14:08.738+0000] {logging_mixin.py:190} INFO - [2024-10-27T14:14:08.738+0000] {dag.py:3239} INFO - Sync 1 DAGs
[2024-10-27T14:14:08.757+0000] {logging_mixin.py:190} INFO - [2024-10-27T14:14:08.757+0000] {dag.py:4180} INFO - Setting next_dagrun for example_display_name to None, run_after=None
[2024-10-27T14:14:09.004+0000] {processor.py:208} INFO - Processing /home/airflow/.local/lib/python3.12/site-packages/airflow/example_dags/example_display_name.py took 0.312 seconds
[2024-10-27T14:14:39.379+0000] {processor.py:186} INFO - Started process (PID=2568) to work on /home/airflow/.local/lib/python3.12/site-packages/airflow/example_dags/example_display_name.py
[2024-10-27T14:14:39.380+0000] {processor.py:914} INFO - Processing file /home/airflow/.local/lib/python3.12/site-packages/airflow/example_dags/example_display_name.py for tasks to queue
[2024-10-27T14:14:39.385+0000] {logging_mixin.py:190} INFO - [2024-10-27T14:14:39.384+0000] {dagbag.py:588} INFO - Filling up the DagBag from /home/airflow/.local/lib/python3.12/site-packages/airflow/example_dags/example_display_name.py
[2024-10-27T14:14:39.397+0000] {processor.py:925} INFO - DAG(s) 'example_display_name' retrieved from /home/airflow/.local/lib/python3.12/site-packages/airflow/example_dags/example_display_name.py
[2024-10-27T14:14:39.425+0000] {logging_mixin.py:190} INFO - [2024-10-27T14:14:39.424+0000] {dag.py:3239} INFO - Sync 1 DAGs
[2024-10-27T14:14:39.448+0000] {logging_mixin.py:190} INFO - [2024-10-27T14:14:39.448+0000] {dag.py:4180} INFO - Setting next_dagrun for example_display_name to None, run_after=None
[2024-10-27T14:14:39.674+0000] {processor.py:208} INFO - Processing /home/airflow/.local/lib/python3.12/site-packages/airflow/example_dags/example_display_name.py took 0.304 seconds
[2024-10-27T14:15:10.130+0000] {processor.py:186} INFO - Started process (PID=2630) to work on /home/airflow/.local/lib/python3.12/site-packages/airflow/example_dags/example_display_name.py
[2024-10-27T14:15:10.132+0000] {processor.py:914} INFO - Processing file /home/airflow/.local/lib/python3.12/site-packages/airflow/example_dags/example_display_name.py for tasks to queue
[2024-10-27T14:15:10.136+0000] {logging_mixin.py:190} INFO - [2024-10-27T14:15:10.135+0000] {dagbag.py:588} INFO - Filling up the DagBag from /home/airflow/.local/lib/python3.12/site-packages/airflow/example_dags/example_display_name.py
[2024-10-27T14:15:10.147+0000] {processor.py:925} INFO - DAG(s) 'example_display_name' retrieved from /home/airflow/.local/lib/python3.12/site-packages/airflow/example_dags/example_display_name.py
[2024-10-27T14:15:10.172+0000] {logging_mixin.py:190} INFO - [2024-10-27T14:15:10.171+0000] {dag.py:3239} INFO - Sync 1 DAGs
[2024-10-27T14:15:10.190+0000] {logging_mixin.py:190} INFO - [2024-10-27T14:15:10.190+0000] {dag.py:4180} INFO - Setting next_dagrun for example_display_name to None, run_after=None
[2024-10-27T14:15:10.342+0000] {processor.py:208} INFO - Processing /home/airflow/.local/lib/python3.12/site-packages/airflow/example_dags/example_display_name.py took 0.222 seconds
[2024-10-27T14:15:41.004+0000] {processor.py:186} INFO - Started process (PID=2692) to work on /home/airflow/.local/lib/python3.12/site-packages/airflow/example_dags/example_display_name.py
[2024-10-27T14:15:41.006+0000] {processor.py:914} INFO - Processing file /home/airflow/.local/lib/python3.12/site-packages/airflow/example_dags/example_display_name.py for tasks to queue
[2024-10-27T14:15:41.009+0000] {logging_mixin.py:190} INFO - [2024-10-27T14:15:41.009+0000] {dagbag.py:588} INFO - Filling up the DagBag from /home/airflow/.local/lib/python3.12/site-packages/airflow/example_dags/example_display_name.py
[2024-10-27T14:15:41.018+0000] {processor.py:925} INFO - DAG(s) 'example_display_name' retrieved from /home/airflow/.local/lib/python3.12/site-packages/airflow/example_dags/example_display_name.py
[2024-10-27T14:15:41.043+0000] {logging_mixin.py:190} INFO - [2024-10-27T14:15:41.043+0000] {dag.py:3239} INFO - Sync 1 DAGs
[2024-10-27T14:15:41.062+0000] {logging_mixin.py:190} INFO - [2024-10-27T14:15:41.062+0000] {dag.py:4180} INFO - Setting next_dagrun for example_display_name to None, run_after=None
[2024-10-27T14:15:41.455+0000] {processor.py:208} INFO - Processing /home/airflow/.local/lib/python3.12/site-packages/airflow/example_dags/example_display_name.py took 0.459 seconds
[2024-10-27T14:16:11.648+0000] {processor.py:186} INFO - Started process (PID=2754) to work on /home/airflow/.local/lib/python3.12/site-packages/airflow/example_dags/example_display_name.py
[2024-10-27T14:16:11.649+0000] {processor.py:914} INFO - Processing file /home/airflow/.local/lib/python3.12/site-packages/airflow/example_dags/example_display_name.py for tasks to queue
[2024-10-27T14:16:11.653+0000] {logging_mixin.py:190} INFO - [2024-10-27T14:16:11.652+0000] {dagbag.py:588} INFO - Filling up the DagBag from /home/airflow/.local/lib/python3.12/site-packages/airflow/example_dags/example_display_name.py
[2024-10-27T14:16:11.662+0000] {processor.py:925} INFO - DAG(s) 'example_display_name' retrieved from /home/airflow/.local/lib/python3.12/site-packages/airflow/example_dags/example_display_name.py
[2024-10-27T14:16:11.689+0000] {logging_mixin.py:190} INFO - [2024-10-27T14:16:11.689+0000] {dag.py:3239} INFO - Sync 1 DAGs
[2024-10-27T14:16:11.707+0000] {logging_mixin.py:190} INFO - [2024-10-27T14:16:11.707+0000] {dag.py:4180} INFO - Setting next_dagrun for example_display_name to None, run_after=None
[2024-10-27T14:16:11.816+0000] {processor.py:208} INFO - Processing /home/airflow/.local/lib/python3.12/site-packages/airflow/example_dags/example_display_name.py took 0.176 seconds
[2024-10-27T14:16:42.558+0000] {processor.py:186} INFO - Started process (PID=2816) to work on /home/airflow/.local/lib/python3.12/site-packages/airflow/example_dags/example_display_name.py
[2024-10-27T14:16:42.560+0000] {processor.py:914} INFO - Processing file /home/airflow/.local/lib/python3.12/site-packages/airflow/example_dags/example_display_name.py for tasks to queue
[2024-10-27T14:16:42.565+0000] {logging_mixin.py:190} INFO - [2024-10-27T14:16:42.564+0000] {dagbag.py:588} INFO - Filling up the DagBag from /home/airflow/.local/lib/python3.12/site-packages/airflow/example_dags/example_display_name.py
[2024-10-27T14:16:42.575+0000] {processor.py:925} INFO - DAG(s) 'example_display_name' retrieved from /home/airflow/.local/lib/python3.12/site-packages/airflow/example_dags/example_display_name.py
[2024-10-27T14:16:42.600+0000] {logging_mixin.py:190} INFO - [2024-10-27T14:16:42.600+0000] {dag.py:3239} INFO - Sync 1 DAGs
[2024-10-27T14:16:42.636+0000] {logging_mixin.py:190} INFO - [2024-10-27T14:16:42.636+0000] {dag.py:4180} INFO - Setting next_dagrun for example_display_name to None, run_after=None
[2024-10-27T14:16:42.779+0000] {processor.py:208} INFO - Processing /home/airflow/.local/lib/python3.12/site-packages/airflow/example_dags/example_display_name.py took 0.239 seconds
[2024-10-27T14:17:13.698+0000] {processor.py:186} INFO - Started process (PID=2884) to work on /home/airflow/.local/lib/python3.12/site-packages/airflow/example_dags/example_display_name.py
[2024-10-27T14:17:13.700+0000] {processor.py:914} INFO - Processing file /home/airflow/.local/lib/python3.12/site-packages/airflow/example_dags/example_display_name.py for tasks to queue
[2024-10-27T14:17:13.707+0000] {logging_mixin.py:190} INFO - [2024-10-27T14:17:13.707+0000] {dagbag.py:588} INFO - Filling up the DagBag from /home/airflow/.local/lib/python3.12/site-packages/airflow/example_dags/example_display_name.py
[2024-10-27T14:17:13.720+0000] {processor.py:925} INFO - DAG(s) 'example_display_name' retrieved from /home/airflow/.local/lib/python3.12/site-packages/airflow/example_dags/example_display_name.py
[2024-10-27T14:17:13.750+0000] {logging_mixin.py:190} INFO - [2024-10-27T14:17:13.750+0000] {dag.py:3239} INFO - Sync 1 DAGs
[2024-10-27T14:17:13.775+0000] {logging_mixin.py:190} INFO - [2024-10-27T14:17:13.775+0000] {dag.py:4180} INFO - Setting next_dagrun for example_display_name to None, run_after=None
[2024-10-27T14:17:13.815+0000] {processor.py:208} INFO - Processing /home/airflow/.local/lib/python3.12/site-packages/airflow/example_dags/example_display_name.py took 0.127 seconds
[2024-10-27T14:17:44.943+0000] {processor.py:186} INFO - Started process (PID=2945) to work on /home/airflow/.local/lib/python3.12/site-packages/airflow/example_dags/example_display_name.py
[2024-10-27T14:17:44.951+0000] {processor.py:914} INFO - Processing file /home/airflow/.local/lib/python3.12/site-packages/airflow/example_dags/example_display_name.py for tasks to queue
[2024-10-27T14:17:44.956+0000] {logging_mixin.py:190} INFO - [2024-10-27T14:17:44.955+0000] {dagbag.py:588} INFO - Filling up the DagBag from /home/airflow/.local/lib/python3.12/site-packages/airflow/example_dags/example_display_name.py
[2024-10-27T14:17:45.004+0000] {processor.py:925} INFO - DAG(s) 'example_display_name' retrieved from /home/airflow/.local/lib/python3.12/site-packages/airflow/example_dags/example_display_name.py
[2024-10-27T14:17:45.097+0000] {logging_mixin.py:190} INFO - [2024-10-27T14:17:45.096+0000] {dag.py:3239} INFO - Sync 1 DAGs
[2024-10-27T14:17:45.192+0000] {logging_mixin.py:190} INFO - [2024-10-27T14:17:45.192+0000] {dag.py:4180} INFO - Setting next_dagrun for example_display_name to None, run_after=None
[2024-10-27T14:17:45.615+0000] {processor.py:208} INFO - Processing /home/airflow/.local/lib/python3.12/site-packages/airflow/example_dags/example_display_name.py took 0.706 seconds
[2024-10-27T14:18:16.618+0000] {processor.py:186} INFO - Started process (PID=3007) to work on /home/airflow/.local/lib/python3.12/site-packages/airflow/example_dags/example_display_name.py
[2024-10-27T14:18:16.621+0000] {processor.py:914} INFO - Processing file /home/airflow/.local/lib/python3.12/site-packages/airflow/example_dags/example_display_name.py for tasks to queue
[2024-10-27T14:18:16.629+0000] {logging_mixin.py:190} INFO - [2024-10-27T14:18:16.628+0000] {dagbag.py:588} INFO - Filling up the DagBag from /home/airflow/.local/lib/python3.12/site-packages/airflow/example_dags/example_display_name.py
[2024-10-27T14:18:16.654+0000] {processor.py:925} INFO - DAG(s) 'example_display_name' retrieved from /home/airflow/.local/lib/python3.12/site-packages/airflow/example_dags/example_display_name.py
[2024-10-27T14:18:16.733+0000] {logging_mixin.py:190} INFO - [2024-10-27T14:18:16.732+0000] {dag.py:3239} INFO - Sync 1 DAGs
[2024-10-27T14:18:16.806+0000] {logging_mixin.py:190} INFO - [2024-10-27T14:18:16.805+0000] {dag.py:4180} INFO - Setting next_dagrun for example_display_name to None, run_after=None
[2024-10-27T14:18:16.892+0000] {processor.py:208} INFO - Processing /home/airflow/.local/lib/python3.12/site-packages/airflow/example_dags/example_display_name.py took 0.297 seconds
[2024-10-27T14:18:48.502+0000] {processor.py:186} INFO - Started process (PID=3072) to work on /home/airflow/.local/lib/python3.12/site-packages/airflow/example_dags/example_display_name.py
[2024-10-27T14:18:48.510+0000] {processor.py:914} INFO - Processing file /home/airflow/.local/lib/python3.12/site-packages/airflow/example_dags/example_display_name.py for tasks to queue
[2024-10-27T14:18:48.541+0000] {logging_mixin.py:190} INFO - [2024-10-27T14:18:48.541+0000] {dagbag.py:588} INFO - Filling up the DagBag from /home/airflow/.local/lib/python3.12/site-packages/airflow/example_dags/example_display_name.py
[2024-10-27T14:18:48.583+0000] {processor.py:925} INFO - DAG(s) 'example_display_name' retrieved from /home/airflow/.local/lib/python3.12/site-packages/airflow/example_dags/example_display_name.py
[2024-10-27T14:18:48.670+0000] {logging_mixin.py:190} INFO - [2024-10-27T14:18:48.669+0000] {dag.py:3239} INFO - Sync 1 DAGs
[2024-10-27T14:18:48.777+0000] {logging_mixin.py:190} INFO - [2024-10-27T14:18:48.777+0000] {dag.py:4180} INFO - Setting next_dagrun for example_display_name to None, run_after=None
[2024-10-27T14:18:49.597+0000] {processor.py:208} INFO - Processing /home/airflow/.local/lib/python3.12/site-packages/airflow/example_dags/example_display_name.py took 1.116 seconds
[2024-10-27T14:19:20.092+0000] {processor.py:186} INFO - Started process (PID=3135) to work on /home/airflow/.local/lib/python3.12/site-packages/airflow/example_dags/example_display_name.py
[2024-10-27T14:19:20.157+0000] {processor.py:914} INFO - Processing file /home/airflow/.local/lib/python3.12/site-packages/airflow/example_dags/example_display_name.py for tasks to queue
[2024-10-27T14:19:20.175+0000] {logging_mixin.py:190} INFO - [2024-10-27T14:19:20.174+0000] {dagbag.py:588} INFO - Filling up the DagBag from /home/airflow/.local/lib/python3.12/site-packages/airflow/example_dags/example_display_name.py
[2024-10-27T14:19:20.196+0000] {processor.py:925} INFO - DAG(s) 'example_display_name' retrieved from /home/airflow/.local/lib/python3.12/site-packages/airflow/example_dags/example_display_name.py
[2024-10-27T14:19:20.225+0000] {logging_mixin.py:190} INFO - [2024-10-27T14:19:20.225+0000] {dag.py:3239} INFO - Sync 1 DAGs
[2024-10-27T14:19:20.246+0000] {logging_mixin.py:190} INFO - [2024-10-27T14:19:20.245+0000] {dag.py:4180} INFO - Setting next_dagrun for example_display_name to None, run_after=None
[2024-10-27T14:19:20.333+0000] {processor.py:208} INFO - Processing /home/airflow/.local/lib/python3.12/site-packages/airflow/example_dags/example_display_name.py took 0.250 seconds
[2024-10-27T14:19:51.028+0000] {processor.py:186} INFO - Started process (PID=3197) to work on /home/airflow/.local/lib/python3.12/site-packages/airflow/example_dags/example_display_name.py
[2024-10-27T14:19:51.036+0000] {processor.py:914} INFO - Processing file /home/airflow/.local/lib/python3.12/site-packages/airflow/example_dags/example_display_name.py for tasks to queue
[2024-10-27T14:19:51.040+0000] {logging_mixin.py:190} INFO - [2024-10-27T14:19:51.040+0000] {dagbag.py:588} INFO - Filling up the DagBag from /home/airflow/.local/lib/python3.12/site-packages/airflow/example_dags/example_display_name.py
[2024-10-27T14:19:51.056+0000] {processor.py:925} INFO - DAG(s) 'example_display_name' retrieved from /home/airflow/.local/lib/python3.12/site-packages/airflow/example_dags/example_display_name.py
[2024-10-27T14:19:51.101+0000] {logging_mixin.py:190} INFO - [2024-10-27T14:19:51.098+0000] {dag.py:3239} INFO - Sync 1 DAGs
[2024-10-27T14:19:51.132+0000] {logging_mixin.py:190} INFO - [2024-10-27T14:19:51.131+0000] {dag.py:4180} INFO - Setting next_dagrun for example_display_name to None, run_after=None
[2024-10-27T14:19:51.224+0000] {processor.py:208} INFO - Processing /home/airflow/.local/lib/python3.12/site-packages/airflow/example_dags/example_display_name.py took 0.219 seconds
[2024-10-27T14:20:22.978+0000] {processor.py:186} INFO - Started process (PID=3259) to work on /home/airflow/.local/lib/python3.12/site-packages/airflow/example_dags/example_display_name.py
[2024-10-27T14:20:22.986+0000] {processor.py:914} INFO - Processing file /home/airflow/.local/lib/python3.12/site-packages/airflow/example_dags/example_display_name.py for tasks to queue
[2024-10-27T14:20:23.004+0000] {logging_mixin.py:190} INFO - [2024-10-27T14:20:23.003+0000] {dagbag.py:588} INFO - Filling up the DagBag from /home/airflow/.local/lib/python3.12/site-packages/airflow/example_dags/example_display_name.py
[2024-10-27T14:20:23.085+0000] {processor.py:925} INFO - DAG(s) 'example_display_name' retrieved from /home/airflow/.local/lib/python3.12/site-packages/airflow/example_dags/example_display_name.py
[2024-10-27T14:20:23.319+0000] {logging_mixin.py:190} INFO - [2024-10-27T14:20:23.319+0000] {dag.py:3239} INFO - Sync 1 DAGs
[2024-10-27T14:20:23.508+0000] {logging_mixin.py:190} INFO - [2024-10-27T14:20:23.507+0000] {dag.py:4180} INFO - Setting next_dagrun for example_display_name to None, run_after=None
[2024-10-27T14:20:23.690+0000] {processor.py:208} INFO - Processing /home/airflow/.local/lib/python3.12/site-packages/airflow/example_dags/example_display_name.py took 0.747 seconds
[2024-10-27T14:20:54.194+0000] {processor.py:186} INFO - Started process (PID=3320) to work on /home/airflow/.local/lib/python3.12/site-packages/airflow/example_dags/example_display_name.py
[2024-10-27T14:20:54.202+0000] {processor.py:914} INFO - Processing file /home/airflow/.local/lib/python3.12/site-packages/airflow/example_dags/example_display_name.py for tasks to queue
[2024-10-27T14:20:54.231+0000] {logging_mixin.py:190} INFO - [2024-10-27T14:20:54.230+0000] {dagbag.py:588} INFO - Filling up the DagBag from /home/airflow/.local/lib/python3.12/site-packages/airflow/example_dags/example_display_name.py
[2024-10-27T14:20:54.279+0000] {processor.py:925} INFO - DAG(s) 'example_display_name' retrieved from /home/airflow/.local/lib/python3.12/site-packages/airflow/example_dags/example_display_name.py
[2024-10-27T14:20:54.368+0000] {logging_mixin.py:190} INFO - [2024-10-27T14:20:54.365+0000] {dag.py:3239} INFO - Sync 1 DAGs
[2024-10-27T14:20:54.496+0000] {logging_mixin.py:190} INFO - [2024-10-27T14:20:54.495+0000] {dag.py:4180} INFO - Setting next_dagrun for example_display_name to None, run_after=None
[2024-10-27T14:20:54.645+0000] {processor.py:208} INFO - Processing /home/airflow/.local/lib/python3.12/site-packages/airflow/example_dags/example_display_name.py took 0.485 seconds
[2024-10-27T14:21:29.368+0000] {processor.py:186} INFO - Started process (PID=3382) to work on /home/airflow/.local/lib/python3.12/site-packages/airflow/example_dags/example_display_name.py
[2024-10-27T14:21:29.372+0000] {processor.py:914} INFO - Processing file /home/airflow/.local/lib/python3.12/site-packages/airflow/example_dags/example_display_name.py for tasks to queue
[2024-10-27T14:21:29.389+0000] {logging_mixin.py:190} INFO - [2024-10-27T14:21:29.388+0000] {dagbag.py:588} INFO - Filling up the DagBag from /home/airflow/.local/lib/python3.12/site-packages/airflow/example_dags/example_display_name.py
[2024-10-27T14:21:29.446+0000] {processor.py:925} INFO - DAG(s) 'example_display_name' retrieved from /home/airflow/.local/lib/python3.12/site-packages/airflow/example_dags/example_display_name.py
[2024-10-27T14:21:29.582+0000] {logging_mixin.py:190} INFO - [2024-10-27T14:21:29.582+0000] {dag.py:3239} INFO - Sync 1 DAGs
[2024-10-27T14:21:29.714+0000] {logging_mixin.py:190} INFO - [2024-10-27T14:21:29.713+0000] {dag.py:4180} INFO - Setting next_dagrun for example_display_name to None, run_after=None
[2024-10-27T14:21:30.006+0000] {processor.py:208} INFO - Processing /home/airflow/.local/lib/python3.12/site-packages/airflow/example_dags/example_display_name.py took 0.673 seconds
[2024-10-27T14:22:05.348+0000] {processor.py:186} INFO - Started process (PID=3441) to work on /home/airflow/.local/lib/python3.12/site-packages/airflow/example_dags/example_display_name.py
[2024-10-27T14:22:05.355+0000] {processor.py:914} INFO - Processing file /home/airflow/.local/lib/python3.12/site-packages/airflow/example_dags/example_display_name.py for tasks to queue
[2024-10-27T14:22:05.360+0000] {logging_mixin.py:190} INFO - [2024-10-27T14:22:05.359+0000] {dagbag.py:588} INFO - Filling up the DagBag from /home/airflow/.local/lib/python3.12/site-packages/airflow/example_dags/example_display_name.py
[2024-10-27T14:22:05.384+0000] {processor.py:925} INFO - DAG(s) 'example_display_name' retrieved from /home/airflow/.local/lib/python3.12/site-packages/airflow/example_dags/example_display_name.py
[2024-10-27T14:22:05.505+0000] {logging_mixin.py:190} INFO - [2024-10-27T14:22:05.505+0000] {dag.py:3239} INFO - Sync 1 DAGs
[2024-10-27T14:22:05.655+0000] {logging_mixin.py:190} INFO - [2024-10-27T14:22:05.654+0000] {dag.py:4180} INFO - Setting next_dagrun for example_display_name to None, run_after=None
[2024-10-27T14:22:05.748+0000] {processor.py:208} INFO - Processing /home/airflow/.local/lib/python3.12/site-packages/airflow/example_dags/example_display_name.py took 0.420 seconds
[2024-10-27T14:22:38.157+0000] {processor.py:186} INFO - Started process (PID=3503) to work on /home/airflow/.local/lib/python3.12/site-packages/airflow/example_dags/example_display_name.py
[2024-10-27T14:22:38.159+0000] {processor.py:914} INFO - Processing file /home/airflow/.local/lib/python3.12/site-packages/airflow/example_dags/example_display_name.py for tasks to queue
[2024-10-27T14:22:38.163+0000] {logging_mixin.py:190} INFO - [2024-10-27T14:22:38.163+0000] {dagbag.py:588} INFO - Filling up the DagBag from /home/airflow/.local/lib/python3.12/site-packages/airflow/example_dags/example_display_name.py
[2024-10-27T14:22:38.179+0000] {processor.py:925} INFO - DAG(s) 'example_display_name' retrieved from /home/airflow/.local/lib/python3.12/site-packages/airflow/example_dags/example_display_name.py
[2024-10-27T14:22:38.241+0000] {logging_mixin.py:190} INFO - [2024-10-27T14:22:38.240+0000] {dag.py:3239} INFO - Sync 1 DAGs
[2024-10-27T14:22:38.282+0000] {logging_mixin.py:190} INFO - [2024-10-27T14:22:38.282+0000] {dag.py:4180} INFO - Setting next_dagrun for example_display_name to None, run_after=None
[2024-10-27T14:22:38.925+0000] {processor.py:208} INFO - Processing /home/airflow/.local/lib/python3.12/site-packages/airflow/example_dags/example_display_name.py took 0.782 seconds
[2024-10-27T14:23:11.904+0000] {processor.py:186} INFO - Started process (PID=3567) to work on /home/airflow/.local/lib/python3.12/site-packages/airflow/example_dags/example_display_name.py
[2024-10-27T14:23:11.948+0000] {processor.py:914} INFO - Processing file /home/airflow/.local/lib/python3.12/site-packages/airflow/example_dags/example_display_name.py for tasks to queue
[2024-10-27T14:23:11.986+0000] {logging_mixin.py:190} INFO - [2024-10-27T14:23:11.985+0000] {dagbag.py:588} INFO - Filling up the DagBag from /home/airflow/.local/lib/python3.12/site-packages/airflow/example_dags/example_display_name.py
[2024-10-27T14:23:12.006+0000] {processor.py:925} INFO - DAG(s) 'example_display_name' retrieved from /home/airflow/.local/lib/python3.12/site-packages/airflow/example_dags/example_display_name.py
[2024-10-27T14:23:12.037+0000] {logging_mixin.py:190} INFO - [2024-10-27T14:23:12.036+0000] {dag.py:3239} INFO - Sync 1 DAGs
[2024-10-27T14:23:12.062+0000] {logging_mixin.py:190} INFO - [2024-10-27T14:23:12.061+0000] {dag.py:4180} INFO - Setting next_dagrun for example_display_name to None, run_after=None
[2024-10-27T14:23:12.114+0000] {processor.py:208} INFO - Processing /home/airflow/.local/lib/python3.12/site-packages/airflow/example_dags/example_display_name.py took 0.218 seconds
[2024-10-27T14:23:43.173+0000] {processor.py:186} INFO - Started process (PID=3628) to work on /home/airflow/.local/lib/python3.12/site-packages/airflow/example_dags/example_display_name.py
[2024-10-27T14:23:43.180+0000] {processor.py:914} INFO - Processing file /home/airflow/.local/lib/python3.12/site-packages/airflow/example_dags/example_display_name.py for tasks to queue
[2024-10-27T14:23:43.184+0000] {logging_mixin.py:190} INFO - [2024-10-27T14:23:43.183+0000] {dagbag.py:588} INFO - Filling up the DagBag from /home/airflow/.local/lib/python3.12/site-packages/airflow/example_dags/example_display_name.py
[2024-10-27T14:23:43.233+0000] {processor.py:925} INFO - DAG(s) 'example_display_name' retrieved from /home/airflow/.local/lib/python3.12/site-packages/airflow/example_dags/example_display_name.py
[2024-10-27T14:23:43.271+0000] {logging_mixin.py:190} INFO - [2024-10-27T14:23:43.270+0000] {dag.py:3239} INFO - Sync 1 DAGs
[2024-10-27T14:23:43.308+0000] {logging_mixin.py:190} INFO - [2024-10-27T14:23:43.305+0000] {dag.py:4180} INFO - Setting next_dagrun for example_display_name to None, run_after=None
[2024-10-27T14:23:43.393+0000] {processor.py:208} INFO - Processing /home/airflow/.local/lib/python3.12/site-packages/airflow/example_dags/example_display_name.py took 0.233 seconds
[2024-10-27T14:24:18.252+0000] {processor.py:186} INFO - Started process (PID=3698) to work on /home/airflow/.local/lib/python3.12/site-packages/airflow/example_dags/example_display_name.py
[2024-10-27T14:24:18.254+0000] {processor.py:914} INFO - Processing file /home/airflow/.local/lib/python3.12/site-packages/airflow/example_dags/example_display_name.py for tasks to queue
[2024-10-27T14:24:18.257+0000] {logging_mixin.py:190} INFO - [2024-10-27T14:24:18.257+0000] {dagbag.py:588} INFO - Filling up the DagBag from /home/airflow/.local/lib/python3.12/site-packages/airflow/example_dags/example_display_name.py
[2024-10-27T14:24:18.267+0000] {processor.py:925} INFO - DAG(s) 'example_display_name' retrieved from /home/airflow/.local/lib/python3.12/site-packages/airflow/example_dags/example_display_name.py
[2024-10-27T14:24:18.296+0000] {logging_mixin.py:190} INFO - [2024-10-27T14:24:18.296+0000] {dag.py:3239} INFO - Sync 1 DAGs
[2024-10-27T14:24:18.554+0000] {logging_mixin.py:190} INFO - [2024-10-27T14:24:18.554+0000] {dag.py:4180} INFO - Setting next_dagrun for example_display_name to None, run_after=None
[2024-10-27T14:24:18.699+0000] {processor.py:208} INFO - Processing /home/airflow/.local/lib/python3.12/site-packages/airflow/example_dags/example_display_name.py took 0.457 seconds
[2024-10-27T14:24:50.589+0000] {processor.py:186} INFO - Started process (PID=3760) to work on /home/airflow/.local/lib/python3.12/site-packages/airflow/example_dags/example_display_name.py
[2024-10-27T14:24:50.595+0000] {processor.py:914} INFO - Processing file /home/airflow/.local/lib/python3.12/site-packages/airflow/example_dags/example_display_name.py for tasks to queue
[2024-10-27T14:24:50.599+0000] {logging_mixin.py:190} INFO - [2024-10-27T14:24:50.599+0000] {dagbag.py:588} INFO - Filling up the DagBag from /home/airflow/.local/lib/python3.12/site-packages/airflow/example_dags/example_display_name.py
[2024-10-27T14:24:50.610+0000] {processor.py:925} INFO - DAG(s) 'example_display_name' retrieved from /home/airflow/.local/lib/python3.12/site-packages/airflow/example_dags/example_display_name.py
[2024-10-27T14:24:50.638+0000] {logging_mixin.py:190} INFO - [2024-10-27T14:24:50.638+0000] {dag.py:3239} INFO - Sync 1 DAGs
[2024-10-27T14:24:50.664+0000] {logging_mixin.py:190} INFO - [2024-10-27T14:24:50.664+0000] {dag.py:4180} INFO - Setting next_dagrun for example_display_name to None, run_after=None
[2024-10-27T14:24:50.703+0000] {processor.py:208} INFO - Processing /home/airflow/.local/lib/python3.12/site-packages/airflow/example_dags/example_display_name.py took 0.124 seconds
[2024-10-27T14:25:21.054+0000] {processor.py:186} INFO - Started process (PID=3823) to work on /home/airflow/.local/lib/python3.12/site-packages/airflow/example_dags/example_display_name.py
[2024-10-27T14:25:21.056+0000] {processor.py:914} INFO - Processing file /home/airflow/.local/lib/python3.12/site-packages/airflow/example_dags/example_display_name.py for tasks to queue
[2024-10-27T14:25:21.062+0000] {logging_mixin.py:190} INFO - [2024-10-27T14:25:21.061+0000] {dagbag.py:588} INFO - Filling up the DagBag from /home/airflow/.local/lib/python3.12/site-packages/airflow/example_dags/example_display_name.py
[2024-10-27T14:25:21.092+0000] {processor.py:925} INFO - DAG(s) 'example_display_name' retrieved from /home/airflow/.local/lib/python3.12/site-packages/airflow/example_dags/example_display_name.py
[2024-10-27T14:25:21.140+0000] {logging_mixin.py:190} INFO - [2024-10-27T14:25:21.139+0000] {dag.py:3239} INFO - Sync 1 DAGs
[2024-10-27T14:25:21.179+0000] {logging_mixin.py:190} INFO - [2024-10-27T14:25:21.179+0000] {dag.py:4180} INFO - Setting next_dagrun for example_display_name to None, run_after=None
[2024-10-27T14:25:21.321+0000] {processor.py:208} INFO - Processing /home/airflow/.local/lib/python3.12/site-packages/airflow/example_dags/example_display_name.py took 0.278 seconds
[2024-10-27T14:25:52.482+0000] {processor.py:186} INFO - Started process (PID=3885) to work on /home/airflow/.local/lib/python3.12/site-packages/airflow/example_dags/example_display_name.py
[2024-10-27T14:25:52.484+0000] {processor.py:914} INFO - Processing file /home/airflow/.local/lib/python3.12/site-packages/airflow/example_dags/example_display_name.py for tasks to queue
[2024-10-27T14:25:52.578+0000] {logging_mixin.py:190} INFO - [2024-10-27T14:25:52.578+0000] {dagbag.py:588} INFO - Filling up the DagBag from /home/airflow/.local/lib/python3.12/site-packages/airflow/example_dags/example_display_name.py
[2024-10-27T14:25:52.594+0000] {processor.py:925} INFO - DAG(s) 'example_display_name' retrieved from /home/airflow/.local/lib/python3.12/site-packages/airflow/example_dags/example_display_name.py
[2024-10-27T14:25:52.645+0000] {logging_mixin.py:190} INFO - [2024-10-27T14:25:52.645+0000] {dag.py:3239} INFO - Sync 1 DAGs
[2024-10-27T14:25:52.706+0000] {logging_mixin.py:190} INFO - [2024-10-27T14:25:52.705+0000] {dag.py:4180} INFO - Setting next_dagrun for example_display_name to None, run_after=None
[2024-10-27T14:25:52.855+0000] {processor.py:208} INFO - Processing /home/airflow/.local/lib/python3.12/site-packages/airflow/example_dags/example_display_name.py took 0.386 seconds
[2024-10-27T14:26:23.017+0000] {processor.py:186} INFO - Started process (PID=3947) to work on /home/airflow/.local/lib/python3.12/site-packages/airflow/example_dags/example_display_name.py
[2024-10-27T14:26:23.019+0000] {processor.py:914} INFO - Processing file /home/airflow/.local/lib/python3.12/site-packages/airflow/example_dags/example_display_name.py for tasks to queue
[2024-10-27T14:26:23.024+0000] {logging_mixin.py:190} INFO - [2024-10-27T14:26:23.023+0000] {dagbag.py:588} INFO - Filling up the DagBag from /home/airflow/.local/lib/python3.12/site-packages/airflow/example_dags/example_display_name.py
[2024-10-27T14:26:23.040+0000] {processor.py:925} INFO - DAG(s) 'example_display_name' retrieved from /home/airflow/.local/lib/python3.12/site-packages/airflow/example_dags/example_display_name.py
[2024-10-27T14:26:23.073+0000] {logging_mixin.py:190} INFO - [2024-10-27T14:26:23.073+0000] {dag.py:3239} INFO - Sync 1 DAGs
[2024-10-27T14:26:23.097+0000] {logging_mixin.py:190} INFO - [2024-10-27T14:26:23.097+0000] {dag.py:4180} INFO - Setting next_dagrun for example_display_name to None, run_after=None
[2024-10-27T14:26:23.137+0000] {processor.py:208} INFO - Processing /home/airflow/.local/lib/python3.12/site-packages/airflow/example_dags/example_display_name.py took 0.130 seconds
[2024-10-27T14:50:07.973+0000] {processor.py:186} INFO - Started process (PID=79) to work on /home/airflow/.local/lib/python3.12/site-packages/airflow/example_dags/example_display_name.py
[2024-10-27T14:50:07.981+0000] {processor.py:914} INFO - Processing file /home/airflow/.local/lib/python3.12/site-packages/airflow/example_dags/example_display_name.py for tasks to queue
[2024-10-27T14:50:07.986+0000] {logging_mixin.py:190} INFO - [2024-10-27T14:50:07.985+0000] {dagbag.py:588} INFO - Filling up the DagBag from /home/airflow/.local/lib/python3.12/site-packages/airflow/example_dags/example_display_name.py
[2024-10-27T14:50:08.004+0000] {processor.py:925} INFO - DAG(s) 'example_display_name' retrieved from /home/airflow/.local/lib/python3.12/site-packages/airflow/example_dags/example_display_name.py
[2024-10-27T14:50:08.035+0000] {logging_mixin.py:190} INFO - [2024-10-27T14:50:08.035+0000] {dag.py:3239} INFO - Sync 1 DAGs
[2024-10-27T14:50:08.063+0000] {logging_mixin.py:190} INFO - [2024-10-27T14:50:08.062+0000] {dag.py:4180} INFO - Setting next_dagrun for example_display_name to None, run_after=None
[2024-10-27T14:50:08.125+0000] {processor.py:208} INFO - Processing /home/airflow/.local/lib/python3.12/site-packages/airflow/example_dags/example_display_name.py took 0.167 seconds
[2024-10-27T14:50:42.661+0000] {processor.py:186} INFO - Started process (PID=134) to work on /home/airflow/.local/lib/python3.12/site-packages/airflow/example_dags/example_display_name.py
[2024-10-27T14:50:42.663+0000] {processor.py:914} INFO - Processing file /home/airflow/.local/lib/python3.12/site-packages/airflow/example_dags/example_display_name.py for tasks to queue
[2024-10-27T14:50:42.670+0000] {logging_mixin.py:190} INFO - [2024-10-27T14:50:42.669+0000] {dagbag.py:588} INFO - Filling up the DagBag from /home/airflow/.local/lib/python3.12/site-packages/airflow/example_dags/example_display_name.py
[2024-10-27T14:50:42.863+0000] {processor.py:925} INFO - DAG(s) 'example_display_name' retrieved from /home/airflow/.local/lib/python3.12/site-packages/airflow/example_dags/example_display_name.py
[2024-10-27T14:50:43.022+0000] {logging_mixin.py:190} INFO - [2024-10-27T14:50:43.012+0000] {dag.py:3239} INFO - Sync 1 DAGs
[2024-10-27T14:50:43.216+0000] {logging_mixin.py:190} INFO - [2024-10-27T14:50:43.216+0000] {dag.py:4180} INFO - Setting next_dagrun for example_display_name to None, run_after=None
[2024-10-27T14:50:43.466+0000] {processor.py:208} INFO - Processing /home/airflow/.local/lib/python3.12/site-packages/airflow/example_dags/example_display_name.py took 0.817 seconds
[2024-10-27T14:51:13.561+0000] {processor.py:186} INFO - Started process (PID=195) to work on /home/airflow/.local/lib/python3.12/site-packages/airflow/example_dags/example_display_name.py
[2024-10-27T14:51:13.563+0000] {processor.py:914} INFO - Processing file /home/airflow/.local/lib/python3.12/site-packages/airflow/example_dags/example_display_name.py for tasks to queue
[2024-10-27T14:51:13.568+0000] {logging_mixin.py:190} INFO - [2024-10-27T14:51:13.567+0000] {dagbag.py:588} INFO - Filling up the DagBag from /home/airflow/.local/lib/python3.12/site-packages/airflow/example_dags/example_display_name.py
[2024-10-27T14:51:13.582+0000] {processor.py:925} INFO - DAG(s) 'example_display_name' retrieved from /home/airflow/.local/lib/python3.12/site-packages/airflow/example_dags/example_display_name.py
[2024-10-27T14:51:13.620+0000] {logging_mixin.py:190} INFO - [2024-10-27T14:51:13.619+0000] {dag.py:3239} INFO - Sync 1 DAGs
[2024-10-27T14:51:13.659+0000] {logging_mixin.py:190} INFO - [2024-10-27T14:51:13.659+0000] {dag.py:4180} INFO - Setting next_dagrun for example_display_name to None, run_after=None
[2024-10-27T14:51:13.703+0000] {processor.py:208} INFO - Processing /home/airflow/.local/lib/python3.12/site-packages/airflow/example_dags/example_display_name.py took 0.155 seconds
[2024-10-27T14:51:44.276+0000] {processor.py:186} INFO - Started process (PID=258) to work on /home/airflow/.local/lib/python3.12/site-packages/airflow/example_dags/example_display_name.py
[2024-10-27T14:51:44.282+0000] {processor.py:914} INFO - Processing file /home/airflow/.local/lib/python3.12/site-packages/airflow/example_dags/example_display_name.py for tasks to queue
[2024-10-27T14:51:44.286+0000] {logging_mixin.py:190} INFO - [2024-10-27T14:51:44.285+0000] {dagbag.py:588} INFO - Filling up the DagBag from /home/airflow/.local/lib/python3.12/site-packages/airflow/example_dags/example_display_name.py
[2024-10-27T14:51:44.297+0000] {processor.py:925} INFO - DAG(s) 'example_display_name' retrieved from /home/airflow/.local/lib/python3.12/site-packages/airflow/example_dags/example_display_name.py
[2024-10-27T14:51:44.334+0000] {logging_mixin.py:190} INFO - [2024-10-27T14:51:44.333+0000] {dag.py:3239} INFO - Sync 1 DAGs
[2024-10-27T14:51:44.359+0000] {logging_mixin.py:190} INFO - [2024-10-27T14:51:44.359+0000] {dag.py:4180} INFO - Setting next_dagrun for example_display_name to None, run_after=None
[2024-10-27T14:51:44.412+0000] {processor.py:208} INFO - Processing /home/airflow/.local/lib/python3.12/site-packages/airflow/example_dags/example_display_name.py took 0.145 seconds
[2024-10-27T14:52:14.759+0000] {processor.py:186} INFO - Started process (PID=320) to work on /home/airflow/.local/lib/python3.12/site-packages/airflow/example_dags/example_display_name.py
[2024-10-27T14:52:14.762+0000] {processor.py:914} INFO - Processing file /home/airflow/.local/lib/python3.12/site-packages/airflow/example_dags/example_display_name.py for tasks to queue
[2024-10-27T14:52:14.767+0000] {logging_mixin.py:190} INFO - [2024-10-27T14:52:14.766+0000] {dagbag.py:588} INFO - Filling up the DagBag from /home/airflow/.local/lib/python3.12/site-packages/airflow/example_dags/example_display_name.py
[2024-10-27T14:52:14.781+0000] {processor.py:925} INFO - DAG(s) 'example_display_name' retrieved from /home/airflow/.local/lib/python3.12/site-packages/airflow/example_dags/example_display_name.py
[2024-10-27T14:52:14.834+0000] {logging_mixin.py:190} INFO - [2024-10-27T14:52:14.833+0000] {dag.py:3239} INFO - Sync 1 DAGs
[2024-10-27T14:52:14.867+0000] {logging_mixin.py:190} INFO - [2024-10-27T14:52:14.867+0000] {dag.py:4180} INFO - Setting next_dagrun for example_display_name to None, run_after=None
[2024-10-27T14:52:15.074+0000] {processor.py:208} INFO - Processing /home/airflow/.local/lib/python3.12/site-packages/airflow/example_dags/example_display_name.py took 0.325 seconds
[2024-10-27T14:52:45.933+0000] {processor.py:186} INFO - Started process (PID=382) to work on /home/airflow/.local/lib/python3.12/site-packages/airflow/example_dags/example_display_name.py
[2024-10-27T14:52:45.936+0000] {processor.py:914} INFO - Processing file /home/airflow/.local/lib/python3.12/site-packages/airflow/example_dags/example_display_name.py for tasks to queue
[2024-10-27T14:52:45.941+0000] {logging_mixin.py:190} INFO - [2024-10-27T14:52:45.939+0000] {dagbag.py:588} INFO - Filling up the DagBag from /home/airflow/.local/lib/python3.12/site-packages/airflow/example_dags/example_display_name.py
[2024-10-27T14:52:45.956+0000] {processor.py:925} INFO - DAG(s) 'example_display_name' retrieved from /home/airflow/.local/lib/python3.12/site-packages/airflow/example_dags/example_display_name.py
[2024-10-27T14:52:45.989+0000] {logging_mixin.py:190} INFO - [2024-10-27T14:52:45.988+0000] {dag.py:3239} INFO - Sync 1 DAGs
[2024-10-27T14:52:46.013+0000] {logging_mixin.py:190} INFO - [2024-10-27T14:52:46.013+0000] {dag.py:4180} INFO - Setting next_dagrun for example_display_name to None, run_after=None
[2024-10-27T14:52:46.090+0000] {processor.py:208} INFO - Processing /home/airflow/.local/lib/python3.12/site-packages/airflow/example_dags/example_display_name.py took 0.171 seconds
[2024-10-27T14:53:16.643+0000] {processor.py:186} INFO - Started process (PID=444) to work on /home/airflow/.local/lib/python3.12/site-packages/airflow/example_dags/example_display_name.py
[2024-10-27T14:53:16.644+0000] {processor.py:914} INFO - Processing file /home/airflow/.local/lib/python3.12/site-packages/airflow/example_dags/example_display_name.py for tasks to queue
[2024-10-27T14:53:16.650+0000] {logging_mixin.py:190} INFO - [2024-10-27T14:53:16.648+0000] {dagbag.py:588} INFO - Filling up the DagBag from /home/airflow/.local/lib/python3.12/site-packages/airflow/example_dags/example_display_name.py
[2024-10-27T14:53:16.665+0000] {processor.py:925} INFO - DAG(s) 'example_display_name' retrieved from /home/airflow/.local/lib/python3.12/site-packages/airflow/example_dags/example_display_name.py
[2024-10-27T14:53:16.694+0000] {logging_mixin.py:190} INFO - [2024-10-27T14:53:16.693+0000] {dag.py:3239} INFO - Sync 1 DAGs
[2024-10-27T14:53:16.723+0000] {logging_mixin.py:190} INFO - [2024-10-27T14:53:16.723+0000] {dag.py:4180} INFO - Setting next_dagrun for example_display_name to None, run_after=None
[2024-10-27T14:53:16.840+0000] {processor.py:208} INFO - Processing /home/airflow/.local/lib/python3.12/site-packages/airflow/example_dags/example_display_name.py took 0.210 seconds
