[2024-10-27T13:43:04.735+0000] {processor.py:186} INFO - Started process (PID=71) to work on /home/airflow/.local/lib/python3.12/site-packages/airflow/example_dags/example_sla_dag.py
[2024-10-27T13:43:04.737+0000] {processor.py:914} INFO - Processing file /home/airflow/.local/lib/python3.12/site-packages/airflow/example_dags/example_sla_dag.py for tasks to queue
[2024-10-27T13:43:04.742+0000] {logging_mixin.py:190} INFO - [2024-10-27T13:43:04.741+0000] {dagbag.py:588} INFO - Filling up the DagBag from /home/airflow/.local/lib/python3.12/site-packages/airflow/example_dags/example_sla_dag.py
[2024-10-27T13:43:04.763+0000] {processor.py:925} INFO - DAG(s) 'example_sla_dag' retrieved from /home/airflow/.local/lib/python3.12/site-packages/airflow/example_dags/example_sla_dag.py
[2024-10-27T13:43:05.040+0000] {logging_mixin.py:190} INFO - [2024-10-27T13:43:05.039+0000] {dag.py:3239} INFO - Sync 1 DAGs
[2024-10-27T13:43:05.082+0000] {logging_mixin.py:190} INFO - [2024-10-27T13:43:05.082+0000] {dag.py:4180} INFO - Setting next_dagrun for example_sla_dag to 2024-10-27 13:40:00+00:00, run_after=2024-10-27 13:42:00+00:00
[2024-10-27T13:43:05.143+0000] {processor.py:208} INFO - Processing /home/airflow/.local/lib/python3.12/site-packages/airflow/example_dags/example_sla_dag.py took 0.422 seconds
[2024-10-27T13:43:36.596+0000] {processor.py:186} INFO - Started process (PID=133) to work on /home/airflow/.local/lib/python3.12/site-packages/airflow/example_dags/example_sla_dag.py
[2024-10-27T13:43:36.603+0000] {processor.py:914} INFO - Processing file /home/airflow/.local/lib/python3.12/site-packages/airflow/example_dags/example_sla_dag.py for tasks to queue
[2024-10-27T13:43:36.623+0000] {logging_mixin.py:190} INFO - [2024-10-27T13:43:36.622+0000] {dagbag.py:588} INFO - Filling up the DagBag from /home/airflow/.local/lib/python3.12/site-packages/airflow/example_dags/example_sla_dag.py
[2024-10-27T13:43:36.674+0000] {processor.py:925} INFO - DAG(s) 'example_sla_dag' retrieved from /home/airflow/.local/lib/python3.12/site-packages/airflow/example_dags/example_sla_dag.py
[2024-10-27T13:43:36.775+0000] {logging_mixin.py:190} INFO - [2024-10-27T13:43:36.774+0000] {dag.py:3239} INFO - Sync 1 DAGs
[2024-10-27T13:43:36.865+0000] {logging_mixin.py:190} INFO - [2024-10-27T13:43:36.865+0000] {dag.py:4180} INFO - Setting next_dagrun for example_sla_dag to 2024-10-27 13:40:00+00:00, run_after=2024-10-27 13:42:00+00:00
[2024-10-27T13:43:37.009+0000] {processor.py:208} INFO - Processing /home/airflow/.local/lib/python3.12/site-packages/airflow/example_dags/example_sla_dag.py took 0.435 seconds
[2024-10-27T13:44:11.096+0000] {processor.py:186} INFO - Started process (PID=194) to work on /home/airflow/.local/lib/python3.12/site-packages/airflow/example_dags/example_sla_dag.py
[2024-10-27T13:44:11.105+0000] {processor.py:914} INFO - Processing file /home/airflow/.local/lib/python3.12/site-packages/airflow/example_dags/example_sla_dag.py for tasks to queue
[2024-10-27T13:44:11.122+0000] {logging_mixin.py:190} INFO - [2024-10-27T13:44:11.121+0000] {dagbag.py:588} INFO - Filling up the DagBag from /home/airflow/.local/lib/python3.12/site-packages/airflow/example_dags/example_sla_dag.py
[2024-10-27T13:44:11.156+0000] {processor.py:925} INFO - DAG(s) 'example_sla_dag' retrieved from /home/airflow/.local/lib/python3.12/site-packages/airflow/example_dags/example_sla_dag.py
[2024-10-27T13:44:11.238+0000] {logging_mixin.py:190} INFO - [2024-10-27T13:44:11.237+0000] {dag.py:3239} INFO - Sync 1 DAGs
[2024-10-27T13:44:11.349+0000] {logging_mixin.py:190} INFO - [2024-10-27T13:44:11.346+0000] {dag.py:4180} INFO - Setting next_dagrun for example_sla_dag to 2024-10-27 13:42:00+00:00, run_after=2024-10-27 13:44:00+00:00
[2024-10-27T13:44:11.428+0000] {processor.py:208} INFO - Processing /home/airflow/.local/lib/python3.12/site-packages/airflow/example_dags/example_sla_dag.py took 0.349 seconds
[2024-10-27T13:44:41.919+0000] {processor.py:186} INFO - Started process (PID=256) to work on /home/airflow/.local/lib/python3.12/site-packages/airflow/example_dags/example_sla_dag.py
[2024-10-27T13:44:41.921+0000] {processor.py:914} INFO - Processing file /home/airflow/.local/lib/python3.12/site-packages/airflow/example_dags/example_sla_dag.py for tasks to queue
[2024-10-27T13:44:41.926+0000] {logging_mixin.py:190} INFO - [2024-10-27T13:44:41.925+0000] {dagbag.py:588} INFO - Filling up the DagBag from /home/airflow/.local/lib/python3.12/site-packages/airflow/example_dags/example_sla_dag.py
[2024-10-27T13:44:41.943+0000] {processor.py:925} INFO - DAG(s) 'example_sla_dag' retrieved from /home/airflow/.local/lib/python3.12/site-packages/airflow/example_dags/example_sla_dag.py
[2024-10-27T13:44:41.979+0000] {logging_mixin.py:190} INFO - [2024-10-27T13:44:41.978+0000] {dag.py:3239} INFO - Sync 1 DAGs
[2024-10-27T13:44:42.032+0000] {logging_mixin.py:190} INFO - [2024-10-27T13:44:42.032+0000] {dag.py:4180} INFO - Setting next_dagrun for example_sla_dag to 2024-10-27 13:42:00+00:00, run_after=2024-10-27 13:44:00+00:00
[2024-10-27T13:44:42.083+0000] {processor.py:208} INFO - Processing /home/airflow/.local/lib/python3.12/site-packages/airflow/example_dags/example_sla_dag.py took 0.177 seconds
[2024-10-27T13:45:17.819+0000] {processor.py:186} INFO - Started process (PID=318) to work on /home/airflow/.local/lib/python3.12/site-packages/airflow/example_dags/example_sla_dag.py
[2024-10-27T13:45:17.821+0000] {processor.py:914} INFO - Processing file /home/airflow/.local/lib/python3.12/site-packages/airflow/example_dags/example_sla_dag.py for tasks to queue
[2024-10-27T13:45:17.827+0000] {logging_mixin.py:190} INFO - [2024-10-27T13:45:17.827+0000] {dagbag.py:588} INFO - Filling up the DagBag from /home/airflow/.local/lib/python3.12/site-packages/airflow/example_dags/example_sla_dag.py
[2024-10-27T13:45:17.877+0000] {processor.py:925} INFO - DAG(s) 'example_sla_dag' retrieved from /home/airflow/.local/lib/python3.12/site-packages/airflow/example_dags/example_sla_dag.py
[2024-10-27T13:45:17.965+0000] {logging_mixin.py:190} INFO - [2024-10-27T13:45:17.965+0000] {dag.py:3239} INFO - Sync 1 DAGs
[2024-10-27T13:45:18.051+0000] {logging_mixin.py:190} INFO - [2024-10-27T13:45:18.047+0000] {dag.py:4180} INFO - Setting next_dagrun for example_sla_dag to 2024-10-27 13:42:00+00:00, run_after=2024-10-27 13:44:00+00:00
[2024-10-27T13:45:18.150+0000] {processor.py:208} INFO - Processing /home/airflow/.local/lib/python3.12/site-packages/airflow/example_dags/example_sla_dag.py took 0.348 seconds
[2024-10-27T13:53:33.582+0000] {processor.py:186} INFO - Started process (PID=93) to work on /home/airflow/.local/lib/python3.12/site-packages/airflow/example_dags/example_sla_dag.py
[2024-10-27T13:53:33.602+0000] {processor.py:914} INFO - Processing file /home/airflow/.local/lib/python3.12/site-packages/airflow/example_dags/example_sla_dag.py for tasks to queue
[2024-10-27T13:53:33.613+0000] {logging_mixin.py:190} INFO - [2024-10-27T13:53:33.612+0000] {dagbag.py:588} INFO - Filling up the DagBag from /home/airflow/.local/lib/python3.12/site-packages/airflow/example_dags/example_sla_dag.py
[2024-10-27T13:53:33.633+0000] {processor.py:925} INFO - DAG(s) 'example_sla_dag' retrieved from /home/airflow/.local/lib/python3.12/site-packages/airflow/example_dags/example_sla_dag.py
[2024-10-27T13:53:33.680+0000] {logging_mixin.py:190} INFO - [2024-10-27T13:53:33.679+0000] {dag.py:3239} INFO - Sync 1 DAGs
[2024-10-27T13:53:33.730+0000] {logging_mixin.py:190} INFO - [2024-10-27T13:53:33.730+0000] {dag.py:4180} INFO - Setting next_dagrun for example_sla_dag to 2024-10-27 13:50:00+00:00, run_after=2024-10-27 13:52:00+00:00
[2024-10-27T13:53:33.813+0000] {processor.py:208} INFO - Processing /home/airflow/.local/lib/python3.12/site-packages/airflow/example_dags/example_sla_dag.py took 0.243 seconds
[2024-10-27T13:54:10.849+0000] {processor.py:186} INFO - Started process (PID=154) to work on /home/airflow/.local/lib/python3.12/site-packages/airflow/example_dags/example_sla_dag.py
[2024-10-27T13:54:10.850+0000] {processor.py:914} INFO - Processing file /home/airflow/.local/lib/python3.12/site-packages/airflow/example_dags/example_sla_dag.py for tasks to queue
[2024-10-27T13:54:10.854+0000] {logging_mixin.py:190} INFO - [2024-10-27T13:54:10.854+0000] {dagbag.py:588} INFO - Filling up the DagBag from /home/airflow/.local/lib/python3.12/site-packages/airflow/example_dags/example_sla_dag.py
[2024-10-27T13:54:10.867+0000] {processor.py:925} INFO - DAG(s) 'example_sla_dag' retrieved from /home/airflow/.local/lib/python3.12/site-packages/airflow/example_dags/example_sla_dag.py
[2024-10-27T13:54:10.906+0000] {logging_mixin.py:190} INFO - [2024-10-27T13:54:10.906+0000] {dag.py:3239} INFO - Sync 1 DAGs
[2024-10-27T13:54:10.948+0000] {logging_mixin.py:190} INFO - [2024-10-27T13:54:10.948+0000] {dag.py:4180} INFO - Setting next_dagrun for example_sla_dag to 2024-10-27 13:52:00+00:00, run_after=2024-10-27 13:54:00+00:00
[2024-10-27T13:54:11.575+0000] {processor.py:208} INFO - Processing /home/airflow/.local/lib/python3.12/site-packages/airflow/example_dags/example_sla_dag.py took 0.734 seconds
[2024-10-27T13:54:48.909+0000] {processor.py:186} INFO - Started process (PID=216) to work on /home/airflow/.local/lib/python3.12/site-packages/airflow/example_dags/example_sla_dag.py
[2024-10-27T13:54:48.911+0000] {processor.py:914} INFO - Processing file /home/airflow/.local/lib/python3.12/site-packages/airflow/example_dags/example_sla_dag.py for tasks to queue
[2024-10-27T13:54:48.914+0000] {logging_mixin.py:190} INFO - [2024-10-27T13:54:48.914+0000] {dagbag.py:588} INFO - Filling up the DagBag from /home/airflow/.local/lib/python3.12/site-packages/airflow/example_dags/example_sla_dag.py
[2024-10-27T13:54:48.927+0000] {processor.py:925} INFO - DAG(s) 'example_sla_dag' retrieved from /home/airflow/.local/lib/python3.12/site-packages/airflow/example_dags/example_sla_dag.py
[2024-10-27T13:54:48.954+0000] {logging_mixin.py:190} INFO - [2024-10-27T13:54:48.954+0000] {dag.py:3239} INFO - Sync 1 DAGs
[2024-10-27T13:54:48.991+0000] {logging_mixin.py:190} INFO - [2024-10-27T13:54:48.991+0000] {dag.py:4180} INFO - Setting next_dagrun for example_sla_dag to 2024-10-27 13:52:00+00:00, run_after=2024-10-27 13:54:00+00:00
[2024-10-27T13:54:49.272+0000] {processor.py:208} INFO - Processing /home/airflow/.local/lib/python3.12/site-packages/airflow/example_dags/example_sla_dag.py took 0.370 seconds
[2024-10-27T13:55:20.235+0000] {processor.py:186} INFO - Started process (PID=278) to work on /home/airflow/.local/lib/python3.12/site-packages/airflow/example_dags/example_sla_dag.py
[2024-10-27T13:55:20.237+0000] {processor.py:914} INFO - Processing file /home/airflow/.local/lib/python3.12/site-packages/airflow/example_dags/example_sla_dag.py for tasks to queue
[2024-10-27T13:55:20.242+0000] {logging_mixin.py:190} INFO - [2024-10-27T13:55:20.241+0000] {dagbag.py:588} INFO - Filling up the DagBag from /home/airflow/.local/lib/python3.12/site-packages/airflow/example_dags/example_sla_dag.py
[2024-10-27T13:55:20.267+0000] {processor.py:925} INFO - DAG(s) 'example_sla_dag' retrieved from /home/airflow/.local/lib/python3.12/site-packages/airflow/example_dags/example_sla_dag.py
[2024-10-27T13:55:20.305+0000] {logging_mixin.py:190} INFO - [2024-10-27T13:55:20.305+0000] {dag.py:3239} INFO - Sync 1 DAGs
[2024-10-27T13:55:20.368+0000] {logging_mixin.py:190} INFO - [2024-10-27T13:55:20.368+0000] {dag.py:4180} INFO - Setting next_dagrun for example_sla_dag to 2024-10-27 13:52:00+00:00, run_after=2024-10-27 13:54:00+00:00
[2024-10-27T13:55:20.464+0000] {processor.py:208} INFO - Processing /home/airflow/.local/lib/python3.12/site-packages/airflow/example_dags/example_sla_dag.py took 0.243 seconds
[2024-10-27T13:55:53.346+0000] {processor.py:186} INFO - Started process (PID=340) to work on /home/airflow/.local/lib/python3.12/site-packages/airflow/example_dags/example_sla_dag.py
[2024-10-27T13:55:53.353+0000] {processor.py:914} INFO - Processing file /home/airflow/.local/lib/python3.12/site-packages/airflow/example_dags/example_sla_dag.py for tasks to queue
[2024-10-27T13:55:53.365+0000] {logging_mixin.py:190} INFO - [2024-10-27T13:55:53.359+0000] {dagbag.py:588} INFO - Filling up the DagBag from /home/airflow/.local/lib/python3.12/site-packages/airflow/example_dags/example_sla_dag.py
[2024-10-27T13:55:53.403+0000] {processor.py:925} INFO - DAG(s) 'example_sla_dag' retrieved from /home/airflow/.local/lib/python3.12/site-packages/airflow/example_dags/example_sla_dag.py
[2024-10-27T13:55:53.447+0000] {logging_mixin.py:190} INFO - [2024-10-27T13:55:53.446+0000] {dag.py:3239} INFO - Sync 1 DAGs
[2024-10-27T13:55:53.504+0000] {logging_mixin.py:190} INFO - [2024-10-27T13:55:53.503+0000] {dag.py:4180} INFO - Setting next_dagrun for example_sla_dag to 2024-10-27 13:52:00+00:00, run_after=2024-10-27 13:54:00+00:00
[2024-10-27T13:55:53.839+0000] {processor.py:208} INFO - Processing /home/airflow/.local/lib/python3.12/site-packages/airflow/example_dags/example_sla_dag.py took 0.525 seconds
[2024-10-27T13:56:25.767+0000] {processor.py:186} INFO - Started process (PID=402) to work on /home/airflow/.local/lib/python3.12/site-packages/airflow/example_dags/example_sla_dag.py
[2024-10-27T13:56:25.769+0000] {processor.py:914} INFO - Processing file /home/airflow/.local/lib/python3.12/site-packages/airflow/example_dags/example_sla_dag.py for tasks to queue
[2024-10-27T13:56:25.773+0000] {logging_mixin.py:190} INFO - [2024-10-27T13:56:25.772+0000] {dagbag.py:588} INFO - Filling up the DagBag from /home/airflow/.local/lib/python3.12/site-packages/airflow/example_dags/example_sla_dag.py
[2024-10-27T13:56:25.789+0000] {processor.py:925} INFO - DAG(s) 'example_sla_dag' retrieved from /home/airflow/.local/lib/python3.12/site-packages/airflow/example_dags/example_sla_dag.py
[2024-10-27T13:56:25.863+0000] {logging_mixin.py:190} INFO - [2024-10-27T13:56:25.863+0000] {dag.py:3239} INFO - Sync 1 DAGs
[2024-10-27T13:56:25.961+0000] {logging_mixin.py:190} INFO - [2024-10-27T13:56:25.961+0000] {dag.py:4180} INFO - Setting next_dagrun for example_sla_dag to 2024-10-27 13:54:00+00:00, run_after=2024-10-27 13:56:00+00:00
[2024-10-27T13:56:26.641+0000] {processor.py:208} INFO - Processing /home/airflow/.local/lib/python3.12/site-packages/airflow/example_dags/example_sla_dag.py took 0.885 seconds
[2024-10-27T13:56:57.329+0000] {processor.py:186} INFO - Started process (PID=465) to work on /home/airflow/.local/lib/python3.12/site-packages/airflow/example_dags/example_sla_dag.py
[2024-10-27T13:56:57.334+0000] {processor.py:914} INFO - Processing file /home/airflow/.local/lib/python3.12/site-packages/airflow/example_dags/example_sla_dag.py for tasks to queue
[2024-10-27T13:56:57.340+0000] {logging_mixin.py:190} INFO - [2024-10-27T13:56:57.339+0000] {dagbag.py:588} INFO - Filling up the DagBag from /home/airflow/.local/lib/python3.12/site-packages/airflow/example_dags/example_sla_dag.py
[2024-10-27T13:56:57.379+0000] {processor.py:925} INFO - DAG(s) 'example_sla_dag' retrieved from /home/airflow/.local/lib/python3.12/site-packages/airflow/example_dags/example_sla_dag.py
[2024-10-27T13:56:57.477+0000] {logging_mixin.py:190} INFO - [2024-10-27T13:56:57.473+0000] {dag.py:3239} INFO - Sync 1 DAGs
[2024-10-27T13:56:57.569+0000] {logging_mixin.py:190} INFO - [2024-10-27T13:56:57.569+0000] {dag.py:4180} INFO - Setting next_dagrun for example_sla_dag to 2024-10-27 13:54:00+00:00, run_after=2024-10-27 13:56:00+00:00
[2024-10-27T13:56:57.910+0000] {processor.py:208} INFO - Processing /home/airflow/.local/lib/python3.12/site-packages/airflow/example_dags/example_sla_dag.py took 0.593 seconds
[2024-10-27T13:57:28.861+0000] {processor.py:186} INFO - Started process (PID=527) to work on /home/airflow/.local/lib/python3.12/site-packages/airflow/example_dags/example_sla_dag.py
[2024-10-27T13:57:28.863+0000] {processor.py:914} INFO - Processing file /home/airflow/.local/lib/python3.12/site-packages/airflow/example_dags/example_sla_dag.py for tasks to queue
[2024-10-27T13:57:28.868+0000] {logging_mixin.py:190} INFO - [2024-10-27T13:57:28.867+0000] {dagbag.py:588} INFO - Filling up the DagBag from /home/airflow/.local/lib/python3.12/site-packages/airflow/example_dags/example_sla_dag.py
[2024-10-27T13:57:28.889+0000] {processor.py:925} INFO - DAG(s) 'example_sla_dag' retrieved from /home/airflow/.local/lib/python3.12/site-packages/airflow/example_dags/example_sla_dag.py
[2024-10-27T13:57:28.928+0000] {logging_mixin.py:190} INFO - [2024-10-27T13:57:28.927+0000] {dag.py:3239} INFO - Sync 1 DAGs
[2024-10-27T13:57:29.010+0000] {logging_mixin.py:190} INFO - [2024-10-27T13:57:29.009+0000] {dag.py:4180} INFO - Setting next_dagrun for example_sla_dag to 2024-10-27 13:54:00+00:00, run_after=2024-10-27 13:56:00+00:00
[2024-10-27T13:57:29.229+0000] {processor.py:208} INFO - Processing /home/airflow/.local/lib/python3.12/site-packages/airflow/example_dags/example_sla_dag.py took 0.380 seconds
[2024-10-27T13:57:59.633+0000] {processor.py:186} INFO - Started process (PID=590) to work on /home/airflow/.local/lib/python3.12/site-packages/airflow/example_dags/example_sla_dag.py
[2024-10-27T13:57:59.635+0000] {processor.py:914} INFO - Processing file /home/airflow/.local/lib/python3.12/site-packages/airflow/example_dags/example_sla_dag.py for tasks to queue
[2024-10-27T13:57:59.646+0000] {logging_mixin.py:190} INFO - [2024-10-27T13:57:59.642+0000] {dagbag.py:588} INFO - Filling up the DagBag from /home/airflow/.local/lib/python3.12/site-packages/airflow/example_dags/example_sla_dag.py
[2024-10-27T13:57:59.674+0000] {processor.py:925} INFO - DAG(s) 'example_sla_dag' retrieved from /home/airflow/.local/lib/python3.12/site-packages/airflow/example_dags/example_sla_dag.py
[2024-10-27T13:57:59.736+0000] {logging_mixin.py:190} INFO - [2024-10-27T13:57:59.735+0000] {dag.py:3239} INFO - Sync 1 DAGs
[2024-10-27T13:57:59.790+0000] {logging_mixin.py:190} INFO - [2024-10-27T13:57:59.790+0000] {dag.py:4180} INFO - Setting next_dagrun for example_sla_dag to 2024-10-27 13:54:00+00:00, run_after=2024-10-27 13:56:00+00:00
[2024-10-27T13:57:59.860+0000] {processor.py:208} INFO - Processing /home/airflow/.local/lib/python3.12/site-packages/airflow/example_dags/example_sla_dag.py took 0.237 seconds
[2024-10-27T13:58:31.933+0000] {processor.py:186} INFO - Started process (PID=652) to work on /home/airflow/.local/lib/python3.12/site-packages/airflow/example_dags/example_sla_dag.py
[2024-10-27T13:58:31.936+0000] {processor.py:914} INFO - Processing file /home/airflow/.local/lib/python3.12/site-packages/airflow/example_dags/example_sla_dag.py for tasks to queue
[2024-10-27T13:58:31.947+0000] {logging_mixin.py:190} INFO - [2024-10-27T13:58:31.946+0000] {dagbag.py:588} INFO - Filling up the DagBag from /home/airflow/.local/lib/python3.12/site-packages/airflow/example_dags/example_sla_dag.py
[2024-10-27T13:58:31.972+0000] {processor.py:925} INFO - DAG(s) 'example_sla_dag' retrieved from /home/airflow/.local/lib/python3.12/site-packages/airflow/example_dags/example_sla_dag.py
[2024-10-27T13:58:32.018+0000] {logging_mixin.py:190} INFO - [2024-10-27T13:58:32.018+0000] {dag.py:3239} INFO - Sync 1 DAGs
[2024-10-27T13:58:32.072+0000] {logging_mixin.py:190} INFO - [2024-10-27T13:58:32.071+0000] {dag.py:4180} INFO - Setting next_dagrun for example_sla_dag to 2024-10-27 13:56:00+00:00, run_after=2024-10-27 13:58:00+00:00
[2024-10-27T13:58:32.144+0000] {processor.py:208} INFO - Processing /home/airflow/.local/lib/python3.12/site-packages/airflow/example_dags/example_sla_dag.py took 0.225 seconds
[2024-10-27T13:59:02.971+0000] {processor.py:186} INFO - Started process (PID=714) to work on /home/airflow/.local/lib/python3.12/site-packages/airflow/example_dags/example_sla_dag.py
[2024-10-27T13:59:02.977+0000] {processor.py:914} INFO - Processing file /home/airflow/.local/lib/python3.12/site-packages/airflow/example_dags/example_sla_dag.py for tasks to queue
[2024-10-27T13:59:02.982+0000] {logging_mixin.py:190} INFO - [2024-10-27T13:59:02.981+0000] {dagbag.py:588} INFO - Filling up the DagBag from /home/airflow/.local/lib/python3.12/site-packages/airflow/example_dags/example_sla_dag.py
[2024-10-27T13:59:03.005+0000] {processor.py:925} INFO - DAG(s) 'example_sla_dag' retrieved from /home/airflow/.local/lib/python3.12/site-packages/airflow/example_dags/example_sla_dag.py
[2024-10-27T13:59:03.067+0000] {logging_mixin.py:190} INFO - [2024-10-27T13:59:03.067+0000] {dag.py:3239} INFO - Sync 1 DAGs
[2024-10-27T13:59:03.162+0000] {logging_mixin.py:190} INFO - [2024-10-27T13:59:03.161+0000] {dag.py:4180} INFO - Setting next_dagrun for example_sla_dag to 2024-10-27 13:56:00+00:00, run_after=2024-10-27 13:58:00+00:00
[2024-10-27T13:59:03.236+0000] {processor.py:208} INFO - Processing /home/airflow/.local/lib/python3.12/site-packages/airflow/example_dags/example_sla_dag.py took 0.282 seconds
[2024-10-27T13:59:35.070+0000] {processor.py:186} INFO - Started process (PID=770) to work on /home/airflow/.local/lib/python3.12/site-packages/airflow/example_dags/example_sla_dag.py
[2024-10-27T13:59:35.072+0000] {processor.py:914} INFO - Processing file /home/airflow/.local/lib/python3.12/site-packages/airflow/example_dags/example_sla_dag.py for tasks to queue
[2024-10-27T13:59:35.075+0000] {logging_mixin.py:190} INFO - [2024-10-27T13:59:35.075+0000] {dagbag.py:588} INFO - Filling up the DagBag from /home/airflow/.local/lib/python3.12/site-packages/airflow/example_dags/example_sla_dag.py
[2024-10-27T13:59:35.090+0000] {processor.py:925} INFO - DAG(s) 'example_sla_dag' retrieved from /home/airflow/.local/lib/python3.12/site-packages/airflow/example_dags/example_sla_dag.py
[2024-10-27T13:59:35.119+0000] {logging_mixin.py:190} INFO - [2024-10-27T13:59:35.119+0000] {dag.py:3239} INFO - Sync 1 DAGs
[2024-10-27T13:59:35.155+0000] {logging_mixin.py:190} INFO - [2024-10-27T13:59:35.155+0000] {dag.py:4180} INFO - Setting next_dagrun for example_sla_dag to 2024-10-27 13:56:00+00:00, run_after=2024-10-27 13:58:00+00:00
[2024-10-27T13:59:35.469+0000] {processor.py:208} INFO - Processing /home/airflow/.local/lib/python3.12/site-packages/airflow/example_dags/example_sla_dag.py took 0.406 seconds
[2024-10-27T14:00:05.568+0000] {processor.py:186} INFO - Started process (PID=832) to work on /home/airflow/.local/lib/python3.12/site-packages/airflow/example_dags/example_sla_dag.py
[2024-10-27T14:00:05.569+0000] {processor.py:914} INFO - Processing file /home/airflow/.local/lib/python3.12/site-packages/airflow/example_dags/example_sla_dag.py for tasks to queue
[2024-10-27T14:00:05.573+0000] {logging_mixin.py:190} INFO - [2024-10-27T14:00:05.573+0000] {dagbag.py:588} INFO - Filling up the DagBag from /home/airflow/.local/lib/python3.12/site-packages/airflow/example_dags/example_sla_dag.py
[2024-10-27T14:00:05.588+0000] {processor.py:925} INFO - DAG(s) 'example_sla_dag' retrieved from /home/airflow/.local/lib/python3.12/site-packages/airflow/example_dags/example_sla_dag.py
[2024-10-27T14:00:05.621+0000] {logging_mixin.py:190} INFO - [2024-10-27T14:00:05.620+0000] {dag.py:3239} INFO - Sync 1 DAGs
[2024-10-27T14:00:05.661+0000] {logging_mixin.py:190} INFO - [2024-10-27T14:00:05.661+0000] {dag.py:4180} INFO - Setting next_dagrun for example_sla_dag to 2024-10-27 13:58:00+00:00, run_after=2024-10-27 14:00:00+00:00
[2024-10-27T14:00:05.723+0000] {processor.py:208} INFO - Processing /home/airflow/.local/lib/python3.12/site-packages/airflow/example_dags/example_sla_dag.py took 0.164 seconds
[2024-10-27T14:00:36.599+0000] {processor.py:186} INFO - Started process (PID=900) to work on /home/airflow/.local/lib/python3.12/site-packages/airflow/example_dags/example_sla_dag.py
[2024-10-27T14:00:36.602+0000] {processor.py:914} INFO - Processing file /home/airflow/.local/lib/python3.12/site-packages/airflow/example_dags/example_sla_dag.py for tasks to queue
[2024-10-27T14:00:36.607+0000] {logging_mixin.py:190} INFO - [2024-10-27T14:00:36.606+0000] {dagbag.py:588} INFO - Filling up the DagBag from /home/airflow/.local/lib/python3.12/site-packages/airflow/example_dags/example_sla_dag.py
[2024-10-27T14:00:36.624+0000] {processor.py:925} INFO - DAG(s) 'example_sla_dag' retrieved from /home/airflow/.local/lib/python3.12/site-packages/airflow/example_dags/example_sla_dag.py
[2024-10-27T14:00:36.657+0000] {logging_mixin.py:190} INFO - [2024-10-27T14:00:36.657+0000] {dag.py:3239} INFO - Sync 1 DAGs
[2024-10-27T14:00:36.704+0000] {logging_mixin.py:190} INFO - [2024-10-27T14:00:36.704+0000] {dag.py:4180} INFO - Setting next_dagrun for example_sla_dag to 2024-10-27 13:58:00+00:00, run_after=2024-10-27 14:00:00+00:00
[2024-10-27T14:00:36.739+0000] {processor.py:208} INFO - Processing /home/airflow/.local/lib/python3.12/site-packages/airflow/example_dags/example_sla_dag.py took 0.152 seconds
[2024-10-27T14:01:07.376+0000] {processor.py:186} INFO - Started process (PID=962) to work on /home/airflow/.local/lib/python3.12/site-packages/airflow/example_dags/example_sla_dag.py
[2024-10-27T14:01:07.378+0000] {processor.py:914} INFO - Processing file /home/airflow/.local/lib/python3.12/site-packages/airflow/example_dags/example_sla_dag.py for tasks to queue
[2024-10-27T14:01:07.382+0000] {logging_mixin.py:190} INFO - [2024-10-27T14:01:07.381+0000] {dagbag.py:588} INFO - Filling up the DagBag from /home/airflow/.local/lib/python3.12/site-packages/airflow/example_dags/example_sla_dag.py
[2024-10-27T14:01:07.404+0000] {processor.py:925} INFO - DAG(s) 'example_sla_dag' retrieved from /home/airflow/.local/lib/python3.12/site-packages/airflow/example_dags/example_sla_dag.py
[2024-10-27T14:01:07.444+0000] {logging_mixin.py:190} INFO - [2024-10-27T14:01:07.444+0000] {dag.py:3239} INFO - Sync 1 DAGs
[2024-10-27T14:01:07.512+0000] {logging_mixin.py:190} INFO - [2024-10-27T14:01:07.512+0000] {dag.py:4180} INFO - Setting next_dagrun for example_sla_dag to 2024-10-27 13:58:00+00:00, run_after=2024-10-27 14:00:00+00:00
[2024-10-27T14:01:07.598+0000] {processor.py:208} INFO - Processing /home/airflow/.local/lib/python3.12/site-packages/airflow/example_dags/example_sla_dag.py took 0.238 seconds
[2024-10-27T14:01:38.866+0000] {processor.py:186} INFO - Started process (PID=1022) to work on /home/airflow/.local/lib/python3.12/site-packages/airflow/example_dags/example_sla_dag.py
[2024-10-27T14:01:38.868+0000] {processor.py:914} INFO - Processing file /home/airflow/.local/lib/python3.12/site-packages/airflow/example_dags/example_sla_dag.py for tasks to queue
[2024-10-27T14:01:38.874+0000] {logging_mixin.py:190} INFO - [2024-10-27T14:01:38.873+0000] {dagbag.py:588} INFO - Filling up the DagBag from /home/airflow/.local/lib/python3.12/site-packages/airflow/example_dags/example_sla_dag.py
[2024-10-27T14:01:38.895+0000] {processor.py:925} INFO - DAG(s) 'example_sla_dag' retrieved from /home/airflow/.local/lib/python3.12/site-packages/airflow/example_dags/example_sla_dag.py
[2024-10-27T14:01:38.951+0000] {logging_mixin.py:190} INFO - [2024-10-27T14:01:38.951+0000] {dag.py:3239} INFO - Sync 1 DAGs
[2024-10-27T14:01:39.037+0000] {logging_mixin.py:190} INFO - [2024-10-27T14:01:39.037+0000] {dag.py:4180} INFO - Setting next_dagrun for example_sla_dag to 2024-10-27 13:58:00+00:00, run_after=2024-10-27 14:00:00+00:00
[2024-10-27T14:01:39.138+0000] {processor.py:208} INFO - Processing /home/airflow/.local/lib/python3.12/site-packages/airflow/example_dags/example_sla_dag.py took 0.284 seconds
[2024-10-27T14:02:09.794+0000] {processor.py:186} INFO - Started process (PID=1084) to work on /home/airflow/.local/lib/python3.12/site-packages/airflow/example_dags/example_sla_dag.py
[2024-10-27T14:02:09.796+0000] {processor.py:914} INFO - Processing file /home/airflow/.local/lib/python3.12/site-packages/airflow/example_dags/example_sla_dag.py for tasks to queue
[2024-10-27T14:02:09.804+0000] {logging_mixin.py:190} INFO - [2024-10-27T14:02:09.803+0000] {dagbag.py:588} INFO - Filling up the DagBag from /home/airflow/.local/lib/python3.12/site-packages/airflow/example_dags/example_sla_dag.py
[2024-10-27T14:02:09.824+0000] {processor.py:925} INFO - DAG(s) 'example_sla_dag' retrieved from /home/airflow/.local/lib/python3.12/site-packages/airflow/example_dags/example_sla_dag.py
[2024-10-27T14:02:09.860+0000] {logging_mixin.py:190} INFO - [2024-10-27T14:02:09.859+0000] {dag.py:3239} INFO - Sync 1 DAGs
[2024-10-27T14:02:09.912+0000] {logging_mixin.py:190} INFO - [2024-10-27T14:02:09.911+0000] {dag.py:4180} INFO - Setting next_dagrun for example_sla_dag to 2024-10-27 14:00:00+00:00, run_after=2024-10-27 14:02:00+00:00
[2024-10-27T14:02:10.008+0000] {processor.py:208} INFO - Processing /home/airflow/.local/lib/python3.12/site-packages/airflow/example_dags/example_sla_dag.py took 0.224 seconds
[2024-10-27T14:02:40.492+0000] {processor.py:186} INFO - Started process (PID=1145) to work on /home/airflow/.local/lib/python3.12/site-packages/airflow/example_dags/example_sla_dag.py
[2024-10-27T14:02:40.495+0000] {processor.py:914} INFO - Processing file /home/airflow/.local/lib/python3.12/site-packages/airflow/example_dags/example_sla_dag.py for tasks to queue
[2024-10-27T14:02:40.502+0000] {logging_mixin.py:190} INFO - [2024-10-27T14:02:40.502+0000] {dagbag.py:588} INFO - Filling up the DagBag from /home/airflow/.local/lib/python3.12/site-packages/airflow/example_dags/example_sla_dag.py
[2024-10-27T14:02:40.522+0000] {processor.py:925} INFO - DAG(s) 'example_sla_dag' retrieved from /home/airflow/.local/lib/python3.12/site-packages/airflow/example_dags/example_sla_dag.py
[2024-10-27T14:02:40.560+0000] {logging_mixin.py:190} INFO - [2024-10-27T14:02:40.559+0000] {dag.py:3239} INFO - Sync 1 DAGs
[2024-10-27T14:02:40.614+0000] {logging_mixin.py:190} INFO - [2024-10-27T14:02:40.613+0000] {dag.py:4180} INFO - Setting next_dagrun for example_sla_dag to 2024-10-27 14:00:00+00:00, run_after=2024-10-27 14:02:00+00:00
[2024-10-27T14:02:40.769+0000] {processor.py:208} INFO - Processing /home/airflow/.local/lib/python3.12/site-packages/airflow/example_dags/example_sla_dag.py took 0.293 seconds
[2024-10-27T14:03:11.422+0000] {processor.py:186} INFO - Started process (PID=1206) to work on /home/airflow/.local/lib/python3.12/site-packages/airflow/example_dags/example_sla_dag.py
[2024-10-27T14:03:11.424+0000] {processor.py:914} INFO - Processing file /home/airflow/.local/lib/python3.12/site-packages/airflow/example_dags/example_sla_dag.py for tasks to queue
[2024-10-27T14:03:11.428+0000] {logging_mixin.py:190} INFO - [2024-10-27T14:03:11.428+0000] {dagbag.py:588} INFO - Filling up the DagBag from /home/airflow/.local/lib/python3.12/site-packages/airflow/example_dags/example_sla_dag.py
[2024-10-27T14:03:11.446+0000] {processor.py:925} INFO - DAG(s) 'example_sla_dag' retrieved from /home/airflow/.local/lib/python3.12/site-packages/airflow/example_dags/example_sla_dag.py
[2024-10-27T14:03:11.476+0000] {logging_mixin.py:190} INFO - [2024-10-27T14:03:11.476+0000] {dag.py:3239} INFO - Sync 1 DAGs
[2024-10-27T14:03:11.522+0000] {logging_mixin.py:190} INFO - [2024-10-27T14:03:11.522+0000] {dag.py:4180} INFO - Setting next_dagrun for example_sla_dag to 2024-10-27 14:00:00+00:00, run_after=2024-10-27 14:02:00+00:00
[2024-10-27T14:03:11.574+0000] {processor.py:208} INFO - Processing /home/airflow/.local/lib/python3.12/site-packages/airflow/example_dags/example_sla_dag.py took 0.161 seconds
[2024-10-27T14:03:48.918+0000] {processor.py:186} INFO - Started process (PID=1267) to work on /home/airflow/.local/lib/python3.12/site-packages/airflow/example_dags/example_sla_dag.py
[2024-10-27T14:03:48.919+0000] {processor.py:914} INFO - Processing file /home/airflow/.local/lib/python3.12/site-packages/airflow/example_dags/example_sla_dag.py for tasks to queue
[2024-10-27T14:03:48.923+0000] {logging_mixin.py:190} INFO - [2024-10-27T14:03:48.923+0000] {dagbag.py:588} INFO - Filling up the DagBag from /home/airflow/.local/lib/python3.12/site-packages/airflow/example_dags/example_sla_dag.py
[2024-10-27T14:03:48.939+0000] {processor.py:925} INFO - DAG(s) 'example_sla_dag' retrieved from /home/airflow/.local/lib/python3.12/site-packages/airflow/example_dags/example_sla_dag.py
[2024-10-27T14:03:48.975+0000] {logging_mixin.py:190} INFO - [2024-10-27T14:03:48.972+0000] {dag.py:3239} INFO - Sync 1 DAGs
[2024-10-27T14:03:49.026+0000] {logging_mixin.py:190} INFO - [2024-10-27T14:03:49.025+0000] {dag.py:4180} INFO - Setting next_dagrun for example_sla_dag to 2024-10-27 14:00:00+00:00, run_after=2024-10-27 14:02:00+00:00
[2024-10-27T14:03:49.287+0000] {processor.py:208} INFO - Processing /home/airflow/.local/lib/python3.12/site-packages/airflow/example_dags/example_sla_dag.py took 0.379 seconds
[2024-10-27T14:04:21.173+0000] {processor.py:186} INFO - Started process (PID=1328) to work on /home/airflow/.local/lib/python3.12/site-packages/airflow/example_dags/example_sla_dag.py
[2024-10-27T14:04:21.176+0000] {processor.py:914} INFO - Processing file /home/airflow/.local/lib/python3.12/site-packages/airflow/example_dags/example_sla_dag.py for tasks to queue
[2024-10-27T14:04:21.181+0000] {logging_mixin.py:190} INFO - [2024-10-27T14:04:21.180+0000] {dagbag.py:588} INFO - Filling up the DagBag from /home/airflow/.local/lib/python3.12/site-packages/airflow/example_dags/example_sla_dag.py
[2024-10-27T14:04:21.205+0000] {processor.py:925} INFO - DAG(s) 'example_sla_dag' retrieved from /home/airflow/.local/lib/python3.12/site-packages/airflow/example_dags/example_sla_dag.py
[2024-10-27T14:04:21.271+0000] {logging_mixin.py:190} INFO - [2024-10-27T14:04:21.271+0000] {dag.py:3239} INFO - Sync 1 DAGs
[2024-10-27T14:04:21.384+0000] {logging_mixin.py:190} INFO - [2024-10-27T14:04:21.384+0000] {dag.py:4180} INFO - Setting next_dagrun for example_sla_dag to 2024-10-27 14:02:00+00:00, run_after=2024-10-27 14:04:00+00:00
[2024-10-27T14:04:21.525+0000] {processor.py:208} INFO - Processing /home/airflow/.local/lib/python3.12/site-packages/airflow/example_dags/example_sla_dag.py took 0.374 seconds
[2024-10-27T14:04:52.529+0000] {processor.py:186} INFO - Started process (PID=1390) to work on /home/airflow/.local/lib/python3.12/site-packages/airflow/example_dags/example_sla_dag.py
[2024-10-27T14:04:52.531+0000] {processor.py:914} INFO - Processing file /home/airflow/.local/lib/python3.12/site-packages/airflow/example_dags/example_sla_dag.py for tasks to queue
[2024-10-27T14:04:52.535+0000] {logging_mixin.py:190} INFO - [2024-10-27T14:04:52.535+0000] {dagbag.py:588} INFO - Filling up the DagBag from /home/airflow/.local/lib/python3.12/site-packages/airflow/example_dags/example_sla_dag.py
[2024-10-27T14:04:52.553+0000] {processor.py:925} INFO - DAG(s) 'example_sla_dag' retrieved from /home/airflow/.local/lib/python3.12/site-packages/airflow/example_dags/example_sla_dag.py
[2024-10-27T14:04:52.587+0000] {logging_mixin.py:190} INFO - [2024-10-27T14:04:52.587+0000] {dag.py:3239} INFO - Sync 1 DAGs
[2024-10-27T14:04:52.635+0000] {logging_mixin.py:190} INFO - [2024-10-27T14:04:52.634+0000] {dag.py:4180} INFO - Setting next_dagrun for example_sla_dag to 2024-10-27 14:02:00+00:00, run_after=2024-10-27 14:04:00+00:00
[2024-10-27T14:04:52.681+0000] {processor.py:208} INFO - Processing /home/airflow/.local/lib/python3.12/site-packages/airflow/example_dags/example_sla_dag.py took 0.162 seconds
[2024-10-27T14:05:23.059+0000] {processor.py:186} INFO - Started process (PID=1451) to work on /home/airflow/.local/lib/python3.12/site-packages/airflow/example_dags/example_sla_dag.py
[2024-10-27T14:05:23.061+0000] {processor.py:914} INFO - Processing file /home/airflow/.local/lib/python3.12/site-packages/airflow/example_dags/example_sla_dag.py for tasks to queue
[2024-10-27T14:05:23.065+0000] {logging_mixin.py:190} INFO - [2024-10-27T14:05:23.064+0000] {dagbag.py:588} INFO - Filling up the DagBag from /home/airflow/.local/lib/python3.12/site-packages/airflow/example_dags/example_sla_dag.py
[2024-10-27T14:05:23.103+0000] {processor.py:925} INFO - DAG(s) 'example_sla_dag' retrieved from /home/airflow/.local/lib/python3.12/site-packages/airflow/example_dags/example_sla_dag.py
[2024-10-27T14:05:23.170+0000] {logging_mixin.py:190} INFO - [2024-10-27T14:05:23.169+0000] {dag.py:3239} INFO - Sync 1 DAGs
[2024-10-27T14:05:23.259+0000] {logging_mixin.py:190} INFO - [2024-10-27T14:05:23.259+0000] {dag.py:4180} INFO - Setting next_dagrun for example_sla_dag to 2024-10-27 14:02:00+00:00, run_after=2024-10-27 14:04:00+00:00
[2024-10-27T14:05:23.305+0000] {processor.py:208} INFO - Processing /home/airflow/.local/lib/python3.12/site-packages/airflow/example_dags/example_sla_dag.py took 0.259 seconds
[2024-10-27T14:05:53.453+0000] {processor.py:186} INFO - Started process (PID=1512) to work on /home/airflow/.local/lib/python3.12/site-packages/airflow/example_dags/example_sla_dag.py
[2024-10-27T14:05:53.472+0000] {processor.py:914} INFO - Processing file /home/airflow/.local/lib/python3.12/site-packages/airflow/example_dags/example_sla_dag.py for tasks to queue
[2024-10-27T14:05:53.476+0000] {logging_mixin.py:190} INFO - [2024-10-27T14:05:53.476+0000] {dagbag.py:588} INFO - Filling up the DagBag from /home/airflow/.local/lib/python3.12/site-packages/airflow/example_dags/example_sla_dag.py
[2024-10-27T14:05:53.495+0000] {processor.py:925} INFO - DAG(s) 'example_sla_dag' retrieved from /home/airflow/.local/lib/python3.12/site-packages/airflow/example_dags/example_sla_dag.py
[2024-10-27T14:05:53.532+0000] {logging_mixin.py:190} INFO - [2024-10-27T14:05:53.532+0000] {dag.py:3239} INFO - Sync 1 DAGs
[2024-10-27T14:05:53.583+0000] {logging_mixin.py:190} INFO - [2024-10-27T14:05:53.583+0000] {dag.py:4180} INFO - Setting next_dagrun for example_sla_dag to 2024-10-27 14:02:00+00:00, run_after=2024-10-27 14:04:00+00:00
[2024-10-27T14:05:53.663+0000] {processor.py:208} INFO - Processing /home/airflow/.local/lib/python3.12/site-packages/airflow/example_dags/example_sla_dag.py took 0.222 seconds
[2024-10-27T14:06:23.766+0000] {processor.py:186} INFO - Started process (PID=1573) to work on /home/airflow/.local/lib/python3.12/site-packages/airflow/example_dags/example_sla_dag.py
[2024-10-27T14:06:23.767+0000] {processor.py:914} INFO - Processing file /home/airflow/.local/lib/python3.12/site-packages/airflow/example_dags/example_sla_dag.py for tasks to queue
[2024-10-27T14:06:23.773+0000] {logging_mixin.py:190} INFO - [2024-10-27T14:06:23.772+0000] {dagbag.py:588} INFO - Filling up the DagBag from /home/airflow/.local/lib/python3.12/site-packages/airflow/example_dags/example_sla_dag.py
[2024-10-27T14:06:23.796+0000] {processor.py:925} INFO - DAG(s) 'example_sla_dag' retrieved from /home/airflow/.local/lib/python3.12/site-packages/airflow/example_dags/example_sla_dag.py
[2024-10-27T14:06:23.850+0000] {logging_mixin.py:190} INFO - [2024-10-27T14:06:23.850+0000] {dag.py:3239} INFO - Sync 1 DAGs
[2024-10-27T14:06:23.949+0000] {logging_mixin.py:190} INFO - [2024-10-27T14:06:23.948+0000] {dag.py:4180} INFO - Setting next_dagrun for example_sla_dag to 2024-10-27 14:04:00+00:00, run_after=2024-10-27 14:06:00+00:00
[2024-10-27T14:06:24.088+0000] {processor.py:208} INFO - Processing /home/airflow/.local/lib/python3.12/site-packages/airflow/example_dags/example_sla_dag.py took 0.335 seconds
[2024-10-27T14:06:58.747+0000] {processor.py:186} INFO - Started process (PID=1636) to work on /home/airflow/.local/lib/python3.12/site-packages/airflow/example_dags/example_sla_dag.py
[2024-10-27T14:06:58.749+0000] {processor.py:914} INFO - Processing file /home/airflow/.local/lib/python3.12/site-packages/airflow/example_dags/example_sla_dag.py for tasks to queue
[2024-10-27T14:06:58.754+0000] {logging_mixin.py:190} INFO - [2024-10-27T14:06:58.752+0000] {dagbag.py:588} INFO - Filling up the DagBag from /home/airflow/.local/lib/python3.12/site-packages/airflow/example_dags/example_sla_dag.py
[2024-10-27T14:06:58.812+0000] {processor.py:925} INFO - DAG(s) 'example_sla_dag' retrieved from /home/airflow/.local/lib/python3.12/site-packages/airflow/example_dags/example_sla_dag.py
[2024-10-27T14:06:58.858+0000] {logging_mixin.py:190} INFO - [2024-10-27T14:06:58.858+0000] {dag.py:3239} INFO - Sync 1 DAGs
[2024-10-27T14:06:58.937+0000] {logging_mixin.py:190} INFO - [2024-10-27T14:06:58.936+0000] {dag.py:4180} INFO - Setting next_dagrun for example_sla_dag to 2024-10-27 14:04:00+00:00, run_after=2024-10-27 14:06:00+00:00
[2024-10-27T14:06:59.258+0000] {processor.py:208} INFO - Processing /home/airflow/.local/lib/python3.12/site-packages/airflow/example_dags/example_sla_dag.py took 0.527 seconds
[2024-10-27T14:07:29.776+0000] {processor.py:186} INFO - Started process (PID=1698) to work on /home/airflow/.local/lib/python3.12/site-packages/airflow/example_dags/example_sla_dag.py
[2024-10-27T14:07:29.778+0000] {processor.py:914} INFO - Processing file /home/airflow/.local/lib/python3.12/site-packages/airflow/example_dags/example_sla_dag.py for tasks to queue
[2024-10-27T14:07:29.793+0000] {logging_mixin.py:190} INFO - [2024-10-27T14:07:29.792+0000] {dagbag.py:588} INFO - Filling up the DagBag from /home/airflow/.local/lib/python3.12/site-packages/airflow/example_dags/example_sla_dag.py
[2024-10-27T14:07:29.853+0000] {processor.py:925} INFO - DAG(s) 'example_sla_dag' retrieved from /home/airflow/.local/lib/python3.12/site-packages/airflow/example_dags/example_sla_dag.py
[2024-10-27T14:07:29.977+0000] {logging_mixin.py:190} INFO - [2024-10-27T14:07:29.976+0000] {dag.py:3239} INFO - Sync 1 DAGs
[2024-10-27T14:07:30.194+0000] {logging_mixin.py:190} INFO - [2024-10-27T14:07:30.193+0000] {dag.py:4180} INFO - Setting next_dagrun for example_sla_dag to 2024-10-27 14:04:00+00:00, run_after=2024-10-27 14:06:00+00:00
[2024-10-27T14:07:30.298+0000] {processor.py:208} INFO - Processing /home/airflow/.local/lib/python3.12/site-packages/airflow/example_dags/example_sla_dag.py took 0.544 seconds
[2024-10-27T14:08:00.687+0000] {processor.py:186} INFO - Started process (PID=1761) to work on /home/airflow/.local/lib/python3.12/site-packages/airflow/example_dags/example_sla_dag.py
[2024-10-27T14:08:00.689+0000] {processor.py:914} INFO - Processing file /home/airflow/.local/lib/python3.12/site-packages/airflow/example_dags/example_sla_dag.py for tasks to queue
[2024-10-27T14:08:00.693+0000] {logging_mixin.py:190} INFO - [2024-10-27T14:08:00.693+0000] {dagbag.py:588} INFO - Filling up the DagBag from /home/airflow/.local/lib/python3.12/site-packages/airflow/example_dags/example_sla_dag.py
[2024-10-27T14:08:00.713+0000] {processor.py:925} INFO - DAG(s) 'example_sla_dag' retrieved from /home/airflow/.local/lib/python3.12/site-packages/airflow/example_dags/example_sla_dag.py
[2024-10-27T14:08:00.756+0000] {logging_mixin.py:190} INFO - [2024-10-27T14:08:00.755+0000] {dag.py:3239} INFO - Sync 1 DAGs
[2024-10-27T14:08:00.810+0000] {logging_mixin.py:190} INFO - [2024-10-27T14:08:00.808+0000] {dag.py:4180} INFO - Setting next_dagrun for example_sla_dag to 2024-10-27 14:06:00+00:00, run_after=2024-10-27 14:08:00+00:00
[2024-10-27T14:08:00.890+0000] {processor.py:208} INFO - Processing /home/airflow/.local/lib/python3.12/site-packages/airflow/example_dags/example_sla_dag.py took 0.213 seconds
[2024-10-27T14:08:31.261+0000] {processor.py:186} INFO - Started process (PID=1823) to work on /home/airflow/.local/lib/python3.12/site-packages/airflow/example_dags/example_sla_dag.py
[2024-10-27T14:08:31.263+0000] {processor.py:914} INFO - Processing file /home/airflow/.local/lib/python3.12/site-packages/airflow/example_dags/example_sla_dag.py for tasks to queue
[2024-10-27T14:08:31.270+0000] {logging_mixin.py:190} INFO - [2024-10-27T14:08:31.270+0000] {dagbag.py:588} INFO - Filling up the DagBag from /home/airflow/.local/lib/python3.12/site-packages/airflow/example_dags/example_sla_dag.py
[2024-10-27T14:08:31.289+0000] {processor.py:925} INFO - DAG(s) 'example_sla_dag' retrieved from /home/airflow/.local/lib/python3.12/site-packages/airflow/example_dags/example_sla_dag.py
[2024-10-27T14:08:31.349+0000] {logging_mixin.py:190} INFO - [2024-10-27T14:08:31.349+0000] {dag.py:3239} INFO - Sync 1 DAGs
[2024-10-27T14:08:31.407+0000] {logging_mixin.py:190} INFO - [2024-10-27T14:08:31.406+0000] {dag.py:4180} INFO - Setting next_dagrun for example_sla_dag to 2024-10-27 14:06:00+00:00, run_after=2024-10-27 14:08:00+00:00
[2024-10-27T14:08:31.471+0000] {processor.py:208} INFO - Processing /home/airflow/.local/lib/python3.12/site-packages/airflow/example_dags/example_sla_dag.py took 0.219 seconds
[2024-10-27T14:09:01.793+0000] {processor.py:186} INFO - Started process (PID=1885) to work on /home/airflow/.local/lib/python3.12/site-packages/airflow/example_dags/example_sla_dag.py
[2024-10-27T14:09:01.795+0000] {processor.py:914} INFO - Processing file /home/airflow/.local/lib/python3.12/site-packages/airflow/example_dags/example_sla_dag.py for tasks to queue
[2024-10-27T14:09:01.801+0000] {logging_mixin.py:190} INFO - [2024-10-27T14:09:01.800+0000] {dagbag.py:588} INFO - Filling up the DagBag from /home/airflow/.local/lib/python3.12/site-packages/airflow/example_dags/example_sla_dag.py
[2024-10-27T14:09:01.824+0000] {processor.py:925} INFO - DAG(s) 'example_sla_dag' retrieved from /home/airflow/.local/lib/python3.12/site-packages/airflow/example_dags/example_sla_dag.py
[2024-10-27T14:09:01.876+0000] {logging_mixin.py:190} INFO - [2024-10-27T14:09:01.876+0000] {dag.py:3239} INFO - Sync 1 DAGs
[2024-10-27T14:09:01.953+0000] {logging_mixin.py:190} INFO - [2024-10-27T14:09:01.953+0000] {dag.py:4180} INFO - Setting next_dagrun for example_sla_dag to 2024-10-27 14:06:00+00:00, run_after=2024-10-27 14:08:00+00:00
[2024-10-27T14:09:02.000+0000] {processor.py:208} INFO - Processing /home/airflow/.local/lib/python3.12/site-packages/airflow/example_dags/example_sla_dag.py took 0.219 seconds
[2024-10-27T14:09:32.094+0000] {processor.py:186} INFO - Started process (PID=1947) to work on /home/airflow/.local/lib/python3.12/site-packages/airflow/example_dags/example_sla_dag.py
[2024-10-27T14:09:32.097+0000] {processor.py:914} INFO - Processing file /home/airflow/.local/lib/python3.12/site-packages/airflow/example_dags/example_sla_dag.py for tasks to queue
[2024-10-27T14:09:32.102+0000] {logging_mixin.py:190} INFO - [2024-10-27T14:09:32.101+0000] {dagbag.py:588} INFO - Filling up the DagBag from /home/airflow/.local/lib/python3.12/site-packages/airflow/example_dags/example_sla_dag.py
[2024-10-27T14:09:32.125+0000] {processor.py:925} INFO - DAG(s) 'example_sla_dag' retrieved from /home/airflow/.local/lib/python3.12/site-packages/airflow/example_dags/example_sla_dag.py
[2024-10-27T14:09:32.163+0000] {logging_mixin.py:190} INFO - [2024-10-27T14:09:32.162+0000] {dag.py:3239} INFO - Sync 1 DAGs
[2024-10-27T14:09:32.217+0000] {logging_mixin.py:190} INFO - [2024-10-27T14:09:32.217+0000] {dag.py:4180} INFO - Setting next_dagrun for example_sla_dag to 2024-10-27 14:06:00+00:00, run_after=2024-10-27 14:08:00+00:00
[2024-10-27T14:09:32.270+0000] {processor.py:208} INFO - Processing /home/airflow/.local/lib/python3.12/site-packages/airflow/example_dags/example_sla_dag.py took 0.191 seconds
[2024-10-27T14:10:02.605+0000] {processor.py:186} INFO - Started process (PID=2009) to work on /home/airflow/.local/lib/python3.12/site-packages/airflow/example_dags/example_sla_dag.py
[2024-10-27T14:10:02.607+0000] {processor.py:914} INFO - Processing file /home/airflow/.local/lib/python3.12/site-packages/airflow/example_dags/example_sla_dag.py for tasks to queue
[2024-10-27T14:10:02.612+0000] {logging_mixin.py:190} INFO - [2024-10-27T14:10:02.611+0000] {dagbag.py:588} INFO - Filling up the DagBag from /home/airflow/.local/lib/python3.12/site-packages/airflow/example_dags/example_sla_dag.py
[2024-10-27T14:10:02.627+0000] {processor.py:925} INFO - DAG(s) 'example_sla_dag' retrieved from /home/airflow/.local/lib/python3.12/site-packages/airflow/example_dags/example_sla_dag.py
[2024-10-27T14:10:02.661+0000] {logging_mixin.py:190} INFO - [2024-10-27T14:10:02.660+0000] {dag.py:3239} INFO - Sync 1 DAGs
[2024-10-27T14:10:02.701+0000] {logging_mixin.py:190} INFO - [2024-10-27T14:10:02.701+0000] {dag.py:4180} INFO - Setting next_dagrun for example_sla_dag to 2024-10-27 14:08:00+00:00, run_after=2024-10-27 14:10:00+00:00
[2024-10-27T14:10:02.763+0000] {processor.py:208} INFO - Processing /home/airflow/.local/lib/python3.12/site-packages/airflow/example_dags/example_sla_dag.py took 0.169 seconds
[2024-10-27T14:10:33.547+0000] {processor.py:186} INFO - Started process (PID=2071) to work on /home/airflow/.local/lib/python3.12/site-packages/airflow/example_dags/example_sla_dag.py
[2024-10-27T14:10:33.549+0000] {processor.py:914} INFO - Processing file /home/airflow/.local/lib/python3.12/site-packages/airflow/example_dags/example_sla_dag.py for tasks to queue
[2024-10-27T14:10:33.552+0000] {logging_mixin.py:190} INFO - [2024-10-27T14:10:33.552+0000] {dagbag.py:588} INFO - Filling up the DagBag from /home/airflow/.local/lib/python3.12/site-packages/airflow/example_dags/example_sla_dag.py
[2024-10-27T14:10:33.566+0000] {processor.py:925} INFO - DAG(s) 'example_sla_dag' retrieved from /home/airflow/.local/lib/python3.12/site-packages/airflow/example_dags/example_sla_dag.py
[2024-10-27T14:10:33.593+0000] {logging_mixin.py:190} INFO - [2024-10-27T14:10:33.593+0000] {dag.py:3239} INFO - Sync 1 DAGs
[2024-10-27T14:10:33.629+0000] {logging_mixin.py:190} INFO - [2024-10-27T14:10:33.629+0000] {dag.py:4180} INFO - Setting next_dagrun for example_sla_dag to 2024-10-27 14:08:00+00:00, run_after=2024-10-27 14:10:00+00:00
[2024-10-27T14:10:33.938+0000] {processor.py:208} INFO - Processing /home/airflow/.local/lib/python3.12/site-packages/airflow/example_dags/example_sla_dag.py took 0.401 seconds
[2024-10-27T14:11:04.553+0000] {processor.py:186} INFO - Started process (PID=2133) to work on /home/airflow/.local/lib/python3.12/site-packages/airflow/example_dags/example_sla_dag.py
[2024-10-27T14:11:04.555+0000] {processor.py:914} INFO - Processing file /home/airflow/.local/lib/python3.12/site-packages/airflow/example_dags/example_sla_dag.py for tasks to queue
[2024-10-27T14:11:04.563+0000] {logging_mixin.py:190} INFO - [2024-10-27T14:11:04.561+0000] {dagbag.py:588} INFO - Filling up the DagBag from /home/airflow/.local/lib/python3.12/site-packages/airflow/example_dags/example_sla_dag.py
[2024-10-27T14:11:04.584+0000] {processor.py:925} INFO - DAG(s) 'example_sla_dag' retrieved from /home/airflow/.local/lib/python3.12/site-packages/airflow/example_dags/example_sla_dag.py
[2024-10-27T14:11:04.625+0000] {logging_mixin.py:190} INFO - [2024-10-27T14:11:04.624+0000] {dag.py:3239} INFO - Sync 1 DAGs
[2024-10-27T14:11:04.716+0000] {logging_mixin.py:190} INFO - [2024-10-27T14:11:04.716+0000] {dag.py:4180} INFO - Setting next_dagrun for example_sla_dag to 2024-10-27 14:08:00+00:00, run_after=2024-10-27 14:10:00+00:00
[2024-10-27T14:11:04.853+0000] {processor.py:208} INFO - Processing /home/airflow/.local/lib/python3.12/site-packages/airflow/example_dags/example_sla_dag.py took 0.317 seconds
[2024-10-27T14:11:35.371+0000] {processor.py:186} INFO - Started process (PID=2195) to work on /home/airflow/.local/lib/python3.12/site-packages/airflow/example_dags/example_sla_dag.py
[2024-10-27T14:11:35.373+0000] {processor.py:914} INFO - Processing file /home/airflow/.local/lib/python3.12/site-packages/airflow/example_dags/example_sla_dag.py for tasks to queue
[2024-10-27T14:11:35.377+0000] {logging_mixin.py:190} INFO - [2024-10-27T14:11:35.376+0000] {dagbag.py:588} INFO - Filling up the DagBag from /home/airflow/.local/lib/python3.12/site-packages/airflow/example_dags/example_sla_dag.py
[2024-10-27T14:11:35.390+0000] {processor.py:925} INFO - DAG(s) 'example_sla_dag' retrieved from /home/airflow/.local/lib/python3.12/site-packages/airflow/example_dags/example_sla_dag.py
[2024-10-27T14:11:35.428+0000] {logging_mixin.py:190} INFO - [2024-10-27T14:11:35.428+0000] {dag.py:3239} INFO - Sync 1 DAGs
[2024-10-27T14:11:35.480+0000] {logging_mixin.py:190} INFO - [2024-10-27T14:11:35.479+0000] {dag.py:4180} INFO - Setting next_dagrun for example_sla_dag to 2024-10-27 14:08:00+00:00, run_after=2024-10-27 14:10:00+00:00
[2024-10-27T14:11:35.515+0000] {processor.py:208} INFO - Processing /home/airflow/.local/lib/python3.12/site-packages/airflow/example_dags/example_sla_dag.py took 0.156 seconds
[2024-10-27T14:12:06.078+0000] {processor.py:186} INFO - Started process (PID=2257) to work on /home/airflow/.local/lib/python3.12/site-packages/airflow/example_dags/example_sla_dag.py
[2024-10-27T14:12:06.080+0000] {processor.py:914} INFO - Processing file /home/airflow/.local/lib/python3.12/site-packages/airflow/example_dags/example_sla_dag.py for tasks to queue
[2024-10-27T14:12:06.084+0000] {logging_mixin.py:190} INFO - [2024-10-27T14:12:06.084+0000] {dagbag.py:588} INFO - Filling up the DagBag from /home/airflow/.local/lib/python3.12/site-packages/airflow/example_dags/example_sla_dag.py
[2024-10-27T14:12:06.102+0000] {processor.py:925} INFO - DAG(s) 'example_sla_dag' retrieved from /home/airflow/.local/lib/python3.12/site-packages/airflow/example_dags/example_sla_dag.py
[2024-10-27T14:12:06.136+0000] {logging_mixin.py:190} INFO - [2024-10-27T14:12:06.136+0000] {dag.py:3239} INFO - Sync 1 DAGs
[2024-10-27T14:12:06.183+0000] {logging_mixin.py:190} INFO - [2024-10-27T14:12:06.182+0000] {dag.py:4180} INFO - Setting next_dagrun for example_sla_dag to 2024-10-27 14:10:00+00:00, run_after=2024-10-27 14:12:00+00:00
[2024-10-27T14:12:06.568+0000] {processor.py:208} INFO - Processing /home/airflow/.local/lib/python3.12/site-packages/airflow/example_dags/example_sla_dag.py took 0.499 seconds
[2024-10-27T14:12:36.734+0000] {processor.py:186} INFO - Started process (PID=2319) to work on /home/airflow/.local/lib/python3.12/site-packages/airflow/example_dags/example_sla_dag.py
[2024-10-27T14:12:36.735+0000] {processor.py:914} INFO - Processing file /home/airflow/.local/lib/python3.12/site-packages/airflow/example_dags/example_sla_dag.py for tasks to queue
[2024-10-27T14:12:36.739+0000] {logging_mixin.py:190} INFO - [2024-10-27T14:12:36.739+0000] {dagbag.py:588} INFO - Filling up the DagBag from /home/airflow/.local/lib/python3.12/site-packages/airflow/example_dags/example_sla_dag.py
[2024-10-27T14:12:36.753+0000] {processor.py:925} INFO - DAG(s) 'example_sla_dag' retrieved from /home/airflow/.local/lib/python3.12/site-packages/airflow/example_dags/example_sla_dag.py
[2024-10-27T14:12:36.807+0000] {logging_mixin.py:190} INFO - [2024-10-27T14:12:36.807+0000] {dag.py:3239} INFO - Sync 1 DAGs
[2024-10-27T14:12:36.859+0000] {logging_mixin.py:190} INFO - [2024-10-27T14:12:36.859+0000] {dag.py:4180} INFO - Setting next_dagrun for example_sla_dag to 2024-10-27 14:10:00+00:00, run_after=2024-10-27 14:12:00+00:00
[2024-10-27T14:12:36.949+0000] {processor.py:208} INFO - Processing /home/airflow/.local/lib/python3.12/site-packages/airflow/example_dags/example_sla_dag.py took 0.224 seconds
[2024-10-27T14:13:07.384+0000] {processor.py:186} INFO - Started process (PID=2381) to work on /home/airflow/.local/lib/python3.12/site-packages/airflow/example_dags/example_sla_dag.py
[2024-10-27T14:13:07.386+0000] {processor.py:914} INFO - Processing file /home/airflow/.local/lib/python3.12/site-packages/airflow/example_dags/example_sla_dag.py for tasks to queue
[2024-10-27T14:13:07.390+0000] {logging_mixin.py:190} INFO - [2024-10-27T14:13:07.390+0000] {dagbag.py:588} INFO - Filling up the DagBag from /home/airflow/.local/lib/python3.12/site-packages/airflow/example_dags/example_sla_dag.py
[2024-10-27T14:13:07.410+0000] {processor.py:925} INFO - DAG(s) 'example_sla_dag' retrieved from /home/airflow/.local/lib/python3.12/site-packages/airflow/example_dags/example_sla_dag.py
[2024-10-27T14:13:07.447+0000] {logging_mixin.py:190} INFO - [2024-10-27T14:13:07.447+0000] {dag.py:3239} INFO - Sync 1 DAGs
[2024-10-27T14:13:07.521+0000] {logging_mixin.py:190} INFO - [2024-10-27T14:13:07.520+0000] {dag.py:4180} INFO - Setting next_dagrun for example_sla_dag to 2024-10-27 14:10:00+00:00, run_after=2024-10-27 14:12:00+00:00
[2024-10-27T14:13:07.732+0000] {processor.py:208} INFO - Processing /home/airflow/.local/lib/python3.12/site-packages/airflow/example_dags/example_sla_dag.py took 0.363 seconds
[2024-10-27T14:13:37.853+0000] {processor.py:186} INFO - Started process (PID=2443) to work on /home/airflow/.local/lib/python3.12/site-packages/airflow/example_dags/example_sla_dag.py
[2024-10-27T14:13:37.854+0000] {processor.py:914} INFO - Processing file /home/airflow/.local/lib/python3.12/site-packages/airflow/example_dags/example_sla_dag.py for tasks to queue
[2024-10-27T14:13:37.859+0000] {logging_mixin.py:190} INFO - [2024-10-27T14:13:37.858+0000] {dagbag.py:588} INFO - Filling up the DagBag from /home/airflow/.local/lib/python3.12/site-packages/airflow/example_dags/example_sla_dag.py
[2024-10-27T14:13:37.872+0000] {processor.py:925} INFO - DAG(s) 'example_sla_dag' retrieved from /home/airflow/.local/lib/python3.12/site-packages/airflow/example_dags/example_sla_dag.py
[2024-10-27T14:13:37.905+0000] {logging_mixin.py:190} INFO - [2024-10-27T14:13:37.904+0000] {dag.py:3239} INFO - Sync 1 DAGs
[2024-10-27T14:13:37.952+0000] {logging_mixin.py:190} INFO - [2024-10-27T14:13:37.952+0000] {dag.py:4180} INFO - Setting next_dagrun for example_sla_dag to 2024-10-27 14:10:00+00:00, run_after=2024-10-27 14:12:00+00:00
[2024-10-27T14:13:38.094+0000] {processor.py:208} INFO - Processing /home/airflow/.local/lib/python3.12/site-packages/airflow/example_dags/example_sla_dag.py took 0.249 seconds
[2024-10-27T14:14:08.397+0000] {processor.py:186} INFO - Started process (PID=2505) to work on /home/airflow/.local/lib/python3.12/site-packages/airflow/example_dags/example_sla_dag.py
[2024-10-27T14:14:08.399+0000] {processor.py:914} INFO - Processing file /home/airflow/.local/lib/python3.12/site-packages/airflow/example_dags/example_sla_dag.py for tasks to queue
[2024-10-27T14:14:08.403+0000] {logging_mixin.py:190} INFO - [2024-10-27T14:14:08.402+0000] {dagbag.py:588} INFO - Filling up the DagBag from /home/airflow/.local/lib/python3.12/site-packages/airflow/example_dags/example_sla_dag.py
[2024-10-27T14:14:08.419+0000] {processor.py:925} INFO - DAG(s) 'example_sla_dag' retrieved from /home/airflow/.local/lib/python3.12/site-packages/airflow/example_dags/example_sla_dag.py
[2024-10-27T14:14:08.445+0000] {logging_mixin.py:190} INFO - [2024-10-27T14:14:08.445+0000] {dag.py:3239} INFO - Sync 1 DAGs
[2024-10-27T14:14:08.484+0000] {logging_mixin.py:190} INFO - [2024-10-27T14:14:08.484+0000] {dag.py:4180} INFO - Setting next_dagrun for example_sla_dag to 2024-10-27 14:12:00+00:00, run_after=2024-10-27 14:14:00+00:00
[2024-10-27T14:14:08.619+0000] {processor.py:208} INFO - Processing /home/airflow/.local/lib/python3.12/site-packages/airflow/example_dags/example_sla_dag.py took 0.230 seconds
[2024-10-27T14:14:39.103+0000] {processor.py:186} INFO - Started process (PID=2567) to work on /home/airflow/.local/lib/python3.12/site-packages/airflow/example_dags/example_sla_dag.py
[2024-10-27T14:14:39.105+0000] {processor.py:914} INFO - Processing file /home/airflow/.local/lib/python3.12/site-packages/airflow/example_dags/example_sla_dag.py for tasks to queue
[2024-10-27T14:14:39.108+0000] {logging_mixin.py:190} INFO - [2024-10-27T14:14:39.108+0000] {dagbag.py:588} INFO - Filling up the DagBag from /home/airflow/.local/lib/python3.12/site-packages/airflow/example_dags/example_sla_dag.py
[2024-10-27T14:14:39.122+0000] {processor.py:925} INFO - DAG(s) 'example_sla_dag' retrieved from /home/airflow/.local/lib/python3.12/site-packages/airflow/example_dags/example_sla_dag.py
[2024-10-27T14:14:39.154+0000] {logging_mixin.py:190} INFO - [2024-10-27T14:14:39.153+0000] {dag.py:3239} INFO - Sync 1 DAGs
[2024-10-27T14:14:39.201+0000] {logging_mixin.py:190} INFO - [2024-10-27T14:14:39.201+0000] {dag.py:4180} INFO - Setting next_dagrun for example_sla_dag to 2024-10-27 14:12:00+00:00, run_after=2024-10-27 14:14:00+00:00
[2024-10-27T14:14:39.314+0000] {processor.py:208} INFO - Processing /home/airflow/.local/lib/python3.12/site-packages/airflow/example_dags/example_sla_dag.py took 0.221 seconds
[2024-10-27T14:15:09.851+0000] {processor.py:186} INFO - Started process (PID=2629) to work on /home/airflow/.local/lib/python3.12/site-packages/airflow/example_dags/example_sla_dag.py
[2024-10-27T14:15:09.853+0000] {processor.py:914} INFO - Processing file /home/airflow/.local/lib/python3.12/site-packages/airflow/example_dags/example_sla_dag.py for tasks to queue
[2024-10-27T14:15:09.856+0000] {logging_mixin.py:190} INFO - [2024-10-27T14:15:09.856+0000] {dagbag.py:588} INFO - Filling up the DagBag from /home/airflow/.local/lib/python3.12/site-packages/airflow/example_dags/example_sla_dag.py
[2024-10-27T14:15:09.870+0000] {processor.py:925} INFO - DAG(s) 'example_sla_dag' retrieved from /home/airflow/.local/lib/python3.12/site-packages/airflow/example_dags/example_sla_dag.py
[2024-10-27T14:15:09.897+0000] {logging_mixin.py:190} INFO - [2024-10-27T14:15:09.897+0000] {dag.py:3239} INFO - Sync 1 DAGs
[2024-10-27T14:15:09.938+0000] {logging_mixin.py:190} INFO - [2024-10-27T14:15:09.938+0000] {dag.py:4180} INFO - Setting next_dagrun for example_sla_dag to 2024-10-27 14:12:00+00:00, run_after=2024-10-27 14:14:00+00:00
[2024-10-27T14:15:10.059+0000] {processor.py:208} INFO - Processing /home/airflow/.local/lib/python3.12/site-packages/airflow/example_dags/example_sla_dag.py took 0.215 seconds
[2024-10-27T14:15:40.741+0000] {processor.py:186} INFO - Started process (PID=2691) to work on /home/airflow/.local/lib/python3.12/site-packages/airflow/example_dags/example_sla_dag.py
[2024-10-27T14:15:40.786+0000] {processor.py:914} INFO - Processing file /home/airflow/.local/lib/python3.12/site-packages/airflow/example_dags/example_sla_dag.py for tasks to queue
[2024-10-27T14:15:40.789+0000] {logging_mixin.py:190} INFO - [2024-10-27T14:15:40.789+0000] {dagbag.py:588} INFO - Filling up the DagBag from /home/airflow/.local/lib/python3.12/site-packages/airflow/example_dags/example_sla_dag.py
[2024-10-27T14:15:40.803+0000] {processor.py:925} INFO - DAG(s) 'example_sla_dag' retrieved from /home/airflow/.local/lib/python3.12/site-packages/airflow/example_dags/example_sla_dag.py
[2024-10-27T14:15:40.828+0000] {logging_mixin.py:190} INFO - [2024-10-27T14:15:40.828+0000] {dag.py:3239} INFO - Sync 1 DAGs
[2024-10-27T14:15:40.861+0000] {logging_mixin.py:190} INFO - [2024-10-27T14:15:40.861+0000] {dag.py:4180} INFO - Setting next_dagrun for example_sla_dag to 2024-10-27 14:12:00+00:00, run_after=2024-10-27 14:14:00+00:00
[2024-10-27T14:15:40.956+0000] {processor.py:208} INFO - Processing /home/airflow/.local/lib/python3.12/site-packages/airflow/example_dags/example_sla_dag.py took 0.223 seconds
[2024-10-27T14:16:11.220+0000] {processor.py:186} INFO - Started process (PID=2753) to work on /home/airflow/.local/lib/python3.12/site-packages/airflow/example_dags/example_sla_dag.py
[2024-10-27T14:16:11.221+0000] {processor.py:914} INFO - Processing file /home/airflow/.local/lib/python3.12/site-packages/airflow/example_dags/example_sla_dag.py for tasks to queue
[2024-10-27T14:16:11.225+0000] {logging_mixin.py:190} INFO - [2024-10-27T14:16:11.225+0000] {dagbag.py:588} INFO - Filling up the DagBag from /home/airflow/.local/lib/python3.12/site-packages/airflow/example_dags/example_sla_dag.py
[2024-10-27T14:16:11.238+0000] {processor.py:925} INFO - DAG(s) 'example_sla_dag' retrieved from /home/airflow/.local/lib/python3.12/site-packages/airflow/example_dags/example_sla_dag.py
[2024-10-27T14:16:11.264+0000] {logging_mixin.py:190} INFO - [2024-10-27T14:16:11.263+0000] {dag.py:3239} INFO - Sync 1 DAGs
[2024-10-27T14:16:11.302+0000] {logging_mixin.py:190} INFO - [2024-10-27T14:16:11.302+0000] {dag.py:4180} INFO - Setting next_dagrun for example_sla_dag to 2024-10-27 14:14:00+00:00, run_after=2024-10-27 14:16:00+00:00
[2024-10-27T14:16:11.586+0000] {processor.py:208} INFO - Processing /home/airflow/.local/lib/python3.12/site-packages/airflow/example_dags/example_sla_dag.py took 0.377 seconds
[2024-10-27T14:16:42.290+0000] {processor.py:186} INFO - Started process (PID=2815) to work on /home/airflow/.local/lib/python3.12/site-packages/airflow/example_dags/example_sla_dag.py
[2024-10-27T14:16:42.292+0000] {processor.py:914} INFO - Processing file /home/airflow/.local/lib/python3.12/site-packages/airflow/example_dags/example_sla_dag.py for tasks to queue
[2024-10-27T14:16:42.296+0000] {logging_mixin.py:190} INFO - [2024-10-27T14:16:42.295+0000] {dagbag.py:588} INFO - Filling up the DagBag from /home/airflow/.local/lib/python3.12/site-packages/airflow/example_dags/example_sla_dag.py
[2024-10-27T14:16:42.313+0000] {processor.py:925} INFO - DAG(s) 'example_sla_dag' retrieved from /home/airflow/.local/lib/python3.12/site-packages/airflow/example_dags/example_sla_dag.py
[2024-10-27T14:16:42.341+0000] {logging_mixin.py:190} INFO - [2024-10-27T14:16:42.341+0000] {dag.py:3239} INFO - Sync 1 DAGs
[2024-10-27T14:16:42.378+0000] {logging_mixin.py:190} INFO - [2024-10-27T14:16:42.378+0000] {dag.py:4180} INFO - Setting next_dagrun for example_sla_dag to 2024-10-27 14:14:00+00:00, run_after=2024-10-27 14:16:00+00:00
[2024-10-27T14:16:42.450+0000] {processor.py:208} INFO - Processing /home/airflow/.local/lib/python3.12/site-packages/airflow/example_dags/example_sla_dag.py took 0.167 seconds
[2024-10-27T14:17:13.151+0000] {processor.py:186} INFO - Started process (PID=2883) to work on /home/airflow/.local/lib/python3.12/site-packages/airflow/example_dags/example_sla_dag.py
[2024-10-27T14:17:13.152+0000] {processor.py:914} INFO - Processing file /home/airflow/.local/lib/python3.12/site-packages/airflow/example_dags/example_sla_dag.py for tasks to queue
[2024-10-27T14:17:13.157+0000] {logging_mixin.py:190} INFO - [2024-10-27T14:17:13.157+0000] {dagbag.py:588} INFO - Filling up the DagBag from /home/airflow/.local/lib/python3.12/site-packages/airflow/example_dags/example_sla_dag.py
[2024-10-27T14:17:13.171+0000] {processor.py:925} INFO - DAG(s) 'example_sla_dag' retrieved from /home/airflow/.local/lib/python3.12/site-packages/airflow/example_dags/example_sla_dag.py
[2024-10-27T14:17:13.204+0000] {logging_mixin.py:190} INFO - [2024-10-27T14:17:13.204+0000] {dag.py:3239} INFO - Sync 1 DAGs
[2024-10-27T14:17:13.265+0000] {logging_mixin.py:190} INFO - [2024-10-27T14:17:13.265+0000] {dag.py:4180} INFO - Setting next_dagrun for example_sla_dag to 2024-10-27 14:14:00+00:00, run_after=2024-10-27 14:16:00+00:00
[2024-10-27T14:17:13.574+0000] {processor.py:208} INFO - Processing /home/airflow/.local/lib/python3.12/site-packages/airflow/example_dags/example_sla_dag.py took 0.431 seconds
[2024-10-27T14:17:44.519+0000] {processor.py:186} INFO - Started process (PID=2944) to work on /home/airflow/.local/lib/python3.12/site-packages/airflow/example_dags/example_sla_dag.py
[2024-10-27T14:17:44.544+0000] {processor.py:914} INFO - Processing file /home/airflow/.local/lib/python3.12/site-packages/airflow/example_dags/example_sla_dag.py for tasks to queue
[2024-10-27T14:17:44.550+0000] {logging_mixin.py:190} INFO - [2024-10-27T14:17:44.549+0000] {dagbag.py:588} INFO - Filling up the DagBag from /home/airflow/.local/lib/python3.12/site-packages/airflow/example_dags/example_sla_dag.py
[2024-10-27T14:17:44.628+0000] {processor.py:925} INFO - DAG(s) 'example_sla_dag' retrieved from /home/airflow/.local/lib/python3.12/site-packages/airflow/example_dags/example_sla_dag.py
[2024-10-27T14:17:44.740+0000] {logging_mixin.py:190} INFO - [2024-10-27T14:17:44.739+0000] {dag.py:3239} INFO - Sync 1 DAGs
[2024-10-27T14:17:44.961+0000] {logging_mixin.py:190} INFO - [2024-10-27T14:17:44.961+0000] {dag.py:4180} INFO - Setting next_dagrun for example_sla_dag to 2024-10-27 14:14:00+00:00, run_after=2024-10-27 14:16:00+00:00
[2024-10-27T14:17:45.075+0000] {processor.py:208} INFO - Processing /home/airflow/.local/lib/python3.12/site-packages/airflow/example_dags/example_sla_dag.py took 0.584 seconds
[2024-10-27T14:18:15.598+0000] {processor.py:186} INFO - Started process (PID=3006) to work on /home/airflow/.local/lib/python3.12/site-packages/airflow/example_dags/example_sla_dag.py
[2024-10-27T14:18:15.634+0000] {processor.py:914} INFO - Processing file /home/airflow/.local/lib/python3.12/site-packages/airflow/example_dags/example_sla_dag.py for tasks to queue
[2024-10-27T14:18:15.640+0000] {logging_mixin.py:190} INFO - [2024-10-27T14:18:15.639+0000] {dagbag.py:588} INFO - Filling up the DagBag from /home/airflow/.local/lib/python3.12/site-packages/airflow/example_dags/example_sla_dag.py
[2024-10-27T14:18:15.701+0000] {processor.py:925} INFO - DAG(s) 'example_sla_dag' retrieved from /home/airflow/.local/lib/python3.12/site-packages/airflow/example_dags/example_sla_dag.py
[2024-10-27T14:18:15.782+0000] {logging_mixin.py:190} INFO - [2024-10-27T14:18:15.782+0000] {dag.py:3239} INFO - Sync 1 DAGs
[2024-10-27T14:18:15.915+0000] {logging_mixin.py:190} INFO - [2024-10-27T14:18:15.915+0000] {dag.py:4180} INFO - Setting next_dagrun for example_sla_dag to 2024-10-27 14:16:00+00:00, run_after=2024-10-27 14:18:00+00:00
[2024-10-27T14:18:15.999+0000] {processor.py:208} INFO - Processing /home/airflow/.local/lib/python3.12/site-packages/airflow/example_dags/example_sla_dag.py took 0.414 seconds
[2024-10-27T14:18:46.534+0000] {processor.py:186} INFO - Started process (PID=3068) to work on /home/airflow/.local/lib/python3.12/site-packages/airflow/example_dags/example_sla_dag.py
[2024-10-27T14:18:46.546+0000] {processor.py:914} INFO - Processing file /home/airflow/.local/lib/python3.12/site-packages/airflow/example_dags/example_sla_dag.py for tasks to queue
[2024-10-27T14:18:46.551+0000] {logging_mixin.py:190} INFO - [2024-10-27T14:18:46.551+0000] {dagbag.py:588} INFO - Filling up the DagBag from /home/airflow/.local/lib/python3.12/site-packages/airflow/example_dags/example_sla_dag.py
[2024-10-27T14:18:46.578+0000] {processor.py:925} INFO - DAG(s) 'example_sla_dag' retrieved from /home/airflow/.local/lib/python3.12/site-packages/airflow/example_dags/example_sla_dag.py
[2024-10-27T14:18:46.607+0000] {logging_mixin.py:190} INFO - [2024-10-27T14:18:46.606+0000] {dag.py:3239} INFO - Sync 1 DAGs
[2024-10-27T14:18:46.651+0000] {logging_mixin.py:190} INFO - [2024-10-27T14:18:46.650+0000] {dag.py:4180} INFO - Setting next_dagrun for example_sla_dag to 2024-10-27 14:16:00+00:00, run_after=2024-10-27 14:18:00+00:00
[2024-10-27T14:18:46.771+0000] {processor.py:208} INFO - Processing /home/airflow/.local/lib/python3.12/site-packages/airflow/example_dags/example_sla_dag.py took 0.246 seconds
[2024-10-27T14:19:17.027+0000] {processor.py:186} INFO - Started process (PID=3131) to work on /home/airflow/.local/lib/python3.12/site-packages/airflow/example_dags/example_sla_dag.py
[2024-10-27T14:19:17.035+0000] {processor.py:914} INFO - Processing file /home/airflow/.local/lib/python3.12/site-packages/airflow/example_dags/example_sla_dag.py for tasks to queue
[2024-10-27T14:19:17.039+0000] {logging_mixin.py:190} INFO - [2024-10-27T14:19:17.039+0000] {dagbag.py:588} INFO - Filling up the DagBag from /home/airflow/.local/lib/python3.12/site-packages/airflow/example_dags/example_sla_dag.py
[2024-10-27T14:19:17.056+0000] {processor.py:925} INFO - DAG(s) 'example_sla_dag' retrieved from /home/airflow/.local/lib/python3.12/site-packages/airflow/example_dags/example_sla_dag.py
[2024-10-27T14:19:17.089+0000] {logging_mixin.py:190} INFO - [2024-10-27T14:19:17.088+0000] {dag.py:3239} INFO - Sync 1 DAGs
[2024-10-27T14:19:17.138+0000] {logging_mixin.py:190} INFO - [2024-10-27T14:19:17.138+0000] {dag.py:4180} INFO - Setting next_dagrun for example_sla_dag to 2024-10-27 14:16:00+00:00, run_after=2024-10-27 14:18:00+00:00
[2024-10-27T14:19:17.205+0000] {processor.py:208} INFO - Processing /home/airflow/.local/lib/python3.12/site-packages/airflow/example_dags/example_sla_dag.py took 0.191 seconds
[2024-10-27T14:19:47.445+0000] {processor.py:186} INFO - Started process (PID=3193) to work on /home/airflow/.local/lib/python3.12/site-packages/airflow/example_dags/example_sla_dag.py
[2024-10-27T14:19:47.446+0000] {processor.py:914} INFO - Processing file /home/airflow/.local/lib/python3.12/site-packages/airflow/example_dags/example_sla_dag.py for tasks to queue
[2024-10-27T14:19:47.454+0000] {logging_mixin.py:190} INFO - [2024-10-27T14:19:47.454+0000] {dagbag.py:588} INFO - Filling up the DagBag from /home/airflow/.local/lib/python3.12/site-packages/airflow/example_dags/example_sla_dag.py
[2024-10-27T14:19:47.470+0000] {processor.py:925} INFO - DAG(s) 'example_sla_dag' retrieved from /home/airflow/.local/lib/python3.12/site-packages/airflow/example_dags/example_sla_dag.py
[2024-10-27T14:19:47.505+0000] {logging_mixin.py:190} INFO - [2024-10-27T14:19:47.505+0000] {dag.py:3239} INFO - Sync 1 DAGs
[2024-10-27T14:19:47.590+0000] {logging_mixin.py:190} INFO - [2024-10-27T14:19:47.589+0000] {dag.py:4180} INFO - Setting next_dagrun for example_sla_dag to 2024-10-27 14:16:00+00:00, run_after=2024-10-27 14:18:00+00:00
[2024-10-27T14:19:47.739+0000] {processor.py:208} INFO - Processing /home/airflow/.local/lib/python3.12/site-packages/airflow/example_dags/example_sla_dag.py took 0.304 seconds
[2024-10-27T14:20:18.763+0000] {processor.py:186} INFO - Started process (PID=3255) to work on /home/airflow/.local/lib/python3.12/site-packages/airflow/example_dags/example_sla_dag.py
[2024-10-27T14:20:18.766+0000] {processor.py:914} INFO - Processing file /home/airflow/.local/lib/python3.12/site-packages/airflow/example_dags/example_sla_dag.py for tasks to queue
[2024-10-27T14:20:18.778+0000] {logging_mixin.py:190} INFO - [2024-10-27T14:20:18.777+0000] {dagbag.py:588} INFO - Filling up the DagBag from /home/airflow/.local/lib/python3.12/site-packages/airflow/example_dags/example_sla_dag.py
[2024-10-27T14:20:18.805+0000] {processor.py:925} INFO - DAG(s) 'example_sla_dag' retrieved from /home/airflow/.local/lib/python3.12/site-packages/airflow/example_dags/example_sla_dag.py
[2024-10-27T14:20:18.862+0000] {logging_mixin.py:190} INFO - [2024-10-27T14:20:18.861+0000] {dag.py:3239} INFO - Sync 1 DAGs
[2024-10-27T14:20:18.937+0000] {logging_mixin.py:190} INFO - [2024-10-27T14:20:18.936+0000] {dag.py:4180} INFO - Setting next_dagrun for example_sla_dag to 2024-10-27 14:18:00+00:00, run_after=2024-10-27 14:20:00+00:00
[2024-10-27T14:20:19.031+0000] {processor.py:208} INFO - Processing /home/airflow/.local/lib/python3.12/site-packages/airflow/example_dags/example_sla_dag.py took 0.281 seconds
[2024-10-27T14:20:53.130+0000] {processor.py:186} INFO - Started process (PID=3317) to work on /home/airflow/.local/lib/python3.12/site-packages/airflow/example_dags/example_sla_dag.py
[2024-10-27T14:20:53.146+0000] {processor.py:914} INFO - Processing file /home/airflow/.local/lib/python3.12/site-packages/airflow/example_dags/example_sla_dag.py for tasks to queue
[2024-10-27T14:20:53.172+0000] {logging_mixin.py:190} INFO - [2024-10-27T14:20:53.165+0000] {dagbag.py:588} INFO - Filling up the DagBag from /home/airflow/.local/lib/python3.12/site-packages/airflow/example_dags/example_sla_dag.py
[2024-10-27T14:20:53.211+0000] {processor.py:925} INFO - DAG(s) 'example_sla_dag' retrieved from /home/airflow/.local/lib/python3.12/site-packages/airflow/example_dags/example_sla_dag.py
[2024-10-27T14:20:53.306+0000] {logging_mixin.py:190} INFO - [2024-10-27T14:20:53.305+0000] {dag.py:3239} INFO - Sync 1 DAGs
[2024-10-27T14:20:53.477+0000] {logging_mixin.py:190} INFO - [2024-10-27T14:20:53.477+0000] {dag.py:4180} INFO - Setting next_dagrun for example_sla_dag to 2024-10-27 14:18:00+00:00, run_after=2024-10-27 14:20:00+00:00
[2024-10-27T14:20:53.619+0000] {processor.py:208} INFO - Processing /home/airflow/.local/lib/python3.12/site-packages/airflow/example_dags/example_sla_dag.py took 0.524 seconds
[2024-10-27T14:21:28.156+0000] {processor.py:186} INFO - Started process (PID=3380) to work on /home/airflow/.local/lib/python3.12/site-packages/airflow/example_dags/example_sla_dag.py
[2024-10-27T14:21:28.179+0000] {processor.py:914} INFO - Processing file /home/airflow/.local/lib/python3.12/site-packages/airflow/example_dags/example_sla_dag.py for tasks to queue
[2024-10-27T14:21:28.197+0000] {logging_mixin.py:190} INFO - [2024-10-27T14:21:28.196+0000] {dagbag.py:588} INFO - Filling up the DagBag from /home/airflow/.local/lib/python3.12/site-packages/airflow/example_dags/example_sla_dag.py
[2024-10-27T14:21:28.267+0000] {processor.py:925} INFO - DAG(s) 'example_sla_dag' retrieved from /home/airflow/.local/lib/python3.12/site-packages/airflow/example_dags/example_sla_dag.py
[2024-10-27T14:21:28.445+0000] {logging_mixin.py:190} INFO - [2024-10-27T14:21:28.430+0000] {dag.py:3239} INFO - Sync 1 DAGs
[2024-10-27T14:21:28.756+0000] {logging_mixin.py:190} INFO - [2024-10-27T14:21:28.742+0000] {dag.py:4180} INFO - Setting next_dagrun for example_sla_dag to 2024-10-27 14:18:00+00:00, run_after=2024-10-27 14:20:00+00:00
[2024-10-27T14:21:28.991+0000] {processor.py:208} INFO - Processing /home/airflow/.local/lib/python3.12/site-packages/airflow/example_dags/example_sla_dag.py took 0.878 seconds
[2024-10-27T14:22:04.969+0000] {processor.py:186} INFO - Started process (PID=3439) to work on /home/airflow/.local/lib/python3.12/site-packages/airflow/example_dags/example_sla_dag.py
[2024-10-27T14:22:04.977+0000] {processor.py:914} INFO - Processing file /home/airflow/.local/lib/python3.12/site-packages/airflow/example_dags/example_sla_dag.py for tasks to queue
[2024-10-27T14:22:04.982+0000] {logging_mixin.py:190} INFO - [2024-10-27T14:22:04.981+0000] {dagbag.py:588} INFO - Filling up the DagBag from /home/airflow/.local/lib/python3.12/site-packages/airflow/example_dags/example_sla_dag.py
[2024-10-27T14:22:05.005+0000] {processor.py:925} INFO - DAG(s) 'example_sla_dag' retrieved from /home/airflow/.local/lib/python3.12/site-packages/airflow/example_dags/example_sla_dag.py
[2024-10-27T14:22:05.060+0000] {logging_mixin.py:190} INFO - [2024-10-27T14:22:05.060+0000] {dag.py:3239} INFO - Sync 1 DAGs
[2024-10-27T14:22:05.145+0000] {logging_mixin.py:190} INFO - [2024-10-27T14:22:05.143+0000] {dag.py:4180} INFO - Setting next_dagrun for example_sla_dag to 2024-10-27 14:20:00+00:00, run_after=2024-10-27 14:22:00+00:00
[2024-10-27T14:22:05.222+0000] {processor.py:208} INFO - Processing /home/airflow/.local/lib/python3.12/site-packages/airflow/example_dags/example_sla_dag.py took 0.266 seconds
[2024-10-27T14:22:37.222+0000] {processor.py:186} INFO - Started process (PID=3501) to work on /home/airflow/.local/lib/python3.12/site-packages/airflow/example_dags/example_sla_dag.py
[2024-10-27T14:22:37.232+0000] {processor.py:914} INFO - Processing file /home/airflow/.local/lib/python3.12/site-packages/airflow/example_dags/example_sla_dag.py for tasks to queue
[2024-10-27T14:22:37.238+0000] {logging_mixin.py:190} INFO - [2024-10-27T14:22:37.237+0000] {dagbag.py:588} INFO - Filling up the DagBag from /home/airflow/.local/lib/python3.12/site-packages/airflow/example_dags/example_sla_dag.py
[2024-10-27T14:22:37.259+0000] {processor.py:925} INFO - DAG(s) 'example_sla_dag' retrieved from /home/airflow/.local/lib/python3.12/site-packages/airflow/example_dags/example_sla_dag.py
[2024-10-27T14:22:37.298+0000] {logging_mixin.py:190} INFO - [2024-10-27T14:22:37.298+0000] {dag.py:3239} INFO - Sync 1 DAGs
[2024-10-27T14:22:37.836+0000] {logging_mixin.py:190} INFO - [2024-10-27T14:22:37.835+0000] {dag.py:4180} INFO - Setting next_dagrun for example_sla_dag to 2024-10-27 14:20:00+00:00, run_after=2024-10-27 14:22:00+00:00
[2024-10-27T14:22:38.019+0000] {processor.py:208} INFO - Processing /home/airflow/.local/lib/python3.12/site-packages/airflow/example_dags/example_sla_dag.py took 0.813 seconds
[2024-10-27T14:23:11.238+0000] {processor.py:186} INFO - Started process (PID=3565) to work on /home/airflow/.local/lib/python3.12/site-packages/airflow/example_dags/example_sla_dag.py
[2024-10-27T14:23:11.371+0000] {processor.py:914} INFO - Processing file /home/airflow/.local/lib/python3.12/site-packages/airflow/example_dags/example_sla_dag.py for tasks to queue
[2024-10-27T14:23:11.387+0000] {logging_mixin.py:190} INFO - [2024-10-27T14:23:11.385+0000] {dagbag.py:588} INFO - Filling up the DagBag from /home/airflow/.local/lib/python3.12/site-packages/airflow/example_dags/example_sla_dag.py
[2024-10-27T14:23:11.418+0000] {processor.py:925} INFO - DAG(s) 'example_sla_dag' retrieved from /home/airflow/.local/lib/python3.12/site-packages/airflow/example_dags/example_sla_dag.py
[2024-10-27T14:23:11.452+0000] {logging_mixin.py:190} INFO - [2024-10-27T14:23:11.452+0000] {dag.py:3239} INFO - Sync 1 DAGs
[2024-10-27T14:23:11.504+0000] {logging_mixin.py:190} INFO - [2024-10-27T14:23:11.503+0000] {dag.py:4180} INFO - Setting next_dagrun for example_sla_dag to 2024-10-27 14:20:00+00:00, run_after=2024-10-27 14:22:00+00:00
[2024-10-27T14:23:11.856+0000] {processor.py:208} INFO - Processing /home/airflow/.local/lib/python3.12/site-packages/airflow/example_dags/example_sla_dag.py took 0.625 seconds
[2024-10-27T14:23:43.172+0000] {processor.py:186} INFO - Started process (PID=3627) to work on /home/airflow/.local/lib/python3.12/site-packages/airflow/example_dags/example_sla_dag.py
[2024-10-27T14:23:43.186+0000] {processor.py:914} INFO - Processing file /home/airflow/.local/lib/python3.12/site-packages/airflow/example_dags/example_sla_dag.py for tasks to queue
[2024-10-27T14:23:43.192+0000] {logging_mixin.py:190} INFO - [2024-10-27T14:23:43.192+0000] {dagbag.py:588} INFO - Filling up the DagBag from /home/airflow/.local/lib/python3.12/site-packages/airflow/example_dags/example_sla_dag.py
[2024-10-27T14:23:43.232+0000] {processor.py:925} INFO - DAG(s) 'example_sla_dag' retrieved from /home/airflow/.local/lib/python3.12/site-packages/airflow/example_dags/example_sla_dag.py
[2024-10-27T14:23:43.279+0000] {logging_mixin.py:190} INFO - [2024-10-27T14:23:43.275+0000] {dag.py:3239} INFO - Sync 1 DAGs
[2024-10-27T14:23:43.338+0000] {logging_mixin.py:190} INFO - [2024-10-27T14:23:43.337+0000] {dag.py:4180} INFO - Setting next_dagrun for example_sla_dag to 2024-10-27 14:20:00+00:00, run_after=2024-10-27 14:22:00+00:00
[2024-10-27T14:23:43.404+0000] {processor.py:208} INFO - Processing /home/airflow/.local/lib/python3.12/site-packages/airflow/example_dags/example_sla_dag.py took 0.250 seconds
[2024-10-27T14:24:17.583+0000] {processor.py:186} INFO - Started process (PID=3696) to work on /home/airflow/.local/lib/python3.12/site-packages/airflow/example_dags/example_sla_dag.py
[2024-10-27T14:24:17.585+0000] {processor.py:914} INFO - Processing file /home/airflow/.local/lib/python3.12/site-packages/airflow/example_dags/example_sla_dag.py for tasks to queue
[2024-10-27T14:24:17.590+0000] {logging_mixin.py:190} INFO - [2024-10-27T14:24:17.589+0000] {dagbag.py:588} INFO - Filling up the DagBag from /home/airflow/.local/lib/python3.12/site-packages/airflow/example_dags/example_sla_dag.py
[2024-10-27T14:24:17.611+0000] {processor.py:925} INFO - DAG(s) 'example_sla_dag' retrieved from /home/airflow/.local/lib/python3.12/site-packages/airflow/example_dags/example_sla_dag.py
[2024-10-27T14:24:17.646+0000] {logging_mixin.py:190} INFO - [2024-10-27T14:24:17.646+0000] {dag.py:3239} INFO - Sync 1 DAGs
[2024-10-27T14:24:17.959+0000] {logging_mixin.py:190} INFO - [2024-10-27T14:24:17.959+0000] {dag.py:4180} INFO - Setting next_dagrun for example_sla_dag to 2024-10-27 14:22:00+00:00, run_after=2024-10-27 14:24:00+00:00
[2024-10-27T14:24:18.176+0000] {processor.py:208} INFO - Processing /home/airflow/.local/lib/python3.12/site-packages/airflow/example_dags/example_sla_dag.py took 0.612 seconds
[2024-10-27T14:24:49.317+0000] {processor.py:186} INFO - Started process (PID=3758) to work on /home/airflow/.local/lib/python3.12/site-packages/airflow/example_dags/example_sla_dag.py
[2024-10-27T14:24:49.342+0000] {processor.py:914} INFO - Processing file /home/airflow/.local/lib/python3.12/site-packages/airflow/example_dags/example_sla_dag.py for tasks to queue
[2024-10-27T14:24:49.347+0000] {logging_mixin.py:190} INFO - [2024-10-27T14:24:49.346+0000] {dagbag.py:588} INFO - Filling up the DagBag from /home/airflow/.local/lib/python3.12/site-packages/airflow/example_dags/example_sla_dag.py
[2024-10-27T14:24:49.399+0000] {processor.py:925} INFO - DAG(s) 'example_sla_dag' retrieved from /home/airflow/.local/lib/python3.12/site-packages/airflow/example_dags/example_sla_dag.py
[2024-10-27T14:24:49.550+0000] {logging_mixin.py:190} INFO - [2024-10-27T14:24:49.549+0000] {dag.py:3239} INFO - Sync 1 DAGs
[2024-10-27T14:24:49.729+0000] {logging_mixin.py:190} INFO - [2024-10-27T14:24:49.729+0000] {dag.py:4180} INFO - Setting next_dagrun for example_sla_dag to 2024-10-27 14:22:00+00:00, run_after=2024-10-27 14:24:00+00:00
[2024-10-27T14:24:50.218+0000] {processor.py:208} INFO - Processing /home/airflow/.local/lib/python3.12/site-packages/airflow/example_dags/example_sla_dag.py took 0.929 seconds
[2024-10-27T14:25:20.781+0000] {processor.py:186} INFO - Started process (PID=3821) to work on /home/airflow/.local/lib/python3.12/site-packages/airflow/example_dags/example_sla_dag.py
[2024-10-27T14:25:20.790+0000] {processor.py:914} INFO - Processing file /home/airflow/.local/lib/python3.12/site-packages/airflow/example_dags/example_sla_dag.py for tasks to queue
[2024-10-27T14:25:20.796+0000] {logging_mixin.py:190} INFO - [2024-10-27T14:25:20.795+0000] {dagbag.py:588} INFO - Filling up the DagBag from /home/airflow/.local/lib/python3.12/site-packages/airflow/example_dags/example_sla_dag.py
[2024-10-27T14:25:20.817+0000] {processor.py:925} INFO - DAG(s) 'example_sla_dag' retrieved from /home/airflow/.local/lib/python3.12/site-packages/airflow/example_dags/example_sla_dag.py
[2024-10-27T14:25:20.863+0000] {logging_mixin.py:190} INFO - [2024-10-27T14:25:20.863+0000] {dag.py:3239} INFO - Sync 1 DAGs
[2024-10-27T14:25:20.914+0000] {logging_mixin.py:190} INFO - [2024-10-27T14:25:20.914+0000] {dag.py:4180} INFO - Setting next_dagrun for example_sla_dag to 2024-10-27 14:22:00+00:00, run_after=2024-10-27 14:24:00+00:00
[2024-10-27T14:25:20.971+0000] {processor.py:208} INFO - Processing /home/airflow/.local/lib/python3.12/site-packages/airflow/example_dags/example_sla_dag.py took 0.201 seconds
[2024-10-27T14:25:51.791+0000] {processor.py:186} INFO - Started process (PID=3883) to work on /home/airflow/.local/lib/python3.12/site-packages/airflow/example_dags/example_sla_dag.py
[2024-10-27T14:25:51.792+0000] {processor.py:914} INFO - Processing file /home/airflow/.local/lib/python3.12/site-packages/airflow/example_dags/example_sla_dag.py for tasks to queue
[2024-10-27T14:25:51.798+0000] {logging_mixin.py:190} INFO - [2024-10-27T14:25:51.797+0000] {dagbag.py:588} INFO - Filling up the DagBag from /home/airflow/.local/lib/python3.12/site-packages/airflow/example_dags/example_sla_dag.py
[2024-10-27T14:25:51.819+0000] {processor.py:925} INFO - DAG(s) 'example_sla_dag' retrieved from /home/airflow/.local/lib/python3.12/site-packages/airflow/example_dags/example_sla_dag.py
[2024-10-27T14:25:51.880+0000] {logging_mixin.py:190} INFO - [2024-10-27T14:25:51.879+0000] {dag.py:3239} INFO - Sync 1 DAGs
[2024-10-27T14:25:51.936+0000] {logging_mixin.py:190} INFO - [2024-10-27T14:25:51.936+0000] {dag.py:4180} INFO - Setting next_dagrun for example_sla_dag to 2024-10-27 14:22:00+00:00, run_after=2024-10-27 14:24:00+00:00
[2024-10-27T14:25:52.385+0000] {processor.py:208} INFO - Processing /home/airflow/.local/lib/python3.12/site-packages/airflow/example_dags/example_sla_dag.py took 0.609 seconds
[2024-10-27T14:26:22.698+0000] {processor.py:186} INFO - Started process (PID=3945) to work on /home/airflow/.local/lib/python3.12/site-packages/airflow/example_dags/example_sla_dag.py
[2024-10-27T14:26:22.700+0000] {processor.py:914} INFO - Processing file /home/airflow/.local/lib/python3.12/site-packages/airflow/example_dags/example_sla_dag.py for tasks to queue
[2024-10-27T14:26:22.705+0000] {logging_mixin.py:190} INFO - [2024-10-27T14:26:22.704+0000] {dagbag.py:588} INFO - Filling up the DagBag from /home/airflow/.local/lib/python3.12/site-packages/airflow/example_dags/example_sla_dag.py
[2024-10-27T14:26:22.726+0000] {processor.py:925} INFO - DAG(s) 'example_sla_dag' retrieved from /home/airflow/.local/lib/python3.12/site-packages/airflow/example_dags/example_sla_dag.py
[2024-10-27T14:26:22.808+0000] {logging_mixin.py:190} INFO - [2024-10-27T14:26:22.807+0000] {dag.py:3239} INFO - Sync 1 DAGs
[2024-10-27T14:26:22.888+0000] {logging_mixin.py:190} INFO - [2024-10-27T14:26:22.887+0000] {dag.py:4180} INFO - Setting next_dagrun for example_sla_dag to 2024-10-27 14:24:00+00:00, run_after=2024-10-27 14:26:00+00:00
[2024-10-27T14:26:22.956+0000] {processor.py:208} INFO - Processing /home/airflow/.local/lib/python3.12/site-packages/airflow/example_dags/example_sla_dag.py took 0.267 seconds
[2024-10-27T14:50:07.411+0000] {processor.py:186} INFO - Started process (PID=76) to work on /home/airflow/.local/lib/python3.12/site-packages/airflow/example_dags/example_sla_dag.py
[2024-10-27T14:50:07.420+0000] {processor.py:914} INFO - Processing file /home/airflow/.local/lib/python3.12/site-packages/airflow/example_dags/example_sla_dag.py for tasks to queue
[2024-10-27T14:50:07.425+0000] {logging_mixin.py:190} INFO - [2024-10-27T14:50:07.424+0000] {dagbag.py:588} INFO - Filling up the DagBag from /home/airflow/.local/lib/python3.12/site-packages/airflow/example_dags/example_sla_dag.py
[2024-10-27T14:50:07.450+0000] {processor.py:925} INFO - DAG(s) 'example_sla_dag' retrieved from /home/airflow/.local/lib/python3.12/site-packages/airflow/example_dags/example_sla_dag.py
[2024-10-27T14:50:07.491+0000] {logging_mixin.py:190} INFO - [2024-10-27T14:50:07.490+0000] {dag.py:3239} INFO - Sync 1 DAGs
[2024-10-27T14:50:07.562+0000] {logging_mixin.py:190} INFO - [2024-10-27T14:50:07.561+0000] {dag.py:4180} INFO - Setting next_dagrun for example_sla_dag to 2024-10-27 14:48:00+00:00, run_after=2024-10-27 14:50:00+00:00
[2024-10-27T14:50:07.619+0000] {processor.py:208} INFO - Processing /home/airflow/.local/lib/python3.12/site-packages/airflow/example_dags/example_sla_dag.py took 0.220 seconds
[2024-10-27T14:50:41.657+0000] {processor.py:186} INFO - Started process (PID=132) to work on /home/airflow/.local/lib/python3.12/site-packages/airflow/example_dags/example_sla_dag.py
[2024-10-27T14:50:41.664+0000] {processor.py:914} INFO - Processing file /home/airflow/.local/lib/python3.12/site-packages/airflow/example_dags/example_sla_dag.py for tasks to queue
[2024-10-27T14:50:41.687+0000] {logging_mixin.py:190} INFO - [2024-10-27T14:50:41.687+0000] {dagbag.py:588} INFO - Filling up the DagBag from /home/airflow/.local/lib/python3.12/site-packages/airflow/example_dags/example_sla_dag.py
[2024-10-27T14:50:41.815+0000] {processor.py:925} INFO - DAG(s) 'example_sla_dag' retrieved from /home/airflow/.local/lib/python3.12/site-packages/airflow/example_dags/example_sla_dag.py
[2024-10-27T14:50:41.979+0000] {logging_mixin.py:190} INFO - [2024-10-27T14:50:41.978+0000] {dag.py:3239} INFO - Sync 1 DAGs
[2024-10-27T14:50:42.194+0000] {logging_mixin.py:190} INFO - [2024-10-27T14:50:42.193+0000] {dag.py:4180} INFO - Setting next_dagrun for example_sla_dag to 2024-10-27 14:48:00+00:00, run_after=2024-10-27 14:50:00+00:00
[2024-10-27T14:50:42.423+0000] {processor.py:208} INFO - Processing /home/airflow/.local/lib/python3.12/site-packages/airflow/example_dags/example_sla_dag.py took 0.807 seconds
[2024-10-27T14:51:12.515+0000] {processor.py:186} INFO - Started process (PID=194) to work on /home/airflow/.local/lib/python3.12/site-packages/airflow/example_dags/example_sla_dag.py
[2024-10-27T14:51:12.516+0000] {processor.py:914} INFO - Processing file /home/airflow/.local/lib/python3.12/site-packages/airflow/example_dags/example_sla_dag.py for tasks to queue
[2024-10-27T14:51:12.520+0000] {logging_mixin.py:190} INFO - [2024-10-27T14:51:12.520+0000] {dagbag.py:588} INFO - Filling up the DagBag from /home/airflow/.local/lib/python3.12/site-packages/airflow/example_dags/example_sla_dag.py
[2024-10-27T14:51:12.533+0000] {processor.py:925} INFO - DAG(s) 'example_sla_dag' retrieved from /home/airflow/.local/lib/python3.12/site-packages/airflow/example_dags/example_sla_dag.py
[2024-10-27T14:51:12.564+0000] {logging_mixin.py:190} INFO - [2024-10-27T14:51:12.564+0000] {dag.py:3239} INFO - Sync 1 DAGs
[2024-10-27T14:51:12.619+0000] {logging_mixin.py:190} INFO - [2024-10-27T14:51:12.619+0000] {dag.py:4180} INFO - Setting next_dagrun for example_sla_dag to 2024-10-27 14:48:00+00:00, run_after=2024-10-27 14:50:00+00:00
[2024-10-27T14:51:12.714+0000] {processor.py:208} INFO - Processing /home/airflow/.local/lib/python3.12/site-packages/airflow/example_dags/example_sla_dag.py took 0.208 seconds
[2024-10-27T14:51:43.195+0000] {processor.py:186} INFO - Started process (PID=257) to work on /home/airflow/.local/lib/python3.12/site-packages/airflow/example_dags/example_sla_dag.py
[2024-10-27T14:51:43.200+0000] {processor.py:914} INFO - Processing file /home/airflow/.local/lib/python3.12/site-packages/airflow/example_dags/example_sla_dag.py for tasks to queue
[2024-10-27T14:51:43.206+0000] {logging_mixin.py:190} INFO - [2024-10-27T14:51:43.205+0000] {dagbag.py:588} INFO - Filling up the DagBag from /home/airflow/.local/lib/python3.12/site-packages/airflow/example_dags/example_sla_dag.py
[2024-10-27T14:51:43.227+0000] {processor.py:925} INFO - DAG(s) 'example_sla_dag' retrieved from /home/airflow/.local/lib/python3.12/site-packages/airflow/example_dags/example_sla_dag.py
[2024-10-27T14:51:43.260+0000] {logging_mixin.py:190} INFO - [2024-10-27T14:51:43.259+0000] {dag.py:3239} INFO - Sync 1 DAGs
[2024-10-27T14:51:43.319+0000] {logging_mixin.py:190} INFO - [2024-10-27T14:51:43.318+0000] {dag.py:4180} INFO - Setting next_dagrun for example_sla_dag to 2024-10-27 14:48:00+00:00, run_after=2024-10-27 14:50:00+00:00
[2024-10-27T14:51:43.355+0000] {processor.py:208} INFO - Processing /home/airflow/.local/lib/python3.12/site-packages/airflow/example_dags/example_sla_dag.py took 0.175 seconds
[2024-10-27T14:52:14.542+0000] {processor.py:186} INFO - Started process (PID=319) to work on /home/airflow/.local/lib/python3.12/site-packages/airflow/example_dags/example_sla_dag.py
[2024-10-27T14:52:14.549+0000] {processor.py:914} INFO - Processing file /home/airflow/.local/lib/python3.12/site-packages/airflow/example_dags/example_sla_dag.py for tasks to queue
[2024-10-27T14:52:14.554+0000] {logging_mixin.py:190} INFO - [2024-10-27T14:52:14.553+0000] {dagbag.py:588} INFO - Filling up the DagBag from /home/airflow/.local/lib/python3.12/site-packages/airflow/example_dags/example_sla_dag.py
[2024-10-27T14:52:14.578+0000] {processor.py:925} INFO - DAG(s) 'example_sla_dag' retrieved from /home/airflow/.local/lib/python3.12/site-packages/airflow/example_dags/example_sla_dag.py
[2024-10-27T14:52:14.617+0000] {logging_mixin.py:190} INFO - [2024-10-27T14:52:14.616+0000] {dag.py:3239} INFO - Sync 1 DAGs
[2024-10-27T14:52:14.657+0000] {logging_mixin.py:190} INFO - [2024-10-27T14:52:14.657+0000] {dag.py:4180} INFO - Setting next_dagrun for example_sla_dag to 2024-10-27 14:50:00+00:00, run_after=2024-10-27 14:52:00+00:00
[2024-10-27T14:52:14.692+0000] {processor.py:208} INFO - Processing /home/airflow/.local/lib/python3.12/site-packages/airflow/example_dags/example_sla_dag.py took 0.172 seconds
[2024-10-27T14:52:44.869+0000] {processor.py:186} INFO - Started process (PID=381) to work on /home/airflow/.local/lib/python3.12/site-packages/airflow/example_dags/example_sla_dag.py
[2024-10-27T14:52:44.872+0000] {processor.py:914} INFO - Processing file /home/airflow/.local/lib/python3.12/site-packages/airflow/example_dags/example_sla_dag.py for tasks to queue
[2024-10-27T14:52:44.878+0000] {logging_mixin.py:190} INFO - [2024-10-27T14:52:44.878+0000] {dagbag.py:588} INFO - Filling up the DagBag from /home/airflow/.local/lib/python3.12/site-packages/airflow/example_dags/example_sla_dag.py
[2024-10-27T14:52:44.898+0000] {processor.py:925} INFO - DAG(s) 'example_sla_dag' retrieved from /home/airflow/.local/lib/python3.12/site-packages/airflow/example_dags/example_sla_dag.py
[2024-10-27T14:52:44.924+0000] {logging_mixin.py:190} INFO - [2024-10-27T14:52:44.924+0000] {dag.py:3239} INFO - Sync 1 DAGs
[2024-10-27T14:52:44.961+0000] {logging_mixin.py:190} INFO - [2024-10-27T14:52:44.960+0000] {dag.py:4180} INFO - Setting next_dagrun for example_sla_dag to 2024-10-27 14:50:00+00:00, run_after=2024-10-27 14:52:00+00:00
[2024-10-27T14:52:45.023+0000] {processor.py:208} INFO - Processing /home/airflow/.local/lib/python3.12/site-packages/airflow/example_dags/example_sla_dag.py took 0.168 seconds
[2024-10-27T14:53:15.544+0000] {processor.py:186} INFO - Started process (PID=443) to work on /home/airflow/.local/lib/python3.12/site-packages/airflow/example_dags/example_sla_dag.py
[2024-10-27T14:53:15.546+0000] {processor.py:914} INFO - Processing file /home/airflow/.local/lib/python3.12/site-packages/airflow/example_dags/example_sla_dag.py for tasks to queue
[2024-10-27T14:53:15.553+0000] {logging_mixin.py:190} INFO - [2024-10-27T14:53:15.552+0000] {dagbag.py:588} INFO - Filling up the DagBag from /home/airflow/.local/lib/python3.12/site-packages/airflow/example_dags/example_sla_dag.py
[2024-10-27T14:53:15.573+0000] {processor.py:925} INFO - DAG(s) 'example_sla_dag' retrieved from /home/airflow/.local/lib/python3.12/site-packages/airflow/example_dags/example_sla_dag.py
[2024-10-27T14:53:15.617+0000] {logging_mixin.py:190} INFO - [2024-10-27T14:53:15.617+0000] {dag.py:3239} INFO - Sync 1 DAGs
[2024-10-27T14:53:15.680+0000] {logging_mixin.py:190} INFO - [2024-10-27T14:53:15.679+0000] {dag.py:4180} INFO - Setting next_dagrun for example_sla_dag to 2024-10-27 14:50:00+00:00, run_after=2024-10-27 14:52:00+00:00
[2024-10-27T14:53:15.785+0000] {processor.py:208} INFO - Processing /home/airflow/.local/lib/python3.12/site-packages/airflow/example_dags/example_sla_dag.py took 0.268 seconds
