[2024-10-27T13:43:05.922+0000] {processor.py:186} INFO - Started process (PID=76) to work on /home/airflow/.local/lib/python3.12/site-packages/airflow/example_dags/example_bash_decorator.py
[2024-10-27T13:43:05.924+0000] {processor.py:914} INFO - Processing file /home/airflow/.local/lib/python3.12/site-packages/airflow/example_dags/example_bash_decorator.py for tasks to queue
[2024-10-27T13:43:05.931+0000] {logging_mixin.py:190} INFO - [2024-10-27T13:43:05.930+0000] {dagbag.py:588} INFO - Filling up the DagBag from /home/airflow/.local/lib/python3.12/site-packages/airflow/example_dags/example_bash_decorator.py
[2024-10-27T13:43:05.967+0000] {processor.py:925} INFO - DAG(s) 'example_bash_decorator' retrieved from /home/airflow/.local/lib/python3.12/site-packages/airflow/example_dags/example_bash_decorator.py
[2024-10-27T13:43:06.249+0000] {logging_mixin.py:190} INFO - [2024-10-27T13:43:06.249+0000] {dag.py:3239} INFO - Sync 1 DAGs
[2024-10-27T13:43:06.279+0000] {logging_mixin.py:190} INFO - [2024-10-27T13:43:06.278+0000] {dag.py:4180} INFO - Setting next_dagrun for example_bash_decorator to None, run_after=None
[2024-10-27T13:43:06.501+0000] {processor.py:208} INFO - Processing /home/airflow/.local/lib/python3.12/site-packages/airflow/example_dags/example_bash_decorator.py took 0.588 seconds
[2024-10-27T13:43:37.981+0000] {processor.py:186} INFO - Started process (PID=138) to work on /home/airflow/.local/lib/python3.12/site-packages/airflow/example_dags/example_bash_decorator.py
[2024-10-27T13:43:37.987+0000] {processor.py:914} INFO - Processing file /home/airflow/.local/lib/python3.12/site-packages/airflow/example_dags/example_bash_decorator.py for tasks to queue
[2024-10-27T13:43:37.999+0000] {logging_mixin.py:190} INFO - [2024-10-27T13:43:37.999+0000] {dagbag.py:588} INFO - Filling up the DagBag from /home/airflow/.local/lib/python3.12/site-packages/airflow/example_dags/example_bash_decorator.py
[2024-10-27T13:43:38.050+0000] {processor.py:925} INFO - DAG(s) 'example_bash_decorator' retrieved from /home/airflow/.local/lib/python3.12/site-packages/airflow/example_dags/example_bash_decorator.py
[2024-10-27T13:43:38.164+0000] {logging_mixin.py:190} INFO - [2024-10-27T13:43:38.163+0000] {dag.py:3239} INFO - Sync 1 DAGs
[2024-10-27T13:43:38.206+0000] {logging_mixin.py:190} INFO - [2024-10-27T13:43:38.206+0000] {dag.py:4180} INFO - Setting next_dagrun for example_bash_decorator to None, run_after=None
[2024-10-27T13:43:38.308+0000] {processor.py:208} INFO - Processing /home/airflow/.local/lib/python3.12/site-packages/airflow/example_dags/example_bash_decorator.py took 0.345 seconds
[2024-10-27T13:44:12.815+0000] {processor.py:186} INFO - Started process (PID=199) to work on /home/airflow/.local/lib/python3.12/site-packages/airflow/example_dags/example_bash_decorator.py
[2024-10-27T13:44:12.820+0000] {processor.py:914} INFO - Processing file /home/airflow/.local/lib/python3.12/site-packages/airflow/example_dags/example_bash_decorator.py for tasks to queue
[2024-10-27T13:44:12.837+0000] {logging_mixin.py:190} INFO - [2024-10-27T13:44:12.836+0000] {dagbag.py:588} INFO - Filling up the DagBag from /home/airflow/.local/lib/python3.12/site-packages/airflow/example_dags/example_bash_decorator.py
[2024-10-27T13:44:12.933+0000] {processor.py:925} INFO - DAG(s) 'example_bash_decorator' retrieved from /home/airflow/.local/lib/python3.12/site-packages/airflow/example_dags/example_bash_decorator.py
[2024-10-27T13:44:13.080+0000] {logging_mixin.py:190} INFO - [2024-10-27T13:44:13.079+0000] {dag.py:3239} INFO - Sync 1 DAGs
[2024-10-27T13:44:13.163+0000] {logging_mixin.py:190} INFO - [2024-10-27T13:44:13.162+0000] {dag.py:4180} INFO - Setting next_dagrun for example_bash_decorator to None, run_after=None
[2024-10-27T13:44:13.278+0000] {processor.py:208} INFO - Processing /home/airflow/.local/lib/python3.12/site-packages/airflow/example_dags/example_bash_decorator.py took 0.486 seconds
[2024-10-27T13:44:43.610+0000] {processor.py:186} INFO - Started process (PID=261) to work on /home/airflow/.local/lib/python3.12/site-packages/airflow/example_dags/example_bash_decorator.py
[2024-10-27T13:44:43.612+0000] {processor.py:914} INFO - Processing file /home/airflow/.local/lib/python3.12/site-packages/airflow/example_dags/example_bash_decorator.py for tasks to queue
[2024-10-27T13:44:43.615+0000] {logging_mixin.py:190} INFO - [2024-10-27T13:44:43.615+0000] {dagbag.py:588} INFO - Filling up the DagBag from /home/airflow/.local/lib/python3.12/site-packages/airflow/example_dags/example_bash_decorator.py
[2024-10-27T13:44:43.642+0000] {processor.py:925} INFO - DAG(s) 'example_bash_decorator' retrieved from /home/airflow/.local/lib/python3.12/site-packages/airflow/example_dags/example_bash_decorator.py
[2024-10-27T13:44:43.691+0000] {logging_mixin.py:190} INFO - [2024-10-27T13:44:43.691+0000] {dag.py:3239} INFO - Sync 1 DAGs
[2024-10-27T13:44:43.720+0000] {logging_mixin.py:190} INFO - [2024-10-27T13:44:43.720+0000] {dag.py:4180} INFO - Setting next_dagrun for example_bash_decorator to None, run_after=None
[2024-10-27T13:44:43.772+0000] {processor.py:208} INFO - Processing /home/airflow/.local/lib/python3.12/site-packages/airflow/example_dags/example_bash_decorator.py took 0.173 seconds
[2024-10-27T13:45:19.491+0000] {processor.py:186} INFO - Started process (PID=323) to work on /home/airflow/.local/lib/python3.12/site-packages/airflow/example_dags/example_bash_decorator.py
[2024-10-27T13:45:19.493+0000] {processor.py:914} INFO - Processing file /home/airflow/.local/lib/python3.12/site-packages/airflow/example_dags/example_bash_decorator.py for tasks to queue
[2024-10-27T13:45:19.498+0000] {logging_mixin.py:190} INFO - [2024-10-27T13:45:19.497+0000] {dagbag.py:588} INFO - Filling up the DagBag from /home/airflow/.local/lib/python3.12/site-packages/airflow/example_dags/example_bash_decorator.py
[2024-10-27T13:45:19.541+0000] {processor.py:925} INFO - DAG(s) 'example_bash_decorator' retrieved from /home/airflow/.local/lib/python3.12/site-packages/airflow/example_dags/example_bash_decorator.py
[2024-10-27T13:45:19.678+0000] {logging_mixin.py:190} INFO - [2024-10-27T13:45:19.678+0000] {dag.py:3239} INFO - Sync 1 DAGs
[2024-10-27T13:45:19.719+0000] {logging_mixin.py:190} INFO - [2024-10-27T13:45:19.718+0000] {dag.py:4180} INFO - Setting next_dagrun for example_bash_decorator to None, run_after=None
[2024-10-27T13:45:19.776+0000] {processor.py:208} INFO - Processing /home/airflow/.local/lib/python3.12/site-packages/airflow/example_dags/example_bash_decorator.py took 0.299 seconds
[2024-10-27T13:53:36.873+0000] {processor.py:186} INFO - Started process (PID=98) to work on /home/airflow/.local/lib/python3.12/site-packages/airflow/example_dags/example_bash_decorator.py
[2024-10-27T13:53:36.930+0000] {processor.py:914} INFO - Processing file /home/airflow/.local/lib/python3.12/site-packages/airflow/example_dags/example_bash_decorator.py for tasks to queue
[2024-10-27T13:53:36.936+0000] {logging_mixin.py:190} INFO - [2024-10-27T13:53:36.936+0000] {dagbag.py:588} INFO - Filling up the DagBag from /home/airflow/.local/lib/python3.12/site-packages/airflow/example_dags/example_bash_decorator.py
[2024-10-27T13:53:37.025+0000] {processor.py:925} INFO - DAG(s) 'example_bash_decorator' retrieved from /home/airflow/.local/lib/python3.12/site-packages/airflow/example_dags/example_bash_decorator.py
[2024-10-27T13:53:37.642+0000] {logging_mixin.py:190} INFO - [2024-10-27T13:53:37.642+0000] {dag.py:3239} INFO - Sync 1 DAGs
[2024-10-27T13:53:37.695+0000] {logging_mixin.py:190} INFO - [2024-10-27T13:53:37.694+0000] {dag.py:4180} INFO - Setting next_dagrun for example_bash_decorator to None, run_after=None
[2024-10-27T13:53:37.821+0000] {processor.py:208} INFO - Processing /home/airflow/.local/lib/python3.12/site-packages/airflow/example_dags/example_bash_decorator.py took 0.970 seconds
[2024-10-27T13:54:12.618+0000] {processor.py:186} INFO - Started process (PID=159) to work on /home/airflow/.local/lib/python3.12/site-packages/airflow/example_dags/example_bash_decorator.py
[2024-10-27T13:54:12.619+0000] {processor.py:914} INFO - Processing file /home/airflow/.local/lib/python3.12/site-packages/airflow/example_dags/example_bash_decorator.py for tasks to queue
[2024-10-27T13:54:12.623+0000] {logging_mixin.py:190} INFO - [2024-10-27T13:54:12.622+0000] {dagbag.py:588} INFO - Filling up the DagBag from /home/airflow/.local/lib/python3.12/site-packages/airflow/example_dags/example_bash_decorator.py
[2024-10-27T13:54:12.643+0000] {processor.py:925} INFO - DAG(s) 'example_bash_decorator' retrieved from /home/airflow/.local/lib/python3.12/site-packages/airflow/example_dags/example_bash_decorator.py
[2024-10-27T13:54:12.673+0000] {logging_mixin.py:190} INFO - [2024-10-27T13:54:12.673+0000] {dag.py:3239} INFO - Sync 1 DAGs
[2024-10-27T13:54:12.694+0000] {logging_mixin.py:190} INFO - [2024-10-27T13:54:12.694+0000] {dag.py:4180} INFO - Setting next_dagrun for example_bash_decorator to None, run_after=None
[2024-10-27T13:54:13.334+0000] {processor.py:208} INFO - Processing /home/airflow/.local/lib/python3.12/site-packages/airflow/example_dags/example_bash_decorator.py took 0.724 seconds
[2024-10-27T13:54:50.803+0000] {processor.py:186} INFO - Started process (PID=221) to work on /home/airflow/.local/lib/python3.12/site-packages/airflow/example_dags/example_bash_decorator.py
[2024-10-27T13:54:50.805+0000] {processor.py:914} INFO - Processing file /home/airflow/.local/lib/python3.12/site-packages/airflow/example_dags/example_bash_decorator.py for tasks to queue
[2024-10-27T13:54:50.808+0000] {logging_mixin.py:190} INFO - [2024-10-27T13:54:50.807+0000] {dagbag.py:588} INFO - Filling up the DagBag from /home/airflow/.local/lib/python3.12/site-packages/airflow/example_dags/example_bash_decorator.py
[2024-10-27T13:54:50.828+0000] {processor.py:925} INFO - DAG(s) 'example_bash_decorator' retrieved from /home/airflow/.local/lib/python3.12/site-packages/airflow/example_dags/example_bash_decorator.py
[2024-10-27T13:54:50.879+0000] {logging_mixin.py:190} INFO - [2024-10-27T13:54:50.878+0000] {dag.py:3239} INFO - Sync 1 DAGs
[2024-10-27T13:54:50.907+0000] {logging_mixin.py:190} INFO - [2024-10-27T13:54:50.907+0000] {dag.py:4180} INFO - Setting next_dagrun for example_bash_decorator to None, run_after=None
[2024-10-27T13:54:51.381+0000] {processor.py:208} INFO - Processing /home/airflow/.local/lib/python3.12/site-packages/airflow/example_dags/example_bash_decorator.py took 0.587 seconds
[2024-10-27T13:55:21.459+0000] {processor.py:186} INFO - Started process (PID=283) to work on /home/airflow/.local/lib/python3.12/site-packages/airflow/example_dags/example_bash_decorator.py
[2024-10-27T13:55:21.464+0000] {processor.py:914} INFO - Processing file /home/airflow/.local/lib/python3.12/site-packages/airflow/example_dags/example_bash_decorator.py for tasks to queue
[2024-10-27T13:55:21.473+0000] {logging_mixin.py:190} INFO - [2024-10-27T13:55:21.473+0000] {dagbag.py:588} INFO - Filling up the DagBag from /home/airflow/.local/lib/python3.12/site-packages/airflow/example_dags/example_bash_decorator.py
[2024-10-27T13:55:21.500+0000] {processor.py:925} INFO - DAG(s) 'example_bash_decorator' retrieved from /home/airflow/.local/lib/python3.12/site-packages/airflow/example_dags/example_bash_decorator.py
[2024-10-27T13:55:21.547+0000] {logging_mixin.py:190} INFO - [2024-10-27T13:55:21.546+0000] {dag.py:3239} INFO - Sync 1 DAGs
[2024-10-27T13:55:21.570+0000] {logging_mixin.py:190} INFO - [2024-10-27T13:55:21.570+0000] {dag.py:4180} INFO - Setting next_dagrun for example_bash_decorator to None, run_after=None
[2024-10-27T13:55:21.631+0000] {processor.py:208} INFO - Processing /home/airflow/.local/lib/python3.12/site-packages/airflow/example_dags/example_bash_decorator.py took 0.188 seconds
[2024-10-27T13:55:55.502+0000] {processor.py:186} INFO - Started process (PID=345) to work on /home/airflow/.local/lib/python3.12/site-packages/airflow/example_dags/example_bash_decorator.py
[2024-10-27T13:55:55.504+0000] {processor.py:914} INFO - Processing file /home/airflow/.local/lib/python3.12/site-packages/airflow/example_dags/example_bash_decorator.py for tasks to queue
[2024-10-27T13:55:55.513+0000] {logging_mixin.py:190} INFO - [2024-10-27T13:55:55.512+0000] {dagbag.py:588} INFO - Filling up the DagBag from /home/airflow/.local/lib/python3.12/site-packages/airflow/example_dags/example_bash_decorator.py
[2024-10-27T13:55:55.562+0000] {processor.py:925} INFO - DAG(s) 'example_bash_decorator' retrieved from /home/airflow/.local/lib/python3.12/site-packages/airflow/example_dags/example_bash_decorator.py
[2024-10-27T13:55:55.676+0000] {logging_mixin.py:190} INFO - [2024-10-27T13:55:55.675+0000] {dag.py:3239} INFO - Sync 1 DAGs
[2024-10-27T13:55:55.777+0000] {logging_mixin.py:190} INFO - [2024-10-27T13:55:55.764+0000] {dag.py:4180} INFO - Setting next_dagrun for example_bash_decorator to None, run_after=None
[2024-10-27T13:55:56.007+0000] {processor.py:208} INFO - Processing /home/airflow/.local/lib/python3.12/site-packages/airflow/example_dags/example_bash_decorator.py took 0.535 seconds
[2024-10-27T13:56:28.803+0000] {processor.py:186} INFO - Started process (PID=407) to work on /home/airflow/.local/lib/python3.12/site-packages/airflow/example_dags/example_bash_decorator.py
[2024-10-27T13:56:28.805+0000] {processor.py:914} INFO - Processing file /home/airflow/.local/lib/python3.12/site-packages/airflow/example_dags/example_bash_decorator.py for tasks to queue
[2024-10-27T13:56:28.809+0000] {logging_mixin.py:190} INFO - [2024-10-27T13:56:28.809+0000] {dagbag.py:588} INFO - Filling up the DagBag from /home/airflow/.local/lib/python3.12/site-packages/airflow/example_dags/example_bash_decorator.py
[2024-10-27T13:56:28.836+0000] {processor.py:925} INFO - DAG(s) 'example_bash_decorator' retrieved from /home/airflow/.local/lib/python3.12/site-packages/airflow/example_dags/example_bash_decorator.py
[2024-10-27T13:56:28.875+0000] {logging_mixin.py:190} INFO - [2024-10-27T13:56:28.875+0000] {dag.py:3239} INFO - Sync 1 DAGs
[2024-10-27T13:56:28.895+0000] {logging_mixin.py:190} INFO - [2024-10-27T13:56:28.895+0000] {dag.py:4180} INFO - Setting next_dagrun for example_bash_decorator to None, run_after=None
[2024-10-27T13:56:30.039+0000] {processor.py:208} INFO - Processing /home/airflow/.local/lib/python3.12/site-packages/airflow/example_dags/example_bash_decorator.py took 1.246 seconds
[2024-10-27T13:57:00.207+0000] {processor.py:186} INFO - Started process (PID=470) to work on /home/airflow/.local/lib/python3.12/site-packages/airflow/example_dags/example_bash_decorator.py
[2024-10-27T13:57:00.209+0000] {processor.py:914} INFO - Processing file /home/airflow/.local/lib/python3.12/site-packages/airflow/example_dags/example_bash_decorator.py for tasks to queue
[2024-10-27T13:57:00.213+0000] {logging_mixin.py:190} INFO - [2024-10-27T13:57:00.212+0000] {dagbag.py:588} INFO - Filling up the DagBag from /home/airflow/.local/lib/python3.12/site-packages/airflow/example_dags/example_bash_decorator.py
[2024-10-27T13:57:00.243+0000] {processor.py:925} INFO - DAG(s) 'example_bash_decorator' retrieved from /home/airflow/.local/lib/python3.12/site-packages/airflow/example_dags/example_bash_decorator.py
[2024-10-27T13:57:00.320+0000] {logging_mixin.py:190} INFO - [2024-10-27T13:57:00.320+0000] {dag.py:3239} INFO - Sync 1 DAGs
[2024-10-27T13:57:00.349+0000] {logging_mixin.py:190} INFO - [2024-10-27T13:57:00.349+0000] {dag.py:4180} INFO - Setting next_dagrun for example_bash_decorator to None, run_after=None
[2024-10-27T13:57:00.480+0000] {processor.py:208} INFO - Processing /home/airflow/.local/lib/python3.12/site-packages/airflow/example_dags/example_bash_decorator.py took 0.282 seconds
[2024-10-27T13:57:31.750+0000] {processor.py:186} INFO - Started process (PID=532) to work on /home/airflow/.local/lib/python3.12/site-packages/airflow/example_dags/example_bash_decorator.py
[2024-10-27T13:57:31.770+0000] {processor.py:914} INFO - Processing file /home/airflow/.local/lib/python3.12/site-packages/airflow/example_dags/example_bash_decorator.py for tasks to queue
[2024-10-27T13:57:31.831+0000] {logging_mixin.py:190} INFO - [2024-10-27T13:57:31.831+0000] {dagbag.py:588} INFO - Filling up the DagBag from /home/airflow/.local/lib/python3.12/site-packages/airflow/example_dags/example_bash_decorator.py
[2024-10-27T13:57:31.915+0000] {processor.py:925} INFO - DAG(s) 'example_bash_decorator' retrieved from /home/airflow/.local/lib/python3.12/site-packages/airflow/example_dags/example_bash_decorator.py
[2024-10-27T13:57:32.074+0000] {logging_mixin.py:190} INFO - [2024-10-27T13:57:32.073+0000] {dag.py:3239} INFO - Sync 1 DAGs
[2024-10-27T13:57:32.147+0000] {logging_mixin.py:190} INFO - [2024-10-27T13:57:32.146+0000] {dag.py:4180} INFO - Setting next_dagrun for example_bash_decorator to None, run_after=None
[2024-10-27T13:57:32.581+0000] {processor.py:208} INFO - Processing /home/airflow/.local/lib/python3.12/site-packages/airflow/example_dags/example_bash_decorator.py took 0.857 seconds
[2024-10-27T13:58:03.244+0000] {processor.py:186} INFO - Started process (PID=595) to work on /home/airflow/.local/lib/python3.12/site-packages/airflow/example_dags/example_bash_decorator.py
[2024-10-27T13:58:03.245+0000] {processor.py:914} INFO - Processing file /home/airflow/.local/lib/python3.12/site-packages/airflow/example_dags/example_bash_decorator.py for tasks to queue
[2024-10-27T13:58:03.249+0000] {logging_mixin.py:190} INFO - [2024-10-27T13:58:03.248+0000] {dagbag.py:588} INFO - Filling up the DagBag from /home/airflow/.local/lib/python3.12/site-packages/airflow/example_dags/example_bash_decorator.py
[2024-10-27T13:58:03.270+0000] {processor.py:925} INFO - DAG(s) 'example_bash_decorator' retrieved from /home/airflow/.local/lib/python3.12/site-packages/airflow/example_dags/example_bash_decorator.py
[2024-10-27T13:58:03.310+0000] {logging_mixin.py:190} INFO - [2024-10-27T13:58:03.310+0000] {dag.py:3239} INFO - Sync 1 DAGs
[2024-10-27T13:58:03.335+0000] {logging_mixin.py:190} INFO - [2024-10-27T13:58:03.334+0000] {dag.py:4180} INFO - Setting next_dagrun for example_bash_decorator to None, run_after=None
[2024-10-27T13:58:03.421+0000] {processor.py:208} INFO - Processing /home/airflow/.local/lib/python3.12/site-packages/airflow/example_dags/example_bash_decorator.py took 0.186 seconds
[2024-10-27T13:58:33.855+0000] {processor.py:186} INFO - Started process (PID=657) to work on /home/airflow/.local/lib/python3.12/site-packages/airflow/example_dags/example_bash_decorator.py
[2024-10-27T13:58:33.859+0000] {processor.py:914} INFO - Processing file /home/airflow/.local/lib/python3.12/site-packages/airflow/example_dags/example_bash_decorator.py for tasks to queue
[2024-10-27T13:58:33.870+0000] {logging_mixin.py:190} INFO - [2024-10-27T13:58:33.869+0000] {dagbag.py:588} INFO - Filling up the DagBag from /home/airflow/.local/lib/python3.12/site-packages/airflow/example_dags/example_bash_decorator.py
[2024-10-27T13:58:33.927+0000] {processor.py:925} INFO - DAG(s) 'example_bash_decorator' retrieved from /home/airflow/.local/lib/python3.12/site-packages/airflow/example_dags/example_bash_decorator.py
[2024-10-27T13:58:34.061+0000] {logging_mixin.py:190} INFO - [2024-10-27T13:58:34.061+0000] {dag.py:3239} INFO - Sync 1 DAGs
[2024-10-27T13:58:34.127+0000] {logging_mixin.py:190} INFO - [2024-10-27T13:58:34.127+0000] {dag.py:4180} INFO - Setting next_dagrun for example_bash_decorator to None, run_after=None
[2024-10-27T13:58:34.213+0000] {processor.py:208} INFO - Processing /home/airflow/.local/lib/python3.12/site-packages/airflow/example_dags/example_bash_decorator.py took 0.370 seconds
[2024-10-27T13:59:05.613+0000] {processor.py:186} INFO - Started process (PID=719) to work on /home/airflow/.local/lib/python3.12/site-packages/airflow/example_dags/example_bash_decorator.py
[2024-10-27T13:59:05.627+0000] {processor.py:914} INFO - Processing file /home/airflow/.local/lib/python3.12/site-packages/airflow/example_dags/example_bash_decorator.py for tasks to queue
[2024-10-27T13:59:05.646+0000] {logging_mixin.py:190} INFO - [2024-10-27T13:59:05.637+0000] {dagbag.py:588} INFO - Filling up the DagBag from /home/airflow/.local/lib/python3.12/site-packages/airflow/example_dags/example_bash_decorator.py
[2024-10-27T13:59:05.715+0000] {processor.py:925} INFO - DAG(s) 'example_bash_decorator' retrieved from /home/airflow/.local/lib/python3.12/site-packages/airflow/example_dags/example_bash_decorator.py
[2024-10-27T13:59:05.800+0000] {logging_mixin.py:190} INFO - [2024-10-27T13:59:05.800+0000] {dag.py:3239} INFO - Sync 1 DAGs
[2024-10-27T13:59:05.884+0000] {logging_mixin.py:190} INFO - [2024-10-27T13:59:05.884+0000] {dag.py:4180} INFO - Setting next_dagrun for example_bash_decorator to None, run_after=None
[2024-10-27T13:59:05.942+0000] {processor.py:208} INFO - Processing /home/airflow/.local/lib/python3.12/site-packages/airflow/example_dags/example_bash_decorator.py took 0.341 seconds
[2024-10-27T13:59:37.328+0000] {processor.py:186} INFO - Started process (PID=787) to work on /home/airflow/.local/lib/python3.12/site-packages/airflow/example_dags/example_bash_decorator.py
[2024-10-27T13:59:37.329+0000] {processor.py:914} INFO - Processing file /home/airflow/.local/lib/python3.12/site-packages/airflow/example_dags/example_bash_decorator.py for tasks to queue
[2024-10-27T13:59:37.333+0000] {logging_mixin.py:190} INFO - [2024-10-27T13:59:37.333+0000] {dagbag.py:588} INFO - Filling up the DagBag from /home/airflow/.local/lib/python3.12/site-packages/airflow/example_dags/example_bash_decorator.py
[2024-10-27T13:59:37.363+0000] {processor.py:925} INFO - DAG(s) 'example_bash_decorator' retrieved from /home/airflow/.local/lib/python3.12/site-packages/airflow/example_dags/example_bash_decorator.py
[2024-10-27T13:59:37.406+0000] {logging_mixin.py:190} INFO - [2024-10-27T13:59:37.406+0000] {dag.py:3239} INFO - Sync 1 DAGs
[2024-10-27T13:59:37.434+0000] {logging_mixin.py:190} INFO - [2024-10-27T13:59:37.434+0000] {dag.py:4180} INFO - Setting next_dagrun for example_bash_decorator to None, run_after=None
[2024-10-27T13:59:37.842+0000] {processor.py:208} INFO - Processing /home/airflow/.local/lib/python3.12/site-packages/airflow/example_dags/example_bash_decorator.py took 0.528 seconds
[2024-10-27T14:00:08.761+0000] {processor.py:186} INFO - Started process (PID=849) to work on /home/airflow/.local/lib/python3.12/site-packages/airflow/example_dags/example_bash_decorator.py
[2024-10-27T14:00:08.764+0000] {processor.py:914} INFO - Processing file /home/airflow/.local/lib/python3.12/site-packages/airflow/example_dags/example_bash_decorator.py for tasks to queue
[2024-10-27T14:00:08.769+0000] {logging_mixin.py:190} INFO - [2024-10-27T14:00:08.768+0000] {dagbag.py:588} INFO - Filling up the DagBag from /home/airflow/.local/lib/python3.12/site-packages/airflow/example_dags/example_bash_decorator.py
[2024-10-27T14:00:08.813+0000] {processor.py:925} INFO - DAG(s) 'example_bash_decorator' retrieved from /home/airflow/.local/lib/python3.12/site-packages/airflow/example_dags/example_bash_decorator.py
[2024-10-27T14:00:08.868+0000] {logging_mixin.py:190} INFO - [2024-10-27T14:00:08.868+0000] {dag.py:3239} INFO - Sync 1 DAGs
[2024-10-27T14:00:08.916+0000] {logging_mixin.py:190} INFO - [2024-10-27T14:00:08.916+0000] {dag.py:4180} INFO - Setting next_dagrun for example_bash_decorator to None, run_after=None
[2024-10-27T14:00:08.970+0000] {processor.py:208} INFO - Processing /home/airflow/.local/lib/python3.12/site-packages/airflow/example_dags/example_bash_decorator.py took 0.226 seconds
[2024-10-27T14:00:39.682+0000] {processor.py:186} INFO - Started process (PID=911) to work on /home/airflow/.local/lib/python3.12/site-packages/airflow/example_dags/example_bash_decorator.py
[2024-10-27T14:00:39.697+0000] {processor.py:914} INFO - Processing file /home/airflow/.local/lib/python3.12/site-packages/airflow/example_dags/example_bash_decorator.py for tasks to queue
[2024-10-27T14:00:39.708+0000] {logging_mixin.py:190} INFO - [2024-10-27T14:00:39.706+0000] {dagbag.py:588} INFO - Filling up the DagBag from /home/airflow/.local/lib/python3.12/site-packages/airflow/example_dags/example_bash_decorator.py
[2024-10-27T14:00:39.772+0000] {processor.py:925} INFO - DAG(s) 'example_bash_decorator' retrieved from /home/airflow/.local/lib/python3.12/site-packages/airflow/example_dags/example_bash_decorator.py
[2024-10-27T14:00:39.827+0000] {logging_mixin.py:190} INFO - [2024-10-27T14:00:39.827+0000] {dag.py:3239} INFO - Sync 1 DAGs
[2024-10-27T14:00:39.857+0000] {logging_mixin.py:190} INFO - [2024-10-27T14:00:39.856+0000] {dag.py:4180} INFO - Setting next_dagrun for example_bash_decorator to None, run_after=None
[2024-10-27T14:00:39.902+0000] {processor.py:208} INFO - Processing /home/airflow/.local/lib/python3.12/site-packages/airflow/example_dags/example_bash_decorator.py took 0.236 seconds
[2024-10-27T14:01:10.530+0000] {processor.py:186} INFO - Started process (PID=972) to work on /home/airflow/.local/lib/python3.12/site-packages/airflow/example_dags/example_bash_decorator.py
[2024-10-27T14:01:10.533+0000] {processor.py:914} INFO - Processing file /home/airflow/.local/lib/python3.12/site-packages/airflow/example_dags/example_bash_decorator.py for tasks to queue
[2024-10-27T14:01:10.538+0000] {logging_mixin.py:190} INFO - [2024-10-27T14:01:10.538+0000] {dagbag.py:588} INFO - Filling up the DagBag from /home/airflow/.local/lib/python3.12/site-packages/airflow/example_dags/example_bash_decorator.py
[2024-10-27T14:01:10.567+0000] {processor.py:925} INFO - DAG(s) 'example_bash_decorator' retrieved from /home/airflow/.local/lib/python3.12/site-packages/airflow/example_dags/example_bash_decorator.py
[2024-10-27T14:01:10.620+0000] {logging_mixin.py:190} INFO - [2024-10-27T14:01:10.620+0000] {dag.py:3239} INFO - Sync 1 DAGs
[2024-10-27T14:01:10.648+0000] {logging_mixin.py:190} INFO - [2024-10-27T14:01:10.648+0000] {dag.py:4180} INFO - Setting next_dagrun for example_bash_decorator to None, run_after=None
[2024-10-27T14:01:10.765+0000] {processor.py:208} INFO - Processing /home/airflow/.local/lib/python3.12/site-packages/airflow/example_dags/example_bash_decorator.py took 0.248 seconds
[2024-10-27T14:01:41.896+0000] {processor.py:186} INFO - Started process (PID=1034) to work on /home/airflow/.local/lib/python3.12/site-packages/airflow/example_dags/example_bash_decorator.py
[2024-10-27T14:01:41.898+0000] {processor.py:914} INFO - Processing file /home/airflow/.local/lib/python3.12/site-packages/airflow/example_dags/example_bash_decorator.py for tasks to queue
[2024-10-27T14:01:41.905+0000] {logging_mixin.py:190} INFO - [2024-10-27T14:01:41.904+0000] {dagbag.py:588} INFO - Filling up the DagBag from /home/airflow/.local/lib/python3.12/site-packages/airflow/example_dags/example_bash_decorator.py
[2024-10-27T14:01:42.006+0000] {processor.py:925} INFO - DAG(s) 'example_bash_decorator' retrieved from /home/airflow/.local/lib/python3.12/site-packages/airflow/example_dags/example_bash_decorator.py
[2024-10-27T14:01:42.131+0000] {logging_mixin.py:190} INFO - [2024-10-27T14:01:42.119+0000] {dag.py:3239} INFO - Sync 1 DAGs
[2024-10-27T14:01:42.265+0000] {logging_mixin.py:190} INFO - [2024-10-27T14:01:42.264+0000] {dag.py:4180} INFO - Setting next_dagrun for example_bash_decorator to None, run_after=None
[2024-10-27T14:01:42.359+0000] {processor.py:208} INFO - Processing /home/airflow/.local/lib/python3.12/site-packages/airflow/example_dags/example_bash_decorator.py took 0.484 seconds
[2024-10-27T14:02:12.832+0000] {processor.py:186} INFO - Started process (PID=1096) to work on /home/airflow/.local/lib/python3.12/site-packages/airflow/example_dags/example_bash_decorator.py
[2024-10-27T14:02:12.834+0000] {processor.py:914} INFO - Processing file /home/airflow/.local/lib/python3.12/site-packages/airflow/example_dags/example_bash_decorator.py for tasks to queue
[2024-10-27T14:02:12.838+0000] {logging_mixin.py:190} INFO - [2024-10-27T14:02:12.838+0000] {dagbag.py:588} INFO - Filling up the DagBag from /home/airflow/.local/lib/python3.12/site-packages/airflow/example_dags/example_bash_decorator.py
[2024-10-27T14:02:12.871+0000] {processor.py:925} INFO - DAG(s) 'example_bash_decorator' retrieved from /home/airflow/.local/lib/python3.12/site-packages/airflow/example_dags/example_bash_decorator.py
[2024-10-27T14:02:12.940+0000] {logging_mixin.py:190} INFO - [2024-10-27T14:02:12.939+0000] {dag.py:3239} INFO - Sync 1 DAGs
[2024-10-27T14:02:12.990+0000] {logging_mixin.py:190} INFO - [2024-10-27T14:02:12.989+0000] {dag.py:4180} INFO - Setting next_dagrun for example_bash_decorator to None, run_after=None
[2024-10-27T14:02:13.057+0000] {processor.py:208} INFO - Processing /home/airflow/.local/lib/python3.12/site-packages/airflow/example_dags/example_bash_decorator.py took 0.237 seconds
[2024-10-27T14:02:43.179+0000] {processor.py:186} INFO - Started process (PID=1157) to work on /home/airflow/.local/lib/python3.12/site-packages/airflow/example_dags/example_bash_decorator.py
[2024-10-27T14:02:43.181+0000] {processor.py:914} INFO - Processing file /home/airflow/.local/lib/python3.12/site-packages/airflow/example_dags/example_bash_decorator.py for tasks to queue
[2024-10-27T14:02:43.185+0000] {logging_mixin.py:190} INFO - [2024-10-27T14:02:43.184+0000] {dagbag.py:588} INFO - Filling up the DagBag from /home/airflow/.local/lib/python3.12/site-packages/airflow/example_dags/example_bash_decorator.py
[2024-10-27T14:02:43.208+0000] {processor.py:925} INFO - DAG(s) 'example_bash_decorator' retrieved from /home/airflow/.local/lib/python3.12/site-packages/airflow/example_dags/example_bash_decorator.py
[2024-10-27T14:02:43.249+0000] {logging_mixin.py:190} INFO - [2024-10-27T14:02:43.249+0000] {dag.py:3239} INFO - Sync 1 DAGs
[2024-10-27T14:02:43.276+0000] {logging_mixin.py:190} INFO - [2024-10-27T14:02:43.275+0000] {dag.py:4180} INFO - Setting next_dagrun for example_bash_decorator to None, run_after=None
[2024-10-27T14:02:43.375+0000] {processor.py:208} INFO - Processing /home/airflow/.local/lib/python3.12/site-packages/airflow/example_dags/example_bash_decorator.py took 0.206 seconds
[2024-10-27T14:03:13.689+0000] {processor.py:186} INFO - Started process (PID=1218) to work on /home/airflow/.local/lib/python3.12/site-packages/airflow/example_dags/example_bash_decorator.py
[2024-10-27T14:03:13.691+0000] {processor.py:914} INFO - Processing file /home/airflow/.local/lib/python3.12/site-packages/airflow/example_dags/example_bash_decorator.py for tasks to queue
[2024-10-27T14:03:13.697+0000] {logging_mixin.py:190} INFO - [2024-10-27T14:03:13.697+0000] {dagbag.py:588} INFO - Filling up the DagBag from /home/airflow/.local/lib/python3.12/site-packages/airflow/example_dags/example_bash_decorator.py
[2024-10-27T14:03:13.729+0000] {processor.py:925} INFO - DAG(s) 'example_bash_decorator' retrieved from /home/airflow/.local/lib/python3.12/site-packages/airflow/example_dags/example_bash_decorator.py
[2024-10-27T14:03:13.805+0000] {logging_mixin.py:190} INFO - [2024-10-27T14:03:13.805+0000] {dag.py:3239} INFO - Sync 1 DAGs
[2024-10-27T14:03:13.836+0000] {logging_mixin.py:190} INFO - [2024-10-27T14:03:13.836+0000] {dag.py:4180} INFO - Setting next_dagrun for example_bash_decorator to None, run_after=None
[2024-10-27T14:03:14.352+0000] {processor.py:208} INFO - Processing /home/airflow/.local/lib/python3.12/site-packages/airflow/example_dags/example_bash_decorator.py took 0.675 seconds
[2024-10-27T14:03:51.176+0000] {processor.py:186} INFO - Started process (PID=1272) to work on /home/airflow/.local/lib/python3.12/site-packages/airflow/example_dags/example_bash_decorator.py
[2024-10-27T14:03:51.178+0000] {processor.py:914} INFO - Processing file /home/airflow/.local/lib/python3.12/site-packages/airflow/example_dags/example_bash_decorator.py for tasks to queue
[2024-10-27T14:03:51.183+0000] {logging_mixin.py:190} INFO - [2024-10-27T14:03:51.182+0000] {dagbag.py:588} INFO - Filling up the DagBag from /home/airflow/.local/lib/python3.12/site-packages/airflow/example_dags/example_bash_decorator.py
[2024-10-27T14:03:51.231+0000] {processor.py:925} INFO - DAG(s) 'example_bash_decorator' retrieved from /home/airflow/.local/lib/python3.12/site-packages/airflow/example_dags/example_bash_decorator.py
[2024-10-27T14:03:51.308+0000] {logging_mixin.py:190} INFO - [2024-10-27T14:03:51.307+0000] {dag.py:3239} INFO - Sync 1 DAGs
[2024-10-27T14:03:51.332+0000] {logging_mixin.py:190} INFO - [2024-10-27T14:03:51.331+0000] {dag.py:4180} INFO - Setting next_dagrun for example_bash_decorator to None, run_after=None
[2024-10-27T14:03:51.900+0000] {processor.py:208} INFO - Processing /home/airflow/.local/lib/python3.12/site-packages/airflow/example_dags/example_bash_decorator.py took 0.736 seconds
[2024-10-27T14:04:22.188+0000] {processor.py:186} INFO - Started process (PID=1333) to work on /home/airflow/.local/lib/python3.12/site-packages/airflow/example_dags/example_bash_decorator.py
[2024-10-27T14:04:22.190+0000] {processor.py:914} INFO - Processing file /home/airflow/.local/lib/python3.12/site-packages/airflow/example_dags/example_bash_decorator.py for tasks to queue
[2024-10-27T14:04:22.195+0000] {logging_mixin.py:190} INFO - [2024-10-27T14:04:22.194+0000] {dagbag.py:588} INFO - Filling up the DagBag from /home/airflow/.local/lib/python3.12/site-packages/airflow/example_dags/example_bash_decorator.py
[2024-10-27T14:04:22.277+0000] {processor.py:925} INFO - DAG(s) 'example_bash_decorator' retrieved from /home/airflow/.local/lib/python3.12/site-packages/airflow/example_dags/example_bash_decorator.py
[2024-10-27T14:04:22.340+0000] {logging_mixin.py:190} INFO - [2024-10-27T14:04:22.339+0000] {dag.py:3239} INFO - Sync 1 DAGs
[2024-10-27T14:04:22.447+0000] {logging_mixin.py:190} INFO - [2024-10-27T14:04:22.446+0000] {dag.py:4180} INFO - Setting next_dagrun for example_bash_decorator to None, run_after=None
[2024-10-27T14:04:22.585+0000] {processor.py:208} INFO - Processing /home/airflow/.local/lib/python3.12/site-packages/airflow/example_dags/example_bash_decorator.py took 0.413 seconds
[2024-10-27T14:04:53.556+0000] {processor.py:186} INFO - Started process (PID=1395) to work on /home/airflow/.local/lib/python3.12/site-packages/airflow/example_dags/example_bash_decorator.py
[2024-10-27T14:04:53.558+0000] {processor.py:914} INFO - Processing file /home/airflow/.local/lib/python3.12/site-packages/airflow/example_dags/example_bash_decorator.py for tasks to queue
[2024-10-27T14:04:53.562+0000] {logging_mixin.py:190} INFO - [2024-10-27T14:04:53.562+0000] {dagbag.py:588} INFO - Filling up the DagBag from /home/airflow/.local/lib/python3.12/site-packages/airflow/example_dags/example_bash_decorator.py
[2024-10-27T14:04:53.590+0000] {processor.py:925} INFO - DAG(s) 'example_bash_decorator' retrieved from /home/airflow/.local/lib/python3.12/site-packages/airflow/example_dags/example_bash_decorator.py
[2024-10-27T14:04:53.641+0000] {logging_mixin.py:190} INFO - [2024-10-27T14:04:53.640+0000] {dag.py:3239} INFO - Sync 1 DAGs
[2024-10-27T14:04:53.675+0000] {logging_mixin.py:190} INFO - [2024-10-27T14:04:53.675+0000] {dag.py:4180} INFO - Setting next_dagrun for example_bash_decorator to None, run_after=None
[2024-10-27T14:04:53.719+0000] {processor.py:208} INFO - Processing /home/airflow/.local/lib/python3.12/site-packages/airflow/example_dags/example_bash_decorator.py took 0.176 seconds
[2024-10-27T14:05:24.898+0000] {processor.py:186} INFO - Started process (PID=1457) to work on /home/airflow/.local/lib/python3.12/site-packages/airflow/example_dags/example_bash_decorator.py
[2024-10-27T14:05:24.900+0000] {processor.py:914} INFO - Processing file /home/airflow/.local/lib/python3.12/site-packages/airflow/example_dags/example_bash_decorator.py for tasks to queue
[2024-10-27T14:05:24.904+0000] {logging_mixin.py:190} INFO - [2024-10-27T14:05:24.904+0000] {dagbag.py:588} INFO - Filling up the DagBag from /home/airflow/.local/lib/python3.12/site-packages/airflow/example_dags/example_bash_decorator.py
[2024-10-27T14:05:24.929+0000] {processor.py:925} INFO - DAG(s) 'example_bash_decorator' retrieved from /home/airflow/.local/lib/python3.12/site-packages/airflow/example_dags/example_bash_decorator.py
[2024-10-27T14:05:24.979+0000] {logging_mixin.py:190} INFO - [2024-10-27T14:05:24.979+0000] {dag.py:3239} INFO - Sync 1 DAGs
[2024-10-27T14:05:25.018+0000] {logging_mixin.py:190} INFO - [2024-10-27T14:05:25.018+0000] {dag.py:4180} INFO - Setting next_dagrun for example_bash_decorator to None, run_after=None
[2024-10-27T14:05:25.100+0000] {processor.py:208} INFO - Processing /home/airflow/.local/lib/python3.12/site-packages/airflow/example_dags/example_bash_decorator.py took 0.214 seconds
[2024-10-27T14:05:55.566+0000] {processor.py:186} INFO - Started process (PID=1518) to work on /home/airflow/.local/lib/python3.12/site-packages/airflow/example_dags/example_bash_decorator.py
[2024-10-27T14:05:55.568+0000] {processor.py:914} INFO - Processing file /home/airflow/.local/lib/python3.12/site-packages/airflow/example_dags/example_bash_decorator.py for tasks to queue
[2024-10-27T14:05:55.573+0000] {logging_mixin.py:190} INFO - [2024-10-27T14:05:55.572+0000] {dagbag.py:588} INFO - Filling up the DagBag from /home/airflow/.local/lib/python3.12/site-packages/airflow/example_dags/example_bash_decorator.py
[2024-10-27T14:05:55.609+0000] {processor.py:925} INFO - DAG(s) 'example_bash_decorator' retrieved from /home/airflow/.local/lib/python3.12/site-packages/airflow/example_dags/example_bash_decorator.py
[2024-10-27T14:05:55.651+0000] {logging_mixin.py:190} INFO - [2024-10-27T14:05:55.650+0000] {dag.py:3239} INFO - Sync 1 DAGs
[2024-10-27T14:05:55.674+0000] {logging_mixin.py:190} INFO - [2024-10-27T14:05:55.674+0000] {dag.py:4180} INFO - Setting next_dagrun for example_bash_decorator to None, run_after=None
[2024-10-27T14:05:55.731+0000] {processor.py:208} INFO - Processing /home/airflow/.local/lib/python3.12/site-packages/airflow/example_dags/example_bash_decorator.py took 0.175 seconds
[2024-10-27T14:06:26.876+0000] {processor.py:186} INFO - Started process (PID=1580) to work on /home/airflow/.local/lib/python3.12/site-packages/airflow/example_dags/example_bash_decorator.py
[2024-10-27T14:06:26.879+0000] {processor.py:914} INFO - Processing file /home/airflow/.local/lib/python3.12/site-packages/airflow/example_dags/example_bash_decorator.py for tasks to queue
[2024-10-27T14:06:26.888+0000] {logging_mixin.py:190} INFO - [2024-10-27T14:06:26.888+0000] {dagbag.py:588} INFO - Filling up the DagBag from /home/airflow/.local/lib/python3.12/site-packages/airflow/example_dags/example_bash_decorator.py
[2024-10-27T14:06:26.925+0000] {processor.py:925} INFO - DAG(s) 'example_bash_decorator' retrieved from /home/airflow/.local/lib/python3.12/site-packages/airflow/example_dags/example_bash_decorator.py
[2024-10-27T14:06:26.986+0000] {logging_mixin.py:190} INFO - [2024-10-27T14:06:26.985+0000] {dag.py:3239} INFO - Sync 1 DAGs
[2024-10-27T14:06:27.019+0000] {logging_mixin.py:190} INFO - [2024-10-27T14:06:27.018+0000] {dag.py:4180} INFO - Setting next_dagrun for example_bash_decorator to None, run_after=None
[2024-10-27T14:06:27.067+0000] {processor.py:208} INFO - Processing /home/airflow/.local/lib/python3.12/site-packages/airflow/example_dags/example_bash_decorator.py took 0.211 seconds
[2024-10-27T14:07:00.896+0000] {processor.py:186} INFO - Started process (PID=1641) to work on /home/airflow/.local/lib/python3.12/site-packages/airflow/example_dags/example_bash_decorator.py
[2024-10-27T14:07:00.947+0000] {processor.py:914} INFO - Processing file /home/airflow/.local/lib/python3.12/site-packages/airflow/example_dags/example_bash_decorator.py for tasks to queue
[2024-10-27T14:07:00.950+0000] {logging_mixin.py:190} INFO - [2024-10-27T14:07:00.950+0000] {dagbag.py:588} INFO - Filling up the DagBag from /home/airflow/.local/lib/python3.12/site-packages/airflow/example_dags/example_bash_decorator.py
[2024-10-27T14:07:00.971+0000] {processor.py:925} INFO - DAG(s) 'example_bash_decorator' retrieved from /home/airflow/.local/lib/python3.12/site-packages/airflow/example_dags/example_bash_decorator.py
[2024-10-27T14:07:01.006+0000] {logging_mixin.py:190} INFO - [2024-10-27T14:07:01.005+0000] {dag.py:3239} INFO - Sync 1 DAGs
[2024-10-27T14:07:01.030+0000] {logging_mixin.py:190} INFO - [2024-10-27T14:07:01.030+0000] {dag.py:4180} INFO - Setting next_dagrun for example_bash_decorator to None, run_after=None
[2024-10-27T14:07:01.634+0000] {processor.py:208} INFO - Processing /home/airflow/.local/lib/python3.12/site-packages/airflow/example_dags/example_bash_decorator.py took 0.747 seconds
[2024-10-27T14:07:32.412+0000] {processor.py:186} INFO - Started process (PID=1703) to work on /home/airflow/.local/lib/python3.12/site-packages/airflow/example_dags/example_bash_decorator.py
[2024-10-27T14:07:32.414+0000] {processor.py:914} INFO - Processing file /home/airflow/.local/lib/python3.12/site-packages/airflow/example_dags/example_bash_decorator.py for tasks to queue
[2024-10-27T14:07:32.418+0000] {logging_mixin.py:190} INFO - [2024-10-27T14:07:32.417+0000] {dagbag.py:588} INFO - Filling up the DagBag from /home/airflow/.local/lib/python3.12/site-packages/airflow/example_dags/example_bash_decorator.py
[2024-10-27T14:07:32.462+0000] {processor.py:925} INFO - DAG(s) 'example_bash_decorator' retrieved from /home/airflow/.local/lib/python3.12/site-packages/airflow/example_dags/example_bash_decorator.py
[2024-10-27T14:07:32.524+0000] {logging_mixin.py:190} INFO - [2024-10-27T14:07:32.523+0000] {dag.py:3239} INFO - Sync 1 DAGs
[2024-10-27T14:07:32.552+0000] {logging_mixin.py:190} INFO - [2024-10-27T14:07:32.551+0000] {dag.py:4180} INFO - Setting next_dagrun for example_bash_decorator to None, run_after=None
[2024-10-27T14:07:32.607+0000] {processor.py:208} INFO - Processing /home/airflow/.local/lib/python3.12/site-packages/airflow/example_dags/example_bash_decorator.py took 0.219 seconds
[2024-10-27T14:08:03.417+0000] {processor.py:186} INFO - Started process (PID=1766) to work on /home/airflow/.local/lib/python3.12/site-packages/airflow/example_dags/example_bash_decorator.py
[2024-10-27T14:08:03.419+0000] {processor.py:914} INFO - Processing file /home/airflow/.local/lib/python3.12/site-packages/airflow/example_dags/example_bash_decorator.py for tasks to queue
[2024-10-27T14:08:03.423+0000] {logging_mixin.py:190} INFO - [2024-10-27T14:08:03.423+0000] {dagbag.py:588} INFO - Filling up the DagBag from /home/airflow/.local/lib/python3.12/site-packages/airflow/example_dags/example_bash_decorator.py
[2024-10-27T14:08:03.450+0000] {processor.py:925} INFO - DAG(s) 'example_bash_decorator' retrieved from /home/airflow/.local/lib/python3.12/site-packages/airflow/example_dags/example_bash_decorator.py
[2024-10-27T14:08:03.501+0000] {logging_mixin.py:190} INFO - [2024-10-27T14:08:03.501+0000] {dag.py:3239} INFO - Sync 1 DAGs
[2024-10-27T14:08:03.539+0000] {logging_mixin.py:190} INFO - [2024-10-27T14:08:03.539+0000] {dag.py:4180} INFO - Setting next_dagrun for example_bash_decorator to None, run_after=None
[2024-10-27T14:08:03.603+0000] {processor.py:208} INFO - Processing /home/airflow/.local/lib/python3.12/site-packages/airflow/example_dags/example_bash_decorator.py took 0.197 seconds
[2024-10-27T14:08:34.024+0000] {processor.py:186} INFO - Started process (PID=1828) to work on /home/airflow/.local/lib/python3.12/site-packages/airflow/example_dags/example_bash_decorator.py
[2024-10-27T14:08:34.026+0000] {processor.py:914} INFO - Processing file /home/airflow/.local/lib/python3.12/site-packages/airflow/example_dags/example_bash_decorator.py for tasks to queue
[2024-10-27T14:08:34.030+0000] {logging_mixin.py:190} INFO - [2024-10-27T14:08:34.029+0000] {dagbag.py:588} INFO - Filling up the DagBag from /home/airflow/.local/lib/python3.12/site-packages/airflow/example_dags/example_bash_decorator.py
[2024-10-27T14:08:34.061+0000] {processor.py:925} INFO - DAG(s) 'example_bash_decorator' retrieved from /home/airflow/.local/lib/python3.12/site-packages/airflow/example_dags/example_bash_decorator.py
[2024-10-27T14:08:34.110+0000] {logging_mixin.py:190} INFO - [2024-10-27T14:08:34.109+0000] {dag.py:3239} INFO - Sync 1 DAGs
[2024-10-27T14:08:34.139+0000] {logging_mixin.py:190} INFO - [2024-10-27T14:08:34.139+0000] {dag.py:4180} INFO - Setting next_dagrun for example_bash_decorator to None, run_after=None
[2024-10-27T14:08:34.199+0000] {processor.py:208} INFO - Processing /home/airflow/.local/lib/python3.12/site-packages/airflow/example_dags/example_bash_decorator.py took 0.188 seconds
[2024-10-27T14:09:04.896+0000] {processor.py:186} INFO - Started process (PID=1891) to work on /home/airflow/.local/lib/python3.12/site-packages/airflow/example_dags/example_bash_decorator.py
[2024-10-27T14:09:04.901+0000] {processor.py:914} INFO - Processing file /home/airflow/.local/lib/python3.12/site-packages/airflow/example_dags/example_bash_decorator.py for tasks to queue
[2024-10-27T14:09:04.910+0000] {logging_mixin.py:190} INFO - [2024-10-27T14:09:04.909+0000] {dagbag.py:588} INFO - Filling up the DagBag from /home/airflow/.local/lib/python3.12/site-packages/airflow/example_dags/example_bash_decorator.py
[2024-10-27T14:09:04.974+0000] {processor.py:925} INFO - DAG(s) 'example_bash_decorator' retrieved from /home/airflow/.local/lib/python3.12/site-packages/airflow/example_dags/example_bash_decorator.py
[2024-10-27T14:09:05.086+0000] {logging_mixin.py:190} INFO - [2024-10-27T14:09:05.086+0000] {dag.py:3239} INFO - Sync 1 DAGs
[2024-10-27T14:09:05.187+0000] {logging_mixin.py:190} INFO - [2024-10-27T14:09:05.175+0000] {dag.py:4180} INFO - Setting next_dagrun for example_bash_decorator to None, run_after=None
[2024-10-27T14:09:05.309+0000] {processor.py:208} INFO - Processing /home/airflow/.local/lib/python3.12/site-packages/airflow/example_dags/example_bash_decorator.py took 0.436 seconds
[2024-10-27T14:09:35.557+0000] {processor.py:186} INFO - Started process (PID=1953) to work on /home/airflow/.local/lib/python3.12/site-packages/airflow/example_dags/example_bash_decorator.py
[2024-10-27T14:09:35.563+0000] {processor.py:914} INFO - Processing file /home/airflow/.local/lib/python3.12/site-packages/airflow/example_dags/example_bash_decorator.py for tasks to queue
[2024-10-27T14:09:35.567+0000] {logging_mixin.py:190} INFO - [2024-10-27T14:09:35.567+0000] {dagbag.py:588} INFO - Filling up the DagBag from /home/airflow/.local/lib/python3.12/site-packages/airflow/example_dags/example_bash_decorator.py
[2024-10-27T14:09:35.610+0000] {processor.py:925} INFO - DAG(s) 'example_bash_decorator' retrieved from /home/airflow/.local/lib/python3.12/site-packages/airflow/example_dags/example_bash_decorator.py
[2024-10-27T14:09:35.722+0000] {logging_mixin.py:190} INFO - [2024-10-27T14:09:35.722+0000] {dag.py:3239} INFO - Sync 1 DAGs
[2024-10-27T14:09:35.766+0000] {logging_mixin.py:190} INFO - [2024-10-27T14:09:35.766+0000] {dag.py:4180} INFO - Setting next_dagrun for example_bash_decorator to None, run_after=None
[2024-10-27T14:09:35.807+0000] {processor.py:208} INFO - Processing /home/airflow/.local/lib/python3.12/site-packages/airflow/example_dags/example_bash_decorator.py took 0.260 seconds
[2024-10-27T14:10:05.939+0000] {processor.py:186} INFO - Started process (PID=2014) to work on /home/airflow/.local/lib/python3.12/site-packages/airflow/example_dags/example_bash_decorator.py
[2024-10-27T14:10:05.940+0000] {processor.py:914} INFO - Processing file /home/airflow/.local/lib/python3.12/site-packages/airflow/example_dags/example_bash_decorator.py for tasks to queue
[2024-10-27T14:10:05.944+0000] {logging_mixin.py:190} INFO - [2024-10-27T14:10:05.944+0000] {dagbag.py:588} INFO - Filling up the DagBag from /home/airflow/.local/lib/python3.12/site-packages/airflow/example_dags/example_bash_decorator.py
[2024-10-27T14:10:05.967+0000] {processor.py:925} INFO - DAG(s) 'example_bash_decorator' retrieved from /home/airflow/.local/lib/python3.12/site-packages/airflow/example_dags/example_bash_decorator.py
[2024-10-27T14:10:06.000+0000] {logging_mixin.py:190} INFO - [2024-10-27T14:10:06.000+0000] {dag.py:3239} INFO - Sync 1 DAGs
[2024-10-27T14:10:06.022+0000] {logging_mixin.py:190} INFO - [2024-10-27T14:10:06.022+0000] {dag.py:4180} INFO - Setting next_dagrun for example_bash_decorator to None, run_after=None
[2024-10-27T14:10:06.055+0000] {processor.py:208} INFO - Processing /home/airflow/.local/lib/python3.12/site-packages/airflow/example_dags/example_bash_decorator.py took 0.125 seconds
[2024-10-27T14:10:36.408+0000] {processor.py:186} INFO - Started process (PID=2076) to work on /home/airflow/.local/lib/python3.12/site-packages/airflow/example_dags/example_bash_decorator.py
[2024-10-27T14:10:36.410+0000] {processor.py:914} INFO - Processing file /home/airflow/.local/lib/python3.12/site-packages/airflow/example_dags/example_bash_decorator.py for tasks to queue
[2024-10-27T14:10:36.417+0000] {logging_mixin.py:190} INFO - [2024-10-27T14:10:36.417+0000] {dagbag.py:588} INFO - Filling up the DagBag from /home/airflow/.local/lib/python3.12/site-packages/airflow/example_dags/example_bash_decorator.py
[2024-10-27T14:10:36.488+0000] {processor.py:925} INFO - DAG(s) 'example_bash_decorator' retrieved from /home/airflow/.local/lib/python3.12/site-packages/airflow/example_dags/example_bash_decorator.py
[2024-10-27T14:10:36.549+0000] {logging_mixin.py:190} INFO - [2024-10-27T14:10:36.548+0000] {dag.py:3239} INFO - Sync 1 DAGs
[2024-10-27T14:10:36.580+0000] {logging_mixin.py:190} INFO - [2024-10-27T14:10:36.579+0000] {dag.py:4180} INFO - Setting next_dagrun for example_bash_decorator to None, run_after=None
[2024-10-27T14:10:36.620+0000] {processor.py:208} INFO - Processing /home/airflow/.local/lib/python3.12/site-packages/airflow/example_dags/example_bash_decorator.py took 0.242 seconds
[2024-10-27T14:11:06.777+0000] {processor.py:186} INFO - Started process (PID=2137) to work on /home/airflow/.local/lib/python3.12/site-packages/airflow/example_dags/example_bash_decorator.py
[2024-10-27T14:11:06.779+0000] {processor.py:914} INFO - Processing file /home/airflow/.local/lib/python3.12/site-packages/airflow/example_dags/example_bash_decorator.py for tasks to queue
[2024-10-27T14:11:06.783+0000] {logging_mixin.py:190} INFO - [2024-10-27T14:11:06.782+0000] {dagbag.py:588} INFO - Filling up the DagBag from /home/airflow/.local/lib/python3.12/site-packages/airflow/example_dags/example_bash_decorator.py
[2024-10-27T14:11:06.804+0000] {processor.py:925} INFO - DAG(s) 'example_bash_decorator' retrieved from /home/airflow/.local/lib/python3.12/site-packages/airflow/example_dags/example_bash_decorator.py
[2024-10-27T14:11:06.839+0000] {logging_mixin.py:190} INFO - [2024-10-27T14:11:06.838+0000] {dag.py:3239} INFO - Sync 1 DAGs
[2024-10-27T14:11:06.863+0000] {logging_mixin.py:190} INFO - [2024-10-27T14:11:06.862+0000] {dag.py:4180} INFO - Setting next_dagrun for example_bash_decorator to None, run_after=None
[2024-10-27T14:11:06.958+0000] {processor.py:208} INFO - Processing /home/airflow/.local/lib/python3.12/site-packages/airflow/example_dags/example_bash_decorator.py took 0.191 seconds
[2024-10-27T14:11:37.707+0000] {processor.py:186} INFO - Started process (PID=2199) to work on /home/airflow/.local/lib/python3.12/site-packages/airflow/example_dags/example_bash_decorator.py
[2024-10-27T14:11:37.719+0000] {processor.py:914} INFO - Processing file /home/airflow/.local/lib/python3.12/site-packages/airflow/example_dags/example_bash_decorator.py for tasks to queue
[2024-10-27T14:11:37.729+0000] {logging_mixin.py:190} INFO - [2024-10-27T14:11:37.728+0000] {dagbag.py:588} INFO - Filling up the DagBag from /home/airflow/.local/lib/python3.12/site-packages/airflow/example_dags/example_bash_decorator.py
[2024-10-27T14:11:37.759+0000] {processor.py:925} INFO - DAG(s) 'example_bash_decorator' retrieved from /home/airflow/.local/lib/python3.12/site-packages/airflow/example_dags/example_bash_decorator.py
[2024-10-27T14:11:37.795+0000] {logging_mixin.py:190} INFO - [2024-10-27T14:11:37.795+0000] {dag.py:3239} INFO - Sync 1 DAGs
[2024-10-27T14:11:37.819+0000] {logging_mixin.py:190} INFO - [2024-10-27T14:11:37.819+0000] {dag.py:4180} INFO - Setting next_dagrun for example_bash_decorator to None, run_after=None
[2024-10-27T14:11:38.485+0000] {processor.py:208} INFO - Processing /home/airflow/.local/lib/python3.12/site-packages/airflow/example_dags/example_bash_decorator.py took 0.797 seconds
[2024-10-27T14:12:09.346+0000] {processor.py:186} INFO - Started process (PID=2263) to work on /home/airflow/.local/lib/python3.12/site-packages/airflow/example_dags/example_bash_decorator.py
[2024-10-27T14:12:09.347+0000] {processor.py:914} INFO - Processing file /home/airflow/.local/lib/python3.12/site-packages/airflow/example_dags/example_bash_decorator.py for tasks to queue
[2024-10-27T14:12:09.351+0000] {logging_mixin.py:190} INFO - [2024-10-27T14:12:09.351+0000] {dagbag.py:588} INFO - Filling up the DagBag from /home/airflow/.local/lib/python3.12/site-packages/airflow/example_dags/example_bash_decorator.py
[2024-10-27T14:12:09.371+0000] {processor.py:925} INFO - DAG(s) 'example_bash_decorator' retrieved from /home/airflow/.local/lib/python3.12/site-packages/airflow/example_dags/example_bash_decorator.py
[2024-10-27T14:12:09.404+0000] {logging_mixin.py:190} INFO - [2024-10-27T14:12:09.403+0000] {dag.py:3239} INFO - Sync 1 DAGs
[2024-10-27T14:12:09.423+0000] {logging_mixin.py:190} INFO - [2024-10-27T14:12:09.423+0000] {dag.py:4180} INFO - Setting next_dagrun for example_bash_decorator to None, run_after=None
[2024-10-27T14:12:09.472+0000] {processor.py:208} INFO - Processing /home/airflow/.local/lib/python3.12/site-packages/airflow/example_dags/example_bash_decorator.py took 0.134 seconds
[2024-10-27T14:12:39.906+0000] {processor.py:186} INFO - Started process (PID=2325) to work on /home/airflow/.local/lib/python3.12/site-packages/airflow/example_dags/example_bash_decorator.py
[2024-10-27T14:12:39.908+0000] {processor.py:914} INFO - Processing file /home/airflow/.local/lib/python3.12/site-packages/airflow/example_dags/example_bash_decorator.py for tasks to queue
[2024-10-27T14:12:39.911+0000] {logging_mixin.py:190} INFO - [2024-10-27T14:12:39.910+0000] {dagbag.py:588} INFO - Filling up the DagBag from /home/airflow/.local/lib/python3.12/site-packages/airflow/example_dags/example_bash_decorator.py
[2024-10-27T14:12:39.930+0000] {processor.py:925} INFO - DAG(s) 'example_bash_decorator' retrieved from /home/airflow/.local/lib/python3.12/site-packages/airflow/example_dags/example_bash_decorator.py
[2024-10-27T14:12:39.963+0000] {logging_mixin.py:190} INFO - [2024-10-27T14:12:39.963+0000] {dag.py:3239} INFO - Sync 1 DAGs
[2024-10-27T14:12:39.982+0000] {logging_mixin.py:190} INFO - [2024-10-27T14:12:39.982+0000] {dag.py:4180} INFO - Setting next_dagrun for example_bash_decorator to None, run_after=None
[2024-10-27T14:12:40.214+0000] {processor.py:208} INFO - Processing /home/airflow/.local/lib/python3.12/site-packages/airflow/example_dags/example_bash_decorator.py took 0.316 seconds
[2024-10-27T14:13:10.403+0000] {processor.py:186} INFO - Started process (PID=2387) to work on /home/airflow/.local/lib/python3.12/site-packages/airflow/example_dags/example_bash_decorator.py
[2024-10-27T14:13:10.404+0000] {processor.py:914} INFO - Processing file /home/airflow/.local/lib/python3.12/site-packages/airflow/example_dags/example_bash_decorator.py for tasks to queue
[2024-10-27T14:13:10.408+0000] {logging_mixin.py:190} INFO - [2024-10-27T14:13:10.407+0000] {dagbag.py:588} INFO - Filling up the DagBag from /home/airflow/.local/lib/python3.12/site-packages/airflow/example_dags/example_bash_decorator.py
[2024-10-27T14:13:10.432+0000] {processor.py:925} INFO - DAG(s) 'example_bash_decorator' retrieved from /home/airflow/.local/lib/python3.12/site-packages/airflow/example_dags/example_bash_decorator.py
[2024-10-27T14:13:10.493+0000] {logging_mixin.py:190} INFO - [2024-10-27T14:13:10.492+0000] {dag.py:3239} INFO - Sync 1 DAGs
[2024-10-27T14:13:10.514+0000] {logging_mixin.py:190} INFO - [2024-10-27T14:13:10.513+0000] {dag.py:4180} INFO - Setting next_dagrun for example_bash_decorator to None, run_after=None
[2024-10-27T14:13:10.543+0000] {processor.py:208} INFO - Processing /home/airflow/.local/lib/python3.12/site-packages/airflow/example_dags/example_bash_decorator.py took 0.148 seconds
[2024-10-27T14:13:40.648+0000] {processor.py:186} INFO - Started process (PID=2449) to work on /home/airflow/.local/lib/python3.12/site-packages/airflow/example_dags/example_bash_decorator.py
[2024-10-27T14:13:40.650+0000] {processor.py:914} INFO - Processing file /home/airflow/.local/lib/python3.12/site-packages/airflow/example_dags/example_bash_decorator.py for tasks to queue
[2024-10-27T14:13:40.654+0000] {logging_mixin.py:190} INFO - [2024-10-27T14:13:40.654+0000] {dagbag.py:588} INFO - Filling up the DagBag from /home/airflow/.local/lib/python3.12/site-packages/airflow/example_dags/example_bash_decorator.py
[2024-10-27T14:13:40.699+0000] {processor.py:925} INFO - DAG(s) 'example_bash_decorator' retrieved from /home/airflow/.local/lib/python3.12/site-packages/airflow/example_dags/example_bash_decorator.py
[2024-10-27T14:13:40.763+0000] {logging_mixin.py:190} INFO - [2024-10-27T14:13:40.762+0000] {dag.py:3239} INFO - Sync 1 DAGs
[2024-10-27T14:13:40.787+0000] {logging_mixin.py:190} INFO - [2024-10-27T14:13:40.787+0000] {dag.py:4180} INFO - Setting next_dagrun for example_bash_decorator to None, run_after=None
[2024-10-27T14:13:41.145+0000] {processor.py:208} INFO - Processing /home/airflow/.local/lib/python3.12/site-packages/airflow/example_dags/example_bash_decorator.py took 0.507 seconds
[2024-10-27T14:14:12.002+0000] {processor.py:186} INFO - Started process (PID=2511) to work on /home/airflow/.local/lib/python3.12/site-packages/airflow/example_dags/example_bash_decorator.py
[2024-10-27T14:14:12.003+0000] {processor.py:914} INFO - Processing file /home/airflow/.local/lib/python3.12/site-packages/airflow/example_dags/example_bash_decorator.py for tasks to queue
[2024-10-27T14:14:12.007+0000] {logging_mixin.py:190} INFO - [2024-10-27T14:14:12.006+0000] {dagbag.py:588} INFO - Filling up the DagBag from /home/airflow/.local/lib/python3.12/site-packages/airflow/example_dags/example_bash_decorator.py
[2024-10-27T14:14:12.025+0000] {processor.py:925} INFO - DAG(s) 'example_bash_decorator' retrieved from /home/airflow/.local/lib/python3.12/site-packages/airflow/example_dags/example_bash_decorator.py
[2024-10-27T14:14:12.057+0000] {logging_mixin.py:190} INFO - [2024-10-27T14:14:12.056+0000] {dag.py:3239} INFO - Sync 1 DAGs
[2024-10-27T14:14:12.098+0000] {logging_mixin.py:190} INFO - [2024-10-27T14:14:12.098+0000] {dag.py:4180} INFO - Setting next_dagrun for example_bash_decorator to None, run_after=None
[2024-10-27T14:14:12.279+0000] {processor.py:208} INFO - Processing /home/airflow/.local/lib/python3.12/site-packages/airflow/example_dags/example_bash_decorator.py took 0.285 seconds
[2024-10-27T14:14:42.685+0000] {processor.py:186} INFO - Started process (PID=2579) to work on /home/airflow/.local/lib/python3.12/site-packages/airflow/example_dags/example_bash_decorator.py
[2024-10-27T14:14:42.686+0000] {processor.py:914} INFO - Processing file /home/airflow/.local/lib/python3.12/site-packages/airflow/example_dags/example_bash_decorator.py for tasks to queue
[2024-10-27T14:14:42.691+0000] {logging_mixin.py:190} INFO - [2024-10-27T14:14:42.690+0000] {dagbag.py:588} INFO - Filling up the DagBag from /home/airflow/.local/lib/python3.12/site-packages/airflow/example_dags/example_bash_decorator.py
[2024-10-27T14:14:42.709+0000] {processor.py:925} INFO - DAG(s) 'example_bash_decorator' retrieved from /home/airflow/.local/lib/python3.12/site-packages/airflow/example_dags/example_bash_decorator.py
[2024-10-27T14:14:42.739+0000] {logging_mixin.py:190} INFO - [2024-10-27T14:14:42.738+0000] {dag.py:3239} INFO - Sync 1 DAGs
[2024-10-27T14:14:42.758+0000] {logging_mixin.py:190} INFO - [2024-10-27T14:14:42.758+0000] {dag.py:4180} INFO - Setting next_dagrun for example_bash_decorator to None, run_after=None
[2024-10-27T14:14:42.864+0000] {processor.py:208} INFO - Processing /home/airflow/.local/lib/python3.12/site-packages/airflow/example_dags/example_bash_decorator.py took 0.187 seconds
[2024-10-27T14:15:13.604+0000] {processor.py:186} INFO - Started process (PID=2641) to work on /home/airflow/.local/lib/python3.12/site-packages/airflow/example_dags/example_bash_decorator.py
[2024-10-27T14:15:13.606+0000] {processor.py:914} INFO - Processing file /home/airflow/.local/lib/python3.12/site-packages/airflow/example_dags/example_bash_decorator.py for tasks to queue
[2024-10-27T14:15:13.609+0000] {logging_mixin.py:190} INFO - [2024-10-27T14:15:13.608+0000] {dagbag.py:588} INFO - Filling up the DagBag from /home/airflow/.local/lib/python3.12/site-packages/airflow/example_dags/example_bash_decorator.py
[2024-10-27T14:15:13.628+0000] {processor.py:925} INFO - DAG(s) 'example_bash_decorator' retrieved from /home/airflow/.local/lib/python3.12/site-packages/airflow/example_dags/example_bash_decorator.py
[2024-10-27T14:15:13.666+0000] {logging_mixin.py:190} INFO - [2024-10-27T14:15:13.665+0000] {dag.py:3239} INFO - Sync 1 DAGs
[2024-10-27T14:15:13.685+0000] {logging_mixin.py:190} INFO - [2024-10-27T14:15:13.685+0000] {dag.py:4180} INFO - Setting next_dagrun for example_bash_decorator to None, run_after=None
[2024-10-27T14:15:13.804+0000] {processor.py:208} INFO - Processing /home/airflow/.local/lib/python3.12/site-packages/airflow/example_dags/example_bash_decorator.py took 0.208 seconds
[2024-10-27T14:15:44.294+0000] {processor.py:186} INFO - Started process (PID=2703) to work on /home/airflow/.local/lib/python3.12/site-packages/airflow/example_dags/example_bash_decorator.py
[2024-10-27T14:15:44.295+0000] {processor.py:914} INFO - Processing file /home/airflow/.local/lib/python3.12/site-packages/airflow/example_dags/example_bash_decorator.py for tasks to queue
[2024-10-27T14:15:44.298+0000] {logging_mixin.py:190} INFO - [2024-10-27T14:15:44.298+0000] {dagbag.py:588} INFO - Filling up the DagBag from /home/airflow/.local/lib/python3.12/site-packages/airflow/example_dags/example_bash_decorator.py
[2024-10-27T14:15:44.316+0000] {processor.py:925} INFO - DAG(s) 'example_bash_decorator' retrieved from /home/airflow/.local/lib/python3.12/site-packages/airflow/example_dags/example_bash_decorator.py
[2024-10-27T14:15:44.350+0000] {logging_mixin.py:190} INFO - [2024-10-27T14:15:44.350+0000] {dag.py:3239} INFO - Sync 1 DAGs
[2024-10-27T14:15:44.368+0000] {logging_mixin.py:190} INFO - [2024-10-27T14:15:44.368+0000] {dag.py:4180} INFO - Setting next_dagrun for example_bash_decorator to None, run_after=None
[2024-10-27T14:15:44.450+0000] {processor.py:208} INFO - Processing /home/airflow/.local/lib/python3.12/site-packages/airflow/example_dags/example_bash_decorator.py took 0.166 seconds
[2024-10-27T14:16:14.602+0000] {processor.py:186} INFO - Started process (PID=2765) to work on /home/airflow/.local/lib/python3.12/site-packages/airflow/example_dags/example_bash_decorator.py
[2024-10-27T14:16:14.604+0000] {processor.py:914} INFO - Processing file /home/airflow/.local/lib/python3.12/site-packages/airflow/example_dags/example_bash_decorator.py for tasks to queue
[2024-10-27T14:16:14.607+0000] {logging_mixin.py:190} INFO - [2024-10-27T14:16:14.606+0000] {dagbag.py:588} INFO - Filling up the DagBag from /home/airflow/.local/lib/python3.12/site-packages/airflow/example_dags/example_bash_decorator.py
[2024-10-27T14:16:14.625+0000] {processor.py:925} INFO - DAG(s) 'example_bash_decorator' retrieved from /home/airflow/.local/lib/python3.12/site-packages/airflow/example_dags/example_bash_decorator.py
[2024-10-27T14:16:14.657+0000] {logging_mixin.py:190} INFO - [2024-10-27T14:16:14.656+0000] {dag.py:3239} INFO - Sync 1 DAGs
[2024-10-27T14:16:14.677+0000] {logging_mixin.py:190} INFO - [2024-10-27T14:16:14.677+0000] {dag.py:4180} INFO - Setting next_dagrun for example_bash_decorator to None, run_after=None
[2024-10-27T14:16:15.483+0000] {processor.py:208} INFO - Processing /home/airflow/.local/lib/python3.12/site-packages/airflow/example_dags/example_bash_decorator.py took 0.888 seconds
[2024-10-27T14:16:46.233+0000] {processor.py:186} INFO - Started process (PID=2827) to work on /home/airflow/.local/lib/python3.12/site-packages/airflow/example_dags/example_bash_decorator.py
[2024-10-27T14:16:46.235+0000] {processor.py:914} INFO - Processing file /home/airflow/.local/lib/python3.12/site-packages/airflow/example_dags/example_bash_decorator.py for tasks to queue
[2024-10-27T14:16:46.238+0000] {logging_mixin.py:190} INFO - [2024-10-27T14:16:46.238+0000] {dagbag.py:588} INFO - Filling up the DagBag from /home/airflow/.local/lib/python3.12/site-packages/airflow/example_dags/example_bash_decorator.py
[2024-10-27T14:16:46.260+0000] {processor.py:925} INFO - DAG(s) 'example_bash_decorator' retrieved from /home/airflow/.local/lib/python3.12/site-packages/airflow/example_dags/example_bash_decorator.py
[2024-10-27T14:16:46.300+0000] {logging_mixin.py:190} INFO - [2024-10-27T14:16:46.299+0000] {dag.py:3239} INFO - Sync 1 DAGs
[2024-10-27T14:16:46.319+0000] {logging_mixin.py:190} INFO - [2024-10-27T14:16:46.319+0000] {dag.py:4180} INFO - Setting next_dagrun for example_bash_decorator to None, run_after=None
[2024-10-27T14:16:46.349+0000] {processor.py:208} INFO - Processing /home/airflow/.local/lib/python3.12/site-packages/airflow/example_dags/example_bash_decorator.py took 0.125 seconds
[2024-10-27T14:17:16.693+0000] {processor.py:186} INFO - Started process (PID=2889) to work on /home/airflow/.local/lib/python3.12/site-packages/airflow/example_dags/example_bash_decorator.py
[2024-10-27T14:17:16.695+0000] {processor.py:914} INFO - Processing file /home/airflow/.local/lib/python3.12/site-packages/airflow/example_dags/example_bash_decorator.py for tasks to queue
[2024-10-27T14:17:16.698+0000] {logging_mixin.py:190} INFO - [2024-10-27T14:17:16.698+0000] {dagbag.py:588} INFO - Filling up the DagBag from /home/airflow/.local/lib/python3.12/site-packages/airflow/example_dags/example_bash_decorator.py
[2024-10-27T14:17:16.721+0000] {processor.py:925} INFO - DAG(s) 'example_bash_decorator' retrieved from /home/airflow/.local/lib/python3.12/site-packages/airflow/example_dags/example_bash_decorator.py
[2024-10-27T14:17:16.756+0000] {logging_mixin.py:190} INFO - [2024-10-27T14:17:16.756+0000] {dag.py:3239} INFO - Sync 1 DAGs
[2024-10-27T14:17:16.778+0000] {logging_mixin.py:190} INFO - [2024-10-27T14:17:16.778+0000] {dag.py:4180} INFO - Setting next_dagrun for example_bash_decorator to None, run_after=None
[2024-10-27T14:17:16.861+0000] {processor.py:208} INFO - Processing /home/airflow/.local/lib/python3.12/site-packages/airflow/example_dags/example_bash_decorator.py took 0.176 seconds
[2024-10-27T14:17:47.841+0000] {processor.py:186} INFO - Started process (PID=2950) to work on /home/airflow/.local/lib/python3.12/site-packages/airflow/example_dags/example_bash_decorator.py
[2024-10-27T14:17:47.852+0000] {processor.py:914} INFO - Processing file /home/airflow/.local/lib/python3.12/site-packages/airflow/example_dags/example_bash_decorator.py for tasks to queue
[2024-10-27T14:17:47.856+0000] {logging_mixin.py:190} INFO - [2024-10-27T14:17:47.855+0000] {dagbag.py:588} INFO - Filling up the DagBag from /home/airflow/.local/lib/python3.12/site-packages/airflow/example_dags/example_bash_decorator.py
[2024-10-27T14:17:47.897+0000] {processor.py:925} INFO - DAG(s) 'example_bash_decorator' retrieved from /home/airflow/.local/lib/python3.12/site-packages/airflow/example_dags/example_bash_decorator.py
[2024-10-27T14:17:47.955+0000] {logging_mixin.py:190} INFO - [2024-10-27T14:17:47.955+0000] {dag.py:3239} INFO - Sync 1 DAGs
[2024-10-27T14:17:48.012+0000] {logging_mixin.py:190} INFO - [2024-10-27T14:17:48.012+0000] {dag.py:4180} INFO - Setting next_dagrun for example_bash_decorator to None, run_after=None
[2024-10-27T14:17:48.069+0000] {processor.py:208} INFO - Processing /home/airflow/.local/lib/python3.12/site-packages/airflow/example_dags/example_bash_decorator.py took 0.256 seconds
[2024-10-27T14:18:18.244+0000] {processor.py:186} INFO - Started process (PID=3012) to work on /home/airflow/.local/lib/python3.12/site-packages/airflow/example_dags/example_bash_decorator.py
[2024-10-27T14:18:18.249+0000] {processor.py:914} INFO - Processing file /home/airflow/.local/lib/python3.12/site-packages/airflow/example_dags/example_bash_decorator.py for tasks to queue
[2024-10-27T14:18:18.253+0000] {logging_mixin.py:190} INFO - [2024-10-27T14:18:18.253+0000] {dagbag.py:588} INFO - Filling up the DagBag from /home/airflow/.local/lib/python3.12/site-packages/airflow/example_dags/example_bash_decorator.py
[2024-10-27T14:18:18.280+0000] {processor.py:925} INFO - DAG(s) 'example_bash_decorator' retrieved from /home/airflow/.local/lib/python3.12/site-packages/airflow/example_dags/example_bash_decorator.py
[2024-10-27T14:18:18.347+0000] {logging_mixin.py:190} INFO - [2024-10-27T14:18:18.346+0000] {dag.py:3239} INFO - Sync 1 DAGs
[2024-10-27T14:18:18.408+0000] {logging_mixin.py:190} INFO - [2024-10-27T14:18:18.408+0000] {dag.py:4180} INFO - Setting next_dagrun for example_bash_decorator to None, run_after=None
[2024-10-27T14:18:18.470+0000] {processor.py:208} INFO - Processing /home/airflow/.local/lib/python3.12/site-packages/airflow/example_dags/example_bash_decorator.py took 0.241 seconds
[2024-10-27T14:18:50.185+0000] {processor.py:186} INFO - Started process (PID=3075) to work on /home/airflow/.local/lib/python3.12/site-packages/airflow/example_dags/example_bash_decorator.py
[2024-10-27T14:18:50.197+0000] {processor.py:914} INFO - Processing file /home/airflow/.local/lib/python3.12/site-packages/airflow/example_dags/example_bash_decorator.py for tasks to queue
[2024-10-27T14:18:50.220+0000] {logging_mixin.py:190} INFO - [2024-10-27T14:18:50.219+0000] {dagbag.py:588} INFO - Filling up the DagBag from /home/airflow/.local/lib/python3.12/site-packages/airflow/example_dags/example_bash_decorator.py
[2024-10-27T14:18:50.307+0000] {processor.py:925} INFO - DAG(s) 'example_bash_decorator' retrieved from /home/airflow/.local/lib/python3.12/site-packages/airflow/example_dags/example_bash_decorator.py
[2024-10-27T14:18:50.472+0000] {logging_mixin.py:190} INFO - [2024-10-27T14:18:50.472+0000] {dag.py:3239} INFO - Sync 1 DAGs
[2024-10-27T14:18:50.589+0000] {logging_mixin.py:190} INFO - [2024-10-27T14:18:50.589+0000] {dag.py:4180} INFO - Setting next_dagrun for example_bash_decorator to None, run_after=None
[2024-10-27T14:18:51.120+0000] {processor.py:208} INFO - Processing /home/airflow/.local/lib/python3.12/site-packages/airflow/example_dags/example_bash_decorator.py took 0.970 seconds
[2024-10-27T14:19:21.437+0000] {processor.py:186} INFO - Started process (PID=3138) to work on /home/airflow/.local/lib/python3.12/site-packages/airflow/example_dags/example_bash_decorator.py
[2024-10-27T14:19:21.446+0000] {processor.py:914} INFO - Processing file /home/airflow/.local/lib/python3.12/site-packages/airflow/example_dags/example_bash_decorator.py for tasks to queue
[2024-10-27T14:19:21.451+0000] {logging_mixin.py:190} INFO - [2024-10-27T14:19:21.451+0000] {dagbag.py:588} INFO - Filling up the DagBag from /home/airflow/.local/lib/python3.12/site-packages/airflow/example_dags/example_bash_decorator.py
[2024-10-27T14:19:21.492+0000] {processor.py:925} INFO - DAG(s) 'example_bash_decorator' retrieved from /home/airflow/.local/lib/python3.12/site-packages/airflow/example_dags/example_bash_decorator.py
[2024-10-27T14:19:21.541+0000] {logging_mixin.py:190} INFO - [2024-10-27T14:19:21.540+0000] {dag.py:3239} INFO - Sync 1 DAGs
[2024-10-27T14:19:21.565+0000] {logging_mixin.py:190} INFO - [2024-10-27T14:19:21.565+0000] {dag.py:4180} INFO - Setting next_dagrun for example_bash_decorator to None, run_after=None
[2024-10-27T14:19:21.639+0000] {processor.py:208} INFO - Processing /home/airflow/.local/lib/python3.12/site-packages/airflow/example_dags/example_bash_decorator.py took 0.211 seconds
[2024-10-27T14:19:52.403+0000] {processor.py:186} INFO - Started process (PID=3199) to work on /home/airflow/.local/lib/python3.12/site-packages/airflow/example_dags/example_bash_decorator.py
[2024-10-27T14:19:52.405+0000] {processor.py:914} INFO - Processing file /home/airflow/.local/lib/python3.12/site-packages/airflow/example_dags/example_bash_decorator.py for tasks to queue
[2024-10-27T14:19:52.409+0000] {logging_mixin.py:190} INFO - [2024-10-27T14:19:52.408+0000] {dagbag.py:588} INFO - Filling up the DagBag from /home/airflow/.local/lib/python3.12/site-packages/airflow/example_dags/example_bash_decorator.py
[2024-10-27T14:19:52.452+0000] {processor.py:925} INFO - DAG(s) 'example_bash_decorator' retrieved from /home/airflow/.local/lib/python3.12/site-packages/airflow/example_dags/example_bash_decorator.py
[2024-10-27T14:19:52.574+0000] {logging_mixin.py:190} INFO - [2024-10-27T14:19:52.573+0000] {dag.py:3239} INFO - Sync 1 DAGs
[2024-10-27T14:19:52.654+0000] {logging_mixin.py:190} INFO - [2024-10-27T14:19:52.653+0000] {dag.py:4180} INFO - Setting next_dagrun for example_bash_decorator to None, run_after=None
[2024-10-27T14:19:52.788+0000] {processor.py:208} INFO - Processing /home/airflow/.local/lib/python3.12/site-packages/airflow/example_dags/example_bash_decorator.py took 0.401 seconds
[2024-10-27T14:20:27.015+0000] {processor.py:186} INFO - Started process (PID=3266) to work on /home/airflow/.local/lib/python3.12/site-packages/airflow/example_dags/example_bash_decorator.py
[2024-10-27T14:20:27.020+0000] {processor.py:914} INFO - Processing file /home/airflow/.local/lib/python3.12/site-packages/airflow/example_dags/example_bash_decorator.py for tasks to queue
[2024-10-27T14:20:27.033+0000] {logging_mixin.py:190} INFO - [2024-10-27T14:20:27.032+0000] {dagbag.py:588} INFO - Filling up the DagBag from /home/airflow/.local/lib/python3.12/site-packages/airflow/example_dags/example_bash_decorator.py
[2024-10-27T14:20:27.085+0000] {processor.py:925} INFO - DAG(s) 'example_bash_decorator' retrieved from /home/airflow/.local/lib/python3.12/site-packages/airflow/example_dags/example_bash_decorator.py
[2024-10-27T14:20:27.221+0000] {logging_mixin.py:190} INFO - [2024-10-27T14:20:27.220+0000] {dag.py:3239} INFO - Sync 1 DAGs
[2024-10-27T14:20:27.322+0000] {logging_mixin.py:190} INFO - [2024-10-27T14:20:27.321+0000] {dag.py:4180} INFO - Setting next_dagrun for example_bash_decorator to None, run_after=None
[2024-10-27T14:20:27.489+0000] {processor.py:208} INFO - Processing /home/airflow/.local/lib/python3.12/site-packages/airflow/example_dags/example_bash_decorator.py took 0.498 seconds
[2024-10-27T14:21:09.003+0000] {processor.py:186} INFO - Started process (PID=3330) to work on /home/airflow/.local/lib/python3.12/site-packages/airflow/example_dags/example_bash_decorator.py
[2024-10-27T14:21:09.037+0000] {processor.py:914} INFO - Processing file /home/airflow/.local/lib/python3.12/site-packages/airflow/example_dags/example_bash_decorator.py for tasks to queue
[2024-10-27T14:21:09.042+0000] {logging_mixin.py:190} INFO - [2024-10-27T14:21:09.041+0000] {dagbag.py:588} INFO - Filling up the DagBag from /home/airflow/.local/lib/python3.12/site-packages/airflow/example_dags/example_bash_decorator.py
[2024-10-27T14:21:09.177+0000] {processor.py:925} INFO - DAG(s) 'example_bash_decorator' retrieved from /home/airflow/.local/lib/python3.12/site-packages/airflow/example_dags/example_bash_decorator.py
[2024-10-27T14:21:09.304+0000] {logging_mixin.py:190} INFO - [2024-10-27T14:21:09.303+0000] {dag.py:3239} INFO - Sync 1 DAGs
[2024-10-27T14:21:09.545+0000] {logging_mixin.py:190} INFO - [2024-10-27T14:21:09.545+0000] {dag.py:4180} INFO - Setting next_dagrun for example_bash_decorator to None, run_after=None
[2024-10-27T14:21:09.707+0000] {processor.py:208} INFO - Processing /home/airflow/.local/lib/python3.12/site-packages/airflow/example_dags/example_bash_decorator.py took 0.744 seconds
[2024-10-27T14:21:40.144+0000] {processor.py:186} INFO - Started process (PID=3391) to work on /home/airflow/.local/lib/python3.12/site-packages/airflow/example_dags/example_bash_decorator.py
[2024-10-27T14:21:40.166+0000] {processor.py:914} INFO - Processing file /home/airflow/.local/lib/python3.12/site-packages/airflow/example_dags/example_bash_decorator.py for tasks to queue
[2024-10-27T14:21:40.175+0000] {logging_mixin.py:190} INFO - [2024-10-27T14:21:40.174+0000] {dagbag.py:588} INFO - Filling up the DagBag from /home/airflow/.local/lib/python3.12/site-packages/airflow/example_dags/example_bash_decorator.py
[2024-10-27T14:21:40.278+0000] {processor.py:925} INFO - DAG(s) 'example_bash_decorator' retrieved from /home/airflow/.local/lib/python3.12/site-packages/airflow/example_dags/example_bash_decorator.py
[2024-10-27T14:21:40.434+0000] {logging_mixin.py:190} INFO - [2024-10-27T14:21:40.433+0000] {dag.py:3239} INFO - Sync 1 DAGs
[2024-10-27T14:21:40.518+0000] {logging_mixin.py:190} INFO - [2024-10-27T14:21:40.518+0000] {dag.py:4180} INFO - Setting next_dagrun for example_bash_decorator to None, run_after=None
[2024-10-27T14:21:40.618+0000] {processor.py:208} INFO - Processing /home/airflow/.local/lib/python3.12/site-packages/airflow/example_dags/example_bash_decorator.py took 0.501 seconds
[2024-10-27T14:22:10.978+0000] {processor.py:186} INFO - Started process (PID=3452) to work on /home/airflow/.local/lib/python3.12/site-packages/airflow/example_dags/example_bash_decorator.py
[2024-10-27T14:22:10.985+0000] {processor.py:914} INFO - Processing file /home/airflow/.local/lib/python3.12/site-packages/airflow/example_dags/example_bash_decorator.py for tasks to queue
[2024-10-27T14:22:10.990+0000] {logging_mixin.py:190} INFO - [2024-10-27T14:22:10.989+0000] {dagbag.py:588} INFO - Filling up the DagBag from /home/airflow/.local/lib/python3.12/site-packages/airflow/example_dags/example_bash_decorator.py
[2024-10-27T14:22:11.072+0000] {processor.py:925} INFO - DAG(s) 'example_bash_decorator' retrieved from /home/airflow/.local/lib/python3.12/site-packages/airflow/example_dags/example_bash_decorator.py
[2024-10-27T14:22:11.190+0000] {logging_mixin.py:190} INFO - [2024-10-27T14:22:11.190+0000] {dag.py:3239} INFO - Sync 1 DAGs
[2024-10-27T14:22:11.231+0000] {logging_mixin.py:190} INFO - [2024-10-27T14:22:11.230+0000] {dag.py:4180} INFO - Setting next_dagrun for example_bash_decorator to None, run_after=None
[2024-10-27T14:22:12.020+0000] {processor.py:208} INFO - Processing /home/airflow/.local/lib/python3.12/site-packages/airflow/example_dags/example_bash_decorator.py took 1.055 seconds
[2024-10-27T14:22:42.103+0000] {processor.py:186} INFO - Started process (PID=3514) to work on /home/airflow/.local/lib/python3.12/site-packages/airflow/example_dags/example_bash_decorator.py
[2024-10-27T14:22:42.109+0000] {processor.py:914} INFO - Processing file /home/airflow/.local/lib/python3.12/site-packages/airflow/example_dags/example_bash_decorator.py for tasks to queue
[2024-10-27T14:22:42.115+0000] {logging_mixin.py:190} INFO - [2024-10-27T14:22:42.114+0000] {dagbag.py:588} INFO - Filling up the DagBag from /home/airflow/.local/lib/python3.12/site-packages/airflow/example_dags/example_bash_decorator.py
[2024-10-27T14:22:42.157+0000] {processor.py:925} INFO - DAG(s) 'example_bash_decorator' retrieved from /home/airflow/.local/lib/python3.12/site-packages/airflow/example_dags/example_bash_decorator.py
[2024-10-27T14:22:42.211+0000] {logging_mixin.py:190} INFO - [2024-10-27T14:22:42.211+0000] {dag.py:3239} INFO - Sync 1 DAGs
[2024-10-27T14:22:42.239+0000] {logging_mixin.py:190} INFO - [2024-10-27T14:22:42.238+0000] {dag.py:4180} INFO - Setting next_dagrun for example_bash_decorator to None, run_after=None
[2024-10-27T14:22:42.627+0000] {processor.py:208} INFO - Processing /home/airflow/.local/lib/python3.12/site-packages/airflow/example_dags/example_bash_decorator.py took 0.535 seconds
[2024-10-27T14:23:13.947+0000] {processor.py:186} INFO - Started process (PID=3574) to work on /home/airflow/.local/lib/python3.12/site-packages/airflow/example_dags/example_bash_decorator.py
[2024-10-27T14:23:13.948+0000] {processor.py:914} INFO - Processing file /home/airflow/.local/lib/python3.12/site-packages/airflow/example_dags/example_bash_decorator.py for tasks to queue
[2024-10-27T14:23:13.952+0000] {logging_mixin.py:190} INFO - [2024-10-27T14:23:13.952+0000] {dagbag.py:588} INFO - Filling up the DagBag from /home/airflow/.local/lib/python3.12/site-packages/airflow/example_dags/example_bash_decorator.py
[2024-10-27T14:23:13.988+0000] {processor.py:925} INFO - DAG(s) 'example_bash_decorator' retrieved from /home/airflow/.local/lib/python3.12/site-packages/airflow/example_dags/example_bash_decorator.py
[2024-10-27T14:23:14.082+0000] {logging_mixin.py:190} INFO - [2024-10-27T14:23:14.077+0000] {dag.py:3239} INFO - Sync 1 DAGs
[2024-10-27T14:23:14.154+0000] {logging_mixin.py:190} INFO - [2024-10-27T14:23:14.154+0000] {dag.py:4180} INFO - Setting next_dagrun for example_bash_decorator to None, run_after=None
[2024-10-27T14:23:14.848+0000] {processor.py:208} INFO - Processing /home/airflow/.local/lib/python3.12/site-packages/airflow/example_dags/example_bash_decorator.py took 0.915 seconds
[2024-10-27T14:23:45.487+0000] {processor.py:186} INFO - Started process (PID=3641) to work on /home/airflow/.local/lib/python3.12/site-packages/airflow/example_dags/example_bash_decorator.py
[2024-10-27T14:23:45.507+0000] {processor.py:914} INFO - Processing file /home/airflow/.local/lib/python3.12/site-packages/airflow/example_dags/example_bash_decorator.py for tasks to queue
[2024-10-27T14:23:45.513+0000] {logging_mixin.py:190} INFO - [2024-10-27T14:23:45.513+0000] {dagbag.py:588} INFO - Filling up the DagBag from /home/airflow/.local/lib/python3.12/site-packages/airflow/example_dags/example_bash_decorator.py
[2024-10-27T14:23:45.605+0000] {processor.py:925} INFO - DAG(s) 'example_bash_decorator' retrieved from /home/airflow/.local/lib/python3.12/site-packages/airflow/example_dags/example_bash_decorator.py
[2024-10-27T14:23:45.818+0000] {logging_mixin.py:190} INFO - [2024-10-27T14:23:45.818+0000] {dag.py:3239} INFO - Sync 1 DAGs
[2024-10-27T14:23:46.016+0000] {logging_mixin.py:190} INFO - [2024-10-27T14:23:46.016+0000] {dag.py:4180} INFO - Setting next_dagrun for example_bash_decorator to None, run_after=None
[2024-10-27T14:23:46.899+0000] {processor.py:208} INFO - Processing /home/airflow/.local/lib/python3.12/site-packages/airflow/example_dags/example_bash_decorator.py took 1.447 seconds
[2024-10-27T14:24:19.725+0000] {processor.py:186} INFO - Started process (PID=3702) to work on /home/airflow/.local/lib/python3.12/site-packages/airflow/example_dags/example_bash_decorator.py
[2024-10-27T14:24:19.729+0000] {processor.py:914} INFO - Processing file /home/airflow/.local/lib/python3.12/site-packages/airflow/example_dags/example_bash_decorator.py for tasks to queue
[2024-10-27T14:24:19.733+0000] {logging_mixin.py:190} INFO - [2024-10-27T14:24:19.733+0000] {dagbag.py:588} INFO - Filling up the DagBag from /home/airflow/.local/lib/python3.12/site-packages/airflow/example_dags/example_bash_decorator.py
[2024-10-27T14:24:19.791+0000] {processor.py:925} INFO - DAG(s) 'example_bash_decorator' retrieved from /home/airflow/.local/lib/python3.12/site-packages/airflow/example_dags/example_bash_decorator.py
[2024-10-27T14:24:20.222+0000] {logging_mixin.py:190} INFO - [2024-10-27T14:24:20.221+0000] {dag.py:3239} INFO - Sync 1 DAGs
[2024-10-27T14:24:20.252+0000] {logging_mixin.py:190} INFO - [2024-10-27T14:24:20.252+0000] {dag.py:4180} INFO - Setting next_dagrun for example_bash_decorator to None, run_after=None
[2024-10-27T14:24:20.299+0000] {processor.py:208} INFO - Processing /home/airflow/.local/lib/python3.12/site-packages/airflow/example_dags/example_bash_decorator.py took 0.587 seconds
[2024-10-27T14:24:50.789+0000] {processor.py:186} INFO - Started process (PID=3762) to work on /home/airflow/.local/lib/python3.12/site-packages/airflow/example_dags/example_bash_decorator.py
[2024-10-27T14:24:50.795+0000] {processor.py:914} INFO - Processing file /home/airflow/.local/lib/python3.12/site-packages/airflow/example_dags/example_bash_decorator.py for tasks to queue
[2024-10-27T14:24:50.800+0000] {logging_mixin.py:190} INFO - [2024-10-27T14:24:50.799+0000] {dagbag.py:588} INFO - Filling up the DagBag from /home/airflow/.local/lib/python3.12/site-packages/airflow/example_dags/example_bash_decorator.py
[2024-10-27T14:24:50.835+0000] {processor.py:925} INFO - DAG(s) 'example_bash_decorator' retrieved from /home/airflow/.local/lib/python3.12/site-packages/airflow/example_dags/example_bash_decorator.py
[2024-10-27T14:24:50.886+0000] {logging_mixin.py:190} INFO - [2024-10-27T14:24:50.886+0000] {dag.py:3239} INFO - Sync 1 DAGs
[2024-10-27T14:24:50.920+0000] {logging_mixin.py:190} INFO - [2024-10-27T14:24:50.919+0000] {dag.py:4180} INFO - Setting next_dagrun for example_bash_decorator to None, run_after=None
[2024-10-27T14:24:51.185+0000] {processor.py:208} INFO - Processing /home/airflow/.local/lib/python3.12/site-packages/airflow/example_dags/example_bash_decorator.py took 0.413 seconds
[2024-10-27T14:25:21.399+0000] {processor.py:186} INFO - Started process (PID=3825) to work on /home/airflow/.local/lib/python3.12/site-packages/airflow/example_dags/example_bash_decorator.py
[2024-10-27T14:25:21.414+0000] {processor.py:914} INFO - Processing file /home/airflow/.local/lib/python3.12/site-packages/airflow/example_dags/example_bash_decorator.py for tasks to queue
[2024-10-27T14:25:21.434+0000] {logging_mixin.py:190} INFO - [2024-10-27T14:25:21.432+0000] {dagbag.py:588} INFO - Filling up the DagBag from /home/airflow/.local/lib/python3.12/site-packages/airflow/example_dags/example_bash_decorator.py
[2024-10-27T14:25:21.474+0000] {processor.py:925} INFO - DAG(s) 'example_bash_decorator' retrieved from /home/airflow/.local/lib/python3.12/site-packages/airflow/example_dags/example_bash_decorator.py
[2024-10-27T14:25:21.534+0000] {logging_mixin.py:190} INFO - [2024-10-27T14:25:21.534+0000] {dag.py:3239} INFO - Sync 1 DAGs
[2024-10-27T14:25:21.559+0000] {logging_mixin.py:190} INFO - [2024-10-27T14:25:21.558+0000] {dag.py:4180} INFO - Setting next_dagrun for example_bash_decorator to None, run_after=None
[2024-10-27T14:25:21.903+0000] {processor.py:208} INFO - Processing /home/airflow/.local/lib/python3.12/site-packages/airflow/example_dags/example_bash_decorator.py took 0.524 seconds
[2024-10-27T14:25:52.926+0000] {processor.py:186} INFO - Started process (PID=3887) to work on /home/airflow/.local/lib/python3.12/site-packages/airflow/example_dags/example_bash_decorator.py
[2024-10-27T14:25:52.928+0000] {processor.py:914} INFO - Processing file /home/airflow/.local/lib/python3.12/site-packages/airflow/example_dags/example_bash_decorator.py for tasks to queue
[2024-10-27T14:25:52.931+0000] {logging_mixin.py:190} INFO - [2024-10-27T14:25:52.931+0000] {dagbag.py:588} INFO - Filling up the DagBag from /home/airflow/.local/lib/python3.12/site-packages/airflow/example_dags/example_bash_decorator.py
[2024-10-27T14:25:52.961+0000] {processor.py:925} INFO - DAG(s) 'example_bash_decorator' retrieved from /home/airflow/.local/lib/python3.12/site-packages/airflow/example_dags/example_bash_decorator.py
[2024-10-27T14:25:53.005+0000] {logging_mixin.py:190} INFO - [2024-10-27T14:25:53.005+0000] {dag.py:3239} INFO - Sync 1 DAGs
[2024-10-27T14:25:53.032+0000] {logging_mixin.py:190} INFO - [2024-10-27T14:25:53.031+0000] {dag.py:4180} INFO - Setting next_dagrun for example_bash_decorator to None, run_after=None
[2024-10-27T14:25:53.132+0000] {processor.py:208} INFO - Processing /home/airflow/.local/lib/python3.12/site-packages/airflow/example_dags/example_bash_decorator.py took 0.217 seconds
[2024-10-27T14:26:23.424+0000] {processor.py:186} INFO - Started process (PID=3949) to work on /home/airflow/.local/lib/python3.12/site-packages/airflow/example_dags/example_bash_decorator.py
[2024-10-27T14:26:23.425+0000] {processor.py:914} INFO - Processing file /home/airflow/.local/lib/python3.12/site-packages/airflow/example_dags/example_bash_decorator.py for tasks to queue
[2024-10-27T14:26:23.429+0000] {logging_mixin.py:190} INFO - [2024-10-27T14:26:23.429+0000] {dagbag.py:588} INFO - Filling up the DagBag from /home/airflow/.local/lib/python3.12/site-packages/airflow/example_dags/example_bash_decorator.py
[2024-10-27T14:26:23.451+0000] {processor.py:925} INFO - DAG(s) 'example_bash_decorator' retrieved from /home/airflow/.local/lib/python3.12/site-packages/airflow/example_dags/example_bash_decorator.py
[2024-10-27T14:26:23.488+0000] {logging_mixin.py:190} INFO - [2024-10-27T14:26:23.487+0000] {dag.py:3239} INFO - Sync 1 DAGs
[2024-10-27T14:26:23.508+0000] {logging_mixin.py:190} INFO - [2024-10-27T14:26:23.508+0000] {dag.py:4180} INFO - Setting next_dagrun for example_bash_decorator to None, run_after=None
[2024-10-27T14:26:23.580+0000] {processor.py:208} INFO - Processing /home/airflow/.local/lib/python3.12/site-packages/airflow/example_dags/example_bash_decorator.py took 0.165 seconds
[2024-10-27T14:50:09.661+0000] {processor.py:186} INFO - Started process (PID=81) to work on /home/airflow/.local/lib/python3.12/site-packages/airflow/example_dags/example_bash_decorator.py
[2024-10-27T14:50:09.674+0000] {processor.py:914} INFO - Processing file /home/airflow/.local/lib/python3.12/site-packages/airflow/example_dags/example_bash_decorator.py for tasks to queue
[2024-10-27T14:50:09.678+0000] {logging_mixin.py:190} INFO - [2024-10-27T14:50:09.678+0000] {dagbag.py:588} INFO - Filling up the DagBag from /home/airflow/.local/lib/python3.12/site-packages/airflow/example_dags/example_bash_decorator.py
[2024-10-27T14:50:09.719+0000] {processor.py:925} INFO - DAG(s) 'example_bash_decorator' retrieved from /home/airflow/.local/lib/python3.12/site-packages/airflow/example_dags/example_bash_decorator.py
[2024-10-27T14:50:09.939+0000] {logging_mixin.py:190} INFO - [2024-10-27T14:50:09.939+0000] {dag.py:3239} INFO - Sync 1 DAGs
[2024-10-27T14:50:09.967+0000] {logging_mixin.py:190} INFO - [2024-10-27T14:50:09.966+0000] {dag.py:4180} INFO - Setting next_dagrun for example_bash_decorator to None, run_after=None
[2024-10-27T14:50:10.075+0000] {processor.py:208} INFO - Processing /home/airflow/.local/lib/python3.12/site-packages/airflow/example_dags/example_bash_decorator.py took 0.423 seconds
[2024-10-27T14:50:49.188+0000] {processor.py:186} INFO - Started process (PID=143) to work on /home/airflow/.local/lib/python3.12/site-packages/airflow/example_dags/example_bash_decorator.py
[2024-10-27T14:50:49.233+0000] {processor.py:914} INFO - Processing file /home/airflow/.local/lib/python3.12/site-packages/airflow/example_dags/example_bash_decorator.py for tasks to queue
[2024-10-27T14:50:49.257+0000] {logging_mixin.py:190} INFO - [2024-10-27T14:50:49.256+0000] {dagbag.py:588} INFO - Filling up the DagBag from /home/airflow/.local/lib/python3.12/site-packages/airflow/example_dags/example_bash_decorator.py
[2024-10-27T14:50:49.575+0000] {processor.py:925} INFO - DAG(s) 'example_bash_decorator' retrieved from /home/airflow/.local/lib/python3.12/site-packages/airflow/example_dags/example_bash_decorator.py
[2024-10-27T14:50:49.850+0000] {logging_mixin.py:190} INFO - [2024-10-27T14:50:49.850+0000] {dag.py:3239} INFO - Sync 1 DAGs
[2024-10-27T14:50:50.044+0000] {logging_mixin.py:190} INFO - [2024-10-27T14:50:50.044+0000] {dag.py:4180} INFO - Setting next_dagrun for example_bash_decorator to None, run_after=None
[2024-10-27T14:50:50.185+0000] {processor.py:208} INFO - Processing /home/airflow/.local/lib/python3.12/site-packages/airflow/example_dags/example_bash_decorator.py took 1.025 seconds
[2024-10-27T14:51:20.379+0000] {processor.py:186} INFO - Started process (PID=206) to work on /home/airflow/.local/lib/python3.12/site-packages/airflow/example_dags/example_bash_decorator.py
[2024-10-27T14:51:20.381+0000] {processor.py:914} INFO - Processing file /home/airflow/.local/lib/python3.12/site-packages/airflow/example_dags/example_bash_decorator.py for tasks to queue
[2024-10-27T14:51:20.388+0000] {logging_mixin.py:190} INFO - [2024-10-27T14:51:20.387+0000] {dagbag.py:588} INFO - Filling up the DagBag from /home/airflow/.local/lib/python3.12/site-packages/airflow/example_dags/example_bash_decorator.py
[2024-10-27T14:51:20.449+0000] {processor.py:925} INFO - DAG(s) 'example_bash_decorator' retrieved from /home/airflow/.local/lib/python3.12/site-packages/airflow/example_dags/example_bash_decorator.py
[2024-10-27T14:51:20.510+0000] {logging_mixin.py:190} INFO - [2024-10-27T14:51:20.509+0000] {dag.py:3239} INFO - Sync 1 DAGs
[2024-10-27T14:51:20.573+0000] {logging_mixin.py:190} INFO - [2024-10-27T14:51:20.573+0000] {dag.py:4180} INFO - Setting next_dagrun for example_bash_decorator to None, run_after=None
[2024-10-27T14:51:20.633+0000] {processor.py:208} INFO - Processing /home/airflow/.local/lib/python3.12/site-packages/airflow/example_dags/example_bash_decorator.py took 0.269 seconds
[2024-10-27T14:51:50.927+0000] {processor.py:186} INFO - Started process (PID=268) to work on /home/airflow/.local/lib/python3.12/site-packages/airflow/example_dags/example_bash_decorator.py
[2024-10-27T14:51:50.928+0000] {processor.py:914} INFO - Processing file /home/airflow/.local/lib/python3.12/site-packages/airflow/example_dags/example_bash_decorator.py for tasks to queue
[2024-10-27T14:51:50.932+0000] {logging_mixin.py:190} INFO - [2024-10-27T14:51:50.931+0000] {dagbag.py:588} INFO - Filling up the DagBag from /home/airflow/.local/lib/python3.12/site-packages/airflow/example_dags/example_bash_decorator.py
[2024-10-27T14:51:50.955+0000] {processor.py:925} INFO - DAG(s) 'example_bash_decorator' retrieved from /home/airflow/.local/lib/python3.12/site-packages/airflow/example_dags/example_bash_decorator.py
[2024-10-27T14:51:50.991+0000] {logging_mixin.py:190} INFO - [2024-10-27T14:51:50.990+0000] {dag.py:3239} INFO - Sync 1 DAGs
[2024-10-27T14:51:51.067+0000] {logging_mixin.py:190} INFO - [2024-10-27T14:51:51.067+0000] {dag.py:4180} INFO - Setting next_dagrun for example_bash_decorator to None, run_after=None
[2024-10-27T14:51:51.159+0000] {processor.py:208} INFO - Processing /home/airflow/.local/lib/python3.12/site-packages/airflow/example_dags/example_bash_decorator.py took 0.241 seconds
[2024-10-27T14:52:21.488+0000] {processor.py:186} INFO - Started process (PID=330) to work on /home/airflow/.local/lib/python3.12/site-packages/airflow/example_dags/example_bash_decorator.py
[2024-10-27T14:52:21.490+0000] {processor.py:914} INFO - Processing file /home/airflow/.local/lib/python3.12/site-packages/airflow/example_dags/example_bash_decorator.py for tasks to queue
[2024-10-27T14:52:21.493+0000] {logging_mixin.py:190} INFO - [2024-10-27T14:52:21.493+0000] {dagbag.py:588} INFO - Filling up the DagBag from /home/airflow/.local/lib/python3.12/site-packages/airflow/example_dags/example_bash_decorator.py
[2024-10-27T14:52:21.514+0000] {processor.py:925} INFO - DAG(s) 'example_bash_decorator' retrieved from /home/airflow/.local/lib/python3.12/site-packages/airflow/example_dags/example_bash_decorator.py
[2024-10-27T14:52:21.555+0000] {logging_mixin.py:190} INFO - [2024-10-27T14:52:21.554+0000] {dag.py:3239} INFO - Sync 1 DAGs
[2024-10-27T14:52:21.580+0000] {logging_mixin.py:190} INFO - [2024-10-27T14:52:21.580+0000] {dag.py:4180} INFO - Setting next_dagrun for example_bash_decorator to None, run_after=None
[2024-10-27T14:52:21.616+0000] {processor.py:208} INFO - Processing /home/airflow/.local/lib/python3.12/site-packages/airflow/example_dags/example_bash_decorator.py took 0.136 seconds
[2024-10-27T14:52:52.218+0000] {processor.py:186} INFO - Started process (PID=392) to work on /home/airflow/.local/lib/python3.12/site-packages/airflow/example_dags/example_bash_decorator.py
[2024-10-27T14:52:52.222+0000] {processor.py:914} INFO - Processing file /home/airflow/.local/lib/python3.12/site-packages/airflow/example_dags/example_bash_decorator.py for tasks to queue
[2024-10-27T14:52:52.227+0000] {logging_mixin.py:190} INFO - [2024-10-27T14:52:52.227+0000] {dagbag.py:588} INFO - Filling up the DagBag from /home/airflow/.local/lib/python3.12/site-packages/airflow/example_dags/example_bash_decorator.py
[2024-10-27T14:52:52.268+0000] {processor.py:925} INFO - DAG(s) 'example_bash_decorator' retrieved from /home/airflow/.local/lib/python3.12/site-packages/airflow/example_dags/example_bash_decorator.py
[2024-10-27T14:52:52.300+0000] {logging_mixin.py:190} INFO - [2024-10-27T14:52:52.300+0000] {dag.py:3239} INFO - Sync 1 DAGs
[2024-10-27T14:52:52.321+0000] {logging_mixin.py:190} INFO - [2024-10-27T14:52:52.320+0000] {dag.py:4180} INFO - Setting next_dagrun for example_bash_decorator to None, run_after=None
[2024-10-27T14:52:52.364+0000] {processor.py:208} INFO - Processing /home/airflow/.local/lib/python3.12/site-packages/airflow/example_dags/example_bash_decorator.py took 0.160 seconds
[2024-10-27T14:53:22.587+0000] {processor.py:186} INFO - Started process (PID=453) to work on /home/airflow/.local/lib/python3.12/site-packages/airflow/example_dags/example_bash_decorator.py
[2024-10-27T14:53:22.589+0000] {processor.py:914} INFO - Processing file /home/airflow/.local/lib/python3.12/site-packages/airflow/example_dags/example_bash_decorator.py for tasks to queue
[2024-10-27T14:53:22.592+0000] {logging_mixin.py:190} INFO - [2024-10-27T14:53:22.592+0000] {dagbag.py:588} INFO - Filling up the DagBag from /home/airflow/.local/lib/python3.12/site-packages/airflow/example_dags/example_bash_decorator.py
[2024-10-27T14:53:22.617+0000] {processor.py:925} INFO - DAG(s) 'example_bash_decorator' retrieved from /home/airflow/.local/lib/python3.12/site-packages/airflow/example_dags/example_bash_decorator.py
[2024-10-27T14:53:22.661+0000] {logging_mixin.py:190} INFO - [2024-10-27T14:53:22.660+0000] {dag.py:3239} INFO - Sync 1 DAGs
[2024-10-27T14:53:22.683+0000] {logging_mixin.py:190} INFO - [2024-10-27T14:53:22.683+0000] {dag.py:4180} INFO - Setting next_dagrun for example_bash_decorator to None, run_after=None
[2024-10-27T14:53:22.729+0000] {processor.py:208} INFO - Processing /home/airflow/.local/lib/python3.12/site-packages/airflow/example_dags/example_bash_decorator.py took 0.152 seconds
