[2024-10-27T13:42:58.676+0000] {processor.py:186} INFO - Started process (PID=55) to work on /home/airflow/.local/lib/python3.12/site-packages/airflow/example_dags/example_complex.py
[2024-10-27T13:42:58.678+0000] {processor.py:914} INFO - Processing file /home/airflow/.local/lib/python3.12/site-packages/airflow/example_dags/example_complex.py for tasks to queue
[2024-10-27T13:42:58.686+0000] {logging_mixin.py:190} INFO - [2024-10-27T13:42:58.685+0000] {dagbag.py:588} INFO - Filling up the DagBag from /home/airflow/.local/lib/python3.12/site-packages/airflow/example_dags/example_complex.py
[2024-10-27T13:42:58.722+0000] {processor.py:925} INFO - DAG(s) 'example_complex' retrieved from /home/airflow/.local/lib/python3.12/site-packages/airflow/example_dags/example_complex.py
[2024-10-27T13:42:59.138+0000] {logging_mixin.py:190} INFO - [2024-10-27T13:42:59.138+0000] {dag.py:3239} INFO - Sync 1 DAGs
[2024-10-27T13:42:59.170+0000] {logging_mixin.py:190} INFO - [2024-10-27T13:42:59.170+0000] {dag.py:4180} INFO - Setting next_dagrun for example_complex to None, run_after=None
[2024-10-27T13:42:59.219+0000] {processor.py:208} INFO - Processing /home/airflow/.local/lib/python3.12/site-packages/airflow/example_dags/example_complex.py took 0.554 seconds
[2024-10-27T13:43:29.929+0000] {processor.py:186} INFO - Started process (PID=117) to work on /home/airflow/.local/lib/python3.12/site-packages/airflow/example_dags/example_complex.py
[2024-10-27T13:43:29.931+0000] {processor.py:914} INFO - Processing file /home/airflow/.local/lib/python3.12/site-packages/airflow/example_dags/example_complex.py for tasks to queue
[2024-10-27T13:43:29.937+0000] {logging_mixin.py:190} INFO - [2024-10-27T13:43:29.937+0000] {dagbag.py:588} INFO - Filling up the DagBag from /home/airflow/.local/lib/python3.12/site-packages/airflow/example_dags/example_complex.py
[2024-10-27T13:43:29.981+0000] {processor.py:925} INFO - DAG(s) 'example_complex' retrieved from /home/airflow/.local/lib/python3.12/site-packages/airflow/example_dags/example_complex.py
[2024-10-27T13:43:30.115+0000] {logging_mixin.py:190} INFO - [2024-10-27T13:43:30.114+0000] {dag.py:3239} INFO - Sync 1 DAGs
[2024-10-27T13:43:30.167+0000] {logging_mixin.py:190} INFO - [2024-10-27T13:43:30.167+0000] {dag.py:4180} INFO - Setting next_dagrun for example_complex to None, run_after=None
[2024-10-27T13:43:30.249+0000] {processor.py:208} INFO - Processing /home/airflow/.local/lib/python3.12/site-packages/airflow/example_dags/example_complex.py took 0.332 seconds
[2024-10-27T13:44:01.829+0000] {processor.py:186} INFO - Started process (PID=178) to work on /home/airflow/.local/lib/python3.12/site-packages/airflow/example_dags/example_complex.py
[2024-10-27T13:44:01.853+0000] {processor.py:914} INFO - Processing file /home/airflow/.local/lib/python3.12/site-packages/airflow/example_dags/example_complex.py for tasks to queue
[2024-10-27T13:44:01.957+0000] {logging_mixin.py:190} INFO - [2024-10-27T13:44:01.955+0000] {dagbag.py:588} INFO - Filling up the DagBag from /home/airflow/.local/lib/python3.12/site-packages/airflow/example_dags/example_complex.py
[2024-10-27T13:44:02.078+0000] {processor.py:925} INFO - DAG(s) 'example_complex' retrieved from /home/airflow/.local/lib/python3.12/site-packages/airflow/example_dags/example_complex.py
[2024-10-27T13:44:02.430+0000] {logging_mixin.py:190} INFO - [2024-10-27T13:44:02.418+0000] {dag.py:3239} INFO - Sync 1 DAGs
[2024-10-27T13:44:02.554+0000] {logging_mixin.py:190} INFO - [2024-10-27T13:44:02.554+0000] {dag.py:4180} INFO - Setting next_dagrun for example_complex to None, run_after=None
[2024-10-27T13:44:02.758+0000] {processor.py:208} INFO - Processing /home/airflow/.local/lib/python3.12/site-packages/airflow/example_dags/example_complex.py took 0.972 seconds
[2024-10-27T13:44:32.975+0000] {processor.py:186} INFO - Started process (PID=240) to work on /home/airflow/.local/lib/python3.12/site-packages/airflow/example_dags/example_complex.py
[2024-10-27T13:44:32.976+0000] {processor.py:914} INFO - Processing file /home/airflow/.local/lib/python3.12/site-packages/airflow/example_dags/example_complex.py for tasks to queue
[2024-10-27T13:44:32.981+0000] {logging_mixin.py:190} INFO - [2024-10-27T13:44:32.980+0000] {dagbag.py:588} INFO - Filling up the DagBag from /home/airflow/.local/lib/python3.12/site-packages/airflow/example_dags/example_complex.py
[2024-10-27T13:44:33.023+0000] {processor.py:925} INFO - DAG(s) 'example_complex' retrieved from /home/airflow/.local/lib/python3.12/site-packages/airflow/example_dags/example_complex.py
[2024-10-27T13:44:33.125+0000] {logging_mixin.py:190} INFO - [2024-10-27T13:44:33.125+0000] {dag.py:3239} INFO - Sync 1 DAGs
[2024-10-27T13:44:33.168+0000] {logging_mixin.py:190} INFO - [2024-10-27T13:44:33.167+0000] {dag.py:4180} INFO - Setting next_dagrun for example_complex to None, run_after=None
[2024-10-27T13:44:33.242+0000] {processor.py:208} INFO - Processing /home/airflow/.local/lib/python3.12/site-packages/airflow/example_dags/example_complex.py took 0.288 seconds
[2024-10-27T13:45:03.380+0000] {processor.py:186} INFO - Started process (PID=302) to work on /home/airflow/.local/lib/python3.12/site-packages/airflow/example_dags/example_complex.py
[2024-10-27T13:45:03.381+0000] {processor.py:914} INFO - Processing file /home/airflow/.local/lib/python3.12/site-packages/airflow/example_dags/example_complex.py for tasks to queue
[2024-10-27T13:45:03.386+0000] {logging_mixin.py:190} INFO - [2024-10-27T13:45:03.386+0000] {dagbag.py:588} INFO - Filling up the DagBag from /home/airflow/.local/lib/python3.12/site-packages/airflow/example_dags/example_complex.py
[2024-10-27T13:45:03.413+0000] {processor.py:925} INFO - DAG(s) 'example_complex' retrieved from /home/airflow/.local/lib/python3.12/site-packages/airflow/example_dags/example_complex.py
[2024-10-27T13:45:03.490+0000] {logging_mixin.py:190} INFO - [2024-10-27T13:45:03.489+0000] {dag.py:3239} INFO - Sync 1 DAGs
[2024-10-27T13:45:03.522+0000] {logging_mixin.py:190} INFO - [2024-10-27T13:45:03.521+0000] {dag.py:4180} INFO - Setting next_dagrun for example_complex to None, run_after=None
[2024-10-27T13:45:03.576+0000] {processor.py:208} INFO - Processing /home/airflow/.local/lib/python3.12/site-packages/airflow/example_dags/example_complex.py took 0.207 seconds
[2024-10-27T13:53:27.050+0000] {processor.py:186} INFO - Started process (PID=77) to work on /home/airflow/.local/lib/python3.12/site-packages/airflow/example_dags/example_complex.py
[2024-10-27T13:53:27.074+0000] {processor.py:914} INFO - Processing file /home/airflow/.local/lib/python3.12/site-packages/airflow/example_dags/example_complex.py for tasks to queue
[2024-10-27T13:53:27.078+0000] {logging_mixin.py:190} INFO - [2024-10-27T13:53:27.078+0000] {dagbag.py:588} INFO - Filling up the DagBag from /home/airflow/.local/lib/python3.12/site-packages/airflow/example_dags/example_complex.py
[2024-10-27T13:53:27.098+0000] {processor.py:925} INFO - DAG(s) 'example_complex' retrieved from /home/airflow/.local/lib/python3.12/site-packages/airflow/example_dags/example_complex.py
[2024-10-27T13:53:27.151+0000] {logging_mixin.py:190} INFO - [2024-10-27T13:53:27.150+0000] {dag.py:3239} INFO - Sync 1 DAGs
[2024-10-27T13:53:27.173+0000] {logging_mixin.py:190} INFO - [2024-10-27T13:53:27.172+0000] {dag.py:4180} INFO - Setting next_dagrun for example_complex to None, run_after=None
[2024-10-27T13:53:27.252+0000] {processor.py:208} INFO - Processing /home/airflow/.local/lib/python3.12/site-packages/airflow/example_dags/example_complex.py took 0.226 seconds
[2024-10-27T13:53:57.791+0000] {processor.py:186} INFO - Started process (PID=138) to work on /home/airflow/.local/lib/python3.12/site-packages/airflow/example_dags/example_complex.py
[2024-10-27T13:53:57.823+0000] {processor.py:914} INFO - Processing file /home/airflow/.local/lib/python3.12/site-packages/airflow/example_dags/example_complex.py for tasks to queue
[2024-10-27T13:53:57.837+0000] {logging_mixin.py:190} INFO - [2024-10-27T13:53:57.836+0000] {dagbag.py:588} INFO - Filling up the DagBag from /home/airflow/.local/lib/python3.12/site-packages/airflow/example_dags/example_complex.py
[2024-10-27T13:53:57.922+0000] {processor.py:925} INFO - DAG(s) 'example_complex' retrieved from /home/airflow/.local/lib/python3.12/site-packages/airflow/example_dags/example_complex.py
[2024-10-27T13:53:58.140+0000] {logging_mixin.py:190} INFO - [2024-10-27T13:53:58.139+0000] {dag.py:3239} INFO - Sync 1 DAGs
[2024-10-27T13:53:58.236+0000] {logging_mixin.py:190} INFO - [2024-10-27T13:53:58.236+0000] {dag.py:4180} INFO - Setting next_dagrun for example_complex to None, run_after=None
[2024-10-27T13:53:58.349+0000] {processor.py:208} INFO - Processing /home/airflow/.local/lib/python3.12/site-packages/airflow/example_dags/example_complex.py took 0.624 seconds
[2024-10-27T13:54:38.821+0000] {processor.py:186} INFO - Started process (PID=180) to work on /home/airflow/.local/lib/python3.12/site-packages/airflow/example_dags/example_complex.py
[2024-10-27T13:54:38.822+0000] {processor.py:914} INFO - Processing file /home/airflow/.local/lib/python3.12/site-packages/airflow/example_dags/example_complex.py for tasks to queue
[2024-10-27T13:54:38.825+0000] {logging_mixin.py:190} INFO - [2024-10-27T13:54:38.825+0000] {dagbag.py:588} INFO - Filling up the DagBag from /home/airflow/.local/lib/python3.12/site-packages/airflow/example_dags/example_complex.py
[2024-10-27T13:54:38.842+0000] {processor.py:925} INFO - DAG(s) 'example_complex' retrieved from /home/airflow/.local/lib/python3.12/site-packages/airflow/example_dags/example_complex.py
[2024-10-27T13:54:38.892+0000] {logging_mixin.py:190} INFO - [2024-10-27T13:54:38.892+0000] {dag.py:3239} INFO - Sync 1 DAGs
[2024-10-27T13:54:38.912+0000] {logging_mixin.py:190} INFO - [2024-10-27T13:54:38.912+0000] {dag.py:4180} INFO - Setting next_dagrun for example_complex to None, run_after=None
[2024-10-27T13:54:39.361+0000] {processor.py:208} INFO - Processing /home/airflow/.local/lib/python3.12/site-packages/airflow/example_dags/example_complex.py took 0.549 seconds
[2024-10-27T13:55:09.925+0000] {processor.py:186} INFO - Started process (PID=242) to work on /home/airflow/.local/lib/python3.12/site-packages/airflow/example_dags/example_complex.py
[2024-10-27T13:55:09.927+0000] {processor.py:914} INFO - Processing file /home/airflow/.local/lib/python3.12/site-packages/airflow/example_dags/example_complex.py for tasks to queue
[2024-10-27T13:55:09.931+0000] {logging_mixin.py:190} INFO - [2024-10-27T13:55:09.931+0000] {dagbag.py:588} INFO - Filling up the DagBag from /home/airflow/.local/lib/python3.12/site-packages/airflow/example_dags/example_complex.py
[2024-10-27T13:55:09.948+0000] {processor.py:925} INFO - DAG(s) 'example_complex' retrieved from /home/airflow/.local/lib/python3.12/site-packages/airflow/example_dags/example_complex.py
[2024-10-27T13:55:10.000+0000] {logging_mixin.py:190} INFO - [2024-10-27T13:55:09.999+0000] {dag.py:3239} INFO - Sync 1 DAGs
[2024-10-27T13:55:10.022+0000] {logging_mixin.py:190} INFO - [2024-10-27T13:55:10.021+0000] {dag.py:4180} INFO - Setting next_dagrun for example_complex to None, run_after=None
[2024-10-27T13:55:10.289+0000] {processor.py:208} INFO - Processing /home/airflow/.local/lib/python3.12/site-packages/airflow/example_dags/example_complex.py took 0.373 seconds
[2024-10-27T13:55:40.494+0000] {processor.py:186} INFO - Started process (PID=304) to work on /home/airflow/.local/lib/python3.12/site-packages/airflow/example_dags/example_complex.py
[2024-10-27T13:55:40.496+0000] {processor.py:914} INFO - Processing file /home/airflow/.local/lib/python3.12/site-packages/airflow/example_dags/example_complex.py for tasks to queue
[2024-10-27T13:55:40.500+0000] {logging_mixin.py:190} INFO - [2024-10-27T13:55:40.499+0000] {dagbag.py:588} INFO - Filling up the DagBag from /home/airflow/.local/lib/python3.12/site-packages/airflow/example_dags/example_complex.py
[2024-10-27T13:55:40.526+0000] {processor.py:925} INFO - DAG(s) 'example_complex' retrieved from /home/airflow/.local/lib/python3.12/site-packages/airflow/example_dags/example_complex.py
[2024-10-27T13:55:40.591+0000] {logging_mixin.py:190} INFO - [2024-10-27T13:55:40.590+0000] {dag.py:3239} INFO - Sync 1 DAGs
[2024-10-27T13:55:40.622+0000] {logging_mixin.py:190} INFO - [2024-10-27T13:55:40.622+0000] {dag.py:4180} INFO - Setting next_dagrun for example_complex to None, run_after=None
[2024-10-27T13:55:40.707+0000] {processor.py:208} INFO - Processing /home/airflow/.local/lib/python3.12/site-packages/airflow/example_dags/example_complex.py took 0.224 seconds
[2024-10-27T13:56:12.286+0000] {processor.py:186} INFO - Started process (PID=366) to work on /home/airflow/.local/lib/python3.12/site-packages/airflow/example_dags/example_complex.py
[2024-10-27T13:56:12.288+0000] {processor.py:914} INFO - Processing file /home/airflow/.local/lib/python3.12/site-packages/airflow/example_dags/example_complex.py for tasks to queue
[2024-10-27T13:56:12.293+0000] {logging_mixin.py:190} INFO - [2024-10-27T13:56:12.292+0000] {dagbag.py:588} INFO - Filling up the DagBag from /home/airflow/.local/lib/python3.12/site-packages/airflow/example_dags/example_complex.py
[2024-10-27T13:56:12.315+0000] {processor.py:925} INFO - DAG(s) 'example_complex' retrieved from /home/airflow/.local/lib/python3.12/site-packages/airflow/example_dags/example_complex.py
[2024-10-27T13:56:12.419+0000] {logging_mixin.py:190} INFO - [2024-10-27T13:56:12.419+0000] {dag.py:3239} INFO - Sync 1 DAGs
[2024-10-27T13:56:12.485+0000] {logging_mixin.py:190} INFO - [2024-10-27T13:56:12.485+0000] {dag.py:4180} INFO - Setting next_dagrun for example_complex to None, run_after=None
[2024-10-27T13:56:12.670+0000] {processor.py:208} INFO - Processing /home/airflow/.local/lib/python3.12/site-packages/airflow/example_dags/example_complex.py took 0.396 seconds
[2024-10-27T13:56:45.245+0000] {processor.py:186} INFO - Started process (PID=429) to work on /home/airflow/.local/lib/python3.12/site-packages/airflow/example_dags/example_complex.py
[2024-10-27T13:56:45.246+0000] {processor.py:914} INFO - Processing file /home/airflow/.local/lib/python3.12/site-packages/airflow/example_dags/example_complex.py for tasks to queue
[2024-10-27T13:56:45.249+0000] {logging_mixin.py:190} INFO - [2024-10-27T13:56:45.249+0000] {dagbag.py:588} INFO - Filling up the DagBag from /home/airflow/.local/lib/python3.12/site-packages/airflow/example_dags/example_complex.py
[2024-10-27T13:56:45.266+0000] {processor.py:925} INFO - DAG(s) 'example_complex' retrieved from /home/airflow/.local/lib/python3.12/site-packages/airflow/example_dags/example_complex.py
[2024-10-27T13:56:45.315+0000] {logging_mixin.py:190} INFO - [2024-10-27T13:56:45.315+0000] {dag.py:3239} INFO - Sync 1 DAGs
[2024-10-27T13:56:45.335+0000] {logging_mixin.py:190} INFO - [2024-10-27T13:56:45.334+0000] {dag.py:4180} INFO - Setting next_dagrun for example_complex to None, run_after=None
[2024-10-27T13:56:46.114+0000] {processor.py:208} INFO - Processing /home/airflow/.local/lib/python3.12/site-packages/airflow/example_dags/example_complex.py took 0.877 seconds
[2024-10-27T13:57:16.373+0000] {processor.py:186} INFO - Started process (PID=491) to work on /home/airflow/.local/lib/python3.12/site-packages/airflow/example_dags/example_complex.py
[2024-10-27T13:57:16.376+0000] {processor.py:914} INFO - Processing file /home/airflow/.local/lib/python3.12/site-packages/airflow/example_dags/example_complex.py for tasks to queue
[2024-10-27T13:57:16.380+0000] {logging_mixin.py:190} INFO - [2024-10-27T13:57:16.379+0000] {dagbag.py:588} INFO - Filling up the DagBag from /home/airflow/.local/lib/python3.12/site-packages/airflow/example_dags/example_complex.py
[2024-10-27T13:57:16.402+0000] {processor.py:925} INFO - DAG(s) 'example_complex' retrieved from /home/airflow/.local/lib/python3.12/site-packages/airflow/example_dags/example_complex.py
[2024-10-27T13:57:16.482+0000] {logging_mixin.py:190} INFO - [2024-10-27T13:57:16.482+0000] {dag.py:3239} INFO - Sync 1 DAGs
[2024-10-27T13:57:16.508+0000] {logging_mixin.py:190} INFO - [2024-10-27T13:57:16.508+0000] {dag.py:4180} INFO - Setting next_dagrun for example_complex to None, run_after=None
[2024-10-27T13:57:16.801+0000] {processor.py:208} INFO - Processing /home/airflow/.local/lib/python3.12/site-packages/airflow/example_dags/example_complex.py took 0.440 seconds
[2024-10-27T13:57:46.901+0000] {processor.py:186} INFO - Started process (PID=554) to work on /home/airflow/.local/lib/python3.12/site-packages/airflow/example_dags/example_complex.py
[2024-10-27T13:57:46.902+0000] {processor.py:914} INFO - Processing file /home/airflow/.local/lib/python3.12/site-packages/airflow/example_dags/example_complex.py for tasks to queue
[2024-10-27T13:57:46.907+0000] {logging_mixin.py:190} INFO - [2024-10-27T13:57:46.906+0000] {dagbag.py:588} INFO - Filling up the DagBag from /home/airflow/.local/lib/python3.12/site-packages/airflow/example_dags/example_complex.py
[2024-10-27T13:57:46.958+0000] {processor.py:925} INFO - DAG(s) 'example_complex' retrieved from /home/airflow/.local/lib/python3.12/site-packages/airflow/example_dags/example_complex.py
[2024-10-27T13:57:47.060+0000] {logging_mixin.py:190} INFO - [2024-10-27T13:57:47.060+0000] {dag.py:3239} INFO - Sync 1 DAGs
[2024-10-27T13:57:47.090+0000] {logging_mixin.py:190} INFO - [2024-10-27T13:57:47.090+0000] {dag.py:4180} INFO - Setting next_dagrun for example_complex to None, run_after=None
[2024-10-27T13:57:47.165+0000] {processor.py:208} INFO - Processing /home/airflow/.local/lib/python3.12/site-packages/airflow/example_dags/example_complex.py took 0.276 seconds
[2024-10-27T13:58:17.886+0000] {processor.py:186} INFO - Started process (PID=616) to work on /home/airflow/.local/lib/python3.12/site-packages/airflow/example_dags/example_complex.py
[2024-10-27T13:58:17.888+0000] {processor.py:914} INFO - Processing file /home/airflow/.local/lib/python3.12/site-packages/airflow/example_dags/example_complex.py for tasks to queue
[2024-10-27T13:58:17.893+0000] {logging_mixin.py:190} INFO - [2024-10-27T13:58:17.892+0000] {dagbag.py:588} INFO - Filling up the DagBag from /home/airflow/.local/lib/python3.12/site-packages/airflow/example_dags/example_complex.py
[2024-10-27T13:58:17.924+0000] {processor.py:925} INFO - DAG(s) 'example_complex' retrieved from /home/airflow/.local/lib/python3.12/site-packages/airflow/example_dags/example_complex.py
[2024-10-27T13:58:18.002+0000] {logging_mixin.py:190} INFO - [2024-10-27T13:58:18.002+0000] {dag.py:3239} INFO - Sync 1 DAGs
[2024-10-27T13:58:18.068+0000] {logging_mixin.py:190} INFO - [2024-10-27T13:58:18.067+0000] {dag.py:4180} INFO - Setting next_dagrun for example_complex to None, run_after=None
[2024-10-27T13:58:18.186+0000] {processor.py:208} INFO - Processing /home/airflow/.local/lib/python3.12/site-packages/airflow/example_dags/example_complex.py took 0.309 seconds
[2024-10-27T13:58:49.090+0000] {processor.py:186} INFO - Started process (PID=678) to work on /home/airflow/.local/lib/python3.12/site-packages/airflow/example_dags/example_complex.py
[2024-10-27T13:58:49.093+0000] {processor.py:914} INFO - Processing file /home/airflow/.local/lib/python3.12/site-packages/airflow/example_dags/example_complex.py for tasks to queue
[2024-10-27T13:58:49.098+0000] {logging_mixin.py:190} INFO - [2024-10-27T13:58:49.097+0000] {dagbag.py:588} INFO - Filling up the DagBag from /home/airflow/.local/lib/python3.12/site-packages/airflow/example_dags/example_complex.py
[2024-10-27T13:58:49.121+0000] {processor.py:925} INFO - DAG(s) 'example_complex' retrieved from /home/airflow/.local/lib/python3.12/site-packages/airflow/example_dags/example_complex.py
[2024-10-27T13:58:49.202+0000] {logging_mixin.py:190} INFO - [2024-10-27T13:58:49.201+0000] {dag.py:3239} INFO - Sync 1 DAGs
[2024-10-27T13:58:49.238+0000] {logging_mixin.py:190} INFO - [2024-10-27T13:58:49.237+0000] {dag.py:4180} INFO - Setting next_dagrun for example_complex to None, run_after=None
[2024-10-27T13:58:49.290+0000] {processor.py:208} INFO - Processing /home/airflow/.local/lib/python3.12/site-packages/airflow/example_dags/example_complex.py took 0.212 seconds
[2024-10-27T13:59:20.346+0000] {processor.py:186} INFO - Started process (PID=738) to work on /home/airflow/.local/lib/python3.12/site-packages/airflow/example_dags/example_complex.py
[2024-10-27T13:59:20.446+0000] {processor.py:914} INFO - Processing file /home/airflow/.local/lib/python3.12/site-packages/airflow/example_dags/example_complex.py for tasks to queue
[2024-10-27T13:59:20.450+0000] {logging_mixin.py:190} INFO - [2024-10-27T13:59:20.450+0000] {dagbag.py:588} INFO - Filling up the DagBag from /home/airflow/.local/lib/python3.12/site-packages/airflow/example_dags/example_complex.py
[2024-10-27T13:59:20.466+0000] {processor.py:925} INFO - DAG(s) 'example_complex' retrieved from /home/airflow/.local/lib/python3.12/site-packages/airflow/example_dags/example_complex.py
[2024-10-27T13:59:20.513+0000] {logging_mixin.py:190} INFO - [2024-10-27T13:59:20.512+0000] {dag.py:3239} INFO - Sync 1 DAGs
[2024-10-27T13:59:20.533+0000] {logging_mixin.py:190} INFO - [2024-10-27T13:59:20.533+0000] {dag.py:4180} INFO - Setting next_dagrun for example_complex to None, run_after=None
[2024-10-27T13:59:21.685+0000] {processor.py:208} INFO - Processing /home/airflow/.local/lib/python3.12/site-packages/airflow/example_dags/example_complex.py took 1.346 seconds
[2024-10-27T13:59:52.140+0000] {processor.py:186} INFO - Started process (PID=800) to work on /home/airflow/.local/lib/python3.12/site-packages/airflow/example_dags/example_complex.py
[2024-10-27T13:59:52.142+0000] {processor.py:914} INFO - Processing file /home/airflow/.local/lib/python3.12/site-packages/airflow/example_dags/example_complex.py for tasks to queue
[2024-10-27T13:59:52.146+0000] {logging_mixin.py:190} INFO - [2024-10-27T13:59:52.145+0000] {dagbag.py:588} INFO - Filling up the DagBag from /home/airflow/.local/lib/python3.12/site-packages/airflow/example_dags/example_complex.py
[2024-10-27T13:59:52.177+0000] {processor.py:925} INFO - DAG(s) 'example_complex' retrieved from /home/airflow/.local/lib/python3.12/site-packages/airflow/example_dags/example_complex.py
[2024-10-27T13:59:52.250+0000] {logging_mixin.py:190} INFO - [2024-10-27T13:59:52.250+0000] {dag.py:3239} INFO - Sync 1 DAGs
[2024-10-27T13:59:52.278+0000] {logging_mixin.py:190} INFO - [2024-10-27T13:59:52.277+0000] {dag.py:4180} INFO - Setting next_dagrun for example_complex to None, run_after=None
[2024-10-27T13:59:52.328+0000] {processor.py:208} INFO - Processing /home/airflow/.local/lib/python3.12/site-packages/airflow/example_dags/example_complex.py took 0.198 seconds
[2024-10-27T14:00:22.495+0000] {processor.py:186} INFO - Started process (PID=862) to work on /home/airflow/.local/lib/python3.12/site-packages/airflow/example_dags/example_complex.py
[2024-10-27T14:00:22.497+0000] {processor.py:914} INFO - Processing file /home/airflow/.local/lib/python3.12/site-packages/airflow/example_dags/example_complex.py for tasks to queue
[2024-10-27T14:00:22.510+0000] {logging_mixin.py:190} INFO - [2024-10-27T14:00:22.509+0000] {dagbag.py:588} INFO - Filling up the DagBag from /home/airflow/.local/lib/python3.12/site-packages/airflow/example_dags/example_complex.py
[2024-10-27T14:00:22.568+0000] {processor.py:925} INFO - DAG(s) 'example_complex' retrieved from /home/airflow/.local/lib/python3.12/site-packages/airflow/example_dags/example_complex.py
[2024-10-27T14:00:22.718+0000] {logging_mixin.py:190} INFO - [2024-10-27T14:00:22.717+0000] {dag.py:3239} INFO - Sync 1 DAGs
[2024-10-27T14:00:22.826+0000] {logging_mixin.py:190} INFO - [2024-10-27T14:00:22.822+0000] {dag.py:4180} INFO - Setting next_dagrun for example_complex to None, run_after=None
[2024-10-27T14:00:22.916+0000] {processor.py:208} INFO - Processing /home/airflow/.local/lib/python3.12/site-packages/airflow/example_dags/example_complex.py took 0.439 seconds
[2024-10-27T14:00:53.084+0000] {processor.py:186} INFO - Started process (PID=924) to work on /home/airflow/.local/lib/python3.12/site-packages/airflow/example_dags/example_complex.py
[2024-10-27T14:00:53.093+0000] {processor.py:914} INFO - Processing file /home/airflow/.local/lib/python3.12/site-packages/airflow/example_dags/example_complex.py for tasks to queue
[2024-10-27T14:00:53.099+0000] {logging_mixin.py:190} INFO - [2024-10-27T14:00:53.098+0000] {dagbag.py:588} INFO - Filling up the DagBag from /home/airflow/.local/lib/python3.12/site-packages/airflow/example_dags/example_complex.py
[2024-10-27T14:00:53.123+0000] {processor.py:925} INFO - DAG(s) 'example_complex' retrieved from /home/airflow/.local/lib/python3.12/site-packages/airflow/example_dags/example_complex.py
[2024-10-27T14:00:53.181+0000] {logging_mixin.py:190} INFO - [2024-10-27T14:00:53.181+0000] {dag.py:3239} INFO - Sync 1 DAGs
[2024-10-27T14:00:53.207+0000] {logging_mixin.py:190} INFO - [2024-10-27T14:00:53.207+0000] {dag.py:4180} INFO - Setting next_dagrun for example_complex to None, run_after=None
[2024-10-27T14:00:54.038+0000] {processor.py:208} INFO - Processing /home/airflow/.local/lib/python3.12/site-packages/airflow/example_dags/example_complex.py took 0.964 seconds
[2024-10-27T14:01:24.265+0000] {processor.py:186} INFO - Started process (PID=987) to work on /home/airflow/.local/lib/python3.12/site-packages/airflow/example_dags/example_complex.py
[2024-10-27T14:01:24.267+0000] {processor.py:914} INFO - Processing file /home/airflow/.local/lib/python3.12/site-packages/airflow/example_dags/example_complex.py for tasks to queue
[2024-10-27T14:01:24.272+0000] {logging_mixin.py:190} INFO - [2024-10-27T14:01:24.271+0000] {dagbag.py:588} INFO - Filling up the DagBag from /home/airflow/.local/lib/python3.12/site-packages/airflow/example_dags/example_complex.py
[2024-10-27T14:01:24.299+0000] {processor.py:925} INFO - DAG(s) 'example_complex' retrieved from /home/airflow/.local/lib/python3.12/site-packages/airflow/example_dags/example_complex.py
[2024-10-27T14:01:24.378+0000] {logging_mixin.py:190} INFO - [2024-10-27T14:01:24.377+0000] {dag.py:3239} INFO - Sync 1 DAGs
[2024-10-27T14:01:24.408+0000] {logging_mixin.py:190} INFO - [2024-10-27T14:01:24.408+0000] {dag.py:4180} INFO - Setting next_dagrun for example_complex to None, run_after=None
[2024-10-27T14:01:24.506+0000] {processor.py:208} INFO - Processing /home/airflow/.local/lib/python3.12/site-packages/airflow/example_dags/example_complex.py took 0.255 seconds
[2024-10-27T14:01:55.299+0000] {processor.py:186} INFO - Started process (PID=1049) to work on /home/airflow/.local/lib/python3.12/site-packages/airflow/example_dags/example_complex.py
[2024-10-27T14:01:55.305+0000] {processor.py:914} INFO - Processing file /home/airflow/.local/lib/python3.12/site-packages/airflow/example_dags/example_complex.py for tasks to queue
[2024-10-27T14:01:55.315+0000] {logging_mixin.py:190} INFO - [2024-10-27T14:01:55.314+0000] {dagbag.py:588} INFO - Filling up the DagBag from /home/airflow/.local/lib/python3.12/site-packages/airflow/example_dags/example_complex.py
[2024-10-27T14:01:55.369+0000] {processor.py:925} INFO - DAG(s) 'example_complex' retrieved from /home/airflow/.local/lib/python3.12/site-packages/airflow/example_dags/example_complex.py
[2024-10-27T14:01:55.549+0000] {logging_mixin.py:190} INFO - [2024-10-27T14:01:55.548+0000] {dag.py:3239} INFO - Sync 1 DAGs
[2024-10-27T14:01:55.653+0000] {logging_mixin.py:190} INFO - [2024-10-27T14:01:55.653+0000] {dag.py:4180} INFO - Setting next_dagrun for example_complex to None, run_after=None
[2024-10-27T14:01:55.790+0000] {processor.py:208} INFO - Processing /home/airflow/.local/lib/python3.12/site-packages/airflow/example_dags/example_complex.py took 0.528 seconds
[2024-10-27T14:02:25.973+0000] {processor.py:186} INFO - Started process (PID=1111) to work on /home/airflow/.local/lib/python3.12/site-packages/airflow/example_dags/example_complex.py
[2024-10-27T14:02:25.976+0000] {processor.py:914} INFO - Processing file /home/airflow/.local/lib/python3.12/site-packages/airflow/example_dags/example_complex.py for tasks to queue
[2024-10-27T14:02:25.981+0000] {logging_mixin.py:190} INFO - [2024-10-27T14:02:25.980+0000] {dagbag.py:588} INFO - Filling up the DagBag from /home/airflow/.local/lib/python3.12/site-packages/airflow/example_dags/example_complex.py
[2024-10-27T14:02:26.009+0000] {processor.py:925} INFO - DAG(s) 'example_complex' retrieved from /home/airflow/.local/lib/python3.12/site-packages/airflow/example_dags/example_complex.py
[2024-10-27T14:02:26.095+0000] {logging_mixin.py:190} INFO - [2024-10-27T14:02:26.091+0000] {dag.py:3239} INFO - Sync 1 DAGs
[2024-10-27T14:02:26.137+0000] {logging_mixin.py:190} INFO - [2024-10-27T14:02:26.136+0000] {dag.py:4180} INFO - Setting next_dagrun for example_complex to None, run_after=None
[2024-10-27T14:02:26.218+0000] {processor.py:208} INFO - Processing /home/airflow/.local/lib/python3.12/site-packages/airflow/example_dags/example_complex.py took 0.257 seconds
[2024-10-27T14:02:56.418+0000] {processor.py:186} INFO - Started process (PID=1172) to work on /home/airflow/.local/lib/python3.12/site-packages/airflow/example_dags/example_complex.py
[2024-10-27T14:02:56.419+0000] {processor.py:914} INFO - Processing file /home/airflow/.local/lib/python3.12/site-packages/airflow/example_dags/example_complex.py for tasks to queue
[2024-10-27T14:02:56.423+0000] {logging_mixin.py:190} INFO - [2024-10-27T14:02:56.423+0000] {dagbag.py:588} INFO - Filling up the DagBag from /home/airflow/.local/lib/python3.12/site-packages/airflow/example_dags/example_complex.py
[2024-10-27T14:02:56.457+0000] {processor.py:925} INFO - DAG(s) 'example_complex' retrieved from /home/airflow/.local/lib/python3.12/site-packages/airflow/example_dags/example_complex.py
[2024-10-27T14:02:56.529+0000] {logging_mixin.py:190} INFO - [2024-10-27T14:02:56.529+0000] {dag.py:3239} INFO - Sync 1 DAGs
[2024-10-27T14:02:56.572+0000] {logging_mixin.py:190} INFO - [2024-10-27T14:02:56.572+0000] {dag.py:4180} INFO - Setting next_dagrun for example_complex to None, run_after=None
[2024-10-27T14:02:56.706+0000] {processor.py:208} INFO - Processing /home/airflow/.local/lib/python3.12/site-packages/airflow/example_dags/example_complex.py took 0.307 seconds
[2024-10-27T14:03:26.850+0000] {processor.py:186} INFO - Started process (PID=1233) to work on /home/airflow/.local/lib/python3.12/site-packages/airflow/example_dags/example_complex.py
[2024-10-27T14:03:26.851+0000] {processor.py:914} INFO - Processing file /home/airflow/.local/lib/python3.12/site-packages/airflow/example_dags/example_complex.py for tasks to queue
[2024-10-27T14:03:26.861+0000] {logging_mixin.py:190} INFO - [2024-10-27T14:03:26.860+0000] {dagbag.py:588} INFO - Filling up the DagBag from /home/airflow/.local/lib/python3.12/site-packages/airflow/example_dags/example_complex.py
[2024-10-27T14:03:26.889+0000] {processor.py:925} INFO - DAG(s) 'example_complex' retrieved from /home/airflow/.local/lib/python3.12/site-packages/airflow/example_dags/example_complex.py
[2024-10-27T14:03:26.998+0000] {logging_mixin.py:190} INFO - [2024-10-27T14:03:26.998+0000] {dag.py:3239} INFO - Sync 1 DAGs
[2024-10-27T14:03:27.045+0000] {logging_mixin.py:190} INFO - [2024-10-27T14:03:27.045+0000] {dag.py:4180} INFO - Setting next_dagrun for example_complex to None, run_after=None
[2024-10-27T14:03:27.089+0000] {processor.py:208} INFO - Processing /home/airflow/.local/lib/python3.12/site-packages/airflow/example_dags/example_complex.py took 0.251 seconds
[2024-10-27T14:03:57.343+0000] {processor.py:186} INFO - Started process (PID=1294) to work on /home/airflow/.local/lib/python3.12/site-packages/airflow/example_dags/example_complex.py
[2024-10-27T14:03:57.345+0000] {processor.py:914} INFO - Processing file /home/airflow/.local/lib/python3.12/site-packages/airflow/example_dags/example_complex.py for tasks to queue
[2024-10-27T14:03:57.350+0000] {logging_mixin.py:190} INFO - [2024-10-27T14:03:57.349+0000] {dagbag.py:588} INFO - Filling up the DagBag from /home/airflow/.local/lib/python3.12/site-packages/airflow/example_dags/example_complex.py
[2024-10-27T14:03:57.373+0000] {processor.py:925} INFO - DAG(s) 'example_complex' retrieved from /home/airflow/.local/lib/python3.12/site-packages/airflow/example_dags/example_complex.py
[2024-10-27T14:03:57.448+0000] {logging_mixin.py:190} INFO - [2024-10-27T14:03:57.448+0000] {dag.py:3239} INFO - Sync 1 DAGs
[2024-10-27T14:03:57.483+0000] {logging_mixin.py:190} INFO - [2024-10-27T14:03:57.482+0000] {dag.py:4180} INFO - Setting next_dagrun for example_complex to None, run_after=None
[2024-10-27T14:03:57.916+0000] {processor.py:208} INFO - Processing /home/airflow/.local/lib/python3.12/site-packages/airflow/example_dags/example_complex.py took 0.587 seconds
[2024-10-27T14:04:28.351+0000] {processor.py:186} INFO - Started process (PID=1355) to work on /home/airflow/.local/lib/python3.12/site-packages/airflow/example_dags/example_complex.py
[2024-10-27T14:04:28.353+0000] {processor.py:914} INFO - Processing file /home/airflow/.local/lib/python3.12/site-packages/airflow/example_dags/example_complex.py for tasks to queue
[2024-10-27T14:04:28.359+0000] {logging_mixin.py:190} INFO - [2024-10-27T14:04:28.358+0000] {dagbag.py:588} INFO - Filling up the DagBag from /home/airflow/.local/lib/python3.12/site-packages/airflow/example_dags/example_complex.py
[2024-10-27T14:04:28.384+0000] {processor.py:925} INFO - DAG(s) 'example_complex' retrieved from /home/airflow/.local/lib/python3.12/site-packages/airflow/example_dags/example_complex.py
[2024-10-27T14:04:28.479+0000] {logging_mixin.py:190} INFO - [2024-10-27T14:04:28.478+0000] {dag.py:3239} INFO - Sync 1 DAGs
[2024-10-27T14:04:28.522+0000] {logging_mixin.py:190} INFO - [2024-10-27T14:04:28.521+0000] {dag.py:4180} INFO - Setting next_dagrun for example_complex to None, run_after=None
[2024-10-27T14:04:28.628+0000] {processor.py:208} INFO - Processing /home/airflow/.local/lib/python3.12/site-packages/airflow/example_dags/example_complex.py took 0.290 seconds
[2024-10-27T14:04:59.453+0000] {processor.py:186} INFO - Started process (PID=1417) to work on /home/airflow/.local/lib/python3.12/site-packages/airflow/example_dags/example_complex.py
[2024-10-27T14:04:59.456+0000] {processor.py:914} INFO - Processing file /home/airflow/.local/lib/python3.12/site-packages/airflow/example_dags/example_complex.py for tasks to queue
[2024-10-27T14:04:59.470+0000] {logging_mixin.py:190} INFO - [2024-10-27T14:04:59.469+0000] {dagbag.py:588} INFO - Filling up the DagBag from /home/airflow/.local/lib/python3.12/site-packages/airflow/example_dags/example_complex.py
[2024-10-27T14:04:59.496+0000] {processor.py:925} INFO - DAG(s) 'example_complex' retrieved from /home/airflow/.local/lib/python3.12/site-packages/airflow/example_dags/example_complex.py
[2024-10-27T14:04:59.726+0000] {logging_mixin.py:190} INFO - [2024-10-27T14:04:59.726+0000] {dag.py:3239} INFO - Sync 1 DAGs
[2024-10-27T14:04:59.842+0000] {logging_mixin.py:190} INFO - [2024-10-27T14:04:59.841+0000] {dag.py:4180} INFO - Setting next_dagrun for example_complex to None, run_after=None
[2024-10-27T14:04:59.913+0000] {processor.py:208} INFO - Processing /home/airflow/.local/lib/python3.12/site-packages/airflow/example_dags/example_complex.py took 0.475 seconds
[2024-10-27T14:05:30.657+0000] {processor.py:186} INFO - Started process (PID=1479) to work on /home/airflow/.local/lib/python3.12/site-packages/airflow/example_dags/example_complex.py
[2024-10-27T14:05:30.658+0000] {processor.py:914} INFO - Processing file /home/airflow/.local/lib/python3.12/site-packages/airflow/example_dags/example_complex.py for tasks to queue
[2024-10-27T14:05:30.662+0000] {logging_mixin.py:190} INFO - [2024-10-27T14:05:30.662+0000] {dagbag.py:588} INFO - Filling up the DagBag from /home/airflow/.local/lib/python3.12/site-packages/airflow/example_dags/example_complex.py
[2024-10-27T14:05:30.691+0000] {processor.py:925} INFO - DAG(s) 'example_complex' retrieved from /home/airflow/.local/lib/python3.12/site-packages/airflow/example_dags/example_complex.py
[2024-10-27T14:05:30.758+0000] {logging_mixin.py:190} INFO - [2024-10-27T14:05:30.757+0000] {dag.py:3239} INFO - Sync 1 DAGs
[2024-10-27T14:05:30.784+0000] {logging_mixin.py:190} INFO - [2024-10-27T14:05:30.784+0000] {dag.py:4180} INFO - Setting next_dagrun for example_complex to None, run_after=None
[2024-10-27T14:05:30.832+0000] {processor.py:208} INFO - Processing /home/airflow/.local/lib/python3.12/site-packages/airflow/example_dags/example_complex.py took 0.188 seconds
[2024-10-27T14:06:02.262+0000] {processor.py:186} INFO - Started process (PID=1540) to work on /home/airflow/.local/lib/python3.12/site-packages/airflow/example_dags/example_complex.py
[2024-10-27T14:06:02.263+0000] {processor.py:914} INFO - Processing file /home/airflow/.local/lib/python3.12/site-packages/airflow/example_dags/example_complex.py for tasks to queue
[2024-10-27T14:06:02.268+0000] {logging_mixin.py:190} INFO - [2024-10-27T14:06:02.268+0000] {dagbag.py:588} INFO - Filling up the DagBag from /home/airflow/.local/lib/python3.12/site-packages/airflow/example_dags/example_complex.py
[2024-10-27T14:06:02.309+0000] {processor.py:925} INFO - DAG(s) 'example_complex' retrieved from /home/airflow/.local/lib/python3.12/site-packages/airflow/example_dags/example_complex.py
[2024-10-27T14:06:02.405+0000] {logging_mixin.py:190} INFO - [2024-10-27T14:06:02.405+0000] {dag.py:3239} INFO - Sync 1 DAGs
[2024-10-27T14:06:02.448+0000] {logging_mixin.py:190} INFO - [2024-10-27T14:06:02.448+0000] {dag.py:4180} INFO - Setting next_dagrun for example_complex to None, run_after=None
[2024-10-27T14:06:02.519+0000] {processor.py:208} INFO - Processing /home/airflow/.local/lib/python3.12/site-packages/airflow/example_dags/example_complex.py took 0.272 seconds
[2024-10-27T14:06:32.873+0000] {processor.py:186} INFO - Started process (PID=1602) to work on /home/airflow/.local/lib/python3.12/site-packages/airflow/example_dags/example_complex.py
[2024-10-27T14:06:32.875+0000] {processor.py:914} INFO - Processing file /home/airflow/.local/lib/python3.12/site-packages/airflow/example_dags/example_complex.py for tasks to queue
[2024-10-27T14:06:32.883+0000] {logging_mixin.py:190} INFO - [2024-10-27T14:06:32.882+0000] {dagbag.py:588} INFO - Filling up the DagBag from /home/airflow/.local/lib/python3.12/site-packages/airflow/example_dags/example_complex.py
[2024-10-27T14:06:32.923+0000] {processor.py:925} INFO - DAG(s) 'example_complex' retrieved from /home/airflow/.local/lib/python3.12/site-packages/airflow/example_dags/example_complex.py
[2024-10-27T14:06:33.014+0000] {logging_mixin.py:190} INFO - [2024-10-27T14:06:33.014+0000] {dag.py:3239} INFO - Sync 1 DAGs
[2024-10-27T14:06:33.047+0000] {logging_mixin.py:190} INFO - [2024-10-27T14:06:33.046+0000] {dag.py:4180} INFO - Setting next_dagrun for example_complex to None, run_after=None
[2024-10-27T14:06:33.101+0000] {processor.py:208} INFO - Processing /home/airflow/.local/lib/python3.12/site-packages/airflow/example_dags/example_complex.py took 0.245 seconds
[2024-10-27T14:07:07.058+0000] {processor.py:186} INFO - Started process (PID=1662) to work on /home/airflow/.local/lib/python3.12/site-packages/airflow/example_dags/example_complex.py
[2024-10-27T14:07:07.060+0000] {processor.py:914} INFO - Processing file /home/airflow/.local/lib/python3.12/site-packages/airflow/example_dags/example_complex.py for tasks to queue
[2024-10-27T14:07:07.063+0000] {logging_mixin.py:190} INFO - [2024-10-27T14:07:07.063+0000] {dagbag.py:588} INFO - Filling up the DagBag from /home/airflow/.local/lib/python3.12/site-packages/airflow/example_dags/example_complex.py
[2024-10-27T14:07:07.079+0000] {processor.py:925} INFO - DAG(s) 'example_complex' retrieved from /home/airflow/.local/lib/python3.12/site-packages/airflow/example_dags/example_complex.py
[2024-10-27T14:07:07.124+0000] {logging_mixin.py:190} INFO - [2024-10-27T14:07:07.124+0000] {dag.py:3239} INFO - Sync 1 DAGs
[2024-10-27T14:07:07.147+0000] {logging_mixin.py:190} INFO - [2024-10-27T14:07:07.146+0000] {dag.py:4180} INFO - Setting next_dagrun for example_complex to None, run_after=None
[2024-10-27T14:07:07.405+0000] {processor.py:208} INFO - Processing /home/airflow/.local/lib/python3.12/site-packages/airflow/example_dags/example_complex.py took 0.354 seconds
[2024-10-27T14:07:38.452+0000] {processor.py:186} INFO - Started process (PID=1724) to work on /home/airflow/.local/lib/python3.12/site-packages/airflow/example_dags/example_complex.py
[2024-10-27T14:07:38.454+0000] {processor.py:914} INFO - Processing file /home/airflow/.local/lib/python3.12/site-packages/airflow/example_dags/example_complex.py for tasks to queue
[2024-10-27T14:07:38.473+0000] {logging_mixin.py:190} INFO - [2024-10-27T14:07:38.472+0000] {dagbag.py:588} INFO - Filling up the DagBag from /home/airflow/.local/lib/python3.12/site-packages/airflow/example_dags/example_complex.py
[2024-10-27T14:07:38.563+0000] {processor.py:925} INFO - DAG(s) 'example_complex' retrieved from /home/airflow/.local/lib/python3.12/site-packages/airflow/example_dags/example_complex.py
[2024-10-27T14:07:38.827+0000] {logging_mixin.py:190} INFO - [2024-10-27T14:07:38.827+0000] {dag.py:3239} INFO - Sync 1 DAGs
[2024-10-27T14:07:38.983+0000] {logging_mixin.py:190} INFO - [2024-10-27T14:07:38.983+0000] {dag.py:4180} INFO - Setting next_dagrun for example_complex to None, run_after=None
[2024-10-27T14:07:39.201+0000] {processor.py:208} INFO - Processing /home/airflow/.local/lib/python3.12/site-packages/airflow/example_dags/example_complex.py took 0.784 seconds
[2024-10-27T14:08:09.420+0000] {processor.py:186} INFO - Started process (PID=1787) to work on /home/airflow/.local/lib/python3.12/site-packages/airflow/example_dags/example_complex.py
[2024-10-27T14:08:09.421+0000] {processor.py:914} INFO - Processing file /home/airflow/.local/lib/python3.12/site-packages/airflow/example_dags/example_complex.py for tasks to queue
[2024-10-27T14:08:09.425+0000] {logging_mixin.py:190} INFO - [2024-10-27T14:08:09.424+0000] {dagbag.py:588} INFO - Filling up the DagBag from /home/airflow/.local/lib/python3.12/site-packages/airflow/example_dags/example_complex.py
[2024-10-27T14:08:09.452+0000] {processor.py:925} INFO - DAG(s) 'example_complex' retrieved from /home/airflow/.local/lib/python3.12/site-packages/airflow/example_dags/example_complex.py
[2024-10-27T14:08:09.513+0000] {logging_mixin.py:190} INFO - [2024-10-27T14:08:09.512+0000] {dag.py:3239} INFO - Sync 1 DAGs
[2024-10-27T14:08:09.537+0000] {logging_mixin.py:190} INFO - [2024-10-27T14:08:09.536+0000] {dag.py:4180} INFO - Setting next_dagrun for example_complex to None, run_after=None
[2024-10-27T14:08:09.595+0000] {processor.py:208} INFO - Processing /home/airflow/.local/lib/python3.12/site-packages/airflow/example_dags/example_complex.py took 0.184 seconds
[2024-10-27T14:08:40.158+0000] {processor.py:186} INFO - Started process (PID=1849) to work on /home/airflow/.local/lib/python3.12/site-packages/airflow/example_dags/example_complex.py
[2024-10-27T14:08:40.159+0000] {processor.py:914} INFO - Processing file /home/airflow/.local/lib/python3.12/site-packages/airflow/example_dags/example_complex.py for tasks to queue
[2024-10-27T14:08:40.163+0000] {logging_mixin.py:190} INFO - [2024-10-27T14:08:40.162+0000] {dagbag.py:588} INFO - Filling up the DagBag from /home/airflow/.local/lib/python3.12/site-packages/airflow/example_dags/example_complex.py
[2024-10-27T14:08:40.185+0000] {processor.py:925} INFO - DAG(s) 'example_complex' retrieved from /home/airflow/.local/lib/python3.12/site-packages/airflow/example_dags/example_complex.py
[2024-10-27T14:08:40.252+0000] {logging_mixin.py:190} INFO - [2024-10-27T14:08:40.251+0000] {dag.py:3239} INFO - Sync 1 DAGs
[2024-10-27T14:08:40.307+0000] {logging_mixin.py:190} INFO - [2024-10-27T14:08:40.306+0000] {dag.py:4180} INFO - Setting next_dagrun for example_complex to None, run_after=None
[2024-10-27T14:08:40.370+0000] {processor.py:208} INFO - Processing /home/airflow/.local/lib/python3.12/site-packages/airflow/example_dags/example_complex.py took 0.222 seconds
[2024-10-27T14:09:10.752+0000] {processor.py:186} INFO - Started process (PID=1912) to work on /home/airflow/.local/lib/python3.12/site-packages/airflow/example_dags/example_complex.py
[2024-10-27T14:09:10.755+0000] {processor.py:914} INFO - Processing file /home/airflow/.local/lib/python3.12/site-packages/airflow/example_dags/example_complex.py for tasks to queue
[2024-10-27T14:09:10.760+0000] {logging_mixin.py:190} INFO - [2024-10-27T14:09:10.759+0000] {dagbag.py:588} INFO - Filling up the DagBag from /home/airflow/.local/lib/python3.12/site-packages/airflow/example_dags/example_complex.py
[2024-10-27T14:09:10.793+0000] {processor.py:925} INFO - DAG(s) 'example_complex' retrieved from /home/airflow/.local/lib/python3.12/site-packages/airflow/example_dags/example_complex.py
[2024-10-27T14:09:10.884+0000] {logging_mixin.py:190} INFO - [2024-10-27T14:09:10.883+0000] {dag.py:3239} INFO - Sync 1 DAGs
[2024-10-27T14:09:10.950+0000] {logging_mixin.py:190} INFO - [2024-10-27T14:09:10.949+0000] {dag.py:4180} INFO - Setting next_dagrun for example_complex to None, run_after=None
[2024-10-27T14:09:11.025+0000] {processor.py:208} INFO - Processing /home/airflow/.local/lib/python3.12/site-packages/airflow/example_dags/example_complex.py took 0.284 seconds
[2024-10-27T14:09:41.207+0000] {processor.py:186} INFO - Started process (PID=1974) to work on /home/airflow/.local/lib/python3.12/site-packages/airflow/example_dags/example_complex.py
[2024-10-27T14:09:41.208+0000] {processor.py:914} INFO - Processing file /home/airflow/.local/lib/python3.12/site-packages/airflow/example_dags/example_complex.py for tasks to queue
[2024-10-27T14:09:41.212+0000] {logging_mixin.py:190} INFO - [2024-10-27T14:09:41.211+0000] {dagbag.py:588} INFO - Filling up the DagBag from /home/airflow/.local/lib/python3.12/site-packages/airflow/example_dags/example_complex.py
[2024-10-27T14:09:41.228+0000] {processor.py:925} INFO - DAG(s) 'example_complex' retrieved from /home/airflow/.local/lib/python3.12/site-packages/airflow/example_dags/example_complex.py
[2024-10-27T14:09:41.283+0000] {logging_mixin.py:190} INFO - [2024-10-27T14:09:41.283+0000] {dag.py:3239} INFO - Sync 1 DAGs
[2024-10-27T14:09:41.306+0000] {logging_mixin.py:190} INFO - [2024-10-27T14:09:41.305+0000] {dag.py:4180} INFO - Setting next_dagrun for example_complex to None, run_after=None
[2024-10-27T14:09:41.340+0000] {processor.py:208} INFO - Processing /home/airflow/.local/lib/python3.12/site-packages/airflow/example_dags/example_complex.py took 0.140 seconds
[2024-10-27T14:10:12.791+0000] {processor.py:186} INFO - Started process (PID=2041) to work on /home/airflow/.local/lib/python3.12/site-packages/airflow/example_dags/example_complex.py
[2024-10-27T14:10:12.793+0000] {processor.py:914} INFO - Processing file /home/airflow/.local/lib/python3.12/site-packages/airflow/example_dags/example_complex.py for tasks to queue
[2024-10-27T14:10:12.798+0000] {logging_mixin.py:190} INFO - [2024-10-27T14:10:12.797+0000] {dagbag.py:588} INFO - Filling up the DagBag from /home/airflow/.local/lib/python3.12/site-packages/airflow/example_dags/example_complex.py
[2024-10-27T14:10:12.825+0000] {processor.py:925} INFO - DAG(s) 'example_complex' retrieved from /home/airflow/.local/lib/python3.12/site-packages/airflow/example_dags/example_complex.py
[2024-10-27T14:10:12.896+0000] {logging_mixin.py:190} INFO - [2024-10-27T14:10:12.896+0000] {dag.py:3239} INFO - Sync 1 DAGs
[2024-10-27T14:10:12.928+0000] {logging_mixin.py:190} INFO - [2024-10-27T14:10:12.928+0000] {dag.py:4180} INFO - Setting next_dagrun for example_complex to None, run_after=None
[2024-10-27T14:10:13.015+0000] {processor.py:208} INFO - Processing /home/airflow/.local/lib/python3.12/site-packages/airflow/example_dags/example_complex.py took 0.236 seconds
[2024-10-27T14:10:43.325+0000] {processor.py:186} INFO - Started process (PID=2103) to work on /home/airflow/.local/lib/python3.12/site-packages/airflow/example_dags/example_complex.py
[2024-10-27T14:10:43.327+0000] {processor.py:914} INFO - Processing file /home/airflow/.local/lib/python3.12/site-packages/airflow/example_dags/example_complex.py for tasks to queue
[2024-10-27T14:10:43.332+0000] {logging_mixin.py:190} INFO - [2024-10-27T14:10:43.331+0000] {dagbag.py:588} INFO - Filling up the DagBag from /home/airflow/.local/lib/python3.12/site-packages/airflow/example_dags/example_complex.py
[2024-10-27T14:10:43.351+0000] {processor.py:925} INFO - DAG(s) 'example_complex' retrieved from /home/airflow/.local/lib/python3.12/site-packages/airflow/example_dags/example_complex.py
[2024-10-27T14:10:43.422+0000] {logging_mixin.py:190} INFO - [2024-10-27T14:10:43.421+0000] {dag.py:3239} INFO - Sync 1 DAGs
[2024-10-27T14:10:43.444+0000] {logging_mixin.py:190} INFO - [2024-10-27T14:10:43.444+0000] {dag.py:4180} INFO - Setting next_dagrun for example_complex to None, run_after=None
[2024-10-27T14:10:43.793+0000] {processor.py:208} INFO - Processing /home/airflow/.local/lib/python3.12/site-packages/airflow/example_dags/example_complex.py took 0.476 seconds
[2024-10-27T14:11:13.987+0000] {processor.py:186} INFO - Started process (PID=2165) to work on /home/airflow/.local/lib/python3.12/site-packages/airflow/example_dags/example_complex.py
[2024-10-27T14:11:13.989+0000] {processor.py:914} INFO - Processing file /home/airflow/.local/lib/python3.12/site-packages/airflow/example_dags/example_complex.py for tasks to queue
[2024-10-27T14:11:13.994+0000] {logging_mixin.py:190} INFO - [2024-10-27T14:11:13.994+0000] {dagbag.py:588} INFO - Filling up the DagBag from /home/airflow/.local/lib/python3.12/site-packages/airflow/example_dags/example_complex.py
[2024-10-27T14:11:14.022+0000] {processor.py:925} INFO - DAG(s) 'example_complex' retrieved from /home/airflow/.local/lib/python3.12/site-packages/airflow/example_dags/example_complex.py
[2024-10-27T14:11:14.086+0000] {logging_mixin.py:190} INFO - [2024-10-27T14:11:14.086+0000] {dag.py:3239} INFO - Sync 1 DAGs
[2024-10-27T14:11:14.115+0000] {logging_mixin.py:190} INFO - [2024-10-27T14:11:14.114+0000] {dag.py:4180} INFO - Setting next_dagrun for example_complex to None, run_after=None
[2024-10-27T14:11:14.433+0000] {processor.py:208} INFO - Processing /home/airflow/.local/lib/python3.12/site-packages/airflow/example_dags/example_complex.py took 0.456 seconds
[2024-10-27T14:11:45.369+0000] {processor.py:186} INFO - Started process (PID=2227) to work on /home/airflow/.local/lib/python3.12/site-packages/airflow/example_dags/example_complex.py
[2024-10-27T14:11:45.377+0000] {processor.py:914} INFO - Processing file /home/airflow/.local/lib/python3.12/site-packages/airflow/example_dags/example_complex.py for tasks to queue
[2024-10-27T14:11:45.392+0000] {logging_mixin.py:190} INFO - [2024-10-27T14:11:45.391+0000] {dagbag.py:588} INFO - Filling up the DagBag from /home/airflow/.local/lib/python3.12/site-packages/airflow/example_dags/example_complex.py
[2024-10-27T14:11:45.432+0000] {processor.py:925} INFO - DAG(s) 'example_complex' retrieved from /home/airflow/.local/lib/python3.12/site-packages/airflow/example_dags/example_complex.py
[2024-10-27T14:11:45.507+0000] {logging_mixin.py:190} INFO - [2024-10-27T14:11:45.506+0000] {dag.py:3239} INFO - Sync 1 DAGs
[2024-10-27T14:11:45.554+0000] {logging_mixin.py:190} INFO - [2024-10-27T14:11:45.554+0000] {dag.py:4180} INFO - Setting next_dagrun for example_complex to None, run_after=None
[2024-10-27T14:11:45.604+0000] {processor.py:208} INFO - Processing /home/airflow/.local/lib/python3.12/site-packages/airflow/example_dags/example_complex.py took 0.248 seconds
[2024-10-27T14:12:15.826+0000] {processor.py:186} INFO - Started process (PID=2289) to work on /home/airflow/.local/lib/python3.12/site-packages/airflow/example_dags/example_complex.py
[2024-10-27T14:12:15.828+0000] {processor.py:914} INFO - Processing file /home/airflow/.local/lib/python3.12/site-packages/airflow/example_dags/example_complex.py for tasks to queue
[2024-10-27T14:12:15.833+0000] {logging_mixin.py:190} INFO - [2024-10-27T14:12:15.832+0000] {dagbag.py:588} INFO - Filling up the DagBag from /home/airflow/.local/lib/python3.12/site-packages/airflow/example_dags/example_complex.py
[2024-10-27T14:12:15.872+0000] {processor.py:925} INFO - DAG(s) 'example_complex' retrieved from /home/airflow/.local/lib/python3.12/site-packages/airflow/example_dags/example_complex.py
[2024-10-27T14:12:15.953+0000] {logging_mixin.py:190} INFO - [2024-10-27T14:12:15.952+0000] {dag.py:3239} INFO - Sync 1 DAGs
[2024-10-27T14:12:15.982+0000] {logging_mixin.py:190} INFO - [2024-10-27T14:12:15.981+0000] {dag.py:4180} INFO - Setting next_dagrun for example_complex to None, run_after=None
[2024-10-27T14:12:16.040+0000] {processor.py:208} INFO - Processing /home/airflow/.local/lib/python3.12/site-packages/airflow/example_dags/example_complex.py took 0.225 seconds
[2024-10-27T14:12:48.109+0000] {processor.py:186} INFO - Started process (PID=2351) to work on /home/airflow/.local/lib/python3.12/site-packages/airflow/example_dags/example_complex.py
[2024-10-27T14:12:48.111+0000] {processor.py:914} INFO - Processing file /home/airflow/.local/lib/python3.12/site-packages/airflow/example_dags/example_complex.py for tasks to queue
[2024-10-27T14:12:48.115+0000] {logging_mixin.py:190} INFO - [2024-10-27T14:12:48.114+0000] {dagbag.py:588} INFO - Filling up the DagBag from /home/airflow/.local/lib/python3.12/site-packages/airflow/example_dags/example_complex.py
[2024-10-27T14:12:48.141+0000] {processor.py:925} INFO - DAG(s) 'example_complex' retrieved from /home/airflow/.local/lib/python3.12/site-packages/airflow/example_dags/example_complex.py
[2024-10-27T14:12:48.196+0000] {logging_mixin.py:190} INFO - [2024-10-27T14:12:48.196+0000] {dag.py:3239} INFO - Sync 1 DAGs
[2024-10-27T14:12:48.257+0000] {logging_mixin.py:190} INFO - [2024-10-27T14:12:48.256+0000] {dag.py:4180} INFO - Setting next_dagrun for example_complex to None, run_after=None
[2024-10-27T14:12:48.323+0000] {processor.py:208} INFO - Processing /home/airflow/.local/lib/python3.12/site-packages/airflow/example_dags/example_complex.py took 0.223 seconds
[2024-10-27T14:13:19.030+0000] {processor.py:186} INFO - Started process (PID=2412) to work on /home/airflow/.local/lib/python3.12/site-packages/airflow/example_dags/example_complex.py
[2024-10-27T14:13:19.032+0000] {processor.py:914} INFO - Processing file /home/airflow/.local/lib/python3.12/site-packages/airflow/example_dags/example_complex.py for tasks to queue
[2024-10-27T14:13:19.035+0000] {logging_mixin.py:190} INFO - [2024-10-27T14:13:19.035+0000] {dagbag.py:588} INFO - Filling up the DagBag from /home/airflow/.local/lib/python3.12/site-packages/airflow/example_dags/example_complex.py
[2024-10-27T14:13:19.053+0000] {processor.py:925} INFO - DAG(s) 'example_complex' retrieved from /home/airflow/.local/lib/python3.12/site-packages/airflow/example_dags/example_complex.py
[2024-10-27T14:13:19.101+0000] {logging_mixin.py:190} INFO - [2024-10-27T14:13:19.101+0000] {dag.py:3239} INFO - Sync 1 DAGs
[2024-10-27T14:13:19.122+0000] {logging_mixin.py:190} INFO - [2024-10-27T14:13:19.121+0000] {dag.py:4180} INFO - Setting next_dagrun for example_complex to None, run_after=None
[2024-10-27T14:13:19.232+0000] {processor.py:208} INFO - Processing /home/airflow/.local/lib/python3.12/site-packages/airflow/example_dags/example_complex.py took 0.210 seconds
[2024-10-27T14:13:50.096+0000] {processor.py:186} INFO - Started process (PID=2474) to work on /home/airflow/.local/lib/python3.12/site-packages/airflow/example_dags/example_complex.py
[2024-10-27T14:13:50.098+0000] {processor.py:914} INFO - Processing file /home/airflow/.local/lib/python3.12/site-packages/airflow/example_dags/example_complex.py for tasks to queue
[2024-10-27T14:13:50.102+0000] {logging_mixin.py:190} INFO - [2024-10-27T14:13:50.101+0000] {dagbag.py:588} INFO - Filling up the DagBag from /home/airflow/.local/lib/python3.12/site-packages/airflow/example_dags/example_complex.py
[2024-10-27T14:13:50.125+0000] {processor.py:925} INFO - DAG(s) 'example_complex' retrieved from /home/airflow/.local/lib/python3.12/site-packages/airflow/example_dags/example_complex.py
[2024-10-27T14:13:50.179+0000] {logging_mixin.py:190} INFO - [2024-10-27T14:13:50.179+0000] {dag.py:3239} INFO - Sync 1 DAGs
[2024-10-27T14:13:50.201+0000] {logging_mixin.py:190} INFO - [2024-10-27T14:13:50.201+0000] {dag.py:4180} INFO - Setting next_dagrun for example_complex to None, run_after=None
[2024-10-27T14:13:50.262+0000] {processor.py:208} INFO - Processing /home/airflow/.local/lib/python3.12/site-packages/airflow/example_dags/example_complex.py took 0.179 seconds
[2024-10-27T14:14:21.246+0000] {processor.py:186} INFO - Started process (PID=2536) to work on /home/airflow/.local/lib/python3.12/site-packages/airflow/example_dags/example_complex.py
[2024-10-27T14:14:21.247+0000] {processor.py:914} INFO - Processing file /home/airflow/.local/lib/python3.12/site-packages/airflow/example_dags/example_complex.py for tasks to queue
[2024-10-27T14:14:21.251+0000] {logging_mixin.py:190} INFO - [2024-10-27T14:14:21.251+0000] {dagbag.py:588} INFO - Filling up the DagBag from /home/airflow/.local/lib/python3.12/site-packages/airflow/example_dags/example_complex.py
[2024-10-27T14:14:21.284+0000] {processor.py:925} INFO - DAG(s) 'example_complex' retrieved from /home/airflow/.local/lib/python3.12/site-packages/airflow/example_dags/example_complex.py
[2024-10-27T14:14:21.329+0000] {logging_mixin.py:190} INFO - [2024-10-27T14:14:21.328+0000] {dag.py:3239} INFO - Sync 1 DAGs
[2024-10-27T14:14:21.349+0000] {logging_mixin.py:190} INFO - [2024-10-27T14:14:21.348+0000] {dag.py:4180} INFO - Setting next_dagrun for example_complex to None, run_after=None
[2024-10-27T14:14:21.413+0000] {processor.py:208} INFO - Processing /home/airflow/.local/lib/python3.12/site-packages/airflow/example_dags/example_complex.py took 0.178 seconds
[2024-10-27T14:14:52.334+0000] {processor.py:186} INFO - Started process (PID=2598) to work on /home/airflow/.local/lib/python3.12/site-packages/airflow/example_dags/example_complex.py
[2024-10-27T14:14:52.336+0000] {processor.py:914} INFO - Processing file /home/airflow/.local/lib/python3.12/site-packages/airflow/example_dags/example_complex.py for tasks to queue
[2024-10-27T14:14:52.339+0000] {logging_mixin.py:190} INFO - [2024-10-27T14:14:52.339+0000] {dagbag.py:588} INFO - Filling up the DagBag from /home/airflow/.local/lib/python3.12/site-packages/airflow/example_dags/example_complex.py
[2024-10-27T14:14:52.364+0000] {processor.py:925} INFO - DAG(s) 'example_complex' retrieved from /home/airflow/.local/lib/python3.12/site-packages/airflow/example_dags/example_complex.py
[2024-10-27T14:14:52.414+0000] {logging_mixin.py:190} INFO - [2024-10-27T14:14:52.414+0000] {dag.py:3239} INFO - Sync 1 DAGs
[2024-10-27T14:14:52.438+0000] {logging_mixin.py:190} INFO - [2024-10-27T14:14:52.437+0000] {dag.py:4180} INFO - Setting next_dagrun for example_complex to None, run_after=None
[2024-10-27T14:14:52.480+0000] {processor.py:208} INFO - Processing /home/airflow/.local/lib/python3.12/site-packages/airflow/example_dags/example_complex.py took 0.156 seconds
[2024-10-27T14:15:23.146+0000] {processor.py:186} INFO - Started process (PID=2660) to work on /home/airflow/.local/lib/python3.12/site-packages/airflow/example_dags/example_complex.py
[2024-10-27T14:15:23.147+0000] {processor.py:914} INFO - Processing file /home/airflow/.local/lib/python3.12/site-packages/airflow/example_dags/example_complex.py for tasks to queue
[2024-10-27T14:15:23.152+0000] {logging_mixin.py:190} INFO - [2024-10-27T14:15:23.151+0000] {dagbag.py:588} INFO - Filling up the DagBag from /home/airflow/.local/lib/python3.12/site-packages/airflow/example_dags/example_complex.py
[2024-10-27T14:15:23.176+0000] {processor.py:925} INFO - DAG(s) 'example_complex' retrieved from /home/airflow/.local/lib/python3.12/site-packages/airflow/example_dags/example_complex.py
[2024-10-27T14:15:23.228+0000] {logging_mixin.py:190} INFO - [2024-10-27T14:15:23.227+0000] {dag.py:3239} INFO - Sync 1 DAGs
[2024-10-27T14:15:23.254+0000] {logging_mixin.py:190} INFO - [2024-10-27T14:15:23.254+0000] {dag.py:4180} INFO - Setting next_dagrun for example_complex to None, run_after=None
[2024-10-27T14:15:23.352+0000] {processor.py:208} INFO - Processing /home/airflow/.local/lib/python3.12/site-packages/airflow/example_dags/example_complex.py took 0.216 seconds
[2024-10-27T14:15:53.808+0000] {processor.py:186} INFO - Started process (PID=2722) to work on /home/airflow/.local/lib/python3.12/site-packages/airflow/example_dags/example_complex.py
[2024-10-27T14:15:53.809+0000] {processor.py:914} INFO - Processing file /home/airflow/.local/lib/python3.12/site-packages/airflow/example_dags/example_complex.py for tasks to queue
[2024-10-27T14:15:53.813+0000] {logging_mixin.py:190} INFO - [2024-10-27T14:15:53.813+0000] {dagbag.py:588} INFO - Filling up the DagBag from /home/airflow/.local/lib/python3.12/site-packages/airflow/example_dags/example_complex.py
[2024-10-27T14:15:53.833+0000] {processor.py:925} INFO - DAG(s) 'example_complex' retrieved from /home/airflow/.local/lib/python3.12/site-packages/airflow/example_dags/example_complex.py
[2024-10-27T14:15:53.892+0000] {logging_mixin.py:190} INFO - [2024-10-27T14:15:53.892+0000] {dag.py:3239} INFO - Sync 1 DAGs
[2024-10-27T14:15:53.915+0000] {logging_mixin.py:190} INFO - [2024-10-27T14:15:53.915+0000] {dag.py:4180} INFO - Setting next_dagrun for example_complex to None, run_after=None
[2024-10-27T14:15:54.000+0000] {processor.py:208} INFO - Processing /home/airflow/.local/lib/python3.12/site-packages/airflow/example_dags/example_complex.py took 0.201 seconds
[2024-10-27T14:16:24.857+0000] {processor.py:186} INFO - Started process (PID=2784) to work on /home/airflow/.local/lib/python3.12/site-packages/airflow/example_dags/example_complex.py
[2024-10-27T14:16:24.859+0000] {processor.py:914} INFO - Processing file /home/airflow/.local/lib/python3.12/site-packages/airflow/example_dags/example_complex.py for tasks to queue
[2024-10-27T14:16:24.864+0000] {logging_mixin.py:190} INFO - [2024-10-27T14:16:24.863+0000] {dagbag.py:588} INFO - Filling up the DagBag from /home/airflow/.local/lib/python3.12/site-packages/airflow/example_dags/example_complex.py
[2024-10-27T14:16:24.895+0000] {processor.py:925} INFO - DAG(s) 'example_complex' retrieved from /home/airflow/.local/lib/python3.12/site-packages/airflow/example_dags/example_complex.py
[2024-10-27T14:16:25.002+0000] {logging_mixin.py:190} INFO - [2024-10-27T14:16:25.001+0000] {dag.py:3239} INFO - Sync 1 DAGs
[2024-10-27T14:16:25.067+0000] {logging_mixin.py:190} INFO - [2024-10-27T14:16:25.067+0000] {dag.py:4180} INFO - Setting next_dagrun for example_complex to None, run_after=None
[2024-10-27T14:16:25.310+0000] {processor.py:208} INFO - Processing /home/airflow/.local/lib/python3.12/site-packages/airflow/example_dags/example_complex.py took 0.464 seconds
[2024-10-27T14:16:55.997+0000] {processor.py:186} INFO - Started process (PID=2846) to work on /home/airflow/.local/lib/python3.12/site-packages/airflow/example_dags/example_complex.py
[2024-10-27T14:16:56.030+0000] {processor.py:914} INFO - Processing file /home/airflow/.local/lib/python3.12/site-packages/airflow/example_dags/example_complex.py for tasks to queue
[2024-10-27T14:16:56.034+0000] {logging_mixin.py:190} INFO - [2024-10-27T14:16:56.033+0000] {dagbag.py:588} INFO - Filling up the DagBag from /home/airflow/.local/lib/python3.12/site-packages/airflow/example_dags/example_complex.py
[2024-10-27T14:16:56.058+0000] {processor.py:925} INFO - DAG(s) 'example_complex' retrieved from /home/airflow/.local/lib/python3.12/site-packages/airflow/example_dags/example_complex.py
[2024-10-27T14:16:56.120+0000] {logging_mixin.py:190} INFO - [2024-10-27T14:16:56.120+0000] {dag.py:3239} INFO - Sync 1 DAGs
[2024-10-27T14:16:56.149+0000] {logging_mixin.py:190} INFO - [2024-10-27T14:16:56.149+0000] {dag.py:4180} INFO - Setting next_dagrun for example_complex to None, run_after=None
[2024-10-27T14:16:56.274+0000] {processor.py:208} INFO - Processing /home/airflow/.local/lib/python3.12/site-packages/airflow/example_dags/example_complex.py took 0.285 seconds
[2024-10-27T14:17:26.446+0000] {processor.py:186} INFO - Started process (PID=2908) to work on /home/airflow/.local/lib/python3.12/site-packages/airflow/example_dags/example_complex.py
[2024-10-27T14:17:26.448+0000] {processor.py:914} INFO - Processing file /home/airflow/.local/lib/python3.12/site-packages/airflow/example_dags/example_complex.py for tasks to queue
[2024-10-27T14:17:26.462+0000] {logging_mixin.py:190} INFO - [2024-10-27T14:17:26.461+0000] {dagbag.py:588} INFO - Filling up the DagBag from /home/airflow/.local/lib/python3.12/site-packages/airflow/example_dags/example_complex.py
[2024-10-27T14:17:26.495+0000] {processor.py:925} INFO - DAG(s) 'example_complex' retrieved from /home/airflow/.local/lib/python3.12/site-packages/airflow/example_dags/example_complex.py
[2024-10-27T14:17:26.603+0000] {logging_mixin.py:190} INFO - [2024-10-27T14:17:26.602+0000] {dag.py:3239} INFO - Sync 1 DAGs
[2024-10-27T14:17:26.651+0000] {logging_mixin.py:190} INFO - [2024-10-27T14:17:26.651+0000] {dag.py:4180} INFO - Setting next_dagrun for example_complex to None, run_after=None
[2024-10-27T14:17:26.815+0000] {processor.py:208} INFO - Processing /home/airflow/.local/lib/python3.12/site-packages/airflow/example_dags/example_complex.py took 0.384 seconds
[2024-10-27T14:17:57.499+0000] {processor.py:186} INFO - Started process (PID=2969) to work on /home/airflow/.local/lib/python3.12/site-packages/airflow/example_dags/example_complex.py
[2024-10-27T14:17:57.557+0000] {processor.py:914} INFO - Processing file /home/airflow/.local/lib/python3.12/site-packages/airflow/example_dags/example_complex.py for tasks to queue
[2024-10-27T14:17:57.562+0000] {logging_mixin.py:190} INFO - [2024-10-27T14:17:57.561+0000] {dagbag.py:588} INFO - Filling up the DagBag from /home/airflow/.local/lib/python3.12/site-packages/airflow/example_dags/example_complex.py
[2024-10-27T14:17:57.594+0000] {processor.py:925} INFO - DAG(s) 'example_complex' retrieved from /home/airflow/.local/lib/python3.12/site-packages/airflow/example_dags/example_complex.py
[2024-10-27T14:17:57.669+0000] {logging_mixin.py:190} INFO - [2024-10-27T14:17:57.665+0000] {dag.py:3239} INFO - Sync 1 DAGs
[2024-10-27T14:17:57.704+0000] {logging_mixin.py:190} INFO - [2024-10-27T14:17:57.703+0000] {dag.py:4180} INFO - Setting next_dagrun for example_complex to None, run_after=None
[2024-10-27T14:17:57.747+0000] {processor.py:208} INFO - Processing /home/airflow/.local/lib/python3.12/site-packages/airflow/example_dags/example_complex.py took 0.258 seconds
[2024-10-27T14:18:28.188+0000] {processor.py:186} INFO - Started process (PID=3031) to work on /home/airflow/.local/lib/python3.12/site-packages/airflow/example_dags/example_complex.py
[2024-10-27T14:18:28.191+0000] {processor.py:914} INFO - Processing file /home/airflow/.local/lib/python3.12/site-packages/airflow/example_dags/example_complex.py for tasks to queue
[2024-10-27T14:18:28.204+0000] {logging_mixin.py:190} INFO - [2024-10-27T14:18:28.203+0000] {dagbag.py:588} INFO - Filling up the DagBag from /home/airflow/.local/lib/python3.12/site-packages/airflow/example_dags/example_complex.py
[2024-10-27T14:18:28.245+0000] {processor.py:925} INFO - DAG(s) 'example_complex' retrieved from /home/airflow/.local/lib/python3.12/site-packages/airflow/example_dags/example_complex.py
[2024-10-27T14:18:28.360+0000] {logging_mixin.py:190} INFO - [2024-10-27T14:18:28.360+0000] {dag.py:3239} INFO - Sync 1 DAGs
[2024-10-27T14:18:28.414+0000] {logging_mixin.py:190} INFO - [2024-10-27T14:18:28.414+0000] {dag.py:4180} INFO - Setting next_dagrun for example_complex to None, run_after=None
[2024-10-27T14:18:28.495+0000] {processor.py:208} INFO - Processing /home/airflow/.local/lib/python3.12/site-packages/airflow/example_dags/example_complex.py took 0.330 seconds
[2024-10-27T14:18:59.880+0000] {processor.py:186} INFO - Started process (PID=3094) to work on /home/airflow/.local/lib/python3.12/site-packages/airflow/example_dags/example_complex.py
[2024-10-27T14:18:59.893+0000] {processor.py:914} INFO - Processing file /home/airflow/.local/lib/python3.12/site-packages/airflow/example_dags/example_complex.py for tasks to queue
[2024-10-27T14:18:59.909+0000] {logging_mixin.py:190} INFO - [2024-10-27T14:18:59.898+0000] {dagbag.py:588} INFO - Filling up the DagBag from /home/airflow/.local/lib/python3.12/site-packages/airflow/example_dags/example_complex.py
[2024-10-27T14:18:59.985+0000] {processor.py:925} INFO - DAG(s) 'example_complex' retrieved from /home/airflow/.local/lib/python3.12/site-packages/airflow/example_dags/example_complex.py
[2024-10-27T14:19:00.227+0000] {logging_mixin.py:190} INFO - [2024-10-27T14:19:00.227+0000] {dag.py:3239} INFO - Sync 1 DAGs
[2024-10-27T14:19:00.356+0000] {logging_mixin.py:190} INFO - [2024-10-27T14:19:00.355+0000] {dag.py:4180} INFO - Setting next_dagrun for example_complex to None, run_after=None
[2024-10-27T14:19:00.492+0000] {processor.py:208} INFO - Processing /home/airflow/.local/lib/python3.12/site-packages/airflow/example_dags/example_complex.py took 0.647 seconds
[2024-10-27T14:19:31.458+0000] {processor.py:186} INFO - Started process (PID=3157) to work on /home/airflow/.local/lib/python3.12/site-packages/airflow/example_dags/example_complex.py
[2024-10-27T14:19:31.462+0000] {processor.py:914} INFO - Processing file /home/airflow/.local/lib/python3.12/site-packages/airflow/example_dags/example_complex.py for tasks to queue
[2024-10-27T14:19:31.467+0000] {logging_mixin.py:190} INFO - [2024-10-27T14:19:31.466+0000] {dagbag.py:588} INFO - Filling up the DagBag from /home/airflow/.local/lib/python3.12/site-packages/airflow/example_dags/example_complex.py
[2024-10-27T14:19:31.517+0000] {processor.py:925} INFO - DAG(s) 'example_complex' retrieved from /home/airflow/.local/lib/python3.12/site-packages/airflow/example_dags/example_complex.py
[2024-10-27T14:19:31.645+0000] {logging_mixin.py:190} INFO - [2024-10-27T14:19:31.645+0000] {dag.py:3239} INFO - Sync 1 DAGs
[2024-10-27T14:19:31.690+0000] {logging_mixin.py:190} INFO - [2024-10-27T14:19:31.690+0000] {dag.py:4180} INFO - Setting next_dagrun for example_complex to None, run_after=None
[2024-10-27T14:19:31.782+0000] {processor.py:208} INFO - Processing /home/airflow/.local/lib/python3.12/site-packages/airflow/example_dags/example_complex.py took 0.373 seconds
[2024-10-27T14:20:02.594+0000] {processor.py:186} INFO - Started process (PID=3218) to work on /home/airflow/.local/lib/python3.12/site-packages/airflow/example_dags/example_complex.py
[2024-10-27T14:20:02.600+0000] {processor.py:914} INFO - Processing file /home/airflow/.local/lib/python3.12/site-packages/airflow/example_dags/example_complex.py for tasks to queue
[2024-10-27T14:20:02.607+0000] {logging_mixin.py:190} INFO - [2024-10-27T14:20:02.607+0000] {dagbag.py:588} INFO - Filling up the DagBag from /home/airflow/.local/lib/python3.12/site-packages/airflow/example_dags/example_complex.py
[2024-10-27T14:20:02.666+0000] {processor.py:925} INFO - DAG(s) 'example_complex' retrieved from /home/airflow/.local/lib/python3.12/site-packages/airflow/example_dags/example_complex.py
[2024-10-27T14:20:02.793+0000] {logging_mixin.py:190} INFO - [2024-10-27T14:20:02.792+0000] {dag.py:3239} INFO - Sync 1 DAGs
[2024-10-27T14:20:02.864+0000] {logging_mixin.py:190} INFO - [2024-10-27T14:20:02.864+0000] {dag.py:4180} INFO - Setting next_dagrun for example_complex to None, run_after=None
[2024-10-27T14:20:02.930+0000] {processor.py:208} INFO - Processing /home/airflow/.local/lib/python3.12/site-packages/airflow/example_dags/example_complex.py took 0.353 seconds
[2024-10-27T14:20:36.053+0000] {processor.py:186} INFO - Started process (PID=3281) to work on /home/airflow/.local/lib/python3.12/site-packages/airflow/example_dags/example_complex.py
[2024-10-27T14:20:36.057+0000] {processor.py:914} INFO - Processing file /home/airflow/.local/lib/python3.12/site-packages/airflow/example_dags/example_complex.py for tasks to queue
[2024-10-27T14:20:36.087+0000] {logging_mixin.py:190} INFO - [2024-10-27T14:20:36.085+0000] {dagbag.py:588} INFO - Filling up the DagBag from /home/airflow/.local/lib/python3.12/site-packages/airflow/example_dags/example_complex.py
[2024-10-27T14:20:36.196+0000] {processor.py:925} INFO - DAG(s) 'example_complex' retrieved from /home/airflow/.local/lib/python3.12/site-packages/airflow/example_dags/example_complex.py
[2024-10-27T14:20:36.447+0000] {logging_mixin.py:190} INFO - [2024-10-27T14:20:36.444+0000] {dag.py:3239} INFO - Sync 1 DAGs
[2024-10-27T14:20:36.525+0000] {logging_mixin.py:190} INFO - [2024-10-27T14:20:36.524+0000] {dag.py:4180} INFO - Setting next_dagrun for example_complex to None, run_after=None
[2024-10-27T14:20:36.764+0000] {processor.py:208} INFO - Processing /home/airflow/.local/lib/python3.12/site-packages/airflow/example_dags/example_complex.py took 0.731 seconds
[2024-10-27T14:21:14.961+0000] {processor.py:186} INFO - Started process (PID=3347) to work on /home/airflow/.local/lib/python3.12/site-packages/airflow/example_dags/example_complex.py
[2024-10-27T14:21:14.969+0000] {processor.py:914} INFO - Processing file /home/airflow/.local/lib/python3.12/site-packages/airflow/example_dags/example_complex.py for tasks to queue
[2024-10-27T14:21:14.973+0000] {logging_mixin.py:190} INFO - [2024-10-27T14:21:14.973+0000] {dagbag.py:588} INFO - Filling up the DagBag from /home/airflow/.local/lib/python3.12/site-packages/airflow/example_dags/example_complex.py
[2024-10-27T14:21:15.015+0000] {processor.py:925} INFO - DAG(s) 'example_complex' retrieved from /home/airflow/.local/lib/python3.12/site-packages/airflow/example_dags/example_complex.py
[2024-10-27T14:21:15.148+0000] {logging_mixin.py:190} INFO - [2024-10-27T14:21:15.148+0000] {dag.py:3239} INFO - Sync 1 DAGs
[2024-10-27T14:21:15.181+0000] {logging_mixin.py:190} INFO - [2024-10-27T14:21:15.181+0000] {dag.py:4180} INFO - Setting next_dagrun for example_complex to None, run_after=None
[2024-10-27T14:21:15.527+0000] {processor.py:208} INFO - Processing /home/airflow/.local/lib/python3.12/site-packages/airflow/example_dags/example_complex.py took 0.583 seconds
[2024-10-27T14:21:48.557+0000] {processor.py:186} INFO - Started process (PID=3403) to work on /home/airflow/.local/lib/python3.12/site-packages/airflow/example_dags/example_complex.py
[2024-10-27T14:21:48.571+0000] {processor.py:914} INFO - Processing file /home/airflow/.local/lib/python3.12/site-packages/airflow/example_dags/example_complex.py for tasks to queue
[2024-10-27T14:21:48.576+0000] {logging_mixin.py:190} INFO - [2024-10-27T14:21:48.575+0000] {dagbag.py:588} INFO - Filling up the DagBag from /home/airflow/.local/lib/python3.12/site-packages/airflow/example_dags/example_complex.py
[2024-10-27T14:21:48.618+0000] {processor.py:925} INFO - DAG(s) 'example_complex' retrieved from /home/airflow/.local/lib/python3.12/site-packages/airflow/example_dags/example_complex.py
[2024-10-27T14:21:48.730+0000] {logging_mixin.py:190} INFO - [2024-10-27T14:21:48.729+0000] {dag.py:3239} INFO - Sync 1 DAGs
[2024-10-27T14:21:48.792+0000] {logging_mixin.py:190} INFO - [2024-10-27T14:21:48.791+0000] {dag.py:4180} INFO - Setting next_dagrun for example_complex to None, run_after=None
[2024-10-27T14:21:48.906+0000] {processor.py:208} INFO - Processing /home/airflow/.local/lib/python3.12/site-packages/airflow/example_dags/example_complex.py took 0.372 seconds
[2024-10-27T14:22:19.564+0000] {processor.py:186} INFO - Started process (PID=3465) to work on /home/airflow/.local/lib/python3.12/site-packages/airflow/example_dags/example_complex.py
[2024-10-27T14:22:19.576+0000] {processor.py:914} INFO - Processing file /home/airflow/.local/lib/python3.12/site-packages/airflow/example_dags/example_complex.py for tasks to queue
[2024-10-27T14:22:19.579+0000] {logging_mixin.py:190} INFO - [2024-10-27T14:22:19.579+0000] {dagbag.py:588} INFO - Filling up the DagBag from /home/airflow/.local/lib/python3.12/site-packages/airflow/example_dags/example_complex.py
[2024-10-27T14:22:19.647+0000] {processor.py:925} INFO - DAG(s) 'example_complex' retrieved from /home/airflow/.local/lib/python3.12/site-packages/airflow/example_dags/example_complex.py
[2024-10-27T14:22:19.796+0000] {logging_mixin.py:190} INFO - [2024-10-27T14:22:19.794+0000] {dag.py:3239} INFO - Sync 1 DAGs
[2024-10-27T14:22:19.852+0000] {logging_mixin.py:190} INFO - [2024-10-27T14:22:19.851+0000] {dag.py:4180} INFO - Setting next_dagrun for example_complex to None, run_after=None
[2024-10-27T14:22:19.977+0000] {processor.py:208} INFO - Processing /home/airflow/.local/lib/python3.12/site-packages/airflow/example_dags/example_complex.py took 0.424 seconds
[2024-10-27T14:22:50.541+0000] {processor.py:186} INFO - Started process (PID=3526) to work on /home/airflow/.local/lib/python3.12/site-packages/airflow/example_dags/example_complex.py
[2024-10-27T14:22:50.551+0000] {processor.py:914} INFO - Processing file /home/airflow/.local/lib/python3.12/site-packages/airflow/example_dags/example_complex.py for tasks to queue
[2024-10-27T14:22:50.556+0000] {logging_mixin.py:190} INFO - [2024-10-27T14:22:50.555+0000] {dagbag.py:588} INFO - Filling up the DagBag from /home/airflow/.local/lib/python3.12/site-packages/airflow/example_dags/example_complex.py
[2024-10-27T14:22:50.598+0000] {processor.py:925} INFO - DAG(s) 'example_complex' retrieved from /home/airflow/.local/lib/python3.12/site-packages/airflow/example_dags/example_complex.py
[2024-10-27T14:22:50.745+0000] {logging_mixin.py:190} INFO - [2024-10-27T14:22:50.744+0000] {dag.py:3239} INFO - Sync 1 DAGs
[2024-10-27T14:22:50.830+0000] {logging_mixin.py:190} INFO - [2024-10-27T14:22:50.830+0000] {dag.py:4180} INFO - Setting next_dagrun for example_complex to None, run_after=None
[2024-10-27T14:22:50.943+0000] {processor.py:208} INFO - Processing /home/airflow/.local/lib/python3.12/site-packages/airflow/example_dags/example_complex.py took 0.420 seconds
[2024-10-27T14:23:21.431+0000] {processor.py:186} INFO - Started process (PID=3587) to work on /home/airflow/.local/lib/python3.12/site-packages/airflow/example_dags/example_complex.py
[2024-10-27T14:23:21.435+0000] {processor.py:914} INFO - Processing file /home/airflow/.local/lib/python3.12/site-packages/airflow/example_dags/example_complex.py for tasks to queue
[2024-10-27T14:23:21.440+0000] {logging_mixin.py:190} INFO - [2024-10-27T14:23:21.439+0000] {dagbag.py:588} INFO - Filling up the DagBag from /home/airflow/.local/lib/python3.12/site-packages/airflow/example_dags/example_complex.py
[2024-10-27T14:23:21.469+0000] {processor.py:925} INFO - DAG(s) 'example_complex' retrieved from /home/airflow/.local/lib/python3.12/site-packages/airflow/example_dags/example_complex.py
[2024-10-27T14:23:21.545+0000] {logging_mixin.py:190} INFO - [2024-10-27T14:23:21.545+0000] {dag.py:3239} INFO - Sync 1 DAGs
[2024-10-27T14:23:21.809+0000] {logging_mixin.py:190} INFO - [2024-10-27T14:23:21.809+0000] {dag.py:4180} INFO - Setting next_dagrun for example_complex to None, run_after=None
[2024-10-27T14:23:21.870+0000] {processor.py:208} INFO - Processing /home/airflow/.local/lib/python3.12/site-packages/airflow/example_dags/example_complex.py took 0.450 seconds
[2024-10-27T14:23:52.532+0000] {processor.py:186} INFO - Started process (PID=3648) to work on /home/airflow/.local/lib/python3.12/site-packages/airflow/example_dags/example_complex.py
[2024-10-27T14:23:52.627+0000] {processor.py:914} INFO - Processing file /home/airflow/.local/lib/python3.12/site-packages/airflow/example_dags/example_complex.py for tasks to queue
[2024-10-27T14:23:52.641+0000] {logging_mixin.py:190} INFO - [2024-10-27T14:23:52.639+0000] {dagbag.py:588} INFO - Filling up the DagBag from /home/airflow/.local/lib/python3.12/site-packages/airflow/example_dags/example_complex.py
[2024-10-27T14:23:52.669+0000] {processor.py:925} INFO - DAG(s) 'example_complex' retrieved from /home/airflow/.local/lib/python3.12/site-packages/airflow/example_dags/example_complex.py
[2024-10-27T14:23:52.733+0000] {logging_mixin.py:190} INFO - [2024-10-27T14:23:52.732+0000] {dag.py:3239} INFO - Sync 1 DAGs
[2024-10-27T14:23:52.760+0000] {logging_mixin.py:190} INFO - [2024-10-27T14:23:52.760+0000] {dag.py:4180} INFO - Setting next_dagrun for example_complex to None, run_after=None
[2024-10-27T14:23:52.809+0000] {processor.py:208} INFO - Processing /home/airflow/.local/lib/python3.12/site-packages/airflow/example_dags/example_complex.py took 0.285 seconds
[2024-10-27T14:24:22.944+0000] {processor.py:186} INFO - Started process (PID=3708) to work on /home/airflow/.local/lib/python3.12/site-packages/airflow/example_dags/example_complex.py
[2024-10-27T14:24:22.946+0000] {processor.py:914} INFO - Processing file /home/airflow/.local/lib/python3.12/site-packages/airflow/example_dags/example_complex.py for tasks to queue
[2024-10-27T14:24:22.958+0000] {logging_mixin.py:190} INFO - [2024-10-27T14:24:22.950+0000] {dagbag.py:588} INFO - Filling up the DagBag from /home/airflow/.local/lib/python3.12/site-packages/airflow/example_dags/example_complex.py
[2024-10-27T14:24:23.503+0000] {processor.py:925} INFO - DAG(s) 'example_complex' retrieved from /home/airflow/.local/lib/python3.12/site-packages/airflow/example_dags/example_complex.py
[2024-10-27T14:24:23.663+0000] {logging_mixin.py:190} INFO - [2024-10-27T14:24:23.663+0000] {dag.py:3239} INFO - Sync 1 DAGs
[2024-10-27T14:24:23.724+0000] {logging_mixin.py:190} INFO - [2024-10-27T14:24:23.723+0000] {dag.py:4180} INFO - Setting next_dagrun for example_complex to None, run_after=None
[2024-10-27T14:24:23.850+0000] {processor.py:208} INFO - Processing /home/airflow/.local/lib/python3.12/site-packages/airflow/example_dags/example_complex.py took 0.924 seconds
[2024-10-27T14:24:54.558+0000] {processor.py:186} INFO - Started process (PID=3770) to work on /home/airflow/.local/lib/python3.12/site-packages/airflow/example_dags/example_complex.py
[2024-10-27T14:24:54.560+0000] {processor.py:914} INFO - Processing file /home/airflow/.local/lib/python3.12/site-packages/airflow/example_dags/example_complex.py for tasks to queue
[2024-10-27T14:24:54.566+0000] {logging_mixin.py:190} INFO - [2024-10-27T14:24:54.565+0000] {dagbag.py:588} INFO - Filling up the DagBag from /home/airflow/.local/lib/python3.12/site-packages/airflow/example_dags/example_complex.py
[2024-10-27T14:24:54.592+0000] {processor.py:925} INFO - DAG(s) 'example_complex' retrieved from /home/airflow/.local/lib/python3.12/site-packages/airflow/example_dags/example_complex.py
[2024-10-27T14:24:54.672+0000] {logging_mixin.py:190} INFO - [2024-10-27T14:24:54.672+0000] {dag.py:3239} INFO - Sync 1 DAGs
[2024-10-27T14:24:54.707+0000] {logging_mixin.py:190} INFO - [2024-10-27T14:24:54.706+0000] {dag.py:4180} INFO - Setting next_dagrun for example_complex to None, run_after=None
[2024-10-27T14:24:54.912+0000] {processor.py:208} INFO - Processing /home/airflow/.local/lib/python3.12/site-packages/airflow/example_dags/example_complex.py took 0.368 seconds
[2024-10-27T14:25:25.175+0000] {processor.py:186} INFO - Started process (PID=3833) to work on /home/airflow/.local/lib/python3.12/site-packages/airflow/example_dags/example_complex.py
[2024-10-27T14:25:25.178+0000] {processor.py:914} INFO - Processing file /home/airflow/.local/lib/python3.12/site-packages/airflow/example_dags/example_complex.py for tasks to queue
[2024-10-27T14:25:25.182+0000] {logging_mixin.py:190} INFO - [2024-10-27T14:25:25.182+0000] {dagbag.py:588} INFO - Filling up the DagBag from /home/airflow/.local/lib/python3.12/site-packages/airflow/example_dags/example_complex.py
[2024-10-27T14:25:25.207+0000] {processor.py:925} INFO - DAG(s) 'example_complex' retrieved from /home/airflow/.local/lib/python3.12/site-packages/airflow/example_dags/example_complex.py
[2024-10-27T14:25:25.272+0000] {logging_mixin.py:190} INFO - [2024-10-27T14:25:25.271+0000] {dag.py:3239} INFO - Sync 1 DAGs
[2024-10-27T14:25:25.305+0000] {logging_mixin.py:190} INFO - [2024-10-27T14:25:25.305+0000] {dag.py:4180} INFO - Setting next_dagrun for example_complex to None, run_after=None
[2024-10-27T14:25:25.343+0000] {processor.py:208} INFO - Processing /home/airflow/.local/lib/python3.12/site-packages/airflow/example_dags/example_complex.py took 0.177 seconds
[2024-10-27T14:25:55.687+0000] {processor.py:186} INFO - Started process (PID=3895) to work on /home/airflow/.local/lib/python3.12/site-packages/airflow/example_dags/example_complex.py
[2024-10-27T14:25:55.688+0000] {processor.py:914} INFO - Processing file /home/airflow/.local/lib/python3.12/site-packages/airflow/example_dags/example_complex.py for tasks to queue
[2024-10-27T14:25:55.693+0000] {logging_mixin.py:190} INFO - [2024-10-27T14:25:55.692+0000] {dagbag.py:588} INFO - Filling up the DagBag from /home/airflow/.local/lib/python3.12/site-packages/airflow/example_dags/example_complex.py
[2024-10-27T14:25:55.713+0000] {processor.py:925} INFO - DAG(s) 'example_complex' retrieved from /home/airflow/.local/lib/python3.12/site-packages/airflow/example_dags/example_complex.py
[2024-10-27T14:25:55.770+0000] {logging_mixin.py:190} INFO - [2024-10-27T14:25:55.770+0000] {dag.py:3239} INFO - Sync 1 DAGs
[2024-10-27T14:25:55.793+0000] {logging_mixin.py:190} INFO - [2024-10-27T14:25:55.793+0000] {dag.py:4180} INFO - Setting next_dagrun for example_complex to None, run_after=None
[2024-10-27T14:25:56.178+0000] {processor.py:208} INFO - Processing /home/airflow/.local/lib/python3.12/site-packages/airflow/example_dags/example_complex.py took 0.502 seconds
[2024-10-27T14:26:26.451+0000] {processor.py:186} INFO - Started process (PID=3957) to work on /home/airflow/.local/lib/python3.12/site-packages/airflow/example_dags/example_complex.py
[2024-10-27T14:26:26.452+0000] {processor.py:914} INFO - Processing file /home/airflow/.local/lib/python3.12/site-packages/airflow/example_dags/example_complex.py for tasks to queue
[2024-10-27T14:26:26.456+0000] {logging_mixin.py:190} INFO - [2024-10-27T14:26:26.455+0000] {dagbag.py:588} INFO - Filling up the DagBag from /home/airflow/.local/lib/python3.12/site-packages/airflow/example_dags/example_complex.py
[2024-10-27T14:26:26.480+0000] {processor.py:925} INFO - DAG(s) 'example_complex' retrieved from /home/airflow/.local/lib/python3.12/site-packages/airflow/example_dags/example_complex.py
[2024-10-27T14:26:26.559+0000] {logging_mixin.py:190} INFO - [2024-10-27T14:26:26.559+0000] {dag.py:3239} INFO - Sync 1 DAGs
[2024-10-27T14:26:26.588+0000] {logging_mixin.py:190} INFO - [2024-10-27T14:26:26.587+0000] {dag.py:4180} INFO - Setting next_dagrun for example_complex to None, run_after=None
[2024-10-27T14:26:26.737+0000] {processor.py:208} INFO - Processing /home/airflow/.local/lib/python3.12/site-packages/airflow/example_dags/example_complex.py took 0.295 seconds
[2024-10-27T14:49:59.317+0000] {processor.py:186} INFO - Started process (PID=53) to work on /home/airflow/.local/lib/python3.12/site-packages/airflow/example_dags/example_complex.py
[2024-10-27T14:49:59.338+0000] {processor.py:914} INFO - Processing file /home/airflow/.local/lib/python3.12/site-packages/airflow/example_dags/example_complex.py for tasks to queue
[2024-10-27T14:49:59.343+0000] {logging_mixin.py:190} INFO - [2024-10-27T14:49:59.342+0000] {dagbag.py:588} INFO - Filling up the DagBag from /home/airflow/.local/lib/python3.12/site-packages/airflow/example_dags/example_complex.py
[2024-10-27T14:49:59.397+0000] {processor.py:925} INFO - DAG(s) 'example_complex' retrieved from /home/airflow/.local/lib/python3.12/site-packages/airflow/example_dags/example_complex.py
[2024-10-27T14:49:59.498+0000] {logging_mixin.py:190} INFO - [2024-10-27T14:49:59.498+0000] {dag.py:3239} INFO - Sync 1 DAGs
[2024-10-27T14:49:59.530+0000] {logging_mixin.py:190} INFO - [2024-10-27T14:49:59.529+0000] {dag.py:4180} INFO - Setting next_dagrun for example_complex to None, run_after=None
[2024-10-27T14:49:59.630+0000] {processor.py:208} INFO - Processing /home/airflow/.local/lib/python3.12/site-packages/airflow/example_dags/example_complex.py took 0.325 seconds
[2024-10-27T14:50:30.484+0000] {processor.py:186} INFO - Started process (PID=116) to work on /home/airflow/.local/lib/python3.12/site-packages/airflow/example_dags/example_complex.py
[2024-10-27T14:50:30.488+0000] {processor.py:914} INFO - Processing file /home/airflow/.local/lib/python3.12/site-packages/airflow/example_dags/example_complex.py for tasks to queue
[2024-10-27T14:50:30.495+0000] {logging_mixin.py:190} INFO - [2024-10-27T14:50:30.494+0000] {dagbag.py:588} INFO - Filling up the DagBag from /home/airflow/.local/lib/python3.12/site-packages/airflow/example_dags/example_complex.py
[2024-10-27T14:50:30.544+0000] {processor.py:925} INFO - DAG(s) 'example_complex' retrieved from /home/airflow/.local/lib/python3.12/site-packages/airflow/example_dags/example_complex.py
[2024-10-27T14:50:30.784+0000] {logging_mixin.py:190} INFO - [2024-10-27T14:50:30.783+0000] {dag.py:3239} INFO - Sync 1 DAGs
[2024-10-27T14:50:30.913+0000] {logging_mixin.py:190} INFO - [2024-10-27T14:50:30.913+0000] {dag.py:4180} INFO - Setting next_dagrun for example_complex to None, run_after=None
[2024-10-27T14:50:31.010+0000] {processor.py:208} INFO - Processing /home/airflow/.local/lib/python3.12/site-packages/airflow/example_dags/example_complex.py took 0.550 seconds
[2024-10-27T14:51:01.754+0000] {processor.py:186} INFO - Started process (PID=178) to work on /home/airflow/.local/lib/python3.12/site-packages/airflow/example_dags/example_complex.py
[2024-10-27T14:51:01.755+0000] {processor.py:914} INFO - Processing file /home/airflow/.local/lib/python3.12/site-packages/airflow/example_dags/example_complex.py for tasks to queue
[2024-10-27T14:51:01.760+0000] {logging_mixin.py:190} INFO - [2024-10-27T14:51:01.760+0000] {dagbag.py:588} INFO - Filling up the DagBag from /home/airflow/.local/lib/python3.12/site-packages/airflow/example_dags/example_complex.py
[2024-10-27T14:51:01.798+0000] {processor.py:925} INFO - DAG(s) 'example_complex' retrieved from /home/airflow/.local/lib/python3.12/site-packages/airflow/example_dags/example_complex.py
[2024-10-27T14:51:01.894+0000] {logging_mixin.py:190} INFO - [2024-10-27T14:51:01.894+0000] {dag.py:3239} INFO - Sync 1 DAGs
[2024-10-27T14:51:01.919+0000] {logging_mixin.py:190} INFO - [2024-10-27T14:51:01.919+0000] {dag.py:4180} INFO - Setting next_dagrun for example_complex to None, run_after=None
[2024-10-27T14:51:02.192+0000] {processor.py:208} INFO - Processing /home/airflow/.local/lib/python3.12/site-packages/airflow/example_dags/example_complex.py took 0.449 seconds
[2024-10-27T14:51:32.854+0000] {processor.py:186} INFO - Started process (PID=241) to work on /home/airflow/.local/lib/python3.12/site-packages/airflow/example_dags/example_complex.py
[2024-10-27T14:51:32.859+0000] {processor.py:914} INFO - Processing file /home/airflow/.local/lib/python3.12/site-packages/airflow/example_dags/example_complex.py for tasks to queue
[2024-10-27T14:51:32.865+0000] {logging_mixin.py:190} INFO - [2024-10-27T14:51:32.864+0000] {dagbag.py:588} INFO - Filling up the DagBag from /home/airflow/.local/lib/python3.12/site-packages/airflow/example_dags/example_complex.py
[2024-10-27T14:51:32.895+0000] {processor.py:925} INFO - DAG(s) 'example_complex' retrieved from /home/airflow/.local/lib/python3.12/site-packages/airflow/example_dags/example_complex.py
[2024-10-27T14:51:32.961+0000] {logging_mixin.py:190} INFO - [2024-10-27T14:51:32.961+0000] {dag.py:3239} INFO - Sync 1 DAGs
[2024-10-27T14:51:32.992+0000] {logging_mixin.py:190} INFO - [2024-10-27T14:51:32.992+0000] {dag.py:4180} INFO - Setting next_dagrun for example_complex to None, run_after=None
[2024-10-27T14:51:33.051+0000] {processor.py:208} INFO - Processing /home/airflow/.local/lib/python3.12/site-packages/airflow/example_dags/example_complex.py took 0.215 seconds
[2024-10-27T14:52:03.125+0000] {processor.py:186} INFO - Started process (PID=303) to work on /home/airflow/.local/lib/python3.12/site-packages/airflow/example_dags/example_complex.py
[2024-10-27T14:52:03.128+0000] {processor.py:914} INFO - Processing file /home/airflow/.local/lib/python3.12/site-packages/airflow/example_dags/example_complex.py for tasks to queue
[2024-10-27T14:52:03.133+0000] {logging_mixin.py:190} INFO - [2024-10-27T14:52:03.132+0000] {dagbag.py:588} INFO - Filling up the DagBag from /home/airflow/.local/lib/python3.12/site-packages/airflow/example_dags/example_complex.py
[2024-10-27T14:52:03.160+0000] {processor.py:925} INFO - DAG(s) 'example_complex' retrieved from /home/airflow/.local/lib/python3.12/site-packages/airflow/example_dags/example_complex.py
[2024-10-27T14:52:03.243+0000] {logging_mixin.py:190} INFO - [2024-10-27T14:52:03.242+0000] {dag.py:3239} INFO - Sync 1 DAGs
[2024-10-27T14:52:03.280+0000] {logging_mixin.py:190} INFO - [2024-10-27T14:52:03.280+0000] {dag.py:4180} INFO - Setting next_dagrun for example_complex to None, run_after=None
[2024-10-27T14:52:03.398+0000] {processor.py:208} INFO - Processing /home/airflow/.local/lib/python3.12/site-packages/airflow/example_dags/example_complex.py took 0.283 seconds
[2024-10-27T14:52:33.795+0000] {processor.py:186} INFO - Started process (PID=365) to work on /home/airflow/.local/lib/python3.12/site-packages/airflow/example_dags/example_complex.py
[2024-10-27T14:52:33.796+0000] {processor.py:914} INFO - Processing file /home/airflow/.local/lib/python3.12/site-packages/airflow/example_dags/example_complex.py for tasks to queue
[2024-10-27T14:52:33.801+0000] {logging_mixin.py:190} INFO - [2024-10-27T14:52:33.801+0000] {dagbag.py:588} INFO - Filling up the DagBag from /home/airflow/.local/lib/python3.12/site-packages/airflow/example_dags/example_complex.py
[2024-10-27T14:52:33.828+0000] {processor.py:925} INFO - DAG(s) 'example_complex' retrieved from /home/airflow/.local/lib/python3.12/site-packages/airflow/example_dags/example_complex.py
[2024-10-27T14:52:33.909+0000] {logging_mixin.py:190} INFO - [2024-10-27T14:52:33.908+0000] {dag.py:3239} INFO - Sync 1 DAGs
[2024-10-27T14:52:33.944+0000] {logging_mixin.py:190} INFO - [2024-10-27T14:52:33.941+0000] {dag.py:4180} INFO - Setting next_dagrun for example_complex to None, run_after=None
[2024-10-27T14:52:34.085+0000] {processor.py:208} INFO - Processing /home/airflow/.local/lib/python3.12/site-packages/airflow/example_dags/example_complex.py took 0.302 seconds
[2024-10-27T14:53:04.328+0000] {processor.py:186} INFO - Started process (PID=427) to work on /home/airflow/.local/lib/python3.12/site-packages/airflow/example_dags/example_complex.py
[2024-10-27T14:53:04.330+0000] {processor.py:914} INFO - Processing file /home/airflow/.local/lib/python3.12/site-packages/airflow/example_dags/example_complex.py for tasks to queue
[2024-10-27T14:53:04.333+0000] {logging_mixin.py:190} INFO - [2024-10-27T14:53:04.333+0000] {dagbag.py:588} INFO - Filling up the DagBag from /home/airflow/.local/lib/python3.12/site-packages/airflow/example_dags/example_complex.py
[2024-10-27T14:53:04.350+0000] {processor.py:925} INFO - DAG(s) 'example_complex' retrieved from /home/airflow/.local/lib/python3.12/site-packages/airflow/example_dags/example_complex.py
[2024-10-27T14:53:04.396+0000] {logging_mixin.py:190} INFO - [2024-10-27T14:53:04.396+0000] {dag.py:3239} INFO - Sync 1 DAGs
[2024-10-27T14:53:04.416+0000] {logging_mixin.py:190} INFO - [2024-10-27T14:53:04.416+0000] {dag.py:4180} INFO - Setting next_dagrun for example_complex to None, run_after=None
[2024-10-27T14:53:04.496+0000] {processor.py:208} INFO - Processing /home/airflow/.local/lib/python3.12/site-packages/airflow/example_dags/example_complex.py took 0.177 seconds
