[2024-10-27T13:43:01.729+0000] {processor.py:186} INFO - Started process (PID=62) to work on /home/airflow/.local/lib/python3.12/site-packages/airflow/example_dags/example_skip_dag.py
[2024-10-27T13:43:01.731+0000] {processor.py:914} INFO - Processing file /home/airflow/.local/lib/python3.12/site-packages/airflow/example_dags/example_skip_dag.py for tasks to queue
[2024-10-27T13:43:01.736+0000] {logging_mixin.py:190} INFO - [2024-10-27T13:43:01.736+0000] {dagbag.py:588} INFO - Filling up the DagBag from /home/airflow/.local/lib/python3.12/site-packages/airflow/example_dags/example_skip_dag.py
[2024-10-27T13:43:01.753+0000] {processor.py:925} INFO - DAG(s) 'example_skip_dag' retrieved from /home/airflow/.local/lib/python3.12/site-packages/airflow/example_dags/example_skip_dag.py
[2024-10-27T13:43:02.049+0000] {logging_mixin.py:190} INFO - [2024-10-27T13:43:02.049+0000] {dag.py:3239} INFO - Sync 1 DAGs
[2024-10-27T13:43:02.083+0000] {logging_mixin.py:190} INFO - [2024-10-27T13:43:02.083+0000] {dag.py:4180} INFO - Setting next_dagrun for example_skip_dag to 2024-10-26 00:00:00+00:00, run_after=2024-10-27 00:00:00+00:00
[2024-10-27T13:43:02.155+0000] {processor.py:208} INFO - Processing /home/airflow/.local/lib/python3.12/site-packages/airflow/example_dags/example_skip_dag.py took 0.440 seconds
[2024-10-27T13:43:34.232+0000] {processor.py:186} INFO - Started process (PID=124) to work on /home/airflow/.local/lib/python3.12/site-packages/airflow/example_dags/example_skip_dag.py
[2024-10-27T13:43:34.233+0000] {processor.py:914} INFO - Processing file /home/airflow/.local/lib/python3.12/site-packages/airflow/example_dags/example_skip_dag.py for tasks to queue
[2024-10-27T13:43:34.238+0000] {logging_mixin.py:190} INFO - [2024-10-27T13:43:34.238+0000] {dagbag.py:588} INFO - Filling up the DagBag from /home/airflow/.local/lib/python3.12/site-packages/airflow/example_dags/example_skip_dag.py
[2024-10-27T13:43:34.260+0000] {processor.py:925} INFO - DAG(s) 'example_skip_dag' retrieved from /home/airflow/.local/lib/python3.12/site-packages/airflow/example_dags/example_skip_dag.py
[2024-10-27T13:43:34.310+0000] {logging_mixin.py:190} INFO - [2024-10-27T13:43:34.309+0000] {dag.py:3239} INFO - Sync 1 DAGs
[2024-10-27T13:43:34.362+0000] {logging_mixin.py:190} INFO - [2024-10-27T13:43:34.361+0000] {dag.py:4180} INFO - Setting next_dagrun for example_skip_dag to 2024-10-26 00:00:00+00:00, run_after=2024-10-27 00:00:00+00:00
[2024-10-27T13:43:34.481+0000] {processor.py:208} INFO - Processing /home/airflow/.local/lib/python3.12/site-packages/airflow/example_dags/example_skip_dag.py took 0.262 seconds
[2024-10-27T13:44:07.418+0000] {processor.py:186} INFO - Started process (PID=185) to work on /home/airflow/.local/lib/python3.12/site-packages/airflow/example_dags/example_skip_dag.py
[2024-10-27T13:44:07.436+0000] {processor.py:914} INFO - Processing file /home/airflow/.local/lib/python3.12/site-packages/airflow/example_dags/example_skip_dag.py for tasks to queue
[2024-10-27T13:44:07.444+0000] {logging_mixin.py:190} INFO - [2024-10-27T13:44:07.443+0000] {dagbag.py:588} INFO - Filling up the DagBag from /home/airflow/.local/lib/python3.12/site-packages/airflow/example_dags/example_skip_dag.py
[2024-10-27T13:44:07.486+0000] {processor.py:925} INFO - DAG(s) 'example_skip_dag' retrieved from /home/airflow/.local/lib/python3.12/site-packages/airflow/example_dags/example_skip_dag.py
[2024-10-27T13:44:07.591+0000] {logging_mixin.py:190} INFO - [2024-10-27T13:44:07.585+0000] {dag.py:3239} INFO - Sync 1 DAGs
[2024-10-27T13:44:07.715+0000] {logging_mixin.py:190} INFO - [2024-10-27T13:44:07.715+0000] {dag.py:4180} INFO - Setting next_dagrun for example_skip_dag to 2024-10-26 00:00:00+00:00, run_after=2024-10-27 00:00:00+00:00
[2024-10-27T13:44:07.823+0000] {processor.py:208} INFO - Processing /home/airflow/.local/lib/python3.12/site-packages/airflow/example_dags/example_skip_dag.py took 0.414 seconds
[2024-10-27T13:44:38.929+0000] {processor.py:186} INFO - Started process (PID=247) to work on /home/airflow/.local/lib/python3.12/site-packages/airflow/example_dags/example_skip_dag.py
[2024-10-27T13:44:38.930+0000] {processor.py:914} INFO - Processing file /home/airflow/.local/lib/python3.12/site-packages/airflow/example_dags/example_skip_dag.py for tasks to queue
[2024-10-27T13:44:38.935+0000] {logging_mixin.py:190} INFO - [2024-10-27T13:44:38.935+0000] {dagbag.py:588} INFO - Filling up the DagBag from /home/airflow/.local/lib/python3.12/site-packages/airflow/example_dags/example_skip_dag.py
[2024-10-27T13:44:38.949+0000] {processor.py:925} INFO - DAG(s) 'example_skip_dag' retrieved from /home/airflow/.local/lib/python3.12/site-packages/airflow/example_dags/example_skip_dag.py
[2024-10-27T13:44:38.994+0000] {logging_mixin.py:190} INFO - [2024-10-27T13:44:38.994+0000] {dag.py:3239} INFO - Sync 1 DAGs
[2024-10-27T13:44:39.048+0000] {logging_mixin.py:190} INFO - [2024-10-27T13:44:39.048+0000] {dag.py:4180} INFO - Setting next_dagrun for example_skip_dag to 2024-10-26 00:00:00+00:00, run_after=2024-10-27 00:00:00+00:00
[2024-10-27T13:44:39.104+0000] {processor.py:208} INFO - Processing /home/airflow/.local/lib/python3.12/site-packages/airflow/example_dags/example_skip_dag.py took 0.183 seconds
[2024-10-27T13:45:15.117+0000] {processor.py:186} INFO - Started process (PID=309) to work on /home/airflow/.local/lib/python3.12/site-packages/airflow/example_dags/example_skip_dag.py
[2024-10-27T13:45:15.120+0000] {processor.py:914} INFO - Processing file /home/airflow/.local/lib/python3.12/site-packages/airflow/example_dags/example_skip_dag.py for tasks to queue
[2024-10-27T13:45:15.124+0000] {logging_mixin.py:190} INFO - [2024-10-27T13:45:15.124+0000] {dagbag.py:588} INFO - Filling up the DagBag from /home/airflow/.local/lib/python3.12/site-packages/airflow/example_dags/example_skip_dag.py
[2024-10-27T13:45:15.160+0000] {processor.py:925} INFO - DAG(s) 'example_skip_dag' retrieved from /home/airflow/.local/lib/python3.12/site-packages/airflow/example_dags/example_skip_dag.py
[2024-10-27T13:45:15.265+0000] {logging_mixin.py:190} INFO - [2024-10-27T13:45:15.264+0000] {dag.py:3239} INFO - Sync 1 DAGs
[2024-10-27T13:45:15.385+0000] {logging_mixin.py:190} INFO - [2024-10-27T13:45:15.385+0000] {dag.py:4180} INFO - Setting next_dagrun for example_skip_dag to 2024-10-26 00:00:00+00:00, run_after=2024-10-27 00:00:00+00:00
[2024-10-27T13:45:15.502+0000] {processor.py:208} INFO - Processing /home/airflow/.local/lib/python3.12/site-packages/airflow/example_dags/example_skip_dag.py took 0.403 seconds
[2024-10-27T13:53:31.406+0000] {processor.py:186} INFO - Started process (PID=84) to work on /home/airflow/.local/lib/python3.12/site-packages/airflow/example_dags/example_skip_dag.py
[2024-10-27T13:53:31.419+0000] {processor.py:914} INFO - Processing file /home/airflow/.local/lib/python3.12/site-packages/airflow/example_dags/example_skip_dag.py for tasks to queue
[2024-10-27T13:53:31.423+0000] {logging_mixin.py:190} INFO - [2024-10-27T13:53:31.423+0000] {dagbag.py:588} INFO - Filling up the DagBag from /home/airflow/.local/lib/python3.12/site-packages/airflow/example_dags/example_skip_dag.py
[2024-10-27T13:53:31.442+0000] {processor.py:925} INFO - DAG(s) 'example_skip_dag' retrieved from /home/airflow/.local/lib/python3.12/site-packages/airflow/example_dags/example_skip_dag.py
[2024-10-27T13:53:31.495+0000] {logging_mixin.py:190} INFO - [2024-10-27T13:53:31.494+0000] {dag.py:3239} INFO - Sync 1 DAGs
[2024-10-27T13:53:31.565+0000] {logging_mixin.py:190} INFO - [2024-10-27T13:53:31.564+0000] {dag.py:4180} INFO - Setting next_dagrun for example_skip_dag to 2024-10-26 00:00:00+00:00, run_after=2024-10-27 00:00:00+00:00
[2024-10-27T13:53:31.736+0000] {processor.py:208} INFO - Processing /home/airflow/.local/lib/python3.12/site-packages/airflow/example_dags/example_skip_dag.py took 0.351 seconds
[2024-10-27T13:54:03.062+0000] {processor.py:186} INFO - Started process (PID=145) to work on /home/airflow/.local/lib/python3.12/site-packages/airflow/example_dags/example_skip_dag.py
[2024-10-27T13:54:03.064+0000] {processor.py:914} INFO - Processing file /home/airflow/.local/lib/python3.12/site-packages/airflow/example_dags/example_skip_dag.py for tasks to queue
[2024-10-27T13:54:03.067+0000] {logging_mixin.py:190} INFO - [2024-10-27T13:54:03.067+0000] {dagbag.py:588} INFO - Filling up the DagBag from /home/airflow/.local/lib/python3.12/site-packages/airflow/example_dags/example_skip_dag.py
[2024-10-27T13:54:03.077+0000] {processor.py:925} INFO - DAG(s) 'example_skip_dag' retrieved from /home/airflow/.local/lib/python3.12/site-packages/airflow/example_dags/example_skip_dag.py
[2024-10-27T13:54:03.109+0000] {logging_mixin.py:190} INFO - [2024-10-27T13:54:03.109+0000] {dag.py:3239} INFO - Sync 1 DAGs
[2024-10-27T13:54:03.139+0000] {logging_mixin.py:190} INFO - [2024-10-27T13:54:03.139+0000] {dag.py:4180} INFO - Setting next_dagrun for example_skip_dag to 2024-10-26 00:00:00+00:00, run_after=2024-10-27 00:00:00+00:00
[2024-10-27T13:54:04.286+0000] {processor.py:208} INFO - Processing /home/airflow/.local/lib/python3.12/site-packages/airflow/example_dags/example_skip_dag.py took 1.231 seconds
[2024-10-27T13:54:40.768+0000] {processor.py:186} INFO - Started process (PID=187) to work on /home/airflow/.local/lib/python3.12/site-packages/airflow/example_dags/example_skip_dag.py
[2024-10-27T13:54:40.770+0000] {processor.py:914} INFO - Processing file /home/airflow/.local/lib/python3.12/site-packages/airflow/example_dags/example_skip_dag.py for tasks to queue
[2024-10-27T13:54:40.776+0000] {logging_mixin.py:190} INFO - [2024-10-27T13:54:40.775+0000] {dagbag.py:588} INFO - Filling up the DagBag from /home/airflow/.local/lib/python3.12/site-packages/airflow/example_dags/example_skip_dag.py
[2024-10-27T13:54:40.791+0000] {processor.py:925} INFO - DAG(s) 'example_skip_dag' retrieved from /home/airflow/.local/lib/python3.12/site-packages/airflow/example_dags/example_skip_dag.py
[2024-10-27T13:54:40.820+0000] {logging_mixin.py:190} INFO - [2024-10-27T13:54:40.820+0000] {dag.py:3239} INFO - Sync 1 DAGs
[2024-10-27T13:54:40.854+0000] {logging_mixin.py:190} INFO - [2024-10-27T13:54:40.854+0000] {dag.py:4180} INFO - Setting next_dagrun for example_skip_dag to 2024-10-26 00:00:00+00:00, run_after=2024-10-27 00:00:00+00:00
[2024-10-27T13:54:41.271+0000] {processor.py:208} INFO - Processing /home/airflow/.local/lib/python3.12/site-packages/airflow/example_dags/example_skip_dag.py took 0.524 seconds
[2024-10-27T13:55:11.463+0000] {processor.py:186} INFO - Started process (PID=248) to work on /home/airflow/.local/lib/python3.12/site-packages/airflow/example_dags/example_skip_dag.py
[2024-10-27T13:55:11.465+0000] {processor.py:914} INFO - Processing file /home/airflow/.local/lib/python3.12/site-packages/airflow/example_dags/example_skip_dag.py for tasks to queue
[2024-10-27T13:55:11.469+0000] {logging_mixin.py:190} INFO - [2024-10-27T13:55:11.468+0000] {dagbag.py:588} INFO - Filling up the DagBag from /home/airflow/.local/lib/python3.12/site-packages/airflow/example_dags/example_skip_dag.py
[2024-10-27T13:55:11.483+0000] {processor.py:925} INFO - DAG(s) 'example_skip_dag' retrieved from /home/airflow/.local/lib/python3.12/site-packages/airflow/example_dags/example_skip_dag.py
[2024-10-27T13:55:11.518+0000] {logging_mixin.py:190} INFO - [2024-10-27T13:55:11.517+0000] {dag.py:3239} INFO - Sync 1 DAGs
[2024-10-27T13:55:11.556+0000] {logging_mixin.py:190} INFO - [2024-10-27T13:55:11.556+0000] {dag.py:4180} INFO - Setting next_dagrun for example_skip_dag to 2024-10-26 00:00:00+00:00, run_after=2024-10-27 00:00:00+00:00
[2024-10-27T13:55:11.778+0000] {processor.py:208} INFO - Processing /home/airflow/.local/lib/python3.12/site-packages/airflow/example_dags/example_skip_dag.py took 0.325 seconds
[2024-10-27T13:55:42.805+0000] {processor.py:186} INFO - Started process (PID=310) to work on /home/airflow/.local/lib/python3.12/site-packages/airflow/example_dags/example_skip_dag.py
[2024-10-27T13:55:42.808+0000] {processor.py:914} INFO - Processing file /home/airflow/.local/lib/python3.12/site-packages/airflow/example_dags/example_skip_dag.py for tasks to queue
[2024-10-27T13:55:42.814+0000] {logging_mixin.py:190} INFO - [2024-10-27T13:55:42.814+0000] {dagbag.py:588} INFO - Filling up the DagBag from /home/airflow/.local/lib/python3.12/site-packages/airflow/example_dags/example_skip_dag.py
[2024-10-27T13:55:42.836+0000] {processor.py:925} INFO - DAG(s) 'example_skip_dag' retrieved from /home/airflow/.local/lib/python3.12/site-packages/airflow/example_dags/example_skip_dag.py
[2024-10-27T13:55:42.897+0000] {logging_mixin.py:190} INFO - [2024-10-27T13:55:42.897+0000] {dag.py:3239} INFO - Sync 1 DAGs
[2024-10-27T13:55:42.946+0000] {logging_mixin.py:190} INFO - [2024-10-27T13:55:42.946+0000] {dag.py:4180} INFO - Setting next_dagrun for example_skip_dag to 2024-10-26 00:00:00+00:00, run_after=2024-10-27 00:00:00+00:00
[2024-10-27T13:55:43.096+0000] {processor.py:208} INFO - Processing /home/airflow/.local/lib/python3.12/site-packages/airflow/example_dags/example_skip_dag.py took 0.304 seconds
[2024-10-27T13:56:13.218+0000] {processor.py:186} INFO - Started process (PID=372) to work on /home/airflow/.local/lib/python3.12/site-packages/airflow/example_dags/example_skip_dag.py
[2024-10-27T13:56:13.220+0000] {processor.py:914} INFO - Processing file /home/airflow/.local/lib/python3.12/site-packages/airflow/example_dags/example_skip_dag.py for tasks to queue
[2024-10-27T13:56:13.223+0000] {logging_mixin.py:190} INFO - [2024-10-27T13:56:13.223+0000] {dagbag.py:588} INFO - Filling up the DagBag from /home/airflow/.local/lib/python3.12/site-packages/airflow/example_dags/example_skip_dag.py
[2024-10-27T13:56:13.237+0000] {processor.py:925} INFO - DAG(s) 'example_skip_dag' retrieved from /home/airflow/.local/lib/python3.12/site-packages/airflow/example_dags/example_skip_dag.py
[2024-10-27T13:56:13.272+0000] {logging_mixin.py:190} INFO - [2024-10-27T13:56:13.271+0000] {dag.py:3239} INFO - Sync 1 DAGs
[2024-10-27T13:56:13.319+0000] {logging_mixin.py:190} INFO - [2024-10-27T13:56:13.319+0000] {dag.py:4180} INFO - Setting next_dagrun for example_skip_dag to 2024-10-26 00:00:00+00:00, run_after=2024-10-27 00:00:00+00:00
[2024-10-27T13:56:13.368+0000] {processor.py:208} INFO - Processing /home/airflow/.local/lib/python3.12/site-packages/airflow/example_dags/example_skip_dag.py took 0.158 seconds
[2024-10-27T13:56:48.482+0000] {processor.py:186} INFO - Started process (PID=436) to work on /home/airflow/.local/lib/python3.12/site-packages/airflow/example_dags/example_skip_dag.py
[2024-10-27T13:56:48.483+0000] {processor.py:914} INFO - Processing file /home/airflow/.local/lib/python3.12/site-packages/airflow/example_dags/example_skip_dag.py for tasks to queue
[2024-10-27T13:56:48.486+0000] {logging_mixin.py:190} INFO - [2024-10-27T13:56:48.486+0000] {dagbag.py:588} INFO - Filling up the DagBag from /home/airflow/.local/lib/python3.12/site-packages/airflow/example_dags/example_skip_dag.py
[2024-10-27T13:56:48.497+0000] {processor.py:925} INFO - DAG(s) 'example_skip_dag' retrieved from /home/airflow/.local/lib/python3.12/site-packages/airflow/example_dags/example_skip_dag.py
[2024-10-27T13:56:48.526+0000] {logging_mixin.py:190} INFO - [2024-10-27T13:56:48.525+0000] {dag.py:3239} INFO - Sync 1 DAGs
[2024-10-27T13:56:48.559+0000] {logging_mixin.py:190} INFO - [2024-10-27T13:56:48.559+0000] {dag.py:4180} INFO - Setting next_dagrun for example_skip_dag to 2024-10-26 00:00:00+00:00, run_after=2024-10-27 00:00:00+00:00
[2024-10-27T13:56:49.096+0000] {processor.py:208} INFO - Processing /home/airflow/.local/lib/python3.12/site-packages/airflow/example_dags/example_skip_dag.py took 0.621 seconds
[2024-10-27T13:57:19.195+0000] {processor.py:186} INFO - Started process (PID=498) to work on /home/airflow/.local/lib/python3.12/site-packages/airflow/example_dags/example_skip_dag.py
[2024-10-27T13:57:19.197+0000] {processor.py:914} INFO - Processing file /home/airflow/.local/lib/python3.12/site-packages/airflow/example_dags/example_skip_dag.py for tasks to queue
[2024-10-27T13:57:19.201+0000] {logging_mixin.py:190} INFO - [2024-10-27T13:57:19.200+0000] {dagbag.py:588} INFO - Filling up the DagBag from /home/airflow/.local/lib/python3.12/site-packages/airflow/example_dags/example_skip_dag.py
[2024-10-27T13:57:19.213+0000] {processor.py:925} INFO - DAG(s) 'example_skip_dag' retrieved from /home/airflow/.local/lib/python3.12/site-packages/airflow/example_dags/example_skip_dag.py
[2024-10-27T13:57:19.284+0000] {logging_mixin.py:190} INFO - [2024-10-27T13:57:19.284+0000] {dag.py:3239} INFO - Sync 1 DAGs
[2024-10-27T13:57:19.353+0000] {logging_mixin.py:190} INFO - [2024-10-27T13:57:19.352+0000] {dag.py:4180} INFO - Setting next_dagrun for example_skip_dag to 2024-10-26 00:00:00+00:00, run_after=2024-10-27 00:00:00+00:00
[2024-10-27T13:57:19.430+0000] {processor.py:208} INFO - Processing /home/airflow/.local/lib/python3.12/site-packages/airflow/example_dags/example_skip_dag.py took 0.246 seconds
[2024-10-27T13:57:50.090+0000] {processor.py:186} INFO - Started process (PID=560) to work on /home/airflow/.local/lib/python3.12/site-packages/airflow/example_dags/example_skip_dag.py
[2024-10-27T13:57:50.093+0000] {processor.py:914} INFO - Processing file /home/airflow/.local/lib/python3.12/site-packages/airflow/example_dags/example_skip_dag.py for tasks to queue
[2024-10-27T13:57:50.098+0000] {logging_mixin.py:190} INFO - [2024-10-27T13:57:50.097+0000] {dagbag.py:588} INFO - Filling up the DagBag from /home/airflow/.local/lib/python3.12/site-packages/airflow/example_dags/example_skip_dag.py
[2024-10-27T13:57:50.126+0000] {processor.py:925} INFO - DAG(s) 'example_skip_dag' retrieved from /home/airflow/.local/lib/python3.12/site-packages/airflow/example_dags/example_skip_dag.py
[2024-10-27T13:57:50.178+0000] {logging_mixin.py:190} INFO - [2024-10-27T13:57:50.178+0000] {dag.py:3239} INFO - Sync 1 DAGs
[2024-10-27T13:57:50.233+0000] {logging_mixin.py:190} INFO - [2024-10-27T13:57:50.233+0000] {dag.py:4180} INFO - Setting next_dagrun for example_skip_dag to 2024-10-26 00:00:00+00:00, run_after=2024-10-27 00:00:00+00:00
[2024-10-27T13:57:50.280+0000] {processor.py:208} INFO - Processing /home/airflow/.local/lib/python3.12/site-packages/airflow/example_dags/example_skip_dag.py took 0.206 seconds
[2024-10-27T13:58:21.483+0000] {processor.py:186} INFO - Started process (PID=622) to work on /home/airflow/.local/lib/python3.12/site-packages/airflow/example_dags/example_skip_dag.py
[2024-10-27T13:58:21.489+0000] {processor.py:914} INFO - Processing file /home/airflow/.local/lib/python3.12/site-packages/airflow/example_dags/example_skip_dag.py for tasks to queue
[2024-10-27T13:58:21.499+0000] {logging_mixin.py:190} INFO - [2024-10-27T13:58:21.497+0000] {dagbag.py:588} INFO - Filling up the DagBag from /home/airflow/.local/lib/python3.12/site-packages/airflow/example_dags/example_skip_dag.py
[2024-10-27T13:58:21.526+0000] {processor.py:925} INFO - DAG(s) 'example_skip_dag' retrieved from /home/airflow/.local/lib/python3.12/site-packages/airflow/example_dags/example_skip_dag.py
[2024-10-27T13:58:21.581+0000] {logging_mixin.py:190} INFO - [2024-10-27T13:58:21.581+0000] {dag.py:3239} INFO - Sync 1 DAGs
[2024-10-27T13:58:21.711+0000] {logging_mixin.py:190} INFO - [2024-10-27T13:58:21.710+0000] {dag.py:4180} INFO - Setting next_dagrun for example_skip_dag to 2024-10-26 00:00:00+00:00, run_after=2024-10-27 00:00:00+00:00
[2024-10-27T13:58:21.784+0000] {processor.py:208} INFO - Processing /home/airflow/.local/lib/python3.12/site-packages/airflow/example_dags/example_skip_dag.py took 0.318 seconds
[2024-10-27T13:58:52.122+0000] {processor.py:186} INFO - Started process (PID=684) to work on /home/airflow/.local/lib/python3.12/site-packages/airflow/example_dags/example_skip_dag.py
[2024-10-27T13:58:52.125+0000] {processor.py:914} INFO - Processing file /home/airflow/.local/lib/python3.12/site-packages/airflow/example_dags/example_skip_dag.py for tasks to queue
[2024-10-27T13:58:52.130+0000] {logging_mixin.py:190} INFO - [2024-10-27T13:58:52.129+0000] {dagbag.py:588} INFO - Filling up the DagBag from /home/airflow/.local/lib/python3.12/site-packages/airflow/example_dags/example_skip_dag.py
[2024-10-27T13:58:52.153+0000] {processor.py:925} INFO - DAG(s) 'example_skip_dag' retrieved from /home/airflow/.local/lib/python3.12/site-packages/airflow/example_dags/example_skip_dag.py
[2024-10-27T13:58:52.191+0000] {logging_mixin.py:190} INFO - [2024-10-27T13:58:52.191+0000] {dag.py:3239} INFO - Sync 1 DAGs
[2024-10-27T13:58:52.245+0000] {logging_mixin.py:190} INFO - [2024-10-27T13:58:52.245+0000] {dag.py:4180} INFO - Setting next_dagrun for example_skip_dag to 2024-10-26 00:00:00+00:00, run_after=2024-10-27 00:00:00+00:00
[2024-10-27T13:58:52.285+0000] {processor.py:208} INFO - Processing /home/airflow/.local/lib/python3.12/site-packages/airflow/example_dags/example_skip_dag.py took 0.183 seconds
[2024-10-27T13:59:24.282+0000] {processor.py:186} INFO - Started process (PID=746) to work on /home/airflow/.local/lib/python3.12/site-packages/airflow/example_dags/example_skip_dag.py
[2024-10-27T13:59:24.296+0000] {processor.py:914} INFO - Processing file /home/airflow/.local/lib/python3.12/site-packages/airflow/example_dags/example_skip_dag.py for tasks to queue
[2024-10-27T13:59:24.304+0000] {logging_mixin.py:190} INFO - [2024-10-27T13:59:24.303+0000] {dagbag.py:588} INFO - Filling up the DagBag from /home/airflow/.local/lib/python3.12/site-packages/airflow/example_dags/example_skip_dag.py
[2024-10-27T13:59:24.318+0000] {processor.py:925} INFO - DAG(s) 'example_skip_dag' retrieved from /home/airflow/.local/lib/python3.12/site-packages/airflow/example_dags/example_skip_dag.py
[2024-10-27T13:59:24.346+0000] {logging_mixin.py:190} INFO - [2024-10-27T13:59:24.346+0000] {dag.py:3239} INFO - Sync 1 DAGs
[2024-10-27T13:59:24.377+0000] {logging_mixin.py:190} INFO - [2024-10-27T13:59:24.377+0000] {dag.py:4180} INFO - Setting next_dagrun for example_skip_dag to 2024-10-26 00:00:00+00:00, run_after=2024-10-27 00:00:00+00:00
[2024-10-27T13:59:24.688+0000] {processor.py:208} INFO - Processing /home/airflow/.local/lib/python3.12/site-packages/airflow/example_dags/example_skip_dag.py took 0.413 seconds
[2024-10-27T13:59:54.903+0000] {processor.py:186} INFO - Started process (PID=808) to work on /home/airflow/.local/lib/python3.12/site-packages/airflow/example_dags/example_skip_dag.py
[2024-10-27T13:59:54.905+0000] {processor.py:914} INFO - Processing file /home/airflow/.local/lib/python3.12/site-packages/airflow/example_dags/example_skip_dag.py for tasks to queue
[2024-10-27T13:59:54.909+0000] {logging_mixin.py:190} INFO - [2024-10-27T13:59:54.908+0000] {dagbag.py:588} INFO - Filling up the DagBag from /home/airflow/.local/lib/python3.12/site-packages/airflow/example_dags/example_skip_dag.py
[2024-10-27T13:59:54.920+0000] {processor.py:925} INFO - DAG(s) 'example_skip_dag' retrieved from /home/airflow/.local/lib/python3.12/site-packages/airflow/example_dags/example_skip_dag.py
[2024-10-27T13:59:54.962+0000] {logging_mixin.py:190} INFO - [2024-10-27T13:59:54.962+0000] {dag.py:3239} INFO - Sync 1 DAGs
[2024-10-27T13:59:55.003+0000] {logging_mixin.py:190} INFO - [2024-10-27T13:59:55.003+0000] {dag.py:4180} INFO - Setting next_dagrun for example_skip_dag to 2024-10-26 00:00:00+00:00, run_after=2024-10-27 00:00:00+00:00
[2024-10-27T13:59:55.104+0000] {processor.py:208} INFO - Processing /home/airflow/.local/lib/python3.12/site-packages/airflow/example_dags/example_skip_dag.py took 0.212 seconds
[2024-10-27T14:00:28.301+0000] {processor.py:186} INFO - Started process (PID=871) to work on /home/airflow/.local/lib/python3.12/site-packages/airflow/example_dags/example_skip_dag.py
[2024-10-27T14:00:28.304+0000] {processor.py:914} INFO - Processing file /home/airflow/.local/lib/python3.12/site-packages/airflow/example_dags/example_skip_dag.py for tasks to queue
[2024-10-27T14:00:28.319+0000] {logging_mixin.py:190} INFO - [2024-10-27T14:00:28.318+0000] {dagbag.py:588} INFO - Filling up the DagBag from /home/airflow/.local/lib/python3.12/site-packages/airflow/example_dags/example_skip_dag.py
[2024-10-27T14:00:28.381+0000] {processor.py:925} INFO - DAG(s) 'example_skip_dag' retrieved from /home/airflow/.local/lib/python3.12/site-packages/airflow/example_dags/example_skip_dag.py
[2024-10-27T14:00:28.524+0000] {logging_mixin.py:190} INFO - [2024-10-27T14:00:28.524+0000] {dag.py:3239} INFO - Sync 1 DAGs
[2024-10-27T14:00:28.667+0000] {logging_mixin.py:190} INFO - [2024-10-27T14:00:28.667+0000] {dag.py:4180} INFO - Setting next_dagrun for example_skip_dag to 2024-10-26 00:00:00+00:00, run_after=2024-10-27 00:00:00+00:00
[2024-10-27T14:00:28.738+0000] {processor.py:208} INFO - Processing /home/airflow/.local/lib/python3.12/site-packages/airflow/example_dags/example_skip_dag.py took 0.473 seconds
[2024-10-27T14:00:59.336+0000] {processor.py:186} INFO - Started process (PID=932) to work on /home/airflow/.local/lib/python3.12/site-packages/airflow/example_dags/example_skip_dag.py
[2024-10-27T14:00:59.345+0000] {processor.py:914} INFO - Processing file /home/airflow/.local/lib/python3.12/site-packages/airflow/example_dags/example_skip_dag.py for tasks to queue
[2024-10-27T14:00:59.350+0000] {logging_mixin.py:190} INFO - [2024-10-27T14:00:59.349+0000] {dagbag.py:588} INFO - Filling up the DagBag from /home/airflow/.local/lib/python3.12/site-packages/airflow/example_dags/example_skip_dag.py
[2024-10-27T14:00:59.368+0000] {processor.py:925} INFO - DAG(s) 'example_skip_dag' retrieved from /home/airflow/.local/lib/python3.12/site-packages/airflow/example_dags/example_skip_dag.py
[2024-10-27T14:00:59.430+0000] {logging_mixin.py:190} INFO - [2024-10-27T14:00:59.428+0000] {dag.py:3239} INFO - Sync 1 DAGs
[2024-10-27T14:00:59.488+0000] {logging_mixin.py:190} INFO - [2024-10-27T14:00:59.487+0000] {dag.py:4180} INFO - Setting next_dagrun for example_skip_dag to 2024-10-26 00:00:00+00:00, run_after=2024-10-27 00:00:00+00:00
[2024-10-27T14:00:59.565+0000] {processor.py:208} INFO - Processing /home/airflow/.local/lib/python3.12/site-packages/airflow/example_dags/example_skip_dag.py took 0.242 seconds
[2024-10-27T14:01:30.142+0000] {processor.py:186} INFO - Started process (PID=994) to work on /home/airflow/.local/lib/python3.12/site-packages/airflow/example_dags/example_skip_dag.py
[2024-10-27T14:01:30.144+0000] {processor.py:914} INFO - Processing file /home/airflow/.local/lib/python3.12/site-packages/airflow/example_dags/example_skip_dag.py for tasks to queue
[2024-10-27T14:01:30.149+0000] {logging_mixin.py:190} INFO - [2024-10-27T14:01:30.148+0000] {dagbag.py:588} INFO - Filling up the DagBag from /home/airflow/.local/lib/python3.12/site-packages/airflow/example_dags/example_skip_dag.py
[2024-10-27T14:01:30.162+0000] {processor.py:925} INFO - DAG(s) 'example_skip_dag' retrieved from /home/airflow/.local/lib/python3.12/site-packages/airflow/example_dags/example_skip_dag.py
[2024-10-27T14:01:30.233+0000] {logging_mixin.py:190} INFO - [2024-10-27T14:01:30.232+0000] {dag.py:3239} INFO - Sync 1 DAGs
[2024-10-27T14:01:31.058+0000] {logging_mixin.py:190} INFO - [2024-10-27T14:01:31.057+0000] {dag.py:4180} INFO - Setting next_dagrun for example_skip_dag to 2024-10-26 00:00:00+00:00, run_after=2024-10-27 00:00:00+00:00
[2024-10-27T14:01:31.132+0000] {processor.py:208} INFO - Processing /home/airflow/.local/lib/python3.12/site-packages/airflow/example_dags/example_skip_dag.py took 1.001 seconds
[2024-10-27T14:02:01.860+0000] {processor.py:186} INFO - Started process (PID=1057) to work on /home/airflow/.local/lib/python3.12/site-packages/airflow/example_dags/example_skip_dag.py
[2024-10-27T14:02:01.861+0000] {processor.py:914} INFO - Processing file /home/airflow/.local/lib/python3.12/site-packages/airflow/example_dags/example_skip_dag.py for tasks to queue
[2024-10-27T14:02:01.870+0000] {logging_mixin.py:190} INFO - [2024-10-27T14:02:01.869+0000] {dagbag.py:588} INFO - Filling up the DagBag from /home/airflow/.local/lib/python3.12/site-packages/airflow/example_dags/example_skip_dag.py
[2024-10-27T14:02:01.886+0000] {processor.py:925} INFO - DAG(s) 'example_skip_dag' retrieved from /home/airflow/.local/lib/python3.12/site-packages/airflow/example_dags/example_skip_dag.py
[2024-10-27T14:02:01.939+0000] {logging_mixin.py:190} INFO - [2024-10-27T14:02:01.938+0000] {dag.py:3239} INFO - Sync 1 DAGs
[2024-10-27T14:02:01.992+0000] {logging_mixin.py:190} INFO - [2024-10-27T14:02:01.992+0000] {dag.py:4180} INFO - Setting next_dagrun for example_skip_dag to 2024-10-26 00:00:00+00:00, run_after=2024-10-27 00:00:00+00:00
[2024-10-27T14:02:02.053+0000] {processor.py:208} INFO - Processing /home/airflow/.local/lib/python3.12/site-packages/airflow/example_dags/example_skip_dag.py took 0.206 seconds
[2024-10-27T14:02:32.720+0000] {processor.py:186} INFO - Started process (PID=1119) to work on /home/airflow/.local/lib/python3.12/site-packages/airflow/example_dags/example_skip_dag.py
[2024-10-27T14:02:32.722+0000] {processor.py:914} INFO - Processing file /home/airflow/.local/lib/python3.12/site-packages/airflow/example_dags/example_skip_dag.py for tasks to queue
[2024-10-27T14:02:32.725+0000] {logging_mixin.py:190} INFO - [2024-10-27T14:02:32.725+0000] {dagbag.py:588} INFO - Filling up the DagBag from /home/airflow/.local/lib/python3.12/site-packages/airflow/example_dags/example_skip_dag.py
[2024-10-27T14:02:32.744+0000] {processor.py:925} INFO - DAG(s) 'example_skip_dag' retrieved from /home/airflow/.local/lib/python3.12/site-packages/airflow/example_dags/example_skip_dag.py
[2024-10-27T14:02:32.831+0000] {logging_mixin.py:190} INFO - [2024-10-27T14:02:32.831+0000] {dag.py:3239} INFO - Sync 1 DAGs
[2024-10-27T14:02:32.971+0000] {logging_mixin.py:190} INFO - [2024-10-27T14:02:32.970+0000] {dag.py:4180} INFO - Setting next_dagrun for example_skip_dag to 2024-10-26 00:00:00+00:00, run_after=2024-10-27 00:00:00+00:00
[2024-10-27T14:02:33.128+0000] {processor.py:208} INFO - Processing /home/airflow/.local/lib/python3.12/site-packages/airflow/example_dags/example_skip_dag.py took 0.427 seconds
[2024-10-27T14:03:03.815+0000] {processor.py:186} INFO - Started process (PID=1179) to work on /home/airflow/.local/lib/python3.12/site-packages/airflow/example_dags/example_skip_dag.py
[2024-10-27T14:03:03.817+0000] {processor.py:914} INFO - Processing file /home/airflow/.local/lib/python3.12/site-packages/airflow/example_dags/example_skip_dag.py for tasks to queue
[2024-10-27T14:03:03.822+0000] {logging_mixin.py:190} INFO - [2024-10-27T14:03:03.821+0000] {dagbag.py:588} INFO - Filling up the DagBag from /home/airflow/.local/lib/python3.12/site-packages/airflow/example_dags/example_skip_dag.py
[2024-10-27T14:03:03.844+0000] {processor.py:925} INFO - DAG(s) 'example_skip_dag' retrieved from /home/airflow/.local/lib/python3.12/site-packages/airflow/example_dags/example_skip_dag.py
[2024-10-27T14:03:03.899+0000] {logging_mixin.py:190} INFO - [2024-10-27T14:03:03.899+0000] {dag.py:3239} INFO - Sync 1 DAGs
[2024-10-27T14:03:03.966+0000] {logging_mixin.py:190} INFO - [2024-10-27T14:03:03.965+0000] {dag.py:4180} INFO - Setting next_dagrun for example_skip_dag to 2024-10-26 00:00:00+00:00, run_after=2024-10-27 00:00:00+00:00
[2024-10-27T14:03:04.016+0000] {processor.py:208} INFO - Processing /home/airflow/.local/lib/python3.12/site-packages/airflow/example_dags/example_skip_dag.py took 0.219 seconds
[2024-10-27T14:03:34.461+0000] {processor.py:186} INFO - Started process (PID=1240) to work on /home/airflow/.local/lib/python3.12/site-packages/airflow/example_dags/example_skip_dag.py
[2024-10-27T14:03:34.486+0000] {processor.py:914} INFO - Processing file /home/airflow/.local/lib/python3.12/site-packages/airflow/example_dags/example_skip_dag.py for tasks to queue
[2024-10-27T14:03:34.507+0000] {logging_mixin.py:190} INFO - [2024-10-27T14:03:34.507+0000] {dagbag.py:588} INFO - Filling up the DagBag from /home/airflow/.local/lib/python3.12/site-packages/airflow/example_dags/example_skip_dag.py
[2024-10-27T14:03:34.537+0000] {processor.py:925} INFO - DAG(s) 'example_skip_dag' retrieved from /home/airflow/.local/lib/python3.12/site-packages/airflow/example_dags/example_skip_dag.py
[2024-10-27T14:03:34.583+0000] {logging_mixin.py:190} INFO - [2024-10-27T14:03:34.582+0000] {dag.py:3239} INFO - Sync 1 DAGs
[2024-10-27T14:03:34.639+0000] {logging_mixin.py:190} INFO - [2024-10-27T14:03:34.639+0000] {dag.py:4180} INFO - Setting next_dagrun for example_skip_dag to 2024-10-26 00:00:00+00:00, run_after=2024-10-27 00:00:00+00:00
[2024-10-27T14:03:34.692+0000] {processor.py:208} INFO - Processing /home/airflow/.local/lib/python3.12/site-packages/airflow/example_dags/example_skip_dag.py took 0.281 seconds
[2024-10-27T14:04:04.942+0000] {processor.py:186} INFO - Started process (PID=1301) to work on /home/airflow/.local/lib/python3.12/site-packages/airflow/example_dags/example_skip_dag.py
[2024-10-27T14:04:04.944+0000] {processor.py:914} INFO - Processing file /home/airflow/.local/lib/python3.12/site-packages/airflow/example_dags/example_skip_dag.py for tasks to queue
[2024-10-27T14:04:04.948+0000] {logging_mixin.py:190} INFO - [2024-10-27T14:04:04.947+0000] {dagbag.py:588} INFO - Filling up the DagBag from /home/airflow/.local/lib/python3.12/site-packages/airflow/example_dags/example_skip_dag.py
[2024-10-27T14:04:04.961+0000] {processor.py:925} INFO - DAG(s) 'example_skip_dag' retrieved from /home/airflow/.local/lib/python3.12/site-packages/airflow/example_dags/example_skip_dag.py
[2024-10-27T14:04:05.001+0000] {logging_mixin.py:190} INFO - [2024-10-27T14:04:05.001+0000] {dag.py:3239} INFO - Sync 1 DAGs
[2024-10-27T14:04:05.045+0000] {logging_mixin.py:190} INFO - [2024-10-27T14:04:05.045+0000] {dag.py:4180} INFO - Setting next_dagrun for example_skip_dag to 2024-10-26 00:00:00+00:00, run_after=2024-10-27 00:00:00+00:00
[2024-10-27T14:04:05.154+0000] {processor.py:208} INFO - Processing /home/airflow/.local/lib/python3.12/site-packages/airflow/example_dags/example_skip_dag.py took 0.222 seconds
[2024-10-27T14:04:35.484+0000] {processor.py:186} INFO - Started process (PID=1360) to work on /home/airflow/.local/lib/python3.12/site-packages/airflow/example_dags/example_skip_dag.py
[2024-10-27T14:04:35.486+0000] {processor.py:914} INFO - Processing file /home/airflow/.local/lib/python3.12/site-packages/airflow/example_dags/example_skip_dag.py for tasks to queue
[2024-10-27T14:04:35.491+0000] {logging_mixin.py:190} INFO - [2024-10-27T14:04:35.490+0000] {dagbag.py:588} INFO - Filling up the DagBag from /home/airflow/.local/lib/python3.12/site-packages/airflow/example_dags/example_skip_dag.py
[2024-10-27T14:04:35.507+0000] {processor.py:925} INFO - DAG(s) 'example_skip_dag' retrieved from /home/airflow/.local/lib/python3.12/site-packages/airflow/example_dags/example_skip_dag.py
[2024-10-27T14:04:35.552+0000] {logging_mixin.py:190} INFO - [2024-10-27T14:04:35.552+0000] {dag.py:3239} INFO - Sync 1 DAGs
[2024-10-27T14:04:35.611+0000] {logging_mixin.py:190} INFO - [2024-10-27T14:04:35.611+0000] {dag.py:4180} INFO - Setting next_dagrun for example_skip_dag to 2024-10-26 00:00:00+00:00, run_after=2024-10-27 00:00:00+00:00
[2024-10-27T14:04:35.659+0000] {processor.py:208} INFO - Processing /home/airflow/.local/lib/python3.12/site-packages/airflow/example_dags/example_skip_dag.py took 0.188 seconds
[2024-10-27T14:05:05.955+0000] {processor.py:186} INFO - Started process (PID=1422) to work on /home/airflow/.local/lib/python3.12/site-packages/airflow/example_dags/example_skip_dag.py
[2024-10-27T14:05:05.966+0000] {processor.py:914} INFO - Processing file /home/airflow/.local/lib/python3.12/site-packages/airflow/example_dags/example_skip_dag.py for tasks to queue
[2024-10-27T14:05:05.983+0000] {logging_mixin.py:190} INFO - [2024-10-27T14:05:05.981+0000] {dagbag.py:588} INFO - Filling up the DagBag from /home/airflow/.local/lib/python3.12/site-packages/airflow/example_dags/example_skip_dag.py
[2024-10-27T14:05:06.045+0000] {processor.py:925} INFO - DAG(s) 'example_skip_dag' retrieved from /home/airflow/.local/lib/python3.12/site-packages/airflow/example_dags/example_skip_dag.py
[2024-10-27T14:05:06.161+0000] {logging_mixin.py:190} INFO - [2024-10-27T14:05:06.160+0000] {dag.py:3239} INFO - Sync 1 DAGs
[2024-10-27T14:05:06.326+0000] {logging_mixin.py:190} INFO - [2024-10-27T14:05:06.325+0000] {dag.py:4180} INFO - Setting next_dagrun for example_skip_dag to 2024-10-26 00:00:00+00:00, run_after=2024-10-27 00:00:00+00:00
[2024-10-27T14:05:06.444+0000] {processor.py:208} INFO - Processing /home/airflow/.local/lib/python3.12/site-packages/airflow/example_dags/example_skip_dag.py took 0.515 seconds
[2024-10-27T14:05:37.327+0000] {processor.py:186} INFO - Started process (PID=1484) to work on /home/airflow/.local/lib/python3.12/site-packages/airflow/example_dags/example_skip_dag.py
[2024-10-27T14:05:37.335+0000] {processor.py:914} INFO - Processing file /home/airflow/.local/lib/python3.12/site-packages/airflow/example_dags/example_skip_dag.py for tasks to queue
[2024-10-27T14:05:37.345+0000] {logging_mixin.py:190} INFO - [2024-10-27T14:05:37.344+0000] {dagbag.py:588} INFO - Filling up the DagBag from /home/airflow/.local/lib/python3.12/site-packages/airflow/example_dags/example_skip_dag.py
[2024-10-27T14:05:37.371+0000] {processor.py:925} INFO - DAG(s) 'example_skip_dag' retrieved from /home/airflow/.local/lib/python3.12/site-packages/airflow/example_dags/example_skip_dag.py
[2024-10-27T14:05:37.463+0000] {logging_mixin.py:190} INFO - [2024-10-27T14:05:37.463+0000] {dag.py:3239} INFO - Sync 1 DAGs
[2024-10-27T14:05:37.537+0000] {logging_mixin.py:190} INFO - [2024-10-27T14:05:37.537+0000] {dag.py:4180} INFO - Setting next_dagrun for example_skip_dag to 2024-10-26 00:00:00+00:00, run_after=2024-10-27 00:00:00+00:00
[2024-10-27T14:05:37.607+0000] {processor.py:208} INFO - Processing /home/airflow/.local/lib/python3.12/site-packages/airflow/example_dags/example_skip_dag.py took 0.296 seconds
[2024-10-27T14:06:08.027+0000] {processor.py:186} INFO - Started process (PID=1545) to work on /home/airflow/.local/lib/python3.12/site-packages/airflow/example_dags/example_skip_dag.py
[2024-10-27T14:06:08.029+0000] {processor.py:914} INFO - Processing file /home/airflow/.local/lib/python3.12/site-packages/airflow/example_dags/example_skip_dag.py for tasks to queue
[2024-10-27T14:06:08.035+0000] {logging_mixin.py:190} INFO - [2024-10-27T14:06:08.034+0000] {dagbag.py:588} INFO - Filling up the DagBag from /home/airflow/.local/lib/python3.12/site-packages/airflow/example_dags/example_skip_dag.py
[2024-10-27T14:06:08.054+0000] {processor.py:925} INFO - DAG(s) 'example_skip_dag' retrieved from /home/airflow/.local/lib/python3.12/site-packages/airflow/example_dags/example_skip_dag.py
[2024-10-27T14:06:08.121+0000] {logging_mixin.py:190} INFO - [2024-10-27T14:06:08.121+0000] {dag.py:3239} INFO - Sync 1 DAGs
[2024-10-27T14:06:08.210+0000] {logging_mixin.py:190} INFO - [2024-10-27T14:06:08.210+0000] {dag.py:4180} INFO - Setting next_dagrun for example_skip_dag to 2024-10-26 00:00:00+00:00, run_after=2024-10-27 00:00:00+00:00
[2024-10-27T14:06:08.276+0000] {processor.py:208} INFO - Processing /home/airflow/.local/lib/python3.12/site-packages/airflow/example_dags/example_skip_dag.py took 0.261 seconds
[2024-10-27T14:06:38.531+0000] {processor.py:186} INFO - Started process (PID=1607) to work on /home/airflow/.local/lib/python3.12/site-packages/airflow/example_dags/example_skip_dag.py
[2024-10-27T14:06:38.533+0000] {processor.py:914} INFO - Processing file /home/airflow/.local/lib/python3.12/site-packages/airflow/example_dags/example_skip_dag.py for tasks to queue
[2024-10-27T14:06:38.538+0000] {logging_mixin.py:190} INFO - [2024-10-27T14:06:38.538+0000] {dagbag.py:588} INFO - Filling up the DagBag from /home/airflow/.local/lib/python3.12/site-packages/airflow/example_dags/example_skip_dag.py
[2024-10-27T14:06:38.557+0000] {processor.py:925} INFO - DAG(s) 'example_skip_dag' retrieved from /home/airflow/.local/lib/python3.12/site-packages/airflow/example_dags/example_skip_dag.py
[2024-10-27T14:06:38.611+0000] {logging_mixin.py:190} INFO - [2024-10-27T14:06:38.611+0000] {dag.py:3239} INFO - Sync 1 DAGs
[2024-10-27T14:06:38.667+0000] {logging_mixin.py:190} INFO - [2024-10-27T14:06:38.667+0000] {dag.py:4180} INFO - Setting next_dagrun for example_skip_dag to 2024-10-26 00:00:00+00:00, run_after=2024-10-27 00:00:00+00:00
[2024-10-27T14:06:38.720+0000] {processor.py:208} INFO - Processing /home/airflow/.local/lib/python3.12/site-packages/airflow/example_dags/example_skip_dag.py took 0.204 seconds
[2024-10-27T14:07:10.095+0000] {processor.py:186} INFO - Started process (PID=1669) to work on /home/airflow/.local/lib/python3.12/site-packages/airflow/example_dags/example_skip_dag.py
[2024-10-27T14:07:10.097+0000] {processor.py:914} INFO - Processing file /home/airflow/.local/lib/python3.12/site-packages/airflow/example_dags/example_skip_dag.py for tasks to queue
[2024-10-27T14:07:10.101+0000] {logging_mixin.py:190} INFO - [2024-10-27T14:07:10.100+0000] {dagbag.py:588} INFO - Filling up the DagBag from /home/airflow/.local/lib/python3.12/site-packages/airflow/example_dags/example_skip_dag.py
[2024-10-27T14:07:10.113+0000] {processor.py:925} INFO - DAG(s) 'example_skip_dag' retrieved from /home/airflow/.local/lib/python3.12/site-packages/airflow/example_dags/example_skip_dag.py
[2024-10-27T14:07:10.147+0000] {logging_mixin.py:190} INFO - [2024-10-27T14:07:10.147+0000] {dag.py:3239} INFO - Sync 1 DAGs
[2024-10-27T14:07:10.199+0000] {logging_mixin.py:190} INFO - [2024-10-27T14:07:10.199+0000] {dag.py:4180} INFO - Setting next_dagrun for example_skip_dag to 2024-10-26 00:00:00+00:00, run_after=2024-10-27 00:00:00+00:00
[2024-10-27T14:07:11.779+0000] {processor.py:208} INFO - Processing /home/airflow/.local/lib/python3.12/site-packages/airflow/example_dags/example_skip_dag.py took 1.693 seconds
[2024-10-27T14:07:42.150+0000] {processor.py:186} INFO - Started process (PID=1738) to work on /home/airflow/.local/lib/python3.12/site-packages/airflow/example_dags/example_skip_dag.py
[2024-10-27T14:07:42.153+0000] {processor.py:914} INFO - Processing file /home/airflow/.local/lib/python3.12/site-packages/airflow/example_dags/example_skip_dag.py for tasks to queue
[2024-10-27T14:07:42.168+0000] {logging_mixin.py:190} INFO - [2024-10-27T14:07:42.167+0000] {dagbag.py:588} INFO - Filling up the DagBag from /home/airflow/.local/lib/python3.12/site-packages/airflow/example_dags/example_skip_dag.py
[2024-10-27T14:07:42.217+0000] {processor.py:925} INFO - DAG(s) 'example_skip_dag' retrieved from /home/airflow/.local/lib/python3.12/site-packages/airflow/example_dags/example_skip_dag.py
[2024-10-27T14:07:42.352+0000] {logging_mixin.py:190} INFO - [2024-10-27T14:07:42.351+0000] {dag.py:3239} INFO - Sync 1 DAGs
[2024-10-27T14:07:42.489+0000] {logging_mixin.py:190} INFO - [2024-10-27T14:07:42.488+0000] {dag.py:4180} INFO - Setting next_dagrun for example_skip_dag to 2024-10-26 00:00:00+00:00, run_after=2024-10-27 00:00:00+00:00
[2024-10-27T14:07:42.565+0000] {processor.py:208} INFO - Processing /home/airflow/.local/lib/python3.12/site-packages/airflow/example_dags/example_skip_dag.py took 0.433 seconds
[2024-10-27T14:08:13.169+0000] {processor.py:186} INFO - Started process (PID=1800) to work on /home/airflow/.local/lib/python3.12/site-packages/airflow/example_dags/example_skip_dag.py
[2024-10-27T14:08:13.172+0000] {processor.py:914} INFO - Processing file /home/airflow/.local/lib/python3.12/site-packages/airflow/example_dags/example_skip_dag.py for tasks to queue
[2024-10-27T14:08:13.176+0000] {logging_mixin.py:190} INFO - [2024-10-27T14:08:13.176+0000] {dagbag.py:588} INFO - Filling up the DagBag from /home/airflow/.local/lib/python3.12/site-packages/airflow/example_dags/example_skip_dag.py
[2024-10-27T14:08:13.194+0000] {processor.py:925} INFO - DAG(s) 'example_skip_dag' retrieved from /home/airflow/.local/lib/python3.12/site-packages/airflow/example_dags/example_skip_dag.py
[2024-10-27T14:08:13.253+0000] {logging_mixin.py:190} INFO - [2024-10-27T14:08:13.252+0000] {dag.py:3239} INFO - Sync 1 DAGs
[2024-10-27T14:08:13.336+0000] {logging_mixin.py:190} INFO - [2024-10-27T14:08:13.336+0000] {dag.py:4180} INFO - Setting next_dagrun for example_skip_dag to 2024-10-26 00:00:00+00:00, run_after=2024-10-27 00:00:00+00:00
[2024-10-27T14:08:13.421+0000] {processor.py:208} INFO - Processing /home/airflow/.local/lib/python3.12/site-packages/airflow/example_dags/example_skip_dag.py took 0.264 seconds
[2024-10-27T14:08:44.005+0000] {processor.py:186} INFO - Started process (PID=1863) to work on /home/airflow/.local/lib/python3.12/site-packages/airflow/example_dags/example_skip_dag.py
[2024-10-27T14:08:44.008+0000] {processor.py:914} INFO - Processing file /home/airflow/.local/lib/python3.12/site-packages/airflow/example_dags/example_skip_dag.py for tasks to queue
[2024-10-27T14:08:44.013+0000] {logging_mixin.py:190} INFO - [2024-10-27T14:08:44.013+0000] {dagbag.py:588} INFO - Filling up the DagBag from /home/airflow/.local/lib/python3.12/site-packages/airflow/example_dags/example_skip_dag.py
[2024-10-27T14:08:44.051+0000] {processor.py:925} INFO - DAG(s) 'example_skip_dag' retrieved from /home/airflow/.local/lib/python3.12/site-packages/airflow/example_dags/example_skip_dag.py
[2024-10-27T14:08:44.162+0000] {logging_mixin.py:190} INFO - [2024-10-27T14:08:44.153+0000] {dag.py:3239} INFO - Sync 1 DAGs
[2024-10-27T14:08:44.301+0000] {logging_mixin.py:190} INFO - [2024-10-27T14:08:44.301+0000] {dag.py:4180} INFO - Setting next_dagrun for example_skip_dag to 2024-10-26 00:00:00+00:00, run_after=2024-10-27 00:00:00+00:00
[2024-10-27T14:08:44.396+0000] {processor.py:208} INFO - Processing /home/airflow/.local/lib/python3.12/site-packages/airflow/example_dags/example_skip_dag.py took 0.452 seconds
[2024-10-27T14:09:14.528+0000] {processor.py:186} INFO - Started process (PID=1925) to work on /home/airflow/.local/lib/python3.12/site-packages/airflow/example_dags/example_skip_dag.py
[2024-10-27T14:09:14.529+0000] {processor.py:914} INFO - Processing file /home/airflow/.local/lib/python3.12/site-packages/airflow/example_dags/example_skip_dag.py for tasks to queue
[2024-10-27T14:09:14.534+0000] {logging_mixin.py:190} INFO - [2024-10-27T14:09:14.533+0000] {dagbag.py:588} INFO - Filling up the DagBag from /home/airflow/.local/lib/python3.12/site-packages/airflow/example_dags/example_skip_dag.py
[2024-10-27T14:09:14.548+0000] {processor.py:925} INFO - DAG(s) 'example_skip_dag' retrieved from /home/airflow/.local/lib/python3.12/site-packages/airflow/example_dags/example_skip_dag.py
[2024-10-27T14:09:14.586+0000] {logging_mixin.py:190} INFO - [2024-10-27T14:09:14.585+0000] {dag.py:3239} INFO - Sync 1 DAGs
[2024-10-27T14:09:14.626+0000] {logging_mixin.py:190} INFO - [2024-10-27T14:09:14.625+0000] {dag.py:4180} INFO - Setting next_dagrun for example_skip_dag to 2024-10-26 00:00:00+00:00, run_after=2024-10-27 00:00:00+00:00
[2024-10-27T14:09:14.663+0000] {processor.py:208} INFO - Processing /home/airflow/.local/lib/python3.12/site-packages/airflow/example_dags/example_skip_dag.py took 0.146 seconds
[2024-10-27T14:09:44.848+0000] {processor.py:186} INFO - Started process (PID=1987) to work on /home/airflow/.local/lib/python3.12/site-packages/airflow/example_dags/example_skip_dag.py
[2024-10-27T14:09:44.849+0000] {processor.py:914} INFO - Processing file /home/airflow/.local/lib/python3.12/site-packages/airflow/example_dags/example_skip_dag.py for tasks to queue
[2024-10-27T14:09:44.854+0000] {logging_mixin.py:190} INFO - [2024-10-27T14:09:44.853+0000] {dagbag.py:588} INFO - Filling up the DagBag from /home/airflow/.local/lib/python3.12/site-packages/airflow/example_dags/example_skip_dag.py
[2024-10-27T14:09:44.882+0000] {processor.py:925} INFO - DAG(s) 'example_skip_dag' retrieved from /home/airflow/.local/lib/python3.12/site-packages/airflow/example_dags/example_skip_dag.py
[2024-10-27T14:09:44.976+0000] {logging_mixin.py:190} INFO - [2024-10-27T14:09:44.975+0000] {dag.py:3239} INFO - Sync 1 DAGs
[2024-10-27T14:09:45.073+0000] {logging_mixin.py:190} INFO - [2024-10-27T14:09:45.073+0000] {dag.py:4180} INFO - Setting next_dagrun for example_skip_dag to 2024-10-26 00:00:00+00:00, run_after=2024-10-27 00:00:00+00:00
[2024-10-27T14:09:45.124+0000] {processor.py:208} INFO - Processing /home/airflow/.local/lib/python3.12/site-packages/airflow/example_dags/example_skip_dag.py took 0.292 seconds
[2024-10-27T14:10:15.484+0000] {processor.py:186} INFO - Started process (PID=2049) to work on /home/airflow/.local/lib/python3.12/site-packages/airflow/example_dags/example_skip_dag.py
[2024-10-27T14:10:15.485+0000] {processor.py:914} INFO - Processing file /home/airflow/.local/lib/python3.12/site-packages/airflow/example_dags/example_skip_dag.py for tasks to queue
[2024-10-27T14:10:15.489+0000] {logging_mixin.py:190} INFO - [2024-10-27T14:10:15.488+0000] {dagbag.py:588} INFO - Filling up the DagBag from /home/airflow/.local/lib/python3.12/site-packages/airflow/example_dags/example_skip_dag.py
[2024-10-27T14:10:15.507+0000] {processor.py:925} INFO - DAG(s) 'example_skip_dag' retrieved from /home/airflow/.local/lib/python3.12/site-packages/airflow/example_dags/example_skip_dag.py
[2024-10-27T14:10:15.544+0000] {logging_mixin.py:190} INFO - [2024-10-27T14:10:15.543+0000] {dag.py:3239} INFO - Sync 1 DAGs
[2024-10-27T14:10:15.586+0000] {logging_mixin.py:190} INFO - [2024-10-27T14:10:15.586+0000] {dag.py:4180} INFO - Setting next_dagrun for example_skip_dag to 2024-10-26 00:00:00+00:00, run_after=2024-10-27 00:00:00+00:00
[2024-10-27T14:10:15.902+0000] {processor.py:208} INFO - Processing /home/airflow/.local/lib/python3.12/site-packages/airflow/example_dags/example_skip_dag.py took 0.429 seconds
[2024-10-27T14:10:46.582+0000] {processor.py:186} INFO - Started process (PID=2111) to work on /home/airflow/.local/lib/python3.12/site-packages/airflow/example_dags/example_skip_dag.py
[2024-10-27T14:10:46.584+0000] {processor.py:914} INFO - Processing file /home/airflow/.local/lib/python3.12/site-packages/airflow/example_dags/example_skip_dag.py for tasks to queue
[2024-10-27T14:10:46.589+0000] {logging_mixin.py:190} INFO - [2024-10-27T14:10:46.588+0000] {dagbag.py:588} INFO - Filling up the DagBag from /home/airflow/.local/lib/python3.12/site-packages/airflow/example_dags/example_skip_dag.py
[2024-10-27T14:10:46.603+0000] {processor.py:925} INFO - DAG(s) 'example_skip_dag' retrieved from /home/airflow/.local/lib/python3.12/site-packages/airflow/example_dags/example_skip_dag.py
[2024-10-27T14:10:46.644+0000] {logging_mixin.py:190} INFO - [2024-10-27T14:10:46.644+0000] {dag.py:3239} INFO - Sync 1 DAGs
[2024-10-27T14:10:46.681+0000] {logging_mixin.py:190} INFO - [2024-10-27T14:10:46.681+0000] {dag.py:4180} INFO - Setting next_dagrun for example_skip_dag to 2024-10-26 00:00:00+00:00, run_after=2024-10-27 00:00:00+00:00
[2024-10-27T14:10:46.722+0000] {processor.py:208} INFO - Processing /home/airflow/.local/lib/python3.12/site-packages/airflow/example_dags/example_skip_dag.py took 0.151 seconds
[2024-10-27T14:11:17.201+0000] {processor.py:186} INFO - Started process (PID=2173) to work on /home/airflow/.local/lib/python3.12/site-packages/airflow/example_dags/example_skip_dag.py
[2024-10-27T14:11:17.202+0000] {processor.py:914} INFO - Processing file /home/airflow/.local/lib/python3.12/site-packages/airflow/example_dags/example_skip_dag.py for tasks to queue
[2024-10-27T14:11:17.206+0000] {logging_mixin.py:190} INFO - [2024-10-27T14:11:17.206+0000] {dagbag.py:588} INFO - Filling up the DagBag from /home/airflow/.local/lib/python3.12/site-packages/airflow/example_dags/example_skip_dag.py
[2024-10-27T14:11:17.218+0000] {processor.py:925} INFO - DAG(s) 'example_skip_dag' retrieved from /home/airflow/.local/lib/python3.12/site-packages/airflow/example_dags/example_skip_dag.py
[2024-10-27T14:11:17.255+0000] {logging_mixin.py:190} INFO - [2024-10-27T14:11:17.255+0000] {dag.py:3239} INFO - Sync 1 DAGs
[2024-10-27T14:11:17.295+0000] {logging_mixin.py:190} INFO - [2024-10-27T14:11:17.294+0000] {dag.py:4180} INFO - Setting next_dagrun for example_skip_dag to 2024-10-26 00:00:00+00:00, run_after=2024-10-27 00:00:00+00:00
[2024-10-27T14:11:17.333+0000] {processor.py:208} INFO - Processing /home/airflow/.local/lib/python3.12/site-packages/airflow/example_dags/example_skip_dag.py took 0.142 seconds
[2024-10-27T14:11:48.020+0000] {processor.py:186} INFO - Started process (PID=2235) to work on /home/airflow/.local/lib/python3.12/site-packages/airflow/example_dags/example_skip_dag.py
[2024-10-27T14:11:48.024+0000] {processor.py:914} INFO - Processing file /home/airflow/.local/lib/python3.12/site-packages/airflow/example_dags/example_skip_dag.py for tasks to queue
[2024-10-27T14:11:48.028+0000] {logging_mixin.py:190} INFO - [2024-10-27T14:11:48.028+0000] {dagbag.py:588} INFO - Filling up the DagBag from /home/airflow/.local/lib/python3.12/site-packages/airflow/example_dags/example_skip_dag.py
[2024-10-27T14:11:48.044+0000] {processor.py:925} INFO - DAG(s) 'example_skip_dag' retrieved from /home/airflow/.local/lib/python3.12/site-packages/airflow/example_dags/example_skip_dag.py
[2024-10-27T14:11:48.109+0000] {logging_mixin.py:190} INFO - [2024-10-27T14:11:48.108+0000] {dag.py:3239} INFO - Sync 1 DAGs
[2024-10-27T14:11:48.207+0000] {logging_mixin.py:190} INFO - [2024-10-27T14:11:48.206+0000] {dag.py:4180} INFO - Setting next_dagrun for example_skip_dag to 2024-10-26 00:00:00+00:00, run_after=2024-10-27 00:00:00+00:00
[2024-10-27T14:11:48.275+0000] {processor.py:208} INFO - Processing /home/airflow/.local/lib/python3.12/site-packages/airflow/example_dags/example_skip_dag.py took 0.270 seconds
[2024-10-27T14:12:18.378+0000] {processor.py:186} INFO - Started process (PID=2297) to work on /home/airflow/.local/lib/python3.12/site-packages/airflow/example_dags/example_skip_dag.py
[2024-10-27T14:12:18.380+0000] {processor.py:914} INFO - Processing file /home/airflow/.local/lib/python3.12/site-packages/airflow/example_dags/example_skip_dag.py for tasks to queue
[2024-10-27T14:12:18.383+0000] {logging_mixin.py:190} INFO - [2024-10-27T14:12:18.383+0000] {dagbag.py:588} INFO - Filling up the DagBag from /home/airflow/.local/lib/python3.12/site-packages/airflow/example_dags/example_skip_dag.py
[2024-10-27T14:12:18.395+0000] {processor.py:925} INFO - DAG(s) 'example_skip_dag' retrieved from /home/airflow/.local/lib/python3.12/site-packages/airflow/example_dags/example_skip_dag.py
[2024-10-27T14:12:18.428+0000] {logging_mixin.py:190} INFO - [2024-10-27T14:12:18.428+0000] {dag.py:3239} INFO - Sync 1 DAGs
[2024-10-27T14:12:18.459+0000] {logging_mixin.py:190} INFO - [2024-10-27T14:12:18.459+0000] {dag.py:4180} INFO - Setting next_dagrun for example_skip_dag to 2024-10-26 00:00:00+00:00, run_after=2024-10-27 00:00:00+00:00
[2024-10-27T14:12:18.554+0000] {processor.py:208} INFO - Processing /home/airflow/.local/lib/python3.12/site-packages/airflow/example_dags/example_skip_dag.py took 0.184 seconds
[2024-10-27T14:12:48.829+0000] {processor.py:186} INFO - Started process (PID=2358) to work on /home/airflow/.local/lib/python3.12/site-packages/airflow/example_dags/example_skip_dag.py
[2024-10-27T14:12:48.831+0000] {processor.py:914} INFO - Processing file /home/airflow/.local/lib/python3.12/site-packages/airflow/example_dags/example_skip_dag.py for tasks to queue
[2024-10-27T14:12:48.835+0000] {logging_mixin.py:190} INFO - [2024-10-27T14:12:48.834+0000] {dagbag.py:588} INFO - Filling up the DagBag from /home/airflow/.local/lib/python3.12/site-packages/airflow/example_dags/example_skip_dag.py
[2024-10-27T14:12:48.848+0000] {processor.py:925} INFO - DAG(s) 'example_skip_dag' retrieved from /home/airflow/.local/lib/python3.12/site-packages/airflow/example_dags/example_skip_dag.py
[2024-10-27T14:12:48.880+0000] {logging_mixin.py:190} INFO - [2024-10-27T14:12:48.880+0000] {dag.py:3239} INFO - Sync 1 DAGs
[2024-10-27T14:12:48.914+0000] {logging_mixin.py:190} INFO - [2024-10-27T14:12:48.913+0000] {dag.py:4180} INFO - Setting next_dagrun for example_skip_dag to 2024-10-26 00:00:00+00:00, run_after=2024-10-27 00:00:00+00:00
[2024-10-27T14:12:48.996+0000] {processor.py:208} INFO - Processing /home/airflow/.local/lib/python3.12/site-packages/airflow/example_dags/example_skip_dag.py took 0.177 seconds
[2024-10-27T14:13:20.221+0000] {processor.py:186} INFO - Started process (PID=2420) to work on /home/airflow/.local/lib/python3.12/site-packages/airflow/example_dags/example_skip_dag.py
[2024-10-27T14:13:20.223+0000] {processor.py:914} INFO - Processing file /home/airflow/.local/lib/python3.12/site-packages/airflow/example_dags/example_skip_dag.py for tasks to queue
[2024-10-27T14:13:20.227+0000] {logging_mixin.py:190} INFO - [2024-10-27T14:13:20.226+0000] {dagbag.py:588} INFO - Filling up the DagBag from /home/airflow/.local/lib/python3.12/site-packages/airflow/example_dags/example_skip_dag.py
[2024-10-27T14:13:20.238+0000] {processor.py:925} INFO - DAG(s) 'example_skip_dag' retrieved from /home/airflow/.local/lib/python3.12/site-packages/airflow/example_dags/example_skip_dag.py
[2024-10-27T14:13:20.271+0000] {logging_mixin.py:190} INFO - [2024-10-27T14:13:20.270+0000] {dag.py:3239} INFO - Sync 1 DAGs
[2024-10-27T14:13:20.307+0000] {logging_mixin.py:190} INFO - [2024-10-27T14:13:20.306+0000] {dag.py:4180} INFO - Setting next_dagrun for example_skip_dag to 2024-10-26 00:00:00+00:00, run_after=2024-10-27 00:00:00+00:00
[2024-10-27T14:13:20.481+0000] {processor.py:208} INFO - Processing /home/airflow/.local/lib/python3.12/site-packages/airflow/example_dags/example_skip_dag.py took 0.271 seconds
[2024-10-27T14:13:50.952+0000] {processor.py:186} INFO - Started process (PID=2481) to work on /home/airflow/.local/lib/python3.12/site-packages/airflow/example_dags/example_skip_dag.py
[2024-10-27T14:13:50.954+0000] {processor.py:914} INFO - Processing file /home/airflow/.local/lib/python3.12/site-packages/airflow/example_dags/example_skip_dag.py for tasks to queue
[2024-10-27T14:13:50.957+0000] {logging_mixin.py:190} INFO - [2024-10-27T14:13:50.957+0000] {dagbag.py:588} INFO - Filling up the DagBag from /home/airflow/.local/lib/python3.12/site-packages/airflow/example_dags/example_skip_dag.py
[2024-10-27T14:13:50.968+0000] {processor.py:925} INFO - DAG(s) 'example_skip_dag' retrieved from /home/airflow/.local/lib/python3.12/site-packages/airflow/example_dags/example_skip_dag.py
[2024-10-27T14:13:50.996+0000] {logging_mixin.py:190} INFO - [2024-10-27T14:13:50.996+0000] {dag.py:3239} INFO - Sync 1 DAGs
[2024-10-27T14:13:51.036+0000] {logging_mixin.py:190} INFO - [2024-10-27T14:13:51.036+0000] {dag.py:4180} INFO - Setting next_dagrun for example_skip_dag to 2024-10-26 00:00:00+00:00, run_after=2024-10-27 00:00:00+00:00
[2024-10-27T14:13:51.076+0000] {processor.py:208} INFO - Processing /home/airflow/.local/lib/python3.12/site-packages/airflow/example_dags/example_skip_dag.py took 0.132 seconds
[2024-10-27T14:14:21.924+0000] {processor.py:186} INFO - Started process (PID=2541) to work on /home/airflow/.local/lib/python3.12/site-packages/airflow/example_dags/example_skip_dag.py
[2024-10-27T14:14:21.926+0000] {processor.py:914} INFO - Processing file /home/airflow/.local/lib/python3.12/site-packages/airflow/example_dags/example_skip_dag.py for tasks to queue
[2024-10-27T14:14:21.929+0000] {logging_mixin.py:190} INFO - [2024-10-27T14:14:21.929+0000] {dagbag.py:588} INFO - Filling up the DagBag from /home/airflow/.local/lib/python3.12/site-packages/airflow/example_dags/example_skip_dag.py
[2024-10-27T14:14:21.940+0000] {processor.py:925} INFO - DAG(s) 'example_skip_dag' retrieved from /home/airflow/.local/lib/python3.12/site-packages/airflow/example_dags/example_skip_dag.py
[2024-10-27T14:14:21.971+0000] {logging_mixin.py:190} INFO - [2024-10-27T14:14:21.971+0000] {dag.py:3239} INFO - Sync 1 DAGs
[2024-10-27T14:14:22.011+0000] {logging_mixin.py:190} INFO - [2024-10-27T14:14:22.011+0000] {dag.py:4180} INFO - Setting next_dagrun for example_skip_dag to 2024-10-26 00:00:00+00:00, run_after=2024-10-27 00:00:00+00:00
[2024-10-27T14:14:22.088+0000] {processor.py:208} INFO - Processing /home/airflow/.local/lib/python3.12/site-packages/airflow/example_dags/example_skip_dag.py took 0.172 seconds
[2024-10-27T14:14:52.973+0000] {processor.py:186} INFO - Started process (PID=2603) to work on /home/airflow/.local/lib/python3.12/site-packages/airflow/example_dags/example_skip_dag.py
[2024-10-27T14:14:52.975+0000] {processor.py:914} INFO - Processing file /home/airflow/.local/lib/python3.12/site-packages/airflow/example_dags/example_skip_dag.py for tasks to queue
[2024-10-27T14:14:52.978+0000] {logging_mixin.py:190} INFO - [2024-10-27T14:14:52.978+0000] {dagbag.py:588} INFO - Filling up the DagBag from /home/airflow/.local/lib/python3.12/site-packages/airflow/example_dags/example_skip_dag.py
[2024-10-27T14:14:52.988+0000] {processor.py:925} INFO - DAG(s) 'example_skip_dag' retrieved from /home/airflow/.local/lib/python3.12/site-packages/airflow/example_dags/example_skip_dag.py
[2024-10-27T14:14:53.015+0000] {logging_mixin.py:190} INFO - [2024-10-27T14:14:53.015+0000] {dag.py:3239} INFO - Sync 1 DAGs
[2024-10-27T14:14:53.047+0000] {logging_mixin.py:190} INFO - [2024-10-27T14:14:53.047+0000] {dag.py:4180} INFO - Setting next_dagrun for example_skip_dag to 2024-10-26 00:00:00+00:00, run_after=2024-10-27 00:00:00+00:00
[2024-10-27T14:14:53.183+0000] {processor.py:208} INFO - Processing /home/airflow/.local/lib/python3.12/site-packages/airflow/example_dags/example_skip_dag.py took 0.217 seconds
[2024-10-27T14:15:24.680+0000] {processor.py:186} INFO - Started process (PID=2665) to work on /home/airflow/.local/lib/python3.12/site-packages/airflow/example_dags/example_skip_dag.py
[2024-10-27T14:15:24.694+0000] {processor.py:914} INFO - Processing file /home/airflow/.local/lib/python3.12/site-packages/airflow/example_dags/example_skip_dag.py for tasks to queue
[2024-10-27T14:15:24.706+0000] {logging_mixin.py:190} INFO - [2024-10-27T14:15:24.705+0000] {dagbag.py:588} INFO - Filling up the DagBag from /home/airflow/.local/lib/python3.12/site-packages/airflow/example_dags/example_skip_dag.py
[2024-10-27T14:15:24.725+0000] {processor.py:925} INFO - DAG(s) 'example_skip_dag' retrieved from /home/airflow/.local/lib/python3.12/site-packages/airflow/example_dags/example_skip_dag.py
[2024-10-27T14:15:24.777+0000] {logging_mixin.py:190} INFO - [2024-10-27T14:15:24.776+0000] {dag.py:3239} INFO - Sync 1 DAGs
[2024-10-27T14:15:24.853+0000] {logging_mixin.py:190} INFO - [2024-10-27T14:15:24.852+0000] {dag.py:4180} INFO - Setting next_dagrun for example_skip_dag to 2024-10-26 00:00:00+00:00, run_after=2024-10-27 00:00:00+00:00
[2024-10-27T14:15:25.083+0000] {processor.py:208} INFO - Processing /home/airflow/.local/lib/python3.12/site-packages/airflow/example_dags/example_skip_dag.py took 0.417 seconds
[2024-10-27T14:15:55.359+0000] {processor.py:186} INFO - Started process (PID=2727) to work on /home/airflow/.local/lib/python3.12/site-packages/airflow/example_dags/example_skip_dag.py
[2024-10-27T14:15:55.361+0000] {processor.py:914} INFO - Processing file /home/airflow/.local/lib/python3.12/site-packages/airflow/example_dags/example_skip_dag.py for tasks to queue
[2024-10-27T14:15:55.367+0000] {logging_mixin.py:190} INFO - [2024-10-27T14:15:55.366+0000] {dagbag.py:588} INFO - Filling up the DagBag from /home/airflow/.local/lib/python3.12/site-packages/airflow/example_dags/example_skip_dag.py
[2024-10-27T14:15:55.381+0000] {processor.py:925} INFO - DAG(s) 'example_skip_dag' retrieved from /home/airflow/.local/lib/python3.12/site-packages/airflow/example_dags/example_skip_dag.py
[2024-10-27T14:15:55.455+0000] {logging_mixin.py:190} INFO - [2024-10-27T14:15:55.455+0000] {dag.py:3239} INFO - Sync 1 DAGs
[2024-10-27T14:15:55.502+0000] {logging_mixin.py:190} INFO - [2024-10-27T14:15:55.501+0000] {dag.py:4180} INFO - Setting next_dagrun for example_skip_dag to 2024-10-26 00:00:00+00:00, run_after=2024-10-27 00:00:00+00:00
[2024-10-27T14:15:55.870+0000] {processor.py:208} INFO - Processing /home/airflow/.local/lib/python3.12/site-packages/airflow/example_dags/example_skip_dag.py took 0.522 seconds
[2024-10-27T14:16:26.471+0000] {processor.py:186} INFO - Started process (PID=2789) to work on /home/airflow/.local/lib/python3.12/site-packages/airflow/example_dags/example_skip_dag.py
[2024-10-27T14:16:26.472+0000] {processor.py:914} INFO - Processing file /home/airflow/.local/lib/python3.12/site-packages/airflow/example_dags/example_skip_dag.py for tasks to queue
[2024-10-27T14:16:26.476+0000] {logging_mixin.py:190} INFO - [2024-10-27T14:16:26.475+0000] {dagbag.py:588} INFO - Filling up the DagBag from /home/airflow/.local/lib/python3.12/site-packages/airflow/example_dags/example_skip_dag.py
[2024-10-27T14:16:26.486+0000] {processor.py:925} INFO - DAG(s) 'example_skip_dag' retrieved from /home/airflow/.local/lib/python3.12/site-packages/airflow/example_dags/example_skip_dag.py
[2024-10-27T14:16:26.520+0000] {logging_mixin.py:190} INFO - [2024-10-27T14:16:26.519+0000] {dag.py:3239} INFO - Sync 1 DAGs
[2024-10-27T14:16:26.557+0000] {logging_mixin.py:190} INFO - [2024-10-27T14:16:26.557+0000] {dag.py:4180} INFO - Setting next_dagrun for example_skip_dag to 2024-10-26 00:00:00+00:00, run_after=2024-10-27 00:00:00+00:00
[2024-10-27T14:16:26.668+0000] {processor.py:208} INFO - Processing /home/airflow/.local/lib/python3.12/site-packages/airflow/example_dags/example_skip_dag.py took 0.207 seconds
[2024-10-27T14:16:57.022+0000] {processor.py:186} INFO - Started process (PID=2851) to work on /home/airflow/.local/lib/python3.12/site-packages/airflow/example_dags/example_skip_dag.py
[2024-10-27T14:16:57.028+0000] {processor.py:914} INFO - Processing file /home/airflow/.local/lib/python3.12/site-packages/airflow/example_dags/example_skip_dag.py for tasks to queue
[2024-10-27T14:16:57.070+0000] {logging_mixin.py:190} INFO - [2024-10-27T14:16:57.069+0000] {dagbag.py:588} INFO - Filling up the DagBag from /home/airflow/.local/lib/python3.12/site-packages/airflow/example_dags/example_skip_dag.py
[2024-10-27T14:16:57.106+0000] {processor.py:925} INFO - DAG(s) 'example_skip_dag' retrieved from /home/airflow/.local/lib/python3.12/site-packages/airflow/example_dags/example_skip_dag.py
[2024-10-27T14:16:57.167+0000] {logging_mixin.py:190} INFO - [2024-10-27T14:16:57.166+0000] {dag.py:3239} INFO - Sync 1 DAGs
[2024-10-27T14:16:57.235+0000] {logging_mixin.py:190} INFO - [2024-10-27T14:16:57.234+0000] {dag.py:4180} INFO - Setting next_dagrun for example_skip_dag to 2024-10-26 00:00:00+00:00, run_after=2024-10-27 00:00:00+00:00
[2024-10-27T14:16:57.345+0000] {processor.py:208} INFO - Processing /home/airflow/.local/lib/python3.12/site-packages/airflow/example_dags/example_skip_dag.py took 0.340 seconds
[2024-10-27T14:17:28.208+0000] {processor.py:186} INFO - Started process (PID=2913) to work on /home/airflow/.local/lib/python3.12/site-packages/airflow/example_dags/example_skip_dag.py
[2024-10-27T14:17:28.210+0000] {processor.py:914} INFO - Processing file /home/airflow/.local/lib/python3.12/site-packages/airflow/example_dags/example_skip_dag.py for tasks to queue
[2024-10-27T14:17:28.216+0000] {logging_mixin.py:190} INFO - [2024-10-27T14:17:28.215+0000] {dagbag.py:588} INFO - Filling up the DagBag from /home/airflow/.local/lib/python3.12/site-packages/airflow/example_dags/example_skip_dag.py
[2024-10-27T14:17:28.234+0000] {processor.py:925} INFO - DAG(s) 'example_skip_dag' retrieved from /home/airflow/.local/lib/python3.12/site-packages/airflow/example_dags/example_skip_dag.py
[2024-10-27T14:17:28.309+0000] {logging_mixin.py:190} INFO - [2024-10-27T14:17:28.303+0000] {dag.py:3239} INFO - Sync 1 DAGs
[2024-10-27T14:17:28.379+0000] {logging_mixin.py:190} INFO - [2024-10-27T14:17:28.379+0000] {dag.py:4180} INFO - Setting next_dagrun for example_skip_dag to 2024-10-26 00:00:00+00:00, run_after=2024-10-27 00:00:00+00:00
[2024-10-27T14:17:28.498+0000] {processor.py:208} INFO - Processing /home/airflow/.local/lib/python3.12/site-packages/airflow/example_dags/example_skip_dag.py took 0.305 seconds
[2024-10-27T14:17:59.063+0000] {processor.py:186} INFO - Started process (PID=2974) to work on /home/airflow/.local/lib/python3.12/site-packages/airflow/example_dags/example_skip_dag.py
[2024-10-27T14:17:59.069+0000] {processor.py:914} INFO - Processing file /home/airflow/.local/lib/python3.12/site-packages/airflow/example_dags/example_skip_dag.py for tasks to queue
[2024-10-27T14:17:59.073+0000] {logging_mixin.py:190} INFO - [2024-10-27T14:17:59.072+0000] {dagbag.py:588} INFO - Filling up the DagBag from /home/airflow/.local/lib/python3.12/site-packages/airflow/example_dags/example_skip_dag.py
[2024-10-27T14:17:59.087+0000] {processor.py:925} INFO - DAG(s) 'example_skip_dag' retrieved from /home/airflow/.local/lib/python3.12/site-packages/airflow/example_dags/example_skip_dag.py
[2024-10-27T14:17:59.122+0000] {logging_mixin.py:190} INFO - [2024-10-27T14:17:59.122+0000] {dag.py:3239} INFO - Sync 1 DAGs
[2024-10-27T14:17:59.163+0000] {logging_mixin.py:190} INFO - [2024-10-27T14:17:59.163+0000] {dag.py:4180} INFO - Setting next_dagrun for example_skip_dag to 2024-10-26 00:00:00+00:00, run_after=2024-10-27 00:00:00+00:00
[2024-10-27T14:17:59.246+0000] {processor.py:208} INFO - Processing /home/airflow/.local/lib/python3.12/site-packages/airflow/example_dags/example_skip_dag.py took 0.193 seconds
[2024-10-27T14:18:30.029+0000] {processor.py:186} INFO - Started process (PID=3036) to work on /home/airflow/.local/lib/python3.12/site-packages/airflow/example_dags/example_skip_dag.py
[2024-10-27T14:18:30.226+0000] {processor.py:914} INFO - Processing file /home/airflow/.local/lib/python3.12/site-packages/airflow/example_dags/example_skip_dag.py for tasks to queue
[2024-10-27T14:18:30.247+0000] {logging_mixin.py:190} INFO - [2024-10-27T14:18:30.246+0000] {dagbag.py:588} INFO - Filling up the DagBag from /home/airflow/.local/lib/python3.12/site-packages/airflow/example_dags/example_skip_dag.py
[2024-10-27T14:18:30.298+0000] {processor.py:925} INFO - DAG(s) 'example_skip_dag' retrieved from /home/airflow/.local/lib/python3.12/site-packages/airflow/example_dags/example_skip_dag.py
[2024-10-27T14:18:30.345+0000] {logging_mixin.py:190} INFO - [2024-10-27T14:18:30.345+0000] {dag.py:3239} INFO - Sync 1 DAGs
[2024-10-27T14:18:30.385+0000] {logging_mixin.py:190} INFO - [2024-10-27T14:18:30.385+0000] {dag.py:4180} INFO - Setting next_dagrun for example_skip_dag to 2024-10-26 00:00:00+00:00, run_after=2024-10-27 00:00:00+00:00
[2024-10-27T14:18:30.496+0000] {processor.py:208} INFO - Processing /home/airflow/.local/lib/python3.12/site-packages/airflow/example_dags/example_skip_dag.py took 0.476 seconds
[2024-10-27T14:19:01.394+0000] {processor.py:186} INFO - Started process (PID=3099) to work on /home/airflow/.local/lib/python3.12/site-packages/airflow/example_dags/example_skip_dag.py
[2024-10-27T14:19:01.431+0000] {processor.py:914} INFO - Processing file /home/airflow/.local/lib/python3.12/site-packages/airflow/example_dags/example_skip_dag.py for tasks to queue
[2024-10-27T14:19:01.448+0000] {logging_mixin.py:190} INFO - [2024-10-27T14:19:01.447+0000] {dagbag.py:588} INFO - Filling up the DagBag from /home/airflow/.local/lib/python3.12/site-packages/airflow/example_dags/example_skip_dag.py
[2024-10-27T14:19:01.504+0000] {processor.py:925} INFO - DAG(s) 'example_skip_dag' retrieved from /home/airflow/.local/lib/python3.12/site-packages/airflow/example_dags/example_skip_dag.py
[2024-10-27T14:19:01.589+0000] {logging_mixin.py:190} INFO - [2024-10-27T14:19:01.589+0000] {dag.py:3239} INFO - Sync 1 DAGs
[2024-10-27T14:19:01.689+0000] {logging_mixin.py:190} INFO - [2024-10-27T14:19:01.689+0000] {dag.py:4180} INFO - Setting next_dagrun for example_skip_dag to 2024-10-26 00:00:00+00:00, run_after=2024-10-27 00:00:00+00:00
[2024-10-27T14:19:02.060+0000] {processor.py:208} INFO - Processing /home/airflow/.local/lib/python3.12/site-packages/airflow/example_dags/example_skip_dag.py took 0.680 seconds
[2024-10-27T14:19:32.404+0000] {processor.py:186} INFO - Started process (PID=3162) to work on /home/airflow/.local/lib/python3.12/site-packages/airflow/example_dags/example_skip_dag.py
[2024-10-27T14:19:32.409+0000] {processor.py:914} INFO - Processing file /home/airflow/.local/lib/python3.12/site-packages/airflow/example_dags/example_skip_dag.py for tasks to queue
[2024-10-27T14:19:32.414+0000] {logging_mixin.py:190} INFO - [2024-10-27T14:19:32.413+0000] {dagbag.py:588} INFO - Filling up the DagBag from /home/airflow/.local/lib/python3.12/site-packages/airflow/example_dags/example_skip_dag.py
[2024-10-27T14:19:32.459+0000] {processor.py:925} INFO - DAG(s) 'example_skip_dag' retrieved from /home/airflow/.local/lib/python3.12/site-packages/airflow/example_dags/example_skip_dag.py
[2024-10-27T14:19:32.531+0000] {logging_mixin.py:190} INFO - [2024-10-27T14:19:32.530+0000] {dag.py:3239} INFO - Sync 1 DAGs
[2024-10-27T14:19:32.610+0000] {logging_mixin.py:190} INFO - [2024-10-27T14:19:32.609+0000] {dag.py:4180} INFO - Setting next_dagrun for example_skip_dag to 2024-10-26 00:00:00+00:00, run_after=2024-10-27 00:00:00+00:00
[2024-10-27T14:19:32.683+0000] {processor.py:208} INFO - Processing /home/airflow/.local/lib/python3.12/site-packages/airflow/example_dags/example_skip_dag.py took 0.303 seconds
[2024-10-27T14:20:04.247+0000] {processor.py:186} INFO - Started process (PID=3224) to work on /home/airflow/.local/lib/python3.12/site-packages/airflow/example_dags/example_skip_dag.py
[2024-10-27T14:20:04.279+0000] {processor.py:914} INFO - Processing file /home/airflow/.local/lib/python3.12/site-packages/airflow/example_dags/example_skip_dag.py for tasks to queue
[2024-10-27T14:20:04.286+0000] {logging_mixin.py:190} INFO - [2024-10-27T14:20:04.285+0000] {dagbag.py:588} INFO - Filling up the DagBag from /home/airflow/.local/lib/python3.12/site-packages/airflow/example_dags/example_skip_dag.py
[2024-10-27T14:20:04.350+0000] {processor.py:925} INFO - DAG(s) 'example_skip_dag' retrieved from /home/airflow/.local/lib/python3.12/site-packages/airflow/example_dags/example_skip_dag.py
[2024-10-27T14:20:04.457+0000] {logging_mixin.py:190} INFO - [2024-10-27T14:20:04.456+0000] {dag.py:3239} INFO - Sync 1 DAGs
[2024-10-27T14:20:04.510+0000] {logging_mixin.py:190} INFO - [2024-10-27T14:20:04.509+0000] {dag.py:4180} INFO - Setting next_dagrun for example_skip_dag to 2024-10-26 00:00:00+00:00, run_after=2024-10-27 00:00:00+00:00
[2024-10-27T14:20:04.605+0000] {processor.py:208} INFO - Processing /home/airflow/.local/lib/python3.12/site-packages/airflow/example_dags/example_skip_dag.py took 0.380 seconds
[2024-10-27T14:20:37.896+0000] {processor.py:186} INFO - Started process (PID=3286) to work on /home/airflow/.local/lib/python3.12/site-packages/airflow/example_dags/example_skip_dag.py
[2024-10-27T14:20:37.898+0000] {processor.py:914} INFO - Processing file /home/airflow/.local/lib/python3.12/site-packages/airflow/example_dags/example_skip_dag.py for tasks to queue
[2024-10-27T14:20:37.926+0000] {logging_mixin.py:190} INFO - [2024-10-27T14:20:37.926+0000] {dagbag.py:588} INFO - Filling up the DagBag from /home/airflow/.local/lib/python3.12/site-packages/airflow/example_dags/example_skip_dag.py
[2024-10-27T14:20:37.975+0000] {processor.py:925} INFO - DAG(s) 'example_skip_dag' retrieved from /home/airflow/.local/lib/python3.12/site-packages/airflow/example_dags/example_skip_dag.py
[2024-10-27T14:20:38.090+0000] {logging_mixin.py:190} INFO - [2024-10-27T14:20:38.090+0000] {dag.py:3239} INFO - Sync 1 DAGs
[2024-10-27T14:20:38.239+0000] {logging_mixin.py:190} INFO - [2024-10-27T14:20:38.239+0000] {dag.py:4180} INFO - Setting next_dagrun for example_skip_dag to 2024-10-26 00:00:00+00:00, run_after=2024-10-27 00:00:00+00:00
[2024-10-27T14:20:38.423+0000] {processor.py:208} INFO - Processing /home/airflow/.local/lib/python3.12/site-packages/airflow/example_dags/example_skip_dag.py took 0.551 seconds
[2024-10-27T14:21:16.741+0000] {processor.py:186} INFO - Started process (PID=3352) to work on /home/airflow/.local/lib/python3.12/site-packages/airflow/example_dags/example_skip_dag.py
[2024-10-27T14:21:16.745+0000] {processor.py:914} INFO - Processing file /home/airflow/.local/lib/python3.12/site-packages/airflow/example_dags/example_skip_dag.py for tasks to queue
[2024-10-27T14:21:16.750+0000] {logging_mixin.py:190} INFO - [2024-10-27T14:21:16.749+0000] {dagbag.py:588} INFO - Filling up the DagBag from /home/airflow/.local/lib/python3.12/site-packages/airflow/example_dags/example_skip_dag.py
[2024-10-27T14:21:16.768+0000] {processor.py:925} INFO - DAG(s) 'example_skip_dag' retrieved from /home/airflow/.local/lib/python3.12/site-packages/airflow/example_dags/example_skip_dag.py
[2024-10-27T14:21:16.817+0000] {logging_mixin.py:190} INFO - [2024-10-27T14:21:16.816+0000] {dag.py:3239} INFO - Sync 1 DAGs
[2024-10-27T14:21:16.868+0000] {logging_mixin.py:190} INFO - [2024-10-27T14:21:16.866+0000] {dag.py:4180} INFO - Setting next_dagrun for example_skip_dag to 2024-10-26 00:00:00+00:00, run_after=2024-10-27 00:00:00+00:00
[2024-10-27T14:21:16.932+0000] {processor.py:208} INFO - Processing /home/airflow/.local/lib/python3.12/site-packages/airflow/example_dags/example_skip_dag.py took 0.207 seconds
[2024-10-27T14:21:50.847+0000] {processor.py:186} INFO - Started process (PID=3408) to work on /home/airflow/.local/lib/python3.12/site-packages/airflow/example_dags/example_skip_dag.py
[2024-10-27T14:21:50.856+0000] {processor.py:914} INFO - Processing file /home/airflow/.local/lib/python3.12/site-packages/airflow/example_dags/example_skip_dag.py for tasks to queue
[2024-10-27T14:21:50.862+0000] {logging_mixin.py:190} INFO - [2024-10-27T14:21:50.861+0000] {dagbag.py:588} INFO - Filling up the DagBag from /home/airflow/.local/lib/python3.12/site-packages/airflow/example_dags/example_skip_dag.py
[2024-10-27T14:21:50.910+0000] {processor.py:925} INFO - DAG(s) 'example_skip_dag' retrieved from /home/airflow/.local/lib/python3.12/site-packages/airflow/example_dags/example_skip_dag.py
[2024-10-27T14:21:51.070+0000] {logging_mixin.py:190} INFO - [2024-10-27T14:21:51.069+0000] {dag.py:3239} INFO - Sync 1 DAGs
[2024-10-27T14:21:51.171+0000] {logging_mixin.py:190} INFO - [2024-10-27T14:21:51.171+0000] {dag.py:4180} INFO - Setting next_dagrun for example_skip_dag to 2024-10-26 00:00:00+00:00, run_after=2024-10-27 00:00:00+00:00
[2024-10-27T14:21:52.150+0000] {processor.py:208} INFO - Processing /home/airflow/.local/lib/python3.12/site-packages/airflow/example_dags/example_skip_dag.py took 1.324 seconds
[2024-10-27T14:22:22.553+0000] {processor.py:186} INFO - Started process (PID=3470) to work on /home/airflow/.local/lib/python3.12/site-packages/airflow/example_dags/example_skip_dag.py
[2024-10-27T14:22:22.904+0000] {processor.py:914} INFO - Processing file /home/airflow/.local/lib/python3.12/site-packages/airflow/example_dags/example_skip_dag.py for tasks to queue
[2024-10-27T14:22:22.915+0000] {logging_mixin.py:190} INFO - [2024-10-27T14:22:22.914+0000] {dagbag.py:588} INFO - Filling up the DagBag from /home/airflow/.local/lib/python3.12/site-packages/airflow/example_dags/example_skip_dag.py
[2024-10-27T14:22:22.937+0000] {processor.py:925} INFO - DAG(s) 'example_skip_dag' retrieved from /home/airflow/.local/lib/python3.12/site-packages/airflow/example_dags/example_skip_dag.py
[2024-10-27T14:22:23.024+0000] {logging_mixin.py:190} INFO - [2024-10-27T14:22:23.024+0000] {dag.py:3239} INFO - Sync 1 DAGs
[2024-10-27T14:22:23.176+0000] {logging_mixin.py:190} INFO - [2024-10-27T14:22:23.176+0000] {dag.py:4180} INFO - Setting next_dagrun for example_skip_dag to 2024-10-26 00:00:00+00:00, run_after=2024-10-27 00:00:00+00:00
[2024-10-27T14:22:23.405+0000] {processor.py:208} INFO - Processing /home/airflow/.local/lib/python3.12/site-packages/airflow/example_dags/example_skip_dag.py took 0.868 seconds
[2024-10-27T14:22:53.854+0000] {processor.py:186} INFO - Started process (PID=3531) to work on /home/airflow/.local/lib/python3.12/site-packages/airflow/example_dags/example_skip_dag.py
[2024-10-27T14:22:53.856+0000] {processor.py:914} INFO - Processing file /home/airflow/.local/lib/python3.12/site-packages/airflow/example_dags/example_skip_dag.py for tasks to queue
[2024-10-27T14:22:53.861+0000] {logging_mixin.py:190} INFO - [2024-10-27T14:22:53.860+0000] {dagbag.py:588} INFO - Filling up the DagBag from /home/airflow/.local/lib/python3.12/site-packages/airflow/example_dags/example_skip_dag.py
[2024-10-27T14:22:53.885+0000] {processor.py:925} INFO - DAG(s) 'example_skip_dag' retrieved from /home/airflow/.local/lib/python3.12/site-packages/airflow/example_dags/example_skip_dag.py
[2024-10-27T14:22:53.941+0000] {logging_mixin.py:190} INFO - [2024-10-27T14:22:53.941+0000] {dag.py:3239} INFO - Sync 1 DAGs
[2024-10-27T14:22:53.997+0000] {logging_mixin.py:190} INFO - [2024-10-27T14:22:53.996+0000] {dag.py:4180} INFO - Setting next_dagrun for example_skip_dag to 2024-10-26 00:00:00+00:00, run_after=2024-10-27 00:00:00+00:00
[2024-10-27T14:22:54.213+0000] {processor.py:208} INFO - Processing /home/airflow/.local/lib/python3.12/site-packages/airflow/example_dags/example_skip_dag.py took 0.372 seconds
[2024-10-27T14:23:24.525+0000] {processor.py:186} INFO - Started process (PID=3593) to work on /home/airflow/.local/lib/python3.12/site-packages/airflow/example_dags/example_skip_dag.py
[2024-10-27T14:23:24.527+0000] {processor.py:914} INFO - Processing file /home/airflow/.local/lib/python3.12/site-packages/airflow/example_dags/example_skip_dag.py for tasks to queue
[2024-10-27T14:23:24.533+0000] {logging_mixin.py:190} INFO - [2024-10-27T14:23:24.532+0000] {dagbag.py:588} INFO - Filling up the DagBag from /home/airflow/.local/lib/python3.12/site-packages/airflow/example_dags/example_skip_dag.py
[2024-10-27T14:23:24.552+0000] {processor.py:925} INFO - DAG(s) 'example_skip_dag' retrieved from /home/airflow/.local/lib/python3.12/site-packages/airflow/example_dags/example_skip_dag.py
[2024-10-27T14:23:24.630+0000] {logging_mixin.py:190} INFO - [2024-10-27T14:23:24.629+0000] {dag.py:3239} INFO - Sync 1 DAGs
[2024-10-27T14:23:25.559+0000] {logging_mixin.py:190} INFO - [2024-10-27T14:23:25.558+0000] {dag.py:4180} INFO - Setting next_dagrun for example_skip_dag to 2024-10-26 00:00:00+00:00, run_after=2024-10-27 00:00:00+00:00
[2024-10-27T14:23:25.718+0000] {processor.py:208} INFO - Processing /home/airflow/.local/lib/python3.12/site-packages/airflow/example_dags/example_skip_dag.py took 1.202 seconds
[2024-10-27T14:23:56.258+0000] {processor.py:186} INFO - Started process (PID=3654) to work on /home/airflow/.local/lib/python3.12/site-packages/airflow/example_dags/example_skip_dag.py
[2024-10-27T14:23:56.453+0000] {processor.py:914} INFO - Processing file /home/airflow/.local/lib/python3.12/site-packages/airflow/example_dags/example_skip_dag.py for tasks to queue
[2024-10-27T14:23:56.461+0000] {logging_mixin.py:190} INFO - [2024-10-27T14:23:56.460+0000] {dagbag.py:588} INFO - Filling up the DagBag from /home/airflow/.local/lib/python3.12/site-packages/airflow/example_dags/example_skip_dag.py
[2024-10-27T14:23:56.481+0000] {processor.py:925} INFO - DAG(s) 'example_skip_dag' retrieved from /home/airflow/.local/lib/python3.12/site-packages/airflow/example_dags/example_skip_dag.py
[2024-10-27T14:23:56.517+0000] {logging_mixin.py:190} INFO - [2024-10-27T14:23:56.517+0000] {dag.py:3239} INFO - Sync 1 DAGs
[2024-10-27T14:23:56.553+0000] {logging_mixin.py:190} INFO - [2024-10-27T14:23:56.553+0000] {dag.py:4180} INFO - Setting next_dagrun for example_skip_dag to 2024-10-26 00:00:00+00:00, run_after=2024-10-27 00:00:00+00:00
[2024-10-27T14:23:56.970+0000] {processor.py:208} INFO - Processing /home/airflow/.local/lib/python3.12/site-packages/airflow/example_dags/example_skip_dag.py took 0.723 seconds
[2024-10-27T14:24:27.088+0000] {processor.py:186} INFO - Started process (PID=3714) to work on /home/airflow/.local/lib/python3.12/site-packages/airflow/example_dags/example_skip_dag.py
[2024-10-27T14:24:27.090+0000] {processor.py:914} INFO - Processing file /home/airflow/.local/lib/python3.12/site-packages/airflow/example_dags/example_skip_dag.py for tasks to queue
[2024-10-27T14:24:27.094+0000] {logging_mixin.py:190} INFO - [2024-10-27T14:24:27.094+0000] {dagbag.py:588} INFO - Filling up the DagBag from /home/airflow/.local/lib/python3.12/site-packages/airflow/example_dags/example_skip_dag.py
[2024-10-27T14:24:27.105+0000] {processor.py:925} INFO - DAG(s) 'example_skip_dag' retrieved from /home/airflow/.local/lib/python3.12/site-packages/airflow/example_dags/example_skip_dag.py
[2024-10-27T14:24:27.134+0000] {logging_mixin.py:190} INFO - [2024-10-27T14:24:27.133+0000] {dag.py:3239} INFO - Sync 1 DAGs
[2024-10-27T14:24:27.171+0000] {logging_mixin.py:190} INFO - [2024-10-27T14:24:27.171+0000] {dag.py:4180} INFO - Setting next_dagrun for example_skip_dag to 2024-10-26 00:00:00+00:00, run_after=2024-10-27 00:00:00+00:00
[2024-10-27T14:24:27.221+0000] {processor.py:208} INFO - Processing /home/airflow/.local/lib/python3.12/site-packages/airflow/example_dags/example_skip_dag.py took 0.143 seconds
[2024-10-27T14:24:57.715+0000] {processor.py:186} INFO - Started process (PID=3777) to work on /home/airflow/.local/lib/python3.12/site-packages/airflow/example_dags/example_skip_dag.py
[2024-10-27T14:24:57.717+0000] {processor.py:914} INFO - Processing file /home/airflow/.local/lib/python3.12/site-packages/airflow/example_dags/example_skip_dag.py for tasks to queue
[2024-10-27T14:24:57.721+0000] {logging_mixin.py:190} INFO - [2024-10-27T14:24:57.720+0000] {dagbag.py:588} INFO - Filling up the DagBag from /home/airflow/.local/lib/python3.12/site-packages/airflow/example_dags/example_skip_dag.py
[2024-10-27T14:24:57.736+0000] {processor.py:925} INFO - DAG(s) 'example_skip_dag' retrieved from /home/airflow/.local/lib/python3.12/site-packages/airflow/example_dags/example_skip_dag.py
[2024-10-27T14:24:57.826+0000] {logging_mixin.py:190} INFO - [2024-10-27T14:24:57.826+0000] {dag.py:3239} INFO - Sync 1 DAGs
[2024-10-27T14:24:57.904+0000] {logging_mixin.py:190} INFO - [2024-10-27T14:24:57.903+0000] {dag.py:4180} INFO - Setting next_dagrun for example_skip_dag to 2024-10-26 00:00:00+00:00, run_after=2024-10-27 00:00:00+00:00
[2024-10-27T14:24:57.980+0000] {processor.py:208} INFO - Processing /home/airflow/.local/lib/python3.12/site-packages/airflow/example_dags/example_skip_dag.py took 0.274 seconds
[2024-10-27T14:25:28.055+0000] {processor.py:186} INFO - Started process (PID=3840) to work on /home/airflow/.local/lib/python3.12/site-packages/airflow/example_dags/example_skip_dag.py
[2024-10-27T14:25:28.057+0000] {processor.py:914} INFO - Processing file /home/airflow/.local/lib/python3.12/site-packages/airflow/example_dags/example_skip_dag.py for tasks to queue
[2024-10-27T14:25:28.060+0000] {logging_mixin.py:190} INFO - [2024-10-27T14:25:28.060+0000] {dagbag.py:588} INFO - Filling up the DagBag from /home/airflow/.local/lib/python3.12/site-packages/airflow/example_dags/example_skip_dag.py
[2024-10-27T14:25:28.071+0000] {processor.py:925} INFO - DAG(s) 'example_skip_dag' retrieved from /home/airflow/.local/lib/python3.12/site-packages/airflow/example_dags/example_skip_dag.py
[2024-10-27T14:25:28.104+0000] {logging_mixin.py:190} INFO - [2024-10-27T14:25:28.103+0000] {dag.py:3239} INFO - Sync 1 DAGs
[2024-10-27T14:25:28.154+0000] {logging_mixin.py:190} INFO - [2024-10-27T14:25:28.154+0000] {dag.py:4180} INFO - Setting next_dagrun for example_skip_dag to 2024-10-26 00:00:00+00:00, run_after=2024-10-27 00:00:00+00:00
[2024-10-27T14:25:28.298+0000] {processor.py:208} INFO - Processing /home/airflow/.local/lib/python3.12/site-packages/airflow/example_dags/example_skip_dag.py took 0.251 seconds
[2024-10-27T14:25:58.598+0000] {processor.py:186} INFO - Started process (PID=3902) to work on /home/airflow/.local/lib/python3.12/site-packages/airflow/example_dags/example_skip_dag.py
[2024-10-27T14:25:58.599+0000] {processor.py:914} INFO - Processing file /home/airflow/.local/lib/python3.12/site-packages/airflow/example_dags/example_skip_dag.py for tasks to queue
[2024-10-27T14:25:58.603+0000] {logging_mixin.py:190} INFO - [2024-10-27T14:25:58.602+0000] {dagbag.py:588} INFO - Filling up the DagBag from /home/airflow/.local/lib/python3.12/site-packages/airflow/example_dags/example_skip_dag.py
[2024-10-27T14:25:58.617+0000] {processor.py:925} INFO - DAG(s) 'example_skip_dag' retrieved from /home/airflow/.local/lib/python3.12/site-packages/airflow/example_dags/example_skip_dag.py
[2024-10-27T14:25:58.666+0000] {logging_mixin.py:190} INFO - [2024-10-27T14:25:58.665+0000] {dag.py:3239} INFO - Sync 1 DAGs
[2024-10-27T14:25:58.730+0000] {logging_mixin.py:190} INFO - [2024-10-27T14:25:58.730+0000] {dag.py:4180} INFO - Setting next_dagrun for example_skip_dag to 2024-10-26 00:00:00+00:00, run_after=2024-10-27 00:00:00+00:00
[2024-10-27T14:25:58.784+0000] {processor.py:208} INFO - Processing /home/airflow/.local/lib/python3.12/site-packages/airflow/example_dags/example_skip_dag.py took 0.195 seconds
[2024-10-27T14:26:29.087+0000] {processor.py:186} INFO - Started process (PID=3964) to work on /home/airflow/.local/lib/python3.12/site-packages/airflow/example_dags/example_skip_dag.py
[2024-10-27T14:26:29.089+0000] {processor.py:914} INFO - Processing file /home/airflow/.local/lib/python3.12/site-packages/airflow/example_dags/example_skip_dag.py for tasks to queue
[2024-10-27T14:26:29.102+0000] {logging_mixin.py:190} INFO - [2024-10-27T14:26:29.101+0000] {dagbag.py:588} INFO - Filling up the DagBag from /home/airflow/.local/lib/python3.12/site-packages/airflow/example_dags/example_skip_dag.py
[2024-10-27T14:26:29.122+0000] {processor.py:925} INFO - DAG(s) 'example_skip_dag' retrieved from /home/airflow/.local/lib/python3.12/site-packages/airflow/example_dags/example_skip_dag.py
[2024-10-27T14:26:29.200+0000] {logging_mixin.py:190} INFO - [2024-10-27T14:26:29.199+0000] {dag.py:3239} INFO - Sync 1 DAGs
[2024-10-27T14:26:29.272+0000] {logging_mixin.py:190} INFO - [2024-10-27T14:26:29.271+0000] {dag.py:4180} INFO - Setting next_dagrun for example_skip_dag to 2024-10-26 00:00:00+00:00, run_after=2024-10-27 00:00:00+00:00
[2024-10-27T14:26:29.345+0000] {processor.py:208} INFO - Processing /home/airflow/.local/lib/python3.12/site-packages/airflow/example_dags/example_skip_dag.py took 0.274 seconds
[2024-10-27T14:50:05.422+0000] {processor.py:186} INFO - Started process (PID=60) to work on /home/airflow/.local/lib/python3.12/site-packages/airflow/example_dags/example_skip_dag.py
[2024-10-27T14:50:05.435+0000] {processor.py:914} INFO - Processing file /home/airflow/.local/lib/python3.12/site-packages/airflow/example_dags/example_skip_dag.py for tasks to queue
[2024-10-27T14:50:05.439+0000] {logging_mixin.py:190} INFO - [2024-10-27T14:50:05.438+0000] {dagbag.py:588} INFO - Filling up the DagBag from /home/airflow/.local/lib/python3.12/site-packages/airflow/example_dags/example_skip_dag.py
[2024-10-27T14:50:05.518+0000] {processor.py:925} INFO - DAG(s) 'example_skip_dag' retrieved from /home/airflow/.local/lib/python3.12/site-packages/airflow/example_dags/example_skip_dag.py
[2024-10-27T14:50:05.569+0000] {logging_mixin.py:190} INFO - [2024-10-27T14:50:05.568+0000] {dag.py:3239} INFO - Sync 1 DAGs
[2024-10-27T14:50:05.608+0000] {logging_mixin.py:190} INFO - [2024-10-27T14:50:05.607+0000] {dag.py:4180} INFO - Setting next_dagrun for example_skip_dag to 2024-10-26 00:00:00+00:00, run_after=2024-10-27 00:00:00+00:00
[2024-10-27T14:50:05.686+0000] {processor.py:208} INFO - Processing /home/airflow/.local/lib/python3.12/site-packages/airflow/example_dags/example_skip_dag.py took 0.273 seconds
[2024-10-27T14:50:37.141+0000] {processor.py:186} INFO - Started process (PID=123) to work on /home/airflow/.local/lib/python3.12/site-packages/airflow/example_dags/example_skip_dag.py
[2024-10-27T14:50:37.170+0000] {processor.py:914} INFO - Processing file /home/airflow/.local/lib/python3.12/site-packages/airflow/example_dags/example_skip_dag.py for tasks to queue
[2024-10-27T14:50:37.189+0000] {logging_mixin.py:190} INFO - [2024-10-27T14:50:37.188+0000] {dagbag.py:588} INFO - Filling up the DagBag from /home/airflow/.local/lib/python3.12/site-packages/airflow/example_dags/example_skip_dag.py
[2024-10-27T14:50:37.266+0000] {processor.py:925} INFO - DAG(s) 'example_skip_dag' retrieved from /home/airflow/.local/lib/python3.12/site-packages/airflow/example_dags/example_skip_dag.py
[2024-10-27T14:50:37.634+0000] {logging_mixin.py:190} INFO - [2024-10-27T14:50:37.634+0000] {dag.py:3239} INFO - Sync 1 DAGs
[2024-10-27T14:50:37.823+0000] {logging_mixin.py:190} INFO - [2024-10-27T14:50:37.823+0000] {dag.py:4180} INFO - Setting next_dagrun for example_skip_dag to 2024-10-26 00:00:00+00:00, run_after=2024-10-27 00:00:00+00:00
[2024-10-27T14:50:38.016+0000] {processor.py:208} INFO - Processing /home/airflow/.local/lib/python3.12/site-packages/airflow/example_dags/example_skip_dag.py took 0.949 seconds
[2024-10-27T14:51:08.735+0000] {processor.py:186} INFO - Started process (PID=185) to work on /home/airflow/.local/lib/python3.12/site-packages/airflow/example_dags/example_skip_dag.py
[2024-10-27T14:51:08.737+0000] {processor.py:914} INFO - Processing file /home/airflow/.local/lib/python3.12/site-packages/airflow/example_dags/example_skip_dag.py for tasks to queue
[2024-10-27T14:51:08.751+0000] {logging_mixin.py:190} INFO - [2024-10-27T14:51:08.751+0000] {dagbag.py:588} INFO - Filling up the DagBag from /home/airflow/.local/lib/python3.12/site-packages/airflow/example_dags/example_skip_dag.py
[2024-10-27T14:51:08.787+0000] {processor.py:925} INFO - DAG(s) 'example_skip_dag' retrieved from /home/airflow/.local/lib/python3.12/site-packages/airflow/example_dags/example_skip_dag.py
[2024-10-27T14:51:08.872+0000] {logging_mixin.py:190} INFO - [2024-10-27T14:51:08.861+0000] {dag.py:3239} INFO - Sync 1 DAGs
[2024-10-27T14:51:08.975+0000] {logging_mixin.py:190} INFO - [2024-10-27T14:51:08.974+0000] {dag.py:4180} INFO - Setting next_dagrun for example_skip_dag to 2024-10-26 00:00:00+00:00, run_after=2024-10-27 00:00:00+00:00
[2024-10-27T14:51:09.040+0000] {processor.py:208} INFO - Processing /home/airflow/.local/lib/python3.12/site-packages/airflow/example_dags/example_skip_dag.py took 0.328 seconds
[2024-10-27T14:51:39.169+0000] {processor.py:186} INFO - Started process (PID=248) to work on /home/airflow/.local/lib/python3.12/site-packages/airflow/example_dags/example_skip_dag.py
[2024-10-27T14:51:39.193+0000] {processor.py:914} INFO - Processing file /home/airflow/.local/lib/python3.12/site-packages/airflow/example_dags/example_skip_dag.py for tasks to queue
[2024-10-27T14:51:39.199+0000] {logging_mixin.py:190} INFO - [2024-10-27T14:51:39.198+0000] {dagbag.py:588} INFO - Filling up the DagBag from /home/airflow/.local/lib/python3.12/site-packages/airflow/example_dags/example_skip_dag.py
[2024-10-27T14:51:39.222+0000] {processor.py:925} INFO - DAG(s) 'example_skip_dag' retrieved from /home/airflow/.local/lib/python3.12/site-packages/airflow/example_dags/example_skip_dag.py
[2024-10-27T14:51:39.268+0000] {logging_mixin.py:190} INFO - [2024-10-27T14:51:39.268+0000] {dag.py:3239} INFO - Sync 1 DAGs
[2024-10-27T14:51:39.321+0000] {logging_mixin.py:190} INFO - [2024-10-27T14:51:39.320+0000] {dag.py:4180} INFO - Setting next_dagrun for example_skip_dag to 2024-10-26 00:00:00+00:00, run_after=2024-10-27 00:00:00+00:00
[2024-10-27T14:51:39.379+0000] {processor.py:208} INFO - Processing /home/airflow/.local/lib/python3.12/site-packages/airflow/example_dags/example_skip_dag.py took 0.220 seconds
[2024-10-27T14:52:10.353+0000] {processor.py:186} INFO - Started process (PID=310) to work on /home/airflow/.local/lib/python3.12/site-packages/airflow/example_dags/example_skip_dag.py
[2024-10-27T14:52:10.355+0000] {processor.py:914} INFO - Processing file /home/airflow/.local/lib/python3.12/site-packages/airflow/example_dags/example_skip_dag.py for tasks to queue
[2024-10-27T14:52:10.361+0000] {logging_mixin.py:190} INFO - [2024-10-27T14:52:10.361+0000] {dagbag.py:588} INFO - Filling up the DagBag from /home/airflow/.local/lib/python3.12/site-packages/airflow/example_dags/example_skip_dag.py
[2024-10-27T14:52:10.382+0000] {processor.py:925} INFO - DAG(s) 'example_skip_dag' retrieved from /home/airflow/.local/lib/python3.12/site-packages/airflow/example_dags/example_skip_dag.py
[2024-10-27T14:52:10.433+0000] {logging_mixin.py:190} INFO - [2024-10-27T14:52:10.432+0000] {dag.py:3239} INFO - Sync 1 DAGs
[2024-10-27T14:52:10.508+0000] {logging_mixin.py:190} INFO - [2024-10-27T14:52:10.508+0000] {dag.py:4180} INFO - Setting next_dagrun for example_skip_dag to 2024-10-26 00:00:00+00:00, run_after=2024-10-27 00:00:00+00:00
[2024-10-27T14:52:10.597+0000] {processor.py:208} INFO - Processing /home/airflow/.local/lib/python3.12/site-packages/airflow/example_dags/example_skip_dag.py took 0.257 seconds
[2024-10-27T14:52:41.236+0000] {processor.py:186} INFO - Started process (PID=372) to work on /home/airflow/.local/lib/python3.12/site-packages/airflow/example_dags/example_skip_dag.py
[2024-10-27T14:52:41.238+0000] {processor.py:914} INFO - Processing file /home/airflow/.local/lib/python3.12/site-packages/airflow/example_dags/example_skip_dag.py for tasks to queue
[2024-10-27T14:52:41.244+0000] {logging_mixin.py:190} INFO - [2024-10-27T14:52:41.244+0000] {dagbag.py:588} INFO - Filling up the DagBag from /home/airflow/.local/lib/python3.12/site-packages/airflow/example_dags/example_skip_dag.py
[2024-10-27T14:52:41.259+0000] {processor.py:925} INFO - DAG(s) 'example_skip_dag' retrieved from /home/airflow/.local/lib/python3.12/site-packages/airflow/example_dags/example_skip_dag.py
[2024-10-27T14:52:41.296+0000] {logging_mixin.py:190} INFO - [2024-10-27T14:52:41.295+0000] {dag.py:3239} INFO - Sync 1 DAGs
[2024-10-27T14:52:41.342+0000] {logging_mixin.py:190} INFO - [2024-10-27T14:52:41.342+0000] {dag.py:4180} INFO - Setting next_dagrun for example_skip_dag to 2024-10-26 00:00:00+00:00, run_after=2024-10-27 00:00:00+00:00
[2024-10-27T14:52:41.466+0000] {processor.py:208} INFO - Processing /home/airflow/.local/lib/python3.12/site-packages/airflow/example_dags/example_skip_dag.py took 0.238 seconds
[2024-10-27T14:53:12.034+0000] {processor.py:186} INFO - Started process (PID=434) to work on /home/airflow/.local/lib/python3.12/site-packages/airflow/example_dags/example_skip_dag.py
[2024-10-27T14:53:12.037+0000] {processor.py:914} INFO - Processing file /home/airflow/.local/lib/python3.12/site-packages/airflow/example_dags/example_skip_dag.py for tasks to queue
[2024-10-27T14:53:12.041+0000] {logging_mixin.py:190} INFO - [2024-10-27T14:53:12.040+0000] {dagbag.py:588} INFO - Filling up the DagBag from /home/airflow/.local/lib/python3.12/site-packages/airflow/example_dags/example_skip_dag.py
[2024-10-27T14:53:12.069+0000] {processor.py:925} INFO - DAG(s) 'example_skip_dag' retrieved from /home/airflow/.local/lib/python3.12/site-packages/airflow/example_dags/example_skip_dag.py
[2024-10-27T14:53:12.278+0000] {logging_mixin.py:190} INFO - [2024-10-27T14:53:12.277+0000] {dag.py:3239} INFO - Sync 1 DAGs
[2024-10-27T14:53:12.432+0000] {logging_mixin.py:190} INFO - [2024-10-27T14:53:12.431+0000] {dag.py:4180} INFO - Setting next_dagrun for example_skip_dag to 2024-10-26 00:00:00+00:00, run_after=2024-10-27 00:00:00+00:00
[2024-10-27T14:53:12.494+0000] {processor.py:208} INFO - Processing /home/airflow/.local/lib/python3.12/site-packages/airflow/example_dags/example_skip_dag.py took 0.471 seconds
