[2024-10-27T13:43:14.007+0000] {processor.py:186} INFO - Started process (PID=95) to work on /home/airflow/.local/lib/python3.12/site-packages/airflow/example_dags/example_latest_only.py
[2024-10-27T13:43:14.011+0000] {processor.py:914} INFO - Processing file /home/airflow/.local/lib/python3.12/site-packages/airflow/example_dags/example_latest_only.py for tasks to queue
[2024-10-27T13:43:14.017+0000] {logging_mixin.py:190} INFO - [2024-10-27T13:43:14.016+0000] {dagbag.py:588} INFO - Filling up the DagBag from /home/airflow/.local/lib/python3.12/site-packages/airflow/example_dags/example_latest_only.py
[2024-10-27T13:43:14.050+0000] {processor.py:925} INFO - DAG(s) 'latest_only' retrieved from /home/airflow/.local/lib/python3.12/site-packages/airflow/example_dags/example_latest_only.py
[2024-10-27T13:43:14.372+0000] {logging_mixin.py:190} INFO - [2024-10-27T13:43:14.371+0000] {dag.py:3239} INFO - Sync 1 DAGs
[2024-10-27T13:43:14.431+0000] {logging_mixin.py:190} INFO - [2024-10-27T13:43:14.430+0000] {dag.py:4180} INFO - Setting next_dagrun for latest_only to 2024-10-27 08:00:00+00:00, run_after=2024-10-27 12:00:00+00:00
[2024-10-27T13:43:14.506+0000] {processor.py:208} INFO - Processing /home/airflow/.local/lib/python3.12/site-packages/airflow/example_dags/example_latest_only.py took 0.514 seconds
[2024-10-27T13:43:45.167+0000] {processor.py:186} INFO - Started process (PID=157) to work on /home/airflow/.local/lib/python3.12/site-packages/airflow/example_dags/example_latest_only.py
[2024-10-27T13:43:45.169+0000] {processor.py:914} INFO - Processing file /home/airflow/.local/lib/python3.12/site-packages/airflow/example_dags/example_latest_only.py for tasks to queue
[2024-10-27T13:43:45.177+0000] {logging_mixin.py:190} INFO - [2024-10-27T13:43:45.177+0000] {dagbag.py:588} INFO - Filling up the DagBag from /home/airflow/.local/lib/python3.12/site-packages/airflow/example_dags/example_latest_only.py
[2024-10-27T13:43:45.195+0000] {processor.py:925} INFO - DAG(s) 'latest_only' retrieved from /home/airflow/.local/lib/python3.12/site-packages/airflow/example_dags/example_latest_only.py
[2024-10-27T13:43:45.284+0000] {logging_mixin.py:190} INFO - [2024-10-27T13:43:45.283+0000] {dag.py:3239} INFO - Sync 1 DAGs
[2024-10-27T13:43:45.437+0000] {logging_mixin.py:190} INFO - [2024-10-27T13:43:45.437+0000] {dag.py:4180} INFO - Setting next_dagrun for latest_only to 2024-10-27 08:00:00+00:00, run_after=2024-10-27 12:00:00+00:00
[2024-10-27T13:43:45.687+0000] {processor.py:208} INFO - Processing /home/airflow/.local/lib/python3.12/site-packages/airflow/example_dags/example_latest_only.py took 0.534 seconds
[2024-10-27T13:44:17.453+0000] {processor.py:186} INFO - Started process (PID=218) to work on /home/airflow/.local/lib/python3.12/site-packages/airflow/example_dags/example_latest_only.py
[2024-10-27T13:44:17.459+0000] {processor.py:914} INFO - Processing file /home/airflow/.local/lib/python3.12/site-packages/airflow/example_dags/example_latest_only.py for tasks to queue
[2024-10-27T13:44:17.464+0000] {logging_mixin.py:190} INFO - [2024-10-27T13:44:17.463+0000] {dagbag.py:588} INFO - Filling up the DagBag from /home/airflow/.local/lib/python3.12/site-packages/airflow/example_dags/example_latest_only.py
[2024-10-27T13:44:17.480+0000] {processor.py:925} INFO - DAG(s) 'latest_only' retrieved from /home/airflow/.local/lib/python3.12/site-packages/airflow/example_dags/example_latest_only.py
[2024-10-27T13:44:17.520+0000] {logging_mixin.py:190} INFO - [2024-10-27T13:44:17.520+0000] {dag.py:3239} INFO - Sync 1 DAGs
[2024-10-27T13:44:17.597+0000] {logging_mixin.py:190} INFO - [2024-10-27T13:44:17.596+0000] {dag.py:4180} INFO - Setting next_dagrun for latest_only to 2024-10-27 08:00:00+00:00, run_after=2024-10-27 12:00:00+00:00
[2024-10-27T13:44:17.668+0000] {processor.py:208} INFO - Processing /home/airflow/.local/lib/python3.12/site-packages/airflow/example_dags/example_latest_only.py took 0.225 seconds
[2024-10-27T13:44:48.295+0000] {processor.py:186} INFO - Started process (PID=280) to work on /home/airflow/.local/lib/python3.12/site-packages/airflow/example_dags/example_latest_only.py
[2024-10-27T13:44:48.298+0000] {processor.py:914} INFO - Processing file /home/airflow/.local/lib/python3.12/site-packages/airflow/example_dags/example_latest_only.py for tasks to queue
[2024-10-27T13:44:48.303+0000] {logging_mixin.py:190} INFO - [2024-10-27T13:44:48.302+0000] {dagbag.py:588} INFO - Filling up the DagBag from /home/airflow/.local/lib/python3.12/site-packages/airflow/example_dags/example_latest_only.py
[2024-10-27T13:44:48.321+0000] {processor.py:925} INFO - DAG(s) 'latest_only' retrieved from /home/airflow/.local/lib/python3.12/site-packages/airflow/example_dags/example_latest_only.py
[2024-10-27T13:44:48.391+0000] {logging_mixin.py:190} INFO - [2024-10-27T13:44:48.390+0000] {dag.py:3239} INFO - Sync 1 DAGs
[2024-10-27T13:44:48.473+0000] {logging_mixin.py:190} INFO - [2024-10-27T13:44:48.473+0000] {dag.py:4180} INFO - Setting next_dagrun for latest_only to 2024-10-27 08:00:00+00:00, run_after=2024-10-27 12:00:00+00:00
[2024-10-27T13:44:48.535+0000] {processor.py:208} INFO - Processing /home/airflow/.local/lib/python3.12/site-packages/airflow/example_dags/example_latest_only.py took 0.251 seconds
[2024-10-27T13:45:25.539+0000] {processor.py:186} INFO - Started process (PID=342) to work on /home/airflow/.local/lib/python3.12/site-packages/airflow/example_dags/example_latest_only.py
[2024-10-27T13:45:25.542+0000] {processor.py:914} INFO - Processing file /home/airflow/.local/lib/python3.12/site-packages/airflow/example_dags/example_latest_only.py for tasks to queue
[2024-10-27T13:45:25.549+0000] {logging_mixin.py:190} INFO - [2024-10-27T13:45:25.548+0000] {dagbag.py:588} INFO - Filling up the DagBag from /home/airflow/.local/lib/python3.12/site-packages/airflow/example_dags/example_latest_only.py
[2024-10-27T13:45:25.585+0000] {processor.py:925} INFO - DAG(s) 'latest_only' retrieved from /home/airflow/.local/lib/python3.12/site-packages/airflow/example_dags/example_latest_only.py
[2024-10-27T13:45:25.652+0000] {logging_mixin.py:190} INFO - [2024-10-27T13:45:25.652+0000] {dag.py:3239} INFO - Sync 1 DAGs
[2024-10-27T13:45:25.803+0000] {logging_mixin.py:190} INFO - [2024-10-27T13:45:25.802+0000] {dag.py:4180} INFO - Setting next_dagrun for latest_only to 2024-10-27 08:00:00+00:00, run_after=2024-10-27 12:00:00+00:00
[2024-10-27T13:45:25.902+0000] {processor.py:208} INFO - Processing /home/airflow/.local/lib/python3.12/site-packages/airflow/example_dags/example_latest_only.py took 0.384 seconds
[2024-10-27T13:53:45.261+0000] {processor.py:186} INFO - Started process (PID=117) to work on /home/airflow/.local/lib/python3.12/site-packages/airflow/example_dags/example_latest_only.py
[2024-10-27T13:53:45.267+0000] {processor.py:914} INFO - Processing file /home/airflow/.local/lib/python3.12/site-packages/airflow/example_dags/example_latest_only.py for tasks to queue
[2024-10-27T13:53:45.277+0000] {logging_mixin.py:190} INFO - [2024-10-27T13:53:45.276+0000] {dagbag.py:588} INFO - Filling up the DagBag from /home/airflow/.local/lib/python3.12/site-packages/airflow/example_dags/example_latest_only.py
[2024-10-27T13:53:45.322+0000] {processor.py:925} INFO - DAG(s) 'latest_only' retrieved from /home/airflow/.local/lib/python3.12/site-packages/airflow/example_dags/example_latest_only.py
[2024-10-27T13:53:45.368+0000] {logging_mixin.py:190} INFO - [2024-10-27T13:53:45.367+0000] {dag.py:3239} INFO - Sync 1 DAGs
[2024-10-27T13:53:45.437+0000] {logging_mixin.py:190} INFO - [2024-10-27T13:53:45.436+0000] {dag.py:4180} INFO - Setting next_dagrun for latest_only to 2024-10-27 08:00:00+00:00, run_after=2024-10-27 12:00:00+00:00
[2024-10-27T13:53:45.512+0000] {processor.py:208} INFO - Processing /home/airflow/.local/lib/python3.12/site-packages/airflow/example_dags/example_latest_only.py took 0.280 seconds
[2024-10-27T13:54:45.608+0000] {processor.py:186} INFO - Started process (PID=201) to work on /home/airflow/.local/lib/python3.12/site-packages/airflow/example_dags/example_latest_only.py
[2024-10-27T13:54:45.610+0000] {processor.py:914} INFO - Processing file /home/airflow/.local/lib/python3.12/site-packages/airflow/example_dags/example_latest_only.py for tasks to queue
[2024-10-27T13:54:45.626+0000] {logging_mixin.py:190} INFO - [2024-10-27T13:54:45.625+0000] {dagbag.py:588} INFO - Filling up the DagBag from /home/airflow/.local/lib/python3.12/site-packages/airflow/example_dags/example_latest_only.py
[2024-10-27T13:54:45.640+0000] {processor.py:925} INFO - DAG(s) 'latest_only' retrieved from /home/airflow/.local/lib/python3.12/site-packages/airflow/example_dags/example_latest_only.py
[2024-10-27T13:54:45.671+0000] {logging_mixin.py:190} INFO - [2024-10-27T13:54:45.671+0000] {dag.py:3239} INFO - Sync 1 DAGs
[2024-10-27T13:54:45.706+0000] {logging_mixin.py:190} INFO - [2024-10-27T13:54:45.706+0000] {dag.py:4180} INFO - Setting next_dagrun for latest_only to 2024-10-27 08:00:00+00:00, run_after=2024-10-27 12:00:00+00:00
[2024-10-27T13:54:46.065+0000] {processor.py:208} INFO - Processing /home/airflow/.local/lib/python3.12/site-packages/airflow/example_dags/example_latest_only.py took 0.467 seconds
[2024-10-27T13:55:16.900+0000] {processor.py:186} INFO - Started process (PID=263) to work on /home/airflow/.local/lib/python3.12/site-packages/airflow/example_dags/example_latest_only.py
[2024-10-27T13:55:16.901+0000] {processor.py:914} INFO - Processing file /home/airflow/.local/lib/python3.12/site-packages/airflow/example_dags/example_latest_only.py for tasks to queue
[2024-10-27T13:55:16.906+0000] {logging_mixin.py:190} INFO - [2024-10-27T13:55:16.906+0000] {dagbag.py:588} INFO - Filling up the DagBag from /home/airflow/.local/lib/python3.12/site-packages/airflow/example_dags/example_latest_only.py
[2024-10-27T13:55:16.921+0000] {processor.py:925} INFO - DAG(s) 'latest_only' retrieved from /home/airflow/.local/lib/python3.12/site-packages/airflow/example_dags/example_latest_only.py
[2024-10-27T13:55:16.966+0000] {logging_mixin.py:190} INFO - [2024-10-27T13:55:16.966+0000] {dag.py:3239} INFO - Sync 1 DAGs
[2024-10-27T13:55:17.024+0000] {logging_mixin.py:190} INFO - [2024-10-27T13:55:17.023+0000] {dag.py:4180} INFO - Setting next_dagrun for latest_only to 2024-10-27 08:00:00+00:00, run_after=2024-10-27 12:00:00+00:00
[2024-10-27T13:55:17.074+0000] {processor.py:208} INFO - Processing /home/airflow/.local/lib/python3.12/site-packages/airflow/example_dags/example_latest_only.py took 0.187 seconds
[2024-10-27T13:55:47.797+0000] {processor.py:186} INFO - Started process (PID=325) to work on /home/airflow/.local/lib/python3.12/site-packages/airflow/example_dags/example_latest_only.py
[2024-10-27T13:55:47.800+0000] {processor.py:914} INFO - Processing file /home/airflow/.local/lib/python3.12/site-packages/airflow/example_dags/example_latest_only.py for tasks to queue
[2024-10-27T13:55:47.815+0000] {logging_mixin.py:190} INFO - [2024-10-27T13:55:47.813+0000] {dagbag.py:588} INFO - Filling up the DagBag from /home/airflow/.local/lib/python3.12/site-packages/airflow/example_dags/example_latest_only.py
[2024-10-27T13:55:47.898+0000] {processor.py:925} INFO - DAG(s) 'latest_only' retrieved from /home/airflow/.local/lib/python3.12/site-packages/airflow/example_dags/example_latest_only.py
[2024-10-27T13:55:48.218+0000] {logging_mixin.py:190} INFO - [2024-10-27T13:55:48.218+0000] {dag.py:3239} INFO - Sync 1 DAGs
[2024-10-27T13:55:48.570+0000] {logging_mixin.py:190} INFO - [2024-10-27T13:55:48.570+0000] {dag.py:4180} INFO - Setting next_dagrun for latest_only to 2024-10-27 08:00:00+00:00, run_after=2024-10-27 12:00:00+00:00
[2024-10-27T13:55:48.740+0000] {processor.py:208} INFO - Processing /home/airflow/.local/lib/python3.12/site-packages/airflow/example_dags/example_latest_only.py took 0.996 seconds
[2024-10-27T13:56:19.048+0000] {processor.py:186} INFO - Started process (PID=387) to work on /home/airflow/.local/lib/python3.12/site-packages/airflow/example_dags/example_latest_only.py
[2024-10-27T13:56:19.049+0000] {processor.py:914} INFO - Processing file /home/airflow/.local/lib/python3.12/site-packages/airflow/example_dags/example_latest_only.py for tasks to queue
[2024-10-27T13:56:19.054+0000] {logging_mixin.py:190} INFO - [2024-10-27T13:56:19.053+0000] {dagbag.py:588} INFO - Filling up the DagBag from /home/airflow/.local/lib/python3.12/site-packages/airflow/example_dags/example_latest_only.py
[2024-10-27T13:56:19.067+0000] {processor.py:925} INFO - DAG(s) 'latest_only' retrieved from /home/airflow/.local/lib/python3.12/site-packages/airflow/example_dags/example_latest_only.py
[2024-10-27T13:56:19.104+0000] {logging_mixin.py:190} INFO - [2024-10-27T13:56:19.103+0000] {dag.py:3239} INFO - Sync 1 DAGs
[2024-10-27T13:56:19.149+0000] {logging_mixin.py:190} INFO - [2024-10-27T13:56:19.149+0000] {dag.py:4180} INFO - Setting next_dagrun for latest_only to 2024-10-27 08:00:00+00:00, run_after=2024-10-27 12:00:00+00:00
[2024-10-27T13:56:19.215+0000] {processor.py:208} INFO - Processing /home/airflow/.local/lib/python3.12/site-packages/airflow/example_dags/example_latest_only.py took 0.179 seconds
[2024-10-27T13:56:53.793+0000] {processor.py:186} INFO - Started process (PID=451) to work on /home/airflow/.local/lib/python3.12/site-packages/airflow/example_dags/example_latest_only.py
[2024-10-27T13:56:53.794+0000] {processor.py:914} INFO - Processing file /home/airflow/.local/lib/python3.12/site-packages/airflow/example_dags/example_latest_only.py for tasks to queue
[2024-10-27T13:56:53.798+0000] {logging_mixin.py:190} INFO - [2024-10-27T13:56:53.798+0000] {dagbag.py:588} INFO - Filling up the DagBag from /home/airflow/.local/lib/python3.12/site-packages/airflow/example_dags/example_latest_only.py
[2024-10-27T13:56:53.807+0000] {processor.py:925} INFO - DAG(s) 'latest_only' retrieved from /home/airflow/.local/lib/python3.12/site-packages/airflow/example_dags/example_latest_only.py
[2024-10-27T13:56:53.836+0000] {logging_mixin.py:190} INFO - [2024-10-27T13:56:53.835+0000] {dag.py:3239} INFO - Sync 1 DAGs
[2024-10-27T13:56:53.866+0000] {logging_mixin.py:190} INFO - [2024-10-27T13:56:53.866+0000] {dag.py:4180} INFO - Setting next_dagrun for latest_only to 2024-10-27 08:00:00+00:00, run_after=2024-10-27 12:00:00+00:00
[2024-10-27T13:56:54.432+0000] {processor.py:208} INFO - Processing /home/airflow/.local/lib/python3.12/site-packages/airflow/example_dags/example_latest_only.py took 0.649 seconds
[2024-10-27T13:57:25.172+0000] {processor.py:186} INFO - Started process (PID=514) to work on /home/airflow/.local/lib/python3.12/site-packages/airflow/example_dags/example_latest_only.py
[2024-10-27T13:57:25.174+0000] {processor.py:914} INFO - Processing file /home/airflow/.local/lib/python3.12/site-packages/airflow/example_dags/example_latest_only.py for tasks to queue
[2024-10-27T13:57:25.178+0000] {logging_mixin.py:190} INFO - [2024-10-27T13:57:25.177+0000] {dagbag.py:588} INFO - Filling up the DagBag from /home/airflow/.local/lib/python3.12/site-packages/airflow/example_dags/example_latest_only.py
[2024-10-27T13:57:25.191+0000] {processor.py:925} INFO - DAG(s) 'latest_only' retrieved from /home/airflow/.local/lib/python3.12/site-packages/airflow/example_dags/example_latest_only.py
[2024-10-27T13:57:25.235+0000] {logging_mixin.py:190} INFO - [2024-10-27T13:57:25.235+0000] {dag.py:3239} INFO - Sync 1 DAGs
[2024-10-27T13:57:25.272+0000] {logging_mixin.py:190} INFO - [2024-10-27T13:57:25.272+0000] {dag.py:4180} INFO - Setting next_dagrun for latest_only to 2024-10-27 08:00:00+00:00, run_after=2024-10-27 12:00:00+00:00
[2024-10-27T13:57:25.371+0000] {processor.py:208} INFO - Processing /home/airflow/.local/lib/python3.12/site-packages/airflow/example_dags/example_latest_only.py took 0.214 seconds
[2024-10-27T13:57:55.579+0000] {processor.py:186} INFO - Started process (PID=577) to work on /home/airflow/.local/lib/python3.12/site-packages/airflow/example_dags/example_latest_only.py
[2024-10-27T13:57:55.581+0000] {processor.py:914} INFO - Processing file /home/airflow/.local/lib/python3.12/site-packages/airflow/example_dags/example_latest_only.py for tasks to queue
[2024-10-27T13:57:55.585+0000] {logging_mixin.py:190} INFO - [2024-10-27T13:57:55.585+0000] {dagbag.py:588} INFO - Filling up the DagBag from /home/airflow/.local/lib/python3.12/site-packages/airflow/example_dags/example_latest_only.py
[2024-10-27T13:57:55.596+0000] {processor.py:925} INFO - DAG(s) 'latest_only' retrieved from /home/airflow/.local/lib/python3.12/site-packages/airflow/example_dags/example_latest_only.py
[2024-10-27T13:57:55.626+0000] {logging_mixin.py:190} INFO - [2024-10-27T13:57:55.626+0000] {dag.py:3239} INFO - Sync 1 DAGs
[2024-10-27T13:57:55.662+0000] {logging_mixin.py:190} INFO - [2024-10-27T13:57:55.662+0000] {dag.py:4180} INFO - Setting next_dagrun for latest_only to 2024-10-27 08:00:00+00:00, run_after=2024-10-27 12:00:00+00:00
[2024-10-27T13:57:55.707+0000] {processor.py:208} INFO - Processing /home/airflow/.local/lib/python3.12/site-packages/airflow/example_dags/example_latest_only.py took 0.137 seconds
[2024-10-27T13:58:29.007+0000] {processor.py:186} INFO - Started process (PID=641) to work on /home/airflow/.local/lib/python3.12/site-packages/airflow/example_dags/example_latest_only.py
[2024-10-27T13:58:29.014+0000] {processor.py:914} INFO - Processing file /home/airflow/.local/lib/python3.12/site-packages/airflow/example_dags/example_latest_only.py for tasks to queue
[2024-10-27T13:58:29.033+0000] {logging_mixin.py:190} INFO - [2024-10-27T13:58:29.033+0000] {dagbag.py:588} INFO - Filling up the DagBag from /home/airflow/.local/lib/python3.12/site-packages/airflow/example_dags/example_latest_only.py
[2024-10-27T13:58:29.049+0000] {processor.py:925} INFO - DAG(s) 'latest_only' retrieved from /home/airflow/.local/lib/python3.12/site-packages/airflow/example_dags/example_latest_only.py
[2024-10-27T13:58:29.105+0000] {logging_mixin.py:190} INFO - [2024-10-27T13:58:29.105+0000] {dag.py:3239} INFO - Sync 1 DAGs
[2024-10-27T13:58:29.231+0000] {logging_mixin.py:190} INFO - [2024-10-27T13:58:29.230+0000] {dag.py:4180} INFO - Setting next_dagrun for latest_only to 2024-10-27 08:00:00+00:00, run_after=2024-10-27 12:00:00+00:00
[2024-10-27T13:58:29.344+0000] {processor.py:208} INFO - Processing /home/airflow/.local/lib/python3.12/site-packages/airflow/example_dags/example_latest_only.py took 0.363 seconds
[2024-10-27T13:59:01.001+0000] {processor.py:186} INFO - Started process (PID=703) to work on /home/airflow/.local/lib/python3.12/site-packages/airflow/example_dags/example_latest_only.py
[2024-10-27T13:59:01.068+0000] {processor.py:914} INFO - Processing file /home/airflow/.local/lib/python3.12/site-packages/airflow/example_dags/example_latest_only.py for tasks to queue
[2024-10-27T13:59:01.088+0000] {logging_mixin.py:190} INFO - [2024-10-27T13:59:01.088+0000] {dagbag.py:588} INFO - Filling up the DagBag from /home/airflow/.local/lib/python3.12/site-packages/airflow/example_dags/example_latest_only.py
[2024-10-27T13:59:01.129+0000] {processor.py:925} INFO - DAG(s) 'latest_only' retrieved from /home/airflow/.local/lib/python3.12/site-packages/airflow/example_dags/example_latest_only.py
[2024-10-27T13:59:01.214+0000] {logging_mixin.py:190} INFO - [2024-10-27T13:59:01.214+0000] {dag.py:3239} INFO - Sync 1 DAGs
[2024-10-27T13:59:01.305+0000] {logging_mixin.py:190} INFO - [2024-10-27T13:59:01.305+0000] {dag.py:4180} INFO - Setting next_dagrun for latest_only to 2024-10-27 08:00:00+00:00, run_after=2024-10-27 12:00:00+00:00
[2024-10-27T13:59:01.399+0000] {processor.py:208} INFO - Processing /home/airflow/.local/lib/python3.12/site-packages/airflow/example_dags/example_latest_only.py took 0.426 seconds
[2024-10-27T13:59:33.444+0000] {processor.py:186} INFO - Started process (PID=765) to work on /home/airflow/.local/lib/python3.12/site-packages/airflow/example_dags/example_latest_only.py
[2024-10-27T13:59:33.445+0000] {processor.py:914} INFO - Processing file /home/airflow/.local/lib/python3.12/site-packages/airflow/example_dags/example_latest_only.py for tasks to queue
[2024-10-27T13:59:33.449+0000] {logging_mixin.py:190} INFO - [2024-10-27T13:59:33.449+0000] {dagbag.py:588} INFO - Filling up the DagBag from /home/airflow/.local/lib/python3.12/site-packages/airflow/example_dags/example_latest_only.py
[2024-10-27T13:59:33.458+0000] {processor.py:925} INFO - DAG(s) 'latest_only' retrieved from /home/airflow/.local/lib/python3.12/site-packages/airflow/example_dags/example_latest_only.py
[2024-10-27T13:59:33.487+0000] {logging_mixin.py:190} INFO - [2024-10-27T13:59:33.487+0000] {dag.py:3239} INFO - Sync 1 DAGs
[2024-10-27T13:59:33.529+0000] {logging_mixin.py:190} INFO - [2024-10-27T13:59:33.529+0000] {dag.py:4180} INFO - Setting next_dagrun for latest_only to 2024-10-27 08:00:00+00:00, run_after=2024-10-27 12:00:00+00:00
[2024-10-27T13:59:34.450+0000] {processor.py:208} INFO - Processing /home/airflow/.local/lib/python3.12/site-packages/airflow/example_dags/example_latest_only.py took 1.014 seconds
[2024-10-27T14:00:04.556+0000] {processor.py:186} INFO - Started process (PID=827) to work on /home/airflow/.local/lib/python3.12/site-packages/airflow/example_dags/example_latest_only.py
[2024-10-27T14:00:04.558+0000] {processor.py:914} INFO - Processing file /home/airflow/.local/lib/python3.12/site-packages/airflow/example_dags/example_latest_only.py for tasks to queue
[2024-10-27T14:00:04.561+0000] {logging_mixin.py:190} INFO - [2024-10-27T14:00:04.560+0000] {dagbag.py:588} INFO - Filling up the DagBag from /home/airflow/.local/lib/python3.12/site-packages/airflow/example_dags/example_latest_only.py
[2024-10-27T14:00:04.575+0000] {processor.py:925} INFO - DAG(s) 'latest_only' retrieved from /home/airflow/.local/lib/python3.12/site-packages/airflow/example_dags/example_latest_only.py
[2024-10-27T14:00:04.604+0000] {logging_mixin.py:190} INFO - [2024-10-27T14:00:04.604+0000] {dag.py:3239} INFO - Sync 1 DAGs
[2024-10-27T14:00:04.649+0000] {logging_mixin.py:190} INFO - [2024-10-27T14:00:04.649+0000] {dag.py:4180} INFO - Setting next_dagrun for latest_only to 2024-10-27 08:00:00+00:00, run_after=2024-10-27 12:00:00+00:00
[2024-10-27T14:00:04.714+0000] {processor.py:208} INFO - Processing /home/airflow/.local/lib/python3.12/site-packages/airflow/example_dags/example_latest_only.py took 0.168 seconds
[2024-10-27T14:00:35.525+0000] {processor.py:186} INFO - Started process (PID=889) to work on /home/airflow/.local/lib/python3.12/site-packages/airflow/example_dags/example_latest_only.py
[2024-10-27T14:00:35.527+0000] {processor.py:914} INFO - Processing file /home/airflow/.local/lib/python3.12/site-packages/airflow/example_dags/example_latest_only.py for tasks to queue
[2024-10-27T14:00:35.531+0000] {logging_mixin.py:190} INFO - [2024-10-27T14:00:35.530+0000] {dagbag.py:588} INFO - Filling up the DagBag from /home/airflow/.local/lib/python3.12/site-packages/airflow/example_dags/example_latest_only.py
[2024-10-27T14:00:35.540+0000] {processor.py:925} INFO - DAG(s) 'latest_only' retrieved from /home/airflow/.local/lib/python3.12/site-packages/airflow/example_dags/example_latest_only.py
[2024-10-27T14:00:35.569+0000] {logging_mixin.py:190} INFO - [2024-10-27T14:00:35.569+0000] {dag.py:3239} INFO - Sync 1 DAGs
[2024-10-27T14:00:35.604+0000] {logging_mixin.py:190} INFO - [2024-10-27T14:00:35.604+0000] {dag.py:4180} INFO - Setting next_dagrun for latest_only to 2024-10-27 08:00:00+00:00, run_after=2024-10-27 12:00:00+00:00
[2024-10-27T14:00:35.639+0000] {processor.py:208} INFO - Processing /home/airflow/.local/lib/python3.12/site-packages/airflow/example_dags/example_latest_only.py took 0.124 seconds
[2024-10-27T14:01:06.734+0000] {processor.py:186} INFO - Started process (PID=958) to work on /home/airflow/.local/lib/python3.12/site-packages/airflow/example_dags/example_latest_only.py
[2024-10-27T14:01:06.737+0000] {processor.py:914} INFO - Processing file /home/airflow/.local/lib/python3.12/site-packages/airflow/example_dags/example_latest_only.py for tasks to queue
[2024-10-27T14:01:06.743+0000] {logging_mixin.py:190} INFO - [2024-10-27T14:01:06.742+0000] {dagbag.py:588} INFO - Filling up the DagBag from /home/airflow/.local/lib/python3.12/site-packages/airflow/example_dags/example_latest_only.py
[2024-10-27T14:01:06.759+0000] {processor.py:925} INFO - DAG(s) 'latest_only' retrieved from /home/airflow/.local/lib/python3.12/site-packages/airflow/example_dags/example_latest_only.py
[2024-10-27T14:01:06.807+0000] {logging_mixin.py:190} INFO - [2024-10-27T14:01:06.807+0000] {dag.py:3239} INFO - Sync 1 DAGs
[2024-10-27T14:01:06.865+0000] {logging_mixin.py:190} INFO - [2024-10-27T14:01:06.864+0000] {dag.py:4180} INFO - Setting next_dagrun for latest_only to 2024-10-27 08:00:00+00:00, run_after=2024-10-27 12:00:00+00:00
[2024-10-27T14:01:06.986+0000] {processor.py:208} INFO - Processing /home/airflow/.local/lib/python3.12/site-packages/airflow/example_dags/example_latest_only.py took 0.266 seconds
[2024-10-27T14:01:39.256+0000] {processor.py:186} INFO - Started process (PID=1024) to work on /home/airflow/.local/lib/python3.12/site-packages/airflow/example_dags/example_latest_only.py
[2024-10-27T14:01:39.259+0000] {processor.py:914} INFO - Processing file /home/airflow/.local/lib/python3.12/site-packages/airflow/example_dags/example_latest_only.py for tasks to queue
[2024-10-27T14:01:39.265+0000] {logging_mixin.py:190} INFO - [2024-10-27T14:01:39.264+0000] {dagbag.py:588} INFO - Filling up the DagBag from /home/airflow/.local/lib/python3.12/site-packages/airflow/example_dags/example_latest_only.py
[2024-10-27T14:01:39.281+0000] {processor.py:925} INFO - DAG(s) 'latest_only' retrieved from /home/airflow/.local/lib/python3.12/site-packages/airflow/example_dags/example_latest_only.py
[2024-10-27T14:01:39.322+0000] {logging_mixin.py:190} INFO - [2024-10-27T14:01:39.322+0000] {dag.py:3239} INFO - Sync 1 DAGs
[2024-10-27T14:01:39.380+0000] {logging_mixin.py:190} INFO - [2024-10-27T14:01:39.380+0000] {dag.py:4180} INFO - Setting next_dagrun for latest_only to 2024-10-27 08:00:00+00:00, run_after=2024-10-27 12:00:00+00:00
[2024-10-27T14:01:39.470+0000] {processor.py:208} INFO - Processing /home/airflow/.local/lib/python3.12/site-packages/airflow/example_dags/example_latest_only.py took 0.229 seconds
[2024-10-27T14:02:10.110+0000] {processor.py:186} INFO - Started process (PID=1086) to work on /home/airflow/.local/lib/python3.12/site-packages/airflow/example_dags/example_latest_only.py
[2024-10-27T14:02:10.112+0000] {processor.py:914} INFO - Processing file /home/airflow/.local/lib/python3.12/site-packages/airflow/example_dags/example_latest_only.py for tasks to queue
[2024-10-27T14:02:10.116+0000] {logging_mixin.py:190} INFO - [2024-10-27T14:02:10.116+0000] {dagbag.py:588} INFO - Filling up the DagBag from /home/airflow/.local/lib/python3.12/site-packages/airflow/example_dags/example_latest_only.py
[2024-10-27T14:02:10.129+0000] {processor.py:925} INFO - DAG(s) 'latest_only' retrieved from /home/airflow/.local/lib/python3.12/site-packages/airflow/example_dags/example_latest_only.py
[2024-10-27T14:02:10.166+0000] {logging_mixin.py:190} INFO - [2024-10-27T14:02:10.166+0000] {dag.py:3239} INFO - Sync 1 DAGs
[2024-10-27T14:02:10.207+0000] {logging_mixin.py:190} INFO - [2024-10-27T14:02:10.207+0000] {dag.py:4180} INFO - Setting next_dagrun for latest_only to 2024-10-27 08:00:00+00:00, run_after=2024-10-27 12:00:00+00:00
[2024-10-27T14:02:10.302+0000] {processor.py:208} INFO - Processing /home/airflow/.local/lib/python3.12/site-packages/airflow/example_dags/example_latest_only.py took 0.205 seconds
[2024-10-27T14:02:40.830+0000] {processor.py:186} INFO - Started process (PID=1146) to work on /home/airflow/.local/lib/python3.12/site-packages/airflow/example_dags/example_latest_only.py
[2024-10-27T14:02:40.832+0000] {processor.py:914} INFO - Processing file /home/airflow/.local/lib/python3.12/site-packages/airflow/example_dags/example_latest_only.py for tasks to queue
[2024-10-27T14:02:40.835+0000] {logging_mixin.py:190} INFO - [2024-10-27T14:02:40.835+0000] {dagbag.py:588} INFO - Filling up the DagBag from /home/airflow/.local/lib/python3.12/site-packages/airflow/example_dags/example_latest_only.py
[2024-10-27T14:02:40.846+0000] {processor.py:925} INFO - DAG(s) 'latest_only' retrieved from /home/airflow/.local/lib/python3.12/site-packages/airflow/example_dags/example_latest_only.py
[2024-10-27T14:02:40.889+0000] {logging_mixin.py:190} INFO - [2024-10-27T14:02:40.888+0000] {dag.py:3239} INFO - Sync 1 DAGs
[2024-10-27T14:02:40.933+0000] {logging_mixin.py:190} INFO - [2024-10-27T14:02:40.933+0000] {dag.py:4180} INFO - Setting next_dagrun for latest_only to 2024-10-27 08:00:00+00:00, run_after=2024-10-27 12:00:00+00:00
[2024-10-27T14:02:40.992+0000] {processor.py:208} INFO - Processing /home/airflow/.local/lib/python3.12/site-packages/airflow/example_dags/example_latest_only.py took 0.172 seconds
[2024-10-27T14:03:11.566+0000] {processor.py:186} INFO - Started process (PID=1207) to work on /home/airflow/.local/lib/python3.12/site-packages/airflow/example_dags/example_latest_only.py
[2024-10-27T14:03:11.568+0000] {processor.py:914} INFO - Processing file /home/airflow/.local/lib/python3.12/site-packages/airflow/example_dags/example_latest_only.py for tasks to queue
[2024-10-27T14:03:11.573+0000] {logging_mixin.py:190} INFO - [2024-10-27T14:03:11.572+0000] {dagbag.py:588} INFO - Filling up the DagBag from /home/airflow/.local/lib/python3.12/site-packages/airflow/example_dags/example_latest_only.py
[2024-10-27T14:03:11.586+0000] {processor.py:925} INFO - DAG(s) 'latest_only' retrieved from /home/airflow/.local/lib/python3.12/site-packages/airflow/example_dags/example_latest_only.py
[2024-10-27T14:03:11.623+0000] {logging_mixin.py:190} INFO - [2024-10-27T14:03:11.622+0000] {dag.py:3239} INFO - Sync 1 DAGs
[2024-10-27T14:03:11.671+0000] {logging_mixin.py:190} INFO - [2024-10-27T14:03:11.670+0000] {dag.py:4180} INFO - Setting next_dagrun for latest_only to 2024-10-27 08:00:00+00:00, run_after=2024-10-27 12:00:00+00:00
[2024-10-27T14:03:11.723+0000] {processor.py:208} INFO - Processing /home/airflow/.local/lib/python3.12/site-packages/airflow/example_dags/example_latest_only.py took 0.167 seconds
[2024-10-27T14:03:52.543+0000] {processor.py:186} INFO - Started process (PID=1277) to work on /home/airflow/.local/lib/python3.12/site-packages/airflow/example_dags/example_latest_only.py
[2024-10-27T14:03:52.545+0000] {processor.py:914} INFO - Processing file /home/airflow/.local/lib/python3.12/site-packages/airflow/example_dags/example_latest_only.py for tasks to queue
[2024-10-27T14:03:52.551+0000] {logging_mixin.py:190} INFO - [2024-10-27T14:03:52.550+0000] {dagbag.py:588} INFO - Filling up the DagBag from /home/airflow/.local/lib/python3.12/site-packages/airflow/example_dags/example_latest_only.py
[2024-10-27T14:03:52.565+0000] {processor.py:925} INFO - DAG(s) 'latest_only' retrieved from /home/airflow/.local/lib/python3.12/site-packages/airflow/example_dags/example_latest_only.py
[2024-10-27T14:03:52.600+0000] {logging_mixin.py:190} INFO - [2024-10-27T14:03:52.600+0000] {dag.py:3239} INFO - Sync 1 DAGs
[2024-10-27T14:03:52.653+0000] {logging_mixin.py:190} INFO - [2024-10-27T14:03:52.653+0000] {dag.py:4180} INFO - Setting next_dagrun for latest_only to 2024-10-27 08:00:00+00:00, run_after=2024-10-27 12:00:00+00:00
[2024-10-27T14:03:53.162+0000] {processor.py:208} INFO - Processing /home/airflow/.local/lib/python3.12/site-packages/airflow/example_dags/example_latest_only.py took 0.631 seconds
[2024-10-27T14:04:24.075+0000] {processor.py:186} INFO - Started process (PID=1338) to work on /home/airflow/.local/lib/python3.12/site-packages/airflow/example_dags/example_latest_only.py
[2024-10-27T14:04:24.077+0000] {processor.py:914} INFO - Processing file /home/airflow/.local/lib/python3.12/site-packages/airflow/example_dags/example_latest_only.py for tasks to queue
[2024-10-27T14:04:24.084+0000] {logging_mixin.py:190} INFO - [2024-10-27T14:04:24.083+0000] {dagbag.py:588} INFO - Filling up the DagBag from /home/airflow/.local/lib/python3.12/site-packages/airflow/example_dags/example_latest_only.py
[2024-10-27T14:04:24.111+0000] {processor.py:925} INFO - DAG(s) 'latest_only' retrieved from /home/airflow/.local/lib/python3.12/site-packages/airflow/example_dags/example_latest_only.py
[2024-10-27T14:04:24.206+0000] {logging_mixin.py:190} INFO - [2024-10-27T14:04:24.206+0000] {dag.py:3239} INFO - Sync 1 DAGs
[2024-10-27T14:04:24.261+0000] {logging_mixin.py:190} INFO - [2024-10-27T14:04:24.260+0000] {dag.py:4180} INFO - Setting next_dagrun for latest_only to 2024-10-27 08:00:00+00:00, run_after=2024-10-27 12:00:00+00:00
[2024-10-27T14:04:24.376+0000] {processor.py:208} INFO - Processing /home/airflow/.local/lib/python3.12/site-packages/airflow/example_dags/example_latest_only.py took 0.315 seconds
[2024-10-27T14:04:55.398+0000] {processor.py:186} INFO - Started process (PID=1400) to work on /home/airflow/.local/lib/python3.12/site-packages/airflow/example_dags/example_latest_only.py
[2024-10-27T14:04:55.400+0000] {processor.py:914} INFO - Processing file /home/airflow/.local/lib/python3.12/site-packages/airflow/example_dags/example_latest_only.py for tasks to queue
[2024-10-27T14:04:55.404+0000] {logging_mixin.py:190} INFO - [2024-10-27T14:04:55.403+0000] {dagbag.py:588} INFO - Filling up the DagBag from /home/airflow/.local/lib/python3.12/site-packages/airflow/example_dags/example_latest_only.py
[2024-10-27T14:04:55.419+0000] {processor.py:925} INFO - DAG(s) 'latest_only' retrieved from /home/airflow/.local/lib/python3.12/site-packages/airflow/example_dags/example_latest_only.py
[2024-10-27T14:04:55.475+0000] {logging_mixin.py:190} INFO - [2024-10-27T14:04:55.474+0000] {dag.py:3239} INFO - Sync 1 DAGs
[2024-10-27T14:04:55.614+0000] {logging_mixin.py:190} INFO - [2024-10-27T14:04:55.614+0000] {dag.py:4180} INFO - Setting next_dagrun for latest_only to 2024-10-27 08:00:00+00:00, run_after=2024-10-27 12:00:00+00:00
[2024-10-27T14:04:55.719+0000] {processor.py:208} INFO - Processing /home/airflow/.local/lib/python3.12/site-packages/airflow/example_dags/example_latest_only.py took 0.334 seconds
[2024-10-27T14:05:25.846+0000] {processor.py:186} INFO - Started process (PID=1462) to work on /home/airflow/.local/lib/python3.12/site-packages/airflow/example_dags/example_latest_only.py
[2024-10-27T14:05:25.848+0000] {processor.py:914} INFO - Processing file /home/airflow/.local/lib/python3.12/site-packages/airflow/example_dags/example_latest_only.py for tasks to queue
[2024-10-27T14:05:25.852+0000] {logging_mixin.py:190} INFO - [2024-10-27T14:05:25.852+0000] {dagbag.py:588} INFO - Filling up the DagBag from /home/airflow/.local/lib/python3.12/site-packages/airflow/example_dags/example_latest_only.py
[2024-10-27T14:05:25.870+0000] {processor.py:925} INFO - DAG(s) 'latest_only' retrieved from /home/airflow/.local/lib/python3.12/site-packages/airflow/example_dags/example_latest_only.py
[2024-10-27T14:05:25.914+0000] {logging_mixin.py:190} INFO - [2024-10-27T14:05:25.914+0000] {dag.py:3239} INFO - Sync 1 DAGs
[2024-10-27T14:05:25.972+0000] {logging_mixin.py:190} INFO - [2024-10-27T14:05:25.972+0000] {dag.py:4180} INFO - Setting next_dagrun for latest_only to 2024-10-27 08:00:00+00:00, run_after=2024-10-27 12:00:00+00:00
[2024-10-27T14:05:26.038+0000] {processor.py:208} INFO - Processing /home/airflow/.local/lib/python3.12/site-packages/airflow/example_dags/example_latest_only.py took 0.204 seconds
[2024-10-27T14:05:56.548+0000] {processor.py:186} INFO - Started process (PID=1523) to work on /home/airflow/.local/lib/python3.12/site-packages/airflow/example_dags/example_latest_only.py
[2024-10-27T14:05:56.550+0000] {processor.py:914} INFO - Processing file /home/airflow/.local/lib/python3.12/site-packages/airflow/example_dags/example_latest_only.py for tasks to queue
[2024-10-27T14:05:56.555+0000] {logging_mixin.py:190} INFO - [2024-10-27T14:05:56.555+0000] {dagbag.py:588} INFO - Filling up the DagBag from /home/airflow/.local/lib/python3.12/site-packages/airflow/example_dags/example_latest_only.py
[2024-10-27T14:05:56.570+0000] {processor.py:925} INFO - DAG(s) 'latest_only' retrieved from /home/airflow/.local/lib/python3.12/site-packages/airflow/example_dags/example_latest_only.py
[2024-10-27T14:05:56.611+0000] {logging_mixin.py:190} INFO - [2024-10-27T14:05:56.610+0000] {dag.py:3239} INFO - Sync 1 DAGs
[2024-10-27T14:05:56.663+0000] {logging_mixin.py:190} INFO - [2024-10-27T14:05:56.663+0000] {dag.py:4180} INFO - Setting next_dagrun for latest_only to 2024-10-27 08:00:00+00:00, run_after=2024-10-27 12:00:00+00:00
[2024-10-27T14:05:57.228+0000] {processor.py:208} INFO - Processing /home/airflow/.local/lib/python3.12/site-packages/airflow/example_dags/example_latest_only.py took 0.691 seconds
[2024-10-27T14:06:27.631+0000] {processor.py:186} INFO - Started process (PID=1585) to work on /home/airflow/.local/lib/python3.12/site-packages/airflow/example_dags/example_latest_only.py
[2024-10-27T14:06:27.633+0000] {processor.py:914} INFO - Processing file /home/airflow/.local/lib/python3.12/site-packages/airflow/example_dags/example_latest_only.py for tasks to queue
[2024-10-27T14:06:27.638+0000] {logging_mixin.py:190} INFO - [2024-10-27T14:06:27.638+0000] {dagbag.py:588} INFO - Filling up the DagBag from /home/airflow/.local/lib/python3.12/site-packages/airflow/example_dags/example_latest_only.py
[2024-10-27T14:06:27.653+0000] {processor.py:925} INFO - DAG(s) 'latest_only' retrieved from /home/airflow/.local/lib/python3.12/site-packages/airflow/example_dags/example_latest_only.py
[2024-10-27T14:06:27.700+0000] {logging_mixin.py:190} INFO - [2024-10-27T14:06:27.699+0000] {dag.py:3239} INFO - Sync 1 DAGs
[2024-10-27T14:06:27.769+0000] {logging_mixin.py:190} INFO - [2024-10-27T14:06:27.769+0000] {dag.py:4180} INFO - Setting next_dagrun for latest_only to 2024-10-27 08:00:00+00:00, run_after=2024-10-27 12:00:00+00:00
[2024-10-27T14:06:27.996+0000] {processor.py:208} INFO - Processing /home/airflow/.local/lib/python3.12/site-packages/airflow/example_dags/example_latest_only.py took 0.381 seconds
[2024-10-27T14:07:03.329+0000] {processor.py:186} INFO - Started process (PID=1649) to work on /home/airflow/.local/lib/python3.12/site-packages/airflow/example_dags/example_latest_only.py
[2024-10-27T14:07:03.331+0000] {processor.py:914} INFO - Processing file /home/airflow/.local/lib/python3.12/site-packages/airflow/example_dags/example_latest_only.py for tasks to queue
[2024-10-27T14:07:03.334+0000] {logging_mixin.py:190} INFO - [2024-10-27T14:07:03.333+0000] {dagbag.py:588} INFO - Filling up the DagBag from /home/airflow/.local/lib/python3.12/site-packages/airflow/example_dags/example_latest_only.py
[2024-10-27T14:07:03.346+0000] {processor.py:925} INFO - DAG(s) 'latest_only' retrieved from /home/airflow/.local/lib/python3.12/site-packages/airflow/example_dags/example_latest_only.py
[2024-10-27T14:07:03.388+0000] {logging_mixin.py:190} INFO - [2024-10-27T14:07:03.388+0000] {dag.py:3239} INFO - Sync 1 DAGs
[2024-10-27T14:07:03.420+0000] {logging_mixin.py:190} INFO - [2024-10-27T14:07:03.420+0000] {dag.py:4180} INFO - Setting next_dagrun for latest_only to 2024-10-27 08:00:00+00:00, run_after=2024-10-27 12:00:00+00:00
[2024-10-27T14:07:03.742+0000] {processor.py:208} INFO - Processing /home/airflow/.local/lib/python3.12/site-packages/airflow/example_dags/example_latest_only.py took 0.424 seconds
[2024-10-27T14:07:35.000+0000] {processor.py:186} INFO - Started process (PID=1711) to work on /home/airflow/.local/lib/python3.12/site-packages/airflow/example_dags/example_latest_only.py
[2024-10-27T14:07:35.002+0000] {processor.py:914} INFO - Processing file /home/airflow/.local/lib/python3.12/site-packages/airflow/example_dags/example_latest_only.py for tasks to queue
[2024-10-27T14:07:35.027+0000] {logging_mixin.py:190} INFO - [2024-10-27T14:07:35.026+0000] {dagbag.py:588} INFO - Filling up the DagBag from /home/airflow/.local/lib/python3.12/site-packages/airflow/example_dags/example_latest_only.py
[2024-10-27T14:07:35.048+0000] {processor.py:925} INFO - DAG(s) 'latest_only' retrieved from /home/airflow/.local/lib/python3.12/site-packages/airflow/example_dags/example_latest_only.py
[2024-10-27T14:07:35.112+0000] {logging_mixin.py:190} INFO - [2024-10-27T14:07:35.107+0000] {dag.py:3239} INFO - Sync 1 DAGs
[2024-10-27T14:07:35.271+0000] {logging_mixin.py:190} INFO - [2024-10-27T14:07:35.269+0000] {dag.py:4180} INFO - Setting next_dagrun for latest_only to 2024-10-27 08:00:00+00:00, run_after=2024-10-27 12:00:00+00:00
[2024-10-27T14:07:35.419+0000] {processor.py:208} INFO - Processing /home/airflow/.local/lib/python3.12/site-packages/airflow/example_dags/example_latest_only.py took 0.460 seconds
[2024-10-27T14:08:05.640+0000] {processor.py:186} INFO - Started process (PID=1774) to work on /home/airflow/.local/lib/python3.12/site-packages/airflow/example_dags/example_latest_only.py
[2024-10-27T14:08:05.643+0000] {processor.py:914} INFO - Processing file /home/airflow/.local/lib/python3.12/site-packages/airflow/example_dags/example_latest_only.py for tasks to queue
[2024-10-27T14:08:05.649+0000] {logging_mixin.py:190} INFO - [2024-10-27T14:08:05.648+0000] {dagbag.py:588} INFO - Filling up the DagBag from /home/airflow/.local/lib/python3.12/site-packages/airflow/example_dags/example_latest_only.py
[2024-10-27T14:08:05.684+0000] {processor.py:925} INFO - DAG(s) 'latest_only' retrieved from /home/airflow/.local/lib/python3.12/site-packages/airflow/example_dags/example_latest_only.py
[2024-10-27T14:08:05.789+0000] {logging_mixin.py:190} INFO - [2024-10-27T14:08:05.789+0000] {dag.py:3239} INFO - Sync 1 DAGs
[2024-10-27T14:08:05.855+0000] {logging_mixin.py:190} INFO - [2024-10-27T14:08:05.854+0000] {dag.py:4180} INFO - Setting next_dagrun for latest_only to 2024-10-27 08:00:00+00:00, run_after=2024-10-27 12:00:00+00:00
[2024-10-27T14:08:05.917+0000] {processor.py:208} INFO - Processing /home/airflow/.local/lib/python3.12/site-packages/airflow/example_dags/example_latest_only.py took 0.301 seconds
[2024-10-27T14:08:36.832+0000] {processor.py:186} INFO - Started process (PID=1835) to work on /home/airflow/.local/lib/python3.12/site-packages/airflow/example_dags/example_latest_only.py
[2024-10-27T14:08:36.848+0000] {processor.py:914} INFO - Processing file /home/airflow/.local/lib/python3.12/site-packages/airflow/example_dags/example_latest_only.py for tasks to queue
[2024-10-27T14:08:36.866+0000] {logging_mixin.py:190} INFO - [2024-10-27T14:08:36.866+0000] {dagbag.py:588} INFO - Filling up the DagBag from /home/airflow/.local/lib/python3.12/site-packages/airflow/example_dags/example_latest_only.py
[2024-10-27T14:08:36.907+0000] {processor.py:925} INFO - DAG(s) 'latest_only' retrieved from /home/airflow/.local/lib/python3.12/site-packages/airflow/example_dags/example_latest_only.py
[2024-10-27T14:08:37.004+0000] {logging_mixin.py:190} INFO - [2024-10-27T14:08:37.003+0000] {dag.py:3239} INFO - Sync 1 DAGs
[2024-10-27T14:08:37.070+0000] {logging_mixin.py:190} INFO - [2024-10-27T14:08:37.068+0000] {dag.py:4180} INFO - Setting next_dagrun for latest_only to 2024-10-27 08:00:00+00:00, run_after=2024-10-27 12:00:00+00:00
[2024-10-27T14:08:37.162+0000] {processor.py:208} INFO - Processing /home/airflow/.local/lib/python3.12/site-packages/airflow/example_dags/example_latest_only.py took 0.354 seconds
[2024-10-27T14:09:08.787+0000] {processor.py:186} INFO - Started process (PID=1899) to work on /home/airflow/.local/lib/python3.12/site-packages/airflow/example_dags/example_latest_only.py
[2024-10-27T14:09:08.789+0000] {processor.py:914} INFO - Processing file /home/airflow/.local/lib/python3.12/site-packages/airflow/example_dags/example_latest_only.py for tasks to queue
[2024-10-27T14:09:08.794+0000] {logging_mixin.py:190} INFO - [2024-10-27T14:09:08.793+0000] {dagbag.py:588} INFO - Filling up the DagBag from /home/airflow/.local/lib/python3.12/site-packages/airflow/example_dags/example_latest_only.py
[2024-10-27T14:09:08.808+0000] {processor.py:925} INFO - DAG(s) 'latest_only' retrieved from /home/airflow/.local/lib/python3.12/site-packages/airflow/example_dags/example_latest_only.py
[2024-10-27T14:09:08.850+0000] {logging_mixin.py:190} INFO - [2024-10-27T14:09:08.850+0000] {dag.py:3239} INFO - Sync 1 DAGs
[2024-10-27T14:09:08.907+0000] {logging_mixin.py:190} INFO - [2024-10-27T14:09:08.906+0000] {dag.py:4180} INFO - Setting next_dagrun for latest_only to 2024-10-27 08:00:00+00:00, run_after=2024-10-27 12:00:00+00:00
[2024-10-27T14:09:08.946+0000] {processor.py:208} INFO - Processing /home/airflow/.local/lib/python3.12/site-packages/airflow/example_dags/example_latest_only.py took 0.176 seconds
[2024-10-27T14:09:39.990+0000] {processor.py:186} INFO - Started process (PID=1962) to work on /home/airflow/.local/lib/python3.12/site-packages/airflow/example_dags/example_latest_only.py
[2024-10-27T14:09:39.991+0000] {processor.py:914} INFO - Processing file /home/airflow/.local/lib/python3.12/site-packages/airflow/example_dags/example_latest_only.py for tasks to queue
[2024-10-27T14:09:39.995+0000] {logging_mixin.py:190} INFO - [2024-10-27T14:09:39.994+0000] {dagbag.py:588} INFO - Filling up the DagBag from /home/airflow/.local/lib/python3.12/site-packages/airflow/example_dags/example_latest_only.py
[2024-10-27T14:09:40.005+0000] {processor.py:925} INFO - DAG(s) 'latest_only' retrieved from /home/airflow/.local/lib/python3.12/site-packages/airflow/example_dags/example_latest_only.py
[2024-10-27T14:09:40.037+0000] {logging_mixin.py:190} INFO - [2024-10-27T14:09:40.037+0000] {dag.py:3239} INFO - Sync 1 DAGs
[2024-10-27T14:09:40.085+0000] {logging_mixin.py:190} INFO - [2024-10-27T14:09:40.085+0000] {dag.py:4180} INFO - Setting next_dagrun for latest_only to 2024-10-27 08:00:00+00:00, run_after=2024-10-27 12:00:00+00:00
[2024-10-27T14:09:40.132+0000] {processor.py:208} INFO - Processing /home/airflow/.local/lib/python3.12/site-packages/airflow/example_dags/example_latest_only.py took 0.152 seconds
[2024-10-27T14:10:10.500+0000] {processor.py:186} INFO - Started process (PID=2023) to work on /home/airflow/.local/lib/python3.12/site-packages/airflow/example_dags/example_latest_only.py
[2024-10-27T14:10:10.502+0000] {processor.py:914} INFO - Processing file /home/airflow/.local/lib/python3.12/site-packages/airflow/example_dags/example_latest_only.py for tasks to queue
[2024-10-27T14:10:10.505+0000] {logging_mixin.py:190} INFO - [2024-10-27T14:10:10.505+0000] {dagbag.py:588} INFO - Filling up the DagBag from /home/airflow/.local/lib/python3.12/site-packages/airflow/example_dags/example_latest_only.py
[2024-10-27T14:10:10.514+0000] {processor.py:925} INFO - DAG(s) 'latest_only' retrieved from /home/airflow/.local/lib/python3.12/site-packages/airflow/example_dags/example_latest_only.py
[2024-10-27T14:10:10.542+0000] {logging_mixin.py:190} INFO - [2024-10-27T14:10:10.542+0000] {dag.py:3239} INFO - Sync 1 DAGs
[2024-10-27T14:10:10.577+0000] {logging_mixin.py:190} INFO - [2024-10-27T14:10:10.576+0000] {dag.py:4180} INFO - Setting next_dagrun for latest_only to 2024-10-27 08:00:00+00:00, run_after=2024-10-27 12:00:00+00:00
[2024-10-27T14:10:10.828+0000] {processor.py:208} INFO - Processing /home/airflow/.local/lib/python3.12/site-packages/airflow/example_dags/example_latest_only.py took 0.339 seconds
[2024-10-27T14:10:41.093+0000] {processor.py:186} INFO - Started process (PID=2085) to work on /home/airflow/.local/lib/python3.12/site-packages/airflow/example_dags/example_latest_only.py
[2024-10-27T14:10:41.095+0000] {processor.py:914} INFO - Processing file /home/airflow/.local/lib/python3.12/site-packages/airflow/example_dags/example_latest_only.py for tasks to queue
[2024-10-27T14:10:41.098+0000] {logging_mixin.py:190} INFO - [2024-10-27T14:10:41.098+0000] {dagbag.py:588} INFO - Filling up the DagBag from /home/airflow/.local/lib/python3.12/site-packages/airflow/example_dags/example_latest_only.py
[2024-10-27T14:10:41.108+0000] {processor.py:925} INFO - DAG(s) 'latest_only' retrieved from /home/airflow/.local/lib/python3.12/site-packages/airflow/example_dags/example_latest_only.py
[2024-10-27T14:10:41.135+0000] {logging_mixin.py:190} INFO - [2024-10-27T14:10:41.135+0000] {dag.py:3239} INFO - Sync 1 DAGs
[2024-10-27T14:10:41.165+0000] {logging_mixin.py:190} INFO - [2024-10-27T14:10:41.165+0000] {dag.py:4180} INFO - Setting next_dagrun for latest_only to 2024-10-27 08:00:00+00:00, run_after=2024-10-27 12:00:00+00:00
[2024-10-27T14:10:41.221+0000] {processor.py:208} INFO - Processing /home/airflow/.local/lib/python3.12/site-packages/airflow/example_dags/example_latest_only.py took 0.135 seconds
[2024-10-27T14:11:11.790+0000] {processor.py:186} INFO - Started process (PID=2153) to work on /home/airflow/.local/lib/python3.12/site-packages/airflow/example_dags/example_latest_only.py
[2024-10-27T14:11:11.792+0000] {processor.py:914} INFO - Processing file /home/airflow/.local/lib/python3.12/site-packages/airflow/example_dags/example_latest_only.py for tasks to queue
[2024-10-27T14:11:11.797+0000] {logging_mixin.py:190} INFO - [2024-10-27T14:11:11.797+0000] {dagbag.py:588} INFO - Filling up the DagBag from /home/airflow/.local/lib/python3.12/site-packages/airflow/example_dags/example_latest_only.py
[2024-10-27T14:11:11.814+0000] {processor.py:925} INFO - DAG(s) 'latest_only' retrieved from /home/airflow/.local/lib/python3.12/site-packages/airflow/example_dags/example_latest_only.py
[2024-10-27T14:11:11.849+0000] {logging_mixin.py:190} INFO - [2024-10-27T14:11:11.849+0000] {dag.py:3239} INFO - Sync 1 DAGs
[2024-10-27T14:11:11.894+0000] {logging_mixin.py:190} INFO - [2024-10-27T14:11:11.894+0000] {dag.py:4180} INFO - Setting next_dagrun for latest_only to 2024-10-27 08:00:00+00:00, run_after=2024-10-27 12:00:00+00:00
[2024-10-27T14:11:11.932+0000] {processor.py:208} INFO - Processing /home/airflow/.local/lib/python3.12/site-packages/airflow/example_dags/example_latest_only.py took 0.155 seconds
[2024-10-27T14:11:43.017+0000] {processor.py:186} INFO - Started process (PID=2217) to work on /home/airflow/.local/lib/python3.12/site-packages/airflow/example_dags/example_latest_only.py
[2024-10-27T14:11:43.018+0000] {processor.py:914} INFO - Processing file /home/airflow/.local/lib/python3.12/site-packages/airflow/example_dags/example_latest_only.py for tasks to queue
[2024-10-27T14:11:43.021+0000] {logging_mixin.py:190} INFO - [2024-10-27T14:11:43.021+0000] {dagbag.py:588} INFO - Filling up the DagBag from /home/airflow/.local/lib/python3.12/site-packages/airflow/example_dags/example_latest_only.py
[2024-10-27T14:11:43.030+0000] {processor.py:925} INFO - DAG(s) 'latest_only' retrieved from /home/airflow/.local/lib/python3.12/site-packages/airflow/example_dags/example_latest_only.py
[2024-10-27T14:11:43.056+0000] {logging_mixin.py:190} INFO - [2024-10-27T14:11:43.056+0000] {dag.py:3239} INFO - Sync 1 DAGs
[2024-10-27T14:11:43.086+0000] {logging_mixin.py:190} INFO - [2024-10-27T14:11:43.086+0000] {dag.py:4180} INFO - Setting next_dagrun for latest_only to 2024-10-27 08:00:00+00:00, run_after=2024-10-27 12:00:00+00:00
[2024-10-27T14:11:43.459+0000] {processor.py:208} INFO - Processing /home/airflow/.local/lib/python3.12/site-packages/airflow/example_dags/example_latest_only.py took 0.450 seconds
[2024-10-27T14:12:14.164+0000] {processor.py:186} INFO - Started process (PID=2279) to work on /home/airflow/.local/lib/python3.12/site-packages/airflow/example_dags/example_latest_only.py
[2024-10-27T14:12:14.166+0000] {processor.py:914} INFO - Processing file /home/airflow/.local/lib/python3.12/site-packages/airflow/example_dags/example_latest_only.py for tasks to queue
[2024-10-27T14:12:14.171+0000] {logging_mixin.py:190} INFO - [2024-10-27T14:12:14.170+0000] {dagbag.py:588} INFO - Filling up the DagBag from /home/airflow/.local/lib/python3.12/site-packages/airflow/example_dags/example_latest_only.py
[2024-10-27T14:12:14.181+0000] {processor.py:925} INFO - DAG(s) 'latest_only' retrieved from /home/airflow/.local/lib/python3.12/site-packages/airflow/example_dags/example_latest_only.py
[2024-10-27T14:12:14.213+0000] {logging_mixin.py:190} INFO - [2024-10-27T14:12:14.212+0000] {dag.py:3239} INFO - Sync 1 DAGs
[2024-10-27T14:12:14.255+0000] {logging_mixin.py:190} INFO - [2024-10-27T14:12:14.255+0000] {dag.py:4180} INFO - Setting next_dagrun for latest_only to 2024-10-27 08:00:00+00:00, run_after=2024-10-27 12:00:00+00:00
[2024-10-27T14:12:14.302+0000] {processor.py:208} INFO - Processing /home/airflow/.local/lib/python3.12/site-packages/airflow/example_dags/example_latest_only.py took 0.148 seconds
[2024-10-27T14:12:45.441+0000] {processor.py:186} INFO - Started process (PID=2343) to work on /home/airflow/.local/lib/python3.12/site-packages/airflow/example_dags/example_latest_only.py
[2024-10-27T14:12:45.442+0000] {processor.py:914} INFO - Processing file /home/airflow/.local/lib/python3.12/site-packages/airflow/example_dags/example_latest_only.py for tasks to queue
[2024-10-27T14:12:45.445+0000] {logging_mixin.py:190} INFO - [2024-10-27T14:12:45.445+0000] {dagbag.py:588} INFO - Filling up the DagBag from /home/airflow/.local/lib/python3.12/site-packages/airflow/example_dags/example_latest_only.py
[2024-10-27T14:12:45.454+0000] {processor.py:925} INFO - DAG(s) 'latest_only' retrieved from /home/airflow/.local/lib/python3.12/site-packages/airflow/example_dags/example_latest_only.py
[2024-10-27T14:12:45.484+0000] {logging_mixin.py:190} INFO - [2024-10-27T14:12:45.484+0000] {dag.py:3239} INFO - Sync 1 DAGs
[2024-10-27T14:12:45.530+0000] {logging_mixin.py:190} INFO - [2024-10-27T14:12:45.529+0000] {dag.py:4180} INFO - Setting next_dagrun for latest_only to 2024-10-27 08:00:00+00:00, run_after=2024-10-27 12:00:00+00:00
[2024-10-27T14:12:45.584+0000] {processor.py:208} INFO - Processing /home/airflow/.local/lib/python3.12/site-packages/airflow/example_dags/example_latest_only.py took 0.152 seconds
[2024-10-27T14:13:16.091+0000] {processor.py:186} INFO - Started process (PID=2405) to work on /home/airflow/.local/lib/python3.12/site-packages/airflow/example_dags/example_latest_only.py
[2024-10-27T14:13:16.092+0000] {processor.py:914} INFO - Processing file /home/airflow/.local/lib/python3.12/site-packages/airflow/example_dags/example_latest_only.py for tasks to queue
[2024-10-27T14:13:16.096+0000] {logging_mixin.py:190} INFO - [2024-10-27T14:13:16.095+0000] {dagbag.py:588} INFO - Filling up the DagBag from /home/airflow/.local/lib/python3.12/site-packages/airflow/example_dags/example_latest_only.py
[2024-10-27T14:13:16.106+0000] {processor.py:925} INFO - DAG(s) 'latest_only' retrieved from /home/airflow/.local/lib/python3.12/site-packages/airflow/example_dags/example_latest_only.py
[2024-10-27T14:13:16.139+0000] {logging_mixin.py:190} INFO - [2024-10-27T14:13:16.139+0000] {dag.py:3239} INFO - Sync 1 DAGs
[2024-10-27T14:13:16.179+0000] {logging_mixin.py:190} INFO - [2024-10-27T14:13:16.179+0000] {dag.py:4180} INFO - Setting next_dagrun for latest_only to 2024-10-27 08:00:00+00:00, run_after=2024-10-27 12:00:00+00:00
[2024-10-27T14:13:16.415+0000] {processor.py:208} INFO - Processing /home/airflow/.local/lib/python3.12/site-packages/airflow/example_dags/example_latest_only.py took 0.334 seconds
[2024-10-27T14:13:47.173+0000] {processor.py:186} INFO - Started process (PID=2467) to work on /home/airflow/.local/lib/python3.12/site-packages/airflow/example_dags/example_latest_only.py
[2024-10-27T14:13:47.175+0000] {processor.py:914} INFO - Processing file /home/airflow/.local/lib/python3.12/site-packages/airflow/example_dags/example_latest_only.py for tasks to queue
[2024-10-27T14:13:47.179+0000] {logging_mixin.py:190} INFO - [2024-10-27T14:13:47.178+0000] {dagbag.py:588} INFO - Filling up the DagBag from /home/airflow/.local/lib/python3.12/site-packages/airflow/example_dags/example_latest_only.py
[2024-10-27T14:13:47.190+0000] {processor.py:925} INFO - DAG(s) 'latest_only' retrieved from /home/airflow/.local/lib/python3.12/site-packages/airflow/example_dags/example_latest_only.py
[2024-10-27T14:13:47.217+0000] {logging_mixin.py:190} INFO - [2024-10-27T14:13:47.217+0000] {dag.py:3239} INFO - Sync 1 DAGs
[2024-10-27T14:13:47.247+0000] {logging_mixin.py:190} INFO - [2024-10-27T14:13:47.247+0000] {dag.py:4180} INFO - Setting next_dagrun for latest_only to 2024-10-27 08:00:00+00:00, run_after=2024-10-27 12:00:00+00:00
[2024-10-27T14:13:47.341+0000] {processor.py:208} INFO - Processing /home/airflow/.local/lib/python3.12/site-packages/airflow/example_dags/example_latest_only.py took 0.178 seconds
[2024-10-27T14:14:17.625+0000] {processor.py:186} INFO - Started process (PID=2529) to work on /home/airflow/.local/lib/python3.12/site-packages/airflow/example_dags/example_latest_only.py
[2024-10-27T14:14:17.626+0000] {processor.py:914} INFO - Processing file /home/airflow/.local/lib/python3.12/site-packages/airflow/example_dags/example_latest_only.py for tasks to queue
[2024-10-27T14:14:17.631+0000] {logging_mixin.py:190} INFO - [2024-10-27T14:14:17.630+0000] {dagbag.py:588} INFO - Filling up the DagBag from /home/airflow/.local/lib/python3.12/site-packages/airflow/example_dags/example_latest_only.py
[2024-10-27T14:14:17.649+0000] {processor.py:925} INFO - DAG(s) 'latest_only' retrieved from /home/airflow/.local/lib/python3.12/site-packages/airflow/example_dags/example_latest_only.py
[2024-10-27T14:14:17.717+0000] {logging_mixin.py:190} INFO - [2024-10-27T14:14:17.717+0000] {dag.py:3239} INFO - Sync 1 DAGs
[2024-10-27T14:14:17.797+0000] {logging_mixin.py:190} INFO - [2024-10-27T14:14:17.797+0000] {dag.py:4180} INFO - Setting next_dagrun for latest_only to 2024-10-27 08:00:00+00:00, run_after=2024-10-27 12:00:00+00:00
[2024-10-27T14:14:17.847+0000] {processor.py:208} INFO - Processing /home/airflow/.local/lib/python3.12/site-packages/airflow/example_dags/example_latest_only.py took 0.234 seconds
[2024-10-27T14:14:48.579+0000] {processor.py:186} INFO - Started process (PID=2591) to work on /home/airflow/.local/lib/python3.12/site-packages/airflow/example_dags/example_latest_only.py
[2024-10-27T14:14:48.581+0000] {processor.py:914} INFO - Processing file /home/airflow/.local/lib/python3.12/site-packages/airflow/example_dags/example_latest_only.py for tasks to queue
[2024-10-27T14:14:48.585+0000] {logging_mixin.py:190} INFO - [2024-10-27T14:14:48.584+0000] {dagbag.py:588} INFO - Filling up the DagBag from /home/airflow/.local/lib/python3.12/site-packages/airflow/example_dags/example_latest_only.py
[2024-10-27T14:14:48.596+0000] {processor.py:925} INFO - DAG(s) 'latest_only' retrieved from /home/airflow/.local/lib/python3.12/site-packages/airflow/example_dags/example_latest_only.py
[2024-10-27T14:14:48.624+0000] {logging_mixin.py:190} INFO - [2024-10-27T14:14:48.624+0000] {dag.py:3239} INFO - Sync 1 DAGs
[2024-10-27T14:14:48.668+0000] {logging_mixin.py:190} INFO - [2024-10-27T14:14:48.667+0000] {dag.py:4180} INFO - Setting next_dagrun for latest_only to 2024-10-27 08:00:00+00:00, run_after=2024-10-27 12:00:00+00:00
[2024-10-27T14:14:48.721+0000] {processor.py:208} INFO - Processing /home/airflow/.local/lib/python3.12/site-packages/airflow/example_dags/example_latest_only.py took 0.152 seconds
[2024-10-27T14:15:19.147+0000] {processor.py:186} INFO - Started process (PID=2653) to work on /home/airflow/.local/lib/python3.12/site-packages/airflow/example_dags/example_latest_only.py
[2024-10-27T14:15:19.149+0000] {processor.py:914} INFO - Processing file /home/airflow/.local/lib/python3.12/site-packages/airflow/example_dags/example_latest_only.py for tasks to queue
[2024-10-27T14:15:19.153+0000] {logging_mixin.py:190} INFO - [2024-10-27T14:15:19.153+0000] {dagbag.py:588} INFO - Filling up the DagBag from /home/airflow/.local/lib/python3.12/site-packages/airflow/example_dags/example_latest_only.py
[2024-10-27T14:15:19.166+0000] {processor.py:925} INFO - DAG(s) 'latest_only' retrieved from /home/airflow/.local/lib/python3.12/site-packages/airflow/example_dags/example_latest_only.py
[2024-10-27T14:15:19.198+0000] {logging_mixin.py:190} INFO - [2024-10-27T14:15:19.197+0000] {dag.py:3239} INFO - Sync 1 DAGs
[2024-10-27T14:15:19.231+0000] {logging_mixin.py:190} INFO - [2024-10-27T14:15:19.231+0000] {dag.py:4180} INFO - Setting next_dagrun for latest_only to 2024-10-27 08:00:00+00:00, run_after=2024-10-27 12:00:00+00:00
[2024-10-27T14:15:19.339+0000] {processor.py:208} INFO - Processing /home/airflow/.local/lib/python3.12/site-packages/airflow/example_dags/example_latest_only.py took 0.203 seconds
[2024-10-27T14:15:49.549+0000] {processor.py:186} INFO - Started process (PID=2715) to work on /home/airflow/.local/lib/python3.12/site-packages/airflow/example_dags/example_latest_only.py
[2024-10-27T14:15:49.551+0000] {processor.py:914} INFO - Processing file /home/airflow/.local/lib/python3.12/site-packages/airflow/example_dags/example_latest_only.py for tasks to queue
[2024-10-27T14:15:49.554+0000] {logging_mixin.py:190} INFO - [2024-10-27T14:15:49.554+0000] {dagbag.py:588} INFO - Filling up the DagBag from /home/airflow/.local/lib/python3.12/site-packages/airflow/example_dags/example_latest_only.py
[2024-10-27T14:15:49.566+0000] {processor.py:925} INFO - DAG(s) 'latest_only' retrieved from /home/airflow/.local/lib/python3.12/site-packages/airflow/example_dags/example_latest_only.py
[2024-10-27T14:15:49.605+0000] {logging_mixin.py:190} INFO - [2024-10-27T14:15:49.605+0000] {dag.py:3239} INFO - Sync 1 DAGs
[2024-10-27T14:15:49.668+0000] {logging_mixin.py:190} INFO - [2024-10-27T14:15:49.667+0000] {dag.py:4180} INFO - Setting next_dagrun for latest_only to 2024-10-27 08:00:00+00:00, run_after=2024-10-27 12:00:00+00:00
[2024-10-27T14:15:49.992+0000] {processor.py:208} INFO - Processing /home/airflow/.local/lib/python3.12/site-packages/airflow/example_dags/example_latest_only.py took 0.453 seconds
[2024-10-27T14:16:20.570+0000] {processor.py:186} INFO - Started process (PID=2777) to work on /home/airflow/.local/lib/python3.12/site-packages/airflow/example_dags/example_latest_only.py
[2024-10-27T14:16:20.571+0000] {processor.py:914} INFO - Processing file /home/airflow/.local/lib/python3.12/site-packages/airflow/example_dags/example_latest_only.py for tasks to queue
[2024-10-27T14:16:20.575+0000] {logging_mixin.py:190} INFO - [2024-10-27T14:16:20.574+0000] {dagbag.py:588} INFO - Filling up the DagBag from /home/airflow/.local/lib/python3.12/site-packages/airflow/example_dags/example_latest_only.py
[2024-10-27T14:16:20.585+0000] {processor.py:925} INFO - DAG(s) 'latest_only' retrieved from /home/airflow/.local/lib/python3.12/site-packages/airflow/example_dags/example_latest_only.py
[2024-10-27T14:16:20.613+0000] {logging_mixin.py:190} INFO - [2024-10-27T14:16:20.613+0000] {dag.py:3239} INFO - Sync 1 DAGs
[2024-10-27T14:16:20.648+0000] {logging_mixin.py:190} INFO - [2024-10-27T14:16:20.648+0000] {dag.py:4180} INFO - Setting next_dagrun for latest_only to 2024-10-27 08:00:00+00:00, run_after=2024-10-27 12:00:00+00:00
[2024-10-27T14:16:21.061+0000] {processor.py:208} INFO - Processing /home/airflow/.local/lib/python3.12/site-packages/airflow/example_dags/example_latest_only.py took 0.499 seconds
[2024-10-27T14:16:52.404+0000] {processor.py:186} INFO - Started process (PID=2839) to work on /home/airflow/.local/lib/python3.12/site-packages/airflow/example_dags/example_latest_only.py
[2024-10-27T14:16:52.406+0000] {processor.py:914} INFO - Processing file /home/airflow/.local/lib/python3.12/site-packages/airflow/example_dags/example_latest_only.py for tasks to queue
[2024-10-27T14:16:52.409+0000] {logging_mixin.py:190} INFO - [2024-10-27T14:16:52.408+0000] {dagbag.py:588} INFO - Filling up the DagBag from /home/airflow/.local/lib/python3.12/site-packages/airflow/example_dags/example_latest_only.py
[2024-10-27T14:16:52.418+0000] {processor.py:925} INFO - DAG(s) 'latest_only' retrieved from /home/airflow/.local/lib/python3.12/site-packages/airflow/example_dags/example_latest_only.py
[2024-10-27T14:16:52.443+0000] {logging_mixin.py:190} INFO - [2024-10-27T14:16:52.443+0000] {dag.py:3239} INFO - Sync 1 DAGs
[2024-10-27T14:16:52.476+0000] {logging_mixin.py:190} INFO - [2024-10-27T14:16:52.476+0000] {dag.py:4180} INFO - Setting next_dagrun for latest_only to 2024-10-27 08:00:00+00:00, run_after=2024-10-27 12:00:00+00:00
[2024-10-27T14:16:52.522+0000] {processor.py:208} INFO - Processing /home/airflow/.local/lib/python3.12/site-packages/airflow/example_dags/example_latest_only.py took 0.125 seconds
[2024-10-27T14:17:22.835+0000] {processor.py:186} INFO - Started process (PID=2901) to work on /home/airflow/.local/lib/python3.12/site-packages/airflow/example_dags/example_latest_only.py
[2024-10-27T14:17:22.836+0000] {processor.py:914} INFO - Processing file /home/airflow/.local/lib/python3.12/site-packages/airflow/example_dags/example_latest_only.py for tasks to queue
[2024-10-27T14:17:22.839+0000] {logging_mixin.py:190} INFO - [2024-10-27T14:17:22.839+0000] {dagbag.py:588} INFO - Filling up the DagBag from /home/airflow/.local/lib/python3.12/site-packages/airflow/example_dags/example_latest_only.py
[2024-10-27T14:17:22.848+0000] {processor.py:925} INFO - DAG(s) 'latest_only' retrieved from /home/airflow/.local/lib/python3.12/site-packages/airflow/example_dags/example_latest_only.py
[2024-10-27T14:17:22.874+0000] {logging_mixin.py:190} INFO - [2024-10-27T14:17:22.873+0000] {dag.py:3239} INFO - Sync 1 DAGs
[2024-10-27T14:17:22.910+0000] {logging_mixin.py:190} INFO - [2024-10-27T14:17:22.910+0000] {dag.py:4180} INFO - Setting next_dagrun for latest_only to 2024-10-27 08:00:00+00:00, run_after=2024-10-27 12:00:00+00:00
[2024-10-27T14:17:23.022+0000] {processor.py:208} INFO - Processing /home/airflow/.local/lib/python3.12/site-packages/airflow/example_dags/example_latest_only.py took 0.195 seconds
[2024-10-27T14:17:53.975+0000] {processor.py:186} INFO - Started process (PID=2962) to work on /home/airflow/.local/lib/python3.12/site-packages/airflow/example_dags/example_latest_only.py
[2024-10-27T14:17:53.980+0000] {processor.py:914} INFO - Processing file /home/airflow/.local/lib/python3.12/site-packages/airflow/example_dags/example_latest_only.py for tasks to queue
[2024-10-27T14:17:53.985+0000] {logging_mixin.py:190} INFO - [2024-10-27T14:17:53.984+0000] {dagbag.py:588} INFO - Filling up the DagBag from /home/airflow/.local/lib/python3.12/site-packages/airflow/example_dags/example_latest_only.py
[2024-10-27T14:17:53.998+0000] {processor.py:925} INFO - DAG(s) 'latest_only' retrieved from /home/airflow/.local/lib/python3.12/site-packages/airflow/example_dags/example_latest_only.py
[2024-10-27T14:17:54.027+0000] {logging_mixin.py:190} INFO - [2024-10-27T14:17:54.027+0000] {dag.py:3239} INFO - Sync 1 DAGs
[2024-10-27T14:17:54.061+0000] {logging_mixin.py:190} INFO - [2024-10-27T14:17:54.061+0000] {dag.py:4180} INFO - Setting next_dagrun for latest_only to 2024-10-27 08:00:00+00:00, run_after=2024-10-27 12:00:00+00:00
[2024-10-27T14:17:54.105+0000] {processor.py:208} INFO - Processing /home/airflow/.local/lib/python3.12/site-packages/airflow/example_dags/example_latest_only.py took 0.140 seconds
[2024-10-27T14:18:24.735+0000] {processor.py:186} INFO - Started process (PID=3024) to work on /home/airflow/.local/lib/python3.12/site-packages/airflow/example_dags/example_latest_only.py
[2024-10-27T14:18:24.764+0000] {processor.py:914} INFO - Processing file /home/airflow/.local/lib/python3.12/site-packages/airflow/example_dags/example_latest_only.py for tasks to queue
[2024-10-27T14:18:24.863+0000] {logging_mixin.py:190} INFO - [2024-10-27T14:18:24.863+0000] {dagbag.py:588} INFO - Filling up the DagBag from /home/airflow/.local/lib/python3.12/site-packages/airflow/example_dags/example_latest_only.py
[2024-10-27T14:18:24.912+0000] {processor.py:925} INFO - DAG(s) 'latest_only' retrieved from /home/airflow/.local/lib/python3.12/site-packages/airflow/example_dags/example_latest_only.py
[2024-10-27T14:18:25.003+0000] {logging_mixin.py:190} INFO - [2024-10-27T14:18:25.002+0000] {dag.py:3239} INFO - Sync 1 DAGs
[2024-10-27T14:18:25.138+0000] {logging_mixin.py:190} INFO - [2024-10-27T14:18:25.137+0000] {dag.py:4180} INFO - Setting next_dagrun for latest_only to 2024-10-27 08:00:00+00:00, run_after=2024-10-27 12:00:00+00:00
[2024-10-27T14:18:25.251+0000] {processor.py:208} INFO - Processing /home/airflow/.local/lib/python3.12/site-packages/airflow/example_dags/example_latest_only.py took 0.551 seconds
[2024-10-27T14:18:56.965+0000] {processor.py:186} INFO - Started process (PID=3086) to work on /home/airflow/.local/lib/python3.12/site-packages/airflow/example_dags/example_latest_only.py
[2024-10-27T14:18:56.984+0000] {processor.py:914} INFO - Processing file /home/airflow/.local/lib/python3.12/site-packages/airflow/example_dags/example_latest_only.py for tasks to queue
[2024-10-27T14:18:56.996+0000] {logging_mixin.py:190} INFO - [2024-10-27T14:18:56.995+0000] {dagbag.py:588} INFO - Filling up the DagBag from /home/airflow/.local/lib/python3.12/site-packages/airflow/example_dags/example_latest_only.py
[2024-10-27T14:18:57.036+0000] {processor.py:925} INFO - DAG(s) 'latest_only' retrieved from /home/airflow/.local/lib/python3.12/site-packages/airflow/example_dags/example_latest_only.py
[2024-10-27T14:18:57.130+0000] {logging_mixin.py:190} INFO - [2024-10-27T14:18:57.129+0000] {dag.py:3239} INFO - Sync 1 DAGs
[2024-10-27T14:18:57.270+0000] {logging_mixin.py:190} INFO - [2024-10-27T14:18:57.269+0000] {dag.py:4180} INFO - Setting next_dagrun for latest_only to 2024-10-27 08:00:00+00:00, run_after=2024-10-27 12:00:00+00:00
[2024-10-27T14:18:57.370+0000] {processor.py:208} INFO - Processing /home/airflow/.local/lib/python3.12/site-packages/airflow/example_dags/example_latest_only.py took 0.474 seconds
[2024-10-27T14:19:27.590+0000] {processor.py:186} INFO - Started process (PID=3149) to work on /home/airflow/.local/lib/python3.12/site-packages/airflow/example_dags/example_latest_only.py
[2024-10-27T14:19:27.652+0000] {processor.py:914} INFO - Processing file /home/airflow/.local/lib/python3.12/site-packages/airflow/example_dags/example_latest_only.py for tasks to queue
[2024-10-27T14:19:27.659+0000] {logging_mixin.py:190} INFO - [2024-10-27T14:19:27.659+0000] {dagbag.py:588} INFO - Filling up the DagBag from /home/airflow/.local/lib/python3.12/site-packages/airflow/example_dags/example_latest_only.py
[2024-10-27T14:19:27.681+0000] {processor.py:925} INFO - DAG(s) 'latest_only' retrieved from /home/airflow/.local/lib/python3.12/site-packages/airflow/example_dags/example_latest_only.py
[2024-10-27T14:19:27.763+0000] {logging_mixin.py:190} INFO - [2024-10-27T14:19:27.752+0000] {dag.py:3239} INFO - Sync 1 DAGs
[2024-10-27T14:19:27.863+0000] {logging_mixin.py:190} INFO - [2024-10-27T14:19:27.862+0000] {dag.py:4180} INFO - Setting next_dagrun for latest_only to 2024-10-27 08:00:00+00:00, run_after=2024-10-27 12:00:00+00:00
[2024-10-27T14:19:27.953+0000] {processor.py:208} INFO - Processing /home/airflow/.local/lib/python3.12/site-packages/airflow/example_dags/example_latest_only.py took 0.396 seconds
[2024-10-27T14:19:58.174+0000] {processor.py:186} INFO - Started process (PID=3211) to work on /home/airflow/.local/lib/python3.12/site-packages/airflow/example_dags/example_latest_only.py
[2024-10-27T14:19:58.176+0000] {processor.py:914} INFO - Processing file /home/airflow/.local/lib/python3.12/site-packages/airflow/example_dags/example_latest_only.py for tasks to queue
[2024-10-27T14:19:58.179+0000] {logging_mixin.py:190} INFO - [2024-10-27T14:19:58.179+0000] {dagbag.py:588} INFO - Filling up the DagBag from /home/airflow/.local/lib/python3.12/site-packages/airflow/example_dags/example_latest_only.py
[2024-10-27T14:19:58.193+0000] {processor.py:925} INFO - DAG(s) 'latest_only' retrieved from /home/airflow/.local/lib/python3.12/site-packages/airflow/example_dags/example_latest_only.py
[2024-10-27T14:19:58.236+0000] {logging_mixin.py:190} INFO - [2024-10-27T14:19:58.236+0000] {dag.py:3239} INFO - Sync 1 DAGs
[2024-10-27T14:19:58.308+0000] {logging_mixin.py:190} INFO - [2024-10-27T14:19:58.307+0000] {dag.py:4180} INFO - Setting next_dagrun for latest_only to 2024-10-27 08:00:00+00:00, run_after=2024-10-27 12:00:00+00:00
[2024-10-27T14:19:58.451+0000] {processor.py:208} INFO - Processing /home/airflow/.local/lib/python3.12/site-packages/airflow/example_dags/example_latest_only.py took 0.285 seconds
[2024-10-27T14:20:29.409+0000] {processor.py:186} INFO - Started process (PID=3273) to work on /home/airflow/.local/lib/python3.12/site-packages/airflow/example_dags/example_latest_only.py
[2024-10-27T14:20:29.417+0000] {processor.py:914} INFO - Processing file /home/airflow/.local/lib/python3.12/site-packages/airflow/example_dags/example_latest_only.py for tasks to queue
[2024-10-27T14:20:29.423+0000] {logging_mixin.py:190} INFO - [2024-10-27T14:20:29.422+0000] {dagbag.py:588} INFO - Filling up the DagBag from /home/airflow/.local/lib/python3.12/site-packages/airflow/example_dags/example_latest_only.py
[2024-10-27T14:20:29.443+0000] {processor.py:925} INFO - DAG(s) 'latest_only' retrieved from /home/airflow/.local/lib/python3.12/site-packages/airflow/example_dags/example_latest_only.py
[2024-10-27T14:20:29.545+0000] {logging_mixin.py:190} INFO - [2024-10-27T14:20:29.539+0000] {dag.py:3239} INFO - Sync 1 DAGs
[2024-10-27T14:20:29.682+0000] {logging_mixin.py:190} INFO - [2024-10-27T14:20:29.682+0000] {dag.py:4180} INFO - Setting next_dagrun for latest_only to 2024-10-27 08:00:00+00:00, run_after=2024-10-27 12:00:00+00:00
[2024-10-27T14:20:29.883+0000] {processor.py:208} INFO - Processing /home/airflow/.local/lib/python3.12/site-packages/airflow/example_dags/example_latest_only.py took 0.493 seconds
[2024-10-27T14:21:13.894+0000] {processor.py:186} INFO - Started process (PID=3335) to work on /home/airflow/.local/lib/python3.12/site-packages/airflow/example_dags/example_latest_only.py
[2024-10-27T14:21:13.900+0000] {processor.py:914} INFO - Processing file /home/airflow/.local/lib/python3.12/site-packages/airflow/example_dags/example_latest_only.py for tasks to queue
[2024-10-27T14:21:13.905+0000] {logging_mixin.py:190} INFO - [2024-10-27T14:21:13.904+0000] {dagbag.py:588} INFO - Filling up the DagBag from /home/airflow/.local/lib/python3.12/site-packages/airflow/example_dags/example_latest_only.py
[2024-10-27T14:21:13.924+0000] {processor.py:925} INFO - DAG(s) 'latest_only' retrieved from /home/airflow/.local/lib/python3.12/site-packages/airflow/example_dags/example_latest_only.py
[2024-10-27T14:21:14.046+0000] {logging_mixin.py:190} INFO - [2024-10-27T14:21:14.045+0000] {dag.py:3239} INFO - Sync 1 DAGs
[2024-10-27T14:21:14.175+0000] {logging_mixin.py:190} INFO - [2024-10-27T14:21:14.173+0000] {dag.py:4180} INFO - Setting next_dagrun for latest_only to 2024-10-27 08:00:00+00:00, run_after=2024-10-27 12:00:00+00:00
[2024-10-27T14:21:14.308+0000] {processor.py:208} INFO - Processing /home/airflow/.local/lib/python3.12/site-packages/airflow/example_dags/example_latest_only.py took 0.424 seconds
[2024-10-27T14:21:52.393+0000] {processor.py:186} INFO - Started process (PID=3410) to work on /home/airflow/.local/lib/python3.12/site-packages/airflow/example_dags/example_latest_only.py
[2024-10-27T14:21:52.426+0000] {processor.py:914} INFO - Processing file /home/airflow/.local/lib/python3.12/site-packages/airflow/example_dags/example_latest_only.py for tasks to queue
[2024-10-27T14:21:52.484+0000] {logging_mixin.py:190} INFO - [2024-10-27T14:21:52.483+0000] {dagbag.py:588} INFO - Filling up the DagBag from /home/airflow/.local/lib/python3.12/site-packages/airflow/example_dags/example_latest_only.py
[2024-10-27T14:21:52.587+0000] {processor.py:925} INFO - DAG(s) 'latest_only' retrieved from /home/airflow/.local/lib/python3.12/site-packages/airflow/example_dags/example_latest_only.py
[2024-10-27T14:21:52.756+0000] {logging_mixin.py:190} INFO - [2024-10-27T14:21:52.755+0000] {dag.py:3239} INFO - Sync 1 DAGs
[2024-10-27T14:21:52.914+0000] {logging_mixin.py:190} INFO - [2024-10-27T14:21:52.913+0000] {dag.py:4180} INFO - Setting next_dagrun for latest_only to 2024-10-27 08:00:00+00:00, run_after=2024-10-27 12:00:00+00:00
[2024-10-27T14:21:53.772+0000] {processor.py:208} INFO - Processing /home/airflow/.local/lib/python3.12/site-packages/airflow/example_dags/example_latest_only.py took 1.400 seconds
[2024-10-27T14:22:24.183+0000] {processor.py:186} INFO - Started process (PID=3474) to work on /home/airflow/.local/lib/python3.12/site-packages/airflow/example_dags/example_latest_only.py
[2024-10-27T14:22:24.200+0000] {processor.py:914} INFO - Processing file /home/airflow/.local/lib/python3.12/site-packages/airflow/example_dags/example_latest_only.py for tasks to queue
[2024-10-27T14:22:24.206+0000] {logging_mixin.py:190} INFO - [2024-10-27T14:22:24.205+0000] {dagbag.py:588} INFO - Filling up the DagBag from /home/airflow/.local/lib/python3.12/site-packages/airflow/example_dags/example_latest_only.py
[2024-10-27T14:22:24.222+0000] {processor.py:925} INFO - DAG(s) 'latest_only' retrieved from /home/airflow/.local/lib/python3.12/site-packages/airflow/example_dags/example_latest_only.py
[2024-10-27T14:22:24.267+0000] {logging_mixin.py:190} INFO - [2024-10-27T14:22:24.266+0000] {dag.py:3239} INFO - Sync 1 DAGs
[2024-10-27T14:22:24.381+0000] {logging_mixin.py:190} INFO - [2024-10-27T14:22:24.372+0000] {dag.py:4180} INFO - Setting next_dagrun for latest_only to 2024-10-27 08:00:00+00:00, run_after=2024-10-27 12:00:00+00:00
[2024-10-27T14:22:24.477+0000] {processor.py:208} INFO - Processing /home/airflow/.local/lib/python3.12/site-packages/airflow/example_dags/example_latest_only.py took 0.311 seconds
[2024-10-27T14:22:54.625+0000] {processor.py:186} INFO - Started process (PID=3534) to work on /home/airflow/.local/lib/python3.12/site-packages/airflow/example_dags/example_latest_only.py
[2024-10-27T14:22:54.627+0000] {processor.py:914} INFO - Processing file /home/airflow/.local/lib/python3.12/site-packages/airflow/example_dags/example_latest_only.py for tasks to queue
[2024-10-27T14:22:54.636+0000] {logging_mixin.py:190} INFO - [2024-10-27T14:22:54.634+0000] {dagbag.py:588} INFO - Filling up the DagBag from /home/airflow/.local/lib/python3.12/site-packages/airflow/example_dags/example_latest_only.py
[2024-10-27T14:22:54.658+0000] {processor.py:925} INFO - DAG(s) 'latest_only' retrieved from /home/airflow/.local/lib/python3.12/site-packages/airflow/example_dags/example_latest_only.py
[2024-10-27T14:22:54.700+0000] {logging_mixin.py:190} INFO - [2024-10-27T14:22:54.699+0000] {dag.py:3239} INFO - Sync 1 DAGs
[2024-10-27T14:22:54.740+0000] {logging_mixin.py:190} INFO - [2024-10-27T14:22:54.740+0000] {dag.py:4180} INFO - Setting next_dagrun for latest_only to 2024-10-27 08:00:00+00:00, run_after=2024-10-27 12:00:00+00:00
[2024-10-27T14:22:54.864+0000] {processor.py:208} INFO - Processing /home/airflow/.local/lib/python3.12/site-packages/airflow/example_dags/example_latest_only.py took 0.251 seconds
[2024-10-27T14:23:25.997+0000] {processor.py:186} INFO - Started process (PID=3596) to work on /home/airflow/.local/lib/python3.12/site-packages/airflow/example_dags/example_latest_only.py
[2024-10-27T14:23:25.999+0000] {processor.py:914} INFO - Processing file /home/airflow/.local/lib/python3.12/site-packages/airflow/example_dags/example_latest_only.py for tasks to queue
[2024-10-27T14:23:26.004+0000] {logging_mixin.py:190} INFO - [2024-10-27T14:23:26.003+0000] {dagbag.py:588} INFO - Filling up the DagBag from /home/airflow/.local/lib/python3.12/site-packages/airflow/example_dags/example_latest_only.py
[2024-10-27T14:23:26.017+0000] {processor.py:925} INFO - DAG(s) 'latest_only' retrieved from /home/airflow/.local/lib/python3.12/site-packages/airflow/example_dags/example_latest_only.py
[2024-10-27T14:23:26.071+0000] {logging_mixin.py:190} INFO - [2024-10-27T14:23:26.071+0000] {dag.py:3239} INFO - Sync 1 DAGs
[2024-10-27T14:23:26.562+0000] {logging_mixin.py:190} INFO - [2024-10-27T14:23:26.562+0000] {dag.py:4180} INFO - Setting next_dagrun for latest_only to 2024-10-27 08:00:00+00:00, run_after=2024-10-27 12:00:00+00:00
[2024-10-27T14:23:26.619+0000] {processor.py:208} INFO - Processing /home/airflow/.local/lib/python3.12/site-packages/airflow/example_dags/example_latest_only.py took 0.633 seconds
[2024-10-27T14:23:57.235+0000] {processor.py:186} INFO - Started process (PID=3657) to work on /home/airflow/.local/lib/python3.12/site-packages/airflow/example_dags/example_latest_only.py
[2024-10-27T14:23:57.237+0000] {processor.py:914} INFO - Processing file /home/airflow/.local/lib/python3.12/site-packages/airflow/example_dags/example_latest_only.py for tasks to queue
[2024-10-27T14:23:57.243+0000] {logging_mixin.py:190} INFO - [2024-10-27T14:23:57.243+0000] {dagbag.py:588} INFO - Filling up the DagBag from /home/airflow/.local/lib/python3.12/site-packages/airflow/example_dags/example_latest_only.py
[2024-10-27T14:23:57.254+0000] {processor.py:925} INFO - DAG(s) 'latest_only' retrieved from /home/airflow/.local/lib/python3.12/site-packages/airflow/example_dags/example_latest_only.py
[2024-10-27T14:23:57.284+0000] {logging_mixin.py:190} INFO - [2024-10-27T14:23:57.284+0000] {dag.py:3239} INFO - Sync 1 DAGs
[2024-10-27T14:23:57.322+0000] {logging_mixin.py:190} INFO - [2024-10-27T14:23:57.322+0000] {dag.py:4180} INFO - Setting next_dagrun for latest_only to 2024-10-27 08:00:00+00:00, run_after=2024-10-27 12:00:00+00:00
[2024-10-27T14:23:57.392+0000] {processor.py:208} INFO - Processing /home/airflow/.local/lib/python3.12/site-packages/airflow/example_dags/example_latest_only.py took 0.168 seconds
[2024-10-27T14:24:27.540+0000] {processor.py:186} INFO - Started process (PID=3718) to work on /home/airflow/.local/lib/python3.12/site-packages/airflow/example_dags/example_latest_only.py
[2024-10-27T14:24:27.541+0000] {processor.py:914} INFO - Processing file /home/airflow/.local/lib/python3.12/site-packages/airflow/example_dags/example_latest_only.py for tasks to queue
[2024-10-27T14:24:27.545+0000] {logging_mixin.py:190} INFO - [2024-10-27T14:24:27.545+0000] {dagbag.py:588} INFO - Filling up the DagBag from /home/airflow/.local/lib/python3.12/site-packages/airflow/example_dags/example_latest_only.py
[2024-10-27T14:24:27.555+0000] {processor.py:925} INFO - DAG(s) 'latest_only' retrieved from /home/airflow/.local/lib/python3.12/site-packages/airflow/example_dags/example_latest_only.py
[2024-10-27T14:24:27.583+0000] {logging_mixin.py:190} INFO - [2024-10-27T14:24:27.583+0000] {dag.py:3239} INFO - Sync 1 DAGs
[2024-10-27T14:24:27.621+0000] {logging_mixin.py:190} INFO - [2024-10-27T14:24:27.620+0000] {dag.py:4180} INFO - Setting next_dagrun for latest_only to 2024-10-27 08:00:00+00:00, run_after=2024-10-27 12:00:00+00:00
[2024-10-27T14:24:27.729+0000] {processor.py:208} INFO - Processing /home/airflow/.local/lib/python3.12/site-packages/airflow/example_dags/example_latest_only.py took 0.208 seconds
[2024-10-27T14:24:58.119+0000] {processor.py:186} INFO - Started process (PID=3780) to work on /home/airflow/.local/lib/python3.12/site-packages/airflow/example_dags/example_latest_only.py
[2024-10-27T14:24:58.122+0000] {processor.py:914} INFO - Processing file /home/airflow/.local/lib/python3.12/site-packages/airflow/example_dags/example_latest_only.py for tasks to queue
[2024-10-27T14:24:58.127+0000] {logging_mixin.py:190} INFO - [2024-10-27T14:24:58.126+0000] {dagbag.py:588} INFO - Filling up the DagBag from /home/airflow/.local/lib/python3.12/site-packages/airflow/example_dags/example_latest_only.py
[2024-10-27T14:24:58.137+0000] {processor.py:925} INFO - DAG(s) 'latest_only' retrieved from /home/airflow/.local/lib/python3.12/site-packages/airflow/example_dags/example_latest_only.py
[2024-10-27T14:24:58.172+0000] {logging_mixin.py:190} INFO - [2024-10-27T14:24:58.171+0000] {dag.py:3239} INFO - Sync 1 DAGs
[2024-10-27T14:24:58.219+0000] {logging_mixin.py:190} INFO - [2024-10-27T14:24:58.218+0000] {dag.py:4180} INFO - Setting next_dagrun for latest_only to 2024-10-27 08:00:00+00:00, run_after=2024-10-27 12:00:00+00:00
[2024-10-27T14:24:58.270+0000] {processor.py:208} INFO - Processing /home/airflow/.local/lib/python3.12/site-packages/airflow/example_dags/example_latest_only.py took 0.162 seconds
[2024-10-27T14:25:28.534+0000] {processor.py:186} INFO - Started process (PID=3843) to work on /home/airflow/.local/lib/python3.12/site-packages/airflow/example_dags/example_latest_only.py
[2024-10-27T14:25:28.536+0000] {processor.py:914} INFO - Processing file /home/airflow/.local/lib/python3.12/site-packages/airflow/example_dags/example_latest_only.py for tasks to queue
[2024-10-27T14:25:28.539+0000] {logging_mixin.py:190} INFO - [2024-10-27T14:25:28.539+0000] {dagbag.py:588} INFO - Filling up the DagBag from /home/airflow/.local/lib/python3.12/site-packages/airflow/example_dags/example_latest_only.py
[2024-10-27T14:25:28.549+0000] {processor.py:925} INFO - DAG(s) 'latest_only' retrieved from /home/airflow/.local/lib/python3.12/site-packages/airflow/example_dags/example_latest_only.py
[2024-10-27T14:25:28.580+0000] {logging_mixin.py:190} INFO - [2024-10-27T14:25:28.580+0000] {dag.py:3239} INFO - Sync 1 DAGs
[2024-10-27T14:25:28.623+0000] {logging_mixin.py:190} INFO - [2024-10-27T14:25:28.622+0000] {dag.py:4180} INFO - Setting next_dagrun for latest_only to 2024-10-27 08:00:00+00:00, run_after=2024-10-27 12:00:00+00:00
[2024-10-27T14:25:28.869+0000] {processor.py:208} INFO - Processing /home/airflow/.local/lib/python3.12/site-packages/airflow/example_dags/example_latest_only.py took 0.346 seconds
[2024-10-27T14:25:59.771+0000] {processor.py:186} INFO - Started process (PID=3905) to work on /home/airflow/.local/lib/python3.12/site-packages/airflow/example_dags/example_latest_only.py
[2024-10-27T14:25:59.773+0000] {processor.py:914} INFO - Processing file /home/airflow/.local/lib/python3.12/site-packages/airflow/example_dags/example_latest_only.py for tasks to queue
[2024-10-27T14:25:59.777+0000] {logging_mixin.py:190} INFO - [2024-10-27T14:25:59.777+0000] {dagbag.py:588} INFO - Filling up the DagBag from /home/airflow/.local/lib/python3.12/site-packages/airflow/example_dags/example_latest_only.py
[2024-10-27T14:25:59.791+0000] {processor.py:925} INFO - DAG(s) 'latest_only' retrieved from /home/airflow/.local/lib/python3.12/site-packages/airflow/example_dags/example_latest_only.py
[2024-10-27T14:25:59.834+0000] {logging_mixin.py:190} INFO - [2024-10-27T14:25:59.834+0000] {dag.py:3239} INFO - Sync 1 DAGs
[2024-10-27T14:25:59.871+0000] {logging_mixin.py:190} INFO - [2024-10-27T14:25:59.871+0000] {dag.py:4180} INFO - Setting next_dagrun for latest_only to 2024-10-27 08:00:00+00:00, run_after=2024-10-27 12:00:00+00:00
[2024-10-27T14:25:59.974+0000] {processor.py:208} INFO - Processing /home/airflow/.local/lib/python3.12/site-packages/airflow/example_dags/example_latest_only.py took 0.220 seconds
[2024-10-27T14:26:30.480+0000] {processor.py:186} INFO - Started process (PID=3967) to work on /home/airflow/.local/lib/python3.12/site-packages/airflow/example_dags/example_latest_only.py
[2024-10-27T14:26:30.482+0000] {processor.py:914} INFO - Processing file /home/airflow/.local/lib/python3.12/site-packages/airflow/example_dags/example_latest_only.py for tasks to queue
[2024-10-27T14:26:30.487+0000] {logging_mixin.py:190} INFO - [2024-10-27T14:26:30.486+0000] {dagbag.py:588} INFO - Filling up the DagBag from /home/airflow/.local/lib/python3.12/site-packages/airflow/example_dags/example_latest_only.py
[2024-10-27T14:26:30.499+0000] {processor.py:925} INFO - DAG(s) 'latest_only' retrieved from /home/airflow/.local/lib/python3.12/site-packages/airflow/example_dags/example_latest_only.py
[2024-10-27T14:26:30.535+0000] {logging_mixin.py:190} INFO - [2024-10-27T14:26:30.534+0000] {dag.py:3239} INFO - Sync 1 DAGs
[2024-10-27T14:26:30.586+0000] {logging_mixin.py:190} INFO - [2024-10-27T14:26:30.585+0000] {dag.py:4180} INFO - Setting next_dagrun for latest_only to 2024-10-27 08:00:00+00:00, run_after=2024-10-27 12:00:00+00:00
[2024-10-27T14:26:30.653+0000] {processor.py:208} INFO - Processing /home/airflow/.local/lib/python3.12/site-packages/airflow/example_dags/example_latest_only.py took 0.183 seconds
[2024-10-27T14:50:19.442+0000] {processor.py:186} INFO - Started process (PID=100) to work on /home/airflow/.local/lib/python3.12/site-packages/airflow/example_dags/example_latest_only.py
[2024-10-27T14:50:19.460+0000] {processor.py:914} INFO - Processing file /home/airflow/.local/lib/python3.12/site-packages/airflow/example_dags/example_latest_only.py for tasks to queue
[2024-10-27T14:50:19.478+0000] {logging_mixin.py:190} INFO - [2024-10-27T14:50:19.477+0000] {dagbag.py:588} INFO - Filling up the DagBag from /home/airflow/.local/lib/python3.12/site-packages/airflow/example_dags/example_latest_only.py
[2024-10-27T14:50:19.523+0000] {processor.py:925} INFO - DAG(s) 'latest_only' retrieved from /home/airflow/.local/lib/python3.12/site-packages/airflow/example_dags/example_latest_only.py
[2024-10-27T14:50:19.718+0000] {logging_mixin.py:190} INFO - [2024-10-27T14:50:19.717+0000] {dag.py:3239} INFO - Sync 1 DAGs
[2024-10-27T14:50:19.914+0000] {logging_mixin.py:190} INFO - [2024-10-27T14:50:19.913+0000] {dag.py:4180} INFO - Setting next_dagrun for latest_only to 2024-10-27 08:00:00+00:00, run_after=2024-10-27 12:00:00+00:00
[2024-10-27T14:50:20.011+0000] {processor.py:208} INFO - Processing /home/airflow/.local/lib/python3.12/site-packages/airflow/example_dags/example_latest_only.py took 0.592 seconds
[2024-10-27T14:50:55.266+0000] {processor.py:186} INFO - Started process (PID=162) to work on /home/airflow/.local/lib/python3.12/site-packages/airflow/example_dags/example_latest_only.py
[2024-10-27T14:50:55.268+0000] {processor.py:914} INFO - Processing file /home/airflow/.local/lib/python3.12/site-packages/airflow/example_dags/example_latest_only.py for tasks to queue
[2024-10-27T14:50:55.274+0000] {logging_mixin.py:190} INFO - [2024-10-27T14:50:55.273+0000] {dagbag.py:588} INFO - Filling up the DagBag from /home/airflow/.local/lib/python3.12/site-packages/airflow/example_dags/example_latest_only.py
[2024-10-27T14:50:55.297+0000] {processor.py:925} INFO - DAG(s) 'latest_only' retrieved from /home/airflow/.local/lib/python3.12/site-packages/airflow/example_dags/example_latest_only.py
[2024-10-27T14:50:55.362+0000] {logging_mixin.py:190} INFO - [2024-10-27T14:50:55.362+0000] {dag.py:3239} INFO - Sync 1 DAGs
[2024-10-27T14:50:55.435+0000] {logging_mixin.py:190} INFO - [2024-10-27T14:50:55.434+0000] {dag.py:4180} INFO - Setting next_dagrun for latest_only to 2024-10-27 08:00:00+00:00, run_after=2024-10-27 12:00:00+00:00
[2024-10-27T14:50:55.507+0000] {processor.py:208} INFO - Processing /home/airflow/.local/lib/python3.12/site-packages/airflow/example_dags/example_latest_only.py took 0.259 seconds
[2024-10-27T14:51:26.908+0000] {processor.py:186} INFO - Started process (PID=225) to work on /home/airflow/.local/lib/python3.12/site-packages/airflow/example_dags/example_latest_only.py
[2024-10-27T14:51:26.920+0000] {processor.py:914} INFO - Processing file /home/airflow/.local/lib/python3.12/site-packages/airflow/example_dags/example_latest_only.py for tasks to queue
[2024-10-27T14:51:26.926+0000] {logging_mixin.py:190} INFO - [2024-10-27T14:51:26.924+0000] {dagbag.py:588} INFO - Filling up the DagBag from /home/airflow/.local/lib/python3.12/site-packages/airflow/example_dags/example_latest_only.py
[2024-10-27T14:51:26.940+0000] {processor.py:925} INFO - DAG(s) 'latest_only' retrieved from /home/airflow/.local/lib/python3.12/site-packages/airflow/example_dags/example_latest_only.py
[2024-10-27T14:51:26.975+0000] {logging_mixin.py:190} INFO - [2024-10-27T14:51:26.975+0000] {dag.py:3239} INFO - Sync 1 DAGs
[2024-10-27T14:51:27.019+0000] {logging_mixin.py:190} INFO - [2024-10-27T14:51:27.019+0000] {dag.py:4180} INFO - Setting next_dagrun for latest_only to 2024-10-27 08:00:00+00:00, run_after=2024-10-27 12:00:00+00:00
[2024-10-27T14:51:27.178+0000] {processor.py:208} INFO - Processing /home/airflow/.local/lib/python3.12/site-packages/airflow/example_dags/example_latest_only.py took 0.289 seconds
[2024-10-27T14:51:59.101+0000] {processor.py:186} INFO - Started process (PID=287) to work on /home/airflow/.local/lib/python3.12/site-packages/airflow/example_dags/example_latest_only.py
[2024-10-27T14:51:59.116+0000] {processor.py:914} INFO - Processing file /home/airflow/.local/lib/python3.12/site-packages/airflow/example_dags/example_latest_only.py for tasks to queue
[2024-10-27T14:51:59.124+0000] {logging_mixin.py:190} INFO - [2024-10-27T14:51:59.123+0000] {dagbag.py:588} INFO - Filling up the DagBag from /home/airflow/.local/lib/python3.12/site-packages/airflow/example_dags/example_latest_only.py
[2024-10-27T14:51:59.157+0000] {processor.py:925} INFO - DAG(s) 'latest_only' retrieved from /home/airflow/.local/lib/python3.12/site-packages/airflow/example_dags/example_latest_only.py
[2024-10-27T14:51:59.224+0000] {logging_mixin.py:190} INFO - [2024-10-27T14:51:59.224+0000] {dag.py:3239} INFO - Sync 1 DAGs
[2024-10-27T14:51:59.316+0000] {logging_mixin.py:190} INFO - [2024-10-27T14:51:59.315+0000] {dag.py:4180} INFO - Setting next_dagrun for latest_only to 2024-10-27 08:00:00+00:00, run_after=2024-10-27 12:00:00+00:00
[2024-10-27T14:51:59.406+0000] {processor.py:208} INFO - Processing /home/airflow/.local/lib/python3.12/site-packages/airflow/example_dags/example_latest_only.py took 0.321 seconds
[2024-10-27T14:52:29.889+0000] {processor.py:186} INFO - Started process (PID=349) to work on /home/airflow/.local/lib/python3.12/site-packages/airflow/example_dags/example_latest_only.py
[2024-10-27T14:52:29.891+0000] {processor.py:914} INFO - Processing file /home/airflow/.local/lib/python3.12/site-packages/airflow/example_dags/example_latest_only.py for tasks to queue
[2024-10-27T14:52:29.894+0000] {logging_mixin.py:190} INFO - [2024-10-27T14:52:29.894+0000] {dagbag.py:588} INFO - Filling up the DagBag from /home/airflow/.local/lib/python3.12/site-packages/airflow/example_dags/example_latest_only.py
[2024-10-27T14:52:29.974+0000] {processor.py:925} INFO - DAG(s) 'latest_only' retrieved from /home/airflow/.local/lib/python3.12/site-packages/airflow/example_dags/example_latest_only.py
[2024-10-27T14:52:30.073+0000] {logging_mixin.py:190} INFO - [2024-10-27T14:52:30.073+0000] {dag.py:3239} INFO - Sync 1 DAGs
[2024-10-27T14:52:30.107+0000] {logging_mixin.py:190} INFO - [2024-10-27T14:52:30.107+0000] {dag.py:4180} INFO - Setting next_dagrun for latest_only to 2024-10-27 08:00:00+00:00, run_after=2024-10-27 12:00:00+00:00
[2024-10-27T14:52:30.209+0000] {processor.py:208} INFO - Processing /home/airflow/.local/lib/python3.12/site-packages/airflow/example_dags/example_latest_only.py took 0.329 seconds
[2024-10-27T14:53:00.682+0000] {processor.py:186} INFO - Started process (PID=411) to work on /home/airflow/.local/lib/python3.12/site-packages/airflow/example_dags/example_latest_only.py
[2024-10-27T14:53:00.684+0000] {processor.py:914} INFO - Processing file /home/airflow/.local/lib/python3.12/site-packages/airflow/example_dags/example_latest_only.py for tasks to queue
[2024-10-27T14:53:00.704+0000] {logging_mixin.py:190} INFO - [2024-10-27T14:53:00.703+0000] {dagbag.py:588} INFO - Filling up the DagBag from /home/airflow/.local/lib/python3.12/site-packages/airflow/example_dags/example_latest_only.py
[2024-10-27T14:53:00.743+0000] {processor.py:925} INFO - DAG(s) 'latest_only' retrieved from /home/airflow/.local/lib/python3.12/site-packages/airflow/example_dags/example_latest_only.py
[2024-10-27T14:53:00.794+0000] {logging_mixin.py:190} INFO - [2024-10-27T14:53:00.794+0000] {dag.py:3239} INFO - Sync 1 DAGs
[2024-10-27T14:53:00.894+0000] {logging_mixin.py:190} INFO - [2024-10-27T14:53:00.893+0000] {dag.py:4180} INFO - Setting next_dagrun for latest_only to 2024-10-27 08:00:00+00:00, run_after=2024-10-27 12:00:00+00:00
[2024-10-27T14:53:00.958+0000] {processor.py:208} INFO - Processing /home/airflow/.local/lib/python3.12/site-packages/airflow/example_dags/example_latest_only.py took 0.290 seconds
