[2024-10-27T13:43:05.690+0000] {processor.py:186} INFO - Started process (PID=75) to work on /home/airflow/.local/lib/python3.12/site-packages/airflow/example_dags/example_python_operator.py
[2024-10-27T13:43:05.692+0000] {processor.py:914} INFO - Processing file /home/airflow/.local/lib/python3.12/site-packages/airflow/example_dags/example_python_operator.py for tasks to queue
[2024-10-27T13:43:05.696+0000] {logging_mixin.py:190} INFO - [2024-10-27T13:43:05.695+0000] {dagbag.py:588} INFO - Filling up the DagBag from /home/airflow/.local/lib/python3.12/site-packages/airflow/example_dags/example_python_operator.py
[2024-10-27T13:43:05.741+0000] {processor.py:925} INFO - DAG(s) 'example_python_operator' retrieved from /home/airflow/.local/lib/python3.12/site-packages/airflow/example_dags/example_python_operator.py
[2024-10-27T13:43:06.019+0000] {logging_mixin.py:190} INFO - [2024-10-27T13:43:06.018+0000] {dag.py:3239} INFO - Sync 1 DAGs
[2024-10-27T13:43:06.084+0000] {logging_mixin.py:190} INFO - [2024-10-27T13:43:06.083+0000] {dag.py:4180} INFO - Setting next_dagrun for example_python_operator to None, run_after=None
[2024-10-27T13:43:06.293+0000] {processor.py:208} INFO - Processing /home/airflow/.local/lib/python3.12/site-packages/airflow/example_dags/example_python_operator.py took 0.619 seconds
[2024-10-27T13:43:37.595+0000] {processor.py:186} INFO - Started process (PID=137) to work on /home/airflow/.local/lib/python3.12/site-packages/airflow/example_dags/example_python_operator.py
[2024-10-27T13:43:37.609+0000] {processor.py:914} INFO - Processing file /home/airflow/.local/lib/python3.12/site-packages/airflow/example_dags/example_python_operator.py for tasks to queue
[2024-10-27T13:43:37.624+0000] {logging_mixin.py:190} INFO - [2024-10-27T13:43:37.616+0000] {dagbag.py:588} INFO - Filling up the DagBag from /home/airflow/.local/lib/python3.12/site-packages/airflow/example_dags/example_python_operator.py
[2024-10-27T13:43:37.681+0000] {processor.py:925} INFO - DAG(s) 'example_python_operator' retrieved from /home/airflow/.local/lib/python3.12/site-packages/airflow/example_dags/example_python_operator.py
[2024-10-27T13:43:37.759+0000] {logging_mixin.py:190} INFO - [2024-10-27T13:43:37.758+0000] {dag.py:3239} INFO - Sync 1 DAGs
[2024-10-27T13:43:37.793+0000] {logging_mixin.py:190} INFO - [2024-10-27T13:43:37.793+0000] {dag.py:4180} INFO - Setting next_dagrun for example_python_operator to None, run_after=None
[2024-10-27T13:43:37.879+0000] {processor.py:208} INFO - Processing /home/airflow/.local/lib/python3.12/site-packages/airflow/example_dags/example_python_operator.py took 0.316 seconds
[2024-10-27T13:44:12.576+0000] {processor.py:186} INFO - Started process (PID=198) to work on /home/airflow/.local/lib/python3.12/site-packages/airflow/example_dags/example_python_operator.py
[2024-10-27T13:44:12.586+0000] {processor.py:914} INFO - Processing file /home/airflow/.local/lib/python3.12/site-packages/airflow/example_dags/example_python_operator.py for tasks to queue
[2024-10-27T13:44:12.597+0000] {logging_mixin.py:190} INFO - [2024-10-27T13:44:12.596+0000] {dagbag.py:588} INFO - Filling up the DagBag from /home/airflow/.local/lib/python3.12/site-packages/airflow/example_dags/example_python_operator.py
[2024-10-27T13:44:12.697+0000] {processor.py:925} INFO - DAG(s) 'example_python_operator' retrieved from /home/airflow/.local/lib/python3.12/site-packages/airflow/example_dags/example_python_operator.py
[2024-10-27T13:44:12.812+0000] {logging_mixin.py:190} INFO - [2024-10-27T13:44:12.812+0000] {dag.py:3239} INFO - Sync 1 DAGs
[2024-10-27T13:44:12.933+0000] {logging_mixin.py:190} INFO - [2024-10-27T13:44:12.933+0000] {dag.py:4180} INFO - Setting next_dagrun for example_python_operator to None, run_after=None
[2024-10-27T13:44:13.129+0000] {processor.py:208} INFO - Processing /home/airflow/.local/lib/python3.12/site-packages/airflow/example_dags/example_python_operator.py took 0.577 seconds
[2024-10-27T13:44:43.395+0000] {processor.py:186} INFO - Started process (PID=260) to work on /home/airflow/.local/lib/python3.12/site-packages/airflow/example_dags/example_python_operator.py
[2024-10-27T13:44:43.398+0000] {processor.py:914} INFO - Processing file /home/airflow/.local/lib/python3.12/site-packages/airflow/example_dags/example_python_operator.py for tasks to queue
[2024-10-27T13:44:43.402+0000] {logging_mixin.py:190} INFO - [2024-10-27T13:44:43.401+0000] {dagbag.py:588} INFO - Filling up the DagBag from /home/airflow/.local/lib/python3.12/site-packages/airflow/example_dags/example_python_operator.py
[2024-10-27T13:44:43.427+0000] {processor.py:925} INFO - DAG(s) 'example_python_operator' retrieved from /home/airflow/.local/lib/python3.12/site-packages/airflow/example_dags/example_python_operator.py
[2024-10-27T13:44:43.468+0000] {logging_mixin.py:190} INFO - [2024-10-27T13:44:43.468+0000] {dag.py:3239} INFO - Sync 1 DAGs
[2024-10-27T13:44:43.491+0000] {logging_mixin.py:190} INFO - [2024-10-27T13:44:43.491+0000] {dag.py:4180} INFO - Setting next_dagrun for example_python_operator to None, run_after=None
[2024-10-27T13:44:43.550+0000] {processor.py:208} INFO - Processing /home/airflow/.local/lib/python3.12/site-packages/airflow/example_dags/example_python_operator.py took 0.167 seconds
[2024-10-27T13:45:19.238+0000] {processor.py:186} INFO - Started process (PID=322) to work on /home/airflow/.local/lib/python3.12/site-packages/airflow/example_dags/example_python_operator.py
[2024-10-27T13:45:19.239+0000] {processor.py:914} INFO - Processing file /home/airflow/.local/lib/python3.12/site-packages/airflow/example_dags/example_python_operator.py for tasks to queue
[2024-10-27T13:45:19.244+0000] {logging_mixin.py:190} INFO - [2024-10-27T13:45:19.243+0000] {dagbag.py:588} INFO - Filling up the DagBag from /home/airflow/.local/lib/python3.12/site-packages/airflow/example_dags/example_python_operator.py
[2024-10-27T13:45:19.267+0000] {processor.py:925} INFO - DAG(s) 'example_python_operator' retrieved from /home/airflow/.local/lib/python3.12/site-packages/airflow/example_dags/example_python_operator.py
[2024-10-27T13:45:19.309+0000] {logging_mixin.py:190} INFO - [2024-10-27T13:45:19.309+0000] {dag.py:3239} INFO - Sync 1 DAGs
[2024-10-27T13:45:19.351+0000] {logging_mixin.py:190} INFO - [2024-10-27T13:45:19.350+0000] {dag.py:4180} INFO - Setting next_dagrun for example_python_operator to None, run_after=None
[2024-10-27T13:45:19.403+0000] {processor.py:208} INFO - Processing /home/airflow/.local/lib/python3.12/site-packages/airflow/example_dags/example_python_operator.py took 0.181 seconds
[2024-10-27T13:53:34.669+0000] {processor.py:186} INFO - Started process (PID=97) to work on /home/airflow/.local/lib/python3.12/site-packages/airflow/example_dags/example_python_operator.py
[2024-10-27T13:53:34.700+0000] {processor.py:914} INFO - Processing file /home/airflow/.local/lib/python3.12/site-packages/airflow/example_dags/example_python_operator.py for tasks to queue
[2024-10-27T13:53:34.712+0000] {logging_mixin.py:190} INFO - [2024-10-27T13:53:34.711+0000] {dagbag.py:588} INFO - Filling up the DagBag from /home/airflow/.local/lib/python3.12/site-packages/airflow/example_dags/example_python_operator.py
[2024-10-27T13:53:34.738+0000] {processor.py:925} INFO - DAG(s) 'example_python_operator' retrieved from /home/airflow/.local/lib/python3.12/site-packages/airflow/example_dags/example_python_operator.py
[2024-10-27T13:53:35.804+0000] {logging_mixin.py:190} INFO - [2024-10-27T13:53:35.803+0000] {dag.py:3239} INFO - Sync 1 DAGs
[2024-10-27T13:53:35.840+0000] {logging_mixin.py:190} INFO - [2024-10-27T13:53:35.839+0000] {dag.py:4180} INFO - Setting next_dagrun for example_python_operator to None, run_after=None
[2024-10-27T13:53:36.795+0000] {processor.py:208} INFO - Processing /home/airflow/.local/lib/python3.12/site-packages/airflow/example_dags/example_python_operator.py took 2.138 seconds
[2024-10-27T13:54:12.338+0000] {processor.py:186} INFO - Started process (PID=158) to work on /home/airflow/.local/lib/python3.12/site-packages/airflow/example_dags/example_python_operator.py
[2024-10-27T13:54:12.339+0000] {processor.py:914} INFO - Processing file /home/airflow/.local/lib/python3.12/site-packages/airflow/example_dags/example_python_operator.py for tasks to queue
[2024-10-27T13:54:12.343+0000] {logging_mixin.py:190} INFO - [2024-10-27T13:54:12.342+0000] {dagbag.py:588} INFO - Filling up the DagBag from /home/airflow/.local/lib/python3.12/site-packages/airflow/example_dags/example_python_operator.py
[2024-10-27T13:54:12.362+0000] {processor.py:925} INFO - DAG(s) 'example_python_operator' retrieved from /home/airflow/.local/lib/python3.12/site-packages/airflow/example_dags/example_python_operator.py
[2024-10-27T13:54:12.394+0000] {logging_mixin.py:190} INFO - [2024-10-27T13:54:12.393+0000] {dag.py:3239} INFO - Sync 1 DAGs
[2024-10-27T13:54:12.414+0000] {logging_mixin.py:190} INFO - [2024-10-27T13:54:12.414+0000] {dag.py:4180} INFO - Setting next_dagrun for example_python_operator to None, run_after=None
[2024-10-27T13:54:12.887+0000] {processor.py:208} INFO - Processing /home/airflow/.local/lib/python3.12/site-packages/airflow/example_dags/example_python_operator.py took 0.559 seconds
[2024-10-27T13:54:50.212+0000] {processor.py:186} INFO - Started process (PID=220) to work on /home/airflow/.local/lib/python3.12/site-packages/airflow/example_dags/example_python_operator.py
[2024-10-27T13:54:50.214+0000] {processor.py:914} INFO - Processing file /home/airflow/.local/lib/python3.12/site-packages/airflow/example_dags/example_python_operator.py for tasks to queue
[2024-10-27T13:54:50.217+0000] {logging_mixin.py:190} INFO - [2024-10-27T13:54:50.217+0000] {dagbag.py:588} INFO - Filling up the DagBag from /home/airflow/.local/lib/python3.12/site-packages/airflow/example_dags/example_python_operator.py
[2024-10-27T13:54:50.235+0000] {processor.py:925} INFO - DAG(s) 'example_python_operator' retrieved from /home/airflow/.local/lib/python3.12/site-packages/airflow/example_dags/example_python_operator.py
[2024-10-27T13:54:50.267+0000] {logging_mixin.py:190} INFO - [2024-10-27T13:54:50.266+0000] {dag.py:3239} INFO - Sync 1 DAGs
[2024-10-27T13:54:50.287+0000] {logging_mixin.py:190} INFO - [2024-10-27T13:54:50.287+0000] {dag.py:4180} INFO - Setting next_dagrun for example_python_operator to None, run_after=None
[2024-10-27T13:54:50.969+0000] {processor.py:208} INFO - Processing /home/airflow/.local/lib/python3.12/site-packages/airflow/example_dags/example_python_operator.py took 0.767 seconds
[2024-10-27T13:55:21.255+0000] {processor.py:186} INFO - Started process (PID=282) to work on /home/airflow/.local/lib/python3.12/site-packages/airflow/example_dags/example_python_operator.py
[2024-10-27T13:55:21.257+0000] {processor.py:914} INFO - Processing file /home/airflow/.local/lib/python3.12/site-packages/airflow/example_dags/example_python_operator.py for tasks to queue
[2024-10-27T13:55:21.261+0000] {logging_mixin.py:190} INFO - [2024-10-27T13:55:21.260+0000] {dagbag.py:588} INFO - Filling up the DagBag from /home/airflow/.local/lib/python3.12/site-packages/airflow/example_dags/example_python_operator.py
[2024-10-27T13:55:21.292+0000] {processor.py:925} INFO - DAG(s) 'example_python_operator' retrieved from /home/airflow/.local/lib/python3.12/site-packages/airflow/example_dags/example_python_operator.py
[2024-10-27T13:55:21.334+0000] {logging_mixin.py:190} INFO - [2024-10-27T13:55:21.334+0000] {dag.py:3239} INFO - Sync 1 DAGs
[2024-10-27T13:55:21.368+0000] {logging_mixin.py:190} INFO - [2024-10-27T13:55:21.367+0000] {dag.py:4180} INFO - Setting next_dagrun for example_python_operator to None, run_after=None
[2024-10-27T13:55:21.428+0000] {processor.py:208} INFO - Processing /home/airflow/.local/lib/python3.12/site-packages/airflow/example_dags/example_python_operator.py took 0.185 seconds
[2024-10-27T13:55:55.339+0000] {processor.py:186} INFO - Started process (PID=344) to work on /home/airflow/.local/lib/python3.12/site-packages/airflow/example_dags/example_python_operator.py
[2024-10-27T13:55:55.341+0000] {processor.py:914} INFO - Processing file /home/airflow/.local/lib/python3.12/site-packages/airflow/example_dags/example_python_operator.py for tasks to queue
[2024-10-27T13:55:55.346+0000] {logging_mixin.py:190} INFO - [2024-10-27T13:55:55.345+0000] {dagbag.py:588} INFO - Filling up the DagBag from /home/airflow/.local/lib/python3.12/site-packages/airflow/example_dags/example_python_operator.py
[2024-10-27T13:55:55.370+0000] {processor.py:925} INFO - DAG(s) 'example_python_operator' retrieved from /home/airflow/.local/lib/python3.12/site-packages/airflow/example_dags/example_python_operator.py
[2024-10-27T13:55:55.415+0000] {logging_mixin.py:190} INFO - [2024-10-27T13:55:55.414+0000] {dag.py:3239} INFO - Sync 1 DAGs
[2024-10-27T13:55:55.471+0000] {logging_mixin.py:190} INFO - [2024-10-27T13:55:55.470+0000] {dag.py:4180} INFO - Setting next_dagrun for example_python_operator to None, run_after=None
[2024-10-27T13:55:55.554+0000] {processor.py:208} INFO - Processing /home/airflow/.local/lib/python3.12/site-packages/airflow/example_dags/example_python_operator.py took 0.227 seconds
[2024-10-27T13:56:27.342+0000] {processor.py:186} INFO - Started process (PID=406) to work on /home/airflow/.local/lib/python3.12/site-packages/airflow/example_dags/example_python_operator.py
[2024-10-27T13:56:27.344+0000] {processor.py:914} INFO - Processing file /home/airflow/.local/lib/python3.12/site-packages/airflow/example_dags/example_python_operator.py for tasks to queue
[2024-10-27T13:56:27.348+0000] {logging_mixin.py:190} INFO - [2024-10-27T13:56:27.347+0000] {dagbag.py:588} INFO - Filling up the DagBag from /home/airflow/.local/lib/python3.12/site-packages/airflow/example_dags/example_python_operator.py
[2024-10-27T13:56:27.368+0000] {processor.py:925} INFO - DAG(s) 'example_python_operator' retrieved from /home/airflow/.local/lib/python3.12/site-packages/airflow/example_dags/example_python_operator.py
[2024-10-27T13:56:27.431+0000] {logging_mixin.py:190} INFO - [2024-10-27T13:56:27.431+0000] {dag.py:3239} INFO - Sync 1 DAGs
[2024-10-27T13:56:27.535+0000] {logging_mixin.py:190} INFO - [2024-10-27T13:56:27.535+0000] {dag.py:4180} INFO - Setting next_dagrun for example_python_operator to None, run_after=None
[2024-10-27T13:56:29.545+0000] {processor.py:208} INFO - Processing /home/airflow/.local/lib/python3.12/site-packages/airflow/example_dags/example_python_operator.py took 2.213 seconds
[2024-10-27T13:56:59.777+0000] {processor.py:186} INFO - Started process (PID=469) to work on /home/airflow/.local/lib/python3.12/site-packages/airflow/example_dags/example_python_operator.py
[2024-10-27T13:56:59.779+0000] {processor.py:914} INFO - Processing file /home/airflow/.local/lib/python3.12/site-packages/airflow/example_dags/example_python_operator.py for tasks to queue
[2024-10-27T13:56:59.796+0000] {logging_mixin.py:190} INFO - [2024-10-27T13:56:59.795+0000] {dagbag.py:588} INFO - Filling up the DagBag from /home/airflow/.local/lib/python3.12/site-packages/airflow/example_dags/example_python_operator.py
[2024-10-27T13:56:59.887+0000] {processor.py:925} INFO - DAG(s) 'example_python_operator' retrieved from /home/airflow/.local/lib/python3.12/site-packages/airflow/example_dags/example_python_operator.py
[2024-10-27T13:57:00.034+0000] {logging_mixin.py:190} INFO - [2024-10-27T13:57:00.033+0000] {dag.py:3239} INFO - Sync 1 DAGs
[2024-10-27T13:57:00.134+0000] {logging_mixin.py:190} INFO - [2024-10-27T13:57:00.134+0000] {dag.py:4180} INFO - Setting next_dagrun for example_python_operator to None, run_after=None
[2024-10-27T13:57:00.259+0000] {processor.py:208} INFO - Processing /home/airflow/.local/lib/python3.12/site-packages/airflow/example_dags/example_python_operator.py took 0.525 seconds
[2024-10-27T13:57:31.428+0000] {processor.py:186} INFO - Started process (PID=531) to work on /home/airflow/.local/lib/python3.12/site-packages/airflow/example_dags/example_python_operator.py
[2024-10-27T13:57:31.433+0000] {processor.py:914} INFO - Processing file /home/airflow/.local/lib/python3.12/site-packages/airflow/example_dags/example_python_operator.py for tasks to queue
[2024-10-27T13:57:31.450+0000] {logging_mixin.py:190} INFO - [2024-10-27T13:57:31.449+0000] {dagbag.py:588} INFO - Filling up the DagBag from /home/airflow/.local/lib/python3.12/site-packages/airflow/example_dags/example_python_operator.py
[2024-10-27T13:57:31.536+0000] {processor.py:925} INFO - DAG(s) 'example_python_operator' retrieved from /home/airflow/.local/lib/python3.12/site-packages/airflow/example_dags/example_python_operator.py
[2024-10-27T13:57:31.649+0000] {logging_mixin.py:190} INFO - [2024-10-27T13:57:31.648+0000] {dag.py:3239} INFO - Sync 1 DAGs
[2024-10-27T13:57:31.726+0000] {logging_mixin.py:190} INFO - [2024-10-27T13:57:31.726+0000] {dag.py:4180} INFO - Setting next_dagrun for example_python_operator to None, run_after=None
[2024-10-27T13:57:32.580+0000] {processor.py:208} INFO - Processing /home/airflow/.local/lib/python3.12/site-packages/airflow/example_dags/example_python_operator.py took 1.184 seconds
[2024-10-27T13:58:03.241+0000] {processor.py:186} INFO - Started process (PID=594) to work on /home/airflow/.local/lib/python3.12/site-packages/airflow/example_dags/example_python_operator.py
[2024-10-27T13:58:03.242+0000] {processor.py:914} INFO - Processing file /home/airflow/.local/lib/python3.12/site-packages/airflow/example_dags/example_python_operator.py for tasks to queue
[2024-10-27T13:58:03.246+0000] {logging_mixin.py:190} INFO - [2024-10-27T13:58:03.245+0000] {dagbag.py:588} INFO - Filling up the DagBag from /home/airflow/.local/lib/python3.12/site-packages/airflow/example_dags/example_python_operator.py
[2024-10-27T13:58:03.262+0000] {processor.py:925} INFO - DAG(s) 'example_python_operator' retrieved from /home/airflow/.local/lib/python3.12/site-packages/airflow/example_dags/example_python_operator.py
[2024-10-27T13:58:03.298+0000] {logging_mixin.py:190} INFO - [2024-10-27T13:58:03.298+0000] {dag.py:3239} INFO - Sync 1 DAGs
[2024-10-27T13:58:03.324+0000] {logging_mixin.py:190} INFO - [2024-10-27T13:58:03.324+0000] {dag.py:4180} INFO - Setting next_dagrun for example_python_operator to None, run_after=None
[2024-10-27T13:58:03.399+0000] {processor.py:208} INFO - Processing /home/airflow/.local/lib/python3.12/site-packages/airflow/example_dags/example_python_operator.py took 0.169 seconds
[2024-10-27T13:58:33.748+0000] {processor.py:186} INFO - Started process (PID=656) to work on /home/airflow/.local/lib/python3.12/site-packages/airflow/example_dags/example_python_operator.py
[2024-10-27T13:58:33.752+0000] {processor.py:914} INFO - Processing file /home/airflow/.local/lib/python3.12/site-packages/airflow/example_dags/example_python_operator.py for tasks to queue
[2024-10-27T13:58:33.770+0000] {logging_mixin.py:190} INFO - [2024-10-27T13:58:33.769+0000] {dagbag.py:588} INFO - Filling up the DagBag from /home/airflow/.local/lib/python3.12/site-packages/airflow/example_dags/example_python_operator.py
[2024-10-27T13:58:33.806+0000] {processor.py:925} INFO - DAG(s) 'example_python_operator' retrieved from /home/airflow/.local/lib/python3.12/site-packages/airflow/example_dags/example_python_operator.py
[2024-10-27T13:58:33.908+0000] {logging_mixin.py:190} INFO - [2024-10-27T13:58:33.908+0000] {dag.py:3239} INFO - Sync 1 DAGs
[2024-10-27T13:58:33.967+0000] {logging_mixin.py:190} INFO - [2024-10-27T13:58:33.966+0000] {dag.py:4180} INFO - Setting next_dagrun for example_python_operator to None, run_after=None
[2024-10-27T13:58:34.050+0000] {processor.py:208} INFO - Processing /home/airflow/.local/lib/python3.12/site-packages/airflow/example_dags/example_python_operator.py took 0.321 seconds
[2024-10-27T13:59:04.788+0000] {processor.py:186} INFO - Started process (PID=718) to work on /home/airflow/.local/lib/python3.12/site-packages/airflow/example_dags/example_python_operator.py
[2024-10-27T13:59:04.798+0000] {processor.py:914} INFO - Processing file /home/airflow/.local/lib/python3.12/site-packages/airflow/example_dags/example_python_operator.py for tasks to queue
[2024-10-27T13:59:04.802+0000] {logging_mixin.py:190} INFO - [2024-10-27T13:59:04.802+0000] {dagbag.py:588} INFO - Filling up the DagBag from /home/airflow/.local/lib/python3.12/site-packages/airflow/example_dags/example_python_operator.py
[2024-10-27T13:59:04.880+0000] {processor.py:925} INFO - DAG(s) 'example_python_operator' retrieved from /home/airflow/.local/lib/python3.12/site-packages/airflow/example_dags/example_python_operator.py
[2024-10-27T13:59:05.034+0000] {logging_mixin.py:190} INFO - [2024-10-27T13:59:05.034+0000] {dag.py:3239} INFO - Sync 1 DAGs
[2024-10-27T13:59:05.138+0000] {logging_mixin.py:190} INFO - [2024-10-27T13:59:05.138+0000] {dag.py:4180} INFO - Setting next_dagrun for example_python_operator to None, run_after=None
[2024-10-27T13:59:05.299+0000] {processor.py:208} INFO - Processing /home/airflow/.local/lib/python3.12/site-packages/airflow/example_dags/example_python_operator.py took 0.534 seconds
[2024-10-27T13:59:37.324+0000] {processor.py:186} INFO - Started process (PID=786) to work on /home/airflow/.local/lib/python3.12/site-packages/airflow/example_dags/example_python_operator.py
[2024-10-27T13:59:37.326+0000] {processor.py:914} INFO - Processing file /home/airflow/.local/lib/python3.12/site-packages/airflow/example_dags/example_python_operator.py for tasks to queue
[2024-10-27T13:59:37.330+0000] {logging_mixin.py:190} INFO - [2024-10-27T13:59:37.329+0000] {dagbag.py:588} INFO - Filling up the DagBag from /home/airflow/.local/lib/python3.12/site-packages/airflow/example_dags/example_python_operator.py
[2024-10-27T13:59:37.354+0000] {processor.py:925} INFO - DAG(s) 'example_python_operator' retrieved from /home/airflow/.local/lib/python3.12/site-packages/airflow/example_dags/example_python_operator.py
[2024-10-27T13:59:37.392+0000] {logging_mixin.py:190} INFO - [2024-10-27T13:59:37.392+0000] {dag.py:3239} INFO - Sync 1 DAGs
[2024-10-27T13:59:37.423+0000] {logging_mixin.py:190} INFO - [2024-10-27T13:59:37.423+0000] {dag.py:4180} INFO - Setting next_dagrun for example_python_operator to None, run_after=None
[2024-10-27T13:59:37.649+0000] {processor.py:208} INFO - Processing /home/airflow/.local/lib/python3.12/site-packages/airflow/example_dags/example_python_operator.py took 0.336 seconds
[2024-10-27T14:00:07.712+0000] {processor.py:186} INFO - Started process (PID=848) to work on /home/airflow/.local/lib/python3.12/site-packages/airflow/example_dags/example_python_operator.py
[2024-10-27T14:00:07.714+0000] {processor.py:914} INFO - Processing file /home/airflow/.local/lib/python3.12/site-packages/airflow/example_dags/example_python_operator.py for tasks to queue
[2024-10-27T14:00:07.718+0000] {logging_mixin.py:190} INFO - [2024-10-27T14:00:07.717+0000] {dagbag.py:588} INFO - Filling up the DagBag from /home/airflow/.local/lib/python3.12/site-packages/airflow/example_dags/example_python_operator.py
[2024-10-27T14:00:07.738+0000] {processor.py:925} INFO - DAG(s) 'example_python_operator' retrieved from /home/airflow/.local/lib/python3.12/site-packages/airflow/example_dags/example_python_operator.py
[2024-10-27T14:00:07.781+0000] {logging_mixin.py:190} INFO - [2024-10-27T14:00:07.781+0000] {dag.py:3239} INFO - Sync 1 DAGs
[2024-10-27T14:00:07.806+0000] {logging_mixin.py:190} INFO - [2024-10-27T14:00:07.806+0000] {dag.py:4180} INFO - Setting next_dagrun for example_python_operator to None, run_after=None
[2024-10-27T14:00:07.845+0000] {processor.py:208} INFO - Processing /home/airflow/.local/lib/python3.12/site-packages/airflow/example_dags/example_python_operator.py took 0.144 seconds
[2024-10-27T14:00:39.369+0000] {processor.py:186} INFO - Started process (PID=908) to work on /home/airflow/.local/lib/python3.12/site-packages/airflow/example_dags/example_python_operator.py
[2024-10-27T14:00:39.373+0000] {processor.py:914} INFO - Processing file /home/airflow/.local/lib/python3.12/site-packages/airflow/example_dags/example_python_operator.py for tasks to queue
[2024-10-27T14:00:39.377+0000] {logging_mixin.py:190} INFO - [2024-10-27T14:00:39.377+0000] {dagbag.py:588} INFO - Filling up the DagBag from /home/airflow/.local/lib/python3.12/site-packages/airflow/example_dags/example_python_operator.py
[2024-10-27T14:00:39.415+0000] {processor.py:925} INFO - DAG(s) 'example_python_operator' retrieved from /home/airflow/.local/lib/python3.12/site-packages/airflow/example_dags/example_python_operator.py
[2024-10-27T14:00:39.475+0000] {logging_mixin.py:190} INFO - [2024-10-27T14:00:39.475+0000] {dag.py:3239} INFO - Sync 1 DAGs
[2024-10-27T14:00:39.518+0000] {logging_mixin.py:190} INFO - [2024-10-27T14:00:39.517+0000] {dag.py:4180} INFO - Setting next_dagrun for example_python_operator to None, run_after=None
[2024-10-27T14:00:39.575+0000] {processor.py:208} INFO - Processing /home/airflow/.local/lib/python3.12/site-packages/airflow/example_dags/example_python_operator.py took 0.219 seconds
[2024-10-27T14:01:10.235+0000] {processor.py:186} INFO - Started process (PID=971) to work on /home/airflow/.local/lib/python3.12/site-packages/airflow/example_dags/example_python_operator.py
[2024-10-27T14:01:10.237+0000] {processor.py:914} INFO - Processing file /home/airflow/.local/lib/python3.12/site-packages/airflow/example_dags/example_python_operator.py for tasks to queue
[2024-10-27T14:01:10.242+0000] {logging_mixin.py:190} INFO - [2024-10-27T14:01:10.242+0000] {dagbag.py:588} INFO - Filling up the DagBag from /home/airflow/.local/lib/python3.12/site-packages/airflow/example_dags/example_python_operator.py
[2024-10-27T14:01:10.269+0000] {processor.py:925} INFO - DAG(s) 'example_python_operator' retrieved from /home/airflow/.local/lib/python3.12/site-packages/airflow/example_dags/example_python_operator.py
[2024-10-27T14:01:10.331+0000] {logging_mixin.py:190} INFO - [2024-10-27T14:01:10.330+0000] {dag.py:3239} INFO - Sync 1 DAGs
[2024-10-27T14:01:10.365+0000] {logging_mixin.py:190} INFO - [2024-10-27T14:01:10.364+0000] {dag.py:4180} INFO - Setting next_dagrun for example_python_operator to None, run_after=None
[2024-10-27T14:01:10.466+0000] {processor.py:208} INFO - Processing /home/airflow/.local/lib/python3.12/site-packages/airflow/example_dags/example_python_operator.py took 0.240 seconds
[2024-10-27T14:01:41.516+0000] {processor.py:186} INFO - Started process (PID=1033) to work on /home/airflow/.local/lib/python3.12/site-packages/airflow/example_dags/example_python_operator.py
[2024-10-27T14:01:41.519+0000] {processor.py:914} INFO - Processing file /home/airflow/.local/lib/python3.12/site-packages/airflow/example_dags/example_python_operator.py for tasks to queue
[2024-10-27T14:01:41.541+0000] {logging_mixin.py:190} INFO - [2024-10-27T14:01:41.536+0000] {dagbag.py:588} INFO - Filling up the DagBag from /home/airflow/.local/lib/python3.12/site-packages/airflow/example_dags/example_python_operator.py
[2024-10-27T14:01:41.603+0000] {processor.py:925} INFO - DAG(s) 'example_python_operator' retrieved from /home/airflow/.local/lib/python3.12/site-packages/airflow/example_dags/example_python_operator.py
[2024-10-27T14:01:41.679+0000] {logging_mixin.py:190} INFO - [2024-10-27T14:01:41.678+0000] {dag.py:3239} INFO - Sync 1 DAGs
[2024-10-27T14:01:41.723+0000] {logging_mixin.py:190} INFO - [2024-10-27T14:01:41.722+0000] {dag.py:4180} INFO - Setting next_dagrun for example_python_operator to None, run_after=None
[2024-10-27T14:01:41.801+0000] {processor.py:208} INFO - Processing /home/airflow/.local/lib/python3.12/site-packages/airflow/example_dags/example_python_operator.py took 0.308 seconds
[2024-10-27T14:02:12.023+0000] {processor.py:186} INFO - Started process (PID=1093) to work on /home/airflow/.local/lib/python3.12/site-packages/airflow/example_dags/example_python_operator.py
[2024-10-27T14:02:12.024+0000] {processor.py:914} INFO - Processing file /home/airflow/.local/lib/python3.12/site-packages/airflow/example_dags/example_python_operator.py for tasks to queue
[2024-10-27T14:02:12.028+0000] {logging_mixin.py:190} INFO - [2024-10-27T14:02:12.028+0000] {dagbag.py:588} INFO - Filling up the DagBag from /home/airflow/.local/lib/python3.12/site-packages/airflow/example_dags/example_python_operator.py
[2024-10-27T14:02:12.048+0000] {processor.py:925} INFO - DAG(s) 'example_python_operator' retrieved from /home/airflow/.local/lib/python3.12/site-packages/airflow/example_dags/example_python_operator.py
[2024-10-27T14:02:12.084+0000] {logging_mixin.py:190} INFO - [2024-10-27T14:02:12.083+0000] {dag.py:3239} INFO - Sync 1 DAGs
[2024-10-27T14:02:12.109+0000] {logging_mixin.py:190} INFO - [2024-10-27T14:02:12.108+0000] {dag.py:4180} INFO - Setting next_dagrun for example_python_operator to None, run_after=None
[2024-10-27T14:02:12.161+0000] {processor.py:208} INFO - Processing /home/airflow/.local/lib/python3.12/site-packages/airflow/example_dags/example_python_operator.py took 0.147 seconds
[2024-10-27T14:02:42.547+0000] {processor.py:186} INFO - Started process (PID=1151) to work on /home/airflow/.local/lib/python3.12/site-packages/airflow/example_dags/example_python_operator.py
[2024-10-27T14:02:42.549+0000] {processor.py:914} INFO - Processing file /home/airflow/.local/lib/python3.12/site-packages/airflow/example_dags/example_python_operator.py for tasks to queue
[2024-10-27T14:02:42.552+0000] {logging_mixin.py:190} INFO - [2024-10-27T14:02:42.551+0000] {dagbag.py:588} INFO - Filling up the DagBag from /home/airflow/.local/lib/python3.12/site-packages/airflow/example_dags/example_python_operator.py
[2024-10-27T14:02:42.576+0000] {processor.py:925} INFO - DAG(s) 'example_python_operator' retrieved from /home/airflow/.local/lib/python3.12/site-packages/airflow/example_dags/example_python_operator.py
[2024-10-27T14:02:42.633+0000] {logging_mixin.py:190} INFO - [2024-10-27T14:02:42.632+0000] {dag.py:3239} INFO - Sync 1 DAGs
[2024-10-27T14:02:42.701+0000] {logging_mixin.py:190} INFO - [2024-10-27T14:02:42.700+0000] {dag.py:4180} INFO - Setting next_dagrun for example_python_operator to None, run_after=None
[2024-10-27T14:02:42.795+0000] {processor.py:208} INFO - Processing /home/airflow/.local/lib/python3.12/site-packages/airflow/example_dags/example_python_operator.py took 0.264 seconds
[2024-10-27T14:03:13.126+0000] {processor.py:186} INFO - Started process (PID=1212) to work on /home/airflow/.local/lib/python3.12/site-packages/airflow/example_dags/example_python_operator.py
[2024-10-27T14:03:13.128+0000] {processor.py:914} INFO - Processing file /home/airflow/.local/lib/python3.12/site-packages/airflow/example_dags/example_python_operator.py for tasks to queue
[2024-10-27T14:03:13.132+0000] {logging_mixin.py:190} INFO - [2024-10-27T14:03:13.132+0000] {dagbag.py:588} INFO - Filling up the DagBag from /home/airflow/.local/lib/python3.12/site-packages/airflow/example_dags/example_python_operator.py
[2024-10-27T14:03:13.149+0000] {processor.py:925} INFO - DAG(s) 'example_python_operator' retrieved from /home/airflow/.local/lib/python3.12/site-packages/airflow/example_dags/example_python_operator.py
[2024-10-27T14:03:13.201+0000] {logging_mixin.py:190} INFO - [2024-10-27T14:03:13.200+0000] {dag.py:3239} INFO - Sync 1 DAGs
[2024-10-27T14:03:13.231+0000] {logging_mixin.py:190} INFO - [2024-10-27T14:03:13.231+0000] {dag.py:4180} INFO - Setting next_dagrun for example_python_operator to None, run_after=None
[2024-10-27T14:03:13.284+0000] {processor.py:208} INFO - Processing /home/airflow/.local/lib/python3.12/site-packages/airflow/example_dags/example_python_operator.py took 0.170 seconds
[2024-10-27T14:03:50.988+0000] {processor.py:186} INFO - Started process (PID=1271) to work on /home/airflow/.local/lib/python3.12/site-packages/airflow/example_dags/example_python_operator.py
[2024-10-27T14:03:50.990+0000] {processor.py:914} INFO - Processing file /home/airflow/.local/lib/python3.12/site-packages/airflow/example_dags/example_python_operator.py for tasks to queue
[2024-10-27T14:03:50.994+0000] {logging_mixin.py:190} INFO - [2024-10-27T14:03:50.994+0000] {dagbag.py:588} INFO - Filling up the DagBag from /home/airflow/.local/lib/python3.12/site-packages/airflow/example_dags/example_python_operator.py
[2024-10-27T14:03:51.026+0000] {processor.py:925} INFO - DAG(s) 'example_python_operator' retrieved from /home/airflow/.local/lib/python3.12/site-packages/airflow/example_dags/example_python_operator.py
[2024-10-27T14:03:51.072+0000] {logging_mixin.py:190} INFO - [2024-10-27T14:03:51.071+0000] {dag.py:3239} INFO - Sync 1 DAGs
[2024-10-27T14:03:51.100+0000] {logging_mixin.py:190} INFO - [2024-10-27T14:03:51.099+0000] {dag.py:4180} INFO - Setting next_dagrun for example_python_operator to None, run_after=None
[2024-10-27T14:03:51.427+0000] {processor.py:208} INFO - Processing /home/airflow/.local/lib/python3.12/site-packages/airflow/example_dags/example_python_operator.py took 0.451 seconds
[2024-10-27T14:04:22.069+0000] {processor.py:186} INFO - Started process (PID=1332) to work on /home/airflow/.local/lib/python3.12/site-packages/airflow/example_dags/example_python_operator.py
[2024-10-27T14:04:22.071+0000] {processor.py:914} INFO - Processing file /home/airflow/.local/lib/python3.12/site-packages/airflow/example_dags/example_python_operator.py for tasks to queue
[2024-10-27T14:04:22.078+0000] {logging_mixin.py:190} INFO - [2024-10-27T14:04:22.077+0000] {dagbag.py:588} INFO - Filling up the DagBag from /home/airflow/.local/lib/python3.12/site-packages/airflow/example_dags/example_python_operator.py
[2024-10-27T14:04:22.114+0000] {processor.py:925} INFO - DAG(s) 'example_python_operator' retrieved from /home/airflow/.local/lib/python3.12/site-packages/airflow/example_dags/example_python_operator.py
[2024-10-27T14:04:22.181+0000] {logging_mixin.py:190} INFO - [2024-10-27T14:04:22.180+0000] {dag.py:3239} INFO - Sync 1 DAGs
[2024-10-27T14:04:22.246+0000] {logging_mixin.py:190} INFO - [2024-10-27T14:04:22.246+0000] {dag.py:4180} INFO - Setting next_dagrun for example_python_operator to None, run_after=None
[2024-10-27T14:04:22.369+0000] {processor.py:208} INFO - Processing /home/airflow/.local/lib/python3.12/site-packages/airflow/example_dags/example_python_operator.py took 0.312 seconds
[2024-10-27T14:04:53.315+0000] {processor.py:186} INFO - Started process (PID=1394) to work on /home/airflow/.local/lib/python3.12/site-packages/airflow/example_dags/example_python_operator.py
[2024-10-27T14:04:53.317+0000] {processor.py:914} INFO - Processing file /home/airflow/.local/lib/python3.12/site-packages/airflow/example_dags/example_python_operator.py for tasks to queue
[2024-10-27T14:04:53.321+0000] {logging_mixin.py:190} INFO - [2024-10-27T14:04:53.320+0000] {dagbag.py:588} INFO - Filling up the DagBag from /home/airflow/.local/lib/python3.12/site-packages/airflow/example_dags/example_python_operator.py
[2024-10-27T14:04:53.346+0000] {processor.py:925} INFO - DAG(s) 'example_python_operator' retrieved from /home/airflow/.local/lib/python3.12/site-packages/airflow/example_dags/example_python_operator.py
[2024-10-27T14:04:53.398+0000] {logging_mixin.py:190} INFO - [2024-10-27T14:04:53.398+0000] {dag.py:3239} INFO - Sync 1 DAGs
[2024-10-27T14:04:53.433+0000] {logging_mixin.py:190} INFO - [2024-10-27T14:04:53.432+0000] {dag.py:4180} INFO - Setting next_dagrun for example_python_operator to None, run_after=None
[2024-10-27T14:04:53.476+0000] {processor.py:208} INFO - Processing /home/airflow/.local/lib/python3.12/site-packages/airflow/example_dags/example_python_operator.py took 0.172 seconds
[2024-10-27T14:05:24.645+0000] {processor.py:186} INFO - Started process (PID=1456) to work on /home/airflow/.local/lib/python3.12/site-packages/airflow/example_dags/example_python_operator.py
[2024-10-27T14:05:24.647+0000] {processor.py:914} INFO - Processing file /home/airflow/.local/lib/python3.12/site-packages/airflow/example_dags/example_python_operator.py for tasks to queue
[2024-10-27T14:05:24.652+0000] {logging_mixin.py:190} INFO - [2024-10-27T14:05:24.651+0000] {dagbag.py:588} INFO - Filling up the DagBag from /home/airflow/.local/lib/python3.12/site-packages/airflow/example_dags/example_python_operator.py
[2024-10-27T14:05:24.684+0000] {processor.py:925} INFO - DAG(s) 'example_python_operator' retrieved from /home/airflow/.local/lib/python3.12/site-packages/airflow/example_dags/example_python_operator.py
[2024-10-27T14:05:24.732+0000] {logging_mixin.py:190} INFO - [2024-10-27T14:05:24.731+0000] {dag.py:3239} INFO - Sync 1 DAGs
[2024-10-27T14:05:24.768+0000] {logging_mixin.py:190} INFO - [2024-10-27T14:05:24.768+0000] {dag.py:4180} INFO - Setting next_dagrun for example_python_operator to None, run_after=None
[2024-10-27T14:05:24.899+0000] {processor.py:208} INFO - Processing /home/airflow/.local/lib/python3.12/site-packages/airflow/example_dags/example_python_operator.py took 0.266 seconds
[2024-10-27T14:05:55.403+0000] {processor.py:186} INFO - Started process (PID=1517) to work on /home/airflow/.local/lib/python3.12/site-packages/airflow/example_dags/example_python_operator.py
[2024-10-27T14:05:55.405+0000] {processor.py:914} INFO - Processing file /home/airflow/.local/lib/python3.12/site-packages/airflow/example_dags/example_python_operator.py for tasks to queue
[2024-10-27T14:05:55.411+0000] {logging_mixin.py:190} INFO - [2024-10-27T14:05:55.410+0000] {dagbag.py:588} INFO - Filling up the DagBag from /home/airflow/.local/lib/python3.12/site-packages/airflow/example_dags/example_python_operator.py
[2024-10-27T14:05:55.437+0000] {processor.py:925} INFO - DAG(s) 'example_python_operator' retrieved from /home/airflow/.local/lib/python3.12/site-packages/airflow/example_dags/example_python_operator.py
[2024-10-27T14:05:55.482+0000] {logging_mixin.py:190} INFO - [2024-10-27T14:05:55.482+0000] {dag.py:3239} INFO - Sync 1 DAGs
[2024-10-27T14:05:55.512+0000] {logging_mixin.py:190} INFO - [2024-10-27T14:05:55.511+0000] {dag.py:4180} INFO - Setting next_dagrun for example_python_operator to None, run_after=None
[2024-10-27T14:05:55.576+0000] {processor.py:208} INFO - Processing /home/airflow/.local/lib/python3.12/site-packages/airflow/example_dags/example_python_operator.py took 0.186 seconds
[2024-10-27T14:06:26.393+0000] {processor.py:186} INFO - Started process (PID=1578) to work on /home/airflow/.local/lib/python3.12/site-packages/airflow/example_dags/example_python_operator.py
[2024-10-27T14:06:26.399+0000] {processor.py:914} INFO - Processing file /home/airflow/.local/lib/python3.12/site-packages/airflow/example_dags/example_python_operator.py for tasks to queue
[2024-10-27T14:06:26.410+0000] {logging_mixin.py:190} INFO - [2024-10-27T14:06:26.409+0000] {dagbag.py:588} INFO - Filling up the DagBag from /home/airflow/.local/lib/python3.12/site-packages/airflow/example_dags/example_python_operator.py
[2024-10-27T14:06:26.472+0000] {processor.py:925} INFO - DAG(s) 'example_python_operator' retrieved from /home/airflow/.local/lib/python3.12/site-packages/airflow/example_dags/example_python_operator.py
[2024-10-27T14:06:26.582+0000] {logging_mixin.py:190} INFO - [2024-10-27T14:06:26.581+0000] {dag.py:3239} INFO - Sync 1 DAGs
[2024-10-27T14:06:26.662+0000] {logging_mixin.py:190} INFO - [2024-10-27T14:06:26.661+0000] {dag.py:4180} INFO - Setting next_dagrun for example_python_operator to None, run_after=None
[2024-10-27T14:06:26.761+0000] {processor.py:208} INFO - Processing /home/airflow/.local/lib/python3.12/site-packages/airflow/example_dags/example_python_operator.py took 0.393 seconds
[2024-10-27T14:07:00.640+0000] {processor.py:186} INFO - Started process (PID=1640) to work on /home/airflow/.local/lib/python3.12/site-packages/airflow/example_dags/example_python_operator.py
[2024-10-27T14:07:00.641+0000] {processor.py:914} INFO - Processing file /home/airflow/.local/lib/python3.12/site-packages/airflow/example_dags/example_python_operator.py for tasks to queue
[2024-10-27T14:07:00.646+0000] {logging_mixin.py:190} INFO - [2024-10-27T14:07:00.645+0000] {dagbag.py:588} INFO - Filling up the DagBag from /home/airflow/.local/lib/python3.12/site-packages/airflow/example_dags/example_python_operator.py
[2024-10-27T14:07:00.672+0000] {processor.py:925} INFO - DAG(s) 'example_python_operator' retrieved from /home/airflow/.local/lib/python3.12/site-packages/airflow/example_dags/example_python_operator.py
[2024-10-27T14:07:00.713+0000] {logging_mixin.py:190} INFO - [2024-10-27T14:07:00.712+0000] {dag.py:3239} INFO - Sync 1 DAGs
[2024-10-27T14:07:00.742+0000] {logging_mixin.py:190} INFO - [2024-10-27T14:07:00.742+0000] {dag.py:4180} INFO - Setting next_dagrun for example_python_operator to None, run_after=None
[2024-10-27T14:07:01.059+0000] {processor.py:208} INFO - Processing /home/airflow/.local/lib/python3.12/site-packages/airflow/example_dags/example_python_operator.py took 0.432 seconds
[2024-10-27T14:07:31.980+0000] {processor.py:186} INFO - Started process (PID=1702) to work on /home/airflow/.local/lib/python3.12/site-packages/airflow/example_dags/example_python_operator.py
[2024-10-27T14:07:31.982+0000] {processor.py:914} INFO - Processing file /home/airflow/.local/lib/python3.12/site-packages/airflow/example_dags/example_python_operator.py for tasks to queue
[2024-10-27T14:07:31.992+0000] {logging_mixin.py:190} INFO - [2024-10-27T14:07:31.991+0000] {dagbag.py:588} INFO - Filling up the DagBag from /home/airflow/.local/lib/python3.12/site-packages/airflow/example_dags/example_python_operator.py
[2024-10-27T14:07:32.036+0000] {processor.py:925} INFO - DAG(s) 'example_python_operator' retrieved from /home/airflow/.local/lib/python3.12/site-packages/airflow/example_dags/example_python_operator.py
[2024-10-27T14:07:32.151+0000] {logging_mixin.py:190} INFO - [2024-10-27T14:07:32.151+0000] {dag.py:3239} INFO - Sync 1 DAGs
[2024-10-27T14:07:32.202+0000] {logging_mixin.py:190} INFO - [2024-10-27T14:07:32.202+0000] {dag.py:4180} INFO - Setting next_dagrun for example_python_operator to None, run_after=None
[2024-10-27T14:07:32.286+0000] {processor.py:208} INFO - Processing /home/airflow/.local/lib/python3.12/site-packages/airflow/example_dags/example_python_operator.py took 0.323 seconds
[2024-10-27T14:08:03.208+0000] {processor.py:186} INFO - Started process (PID=1765) to work on /home/airflow/.local/lib/python3.12/site-packages/airflow/example_dags/example_python_operator.py
[2024-10-27T14:08:03.210+0000] {processor.py:914} INFO - Processing file /home/airflow/.local/lib/python3.12/site-packages/airflow/example_dags/example_python_operator.py for tasks to queue
[2024-10-27T14:08:03.214+0000] {logging_mixin.py:190} INFO - [2024-10-27T14:08:03.213+0000] {dagbag.py:588} INFO - Filling up the DagBag from /home/airflow/.local/lib/python3.12/site-packages/airflow/example_dags/example_python_operator.py
[2024-10-27T14:08:03.234+0000] {processor.py:925} INFO - DAG(s) 'example_python_operator' retrieved from /home/airflow/.local/lib/python3.12/site-packages/airflow/example_dags/example_python_operator.py
[2024-10-27T14:08:03.276+0000] {logging_mixin.py:190} INFO - [2024-10-27T14:08:03.275+0000] {dag.py:3239} INFO - Sync 1 DAGs
[2024-10-27T14:08:03.307+0000] {logging_mixin.py:190} INFO - [2024-10-27T14:08:03.307+0000] {dag.py:4180} INFO - Setting next_dagrun for example_python_operator to None, run_after=None
[2024-10-27T14:08:03.357+0000] {processor.py:208} INFO - Processing /home/airflow/.local/lib/python3.12/site-packages/airflow/example_dags/example_python_operator.py took 0.158 seconds
[2024-10-27T14:08:33.797+0000] {processor.py:186} INFO - Started process (PID=1827) to work on /home/airflow/.local/lib/python3.12/site-packages/airflow/example_dags/example_python_operator.py
[2024-10-27T14:08:33.798+0000] {processor.py:914} INFO - Processing file /home/airflow/.local/lib/python3.12/site-packages/airflow/example_dags/example_python_operator.py for tasks to queue
[2024-10-27T14:08:33.803+0000] {logging_mixin.py:190} INFO - [2024-10-27T14:08:33.802+0000] {dagbag.py:588} INFO - Filling up the DagBag from /home/airflow/.local/lib/python3.12/site-packages/airflow/example_dags/example_python_operator.py
[2024-10-27T14:08:33.828+0000] {processor.py:925} INFO - DAG(s) 'example_python_operator' retrieved from /home/airflow/.local/lib/python3.12/site-packages/airflow/example_dags/example_python_operator.py
[2024-10-27T14:08:33.875+0000] {logging_mixin.py:190} INFO - [2024-10-27T14:08:33.875+0000] {dag.py:3239} INFO - Sync 1 DAGs
[2024-10-27T14:08:33.907+0000] {logging_mixin.py:190} INFO - [2024-10-27T14:08:33.907+0000] {dag.py:4180} INFO - Setting next_dagrun for example_python_operator to None, run_after=None
[2024-10-27T14:08:33.970+0000] {processor.py:208} INFO - Processing /home/airflow/.local/lib/python3.12/site-packages/airflow/example_dags/example_python_operator.py took 0.183 seconds
[2024-10-27T14:09:04.508+0000] {processor.py:186} INFO - Started process (PID=1890) to work on /home/airflow/.local/lib/python3.12/site-packages/airflow/example_dags/example_python_operator.py
[2024-10-27T14:09:04.510+0000] {processor.py:914} INFO - Processing file /home/airflow/.local/lib/python3.12/site-packages/airflow/example_dags/example_python_operator.py for tasks to queue
[2024-10-27T14:09:04.514+0000] {logging_mixin.py:190} INFO - [2024-10-27T14:09:04.514+0000] {dagbag.py:588} INFO - Filling up the DagBag from /home/airflow/.local/lib/python3.12/site-packages/airflow/example_dags/example_python_operator.py
[2024-10-27T14:09:04.547+0000] {processor.py:925} INFO - DAG(s) 'example_python_operator' retrieved from /home/airflow/.local/lib/python3.12/site-packages/airflow/example_dags/example_python_operator.py
[2024-10-27T14:09:04.603+0000] {logging_mixin.py:190} INFO - [2024-10-27T14:09:04.602+0000] {dag.py:3239} INFO - Sync 1 DAGs
[2024-10-27T14:09:04.662+0000] {logging_mixin.py:190} INFO - [2024-10-27T14:09:04.662+0000] {dag.py:4180} INFO - Setting next_dagrun for example_python_operator to None, run_after=None
[2024-10-27T14:09:04.737+0000] {processor.py:208} INFO - Processing /home/airflow/.local/lib/python3.12/site-packages/airflow/example_dags/example_python_operator.py took 0.252 seconds
[2024-10-27T14:09:35.212+0000] {processor.py:186} INFO - Started process (PID=1951) to work on /home/airflow/.local/lib/python3.12/site-packages/airflow/example_dags/example_python_operator.py
[2024-10-27T14:09:35.213+0000] {processor.py:914} INFO - Processing file /home/airflow/.local/lib/python3.12/site-packages/airflow/example_dags/example_python_operator.py for tasks to queue
[2024-10-27T14:09:35.218+0000] {logging_mixin.py:190} INFO - [2024-10-27T14:09:35.218+0000] {dagbag.py:588} INFO - Filling up the DagBag from /home/airflow/.local/lib/python3.12/site-packages/airflow/example_dags/example_python_operator.py
[2024-10-27T14:09:35.262+0000] {processor.py:925} INFO - DAG(s) 'example_python_operator' retrieved from /home/airflow/.local/lib/python3.12/site-packages/airflow/example_dags/example_python_operator.py
[2024-10-27T14:09:35.348+0000] {logging_mixin.py:190} INFO - [2024-10-27T14:09:35.348+0000] {dag.py:3239} INFO - Sync 1 DAGs
[2024-10-27T14:09:35.418+0000] {logging_mixin.py:190} INFO - [2024-10-27T14:09:35.417+0000] {dag.py:4180} INFO - Setting next_dagrun for example_python_operator to None, run_after=None
[2024-10-27T14:09:35.473+0000] {processor.py:208} INFO - Processing /home/airflow/.local/lib/python3.12/site-packages/airflow/example_dags/example_python_operator.py took 0.287 seconds
[2024-10-27T14:10:05.749+0000] {processor.py:186} INFO - Started process (PID=2013) to work on /home/airflow/.local/lib/python3.12/site-packages/airflow/example_dags/example_python_operator.py
[2024-10-27T14:10:05.750+0000] {processor.py:914} INFO - Processing file /home/airflow/.local/lib/python3.12/site-packages/airflow/example_dags/example_python_operator.py for tasks to queue
[2024-10-27T14:10:05.754+0000] {logging_mixin.py:190} INFO - [2024-10-27T14:10:05.754+0000] {dagbag.py:588} INFO - Filling up the DagBag from /home/airflow/.local/lib/python3.12/site-packages/airflow/example_dags/example_python_operator.py
[2024-10-27T14:10:05.773+0000] {processor.py:925} INFO - DAG(s) 'example_python_operator' retrieved from /home/airflow/.local/lib/python3.12/site-packages/airflow/example_dags/example_python_operator.py
[2024-10-27T14:10:05.808+0000] {logging_mixin.py:190} INFO - [2024-10-27T14:10:05.808+0000] {dag.py:3239} INFO - Sync 1 DAGs
[2024-10-27T14:10:05.833+0000] {logging_mixin.py:190} INFO - [2024-10-27T14:10:05.832+0000] {dag.py:4180} INFO - Setting next_dagrun for example_python_operator to None, run_after=None
[2024-10-27T14:10:05.869+0000] {processor.py:208} INFO - Processing /home/airflow/.local/lib/python3.12/site-packages/airflow/example_dags/example_python_operator.py took 0.129 seconds
[2024-10-27T14:10:35.996+0000] {processor.py:186} INFO - Started process (PID=2075) to work on /home/airflow/.local/lib/python3.12/site-packages/airflow/example_dags/example_python_operator.py
[2024-10-27T14:10:35.999+0000] {processor.py:914} INFO - Processing file /home/airflow/.local/lib/python3.12/site-packages/airflow/example_dags/example_python_operator.py for tasks to queue
[2024-10-27T14:10:36.008+0000] {logging_mixin.py:190} INFO - [2024-10-27T14:10:36.008+0000] {dagbag.py:588} INFO - Filling up the DagBag from /home/airflow/.local/lib/python3.12/site-packages/airflow/example_dags/example_python_operator.py
[2024-10-27T14:10:36.041+0000] {processor.py:925} INFO - DAG(s) 'example_python_operator' retrieved from /home/airflow/.local/lib/python3.12/site-packages/airflow/example_dags/example_python_operator.py
[2024-10-27T14:10:36.101+0000] {logging_mixin.py:190} INFO - [2024-10-27T14:10:36.101+0000] {dag.py:3239} INFO - Sync 1 DAGs
[2024-10-27T14:10:36.134+0000] {logging_mixin.py:190} INFO - [2024-10-27T14:10:36.134+0000] {dag.py:4180} INFO - Setting next_dagrun for example_python_operator to None, run_after=None
[2024-10-27T14:10:36.245+0000] {processor.py:208} INFO - Processing /home/airflow/.local/lib/python3.12/site-packages/airflow/example_dags/example_python_operator.py took 0.263 seconds
[2024-10-27T14:11:06.776+0000] {processor.py:186} INFO - Started process (PID=2136) to work on /home/airflow/.local/lib/python3.12/site-packages/airflow/example_dags/example_python_operator.py
[2024-10-27T14:11:06.779+0000] {processor.py:914} INFO - Processing file /home/airflow/.local/lib/python3.12/site-packages/airflow/example_dags/example_python_operator.py for tasks to queue
[2024-10-27T14:11:06.783+0000] {logging_mixin.py:190} INFO - [2024-10-27T14:11:06.782+0000] {dagbag.py:588} INFO - Filling up the DagBag from /home/airflow/.local/lib/python3.12/site-packages/airflow/example_dags/example_python_operator.py
[2024-10-27T14:11:06.800+0000] {processor.py:925} INFO - DAG(s) 'example_python_operator' retrieved from /home/airflow/.local/lib/python3.12/site-packages/airflow/example_dags/example_python_operator.py
[2024-10-27T14:11:06.832+0000] {logging_mixin.py:190} INFO - [2024-10-27T14:11:06.832+0000] {dag.py:3239} INFO - Sync 1 DAGs
[2024-10-27T14:11:06.856+0000] {logging_mixin.py:190} INFO - [2024-10-27T14:11:06.856+0000] {dag.py:4180} INFO - Setting next_dagrun for example_python_operator to None, run_after=None
[2024-10-27T14:11:06.955+0000] {processor.py:208} INFO - Processing /home/airflow/.local/lib/python3.12/site-packages/airflow/example_dags/example_python_operator.py took 0.188 seconds
[2024-10-27T14:11:37.441+0000] {processor.py:186} INFO - Started process (PID=2198) to work on /home/airflow/.local/lib/python3.12/site-packages/airflow/example_dags/example_python_operator.py
[2024-10-27T14:11:37.442+0000] {processor.py:914} INFO - Processing file /home/airflow/.local/lib/python3.12/site-packages/airflow/example_dags/example_python_operator.py for tasks to queue
[2024-10-27T14:11:37.447+0000] {logging_mixin.py:190} INFO - [2024-10-27T14:11:37.446+0000] {dagbag.py:588} INFO - Filling up the DagBag from /home/airflow/.local/lib/python3.12/site-packages/airflow/example_dags/example_python_operator.py
[2024-10-27T14:11:37.469+0000] {processor.py:925} INFO - DAG(s) 'example_python_operator' retrieved from /home/airflow/.local/lib/python3.12/site-packages/airflow/example_dags/example_python_operator.py
[2024-10-27T14:11:37.514+0000] {logging_mixin.py:190} INFO - [2024-10-27T14:11:37.513+0000] {dag.py:3239} INFO - Sync 1 DAGs
[2024-10-27T14:11:37.545+0000] {logging_mixin.py:190} INFO - [2024-10-27T14:11:37.545+0000] {dag.py:4180} INFO - Setting next_dagrun for example_python_operator to None, run_after=None
[2024-10-27T14:11:37.620+0000] {processor.py:208} INFO - Processing /home/airflow/.local/lib/python3.12/site-packages/airflow/example_dags/example_python_operator.py took 0.189 seconds
[2024-10-27T14:12:07.881+0000] {processor.py:186} INFO - Started process (PID=2260) to work on /home/airflow/.local/lib/python3.12/site-packages/airflow/example_dags/example_python_operator.py
[2024-10-27T14:12:07.883+0000] {processor.py:914} INFO - Processing file /home/airflow/.local/lib/python3.12/site-packages/airflow/example_dags/example_python_operator.py for tasks to queue
[2024-10-27T14:12:07.887+0000] {logging_mixin.py:190} INFO - [2024-10-27T14:12:07.886+0000] {dagbag.py:588} INFO - Filling up the DagBag from /home/airflow/.local/lib/python3.12/site-packages/airflow/example_dags/example_python_operator.py
[2024-10-27T14:12:07.906+0000] {processor.py:925} INFO - DAG(s) 'example_python_operator' retrieved from /home/airflow/.local/lib/python3.12/site-packages/airflow/example_dags/example_python_operator.py
[2024-10-27T14:12:07.950+0000] {logging_mixin.py:190} INFO - [2024-10-27T14:12:07.950+0000] {dag.py:3239} INFO - Sync 1 DAGs
[2024-10-27T14:12:07.976+0000] {logging_mixin.py:190} INFO - [2024-10-27T14:12:07.975+0000] {dag.py:4180} INFO - Setting next_dagrun for example_python_operator to None, run_after=None
[2024-10-27T14:12:08.078+0000] {processor.py:208} INFO - Processing /home/airflow/.local/lib/python3.12/site-packages/airflow/example_dags/example_python_operator.py took 0.206 seconds
[2024-10-27T14:12:38.470+0000] {processor.py:186} INFO - Started process (PID=2322) to work on /home/airflow/.local/lib/python3.12/site-packages/airflow/example_dags/example_python_operator.py
[2024-10-27T14:12:38.471+0000] {processor.py:914} INFO - Processing file /home/airflow/.local/lib/python3.12/site-packages/airflow/example_dags/example_python_operator.py for tasks to queue
[2024-10-27T14:12:38.475+0000] {logging_mixin.py:190} INFO - [2024-10-27T14:12:38.474+0000] {dagbag.py:588} INFO - Filling up the DagBag from /home/airflow/.local/lib/python3.12/site-packages/airflow/example_dags/example_python_operator.py
[2024-10-27T14:12:38.492+0000] {processor.py:925} INFO - DAG(s) 'example_python_operator' retrieved from /home/airflow/.local/lib/python3.12/site-packages/airflow/example_dags/example_python_operator.py
[2024-10-27T14:12:38.534+0000] {logging_mixin.py:190} INFO - [2024-10-27T14:12:38.533+0000] {dag.py:3239} INFO - Sync 1 DAGs
[2024-10-27T14:12:38.559+0000] {logging_mixin.py:190} INFO - [2024-10-27T14:12:38.559+0000] {dag.py:4180} INFO - Setting next_dagrun for example_python_operator to None, run_after=None
[2024-10-27T14:12:38.644+0000] {processor.py:208} INFO - Processing /home/airflow/.local/lib/python3.12/site-packages/airflow/example_dags/example_python_operator.py took 0.185 seconds
[2024-10-27T14:13:08.835+0000] {processor.py:186} INFO - Started process (PID=2384) to work on /home/airflow/.local/lib/python3.12/site-packages/airflow/example_dags/example_python_operator.py
[2024-10-27T14:13:08.836+0000] {processor.py:914} INFO - Processing file /home/airflow/.local/lib/python3.12/site-packages/airflow/example_dags/example_python_operator.py for tasks to queue
[2024-10-27T14:13:08.840+0000] {logging_mixin.py:190} INFO - [2024-10-27T14:13:08.840+0000] {dagbag.py:588} INFO - Filling up the DagBag from /home/airflow/.local/lib/python3.12/site-packages/airflow/example_dags/example_python_operator.py
[2024-10-27T14:13:08.862+0000] {processor.py:925} INFO - DAG(s) 'example_python_operator' retrieved from /home/airflow/.local/lib/python3.12/site-packages/airflow/example_dags/example_python_operator.py
[2024-10-27T14:13:08.899+0000] {logging_mixin.py:190} INFO - [2024-10-27T14:13:08.899+0000] {dag.py:3239} INFO - Sync 1 DAGs
[2024-10-27T14:13:08.924+0000] {logging_mixin.py:190} INFO - [2024-10-27T14:13:08.924+0000] {dag.py:4180} INFO - Setting next_dagrun for example_python_operator to None, run_after=None
[2024-10-27T14:13:08.959+0000] {processor.py:208} INFO - Processing /home/airflow/.local/lib/python3.12/site-packages/airflow/example_dags/example_python_operator.py took 0.135 seconds
[2024-10-27T14:13:39.171+0000] {processor.py:186} INFO - Started process (PID=2446) to work on /home/airflow/.local/lib/python3.12/site-packages/airflow/example_dags/example_python_operator.py
[2024-10-27T14:13:39.173+0000] {processor.py:914} INFO - Processing file /home/airflow/.local/lib/python3.12/site-packages/airflow/example_dags/example_python_operator.py for tasks to queue
[2024-10-27T14:13:39.177+0000] {logging_mixin.py:190} INFO - [2024-10-27T14:13:39.177+0000] {dagbag.py:588} INFO - Filling up the DagBag from /home/airflow/.local/lib/python3.12/site-packages/airflow/example_dags/example_python_operator.py
[2024-10-27T14:13:39.197+0000] {processor.py:925} INFO - DAG(s) 'example_python_operator' retrieved from /home/airflow/.local/lib/python3.12/site-packages/airflow/example_dags/example_python_operator.py
[2024-10-27T14:13:39.228+0000] {logging_mixin.py:190} INFO - [2024-10-27T14:13:39.228+0000] {dag.py:3239} INFO - Sync 1 DAGs
[2024-10-27T14:13:39.256+0000] {logging_mixin.py:190} INFO - [2024-10-27T14:13:39.255+0000] {dag.py:4180} INFO - Setting next_dagrun for example_python_operator to None, run_after=None
[2024-10-27T14:13:39.335+0000] {processor.py:208} INFO - Processing /home/airflow/.local/lib/python3.12/site-packages/airflow/example_dags/example_python_operator.py took 0.174 seconds
[2024-10-27T14:14:09.733+0000] {processor.py:186} INFO - Started process (PID=2508) to work on /home/airflow/.local/lib/python3.12/site-packages/airflow/example_dags/example_python_operator.py
[2024-10-27T14:14:09.735+0000] {processor.py:914} INFO - Processing file /home/airflow/.local/lib/python3.12/site-packages/airflow/example_dags/example_python_operator.py for tasks to queue
[2024-10-27T14:14:09.738+0000] {logging_mixin.py:190} INFO - [2024-10-27T14:14:09.738+0000] {dagbag.py:588} INFO - Filling up the DagBag from /home/airflow/.local/lib/python3.12/site-packages/airflow/example_dags/example_python_operator.py
[2024-10-27T14:14:09.759+0000] {processor.py:925} INFO - DAG(s) 'example_python_operator' retrieved from /home/airflow/.local/lib/python3.12/site-packages/airflow/example_dags/example_python_operator.py
[2024-10-27T14:14:09.796+0000] {logging_mixin.py:190} INFO - [2024-10-27T14:14:09.795+0000] {dag.py:3239} INFO - Sync 1 DAGs
[2024-10-27T14:14:09.823+0000] {logging_mixin.py:190} INFO - [2024-10-27T14:14:09.822+0000] {dag.py:4180} INFO - Setting next_dagrun for example_python_operator to None, run_after=None
[2024-10-27T14:14:09.951+0000] {processor.py:208} INFO - Processing /home/airflow/.local/lib/python3.12/site-packages/airflow/example_dags/example_python_operator.py took 0.225 seconds
[2024-10-27T14:14:40.397+0000] {processor.py:186} INFO - Started process (PID=2570) to work on /home/airflow/.local/lib/python3.12/site-packages/airflow/example_dags/example_python_operator.py
[2024-10-27T14:14:40.398+0000] {processor.py:914} INFO - Processing file /home/airflow/.local/lib/python3.12/site-packages/airflow/example_dags/example_python_operator.py for tasks to queue
[2024-10-27T14:14:40.402+0000] {logging_mixin.py:190} INFO - [2024-10-27T14:14:40.401+0000] {dagbag.py:588} INFO - Filling up the DagBag from /home/airflow/.local/lib/python3.12/site-packages/airflow/example_dags/example_python_operator.py
[2024-10-27T14:14:40.418+0000] {processor.py:925} INFO - DAG(s) 'example_python_operator' retrieved from /home/airflow/.local/lib/python3.12/site-packages/airflow/example_dags/example_python_operator.py
[2024-10-27T14:14:40.453+0000] {logging_mixin.py:190} INFO - [2024-10-27T14:14:40.452+0000] {dag.py:3239} INFO - Sync 1 DAGs
[2024-10-27T14:14:40.475+0000] {logging_mixin.py:190} INFO - [2024-10-27T14:14:40.475+0000] {dag.py:4180} INFO - Setting next_dagrun for example_python_operator to None, run_after=None
[2024-10-27T14:14:40.576+0000] {processor.py:208} INFO - Processing /home/airflow/.local/lib/python3.12/site-packages/airflow/example_dags/example_python_operator.py took 0.187 seconds
[2024-10-27T14:15:11.178+0000] {processor.py:186} INFO - Started process (PID=2632) to work on /home/airflow/.local/lib/python3.12/site-packages/airflow/example_dags/example_python_operator.py
[2024-10-27T14:15:11.179+0000] {processor.py:914} INFO - Processing file /home/airflow/.local/lib/python3.12/site-packages/airflow/example_dags/example_python_operator.py for tasks to queue
[2024-10-27T14:15:11.183+0000] {logging_mixin.py:190} INFO - [2024-10-27T14:15:11.183+0000] {dagbag.py:588} INFO - Filling up the DagBag from /home/airflow/.local/lib/python3.12/site-packages/airflow/example_dags/example_python_operator.py
[2024-10-27T14:15:11.200+0000] {processor.py:925} INFO - DAG(s) 'example_python_operator' retrieved from /home/airflow/.local/lib/python3.12/site-packages/airflow/example_dags/example_python_operator.py
[2024-10-27T14:15:11.444+0000] {logging_mixin.py:190} INFO - [2024-10-27T14:15:11.444+0000] {dag.py:3239} INFO - Sync 1 DAGs
[2024-10-27T14:15:11.464+0000] {logging_mixin.py:190} INFO - [2024-10-27T14:15:11.463+0000] {dag.py:4180} INFO - Setting next_dagrun for example_python_operator to None, run_after=None
[2024-10-27T14:15:11.537+0000] {processor.py:208} INFO - Processing /home/airflow/.local/lib/python3.12/site-packages/airflow/example_dags/example_python_operator.py took 0.370 seconds
[2024-10-27T14:15:41.990+0000] {processor.py:186} INFO - Started process (PID=2694) to work on /home/airflow/.local/lib/python3.12/site-packages/airflow/example_dags/example_python_operator.py
[2024-10-27T14:15:41.991+0000] {processor.py:914} INFO - Processing file /home/airflow/.local/lib/python3.12/site-packages/airflow/example_dags/example_python_operator.py for tasks to queue
[2024-10-27T14:15:41.995+0000] {logging_mixin.py:190} INFO - [2024-10-27T14:15:41.995+0000] {dagbag.py:588} INFO - Filling up the DagBag from /home/airflow/.local/lib/python3.12/site-packages/airflow/example_dags/example_python_operator.py
[2024-10-27T14:15:42.010+0000] {processor.py:925} INFO - DAG(s) 'example_python_operator' retrieved from /home/airflow/.local/lib/python3.12/site-packages/airflow/example_dags/example_python_operator.py
[2024-10-27T14:15:42.063+0000] {logging_mixin.py:190} INFO - [2024-10-27T14:15:42.062+0000] {dag.py:3239} INFO - Sync 1 DAGs
[2024-10-27T14:15:42.085+0000] {logging_mixin.py:190} INFO - [2024-10-27T14:15:42.085+0000] {dag.py:4180} INFO - Setting next_dagrun for example_python_operator to None, run_after=None
[2024-10-27T14:15:42.171+0000] {processor.py:208} INFO - Processing /home/airflow/.local/lib/python3.12/site-packages/airflow/example_dags/example_python_operator.py took 0.191 seconds
[2024-10-27T14:16:12.674+0000] {processor.py:186} INFO - Started process (PID=2762) to work on /home/airflow/.local/lib/python3.12/site-packages/airflow/example_dags/example_python_operator.py
[2024-10-27T14:16:12.675+0000] {processor.py:914} INFO - Processing file /home/airflow/.local/lib/python3.12/site-packages/airflow/example_dags/example_python_operator.py for tasks to queue
[2024-10-27T14:16:12.679+0000] {logging_mixin.py:190} INFO - [2024-10-27T14:16:12.678+0000] {dagbag.py:588} INFO - Filling up the DagBag from /home/airflow/.local/lib/python3.12/site-packages/airflow/example_dags/example_python_operator.py
[2024-10-27T14:16:12.702+0000] {processor.py:925} INFO - DAG(s) 'example_python_operator' retrieved from /home/airflow/.local/lib/python3.12/site-packages/airflow/example_dags/example_python_operator.py
[2024-10-27T14:16:12.734+0000] {logging_mixin.py:190} INFO - [2024-10-27T14:16:12.734+0000] {dag.py:3239} INFO - Sync 1 DAGs
[2024-10-27T14:16:12.756+0000] {logging_mixin.py:190} INFO - [2024-10-27T14:16:12.755+0000] {dag.py:4180} INFO - Setting next_dagrun for example_python_operator to None, run_after=None
[2024-10-27T14:16:12.885+0000] {processor.py:208} INFO - Processing /home/airflow/.local/lib/python3.12/site-packages/airflow/example_dags/example_python_operator.py took 0.221 seconds
[2024-10-27T14:16:43.521+0000] {processor.py:186} INFO - Started process (PID=2824) to work on /home/airflow/.local/lib/python3.12/site-packages/airflow/example_dags/example_python_operator.py
[2024-10-27T14:16:43.523+0000] {processor.py:914} INFO - Processing file /home/airflow/.local/lib/python3.12/site-packages/airflow/example_dags/example_python_operator.py for tasks to queue
[2024-10-27T14:16:43.527+0000] {logging_mixin.py:190} INFO - [2024-10-27T14:16:43.527+0000] {dagbag.py:588} INFO - Filling up the DagBag from /home/airflow/.local/lib/python3.12/site-packages/airflow/example_dags/example_python_operator.py
[2024-10-27T14:16:43.549+0000] {processor.py:925} INFO - DAG(s) 'example_python_operator' retrieved from /home/airflow/.local/lib/python3.12/site-packages/airflow/example_dags/example_python_operator.py
[2024-10-27T14:16:43.583+0000] {logging_mixin.py:190} INFO - [2024-10-27T14:16:43.582+0000] {dag.py:3239} INFO - Sync 1 DAGs
[2024-10-27T14:16:43.604+0000] {logging_mixin.py:190} INFO - [2024-10-27T14:16:43.603+0000] {dag.py:4180} INFO - Setting next_dagrun for example_python_operator to None, run_after=None
[2024-10-27T14:16:43.834+0000] {processor.py:208} INFO - Processing /home/airflow/.local/lib/python3.12/site-packages/airflow/example_dags/example_python_operator.py took 0.321 seconds
[2024-10-27T14:17:14.765+0000] {processor.py:186} INFO - Started process (PID=2886) to work on /home/airflow/.local/lib/python3.12/site-packages/airflow/example_dags/example_python_operator.py
[2024-10-27T14:17:14.767+0000] {processor.py:914} INFO - Processing file /home/airflow/.local/lib/python3.12/site-packages/airflow/example_dags/example_python_operator.py for tasks to queue
[2024-10-27T14:17:14.772+0000] {logging_mixin.py:190} INFO - [2024-10-27T14:17:14.771+0000] {dagbag.py:588} INFO - Filling up the DagBag from /home/airflow/.local/lib/python3.12/site-packages/airflow/example_dags/example_python_operator.py
[2024-10-27T14:17:14.828+0000] {processor.py:925} INFO - DAG(s) 'example_python_operator' retrieved from /home/airflow/.local/lib/python3.12/site-packages/airflow/example_dags/example_python_operator.py
[2024-10-27T14:17:14.961+0000] {logging_mixin.py:190} INFO - [2024-10-27T14:17:14.960+0000] {dag.py:3239} INFO - Sync 1 DAGs
[2024-10-27T14:17:15.044+0000] {logging_mixin.py:190} INFO - [2024-10-27T14:17:15.043+0000] {dag.py:4180} INFO - Setting next_dagrun for example_python_operator to None, run_after=None
[2024-10-27T14:17:15.207+0000] {processor.py:208} INFO - Processing /home/airflow/.local/lib/python3.12/site-packages/airflow/example_dags/example_python_operator.py took 0.457 seconds
[2024-10-27T14:17:46.197+0000] {processor.py:186} INFO - Started process (PID=2948) to work on /home/airflow/.local/lib/python3.12/site-packages/airflow/example_dags/example_python_operator.py
[2024-10-27T14:17:46.199+0000] {processor.py:914} INFO - Processing file /home/airflow/.local/lib/python3.12/site-packages/airflow/example_dags/example_python_operator.py for tasks to queue
[2024-10-27T14:17:46.214+0000] {logging_mixin.py:190} INFO - [2024-10-27T14:17:46.213+0000] {dagbag.py:588} INFO - Filling up the DagBag from /home/airflow/.local/lib/python3.12/site-packages/airflow/example_dags/example_python_operator.py
[2024-10-27T14:17:46.298+0000] {processor.py:925} INFO - DAG(s) 'example_python_operator' retrieved from /home/airflow/.local/lib/python3.12/site-packages/airflow/example_dags/example_python_operator.py
[2024-10-27T14:17:46.432+0000] {logging_mixin.py:190} INFO - [2024-10-27T14:17:46.431+0000] {dag.py:3239} INFO - Sync 1 DAGs
[2024-10-27T14:17:46.517+0000] {logging_mixin.py:190} INFO - [2024-10-27T14:17:46.517+0000] {dag.py:4180} INFO - Setting next_dagrun for example_python_operator to None, run_after=None
[2024-10-27T14:17:46.613+0000] {processor.py:208} INFO - Processing /home/airflow/.local/lib/python3.12/site-packages/airflow/example_dags/example_python_operator.py took 0.438 seconds
[2024-10-27T14:18:17.185+0000] {processor.py:186} INFO - Started process (PID=3010) to work on /home/airflow/.local/lib/python3.12/site-packages/airflow/example_dags/example_python_operator.py
[2024-10-27T14:18:17.192+0000] {processor.py:914} INFO - Processing file /home/airflow/.local/lib/python3.12/site-packages/airflow/example_dags/example_python_operator.py for tasks to queue
[2024-10-27T14:18:17.196+0000] {logging_mixin.py:190} INFO - [2024-10-27T14:18:17.196+0000] {dagbag.py:588} INFO - Filling up the DagBag from /home/airflow/.local/lib/python3.12/site-packages/airflow/example_dags/example_python_operator.py
[2024-10-27T14:18:17.235+0000] {processor.py:925} INFO - DAG(s) 'example_python_operator' retrieved from /home/airflow/.local/lib/python3.12/site-packages/airflow/example_dags/example_python_operator.py
[2024-10-27T14:18:17.291+0000] {logging_mixin.py:190} INFO - [2024-10-27T14:18:17.290+0000] {dag.py:3239} INFO - Sync 1 DAGs
[2024-10-27T14:18:17.326+0000] {logging_mixin.py:190} INFO - [2024-10-27T14:18:17.325+0000] {dag.py:4180} INFO - Setting next_dagrun for example_python_operator to None, run_after=None
[2024-10-27T14:18:17.402+0000] {processor.py:208} INFO - Processing /home/airflow/.local/lib/python3.12/site-packages/airflow/example_dags/example_python_operator.py took 0.233 seconds
[2024-10-27T14:18:48.774+0000] {processor.py:186} INFO - Started process (PID=3073) to work on /home/airflow/.local/lib/python3.12/site-packages/airflow/example_dags/example_python_operator.py
[2024-10-27T14:18:48.801+0000] {processor.py:914} INFO - Processing file /home/airflow/.local/lib/python3.12/site-packages/airflow/example_dags/example_python_operator.py for tasks to queue
[2024-10-27T14:18:48.834+0000] {logging_mixin.py:190} INFO - [2024-10-27T14:18:48.834+0000] {dagbag.py:588} INFO - Filling up the DagBag from /home/airflow/.local/lib/python3.12/site-packages/airflow/example_dags/example_python_operator.py
[2024-10-27T14:18:48.914+0000] {processor.py:925} INFO - DAG(s) 'example_python_operator' retrieved from /home/airflow/.local/lib/python3.12/site-packages/airflow/example_dags/example_python_operator.py
[2024-10-27T14:18:49.373+0000] {logging_mixin.py:190} INFO - [2024-10-27T14:18:49.373+0000] {dag.py:3239} INFO - Sync 1 DAGs
[2024-10-27T14:18:49.416+0000] {logging_mixin.py:190} INFO - [2024-10-27T14:18:49.416+0000] {dag.py:4180} INFO - Setting next_dagrun for example_python_operator to None, run_after=None
[2024-10-27T14:18:49.794+0000] {processor.py:208} INFO - Processing /home/airflow/.local/lib/python3.12/site-packages/airflow/example_dags/example_python_operator.py took 1.043 seconds
[2024-10-27T14:19:20.098+0000] {processor.py:186} INFO - Started process (PID=3136) to work on /home/airflow/.local/lib/python3.12/site-packages/airflow/example_dags/example_python_operator.py
[2024-10-27T14:19:20.156+0000] {processor.py:914} INFO - Processing file /home/airflow/.local/lib/python3.12/site-packages/airflow/example_dags/example_python_operator.py for tasks to queue
[2024-10-27T14:19:20.174+0000] {logging_mixin.py:190} INFO - [2024-10-27T14:19:20.172+0000] {dagbag.py:588} INFO - Filling up the DagBag from /home/airflow/.local/lib/python3.12/site-packages/airflow/example_dags/example_python_operator.py
[2024-10-27T14:19:20.204+0000] {processor.py:925} INFO - DAG(s) 'example_python_operator' retrieved from /home/airflow/.local/lib/python3.12/site-packages/airflow/example_dags/example_python_operator.py
[2024-10-27T14:19:20.237+0000] {logging_mixin.py:190} INFO - [2024-10-27T14:19:20.236+0000] {dag.py:3239} INFO - Sync 1 DAGs
[2024-10-27T14:19:20.258+0000] {logging_mixin.py:190} INFO - [2024-10-27T14:19:20.257+0000] {dag.py:4180} INFO - Setting next_dagrun for example_python_operator to None, run_after=None
[2024-10-27T14:19:20.344+0000] {processor.py:208} INFO - Processing /home/airflow/.local/lib/python3.12/site-packages/airflow/example_dags/example_python_operator.py took 0.256 seconds
[2024-10-27T14:19:51.103+0000] {processor.py:186} INFO - Started process (PID=3198) to work on /home/airflow/.local/lib/python3.12/site-packages/airflow/example_dags/example_python_operator.py
[2024-10-27T14:19:51.105+0000] {processor.py:914} INFO - Processing file /home/airflow/.local/lib/python3.12/site-packages/airflow/example_dags/example_python_operator.py for tasks to queue
[2024-10-27T14:19:51.109+0000] {logging_mixin.py:190} INFO - [2024-10-27T14:19:51.109+0000] {dagbag.py:588} INFO - Filling up the DagBag from /home/airflow/.local/lib/python3.12/site-packages/airflow/example_dags/example_python_operator.py
[2024-10-27T14:19:51.136+0000] {processor.py:925} INFO - DAG(s) 'example_python_operator' retrieved from /home/airflow/.local/lib/python3.12/site-packages/airflow/example_dags/example_python_operator.py
[2024-10-27T14:19:51.244+0000] {logging_mixin.py:190} INFO - [2024-10-27T14:19:51.244+0000] {dag.py:3239} INFO - Sync 1 DAGs
[2024-10-27T14:19:51.303+0000] {logging_mixin.py:190} INFO - [2024-10-27T14:19:51.302+0000] {dag.py:4180} INFO - Setting next_dagrun for example_python_operator to None, run_after=None
[2024-10-27T14:19:51.453+0000] {processor.py:208} INFO - Processing /home/airflow/.local/lib/python3.12/site-packages/airflow/example_dags/example_python_operator.py took 0.363 seconds
[2024-10-27T14:20:24.017+0000] {processor.py:186} INFO - Started process (PID=3260) to work on /home/airflow/.local/lib/python3.12/site-packages/airflow/example_dags/example_python_operator.py
[2024-10-27T14:20:24.051+0000] {processor.py:914} INFO - Processing file /home/airflow/.local/lib/python3.12/site-packages/airflow/example_dags/example_python_operator.py for tasks to queue
[2024-10-27T14:20:24.086+0000] {logging_mixin.py:190} INFO - [2024-10-27T14:20:24.085+0000] {dagbag.py:588} INFO - Filling up the DagBag from /home/airflow/.local/lib/python3.12/site-packages/airflow/example_dags/example_python_operator.py
[2024-10-27T14:20:24.188+0000] {processor.py:925} INFO - DAG(s) 'example_python_operator' retrieved from /home/airflow/.local/lib/python3.12/site-packages/airflow/example_dags/example_python_operator.py
[2024-10-27T14:20:24.401+0000] {logging_mixin.py:190} INFO - [2024-10-27T14:20:24.398+0000] {dag.py:3239} INFO - Sync 1 DAGs
[2024-10-27T14:20:24.565+0000] {logging_mixin.py:190} INFO - [2024-10-27T14:20:24.565+0000] {dag.py:4180} INFO - Setting next_dagrun for example_python_operator to None, run_after=None
[2024-10-27T14:20:24.779+0000] {processor.py:208} INFO - Processing /home/airflow/.local/lib/python3.12/site-packages/airflow/example_dags/example_python_operator.py took 0.797 seconds
[2024-10-27T14:20:55.724+0000] {processor.py:186} INFO - Started process (PID=3321) to work on /home/airflow/.local/lib/python3.12/site-packages/airflow/example_dags/example_python_operator.py
[2024-10-27T14:20:55.730+0000] {processor.py:914} INFO - Processing file /home/airflow/.local/lib/python3.12/site-packages/airflow/example_dags/example_python_operator.py for tasks to queue
[2024-10-27T14:20:55.748+0000] {logging_mixin.py:190} INFO - [2024-10-27T14:20:55.747+0000] {dagbag.py:588} INFO - Filling up the DagBag from /home/airflow/.local/lib/python3.12/site-packages/airflow/example_dags/example_python_operator.py
[2024-10-27T14:20:55.906+0000] {processor.py:925} INFO - DAG(s) 'example_python_operator' retrieved from /home/airflow/.local/lib/python3.12/site-packages/airflow/example_dags/example_python_operator.py
[2024-10-27T14:20:56.114+0000] {logging_mixin.py:190} INFO - [2024-10-27T14:20:56.113+0000] {dag.py:3239} INFO - Sync 1 DAGs
[2024-10-27T14:20:56.221+0000] {logging_mixin.py:190} INFO - [2024-10-27T14:20:56.220+0000] {dag.py:4180} INFO - Setting next_dagrun for example_python_operator to None, run_after=None
[2024-10-27T14:20:58.058+0000] {processor.py:208} INFO - Processing /home/airflow/.local/lib/python3.12/site-packages/airflow/example_dags/example_python_operator.py took 2.366 seconds
[2024-10-27T14:21:29.900+0000] {processor.py:186} INFO - Started process (PID=3383) to work on /home/airflow/.local/lib/python3.12/site-packages/airflow/example_dags/example_python_operator.py
[2024-10-27T14:21:29.931+0000] {processor.py:914} INFO - Processing file /home/airflow/.local/lib/python3.12/site-packages/airflow/example_dags/example_python_operator.py for tasks to queue
[2024-10-27T14:21:29.936+0000] {logging_mixin.py:190} INFO - [2024-10-27T14:21:29.935+0000] {dagbag.py:588} INFO - Filling up the DagBag from /home/airflow/.local/lib/python3.12/site-packages/airflow/example_dags/example_python_operator.py
[2024-10-27T14:21:30.016+0000] {processor.py:925} INFO - DAG(s) 'example_python_operator' retrieved from /home/airflow/.local/lib/python3.12/site-packages/airflow/example_dags/example_python_operator.py
[2024-10-27T14:21:30.231+0000] {logging_mixin.py:190} INFO - [2024-10-27T14:21:30.220+0000] {dag.py:3239} INFO - Sync 1 DAGs
[2024-10-27T14:21:30.672+0000] {logging_mixin.py:190} INFO - [2024-10-27T14:21:30.672+0000] {dag.py:4180} INFO - Setting next_dagrun for example_python_operator to None, run_after=None
[2024-10-27T14:21:31.557+0000] {processor.py:208} INFO - Processing /home/airflow/.local/lib/python3.12/site-packages/airflow/example_dags/example_python_operator.py took 1.728 seconds
[2024-10-27T14:22:05.673+0000] {processor.py:186} INFO - Started process (PID=3442) to work on /home/airflow/.local/lib/python3.12/site-packages/airflow/example_dags/example_python_operator.py
[2024-10-27T14:22:05.681+0000] {processor.py:914} INFO - Processing file /home/airflow/.local/lib/python3.12/site-packages/airflow/example_dags/example_python_operator.py for tasks to queue
[2024-10-27T14:22:05.694+0000] {logging_mixin.py:190} INFO - [2024-10-27T14:22:05.693+0000] {dagbag.py:588} INFO - Filling up the DagBag from /home/airflow/.local/lib/python3.12/site-packages/airflow/example_dags/example_python_operator.py
[2024-10-27T14:22:05.726+0000] {processor.py:925} INFO - DAG(s) 'example_python_operator' retrieved from /home/airflow/.local/lib/python3.12/site-packages/airflow/example_dags/example_python_operator.py
[2024-10-27T14:22:05.897+0000] {logging_mixin.py:190} INFO - [2024-10-27T14:22:05.896+0000] {dag.py:3239} INFO - Sync 1 DAGs
[2024-10-27T14:22:05.961+0000] {logging_mixin.py:190} INFO - [2024-10-27T14:22:05.961+0000] {dag.py:4180} INFO - Setting next_dagrun for example_python_operator to None, run_after=None
[2024-10-27T14:22:06.224+0000] {processor.py:208} INFO - Processing /home/airflow/.local/lib/python3.12/site-packages/airflow/example_dags/example_python_operator.py took 0.580 seconds
[2024-10-27T14:22:38.464+0000] {processor.py:186} INFO - Started process (PID=3504) to work on /home/airflow/.local/lib/python3.12/site-packages/airflow/example_dags/example_python_operator.py
[2024-10-27T14:22:38.473+0000] {processor.py:914} INFO - Processing file /home/airflow/.local/lib/python3.12/site-packages/airflow/example_dags/example_python_operator.py for tasks to queue
[2024-10-27T14:22:38.479+0000] {logging_mixin.py:190} INFO - [2024-10-27T14:22:38.479+0000] {dagbag.py:588} INFO - Filling up the DagBag from /home/airflow/.local/lib/python3.12/site-packages/airflow/example_dags/example_python_operator.py
[2024-10-27T14:22:38.563+0000] {processor.py:925} INFO - DAG(s) 'example_python_operator' retrieved from /home/airflow/.local/lib/python3.12/site-packages/airflow/example_dags/example_python_operator.py
[2024-10-27T14:22:38.688+0000] {logging_mixin.py:190} INFO - [2024-10-27T14:22:38.688+0000] {dag.py:3239} INFO - Sync 1 DAGs
[2024-10-27T14:22:38.754+0000] {logging_mixin.py:190} INFO - [2024-10-27T14:22:38.754+0000] {dag.py:4180} INFO - Setting next_dagrun for example_python_operator to None, run_after=None
[2024-10-27T14:22:38.904+0000] {processor.py:208} INFO - Processing /home/airflow/.local/lib/python3.12/site-packages/airflow/example_dags/example_python_operator.py took 0.462 seconds
[2024-10-27T14:23:12.187+0000] {processor.py:186} INFO - Started process (PID=3568) to work on /home/airflow/.local/lib/python3.12/site-packages/airflow/example_dags/example_python_operator.py
[2024-10-27T14:23:12.247+0000] {processor.py:914} INFO - Processing file /home/airflow/.local/lib/python3.12/site-packages/airflow/example_dags/example_python_operator.py for tasks to queue
[2024-10-27T14:23:12.251+0000] {logging_mixin.py:190} INFO - [2024-10-27T14:23:12.251+0000] {dagbag.py:588} INFO - Filling up the DagBag from /home/airflow/.local/lib/python3.12/site-packages/airflow/example_dags/example_python_operator.py
[2024-10-27T14:23:12.272+0000] {processor.py:925} INFO - DAG(s) 'example_python_operator' retrieved from /home/airflow/.local/lib/python3.12/site-packages/airflow/example_dags/example_python_operator.py
[2024-10-27T14:23:12.308+0000] {logging_mixin.py:190} INFO - [2024-10-27T14:23:12.307+0000] {dag.py:3239} INFO - Sync 1 DAGs
[2024-10-27T14:23:12.338+0000] {logging_mixin.py:190} INFO - [2024-10-27T14:23:12.337+0000] {dag.py:4180} INFO - Setting next_dagrun for example_python_operator to None, run_after=None
[2024-10-27T14:23:12.672+0000] {processor.py:208} INFO - Processing /home/airflow/.local/lib/python3.12/site-packages/airflow/example_dags/example_python_operator.py took 0.496 seconds
[2024-10-27T14:23:43.811+0000] {processor.py:186} INFO - Started process (PID=3630) to work on /home/airflow/.local/lib/python3.12/site-packages/airflow/example_dags/example_python_operator.py
[2024-10-27T14:23:43.814+0000] {processor.py:914} INFO - Processing file /home/airflow/.local/lib/python3.12/site-packages/airflow/example_dags/example_python_operator.py for tasks to queue
[2024-10-27T14:23:43.832+0000] {logging_mixin.py:190} INFO - [2024-10-27T14:23:43.821+0000] {dagbag.py:588} INFO - Filling up the DagBag from /home/airflow/.local/lib/python3.12/site-packages/airflow/example_dags/example_python_operator.py
[2024-10-27T14:23:43.867+0000] {processor.py:925} INFO - DAG(s) 'example_python_operator' retrieved from /home/airflow/.local/lib/python3.12/site-packages/airflow/example_dags/example_python_operator.py
[2024-10-27T14:23:43.912+0000] {logging_mixin.py:190} INFO - [2024-10-27T14:23:43.911+0000] {dag.py:3239} INFO - Sync 1 DAGs
[2024-10-27T14:23:43.943+0000] {logging_mixin.py:190} INFO - [2024-10-27T14:23:43.943+0000] {dag.py:4180} INFO - Setting next_dagrun for example_python_operator to None, run_after=None
[2024-10-27T14:23:44.176+0000] {processor.py:208} INFO - Processing /home/airflow/.local/lib/python3.12/site-packages/airflow/example_dags/example_python_operator.py took 0.381 seconds
[2024-10-27T14:24:18.694+0000] {processor.py:186} INFO - Started process (PID=3699) to work on /home/airflow/.local/lib/python3.12/site-packages/airflow/example_dags/example_python_operator.py
[2024-10-27T14:24:18.696+0000] {processor.py:914} INFO - Processing file /home/airflow/.local/lib/python3.12/site-packages/airflow/example_dags/example_python_operator.py for tasks to queue
[2024-10-27T14:24:18.702+0000] {logging_mixin.py:190} INFO - [2024-10-27T14:24:18.701+0000] {dagbag.py:588} INFO - Filling up the DagBag from /home/airflow/.local/lib/python3.12/site-packages/airflow/example_dags/example_python_operator.py
[2024-10-27T14:24:18.722+0000] {processor.py:925} INFO - DAG(s) 'example_python_operator' retrieved from /home/airflow/.local/lib/python3.12/site-packages/airflow/example_dags/example_python_operator.py
[2024-10-27T14:24:19.210+0000] {logging_mixin.py:190} INFO - [2024-10-27T14:24:19.209+0000] {dag.py:3239} INFO - Sync 1 DAGs
[2024-10-27T14:24:19.285+0000] {logging_mixin.py:190} INFO - [2024-10-27T14:24:19.284+0000] {dag.py:4180} INFO - Setting next_dagrun for example_python_operator to None, run_after=None
[2024-10-27T14:24:19.418+0000] {processor.py:208} INFO - Processing /home/airflow/.local/lib/python3.12/site-packages/airflow/example_dags/example_python_operator.py took 0.736 seconds
[2024-10-27T14:24:50.791+0000] {processor.py:186} INFO - Started process (PID=3761) to work on /home/airflow/.local/lib/python3.12/site-packages/airflow/example_dags/example_python_operator.py
[2024-10-27T14:24:50.796+0000] {processor.py:914} INFO - Processing file /home/airflow/.local/lib/python3.12/site-packages/airflow/example_dags/example_python_operator.py for tasks to queue
[2024-10-27T14:24:50.800+0000] {logging_mixin.py:190} INFO - [2024-10-27T14:24:50.799+0000] {dagbag.py:588} INFO - Filling up the DagBag from /home/airflow/.local/lib/python3.12/site-packages/airflow/example_dags/example_python_operator.py
[2024-10-27T14:24:50.823+0000] {processor.py:925} INFO - DAG(s) 'example_python_operator' retrieved from /home/airflow/.local/lib/python3.12/site-packages/airflow/example_dags/example_python_operator.py
[2024-10-27T14:24:50.875+0000] {logging_mixin.py:190} INFO - [2024-10-27T14:24:50.875+0000] {dag.py:3239} INFO - Sync 1 DAGs
[2024-10-27T14:24:50.912+0000] {logging_mixin.py:190} INFO - [2024-10-27T14:24:50.911+0000] {dag.py:4180} INFO - Setting next_dagrun for example_python_operator to None, run_after=None
[2024-10-27T14:24:51.185+0000] {processor.py:208} INFO - Processing /home/airflow/.local/lib/python3.12/site-packages/airflow/example_dags/example_python_operator.py took 0.414 seconds
[2024-10-27T14:25:21.393+0000] {processor.py:186} INFO - Started process (PID=3824) to work on /home/airflow/.local/lib/python3.12/site-packages/airflow/example_dags/example_python_operator.py
[2024-10-27T14:25:21.409+0000] {processor.py:914} INFO - Processing file /home/airflow/.local/lib/python3.12/site-packages/airflow/example_dags/example_python_operator.py for tasks to queue
[2024-10-27T14:25:21.430+0000] {logging_mixin.py:190} INFO - [2024-10-27T14:25:21.418+0000] {dagbag.py:588} INFO - Filling up the DagBag from /home/airflow/.local/lib/python3.12/site-packages/airflow/example_dags/example_python_operator.py
[2024-10-27T14:25:21.468+0000] {processor.py:925} INFO - DAG(s) 'example_python_operator' retrieved from /home/airflow/.local/lib/python3.12/site-packages/airflow/example_dags/example_python_operator.py
[2024-10-27T14:25:21.506+0000] {logging_mixin.py:190} INFO - [2024-10-27T14:25:21.505+0000] {dag.py:3239} INFO - Sync 1 DAGs
[2024-10-27T14:25:21.534+0000] {logging_mixin.py:190} INFO - [2024-10-27T14:25:21.533+0000] {dag.py:4180} INFO - Setting next_dagrun for example_python_operator to None, run_after=None
[2024-10-27T14:25:21.903+0000] {processor.py:208} INFO - Processing /home/airflow/.local/lib/python3.12/site-packages/airflow/example_dags/example_python_operator.py took 0.530 seconds
[2024-10-27T14:25:52.916+0000] {processor.py:186} INFO - Started process (PID=3886) to work on /home/airflow/.local/lib/python3.12/site-packages/airflow/example_dags/example_python_operator.py
[2024-10-27T14:25:52.917+0000] {processor.py:914} INFO - Processing file /home/airflow/.local/lib/python3.12/site-packages/airflow/example_dags/example_python_operator.py for tasks to queue
[2024-10-27T14:25:52.921+0000] {logging_mixin.py:190} INFO - [2024-10-27T14:25:52.921+0000] {dagbag.py:588} INFO - Filling up the DagBag from /home/airflow/.local/lib/python3.12/site-packages/airflow/example_dags/example_python_operator.py
[2024-10-27T14:25:52.942+0000] {processor.py:925} INFO - DAG(s) 'example_python_operator' retrieved from /home/airflow/.local/lib/python3.12/site-packages/airflow/example_dags/example_python_operator.py
[2024-10-27T14:25:52.991+0000] {logging_mixin.py:190} INFO - [2024-10-27T14:25:52.991+0000] {dag.py:3239} INFO - Sync 1 DAGs
[2024-10-27T14:25:53.024+0000] {logging_mixin.py:190} INFO - [2024-10-27T14:25:53.024+0000] {dag.py:4180} INFO - Setting next_dagrun for example_python_operator to None, run_after=None
[2024-10-27T14:25:53.125+0000] {processor.py:208} INFO - Processing /home/airflow/.local/lib/python3.12/site-packages/airflow/example_dags/example_python_operator.py took 0.221 seconds
[2024-10-27T14:26:23.195+0000] {processor.py:186} INFO - Started process (PID=3948) to work on /home/airflow/.local/lib/python3.12/site-packages/airflow/example_dags/example_python_operator.py
[2024-10-27T14:26:23.197+0000] {processor.py:914} INFO - Processing file /home/airflow/.local/lib/python3.12/site-packages/airflow/example_dags/example_python_operator.py for tasks to queue
[2024-10-27T14:26:23.201+0000] {logging_mixin.py:190} INFO - [2024-10-27T14:26:23.200+0000] {dagbag.py:588} INFO - Filling up the DagBag from /home/airflow/.local/lib/python3.12/site-packages/airflow/example_dags/example_python_operator.py
[2024-10-27T14:26:23.223+0000] {processor.py:925} INFO - DAG(s) 'example_python_operator' retrieved from /home/airflow/.local/lib/python3.12/site-packages/airflow/example_dags/example_python_operator.py
[2024-10-27T14:26:23.261+0000] {logging_mixin.py:190} INFO - [2024-10-27T14:26:23.261+0000] {dag.py:3239} INFO - Sync 1 DAGs
[2024-10-27T14:26:23.285+0000] {logging_mixin.py:190} INFO - [2024-10-27T14:26:23.285+0000] {dag.py:4180} INFO - Setting next_dagrun for example_python_operator to None, run_after=None
[2024-10-27T14:26:23.364+0000] {processor.py:208} INFO - Processing /home/airflow/.local/lib/python3.12/site-packages/airflow/example_dags/example_python_operator.py took 0.179 seconds
[2024-10-27T14:50:08.193+0000] {processor.py:186} INFO - Started process (PID=80) to work on /home/airflow/.local/lib/python3.12/site-packages/airflow/example_dags/example_python_operator.py
[2024-10-27T14:50:08.208+0000] {processor.py:914} INFO - Processing file /home/airflow/.local/lib/python3.12/site-packages/airflow/example_dags/example_python_operator.py for tasks to queue
[2024-10-27T14:50:08.223+0000] {logging_mixin.py:190} INFO - [2024-10-27T14:50:08.223+0000] {dagbag.py:588} INFO - Filling up the DagBag from /home/airflow/.local/lib/python3.12/site-packages/airflow/example_dags/example_python_operator.py
[2024-10-27T14:50:08.269+0000] {processor.py:925} INFO - DAG(s) 'example_python_operator' retrieved from /home/airflow/.local/lib/python3.12/site-packages/airflow/example_dags/example_python_operator.py
[2024-10-27T14:50:09.394+0000] {logging_mixin.py:190} INFO - [2024-10-27T14:50:09.394+0000] {dag.py:3239} INFO - Sync 1 DAGs
[2024-10-27T14:50:09.428+0000] {logging_mixin.py:190} INFO - [2024-10-27T14:50:09.428+0000] {dag.py:4180} INFO - Setting next_dagrun for example_python_operator to None, run_after=None
[2024-10-27T14:50:09.569+0000] {processor.py:208} INFO - Processing /home/airflow/.local/lib/python3.12/site-packages/airflow/example_dags/example_python_operator.py took 1.386 seconds
[2024-10-27T14:50:46.020+0000] {processor.py:186} INFO - Started process (PID=136) to work on /home/airflow/.local/lib/python3.12/site-packages/airflow/example_dags/example_python_operator.py
[2024-10-27T14:50:46.069+0000] {processor.py:914} INFO - Processing file /home/airflow/.local/lib/python3.12/site-packages/airflow/example_dags/example_python_operator.py for tasks to queue
[2024-10-27T14:50:46.087+0000] {logging_mixin.py:190} INFO - [2024-10-27T14:50:46.086+0000] {dagbag.py:588} INFO - Filling up the DagBag from /home/airflow/.local/lib/python3.12/site-packages/airflow/example_dags/example_python_operator.py
[2024-10-27T14:50:46.934+0000] {processor.py:925} INFO - DAG(s) 'example_python_operator' retrieved from /home/airflow/.local/lib/python3.12/site-packages/airflow/example_dags/example_python_operator.py
[2024-10-27T14:50:47.141+0000] {logging_mixin.py:190} INFO - [2024-10-27T14:50:47.140+0000] {dag.py:3239} INFO - Sync 1 DAGs
[2024-10-27T14:50:47.271+0000] {logging_mixin.py:190} INFO - [2024-10-27T14:50:47.271+0000] {dag.py:4180} INFO - Setting next_dagrun for example_python_operator to None, run_after=None
[2024-10-27T14:50:49.298+0000] {processor.py:208} INFO - Processing /home/airflow/.local/lib/python3.12/site-packages/airflow/example_dags/example_python_operator.py took 3.356 seconds
[2024-10-27T14:51:19.873+0000] {processor.py:186} INFO - Started process (PID=205) to work on /home/airflow/.local/lib/python3.12/site-packages/airflow/example_dags/example_python_operator.py
[2024-10-27T14:51:19.912+0000] {processor.py:914} INFO - Processing file /home/airflow/.local/lib/python3.12/site-packages/airflow/example_dags/example_python_operator.py for tasks to queue
[2024-10-27T14:51:19.920+0000] {logging_mixin.py:190} INFO - [2024-10-27T14:51:19.919+0000] {dagbag.py:588} INFO - Filling up the DagBag from /home/airflow/.local/lib/python3.12/site-packages/airflow/example_dags/example_python_operator.py
[2024-10-27T14:51:19.995+0000] {processor.py:925} INFO - DAG(s) 'example_python_operator' retrieved from /home/airflow/.local/lib/python3.12/site-packages/airflow/example_dags/example_python_operator.py
[2024-10-27T14:51:20.114+0000] {logging_mixin.py:190} INFO - [2024-10-27T14:51:20.113+0000] {dag.py:3239} INFO - Sync 1 DAGs
[2024-10-27T14:51:20.171+0000] {logging_mixin.py:190} INFO - [2024-10-27T14:51:20.171+0000] {dag.py:4180} INFO - Setting next_dagrun for example_python_operator to None, run_after=None
[2024-10-27T14:51:20.252+0000] {processor.py:208} INFO - Processing /home/airflow/.local/lib/python3.12/site-packages/airflow/example_dags/example_python_operator.py took 0.393 seconds
[2024-10-27T14:51:50.619+0000] {processor.py:186} INFO - Started process (PID=267) to work on /home/airflow/.local/lib/python3.12/site-packages/airflow/example_dags/example_python_operator.py
[2024-10-27T14:51:50.620+0000] {processor.py:914} INFO - Processing file /home/airflow/.local/lib/python3.12/site-packages/airflow/example_dags/example_python_operator.py for tasks to queue
[2024-10-27T14:51:50.626+0000] {logging_mixin.py:190} INFO - [2024-10-27T14:51:50.625+0000] {dagbag.py:588} INFO - Filling up the DagBag from /home/airflow/.local/lib/python3.12/site-packages/airflow/example_dags/example_python_operator.py
[2024-10-27T14:51:50.667+0000] {processor.py:925} INFO - DAG(s) 'example_python_operator' retrieved from /home/airflow/.local/lib/python3.12/site-packages/airflow/example_dags/example_python_operator.py
[2024-10-27T14:51:50.728+0000] {logging_mixin.py:190} INFO - [2024-10-27T14:51:50.728+0000] {dag.py:3239} INFO - Sync 1 DAGs
[2024-10-27T14:51:50.763+0000] {logging_mixin.py:190} INFO - [2024-10-27T14:51:50.762+0000] {dag.py:4180} INFO - Setting next_dagrun for example_python_operator to None, run_after=None
[2024-10-27T14:51:50.882+0000] {processor.py:208} INFO - Processing /home/airflow/.local/lib/python3.12/site-packages/airflow/example_dags/example_python_operator.py took 0.285 seconds
[2024-10-27T14:52:21.317+0000] {processor.py:186} INFO - Started process (PID=329) to work on /home/airflow/.local/lib/python3.12/site-packages/airflow/example_dags/example_python_operator.py
[2024-10-27T14:52:21.319+0000] {processor.py:914} INFO - Processing file /home/airflow/.local/lib/python3.12/site-packages/airflow/example_dags/example_python_operator.py for tasks to queue
[2024-10-27T14:52:21.322+0000] {logging_mixin.py:190} INFO - [2024-10-27T14:52:21.322+0000] {dagbag.py:588} INFO - Filling up the DagBag from /home/airflow/.local/lib/python3.12/site-packages/airflow/example_dags/example_python_operator.py
[2024-10-27T14:52:21.339+0000] {processor.py:925} INFO - DAG(s) 'example_python_operator' retrieved from /home/airflow/.local/lib/python3.12/site-packages/airflow/example_dags/example_python_operator.py
[2024-10-27T14:52:21.378+0000] {logging_mixin.py:190} INFO - [2024-10-27T14:52:21.378+0000] {dag.py:3239} INFO - Sync 1 DAGs
[2024-10-27T14:52:21.402+0000] {logging_mixin.py:190} INFO - [2024-10-27T14:52:21.402+0000] {dag.py:4180} INFO - Setting next_dagrun for example_python_operator to None, run_after=None
[2024-10-27T14:52:21.446+0000] {processor.py:208} INFO - Processing /home/airflow/.local/lib/python3.12/site-packages/airflow/example_dags/example_python_operator.py took 0.139 seconds
[2024-10-27T14:52:51.613+0000] {processor.py:186} INFO - Started process (PID=390) to work on /home/airflow/.local/lib/python3.12/site-packages/airflow/example_dags/example_python_operator.py
[2024-10-27T14:52:51.615+0000] {processor.py:914} INFO - Processing file /home/airflow/.local/lib/python3.12/site-packages/airflow/example_dags/example_python_operator.py for tasks to queue
[2024-10-27T14:52:51.620+0000] {logging_mixin.py:190} INFO - [2024-10-27T14:52:51.619+0000] {dagbag.py:588} INFO - Filling up the DagBag from /home/airflow/.local/lib/python3.12/site-packages/airflow/example_dags/example_python_operator.py
[2024-10-27T14:52:51.639+0000] {processor.py:925} INFO - DAG(s) 'example_python_operator' retrieved from /home/airflow/.local/lib/python3.12/site-packages/airflow/example_dags/example_python_operator.py
[2024-10-27T14:52:51.680+0000] {logging_mixin.py:190} INFO - [2024-10-27T14:52:51.679+0000] {dag.py:3239} INFO - Sync 1 DAGs
[2024-10-27T14:52:51.700+0000] {logging_mixin.py:190} INFO - [2024-10-27T14:52:51.700+0000] {dag.py:4180} INFO - Setting next_dagrun for example_python_operator to None, run_after=None
[2024-10-27T14:52:52.108+0000] {processor.py:208} INFO - Processing /home/airflow/.local/lib/python3.12/site-packages/airflow/example_dags/example_python_operator.py took 0.505 seconds
[2024-10-27T14:53:22.308+0000] {processor.py:186} INFO - Started process (PID=452) to work on /home/airflow/.local/lib/python3.12/site-packages/airflow/example_dags/example_python_operator.py
[2024-10-27T14:53:22.310+0000] {processor.py:914} INFO - Processing file /home/airflow/.local/lib/python3.12/site-packages/airflow/example_dags/example_python_operator.py for tasks to queue
[2024-10-27T14:53:22.313+0000] {logging_mixin.py:190} INFO - [2024-10-27T14:53:22.313+0000] {dagbag.py:588} INFO - Filling up the DagBag from /home/airflow/.local/lib/python3.12/site-packages/airflow/example_dags/example_python_operator.py
[2024-10-27T14:53:22.332+0000] {processor.py:925} INFO - DAG(s) 'example_python_operator' retrieved from /home/airflow/.local/lib/python3.12/site-packages/airflow/example_dags/example_python_operator.py
[2024-10-27T14:53:22.365+0000] {logging_mixin.py:190} INFO - [2024-10-27T14:53:22.365+0000] {dag.py:3239} INFO - Sync 1 DAGs
[2024-10-27T14:53:22.389+0000] {logging_mixin.py:190} INFO - [2024-10-27T14:53:22.389+0000] {dag.py:4180} INFO - Setting next_dagrun for example_python_operator to None, run_after=None
[2024-10-27T14:53:22.482+0000] {processor.py:208} INFO - Processing /home/airflow/.local/lib/python3.12/site-packages/airflow/example_dags/example_python_operator.py took 0.185 seconds
