[2024-10-27T13:43:11.134+0000] {processor.py:186} INFO - Started process (PID=87) to work on /home/airflow/.local/lib/python3.12/site-packages/airflow/example_dags/example_task_group.py
[2024-10-27T13:43:11.136+0000] {processor.py:914} INFO - Processing file /home/airflow/.local/lib/python3.12/site-packages/airflow/example_dags/example_task_group.py for tasks to queue
[2024-10-27T13:43:11.143+0000] {logging_mixin.py:190} INFO - [2024-10-27T13:43:11.142+0000] {dagbag.py:588} INFO - Filling up the DagBag from /home/airflow/.local/lib/python3.12/site-packages/airflow/example_dags/example_task_group.py
[2024-10-27T13:43:11.187+0000] {processor.py:925} INFO - DAG(s) 'example_task_group' retrieved from /home/airflow/.local/lib/python3.12/site-packages/airflow/example_dags/example_task_group.py
[2024-10-27T13:43:11.641+0000] {logging_mixin.py:190} INFO - [2024-10-27T13:43:11.641+0000] {dag.py:3239} INFO - Sync 1 DAGs
[2024-10-27T13:43:11.673+0000] {logging_mixin.py:190} INFO - [2024-10-27T13:43:11.673+0000] {dag.py:4180} INFO - Setting next_dagrun for example_task_group to None, run_after=None
[2024-10-27T13:43:11.747+0000] {processor.py:208} INFO - Processing /home/airflow/.local/lib/python3.12/site-packages/airflow/example_dags/example_task_group.py took 0.630 seconds
[2024-10-27T13:43:43.044+0000] {processor.py:186} INFO - Started process (PID=149) to work on /home/airflow/.local/lib/python3.12/site-packages/airflow/example_dags/example_task_group.py
[2024-10-27T13:43:43.046+0000] {processor.py:914} INFO - Processing file /home/airflow/.local/lib/python3.12/site-packages/airflow/example_dags/example_task_group.py for tasks to queue
[2024-10-27T13:43:43.055+0000] {logging_mixin.py:190} INFO - [2024-10-27T13:43:43.054+0000] {dagbag.py:588} INFO - Filling up the DagBag from /home/airflow/.local/lib/python3.12/site-packages/airflow/example_dags/example_task_group.py
[2024-10-27T13:43:43.098+0000] {processor.py:925} INFO - DAG(s) 'example_task_group' retrieved from /home/airflow/.local/lib/python3.12/site-packages/airflow/example_dags/example_task_group.py
[2024-10-27T13:43:43.207+0000] {logging_mixin.py:190} INFO - [2024-10-27T13:43:43.207+0000] {dag.py:3239} INFO - Sync 1 DAGs
[2024-10-27T13:43:43.253+0000] {logging_mixin.py:190} INFO - [2024-10-27T13:43:43.252+0000] {dag.py:4180} INFO - Setting next_dagrun for example_task_group to None, run_after=None
[2024-10-27T13:43:43.316+0000] {processor.py:208} INFO - Processing /home/airflow/.local/lib/python3.12/site-packages/airflow/example_dags/example_task_group.py took 0.299 seconds
[2024-10-27T13:44:15.882+0000] {processor.py:186} INFO - Started process (PID=210) to work on /home/airflow/.local/lib/python3.12/site-packages/airflow/example_dags/example_task_group.py
[2024-10-27T13:44:15.883+0000] {processor.py:914} INFO - Processing file /home/airflow/.local/lib/python3.12/site-packages/airflow/example_dags/example_task_group.py for tasks to queue
[2024-10-27T13:44:15.886+0000] {logging_mixin.py:190} INFO - [2024-10-27T13:44:15.886+0000] {dagbag.py:588} INFO - Filling up the DagBag from /home/airflow/.local/lib/python3.12/site-packages/airflow/example_dags/example_task_group.py
[2024-10-27T13:44:15.907+0000] {processor.py:925} INFO - DAG(s) 'example_task_group' retrieved from /home/airflow/.local/lib/python3.12/site-packages/airflow/example_dags/example_task_group.py
[2024-10-27T13:44:15.951+0000] {logging_mixin.py:190} INFO - [2024-10-27T13:44:15.951+0000] {dag.py:3239} INFO - Sync 1 DAGs
[2024-10-27T13:44:15.977+0000] {logging_mixin.py:190} INFO - [2024-10-27T13:44:15.977+0000] {dag.py:4180} INFO - Setting next_dagrun for example_task_group to None, run_after=None
[2024-10-27T13:44:16.052+0000] {processor.py:208} INFO - Processing /home/airflow/.local/lib/python3.12/site-packages/airflow/example_dags/example_task_group.py took 0.183 seconds
[2024-10-27T13:44:46.759+0000] {processor.py:186} INFO - Started process (PID=272) to work on /home/airflow/.local/lib/python3.12/site-packages/airflow/example_dags/example_task_group.py
[2024-10-27T13:44:46.761+0000] {processor.py:914} INFO - Processing file /home/airflow/.local/lib/python3.12/site-packages/airflow/example_dags/example_task_group.py for tasks to queue
[2024-10-27T13:44:46.766+0000] {logging_mixin.py:190} INFO - [2024-10-27T13:44:46.765+0000] {dagbag.py:588} INFO - Filling up the DagBag from /home/airflow/.local/lib/python3.12/site-packages/airflow/example_dags/example_task_group.py
[2024-10-27T13:44:46.780+0000] {processor.py:925} INFO - DAG(s) 'example_task_group' retrieved from /home/airflow/.local/lib/python3.12/site-packages/airflow/example_dags/example_task_group.py
[2024-10-27T13:44:46.820+0000] {logging_mixin.py:190} INFO - [2024-10-27T13:44:46.819+0000] {dag.py:3239} INFO - Sync 1 DAGs
[2024-10-27T13:44:46.867+0000] {logging_mixin.py:190} INFO - [2024-10-27T13:44:46.866+0000] {dag.py:4180} INFO - Setting next_dagrun for example_task_group to None, run_after=None
[2024-10-27T13:44:46.917+0000] {processor.py:208} INFO - Processing /home/airflow/.local/lib/python3.12/site-packages/airflow/example_dags/example_task_group.py took 0.169 seconds
[2024-10-27T13:45:23.246+0000] {processor.py:186} INFO - Started process (PID=334) to work on /home/airflow/.local/lib/python3.12/site-packages/airflow/example_dags/example_task_group.py
[2024-10-27T13:45:23.248+0000] {processor.py:914} INFO - Processing file /home/airflow/.local/lib/python3.12/site-packages/airflow/example_dags/example_task_group.py for tasks to queue
[2024-10-27T13:45:23.271+0000] {logging_mixin.py:190} INFO - [2024-10-27T13:45:23.270+0000] {dagbag.py:588} INFO - Filling up the DagBag from /home/airflow/.local/lib/python3.12/site-packages/airflow/example_dags/example_task_group.py
[2024-10-27T13:45:23.332+0000] {processor.py:925} INFO - DAG(s) 'example_task_group' retrieved from /home/airflow/.local/lib/python3.12/site-packages/airflow/example_dags/example_task_group.py
[2024-10-27T13:45:23.470+0000] {logging_mixin.py:190} INFO - [2024-10-27T13:45:23.469+0000] {dag.py:3239} INFO - Sync 1 DAGs
[2024-10-27T13:45:23.571+0000] {logging_mixin.py:190} INFO - [2024-10-27T13:45:23.570+0000] {dag.py:4180} INFO - Setting next_dagrun for example_task_group to None, run_after=None
[2024-10-27T13:45:23.666+0000] {processor.py:208} INFO - Processing /home/airflow/.local/lib/python3.12/site-packages/airflow/example_dags/example_task_group.py took 0.451 seconds
[2024-10-27T13:53:41.974+0000] {processor.py:186} INFO - Started process (PID=109) to work on /home/airflow/.local/lib/python3.12/site-packages/airflow/example_dags/example_task_group.py
[2024-10-27T13:53:41.994+0000] {processor.py:914} INFO - Processing file /home/airflow/.local/lib/python3.12/site-packages/airflow/example_dags/example_task_group.py for tasks to queue
[2024-10-27T13:53:41.999+0000] {logging_mixin.py:190} INFO - [2024-10-27T13:53:41.999+0000] {dagbag.py:588} INFO - Filling up the DagBag from /home/airflow/.local/lib/python3.12/site-packages/airflow/example_dags/example_task_group.py
[2024-10-27T13:53:42.018+0000] {processor.py:925} INFO - DAG(s) 'example_task_group' retrieved from /home/airflow/.local/lib/python3.12/site-packages/airflow/example_dags/example_task_group.py
[2024-10-27T13:53:42.092+0000] {logging_mixin.py:190} INFO - [2024-10-27T13:53:42.092+0000] {dag.py:3239} INFO - Sync 1 DAGs
[2024-10-27T13:53:42.118+0000] {logging_mixin.py:190} INFO - [2024-10-27T13:53:42.117+0000] {dag.py:4180} INFO - Setting next_dagrun for example_task_group to None, run_after=None
[2024-10-27T13:53:42.849+0000] {processor.py:208} INFO - Processing /home/airflow/.local/lib/python3.12/site-packages/airflow/example_dags/example_task_group.py took 0.905 seconds
[2024-10-27T13:54:42.459+0000] {processor.py:186} INFO - Started process (PID=193) to work on /home/airflow/.local/lib/python3.12/site-packages/airflow/example_dags/example_task_group.py
[2024-10-27T13:54:42.461+0000] {processor.py:914} INFO - Processing file /home/airflow/.local/lib/python3.12/site-packages/airflow/example_dags/example_task_group.py for tasks to queue
[2024-10-27T13:54:42.464+0000] {logging_mixin.py:190} INFO - [2024-10-27T13:54:42.464+0000] {dagbag.py:588} INFO - Filling up the DagBag from /home/airflow/.local/lib/python3.12/site-packages/airflow/example_dags/example_task_group.py
[2024-10-27T13:54:42.477+0000] {processor.py:925} INFO - DAG(s) 'example_task_group' retrieved from /home/airflow/.local/lib/python3.12/site-packages/airflow/example_dags/example_task_group.py
[2024-10-27T13:54:42.518+0000] {logging_mixin.py:190} INFO - [2024-10-27T13:54:42.518+0000] {dag.py:3239} INFO - Sync 1 DAGs
[2024-10-27T13:54:42.581+0000] {logging_mixin.py:190} INFO - [2024-10-27T13:54:42.580+0000] {dag.py:4180} INFO - Setting next_dagrun for example_task_group to None, run_after=None
[2024-10-27T13:54:43.294+0000] {processor.py:208} INFO - Processing /home/airflow/.local/lib/python3.12/site-packages/airflow/example_dags/example_task_group.py took 0.845 seconds
[2024-10-27T13:55:13.848+0000] {processor.py:186} INFO - Started process (PID=255) to work on /home/airflow/.local/lib/python3.12/site-packages/airflow/example_dags/example_task_group.py
[2024-10-27T13:55:13.862+0000] {processor.py:914} INFO - Processing file /home/airflow/.local/lib/python3.12/site-packages/airflow/example_dags/example_task_group.py for tasks to queue
[2024-10-27T13:55:13.876+0000] {logging_mixin.py:190} INFO - [2024-10-27T13:55:13.865+0000] {dagbag.py:588} INFO - Filling up the DagBag from /home/airflow/.local/lib/python3.12/site-packages/airflow/example_dags/example_task_group.py
[2024-10-27T13:55:13.911+0000] {processor.py:925} INFO - DAG(s) 'example_task_group' retrieved from /home/airflow/.local/lib/python3.12/site-packages/airflow/example_dags/example_task_group.py
[2024-10-27T13:55:14.022+0000] {logging_mixin.py:190} INFO - [2024-10-27T13:55:14.021+0000] {dag.py:3239} INFO - Sync 1 DAGs
[2024-10-27T13:55:14.133+0000] {logging_mixin.py:190} INFO - [2024-10-27T13:55:14.133+0000] {dag.py:4180} INFO - Setting next_dagrun for example_task_group to None, run_after=None
[2024-10-27T13:55:14.261+0000] {processor.py:208} INFO - Processing /home/airflow/.local/lib/python3.12/site-packages/airflow/example_dags/example_task_group.py took 0.446 seconds
[2024-10-27T13:55:45.473+0000] {processor.py:186} INFO - Started process (PID=317) to work on /home/airflow/.local/lib/python3.12/site-packages/airflow/example_dags/example_task_group.py
[2024-10-27T13:55:45.475+0000] {processor.py:914} INFO - Processing file /home/airflow/.local/lib/python3.12/site-packages/airflow/example_dags/example_task_group.py for tasks to queue
[2024-10-27T13:55:45.496+0000] {logging_mixin.py:190} INFO - [2024-10-27T13:55:45.495+0000] {dagbag.py:588} INFO - Filling up the DagBag from /home/airflow/.local/lib/python3.12/site-packages/airflow/example_dags/example_task_group.py
[2024-10-27T13:55:45.558+0000] {processor.py:925} INFO - DAG(s) 'example_task_group' retrieved from /home/airflow/.local/lib/python3.12/site-packages/airflow/example_dags/example_task_group.py
[2024-10-27T13:55:45.692+0000] {logging_mixin.py:190} INFO - [2024-10-27T13:55:45.691+0000] {dag.py:3239} INFO - Sync 1 DAGs
[2024-10-27T13:55:45.784+0000] {logging_mixin.py:190} INFO - [2024-10-27T13:55:45.784+0000] {dag.py:4180} INFO - Setting next_dagrun for example_task_group to None, run_after=None
[2024-10-27T13:55:46.057+0000] {processor.py:208} INFO - Processing /home/airflow/.local/lib/python3.12/site-packages/airflow/example_dags/example_task_group.py took 0.604 seconds
[2024-10-27T13:56:16.514+0000] {processor.py:186} INFO - Started process (PID=379) to work on /home/airflow/.local/lib/python3.12/site-packages/airflow/example_dags/example_task_group.py
[2024-10-27T13:56:16.518+0000] {processor.py:914} INFO - Processing file /home/airflow/.local/lib/python3.12/site-packages/airflow/example_dags/example_task_group.py for tasks to queue
[2024-10-27T13:56:16.522+0000] {logging_mixin.py:190} INFO - [2024-10-27T13:56:16.522+0000] {dagbag.py:588} INFO - Filling up the DagBag from /home/airflow/.local/lib/python3.12/site-packages/airflow/example_dags/example_task_group.py
[2024-10-27T13:56:16.554+0000] {processor.py:925} INFO - DAG(s) 'example_task_group' retrieved from /home/airflow/.local/lib/python3.12/site-packages/airflow/example_dags/example_task_group.py
[2024-10-27T13:56:16.632+0000] {logging_mixin.py:190} INFO - [2024-10-27T13:56:16.632+0000] {dag.py:3239} INFO - Sync 1 DAGs
[2024-10-27T13:56:16.711+0000] {logging_mixin.py:190} INFO - [2024-10-27T13:56:16.710+0000] {dag.py:4180} INFO - Setting next_dagrun for example_task_group to None, run_after=None
[2024-10-27T13:56:16.798+0000] {processor.py:208} INFO - Processing /home/airflow/.local/lib/python3.12/site-packages/airflow/example_dags/example_task_group.py took 0.302 seconds
[2024-10-27T13:56:50.650+0000] {processor.py:186} INFO - Started process (PID=443) to work on /home/airflow/.local/lib/python3.12/site-packages/airflow/example_dags/example_task_group.py
[2024-10-27T13:56:50.651+0000] {processor.py:914} INFO - Processing file /home/airflow/.local/lib/python3.12/site-packages/airflow/example_dags/example_task_group.py for tasks to queue
[2024-10-27T13:56:50.655+0000] {logging_mixin.py:190} INFO - [2024-10-27T13:56:50.655+0000] {dagbag.py:588} INFO - Filling up the DagBag from /home/airflow/.local/lib/python3.12/site-packages/airflow/example_dags/example_task_group.py
[2024-10-27T13:56:50.666+0000] {processor.py:925} INFO - DAG(s) 'example_task_group' retrieved from /home/airflow/.local/lib/python3.12/site-packages/airflow/example_dags/example_task_group.py
[2024-10-27T13:56:50.696+0000] {logging_mixin.py:190} INFO - [2024-10-27T13:56:50.696+0000] {dag.py:3239} INFO - Sync 1 DAGs
[2024-10-27T13:56:50.716+0000] {logging_mixin.py:190} INFO - [2024-10-27T13:56:50.715+0000] {dag.py:4180} INFO - Setting next_dagrun for example_task_group to None, run_after=None
[2024-10-27T13:56:51.429+0000] {processor.py:208} INFO - Processing /home/airflow/.local/lib/python3.12/site-packages/airflow/example_dags/example_task_group.py took 0.787 seconds
[2024-10-27T13:57:21.689+0000] {processor.py:186} INFO - Started process (PID=505) to work on /home/airflow/.local/lib/python3.12/site-packages/airflow/example_dags/example_task_group.py
[2024-10-27T13:57:21.691+0000] {processor.py:914} INFO - Processing file /home/airflow/.local/lib/python3.12/site-packages/airflow/example_dags/example_task_group.py for tasks to queue
[2024-10-27T13:57:21.696+0000] {logging_mixin.py:190} INFO - [2024-10-27T13:57:21.695+0000] {dagbag.py:588} INFO - Filling up the DagBag from /home/airflow/.local/lib/python3.12/site-packages/airflow/example_dags/example_task_group.py
[2024-10-27T13:57:21.717+0000] {processor.py:925} INFO - DAG(s) 'example_task_group' retrieved from /home/airflow/.local/lib/python3.12/site-packages/airflow/example_dags/example_task_group.py
[2024-10-27T13:57:21.755+0000] {logging_mixin.py:190} INFO - [2024-10-27T13:57:21.754+0000] {dag.py:3239} INFO - Sync 1 DAGs
[2024-10-27T13:57:21.781+0000] {logging_mixin.py:190} INFO - [2024-10-27T13:57:21.781+0000] {dag.py:4180} INFO - Setting next_dagrun for example_task_group to None, run_after=None
[2024-10-27T13:57:21.883+0000] {processor.py:208} INFO - Processing /home/airflow/.local/lib/python3.12/site-packages/airflow/example_dags/example_task_group.py took 0.224 seconds
[2024-10-27T13:57:52.245+0000] {processor.py:186} INFO - Started process (PID=568) to work on /home/airflow/.local/lib/python3.12/site-packages/airflow/example_dags/example_task_group.py
[2024-10-27T13:57:52.247+0000] {processor.py:914} INFO - Processing file /home/airflow/.local/lib/python3.12/site-packages/airflow/example_dags/example_task_group.py for tasks to queue
[2024-10-27T13:57:52.251+0000] {logging_mixin.py:190} INFO - [2024-10-27T13:57:52.251+0000] {dagbag.py:588} INFO - Filling up the DagBag from /home/airflow/.local/lib/python3.12/site-packages/airflow/example_dags/example_task_group.py
[2024-10-27T13:57:52.284+0000] {processor.py:925} INFO - DAG(s) 'example_task_group' retrieved from /home/airflow/.local/lib/python3.12/site-packages/airflow/example_dags/example_task_group.py
[2024-10-27T13:57:52.385+0000] {logging_mixin.py:190} INFO - [2024-10-27T13:57:52.385+0000] {dag.py:3239} INFO - Sync 1 DAGs
[2024-10-27T13:57:52.461+0000] {logging_mixin.py:190} INFO - [2024-10-27T13:57:52.460+0000] {dag.py:4180} INFO - Setting next_dagrun for example_task_group to None, run_after=None
[2024-10-27T13:57:52.558+0000] {processor.py:208} INFO - Processing /home/airflow/.local/lib/python3.12/site-packages/airflow/example_dags/example_task_group.py took 0.326 seconds
[2024-10-27T13:58:24.795+0000] {processor.py:186} INFO - Started process (PID=630) to work on /home/airflow/.local/lib/python3.12/site-packages/airflow/example_dags/example_task_group.py
[2024-10-27T13:58:24.801+0000] {processor.py:914} INFO - Processing file /home/airflow/.local/lib/python3.12/site-packages/airflow/example_dags/example_task_group.py for tasks to queue
[2024-10-27T13:58:24.809+0000] {logging_mixin.py:190} INFO - [2024-10-27T13:58:24.808+0000] {dagbag.py:588} INFO - Filling up the DagBag from /home/airflow/.local/lib/python3.12/site-packages/airflow/example_dags/example_task_group.py
[2024-10-27T13:58:24.829+0000] {processor.py:925} INFO - DAG(s) 'example_task_group' retrieved from /home/airflow/.local/lib/python3.12/site-packages/airflow/example_dags/example_task_group.py
[2024-10-27T13:58:24.877+0000] {logging_mixin.py:190} INFO - [2024-10-27T13:58:24.877+0000] {dag.py:3239} INFO - Sync 1 DAGs
[2024-10-27T13:58:24.911+0000] {logging_mixin.py:190} INFO - [2024-10-27T13:58:24.911+0000] {dag.py:4180} INFO - Setting next_dagrun for example_task_group to None, run_after=None
[2024-10-27T13:58:25.009+0000] {processor.py:208} INFO - Processing /home/airflow/.local/lib/python3.12/site-packages/airflow/example_dags/example_task_group.py took 0.238 seconds
[2024-10-27T13:58:55.278+0000] {processor.py:186} INFO - Started process (PID=692) to work on /home/airflow/.local/lib/python3.12/site-packages/airflow/example_dags/example_task_group.py
[2024-10-27T13:58:55.281+0000] {processor.py:914} INFO - Processing file /home/airflow/.local/lib/python3.12/site-packages/airflow/example_dags/example_task_group.py for tasks to queue
[2024-10-27T13:58:55.284+0000] {logging_mixin.py:190} INFO - [2024-10-27T13:58:55.284+0000] {dagbag.py:588} INFO - Filling up the DagBag from /home/airflow/.local/lib/python3.12/site-packages/airflow/example_dags/example_task_group.py
[2024-10-27T13:58:55.297+0000] {processor.py:925} INFO - DAG(s) 'example_task_group' retrieved from /home/airflow/.local/lib/python3.12/site-packages/airflow/example_dags/example_task_group.py
[2024-10-27T13:58:55.335+0000] {logging_mixin.py:190} INFO - [2024-10-27T13:58:55.335+0000] {dag.py:3239} INFO - Sync 1 DAGs
[2024-10-27T13:58:55.359+0000] {logging_mixin.py:190} INFO - [2024-10-27T13:58:55.359+0000] {dag.py:4180} INFO - Setting next_dagrun for example_task_group to None, run_after=None
[2024-10-27T13:58:55.397+0000] {processor.py:208} INFO - Processing /home/airflow/.local/lib/python3.12/site-packages/airflow/example_dags/example_task_group.py took 0.131 seconds
[2024-10-27T13:59:27.771+0000] {processor.py:186} INFO - Started process (PID=754) to work on /home/airflow/.local/lib/python3.12/site-packages/airflow/example_dags/example_task_group.py
[2024-10-27T13:59:27.778+0000] {processor.py:914} INFO - Processing file /home/airflow/.local/lib/python3.12/site-packages/airflow/example_dags/example_task_group.py for tasks to queue
[2024-10-27T13:59:27.783+0000] {logging_mixin.py:190} INFO - [2024-10-27T13:59:27.782+0000] {dagbag.py:588} INFO - Filling up the DagBag from /home/airflow/.local/lib/python3.12/site-packages/airflow/example_dags/example_task_group.py
[2024-10-27T13:59:27.803+0000] {processor.py:925} INFO - DAG(s) 'example_task_group' retrieved from /home/airflow/.local/lib/python3.12/site-packages/airflow/example_dags/example_task_group.py
[2024-10-27T13:59:27.862+0000] {logging_mixin.py:190} INFO - [2024-10-27T13:59:27.861+0000] {dag.py:3239} INFO - Sync 1 DAGs
[2024-10-27T13:59:27.913+0000] {logging_mixin.py:190} INFO - [2024-10-27T13:59:27.913+0000] {dag.py:4180} INFO - Setting next_dagrun for example_task_group to None, run_after=None
[2024-10-27T13:59:28.229+0000] {processor.py:208} INFO - Processing /home/airflow/.local/lib/python3.12/site-packages/airflow/example_dags/example_task_group.py took 0.487 seconds
[2024-10-27T13:59:58.946+0000] {processor.py:186} INFO - Started process (PID=816) to work on /home/airflow/.local/lib/python3.12/site-packages/airflow/example_dags/example_task_group.py
[2024-10-27T13:59:58.948+0000] {processor.py:914} INFO - Processing file /home/airflow/.local/lib/python3.12/site-packages/airflow/example_dags/example_task_group.py for tasks to queue
[2024-10-27T13:59:58.952+0000] {logging_mixin.py:190} INFO - [2024-10-27T13:59:58.951+0000] {dagbag.py:588} INFO - Filling up the DagBag from /home/airflow/.local/lib/python3.12/site-packages/airflow/example_dags/example_task_group.py
[2024-10-27T13:59:58.969+0000] {processor.py:925} INFO - DAG(s) 'example_task_group' retrieved from /home/airflow/.local/lib/python3.12/site-packages/airflow/example_dags/example_task_group.py
[2024-10-27T13:59:59.007+0000] {logging_mixin.py:190} INFO - [2024-10-27T13:59:59.007+0000] {dag.py:3239} INFO - Sync 1 DAGs
[2024-10-27T13:59:59.034+0000] {logging_mixin.py:190} INFO - [2024-10-27T13:59:59.034+0000] {dag.py:4180} INFO - Setting next_dagrun for example_task_group to None, run_after=None
[2024-10-27T13:59:59.086+0000] {processor.py:208} INFO - Processing /home/airflow/.local/lib/python3.12/site-packages/airflow/example_dags/example_task_group.py took 0.148 seconds
[2024-10-27T14:00:30.453+0000] {processor.py:186} INFO - Started process (PID=878) to work on /home/airflow/.local/lib/python3.12/site-packages/airflow/example_dags/example_task_group.py
[2024-10-27T14:00:30.469+0000] {processor.py:914} INFO - Processing file /home/airflow/.local/lib/python3.12/site-packages/airflow/example_dags/example_task_group.py for tasks to queue
[2024-10-27T14:00:30.480+0000] {logging_mixin.py:190} INFO - [2024-10-27T14:00:30.479+0000] {dagbag.py:588} INFO - Filling up the DagBag from /home/airflow/.local/lib/python3.12/site-packages/airflow/example_dags/example_task_group.py
[2024-10-27T14:00:30.528+0000] {processor.py:925} INFO - DAG(s) 'example_task_group' retrieved from /home/airflow/.local/lib/python3.12/site-packages/airflow/example_dags/example_task_group.py
[2024-10-27T14:00:30.636+0000] {logging_mixin.py:190} INFO - [2024-10-27T14:00:30.635+0000] {dag.py:3239} INFO - Sync 1 DAGs
[2024-10-27T14:00:30.701+0000] {logging_mixin.py:190} INFO - [2024-10-27T14:00:30.700+0000] {dag.py:4180} INFO - Setting next_dagrun for example_task_group to None, run_after=None
[2024-10-27T14:00:30.815+0000] {processor.py:208} INFO - Processing /home/airflow/.local/lib/python3.12/site-packages/airflow/example_dags/example_task_group.py took 0.384 seconds
[2024-10-27T14:01:01.131+0000] {processor.py:186} INFO - Started process (PID=940) to work on /home/airflow/.local/lib/python3.12/site-packages/airflow/example_dags/example_task_group.py
[2024-10-27T14:01:01.142+0000] {processor.py:914} INFO - Processing file /home/airflow/.local/lib/python3.12/site-packages/airflow/example_dags/example_task_group.py for tasks to queue
[2024-10-27T14:01:01.147+0000] {logging_mixin.py:190} INFO - [2024-10-27T14:01:01.146+0000] {dagbag.py:588} INFO - Filling up the DagBag from /home/airflow/.local/lib/python3.12/site-packages/airflow/example_dags/example_task_group.py
[2024-10-27T14:01:01.166+0000] {processor.py:925} INFO - DAG(s) 'example_task_group' retrieved from /home/airflow/.local/lib/python3.12/site-packages/airflow/example_dags/example_task_group.py
[2024-10-27T14:01:01.224+0000] {logging_mixin.py:190} INFO - [2024-10-27T14:01:01.224+0000] {dag.py:3239} INFO - Sync 1 DAGs
[2024-10-27T14:01:01.274+0000] {logging_mixin.py:190} INFO - [2024-10-27T14:01:01.273+0000] {dag.py:4180} INFO - Setting next_dagrun for example_task_group to None, run_after=None
[2024-10-27T14:01:01.370+0000] {processor.py:208} INFO - Processing /home/airflow/.local/lib/python3.12/site-packages/airflow/example_dags/example_task_group.py took 0.254 seconds
[2024-10-27T14:01:32.322+0000] {processor.py:186} INFO - Started process (PID=1003) to work on /home/airflow/.local/lib/python3.12/site-packages/airflow/example_dags/example_task_group.py
[2024-10-27T14:01:32.325+0000] {processor.py:914} INFO - Processing file /home/airflow/.local/lib/python3.12/site-packages/airflow/example_dags/example_task_group.py for tasks to queue
[2024-10-27T14:01:32.330+0000] {logging_mixin.py:190} INFO - [2024-10-27T14:01:32.329+0000] {dagbag.py:588} INFO - Filling up the DagBag from /home/airflow/.local/lib/python3.12/site-packages/airflow/example_dags/example_task_group.py
[2024-10-27T14:01:32.347+0000] {processor.py:925} INFO - DAG(s) 'example_task_group' retrieved from /home/airflow/.local/lib/python3.12/site-packages/airflow/example_dags/example_task_group.py
[2024-10-27T14:01:32.386+0000] {logging_mixin.py:190} INFO - [2024-10-27T14:01:32.385+0000] {dag.py:3239} INFO - Sync 1 DAGs
[2024-10-27T14:01:32.421+0000] {logging_mixin.py:190} INFO - [2024-10-27T14:01:32.420+0000] {dag.py:4180} INFO - Setting next_dagrun for example_task_group to None, run_after=None
[2024-10-27T14:01:32.488+0000] {processor.py:208} INFO - Processing /home/airflow/.local/lib/python3.12/site-packages/airflow/example_dags/example_task_group.py took 0.182 seconds
[2024-10-27T14:02:03.573+0000] {processor.py:186} INFO - Started process (PID=1065) to work on /home/airflow/.local/lib/python3.12/site-packages/airflow/example_dags/example_task_group.py
[2024-10-27T14:02:03.575+0000] {processor.py:914} INFO - Processing file /home/airflow/.local/lib/python3.12/site-packages/airflow/example_dags/example_task_group.py for tasks to queue
[2024-10-27T14:02:03.580+0000] {logging_mixin.py:190} INFO - [2024-10-27T14:02:03.579+0000] {dagbag.py:588} INFO - Filling up the DagBag from /home/airflow/.local/lib/python3.12/site-packages/airflow/example_dags/example_task_group.py
[2024-10-27T14:02:03.599+0000] {processor.py:925} INFO - DAG(s) 'example_task_group' retrieved from /home/airflow/.local/lib/python3.12/site-packages/airflow/example_dags/example_task_group.py
[2024-10-27T14:02:03.636+0000] {logging_mixin.py:190} INFO - [2024-10-27T14:02:03.635+0000] {dag.py:3239} INFO - Sync 1 DAGs
[2024-10-27T14:02:03.662+0000] {logging_mixin.py:190} INFO - [2024-10-27T14:02:03.662+0000] {dag.py:4180} INFO - Setting next_dagrun for example_task_group to None, run_after=None
[2024-10-27T14:02:03.726+0000] {processor.py:208} INFO - Processing /home/airflow/.local/lib/python3.12/site-packages/airflow/example_dags/example_task_group.py took 0.164 seconds
[2024-10-27T14:02:36.045+0000] {processor.py:186} INFO - Started process (PID=1127) to work on /home/airflow/.local/lib/python3.12/site-packages/airflow/example_dags/example_task_group.py
[2024-10-27T14:02:36.048+0000] {processor.py:914} INFO - Processing file /home/airflow/.local/lib/python3.12/site-packages/airflow/example_dags/example_task_group.py for tasks to queue
[2024-10-27T14:02:36.055+0000] {logging_mixin.py:190} INFO - [2024-10-27T14:02:36.054+0000] {dagbag.py:588} INFO - Filling up the DagBag from /home/airflow/.local/lib/python3.12/site-packages/airflow/example_dags/example_task_group.py
[2024-10-27T14:02:36.082+0000] {processor.py:925} INFO - DAG(s) 'example_task_group' retrieved from /home/airflow/.local/lib/python3.12/site-packages/airflow/example_dags/example_task_group.py
[2024-10-27T14:02:36.144+0000] {logging_mixin.py:190} INFO - [2024-10-27T14:02:36.143+0000] {dag.py:3239} INFO - Sync 1 DAGs
[2024-10-27T14:02:36.193+0000] {logging_mixin.py:190} INFO - [2024-10-27T14:02:36.193+0000] {dag.py:4180} INFO - Setting next_dagrun for example_task_group to None, run_after=None
[2024-10-27T14:02:36.355+0000] {processor.py:208} INFO - Processing /home/airflow/.local/lib/python3.12/site-packages/airflow/example_dags/example_task_group.py took 0.331 seconds
[2024-10-27T14:03:07.207+0000] {processor.py:186} INFO - Started process (PID=1189) to work on /home/airflow/.local/lib/python3.12/site-packages/airflow/example_dags/example_task_group.py
[2024-10-27T14:03:07.208+0000] {processor.py:914} INFO - Processing file /home/airflow/.local/lib/python3.12/site-packages/airflow/example_dags/example_task_group.py for tasks to queue
[2024-10-27T14:03:07.212+0000] {logging_mixin.py:190} INFO - [2024-10-27T14:03:07.211+0000] {dagbag.py:588} INFO - Filling up the DagBag from /home/airflow/.local/lib/python3.12/site-packages/airflow/example_dags/example_task_group.py
[2024-10-27T14:03:07.225+0000] {processor.py:925} INFO - DAG(s) 'example_task_group' retrieved from /home/airflow/.local/lib/python3.12/site-packages/airflow/example_dags/example_task_group.py
[2024-10-27T14:03:07.270+0000] {logging_mixin.py:190} INFO - [2024-10-27T14:03:07.270+0000] {dag.py:3239} INFO - Sync 1 DAGs
[2024-10-27T14:03:07.308+0000] {logging_mixin.py:190} INFO - [2024-10-27T14:03:07.308+0000] {dag.py:4180} INFO - Setting next_dagrun for example_task_group to None, run_after=None
[2024-10-27T14:03:07.480+0000] {processor.py:208} INFO - Processing /home/airflow/.local/lib/python3.12/site-packages/airflow/example_dags/example_task_group.py took 0.283 seconds
[2024-10-27T14:03:38.181+0000] {processor.py:186} INFO - Started process (PID=1250) to work on /home/airflow/.local/lib/python3.12/site-packages/airflow/example_dags/example_task_group.py
[2024-10-27T14:03:38.192+0000] {processor.py:914} INFO - Processing file /home/airflow/.local/lib/python3.12/site-packages/airflow/example_dags/example_task_group.py for tasks to queue
[2024-10-27T14:03:38.204+0000] {logging_mixin.py:190} INFO - [2024-10-27T14:03:38.204+0000] {dagbag.py:588} INFO - Filling up the DagBag from /home/airflow/.local/lib/python3.12/site-packages/airflow/example_dags/example_task_group.py
[2024-10-27T14:03:38.233+0000] {processor.py:925} INFO - DAG(s) 'example_task_group' retrieved from /home/airflow/.local/lib/python3.12/site-packages/airflow/example_dags/example_task_group.py
[2024-10-27T14:03:38.391+0000] {logging_mixin.py:190} INFO - [2024-10-27T14:03:38.390+0000] {dag.py:3239} INFO - Sync 1 DAGs
[2024-10-27T14:03:38.449+0000] {logging_mixin.py:190} INFO - [2024-10-27T14:03:38.449+0000] {dag.py:4180} INFO - Setting next_dagrun for example_task_group to None, run_after=None
[2024-10-27T14:03:40.120+0000] {processor.py:208} INFO - Processing /home/airflow/.local/lib/python3.12/site-packages/airflow/example_dags/example_task_group.py took 1.964 seconds
[2024-10-27T14:04:10.224+0000] {processor.py:186} INFO - Started process (PID=1316) to work on /home/airflow/.local/lib/python3.12/site-packages/airflow/example_dags/example_task_group.py
[2024-10-27T14:04:10.225+0000] {processor.py:914} INFO - Processing file /home/airflow/.local/lib/python3.12/site-packages/airflow/example_dags/example_task_group.py for tasks to queue
[2024-10-27T14:04:10.230+0000] {logging_mixin.py:190} INFO - [2024-10-27T14:04:10.229+0000] {dagbag.py:588} INFO - Filling up the DagBag from /home/airflow/.local/lib/python3.12/site-packages/airflow/example_dags/example_task_group.py
[2024-10-27T14:04:10.247+0000] {processor.py:925} INFO - DAG(s) 'example_task_group' retrieved from /home/airflow/.local/lib/python3.12/site-packages/airflow/example_dags/example_task_group.py
[2024-10-27T14:04:10.291+0000] {logging_mixin.py:190} INFO - [2024-10-27T14:04:10.291+0000] {dag.py:3239} INFO - Sync 1 DAGs
[2024-10-27T14:04:10.321+0000] {logging_mixin.py:190} INFO - [2024-10-27T14:04:10.320+0000] {dag.py:4180} INFO - Setting next_dagrun for example_task_group to None, run_after=None
[2024-10-27T14:04:10.525+0000] {processor.py:208} INFO - Processing /home/airflow/.local/lib/python3.12/site-packages/airflow/example_dags/example_task_group.py took 0.314 seconds
[2024-10-27T14:04:40.784+0000] {processor.py:186} INFO - Started process (PID=1378) to work on /home/airflow/.local/lib/python3.12/site-packages/airflow/example_dags/example_task_group.py
[2024-10-27T14:04:40.786+0000] {processor.py:914} INFO - Processing file /home/airflow/.local/lib/python3.12/site-packages/airflow/example_dags/example_task_group.py for tasks to queue
[2024-10-27T14:04:40.790+0000] {logging_mixin.py:190} INFO - [2024-10-27T14:04:40.790+0000] {dagbag.py:588} INFO - Filling up the DagBag from /home/airflow/.local/lib/python3.12/site-packages/airflow/example_dags/example_task_group.py
[2024-10-27T14:04:40.807+0000] {processor.py:925} INFO - DAG(s) 'example_task_group' retrieved from /home/airflow/.local/lib/python3.12/site-packages/airflow/example_dags/example_task_group.py
[2024-10-27T14:04:40.862+0000] {logging_mixin.py:190} INFO - [2024-10-27T14:04:40.861+0000] {dag.py:3239} INFO - Sync 1 DAGs
[2024-10-27T14:04:40.890+0000] {logging_mixin.py:190} INFO - [2024-10-27T14:04:40.890+0000] {dag.py:4180} INFO - Setting next_dagrun for example_task_group to None, run_after=None
[2024-10-27T14:04:40.928+0000] {processor.py:208} INFO - Processing /home/airflow/.local/lib/python3.12/site-packages/airflow/example_dags/example_task_group.py took 0.157 seconds
[2024-10-27T14:05:11.326+0000] {processor.py:186} INFO - Started process (PID=1440) to work on /home/airflow/.local/lib/python3.12/site-packages/airflow/example_dags/example_task_group.py
[2024-10-27T14:05:11.327+0000] {processor.py:914} INFO - Processing file /home/airflow/.local/lib/python3.12/site-packages/airflow/example_dags/example_task_group.py for tasks to queue
[2024-10-27T14:05:11.333+0000] {logging_mixin.py:190} INFO - [2024-10-27T14:05:11.332+0000] {dagbag.py:588} INFO - Filling up the DagBag from /home/airflow/.local/lib/python3.12/site-packages/airflow/example_dags/example_task_group.py
[2024-10-27T14:05:11.351+0000] {processor.py:925} INFO - DAG(s) 'example_task_group' retrieved from /home/airflow/.local/lib/python3.12/site-packages/airflow/example_dags/example_task_group.py
[2024-10-27T14:05:11.397+0000] {logging_mixin.py:190} INFO - [2024-10-27T14:05:11.397+0000] {dag.py:3239} INFO - Sync 1 DAGs
[2024-10-27T14:05:11.427+0000] {logging_mixin.py:190} INFO - [2024-10-27T14:05:11.426+0000] {dag.py:4180} INFO - Setting next_dagrun for example_task_group to None, run_after=None
[2024-10-27T14:05:11.471+0000] {processor.py:208} INFO - Processing /home/airflow/.local/lib/python3.12/site-packages/airflow/example_dags/example_task_group.py took 0.159 seconds
[2024-10-27T14:05:42.792+0000] {processor.py:186} INFO - Started process (PID=1501) to work on /home/airflow/.local/lib/python3.12/site-packages/airflow/example_dags/example_task_group.py
[2024-10-27T14:05:42.795+0000] {processor.py:914} INFO - Processing file /home/airflow/.local/lib/python3.12/site-packages/airflow/example_dags/example_task_group.py for tasks to queue
[2024-10-27T14:05:42.805+0000] {logging_mixin.py:190} INFO - [2024-10-27T14:05:42.805+0000] {dagbag.py:588} INFO - Filling up the DagBag from /home/airflow/.local/lib/python3.12/site-packages/airflow/example_dags/example_task_group.py
[2024-10-27T14:05:42.841+0000] {processor.py:925} INFO - DAG(s) 'example_task_group' retrieved from /home/airflow/.local/lib/python3.12/site-packages/airflow/example_dags/example_task_group.py
[2024-10-27T14:05:42.907+0000] {logging_mixin.py:190} INFO - [2024-10-27T14:05:42.907+0000] {dag.py:3239} INFO - Sync 1 DAGs
[2024-10-27T14:05:42.951+0000] {logging_mixin.py:190} INFO - [2024-10-27T14:05:42.950+0000] {dag.py:4180} INFO - Setting next_dagrun for example_task_group to None, run_after=None
[2024-10-27T14:05:43.016+0000] {processor.py:208} INFO - Processing /home/airflow/.local/lib/python3.12/site-packages/airflow/example_dags/example_task_group.py took 0.242 seconds
[2024-10-27T14:06:13.409+0000] {processor.py:186} INFO - Started process (PID=1563) to work on /home/airflow/.local/lib/python3.12/site-packages/airflow/example_dags/example_task_group.py
[2024-10-27T14:06:13.410+0000] {processor.py:914} INFO - Processing file /home/airflow/.local/lib/python3.12/site-packages/airflow/example_dags/example_task_group.py for tasks to queue
[2024-10-27T14:06:13.415+0000] {logging_mixin.py:190} INFO - [2024-10-27T14:06:13.414+0000] {dagbag.py:588} INFO - Filling up the DagBag from /home/airflow/.local/lib/python3.12/site-packages/airflow/example_dags/example_task_group.py
[2024-10-27T14:06:13.433+0000] {processor.py:925} INFO - DAG(s) 'example_task_group' retrieved from /home/airflow/.local/lib/python3.12/site-packages/airflow/example_dags/example_task_group.py
[2024-10-27T14:06:13.480+0000] {logging_mixin.py:190} INFO - [2024-10-27T14:06:13.479+0000] {dag.py:3239} INFO - Sync 1 DAGs
[2024-10-27T14:06:13.513+0000] {logging_mixin.py:190} INFO - [2024-10-27T14:06:13.512+0000] {dag.py:4180} INFO - Setting next_dagrun for example_task_group to None, run_after=None
[2024-10-27T14:06:13.557+0000] {processor.py:208} INFO - Processing /home/airflow/.local/lib/python3.12/site-packages/airflow/example_dags/example_task_group.py took 0.160 seconds
[2024-10-27T14:06:45.194+0000] {processor.py:186} INFO - Started process (PID=1625) to work on /home/airflow/.local/lib/python3.12/site-packages/airflow/example_dags/example_task_group.py
[2024-10-27T14:06:45.196+0000] {processor.py:914} INFO - Processing file /home/airflow/.local/lib/python3.12/site-packages/airflow/example_dags/example_task_group.py for tasks to queue
[2024-10-27T14:06:45.199+0000] {logging_mixin.py:190} INFO - [2024-10-27T14:06:45.198+0000] {dagbag.py:588} INFO - Filling up the DagBag from /home/airflow/.local/lib/python3.12/site-packages/airflow/example_dags/example_task_group.py
[2024-10-27T14:06:45.210+0000] {processor.py:925} INFO - DAG(s) 'example_task_group' retrieved from /home/airflow/.local/lib/python3.12/site-packages/airflow/example_dags/example_task_group.py
[2024-10-27T14:06:45.240+0000] {logging_mixin.py:190} INFO - [2024-10-27T14:06:45.240+0000] {dag.py:3239} INFO - Sync 1 DAGs
[2024-10-27T14:06:45.259+0000] {logging_mixin.py:190} INFO - [2024-10-27T14:06:45.259+0000] {dag.py:4180} INFO - Setting next_dagrun for example_task_group to None, run_after=None
[2024-10-27T14:06:46.752+0000] {processor.py:208} INFO - Processing /home/airflow/.local/lib/python3.12/site-packages/airflow/example_dags/example_task_group.py took 1.566 seconds
[2024-10-27T14:07:17.132+0000] {processor.py:186} INFO - Started process (PID=1687) to work on /home/airflow/.local/lib/python3.12/site-packages/airflow/example_dags/example_task_group.py
[2024-10-27T14:07:17.137+0000] {processor.py:914} INFO - Processing file /home/airflow/.local/lib/python3.12/site-packages/airflow/example_dags/example_task_group.py for tasks to queue
[2024-10-27T14:07:17.143+0000] {logging_mixin.py:190} INFO - [2024-10-27T14:07:17.142+0000] {dagbag.py:588} INFO - Filling up the DagBag from /home/airflow/.local/lib/python3.12/site-packages/airflow/example_dags/example_task_group.py
[2024-10-27T14:07:17.157+0000] {processor.py:925} INFO - DAG(s) 'example_task_group' retrieved from /home/airflow/.local/lib/python3.12/site-packages/airflow/example_dags/example_task_group.py
[2024-10-27T14:07:17.199+0000] {logging_mixin.py:190} INFO - [2024-10-27T14:07:17.199+0000] {dag.py:3239} INFO - Sync 1 DAGs
[2024-10-27T14:07:17.225+0000] {logging_mixin.py:190} INFO - [2024-10-27T14:07:17.224+0000] {dag.py:4180} INFO - Setting next_dagrun for example_task_group to None, run_after=None
[2024-10-27T14:07:17.391+0000] {processor.py:208} INFO - Processing /home/airflow/.local/lib/python3.12/site-packages/airflow/example_dags/example_task_group.py took 0.273 seconds
[2024-10-27T14:07:47.451+0000] {processor.py:186} INFO - Started process (PID=1749) to work on /home/airflow/.local/lib/python3.12/site-packages/airflow/example_dags/example_task_group.py
[2024-10-27T14:07:47.454+0000] {processor.py:914} INFO - Processing file /home/airflow/.local/lib/python3.12/site-packages/airflow/example_dags/example_task_group.py for tasks to queue
[2024-10-27T14:07:47.459+0000] {logging_mixin.py:190} INFO - [2024-10-27T14:07:47.459+0000] {dagbag.py:588} INFO - Filling up the DagBag from /home/airflow/.local/lib/python3.12/site-packages/airflow/example_dags/example_task_group.py
[2024-10-27T14:07:47.478+0000] {processor.py:925} INFO - DAG(s) 'example_task_group' retrieved from /home/airflow/.local/lib/python3.12/site-packages/airflow/example_dags/example_task_group.py
[2024-10-27T14:07:47.529+0000] {logging_mixin.py:190} INFO - [2024-10-27T14:07:47.528+0000] {dag.py:3239} INFO - Sync 1 DAGs
[2024-10-27T14:07:47.570+0000] {logging_mixin.py:190} INFO - [2024-10-27T14:07:47.569+0000] {dag.py:4180} INFO - Setting next_dagrun for example_task_group to None, run_after=None
[2024-10-27T14:07:47.622+0000] {processor.py:208} INFO - Processing /home/airflow/.local/lib/python3.12/site-packages/airflow/example_dags/example_task_group.py took 0.183 seconds
[2024-10-27T14:08:18.180+0000] {processor.py:186} INFO - Started process (PID=1811) to work on /home/airflow/.local/lib/python3.12/site-packages/airflow/example_dags/example_task_group.py
[2024-10-27T14:08:18.183+0000] {processor.py:914} INFO - Processing file /home/airflow/.local/lib/python3.12/site-packages/airflow/example_dags/example_task_group.py for tasks to queue
[2024-10-27T14:08:18.191+0000] {logging_mixin.py:190} INFO - [2024-10-27T14:08:18.190+0000] {dagbag.py:588} INFO - Filling up the DagBag from /home/airflow/.local/lib/python3.12/site-packages/airflow/example_dags/example_task_group.py
[2024-10-27T14:08:18.209+0000] {processor.py:925} INFO - DAG(s) 'example_task_group' retrieved from /home/airflow/.local/lib/python3.12/site-packages/airflow/example_dags/example_task_group.py
[2024-10-27T14:08:18.285+0000] {logging_mixin.py:190} INFO - [2024-10-27T14:08:18.284+0000] {dag.py:3239} INFO - Sync 1 DAGs
[2024-10-27T14:08:18.321+0000] {logging_mixin.py:190} INFO - [2024-10-27T14:08:18.320+0000] {dag.py:4180} INFO - Setting next_dagrun for example_task_group to None, run_after=None
[2024-10-27T14:08:18.360+0000] {processor.py:208} INFO - Processing /home/airflow/.local/lib/python3.12/site-packages/airflow/example_dags/example_task_group.py took 0.196 seconds
[2024-10-27T14:08:50.190+0000] {processor.py:186} INFO - Started process (PID=1874) to work on /home/airflow/.local/lib/python3.12/site-packages/airflow/example_dags/example_task_group.py
[2024-10-27T14:08:50.196+0000] {processor.py:914} INFO - Processing file /home/airflow/.local/lib/python3.12/site-packages/airflow/example_dags/example_task_group.py for tasks to queue
[2024-10-27T14:08:50.214+0000] {logging_mixin.py:190} INFO - [2024-10-27T14:08:50.214+0000] {dagbag.py:588} INFO - Filling up the DagBag from /home/airflow/.local/lib/python3.12/site-packages/airflow/example_dags/example_task_group.py
[2024-10-27T14:08:50.244+0000] {processor.py:925} INFO - DAG(s) 'example_task_group' retrieved from /home/airflow/.local/lib/python3.12/site-packages/airflow/example_dags/example_task_group.py
[2024-10-27T14:08:50.335+0000] {logging_mixin.py:190} INFO - [2024-10-27T14:08:50.335+0000] {dag.py:3239} INFO - Sync 1 DAGs
[2024-10-27T14:08:50.380+0000] {logging_mixin.py:190} INFO - [2024-10-27T14:08:50.379+0000] {dag.py:4180} INFO - Setting next_dagrun for example_task_group to None, run_after=None
[2024-10-27T14:08:50.442+0000] {processor.py:208} INFO - Processing /home/airflow/.local/lib/python3.12/site-packages/airflow/example_dags/example_task_group.py took 0.273 seconds
[2024-10-27T14:09:20.808+0000] {processor.py:186} INFO - Started process (PID=1936) to work on /home/airflow/.local/lib/python3.12/site-packages/airflow/example_dags/example_task_group.py
[2024-10-27T14:09:20.810+0000] {processor.py:914} INFO - Processing file /home/airflow/.local/lib/python3.12/site-packages/airflow/example_dags/example_task_group.py for tasks to queue
[2024-10-27T14:09:20.814+0000] {logging_mixin.py:190} INFO - [2024-10-27T14:09:20.814+0000] {dagbag.py:588} INFO - Filling up the DagBag from /home/airflow/.local/lib/python3.12/site-packages/airflow/example_dags/example_task_group.py
[2024-10-27T14:09:20.827+0000] {processor.py:925} INFO - DAG(s) 'example_task_group' retrieved from /home/airflow/.local/lib/python3.12/site-packages/airflow/example_dags/example_task_group.py
[2024-10-27T14:09:20.863+0000] {logging_mixin.py:190} INFO - [2024-10-27T14:09:20.863+0000] {dag.py:3239} INFO - Sync 1 DAGs
[2024-10-27T14:09:20.888+0000] {logging_mixin.py:190} INFO - [2024-10-27T14:09:20.887+0000] {dag.py:4180} INFO - Setting next_dagrun for example_task_group to None, run_after=None
[2024-10-27T14:09:20.937+0000] {processor.py:208} INFO - Processing /home/airflow/.local/lib/python3.12/site-packages/airflow/example_dags/example_task_group.py took 0.140 seconds
[2024-10-27T14:09:51.616+0000] {processor.py:186} INFO - Started process (PID=1998) to work on /home/airflow/.local/lib/python3.12/site-packages/airflow/example_dags/example_task_group.py
[2024-10-27T14:09:51.618+0000] {processor.py:914} INFO - Processing file /home/airflow/.local/lib/python3.12/site-packages/airflow/example_dags/example_task_group.py for tasks to queue
[2024-10-27T14:09:51.621+0000] {logging_mixin.py:190} INFO - [2024-10-27T14:09:51.620+0000] {dagbag.py:588} INFO - Filling up the DagBag from /home/airflow/.local/lib/python3.12/site-packages/airflow/example_dags/example_task_group.py
[2024-10-27T14:09:51.633+0000] {processor.py:925} INFO - DAG(s) 'example_task_group' retrieved from /home/airflow/.local/lib/python3.12/site-packages/airflow/example_dags/example_task_group.py
[2024-10-27T14:09:51.664+0000] {logging_mixin.py:190} INFO - [2024-10-27T14:09:51.664+0000] {dag.py:3239} INFO - Sync 1 DAGs
[2024-10-27T14:09:51.687+0000] {logging_mixin.py:190} INFO - [2024-10-27T14:09:51.687+0000] {dag.py:4180} INFO - Setting next_dagrun for example_task_group to None, run_after=None
[2024-10-27T14:09:51.724+0000] {processor.py:208} INFO - Processing /home/airflow/.local/lib/python3.12/site-packages/airflow/example_dags/example_task_group.py took 0.116 seconds
[2024-10-27T14:10:22.963+0000] {processor.py:186} INFO - Started process (PID=2060) to work on /home/airflow/.local/lib/python3.12/site-packages/airflow/example_dags/example_task_group.py
[2024-10-27T14:10:22.964+0000] {processor.py:914} INFO - Processing file /home/airflow/.local/lib/python3.12/site-packages/airflow/example_dags/example_task_group.py for tasks to queue
[2024-10-27T14:10:22.967+0000] {logging_mixin.py:190} INFO - [2024-10-27T14:10:22.967+0000] {dagbag.py:588} INFO - Filling up the DagBag from /home/airflow/.local/lib/python3.12/site-packages/airflow/example_dags/example_task_group.py
[2024-10-27T14:10:22.979+0000] {processor.py:925} INFO - DAG(s) 'example_task_group' retrieved from /home/airflow/.local/lib/python3.12/site-packages/airflow/example_dags/example_task_group.py
[2024-10-27T14:10:23.007+0000] {logging_mixin.py:190} INFO - [2024-10-27T14:10:23.007+0000] {dag.py:3239} INFO - Sync 1 DAGs
[2024-10-27T14:10:23.028+0000] {logging_mixin.py:190} INFO - [2024-10-27T14:10:23.027+0000] {dag.py:4180} INFO - Setting next_dagrun for example_task_group to None, run_after=None
[2024-10-27T14:10:23.059+0000] {processor.py:208} INFO - Processing /home/airflow/.local/lib/python3.12/site-packages/airflow/example_dags/example_task_group.py took 0.105 seconds
[2024-10-27T14:10:55.451+0000] {processor.py:186} INFO - Started process (PID=2124) to work on /home/airflow/.local/lib/python3.12/site-packages/airflow/example_dags/example_task_group.py
[2024-10-27T14:10:55.452+0000] {processor.py:914} INFO - Processing file /home/airflow/.local/lib/python3.12/site-packages/airflow/example_dags/example_task_group.py for tasks to queue
[2024-10-27T14:10:55.455+0000] {logging_mixin.py:190} INFO - [2024-10-27T14:10:55.454+0000] {dagbag.py:588} INFO - Filling up the DagBag from /home/airflow/.local/lib/python3.12/site-packages/airflow/example_dags/example_task_group.py
[2024-10-27T14:10:55.468+0000] {processor.py:925} INFO - DAG(s) 'example_task_group' retrieved from /home/airflow/.local/lib/python3.12/site-packages/airflow/example_dags/example_task_group.py
[2024-10-27T14:10:55.497+0000] {logging_mixin.py:190} INFO - [2024-10-27T14:10:55.496+0000] {dag.py:3239} INFO - Sync 1 DAGs
[2024-10-27T14:10:55.515+0000] {logging_mixin.py:190} INFO - [2024-10-27T14:10:55.515+0000] {dag.py:4180} INFO - Setting next_dagrun for example_task_group to None, run_after=None
[2024-10-27T14:10:55.706+0000] {processor.py:208} INFO - Processing /home/airflow/.local/lib/python3.12/site-packages/airflow/example_dags/example_task_group.py took 0.263 seconds
[2024-10-27T14:11:26.250+0000] {processor.py:186} INFO - Started process (PID=2186) to work on /home/airflow/.local/lib/python3.12/site-packages/airflow/example_dags/example_task_group.py
[2024-10-27T14:11:26.253+0000] {processor.py:914} INFO - Processing file /home/airflow/.local/lib/python3.12/site-packages/airflow/example_dags/example_task_group.py for tasks to queue
[2024-10-27T14:11:26.263+0000] {logging_mixin.py:190} INFO - [2024-10-27T14:11:26.262+0000] {dagbag.py:588} INFO - Filling up the DagBag from /home/airflow/.local/lib/python3.12/site-packages/airflow/example_dags/example_task_group.py
[2024-10-27T14:11:26.278+0000] {processor.py:925} INFO - DAG(s) 'example_task_group' retrieved from /home/airflow/.local/lib/python3.12/site-packages/airflow/example_dags/example_task_group.py
[2024-10-27T14:11:26.322+0000] {logging_mixin.py:190} INFO - [2024-10-27T14:11:26.322+0000] {dag.py:3239} INFO - Sync 1 DAGs
[2024-10-27T14:11:26.354+0000] {logging_mixin.py:190} INFO - [2024-10-27T14:11:26.354+0000] {dag.py:4180} INFO - Setting next_dagrun for example_task_group to None, run_after=None
[2024-10-27T14:11:26.575+0000] {processor.py:208} INFO - Processing /home/airflow/.local/lib/python3.12/site-packages/airflow/example_dags/example_task_group.py took 0.339 seconds
[2024-10-27T14:11:56.995+0000] {processor.py:186} INFO - Started process (PID=2248) to work on /home/airflow/.local/lib/python3.12/site-packages/airflow/example_dags/example_task_group.py
[2024-10-27T14:11:56.997+0000] {processor.py:914} INFO - Processing file /home/airflow/.local/lib/python3.12/site-packages/airflow/example_dags/example_task_group.py for tasks to queue
[2024-10-27T14:11:57.000+0000] {logging_mixin.py:190} INFO - [2024-10-27T14:11:56.999+0000] {dagbag.py:588} INFO - Filling up the DagBag from /home/airflow/.local/lib/python3.12/site-packages/airflow/example_dags/example_task_group.py
[2024-10-27T14:11:57.026+0000] {processor.py:925} INFO - DAG(s) 'example_task_group' retrieved from /home/airflow/.local/lib/python3.12/site-packages/airflow/example_dags/example_task_group.py
[2024-10-27T14:11:57.070+0000] {logging_mixin.py:190} INFO - [2024-10-27T14:11:57.069+0000] {dag.py:3239} INFO - Sync 1 DAGs
[2024-10-27T14:11:57.090+0000] {logging_mixin.py:190} INFO - [2024-10-27T14:11:57.090+0000] {dag.py:4180} INFO - Setting next_dagrun for example_task_group to None, run_after=None
[2024-10-27T14:11:57.357+0000] {processor.py:208} INFO - Processing /home/airflow/.local/lib/python3.12/site-packages/airflow/example_dags/example_task_group.py took 0.369 seconds
[2024-10-27T14:12:29.026+0000] {processor.py:186} INFO - Started process (PID=2310) to work on /home/airflow/.local/lib/python3.12/site-packages/airflow/example_dags/example_task_group.py
[2024-10-27T14:12:29.028+0000] {processor.py:914} INFO - Processing file /home/airflow/.local/lib/python3.12/site-packages/airflow/example_dags/example_task_group.py for tasks to queue
[2024-10-27T14:12:29.032+0000] {logging_mixin.py:190} INFO - [2024-10-27T14:12:29.032+0000] {dagbag.py:588} INFO - Filling up the DagBag from /home/airflow/.local/lib/python3.12/site-packages/airflow/example_dags/example_task_group.py
[2024-10-27T14:12:29.047+0000] {processor.py:925} INFO - DAG(s) 'example_task_group' retrieved from /home/airflow/.local/lib/python3.12/site-packages/airflow/example_dags/example_task_group.py
[2024-10-27T14:12:29.092+0000] {logging_mixin.py:190} INFO - [2024-10-27T14:12:29.092+0000] {dag.py:3239} INFO - Sync 1 DAGs
[2024-10-27T14:12:29.122+0000] {logging_mixin.py:190} INFO - [2024-10-27T14:12:29.121+0000] {dag.py:4180} INFO - Setting next_dagrun for example_task_group to None, run_after=None
[2024-10-27T14:12:29.163+0000] {processor.py:208} INFO - Processing /home/airflow/.local/lib/python3.12/site-packages/airflow/example_dags/example_task_group.py took 0.147 seconds
[2024-10-27T14:12:59.752+0000] {processor.py:186} INFO - Started process (PID=2372) to work on /home/airflow/.local/lib/python3.12/site-packages/airflow/example_dags/example_task_group.py
[2024-10-27T14:12:59.754+0000] {processor.py:914} INFO - Processing file /home/airflow/.local/lib/python3.12/site-packages/airflow/example_dags/example_task_group.py for tasks to queue
[2024-10-27T14:12:59.757+0000] {logging_mixin.py:190} INFO - [2024-10-27T14:12:59.757+0000] {dagbag.py:588} INFO - Filling up the DagBag from /home/airflow/.local/lib/python3.12/site-packages/airflow/example_dags/example_task_group.py
[2024-10-27T14:12:59.770+0000] {processor.py:925} INFO - DAG(s) 'example_task_group' retrieved from /home/airflow/.local/lib/python3.12/site-packages/airflow/example_dags/example_task_group.py
[2024-10-27T14:12:59.808+0000] {logging_mixin.py:190} INFO - [2024-10-27T14:12:59.808+0000] {dag.py:3239} INFO - Sync 1 DAGs
[2024-10-27T14:12:59.832+0000] {logging_mixin.py:190} INFO - [2024-10-27T14:12:59.832+0000] {dag.py:4180} INFO - Setting next_dagrun for example_task_group to None, run_after=None
[2024-10-27T14:12:59.882+0000] {processor.py:208} INFO - Processing /home/airflow/.local/lib/python3.12/site-packages/airflow/example_dags/example_task_group.py took 0.141 seconds
[2024-10-27T14:13:30.765+0000] {processor.py:186} INFO - Started process (PID=2434) to work on /home/airflow/.local/lib/python3.12/site-packages/airflow/example_dags/example_task_group.py
[2024-10-27T14:13:30.767+0000] {processor.py:914} INFO - Processing file /home/airflow/.local/lib/python3.12/site-packages/airflow/example_dags/example_task_group.py for tasks to queue
[2024-10-27T14:13:30.771+0000] {logging_mixin.py:190} INFO - [2024-10-27T14:13:30.771+0000] {dagbag.py:588} INFO - Filling up the DagBag from /home/airflow/.local/lib/python3.12/site-packages/airflow/example_dags/example_task_group.py
[2024-10-27T14:13:30.787+0000] {processor.py:925} INFO - DAG(s) 'example_task_group' retrieved from /home/airflow/.local/lib/python3.12/site-packages/airflow/example_dags/example_task_group.py
[2024-10-27T14:13:30.818+0000] {logging_mixin.py:190} INFO - [2024-10-27T14:13:30.817+0000] {dag.py:3239} INFO - Sync 1 DAGs
[2024-10-27T14:13:30.841+0000] {logging_mixin.py:190} INFO - [2024-10-27T14:13:30.840+0000] {dag.py:4180} INFO - Setting next_dagrun for example_task_group to None, run_after=None
[2024-10-27T14:13:30.890+0000] {processor.py:208} INFO - Processing /home/airflow/.local/lib/python3.12/site-packages/airflow/example_dags/example_task_group.py took 0.135 seconds
[2024-10-27T14:14:01.063+0000] {processor.py:186} INFO - Started process (PID=2496) to work on /home/airflow/.local/lib/python3.12/site-packages/airflow/example_dags/example_task_group.py
[2024-10-27T14:14:01.065+0000] {processor.py:914} INFO - Processing file /home/airflow/.local/lib/python3.12/site-packages/airflow/example_dags/example_task_group.py for tasks to queue
[2024-10-27T14:14:01.069+0000] {logging_mixin.py:190} INFO - [2024-10-27T14:14:01.069+0000] {dagbag.py:588} INFO - Filling up the DagBag from /home/airflow/.local/lib/python3.12/site-packages/airflow/example_dags/example_task_group.py
[2024-10-27T14:14:01.083+0000] {processor.py:925} INFO - DAG(s) 'example_task_group' retrieved from /home/airflow/.local/lib/python3.12/site-packages/airflow/example_dags/example_task_group.py
[2024-10-27T14:14:01.114+0000] {logging_mixin.py:190} INFO - [2024-10-27T14:14:01.114+0000] {dag.py:3239} INFO - Sync 1 DAGs
[2024-10-27T14:14:01.141+0000] {logging_mixin.py:190} INFO - [2024-10-27T14:14:01.140+0000] {dag.py:4180} INFO - Setting next_dagrun for example_task_group to None, run_after=None
[2024-10-27T14:14:01.194+0000] {processor.py:208} INFO - Processing /home/airflow/.local/lib/python3.12/site-packages/airflow/example_dags/example_task_group.py took 0.142 seconds
[2024-10-27T14:14:32.802+0000] {processor.py:186} INFO - Started process (PID=2558) to work on /home/airflow/.local/lib/python3.12/site-packages/airflow/example_dags/example_task_group.py
[2024-10-27T14:14:32.803+0000] {processor.py:914} INFO - Processing file /home/airflow/.local/lib/python3.12/site-packages/airflow/example_dags/example_task_group.py for tasks to queue
[2024-10-27T14:14:32.807+0000] {logging_mixin.py:190} INFO - [2024-10-27T14:14:32.806+0000] {dagbag.py:588} INFO - Filling up the DagBag from /home/airflow/.local/lib/python3.12/site-packages/airflow/example_dags/example_task_group.py
[2024-10-27T14:14:32.818+0000] {processor.py:925} INFO - DAG(s) 'example_task_group' retrieved from /home/airflow/.local/lib/python3.12/site-packages/airflow/example_dags/example_task_group.py
[2024-10-27T14:14:32.853+0000] {logging_mixin.py:190} INFO - [2024-10-27T14:14:32.853+0000] {dag.py:3239} INFO - Sync 1 DAGs
[2024-10-27T14:14:32.874+0000] {logging_mixin.py:190} INFO - [2024-10-27T14:14:32.873+0000] {dag.py:4180} INFO - Setting next_dagrun for example_task_group to None, run_after=None
[2024-10-27T14:14:32.986+0000] {processor.py:208} INFO - Processing /home/airflow/.local/lib/python3.12/site-packages/airflow/example_dags/example_task_group.py took 0.193 seconds
[2024-10-27T14:15:03.583+0000] {processor.py:186} INFO - Started process (PID=2620) to work on /home/airflow/.local/lib/python3.12/site-packages/airflow/example_dags/example_task_group.py
[2024-10-27T14:15:03.584+0000] {processor.py:914} INFO - Processing file /home/airflow/.local/lib/python3.12/site-packages/airflow/example_dags/example_task_group.py for tasks to queue
[2024-10-27T14:15:03.588+0000] {logging_mixin.py:190} INFO - [2024-10-27T14:15:03.588+0000] {dagbag.py:588} INFO - Filling up the DagBag from /home/airflow/.local/lib/python3.12/site-packages/airflow/example_dags/example_task_group.py
[2024-10-27T14:15:03.600+0000] {processor.py:925} INFO - DAG(s) 'example_task_group' retrieved from /home/airflow/.local/lib/python3.12/site-packages/airflow/example_dags/example_task_group.py
[2024-10-27T14:15:03.627+0000] {logging_mixin.py:190} INFO - [2024-10-27T14:15:03.627+0000] {dag.py:3239} INFO - Sync 1 DAGs
[2024-10-27T14:15:03.647+0000] {logging_mixin.py:190} INFO - [2024-10-27T14:15:03.647+0000] {dag.py:4180} INFO - Setting next_dagrun for example_task_group to None, run_after=None
[2024-10-27T14:15:03.772+0000] {processor.py:208} INFO - Processing /home/airflow/.local/lib/python3.12/site-packages/airflow/example_dags/example_task_group.py took 0.199 seconds
[2024-10-27T14:15:34.402+0000] {processor.py:186} INFO - Started process (PID=2682) to work on /home/airflow/.local/lib/python3.12/site-packages/airflow/example_dags/example_task_group.py
[2024-10-27T14:15:34.404+0000] {processor.py:914} INFO - Processing file /home/airflow/.local/lib/python3.12/site-packages/airflow/example_dags/example_task_group.py for tasks to queue
[2024-10-27T14:15:34.407+0000] {logging_mixin.py:190} INFO - [2024-10-27T14:15:34.407+0000] {dagbag.py:588} INFO - Filling up the DagBag from /home/airflow/.local/lib/python3.12/site-packages/airflow/example_dags/example_task_group.py
[2024-10-27T14:15:34.418+0000] {processor.py:925} INFO - DAG(s) 'example_task_group' retrieved from /home/airflow/.local/lib/python3.12/site-packages/airflow/example_dags/example_task_group.py
[2024-10-27T14:15:34.446+0000] {logging_mixin.py:190} INFO - [2024-10-27T14:15:34.446+0000] {dag.py:3239} INFO - Sync 1 DAGs
[2024-10-27T14:15:34.472+0000] {logging_mixin.py:190} INFO - [2024-10-27T14:15:34.472+0000] {dag.py:4180} INFO - Setting next_dagrun for example_task_group to None, run_after=None
[2024-10-27T14:15:34.731+0000] {processor.py:208} INFO - Processing /home/airflow/.local/lib/python3.12/site-packages/airflow/example_dags/example_task_group.py took 0.336 seconds
[2024-10-27T14:16:05.480+0000] {processor.py:186} INFO - Started process (PID=2744) to work on /home/airflow/.local/lib/python3.12/site-packages/airflow/example_dags/example_task_group.py
[2024-10-27T14:16:05.482+0000] {processor.py:914} INFO - Processing file /home/airflow/.local/lib/python3.12/site-packages/airflow/example_dags/example_task_group.py for tasks to queue
[2024-10-27T14:16:05.487+0000] {logging_mixin.py:190} INFO - [2024-10-27T14:16:05.486+0000] {dagbag.py:588} INFO - Filling up the DagBag from /home/airflow/.local/lib/python3.12/site-packages/airflow/example_dags/example_task_group.py
[2024-10-27T14:16:05.501+0000] {processor.py:925} INFO - DAG(s) 'example_task_group' retrieved from /home/airflow/.local/lib/python3.12/site-packages/airflow/example_dags/example_task_group.py
[2024-10-27T14:16:05.538+0000] {logging_mixin.py:190} INFO - [2024-10-27T14:16:05.538+0000] {dag.py:3239} INFO - Sync 1 DAGs
[2024-10-27T14:16:05.564+0000] {logging_mixin.py:190} INFO - [2024-10-27T14:16:05.564+0000] {dag.py:4180} INFO - Setting next_dagrun for example_task_group to None, run_after=None
[2024-10-27T14:16:05.661+0000] {processor.py:208} INFO - Processing /home/airflow/.local/lib/python3.12/site-packages/airflow/example_dags/example_task_group.py took 0.194 seconds
[2024-10-27T14:16:36.638+0000] {processor.py:186} INFO - Started process (PID=2806) to work on /home/airflow/.local/lib/python3.12/site-packages/airflow/example_dags/example_task_group.py
[2024-10-27T14:16:36.639+0000] {processor.py:914} INFO - Processing file /home/airflow/.local/lib/python3.12/site-packages/airflow/example_dags/example_task_group.py for tasks to queue
[2024-10-27T14:16:36.642+0000] {logging_mixin.py:190} INFO - [2024-10-27T14:16:36.642+0000] {dagbag.py:588} INFO - Filling up the DagBag from /home/airflow/.local/lib/python3.12/site-packages/airflow/example_dags/example_task_group.py
[2024-10-27T14:16:36.652+0000] {processor.py:925} INFO - DAG(s) 'example_task_group' retrieved from /home/airflow/.local/lib/python3.12/site-packages/airflow/example_dags/example_task_group.py
[2024-10-27T14:16:36.680+0000] {logging_mixin.py:190} INFO - [2024-10-27T14:16:36.680+0000] {dag.py:3239} INFO - Sync 1 DAGs
[2024-10-27T14:16:36.699+0000] {logging_mixin.py:190} INFO - [2024-10-27T14:16:36.698+0000] {dag.py:4180} INFO - Setting next_dagrun for example_task_group to None, run_after=None
[2024-10-27T14:16:36.827+0000] {processor.py:208} INFO - Processing /home/airflow/.local/lib/python3.12/site-packages/airflow/example_dags/example_task_group.py took 0.196 seconds
[2024-10-27T14:17:07.529+0000] {processor.py:186} INFO - Started process (PID=2868) to work on /home/airflow/.local/lib/python3.12/site-packages/airflow/example_dags/example_task_group.py
[2024-10-27T14:17:07.530+0000] {processor.py:914} INFO - Processing file /home/airflow/.local/lib/python3.12/site-packages/airflow/example_dags/example_task_group.py for tasks to queue
[2024-10-27T14:17:07.535+0000] {logging_mixin.py:190} INFO - [2024-10-27T14:17:07.534+0000] {dagbag.py:588} INFO - Filling up the DagBag from /home/airflow/.local/lib/python3.12/site-packages/airflow/example_dags/example_task_group.py
[2024-10-27T14:17:07.553+0000] {processor.py:925} INFO - DAG(s) 'example_task_group' retrieved from /home/airflow/.local/lib/python3.12/site-packages/airflow/example_dags/example_task_group.py
[2024-10-27T14:17:07.594+0000] {logging_mixin.py:190} INFO - [2024-10-27T14:17:07.593+0000] {dag.py:3239} INFO - Sync 1 DAGs
[2024-10-27T14:17:07.623+0000] {logging_mixin.py:190} INFO - [2024-10-27T14:17:07.622+0000] {dag.py:4180} INFO - Setting next_dagrun for example_task_group to None, run_after=None
[2024-10-27T14:17:07.699+0000] {processor.py:208} INFO - Processing /home/airflow/.local/lib/python3.12/site-packages/airflow/example_dags/example_task_group.py took 0.182 seconds
[2024-10-27T14:17:37.815+0000] {processor.py:186} INFO - Started process (PID=2929) to work on /home/airflow/.local/lib/python3.12/site-packages/airflow/example_dags/example_task_group.py
[2024-10-27T14:17:37.817+0000] {processor.py:914} INFO - Processing file /home/airflow/.local/lib/python3.12/site-packages/airflow/example_dags/example_task_group.py for tasks to queue
[2024-10-27T14:17:37.834+0000] {logging_mixin.py:190} INFO - [2024-10-27T14:17:37.833+0000] {dagbag.py:588} INFO - Filling up the DagBag from /home/airflow/.local/lib/python3.12/site-packages/airflow/example_dags/example_task_group.py
[2024-10-27T14:17:37.873+0000] {processor.py:925} INFO - DAG(s) 'example_task_group' retrieved from /home/airflow/.local/lib/python3.12/site-packages/airflow/example_dags/example_task_group.py
[2024-10-27T14:17:37.917+0000] {logging_mixin.py:190} INFO - [2024-10-27T14:17:37.917+0000] {dag.py:3239} INFO - Sync 1 DAGs
[2024-10-27T14:17:37.951+0000] {logging_mixin.py:190} INFO - [2024-10-27T14:17:37.951+0000] {dag.py:4180} INFO - Setting next_dagrun for example_task_group to None, run_after=None
[2024-10-27T14:17:38.235+0000] {processor.py:208} INFO - Processing /home/airflow/.local/lib/python3.12/site-packages/airflow/example_dags/example_task_group.py took 0.432 seconds
[2024-10-27T14:18:09.198+0000] {processor.py:186} INFO - Started process (PID=2990) to work on /home/airflow/.local/lib/python3.12/site-packages/airflow/example_dags/example_task_group.py
[2024-10-27T14:18:09.200+0000] {processor.py:914} INFO - Processing file /home/airflow/.local/lib/python3.12/site-packages/airflow/example_dags/example_task_group.py for tasks to queue
[2024-10-27T14:18:09.203+0000] {logging_mixin.py:190} INFO - [2024-10-27T14:18:09.203+0000] {dagbag.py:588} INFO - Filling up the DagBag from /home/airflow/.local/lib/python3.12/site-packages/airflow/example_dags/example_task_group.py
[2024-10-27T14:18:09.224+0000] {processor.py:925} INFO - DAG(s) 'example_task_group' retrieved from /home/airflow/.local/lib/python3.12/site-packages/airflow/example_dags/example_task_group.py
[2024-10-27T14:18:09.289+0000] {logging_mixin.py:190} INFO - [2024-10-27T14:18:09.288+0000] {dag.py:3239} INFO - Sync 1 DAGs
[2024-10-27T14:18:09.436+0000] {logging_mixin.py:190} INFO - [2024-10-27T14:18:09.435+0000] {dag.py:4180} INFO - Setting next_dagrun for example_task_group to None, run_after=None
[2024-10-27T14:18:10.053+0000] {processor.py:208} INFO - Processing /home/airflow/.local/lib/python3.12/site-packages/airflow/example_dags/example_task_group.py took 0.869 seconds
[2024-10-27T14:18:40.892+0000] {processor.py:186} INFO - Started process (PID=3052) to work on /home/airflow/.local/lib/python3.12/site-packages/airflow/example_dags/example_task_group.py
[2024-10-27T14:18:40.894+0000] {processor.py:914} INFO - Processing file /home/airflow/.local/lib/python3.12/site-packages/airflow/example_dags/example_task_group.py for tasks to queue
[2024-10-27T14:18:40.899+0000] {logging_mixin.py:190} INFO - [2024-10-27T14:18:40.898+0000] {dagbag.py:588} INFO - Filling up the DagBag from /home/airflow/.local/lib/python3.12/site-packages/airflow/example_dags/example_task_group.py
[2024-10-27T14:18:40.930+0000] {processor.py:925} INFO - DAG(s) 'example_task_group' retrieved from /home/airflow/.local/lib/python3.12/site-packages/airflow/example_dags/example_task_group.py
[2024-10-27T14:18:41.000+0000] {logging_mixin.py:190} INFO - [2024-10-27T14:18:41.000+0000] {dag.py:3239} INFO - Sync 1 DAGs
[2024-10-27T14:18:41.053+0000] {logging_mixin.py:190} INFO - [2024-10-27T14:18:41.053+0000] {dag.py:4180} INFO - Setting next_dagrun for example_task_group to None, run_after=None
[2024-10-27T14:18:41.165+0000] {processor.py:208} INFO - Processing /home/airflow/.local/lib/python3.12/site-packages/airflow/example_dags/example_task_group.py took 0.288 seconds
[2024-10-27T14:19:12.744+0000] {processor.py:186} INFO - Started process (PID=3115) to work on /home/airflow/.local/lib/python3.12/site-packages/airflow/example_dags/example_task_group.py
[2024-10-27T14:19:12.763+0000] {processor.py:914} INFO - Processing file /home/airflow/.local/lib/python3.12/site-packages/airflow/example_dags/example_task_group.py for tasks to queue
[2024-10-27T14:19:12.773+0000] {logging_mixin.py:190} INFO - [2024-10-27T14:19:12.772+0000] {dagbag.py:588} INFO - Filling up the DagBag from /home/airflow/.local/lib/python3.12/site-packages/airflow/example_dags/example_task_group.py
[2024-10-27T14:19:12.860+0000] {processor.py:925} INFO - DAG(s) 'example_task_group' retrieved from /home/airflow/.local/lib/python3.12/site-packages/airflow/example_dags/example_task_group.py
[2024-10-27T14:19:12.971+0000] {logging_mixin.py:190} INFO - [2024-10-27T14:19:12.971+0000] {dag.py:3239} INFO - Sync 1 DAGs
[2024-10-27T14:19:13.033+0000] {logging_mixin.py:190} INFO - [2024-10-27T14:19:13.032+0000] {dag.py:4180} INFO - Setting next_dagrun for example_task_group to None, run_after=None
[2024-10-27T14:19:13.127+0000] {processor.py:208} INFO - Processing /home/airflow/.local/lib/python3.12/site-packages/airflow/example_dags/example_task_group.py took 0.407 seconds
[2024-10-27T14:19:43.871+0000] {processor.py:186} INFO - Started process (PID=3184) to work on /home/airflow/.local/lib/python3.12/site-packages/airflow/example_dags/example_task_group.py
[2024-10-27T14:19:43.874+0000] {processor.py:914} INFO - Processing file /home/airflow/.local/lib/python3.12/site-packages/airflow/example_dags/example_task_group.py for tasks to queue
[2024-10-27T14:19:43.918+0000] {logging_mixin.py:190} INFO - [2024-10-27T14:19:43.916+0000] {dagbag.py:588} INFO - Filling up the DagBag from /home/airflow/.local/lib/python3.12/site-packages/airflow/example_dags/example_task_group.py
[2024-10-27T14:19:43.954+0000] {processor.py:925} INFO - DAG(s) 'example_task_group' retrieved from /home/airflow/.local/lib/python3.12/site-packages/airflow/example_dags/example_task_group.py
[2024-10-27T14:19:44.021+0000] {logging_mixin.py:190} INFO - [2024-10-27T14:19:44.021+0000] {dag.py:3239} INFO - Sync 1 DAGs
[2024-10-27T14:19:44.089+0000] {logging_mixin.py:190} INFO - [2024-10-27T14:19:44.088+0000] {dag.py:4180} INFO - Setting next_dagrun for example_task_group to None, run_after=None
[2024-10-27T14:19:44.179+0000] {processor.py:208} INFO - Processing /home/airflow/.local/lib/python3.12/site-packages/airflow/example_dags/example_task_group.py took 0.332 seconds
[2024-10-27T14:20:14.484+0000] {processor.py:186} INFO - Started process (PID=3245) to work on /home/airflow/.local/lib/python3.12/site-packages/airflow/example_dags/example_task_group.py
[2024-10-27T14:20:14.486+0000] {processor.py:914} INFO - Processing file /home/airflow/.local/lib/python3.12/site-packages/airflow/example_dags/example_task_group.py for tasks to queue
[2024-10-27T14:20:14.491+0000] {logging_mixin.py:190} INFO - [2024-10-27T14:20:14.490+0000] {dagbag.py:588} INFO - Filling up the DagBag from /home/airflow/.local/lib/python3.12/site-packages/airflow/example_dags/example_task_group.py
[2024-10-27T14:20:14.508+0000] {processor.py:925} INFO - DAG(s) 'example_task_group' retrieved from /home/airflow/.local/lib/python3.12/site-packages/airflow/example_dags/example_task_group.py
[2024-10-27T14:20:14.550+0000] {logging_mixin.py:190} INFO - [2024-10-27T14:20:14.549+0000] {dag.py:3239} INFO - Sync 1 DAGs
[2024-10-27T14:20:14.574+0000] {logging_mixin.py:190} INFO - [2024-10-27T14:20:14.574+0000] {dag.py:4180} INFO - Setting next_dagrun for example_task_group to None, run_after=None
[2024-10-27T14:20:14.624+0000] {processor.py:208} INFO - Processing /home/airflow/.local/lib/python3.12/site-packages/airflow/example_dags/example_task_group.py took 0.155 seconds
[2024-10-27T14:20:44.829+0000] {processor.py:186} INFO - Started process (PID=3307) to work on /home/airflow/.local/lib/python3.12/site-packages/airflow/example_dags/example_task_group.py
[2024-10-27T14:20:44.831+0000] {processor.py:914} INFO - Processing file /home/airflow/.local/lib/python3.12/site-packages/airflow/example_dags/example_task_group.py for tasks to queue
[2024-10-27T14:20:44.846+0000] {logging_mixin.py:190} INFO - [2024-10-27T14:20:44.845+0000] {dagbag.py:588} INFO - Filling up the DagBag from /home/airflow/.local/lib/python3.12/site-packages/airflow/example_dags/example_task_group.py
[2024-10-27T14:20:44.907+0000] {processor.py:925} INFO - DAG(s) 'example_task_group' retrieved from /home/airflow/.local/lib/python3.12/site-packages/airflow/example_dags/example_task_group.py
[2024-10-27T14:20:45.017+0000] {logging_mixin.py:190} INFO - [2024-10-27T14:20:45.017+0000] {dag.py:3239} INFO - Sync 1 DAGs
[2024-10-27T14:20:45.121+0000] {logging_mixin.py:190} INFO - [2024-10-27T14:20:45.120+0000] {dag.py:4180} INFO - Setting next_dagrun for example_task_group to None, run_after=None
[2024-10-27T14:20:45.206+0000] {processor.py:208} INFO - Processing /home/airflow/.local/lib/python3.12/site-packages/airflow/example_dags/example_task_group.py took 0.407 seconds
[2024-10-27T14:21:22.450+0000] {processor.py:186} INFO - Started process (PID=3370) to work on /home/airflow/.local/lib/python3.12/site-packages/airflow/example_dags/example_task_group.py
[2024-10-27T14:21:22.489+0000] {processor.py:914} INFO - Processing file /home/airflow/.local/lib/python3.12/site-packages/airflow/example_dags/example_task_group.py for tasks to queue
[2024-10-27T14:21:22.496+0000] {logging_mixin.py:190} INFO - [2024-10-27T14:21:22.495+0000] {dagbag.py:588} INFO - Filling up the DagBag from /home/airflow/.local/lib/python3.12/site-packages/airflow/example_dags/example_task_group.py
[2024-10-27T14:21:22.514+0000] {processor.py:925} INFO - DAG(s) 'example_task_group' retrieved from /home/airflow/.local/lib/python3.12/site-packages/airflow/example_dags/example_task_group.py
[2024-10-27T14:21:22.566+0000] {logging_mixin.py:190} INFO - [2024-10-27T14:21:22.565+0000] {dag.py:3239} INFO - Sync 1 DAGs
[2024-10-27T14:21:22.650+0000] {logging_mixin.py:190} INFO - [2024-10-27T14:21:22.649+0000] {dag.py:4180} INFO - Setting next_dagrun for example_task_group to None, run_after=None
[2024-10-27T14:21:22.836+0000] {processor.py:208} INFO - Processing /home/airflow/.local/lib/python3.12/site-packages/airflow/example_dags/example_task_group.py took 0.397 seconds
[2024-10-27T14:21:59.738+0000] {processor.py:186} INFO - Started process (PID=3426) to work on /home/airflow/.local/lib/python3.12/site-packages/airflow/example_dags/example_task_group.py
[2024-10-27T14:21:59.740+0000] {processor.py:914} INFO - Processing file /home/airflow/.local/lib/python3.12/site-packages/airflow/example_dags/example_task_group.py for tasks to queue
[2024-10-27T14:21:59.752+0000] {logging_mixin.py:190} INFO - [2024-10-27T14:21:59.748+0000] {dagbag.py:588} INFO - Filling up the DagBag from /home/airflow/.local/lib/python3.12/site-packages/airflow/example_dags/example_task_group.py
[2024-10-27T14:21:59.792+0000] {processor.py:925} INFO - DAG(s) 'example_task_group' retrieved from /home/airflow/.local/lib/python3.12/site-packages/airflow/example_dags/example_task_group.py
[2024-10-27T14:21:59.885+0000] {logging_mixin.py:190} INFO - [2024-10-27T14:21:59.881+0000] {dag.py:3239} INFO - Sync 1 DAGs
[2024-10-27T14:21:59.945+0000] {logging_mixin.py:190} INFO - [2024-10-27T14:21:59.945+0000] {dag.py:4180} INFO - Setting next_dagrun for example_task_group to None, run_after=None
[2024-10-27T14:22:00.005+0000] {processor.py:208} INFO - Processing /home/airflow/.local/lib/python3.12/site-packages/airflow/example_dags/example_task_group.py took 0.286 seconds
[2024-10-27T14:22:30.874+0000] {processor.py:186} INFO - Started process (PID=3488) to work on /home/airflow/.local/lib/python3.12/site-packages/airflow/example_dags/example_task_group.py
[2024-10-27T14:22:30.886+0000] {processor.py:914} INFO - Processing file /home/airflow/.local/lib/python3.12/site-packages/airflow/example_dags/example_task_group.py for tasks to queue
[2024-10-27T14:22:30.891+0000] {logging_mixin.py:190} INFO - [2024-10-27T14:22:30.890+0000] {dagbag.py:588} INFO - Filling up the DagBag from /home/airflow/.local/lib/python3.12/site-packages/airflow/example_dags/example_task_group.py
[2024-10-27T14:22:30.944+0000] {processor.py:925} INFO - DAG(s) 'example_task_group' retrieved from /home/airflow/.local/lib/python3.12/site-packages/airflow/example_dags/example_task_group.py
[2024-10-27T14:22:31.051+0000] {logging_mixin.py:190} INFO - [2024-10-27T14:22:31.051+0000] {dag.py:3239} INFO - Sync 1 DAGs
[2024-10-27T14:22:31.120+0000] {logging_mixin.py:190} INFO - [2024-10-27T14:22:31.113+0000] {dag.py:4180} INFO - Setting next_dagrun for example_task_group to None, run_after=None
[2024-10-27T14:22:32.131+0000] {processor.py:208} INFO - Processing /home/airflow/.local/lib/python3.12/site-packages/airflow/example_dags/example_task_group.py took 1.276 seconds
[2024-10-27T14:23:07.490+0000] {processor.py:186} INFO - Started process (PID=3549) to work on /home/airflow/.local/lib/python3.12/site-packages/airflow/example_dags/example_task_group.py
[2024-10-27T14:23:07.493+0000] {processor.py:914} INFO - Processing file /home/airflow/.local/lib/python3.12/site-packages/airflow/example_dags/example_task_group.py for tasks to queue
[2024-10-27T14:23:07.501+0000] {logging_mixin.py:190} INFO - [2024-10-27T14:23:07.500+0000] {dagbag.py:588} INFO - Filling up the DagBag from /home/airflow/.local/lib/python3.12/site-packages/airflow/example_dags/example_task_group.py
[2024-10-27T14:23:07.528+0000] {processor.py:925} INFO - DAG(s) 'example_task_group' retrieved from /home/airflow/.local/lib/python3.12/site-packages/airflow/example_dags/example_task_group.py
[2024-10-27T14:23:07.605+0000] {logging_mixin.py:190} INFO - [2024-10-27T14:23:07.604+0000] {dag.py:3239} INFO - Sync 1 DAGs
[2024-10-27T14:23:07.667+0000] {logging_mixin.py:190} INFO - [2024-10-27T14:23:07.667+0000] {dag.py:4180} INFO - Setting next_dagrun for example_task_group to None, run_after=None
[2024-10-27T14:23:07.755+0000] {processor.py:208} INFO - Processing /home/airflow/.local/lib/python3.12/site-packages/airflow/example_dags/example_task_group.py took 0.286 seconds
[2024-10-27T14:23:38.611+0000] {processor.py:186} INFO - Started process (PID=3611) to work on /home/airflow/.local/lib/python3.12/site-packages/airflow/example_dags/example_task_group.py
[2024-10-27T14:23:38.613+0000] {processor.py:914} INFO - Processing file /home/airflow/.local/lib/python3.12/site-packages/airflow/example_dags/example_task_group.py for tasks to queue
[2024-10-27T14:23:38.617+0000] {logging_mixin.py:190} INFO - [2024-10-27T14:23:38.616+0000] {dagbag.py:588} INFO - Filling up the DagBag from /home/airflow/.local/lib/python3.12/site-packages/airflow/example_dags/example_task_group.py
[2024-10-27T14:23:38.646+0000] {processor.py:925} INFO - DAG(s) 'example_task_group' retrieved from /home/airflow/.local/lib/python3.12/site-packages/airflow/example_dags/example_task_group.py
[2024-10-27T14:23:38.700+0000] {logging_mixin.py:190} INFO - [2024-10-27T14:23:38.700+0000] {dag.py:3239} INFO - Sync 1 DAGs
[2024-10-27T14:23:38.734+0000] {logging_mixin.py:190} INFO - [2024-10-27T14:23:38.733+0000] {dag.py:4180} INFO - Setting next_dagrun for example_task_group to None, run_after=None
[2024-10-27T14:23:38.819+0000] {processor.py:208} INFO - Processing /home/airflow/.local/lib/python3.12/site-packages/airflow/example_dags/example_task_group.py took 0.228 seconds
[2024-10-27T14:24:09.944+0000] {processor.py:186} INFO - Started process (PID=3672) to work on /home/airflow/.local/lib/python3.12/site-packages/airflow/example_dags/example_task_group.py
[2024-10-27T14:24:09.946+0000] {processor.py:914} INFO - Processing file /home/airflow/.local/lib/python3.12/site-packages/airflow/example_dags/example_task_group.py for tasks to queue
[2024-10-27T14:24:09.954+0000] {logging_mixin.py:190} INFO - [2024-10-27T14:24:09.952+0000] {dagbag.py:588} INFO - Filling up the DagBag from /home/airflow/.local/lib/python3.12/site-packages/airflow/example_dags/example_task_group.py
[2024-10-27T14:24:09.971+0000] {processor.py:925} INFO - DAG(s) 'example_task_group' retrieved from /home/airflow/.local/lib/python3.12/site-packages/airflow/example_dags/example_task_group.py
[2024-10-27T14:24:10.011+0000] {logging_mixin.py:190} INFO - [2024-10-27T14:24:10.011+0000] {dag.py:3239} INFO - Sync 1 DAGs
[2024-10-27T14:24:10.042+0000] {logging_mixin.py:190} INFO - [2024-10-27T14:24:10.041+0000] {dag.py:4180} INFO - Setting next_dagrun for example_task_group to None, run_after=None
[2024-10-27T14:24:10.368+0000] {processor.py:208} INFO - Processing /home/airflow/.local/lib/python3.12/site-packages/airflow/example_dags/example_task_group.py took 0.437 seconds
[2024-10-27T14:24:40.722+0000] {processor.py:186} INFO - Started process (PID=3732) to work on /home/airflow/.local/lib/python3.12/site-packages/airflow/example_dags/example_task_group.py
[2024-10-27T14:24:40.725+0000] {processor.py:914} INFO - Processing file /home/airflow/.local/lib/python3.12/site-packages/airflow/example_dags/example_task_group.py for tasks to queue
[2024-10-27T14:24:40.731+0000] {logging_mixin.py:190} INFO - [2024-10-27T14:24:40.729+0000] {dagbag.py:588} INFO - Filling up the DagBag from /home/airflow/.local/lib/python3.12/site-packages/airflow/example_dags/example_task_group.py
[2024-10-27T14:24:40.757+0000] {processor.py:925} INFO - DAG(s) 'example_task_group' retrieved from /home/airflow/.local/lib/python3.12/site-packages/airflow/example_dags/example_task_group.py
[2024-10-27T14:24:40.795+0000] {logging_mixin.py:190} INFO - [2024-10-27T14:24:40.794+0000] {dag.py:3239} INFO - Sync 1 DAGs
[2024-10-27T14:24:40.823+0000] {logging_mixin.py:190} INFO - [2024-10-27T14:24:40.822+0000] {dag.py:4180} INFO - Setting next_dagrun for example_task_group to None, run_after=None
[2024-10-27T14:24:40.885+0000] {processor.py:208} INFO - Processing /home/airflow/.local/lib/python3.12/site-packages/airflow/example_dags/example_task_group.py took 0.175 seconds
[2024-10-27T14:25:12.249+0000] {processor.py:186} INFO - Started process (PID=3795) to work on /home/airflow/.local/lib/python3.12/site-packages/airflow/example_dags/example_task_group.py
[2024-10-27T14:25:12.251+0000] {processor.py:914} INFO - Processing file /home/airflow/.local/lib/python3.12/site-packages/airflow/example_dags/example_task_group.py for tasks to queue
[2024-10-27T14:25:12.256+0000] {logging_mixin.py:190} INFO - [2024-10-27T14:25:12.255+0000] {dagbag.py:588} INFO - Filling up the DagBag from /home/airflow/.local/lib/python3.12/site-packages/airflow/example_dags/example_task_group.py
[2024-10-27T14:25:12.276+0000] {processor.py:925} INFO - DAG(s) 'example_task_group' retrieved from /home/airflow/.local/lib/python3.12/site-packages/airflow/example_dags/example_task_group.py
[2024-10-27T14:25:12.339+0000] {logging_mixin.py:190} INFO - [2024-10-27T14:25:12.339+0000] {dag.py:3239} INFO - Sync 1 DAGs
[2024-10-27T14:25:12.395+0000] {logging_mixin.py:190} INFO - [2024-10-27T14:25:12.394+0000] {dag.py:4180} INFO - Setting next_dagrun for example_task_group to None, run_after=None
[2024-10-27T14:25:12.794+0000] {processor.py:208} INFO - Processing /home/airflow/.local/lib/python3.12/site-packages/airflow/example_dags/example_task_group.py took 0.554 seconds
[2024-10-27T14:25:43.537+0000] {processor.py:186} INFO - Started process (PID=3860) to work on /home/airflow/.local/lib/python3.12/site-packages/airflow/example_dags/example_task_group.py
[2024-10-27T14:25:43.539+0000] {processor.py:914} INFO - Processing file /home/airflow/.local/lib/python3.12/site-packages/airflow/example_dags/example_task_group.py for tasks to queue
[2024-10-27T14:25:43.545+0000] {logging_mixin.py:190} INFO - [2024-10-27T14:25:43.544+0000] {dagbag.py:588} INFO - Filling up the DagBag from /home/airflow/.local/lib/python3.12/site-packages/airflow/example_dags/example_task_group.py
[2024-10-27T14:25:43.558+0000] {processor.py:925} INFO - DAG(s) 'example_task_group' retrieved from /home/airflow/.local/lib/python3.12/site-packages/airflow/example_dags/example_task_group.py
[2024-10-27T14:25:43.596+0000] {logging_mixin.py:190} INFO - [2024-10-27T14:25:43.596+0000] {dag.py:3239} INFO - Sync 1 DAGs
[2024-10-27T14:25:43.627+0000] {logging_mixin.py:190} INFO - [2024-10-27T14:25:43.626+0000] {dag.py:4180} INFO - Setting next_dagrun for example_task_group to None, run_after=None
[2024-10-27T14:25:43.676+0000] {processor.py:208} INFO - Processing /home/airflow/.local/lib/python3.12/site-packages/airflow/example_dags/example_task_group.py took 0.149 seconds
[2024-10-27T14:26:15.060+0000] {processor.py:186} INFO - Started process (PID=3924) to work on /home/airflow/.local/lib/python3.12/site-packages/airflow/example_dags/example_task_group.py
[2024-10-27T14:26:15.063+0000] {processor.py:914} INFO - Processing file /home/airflow/.local/lib/python3.12/site-packages/airflow/example_dags/example_task_group.py for tasks to queue
[2024-10-27T14:26:15.067+0000] {logging_mixin.py:190} INFO - [2024-10-27T14:26:15.067+0000] {dagbag.py:588} INFO - Filling up the DagBag from /home/airflow/.local/lib/python3.12/site-packages/airflow/example_dags/example_task_group.py
[2024-10-27T14:26:15.104+0000] {processor.py:925} INFO - DAG(s) 'example_task_group' retrieved from /home/airflow/.local/lib/python3.12/site-packages/airflow/example_dags/example_task_group.py
[2024-10-27T14:26:15.189+0000] {logging_mixin.py:190} INFO - [2024-10-27T14:26:15.188+0000] {dag.py:3239} INFO - Sync 1 DAGs
[2024-10-27T14:26:15.233+0000] {logging_mixin.py:190} INFO - [2024-10-27T14:26:15.232+0000] {dag.py:4180} INFO - Setting next_dagrun for example_task_group to None, run_after=None
[2024-10-27T14:26:15.322+0000] {processor.py:208} INFO - Processing /home/airflow/.local/lib/python3.12/site-packages/airflow/example_dags/example_task_group.py took 0.277 seconds
[2024-10-27T14:26:45.735+0000] {processor.py:186} INFO - Started process (PID=3986) to work on /home/airflow/.local/lib/python3.12/site-packages/airflow/example_dags/example_task_group.py
[2024-10-27T14:26:45.736+0000] {processor.py:914} INFO - Processing file /home/airflow/.local/lib/python3.12/site-packages/airflow/example_dags/example_task_group.py for tasks to queue
[2024-10-27T14:26:45.740+0000] {logging_mixin.py:190} INFO - [2024-10-27T14:26:45.739+0000] {dagbag.py:588} INFO - Filling up the DagBag from /home/airflow/.local/lib/python3.12/site-packages/airflow/example_dags/example_task_group.py
[2024-10-27T14:26:45.754+0000] {processor.py:925} INFO - DAG(s) 'example_task_group' retrieved from /home/airflow/.local/lib/python3.12/site-packages/airflow/example_dags/example_task_group.py
[2024-10-27T14:26:45.790+0000] {logging_mixin.py:190} INFO - [2024-10-27T14:26:45.790+0000] {dag.py:3239} INFO - Sync 1 DAGs
[2024-10-27T14:26:45.815+0000] {logging_mixin.py:190} INFO - [2024-10-27T14:26:45.815+0000] {dag.py:4180} INFO - Setting next_dagrun for example_task_group to None, run_after=None
[2024-10-27T14:26:45.919+0000] {processor.py:208} INFO - Processing /home/airflow/.local/lib/python3.12/site-packages/airflow/example_dags/example_task_group.py took 0.193 seconds
[2024-10-27T14:50:14.019+0000] {processor.py:186} INFO - Started process (PID=92) to work on /home/airflow/.local/lib/python3.12/site-packages/airflow/example_dags/example_task_group.py
[2024-10-27T14:50:14.023+0000] {processor.py:914} INFO - Processing file /home/airflow/.local/lib/python3.12/site-packages/airflow/example_dags/example_task_group.py for tasks to queue
[2024-10-27T14:50:14.051+0000] {logging_mixin.py:190} INFO - [2024-10-27T14:50:14.039+0000] {dagbag.py:588} INFO - Filling up the DagBag from /home/airflow/.local/lib/python3.12/site-packages/airflow/example_dags/example_task_group.py
[2024-10-27T14:50:14.140+0000] {processor.py:925} INFO - DAG(s) 'example_task_group' retrieved from /home/airflow/.local/lib/python3.12/site-packages/airflow/example_dags/example_task_group.py
[2024-10-27T14:50:14.212+0000] {logging_mixin.py:190} INFO - [2024-10-27T14:50:14.212+0000] {dag.py:3239} INFO - Sync 1 DAGs
[2024-10-27T14:50:14.261+0000] {logging_mixin.py:190} INFO - [2024-10-27T14:50:14.258+0000] {dag.py:4180} INFO - Setting next_dagrun for example_task_group to None, run_after=None
[2024-10-27T14:50:14.346+0000] {processor.py:208} INFO - Processing /home/airflow/.local/lib/python3.12/site-packages/airflow/example_dags/example_task_group.py took 0.351 seconds
[2024-10-27T14:50:53.415+0000] {processor.py:186} INFO - Started process (PID=154) to work on /home/airflow/.local/lib/python3.12/site-packages/airflow/example_dags/example_task_group.py
[2024-10-27T14:50:53.417+0000] {processor.py:914} INFO - Processing file /home/airflow/.local/lib/python3.12/site-packages/airflow/example_dags/example_task_group.py for tasks to queue
[2024-10-27T14:50:53.423+0000] {logging_mixin.py:190} INFO - [2024-10-27T14:50:53.422+0000] {dagbag.py:588} INFO - Filling up the DagBag from /home/airflow/.local/lib/python3.12/site-packages/airflow/example_dags/example_task_group.py
[2024-10-27T14:50:53.445+0000] {processor.py:925} INFO - DAG(s) 'example_task_group' retrieved from /home/airflow/.local/lib/python3.12/site-packages/airflow/example_dags/example_task_group.py
[2024-10-27T14:50:53.498+0000] {logging_mixin.py:190} INFO - [2024-10-27T14:50:53.497+0000] {dag.py:3239} INFO - Sync 1 DAGs
[2024-10-27T14:50:53.537+0000] {logging_mixin.py:190} INFO - [2024-10-27T14:50:53.537+0000] {dag.py:4180} INFO - Setting next_dagrun for example_task_group to None, run_after=None
[2024-10-27T14:50:53.585+0000] {processor.py:208} INFO - Processing /home/airflow/.local/lib/python3.12/site-packages/airflow/example_dags/example_task_group.py took 0.184 seconds
[2024-10-27T14:51:24.631+0000] {processor.py:186} INFO - Started process (PID=217) to work on /home/airflow/.local/lib/python3.12/site-packages/airflow/example_dags/example_task_group.py
[2024-10-27T14:51:24.633+0000] {processor.py:914} INFO - Processing file /home/airflow/.local/lib/python3.12/site-packages/airflow/example_dags/example_task_group.py for tasks to queue
[2024-10-27T14:51:24.638+0000] {logging_mixin.py:190} INFO - [2024-10-27T14:51:24.637+0000] {dagbag.py:588} INFO - Filling up the DagBag from /home/airflow/.local/lib/python3.12/site-packages/airflow/example_dags/example_task_group.py
[2024-10-27T14:51:24.655+0000] {processor.py:925} INFO - DAG(s) 'example_task_group' retrieved from /home/airflow/.local/lib/python3.12/site-packages/airflow/example_dags/example_task_group.py
[2024-10-27T14:51:24.700+0000] {logging_mixin.py:190} INFO - [2024-10-27T14:51:24.699+0000] {dag.py:3239} INFO - Sync 1 DAGs
[2024-10-27T14:51:24.776+0000] {logging_mixin.py:190} INFO - [2024-10-27T14:51:24.776+0000] {dag.py:4180} INFO - Setting next_dagrun for example_task_group to None, run_after=None
[2024-10-27T14:51:25.442+0000] {processor.py:208} INFO - Processing /home/airflow/.local/lib/python3.12/site-packages/airflow/example_dags/example_task_group.py took 0.829 seconds
[2024-10-27T14:51:56.002+0000] {processor.py:186} INFO - Started process (PID=279) to work on /home/airflow/.local/lib/python3.12/site-packages/airflow/example_dags/example_task_group.py
[2024-10-27T14:51:56.012+0000] {processor.py:914} INFO - Processing file /home/airflow/.local/lib/python3.12/site-packages/airflow/example_dags/example_task_group.py for tasks to queue
[2024-10-27T14:51:56.016+0000] {logging_mixin.py:190} INFO - [2024-10-27T14:51:56.016+0000] {dagbag.py:588} INFO - Filling up the DagBag from /home/airflow/.local/lib/python3.12/site-packages/airflow/example_dags/example_task_group.py
[2024-10-27T14:51:56.034+0000] {processor.py:925} INFO - DAG(s) 'example_task_group' retrieved from /home/airflow/.local/lib/python3.12/site-packages/airflow/example_dags/example_task_group.py
[2024-10-27T14:51:56.091+0000] {logging_mixin.py:190} INFO - [2024-10-27T14:51:56.090+0000] {dag.py:3239} INFO - Sync 1 DAGs
[2024-10-27T14:51:56.132+0000] {logging_mixin.py:190} INFO - [2024-10-27T14:51:56.132+0000] {dag.py:4180} INFO - Setting next_dagrun for example_task_group to None, run_after=None
[2024-10-27T14:51:56.206+0000] {processor.py:208} INFO - Processing /home/airflow/.local/lib/python3.12/site-packages/airflow/example_dags/example_task_group.py took 0.215 seconds
[2024-10-27T14:52:26.396+0000] {processor.py:186} INFO - Started process (PID=341) to work on /home/airflow/.local/lib/python3.12/site-packages/airflow/example_dags/example_task_group.py
[2024-10-27T14:52:26.398+0000] {processor.py:914} INFO - Processing file /home/airflow/.local/lib/python3.12/site-packages/airflow/example_dags/example_task_group.py for tasks to queue
[2024-10-27T14:52:26.402+0000] {logging_mixin.py:190} INFO - [2024-10-27T14:52:26.401+0000] {dagbag.py:588} INFO - Filling up the DagBag from /home/airflow/.local/lib/python3.12/site-packages/airflow/example_dags/example_task_group.py
[2024-10-27T14:52:26.415+0000] {processor.py:925} INFO - DAG(s) 'example_task_group' retrieved from /home/airflow/.local/lib/python3.12/site-packages/airflow/example_dags/example_task_group.py
[2024-10-27T14:52:26.456+0000] {logging_mixin.py:190} INFO - [2024-10-27T14:52:26.456+0000] {dag.py:3239} INFO - Sync 1 DAGs
[2024-10-27T14:52:26.487+0000] {logging_mixin.py:190} INFO - [2024-10-27T14:52:26.486+0000] {dag.py:4180} INFO - Setting next_dagrun for example_task_group to None, run_after=None
[2024-10-27T14:52:26.524+0000] {processor.py:208} INFO - Processing /home/airflow/.local/lib/python3.12/site-packages/airflow/example_dags/example_task_group.py took 0.138 seconds
[2024-10-27T14:52:57.248+0000] {processor.py:186} INFO - Started process (PID=403) to work on /home/airflow/.local/lib/python3.12/site-packages/airflow/example_dags/example_task_group.py
[2024-10-27T14:52:57.250+0000] {processor.py:914} INFO - Processing file /home/airflow/.local/lib/python3.12/site-packages/airflow/example_dags/example_task_group.py for tasks to queue
[2024-10-27T14:52:57.261+0000] {logging_mixin.py:190} INFO - [2024-10-27T14:52:57.260+0000] {dagbag.py:588} INFO - Filling up the DagBag from /home/airflow/.local/lib/python3.12/site-packages/airflow/example_dags/example_task_group.py
[2024-10-27T14:52:57.291+0000] {processor.py:925} INFO - DAG(s) 'example_task_group' retrieved from /home/airflow/.local/lib/python3.12/site-packages/airflow/example_dags/example_task_group.py
[2024-10-27T14:52:57.341+0000] {logging_mixin.py:190} INFO - [2024-10-27T14:52:57.341+0000] {dag.py:3239} INFO - Sync 1 DAGs
[2024-10-27T14:52:57.393+0000] {logging_mixin.py:190} INFO - [2024-10-27T14:52:57.392+0000] {dag.py:4180} INFO - Setting next_dagrun for example_task_group to None, run_after=None
[2024-10-27T14:52:57.471+0000] {processor.py:208} INFO - Processing /home/airflow/.local/lib/python3.12/site-packages/airflow/example_dags/example_task_group.py took 0.245 seconds
