[2024-10-27T13:43:13.419+0000] {processor.py:186} INFO - Started process (PID=93) to work on /home/airflow/.local/lib/python3.12/site-packages/airflow/example_dags/example_sensors.py
[2024-10-27T13:43:13.421+0000] {processor.py:914} INFO - Processing file /home/airflow/.local/lib/python3.12/site-packages/airflow/example_dags/example_sensors.py for tasks to queue
[2024-10-27T13:43:13.426+0000] {logging_mixin.py:190} INFO - [2024-10-27T13:43:13.425+0000] {dagbag.py:588} INFO - Filling up the DagBag from /home/airflow/.local/lib/python3.12/site-packages/airflow/example_dags/example_sensors.py
[2024-10-27T13:43:13.460+0000] {processor.py:925} INFO - DAG(s) 'example_sensors' retrieved from /home/airflow/.local/lib/python3.12/site-packages/airflow/example_dags/example_sensors.py
[2024-10-27T13:43:13.842+0000] {logging_mixin.py:190} INFO - [2024-10-27T13:43:13.842+0000] {dag.py:3239} INFO - Sync 1 DAGs
[2024-10-27T13:43:13.863+0000] {logging_mixin.py:190} INFO - [2024-10-27T13:43:13.862+0000] {dag.py:4180} INFO - Setting next_dagrun for example_sensors to None, run_after=None
[2024-10-27T13:43:13.929+0000] {processor.py:208} INFO - Processing /home/airflow/.local/lib/python3.12/site-packages/airflow/example_dags/example_sensors.py took 0.522 seconds
[2024-10-27T13:43:44.389+0000] {processor.py:186} INFO - Started process (PID=155) to work on /home/airflow/.local/lib/python3.12/site-packages/airflow/example_dags/example_sensors.py
[2024-10-27T13:43:44.394+0000] {processor.py:914} INFO - Processing file /home/airflow/.local/lib/python3.12/site-packages/airflow/example_dags/example_sensors.py for tasks to queue
[2024-10-27T13:43:44.409+0000] {logging_mixin.py:190} INFO - [2024-10-27T13:43:44.398+0000] {dagbag.py:588} INFO - Filling up the DagBag from /home/airflow/.local/lib/python3.12/site-packages/airflow/example_dags/example_sensors.py
[2024-10-27T13:43:44.445+0000] {processor.py:925} INFO - DAG(s) 'example_sensors' retrieved from /home/airflow/.local/lib/python3.12/site-packages/airflow/example_dags/example_sensors.py
[2024-10-27T13:43:44.515+0000] {logging_mixin.py:190} INFO - [2024-10-27T13:43:44.515+0000] {dag.py:3239} INFO - Sync 1 DAGs
[2024-10-27T13:43:44.559+0000] {logging_mixin.py:190} INFO - [2024-10-27T13:43:44.559+0000] {dag.py:4180} INFO - Setting next_dagrun for example_sensors to None, run_after=None
[2024-10-27T13:43:44.610+0000] {processor.py:208} INFO - Processing /home/airflow/.local/lib/python3.12/site-packages/airflow/example_dags/example_sensors.py took 0.245 seconds
[2024-10-27T13:44:16.982+0000] {processor.py:186} INFO - Started process (PID=216) to work on /home/airflow/.local/lib/python3.12/site-packages/airflow/example_dags/example_sensors.py
[2024-10-27T13:44:16.984+0000] {processor.py:914} INFO - Processing file /home/airflow/.local/lib/python3.12/site-packages/airflow/example_dags/example_sensors.py for tasks to queue
[2024-10-27T13:44:16.989+0000] {logging_mixin.py:190} INFO - [2024-10-27T13:44:16.988+0000] {dagbag.py:588} INFO - Filling up the DagBag from /home/airflow/.local/lib/python3.12/site-packages/airflow/example_dags/example_sensors.py
[2024-10-27T13:44:17.020+0000] {processor.py:925} INFO - DAG(s) 'example_sensors' retrieved from /home/airflow/.local/lib/python3.12/site-packages/airflow/example_dags/example_sensors.py
[2024-10-27T13:44:17.090+0000] {logging_mixin.py:190} INFO - [2024-10-27T13:44:17.089+0000] {dag.py:3239} INFO - Sync 1 DAGs
[2024-10-27T13:44:17.134+0000] {logging_mixin.py:190} INFO - [2024-10-27T13:44:17.134+0000] {dag.py:4180} INFO - Setting next_dagrun for example_sensors to None, run_after=None
[2024-10-27T13:44:17.190+0000] {processor.py:208} INFO - Processing /home/airflow/.local/lib/python3.12/site-packages/airflow/example_dags/example_sensors.py took 0.219 seconds
[2024-10-27T13:44:47.751+0000] {processor.py:186} INFO - Started process (PID=278) to work on /home/airflow/.local/lib/python3.12/site-packages/airflow/example_dags/example_sensors.py
[2024-10-27T13:44:47.753+0000] {processor.py:914} INFO - Processing file /home/airflow/.local/lib/python3.12/site-packages/airflow/example_dags/example_sensors.py for tasks to queue
[2024-10-27T13:44:47.767+0000] {logging_mixin.py:190} INFO - [2024-10-27T13:44:47.766+0000] {dagbag.py:588} INFO - Filling up the DagBag from /home/airflow/.local/lib/python3.12/site-packages/airflow/example_dags/example_sensors.py
[2024-10-27T13:44:47.811+0000] {processor.py:925} INFO - DAG(s) 'example_sensors' retrieved from /home/airflow/.local/lib/python3.12/site-packages/airflow/example_dags/example_sensors.py
[2024-10-27T13:44:47.905+0000] {logging_mixin.py:190} INFO - [2024-10-27T13:44:47.904+0000] {dag.py:3239} INFO - Sync 1 DAGs
[2024-10-27T13:44:47.930+0000] {logging_mixin.py:190} INFO - [2024-10-27T13:44:47.930+0000] {dag.py:4180} INFO - Setting next_dagrun for example_sensors to None, run_after=None
[2024-10-27T13:44:47.968+0000] {processor.py:208} INFO - Processing /home/airflow/.local/lib/python3.12/site-packages/airflow/example_dags/example_sensors.py took 0.240 seconds
[2024-10-27T13:45:24.834+0000] {processor.py:186} INFO - Started process (PID=340) to work on /home/airflow/.local/lib/python3.12/site-packages/airflow/example_dags/example_sensors.py
[2024-10-27T13:45:24.836+0000] {processor.py:914} INFO - Processing file /home/airflow/.local/lib/python3.12/site-packages/airflow/example_dags/example_sensors.py for tasks to queue
[2024-10-27T13:45:24.841+0000] {logging_mixin.py:190} INFO - [2024-10-27T13:45:24.840+0000] {dagbag.py:588} INFO - Filling up the DagBag from /home/airflow/.local/lib/python3.12/site-packages/airflow/example_dags/example_sensors.py
[2024-10-27T13:45:24.869+0000] {processor.py:925} INFO - DAG(s) 'example_sensors' retrieved from /home/airflow/.local/lib/python3.12/site-packages/airflow/example_dags/example_sensors.py
[2024-10-27T13:45:24.984+0000] {logging_mixin.py:190} INFO - [2024-10-27T13:45:24.983+0000] {dag.py:3239} INFO - Sync 1 DAGs
[2024-10-27T13:45:25.043+0000] {logging_mixin.py:190} INFO - [2024-10-27T13:45:25.043+0000] {dag.py:4180} INFO - Setting next_dagrun for example_sensors to None, run_after=None
[2024-10-27T13:45:25.255+0000] {processor.py:208} INFO - Processing /home/airflow/.local/lib/python3.12/site-packages/airflow/example_dags/example_sensors.py took 0.442 seconds
[2024-10-27T13:53:44.493+0000] {processor.py:186} INFO - Started process (PID=115) to work on /home/airflow/.local/lib/python3.12/site-packages/airflow/example_dags/example_sensors.py
[2024-10-27T13:53:44.500+0000] {processor.py:914} INFO - Processing file /home/airflow/.local/lib/python3.12/site-packages/airflow/example_dags/example_sensors.py for tasks to queue
[2024-10-27T13:53:44.505+0000] {logging_mixin.py:190} INFO - [2024-10-27T13:53:44.504+0000] {dagbag.py:588} INFO - Filling up the DagBag from /home/airflow/.local/lib/python3.12/site-packages/airflow/example_dags/example_sensors.py
[2024-10-27T13:53:44.539+0000] {processor.py:925} INFO - DAG(s) 'example_sensors' retrieved from /home/airflow/.local/lib/python3.12/site-packages/airflow/example_dags/example_sensors.py
[2024-10-27T13:53:44.604+0000] {logging_mixin.py:190} INFO - [2024-10-27T13:53:44.604+0000] {dag.py:3239} INFO - Sync 1 DAGs
[2024-10-27T13:53:44.637+0000] {logging_mixin.py:190} INFO - [2024-10-27T13:53:44.637+0000] {dag.py:4180} INFO - Setting next_dagrun for example_sensors to None, run_after=None
[2024-10-27T13:53:44.703+0000] {processor.py:208} INFO - Processing /home/airflow/.local/lib/python3.12/site-packages/airflow/example_dags/example_sensors.py took 0.223 seconds
[2024-10-27T13:54:44.554+0000] {processor.py:186} INFO - Started process (PID=199) to work on /home/airflow/.local/lib/python3.12/site-packages/airflow/example_dags/example_sensors.py
[2024-10-27T13:54:44.555+0000] {processor.py:914} INFO - Processing file /home/airflow/.local/lib/python3.12/site-packages/airflow/example_dags/example_sensors.py for tasks to queue
[2024-10-27T13:54:44.560+0000] {logging_mixin.py:190} INFO - [2024-10-27T13:54:44.558+0000] {dagbag.py:588} INFO - Filling up the DagBag from /home/airflow/.local/lib/python3.12/site-packages/airflow/example_dags/example_sensors.py
[2024-10-27T13:54:44.582+0000] {processor.py:925} INFO - DAG(s) 'example_sensors' retrieved from /home/airflow/.local/lib/python3.12/site-packages/airflow/example_dags/example_sensors.py
[2024-10-27T13:54:44.690+0000] {logging_mixin.py:190} INFO - [2024-10-27T13:54:44.690+0000] {dag.py:3239} INFO - Sync 1 DAGs
[2024-10-27T13:54:44.722+0000] {logging_mixin.py:190} INFO - [2024-10-27T13:54:44.721+0000] {dag.py:4180} INFO - Setting next_dagrun for example_sensors to None, run_after=None
[2024-10-27T13:54:45.029+0000] {processor.py:208} INFO - Processing /home/airflow/.local/lib/python3.12/site-packages/airflow/example_dags/example_sensors.py took 0.488 seconds
[2024-10-27T13:55:16.379+0000] {processor.py:186} INFO - Started process (PID=261) to work on /home/airflow/.local/lib/python3.12/site-packages/airflow/example_dags/example_sensors.py
[2024-10-27T13:55:16.382+0000] {processor.py:914} INFO - Processing file /home/airflow/.local/lib/python3.12/site-packages/airflow/example_dags/example_sensors.py for tasks to queue
[2024-10-27T13:55:16.396+0000] {logging_mixin.py:190} INFO - [2024-10-27T13:55:16.395+0000] {dagbag.py:588} INFO - Filling up the DagBag from /home/airflow/.local/lib/python3.12/site-packages/airflow/example_dags/example_sensors.py
[2024-10-27T13:55:16.455+0000] {processor.py:925} INFO - DAG(s) 'example_sensors' retrieved from /home/airflow/.local/lib/python3.12/site-packages/airflow/example_dags/example_sensors.py
[2024-10-27T13:55:16.607+0000] {logging_mixin.py:190} INFO - [2024-10-27T13:55:16.606+0000] {dag.py:3239} INFO - Sync 1 DAGs
[2024-10-27T13:55:16.663+0000] {logging_mixin.py:190} INFO - [2024-10-27T13:55:16.663+0000] {dag.py:4180} INFO - Setting next_dagrun for example_sensors to None, run_after=None
[2024-10-27T13:55:16.720+0000] {processor.py:208} INFO - Processing /home/airflow/.local/lib/python3.12/site-packages/airflow/example_dags/example_sensors.py took 0.372 seconds
[2024-10-27T13:55:46.849+0000] {processor.py:186} INFO - Started process (PID=322) to work on /home/airflow/.local/lib/python3.12/site-packages/airflow/example_dags/example_sensors.py
[2024-10-27T13:55:46.851+0000] {processor.py:914} INFO - Processing file /home/airflow/.local/lib/python3.12/site-packages/airflow/example_dags/example_sensors.py for tasks to queue
[2024-10-27T13:55:46.858+0000] {logging_mixin.py:190} INFO - [2024-10-27T13:55:46.858+0000] {dagbag.py:588} INFO - Filling up the DagBag from /home/airflow/.local/lib/python3.12/site-packages/airflow/example_dags/example_sensors.py
[2024-10-27T13:55:46.882+0000] {processor.py:925} INFO - DAG(s) 'example_sensors' retrieved from /home/airflow/.local/lib/python3.12/site-packages/airflow/example_dags/example_sensors.py
[2024-10-27T13:55:46.956+0000] {logging_mixin.py:190} INFO - [2024-10-27T13:55:46.956+0000] {dag.py:3239} INFO - Sync 1 DAGs
[2024-10-27T13:55:47.009+0000] {logging_mixin.py:190} INFO - [2024-10-27T13:55:47.009+0000] {dag.py:4180} INFO - Setting next_dagrun for example_sensors to None, run_after=None
[2024-10-27T13:55:47.089+0000] {processor.py:208} INFO - Processing /home/airflow/.local/lib/python3.12/site-packages/airflow/example_dags/example_sensors.py took 0.253 seconds
[2024-10-27T13:56:18.180+0000] {processor.py:186} INFO - Started process (PID=384) to work on /home/airflow/.local/lib/python3.12/site-packages/airflow/example_dags/example_sensors.py
[2024-10-27T13:56:18.185+0000] {processor.py:914} INFO - Processing file /home/airflow/.local/lib/python3.12/site-packages/airflow/example_dags/example_sensors.py for tasks to queue
[2024-10-27T13:56:18.189+0000] {logging_mixin.py:190} INFO - [2024-10-27T13:56:18.189+0000] {dagbag.py:588} INFO - Filling up the DagBag from /home/airflow/.local/lib/python3.12/site-packages/airflow/example_dags/example_sensors.py
[2024-10-27T13:56:18.224+0000] {processor.py:925} INFO - DAG(s) 'example_sensors' retrieved from /home/airflow/.local/lib/python3.12/site-packages/airflow/example_dags/example_sensors.py
[2024-10-27T13:56:18.425+0000] {logging_mixin.py:190} INFO - [2024-10-27T13:56:18.413+0000] {dag.py:3239} INFO - Sync 1 DAGs
[2024-10-27T13:56:18.517+0000] {logging_mixin.py:190} INFO - [2024-10-27T13:56:18.516+0000] {dag.py:4180} INFO - Setting next_dagrun for example_sensors to None, run_after=None
[2024-10-27T13:56:18.626+0000] {processor.py:208} INFO - Processing /home/airflow/.local/lib/python3.12/site-packages/airflow/example_dags/example_sensors.py took 0.457 seconds
[2024-10-27T13:56:52.735+0000] {processor.py:186} INFO - Started process (PID=449) to work on /home/airflow/.local/lib/python3.12/site-packages/airflow/example_dags/example_sensors.py
[2024-10-27T13:56:52.736+0000] {processor.py:914} INFO - Processing file /home/airflow/.local/lib/python3.12/site-packages/airflow/example_dags/example_sensors.py for tasks to queue
[2024-10-27T13:56:52.739+0000] {logging_mixin.py:190} INFO - [2024-10-27T13:56:52.739+0000] {dagbag.py:588} INFO - Filling up the DagBag from /home/airflow/.local/lib/python3.12/site-packages/airflow/example_dags/example_sensors.py
[2024-10-27T13:56:52.754+0000] {processor.py:925} INFO - DAG(s) 'example_sensors' retrieved from /home/airflow/.local/lib/python3.12/site-packages/airflow/example_dags/example_sensors.py
[2024-10-27T13:56:52.813+0000] {logging_mixin.py:190} INFO - [2024-10-27T13:56:52.812+0000] {dag.py:3239} INFO - Sync 1 DAGs
[2024-10-27T13:56:52.844+0000] {logging_mixin.py:190} INFO - [2024-10-27T13:56:52.843+0000] {dag.py:4180} INFO - Setting next_dagrun for example_sensors to None, run_after=None
[2024-10-27T13:56:53.411+0000] {processor.py:208} INFO - Processing /home/airflow/.local/lib/python3.12/site-packages/airflow/example_dags/example_sensors.py took 0.685 seconds
[2024-10-27T13:57:24.220+0000] {processor.py:186} INFO - Started process (PID=511) to work on /home/airflow/.local/lib/python3.12/site-packages/airflow/example_dags/example_sensors.py
[2024-10-27T13:57:24.222+0000] {processor.py:914} INFO - Processing file /home/airflow/.local/lib/python3.12/site-packages/airflow/example_dags/example_sensors.py for tasks to queue
[2024-10-27T13:57:24.226+0000] {logging_mixin.py:190} INFO - [2024-10-27T13:57:24.225+0000] {dagbag.py:588} INFO - Filling up the DagBag from /home/airflow/.local/lib/python3.12/site-packages/airflow/example_dags/example_sensors.py
[2024-10-27T13:57:24.244+0000] {processor.py:925} INFO - DAG(s) 'example_sensors' retrieved from /home/airflow/.local/lib/python3.12/site-packages/airflow/example_dags/example_sensors.py
[2024-10-27T13:57:24.291+0000] {logging_mixin.py:190} INFO - [2024-10-27T13:57:24.291+0000] {dag.py:3239} INFO - Sync 1 DAGs
[2024-10-27T13:57:24.324+0000] {logging_mixin.py:190} INFO - [2024-10-27T13:57:24.323+0000] {dag.py:4180} INFO - Setting next_dagrun for example_sensors to None, run_after=None
[2024-10-27T13:57:24.389+0000] {processor.py:208} INFO - Processing /home/airflow/.local/lib/python3.12/site-packages/airflow/example_dags/example_sensors.py took 0.180 seconds
[2024-10-27T13:57:54.587+0000] {processor.py:186} INFO - Started process (PID=573) to work on /home/airflow/.local/lib/python3.12/site-packages/airflow/example_dags/example_sensors.py
[2024-10-27T13:57:54.588+0000] {processor.py:914} INFO - Processing file /home/airflow/.local/lib/python3.12/site-packages/airflow/example_dags/example_sensors.py for tasks to queue
[2024-10-27T13:57:54.592+0000] {logging_mixin.py:190} INFO - [2024-10-27T13:57:54.592+0000] {dagbag.py:588} INFO - Filling up the DagBag from /home/airflow/.local/lib/python3.12/site-packages/airflow/example_dags/example_sensors.py
[2024-10-27T13:57:54.616+0000] {processor.py:925} INFO - DAG(s) 'example_sensors' retrieved from /home/airflow/.local/lib/python3.12/site-packages/airflow/example_dags/example_sensors.py
[2024-10-27T13:57:54.664+0000] {logging_mixin.py:190} INFO - [2024-10-27T13:57:54.664+0000] {dag.py:3239} INFO - Sync 1 DAGs
[2024-10-27T13:57:54.694+0000] {logging_mixin.py:190} INFO - [2024-10-27T13:57:54.693+0000] {dag.py:4180} INFO - Setting next_dagrun for example_sensors to None, run_after=None
[2024-10-27T13:57:54.756+0000] {processor.py:208} INFO - Processing /home/airflow/.local/lib/python3.12/site-packages/airflow/example_dags/example_sensors.py took 0.180 seconds
[2024-10-27T13:58:26.603+0000] {processor.py:186} INFO - Started process (PID=636) to work on /home/airflow/.local/lib/python3.12/site-packages/airflow/example_dags/example_sensors.py
[2024-10-27T13:58:26.605+0000] {processor.py:914} INFO - Processing file /home/airflow/.local/lib/python3.12/site-packages/airflow/example_dags/example_sensors.py for tasks to queue
[2024-10-27T13:58:26.609+0000] {logging_mixin.py:190} INFO - [2024-10-27T13:58:26.608+0000] {dagbag.py:588} INFO - Filling up the DagBag from /home/airflow/.local/lib/python3.12/site-packages/airflow/example_dags/example_sensors.py
[2024-10-27T13:58:26.627+0000] {processor.py:925} INFO - DAG(s) 'example_sensors' retrieved from /home/airflow/.local/lib/python3.12/site-packages/airflow/example_dags/example_sensors.py
[2024-10-27T13:58:26.775+0000] {logging_mixin.py:190} INFO - [2024-10-27T13:58:26.775+0000] {dag.py:3239} INFO - Sync 1 DAGs
[2024-10-27T13:58:26.882+0000] {logging_mixin.py:190} INFO - [2024-10-27T13:58:26.882+0000] {dag.py:4180} INFO - Setting next_dagrun for example_sensors to None, run_after=None
[2024-10-27T13:58:27.068+0000] {processor.py:208} INFO - Processing /home/airflow/.local/lib/python3.12/site-packages/airflow/example_dags/example_sensors.py took 0.491 seconds
[2024-10-27T13:58:58.911+0000] {processor.py:186} INFO - Started process (PID=698) to work on /home/airflow/.local/lib/python3.12/site-packages/airflow/example_dags/example_sensors.py
[2024-10-27T13:58:58.970+0000] {processor.py:914} INFO - Processing file /home/airflow/.local/lib/python3.12/site-packages/airflow/example_dags/example_sensors.py for tasks to queue
[2024-10-27T13:58:58.974+0000] {logging_mixin.py:190} INFO - [2024-10-27T13:58:58.974+0000] {dagbag.py:588} INFO - Filling up the DagBag from /home/airflow/.local/lib/python3.12/site-packages/airflow/example_dags/example_sensors.py
[2024-10-27T13:58:59.013+0000] {processor.py:925} INFO - DAG(s) 'example_sensors' retrieved from /home/airflow/.local/lib/python3.12/site-packages/airflow/example_dags/example_sensors.py
[2024-10-27T13:58:59.127+0000] {logging_mixin.py:190} INFO - [2024-10-27T13:58:59.127+0000] {dag.py:3239} INFO - Sync 1 DAGs
[2024-10-27T13:58:59.184+0000] {logging_mixin.py:190} INFO - [2024-10-27T13:58:59.183+0000] {dag.py:4180} INFO - Setting next_dagrun for example_sensors to None, run_after=None
[2024-10-27T13:58:59.248+0000] {processor.py:208} INFO - Processing /home/airflow/.local/lib/python3.12/site-packages/airflow/example_dags/example_sensors.py took 0.358 seconds
[2024-10-27T13:59:31.051+0000] {processor.py:186} INFO - Started process (PID=761) to work on /home/airflow/.local/lib/python3.12/site-packages/airflow/example_dags/example_sensors.py
[2024-10-27T13:59:31.053+0000] {processor.py:914} INFO - Processing file /home/airflow/.local/lib/python3.12/site-packages/airflow/example_dags/example_sensors.py for tasks to queue
[2024-10-27T13:59:31.058+0000] {logging_mixin.py:190} INFO - [2024-10-27T13:59:31.057+0000] {dagbag.py:588} INFO - Filling up the DagBag from /home/airflow/.local/lib/python3.12/site-packages/airflow/example_dags/example_sensors.py
[2024-10-27T13:59:31.085+0000] {processor.py:925} INFO - DAG(s) 'example_sensors' retrieved from /home/airflow/.local/lib/python3.12/site-packages/airflow/example_dags/example_sensors.py
[2024-10-27T13:59:31.155+0000] {logging_mixin.py:190} INFO - [2024-10-27T13:59:31.154+0000] {dag.py:3239} INFO - Sync 1 DAGs
[2024-10-27T13:59:31.180+0000] {logging_mixin.py:190} INFO - [2024-10-27T13:59:31.179+0000] {dag.py:4180} INFO - Setting next_dagrun for example_sensors to None, run_after=None
[2024-10-27T13:59:32.339+0000] {processor.py:208} INFO - Processing /home/airflow/.local/lib/python3.12/site-packages/airflow/example_dags/example_sensors.py took 1.309 seconds
[2024-10-27T14:00:03.130+0000] {processor.py:186} INFO - Started process (PID=823) to work on /home/airflow/.local/lib/python3.12/site-packages/airflow/example_dags/example_sensors.py
[2024-10-27T14:00:03.135+0000] {processor.py:914} INFO - Processing file /home/airflow/.local/lib/python3.12/site-packages/airflow/example_dags/example_sensors.py for tasks to queue
[2024-10-27T14:00:03.142+0000] {logging_mixin.py:190} INFO - [2024-10-27T14:00:03.141+0000] {dagbag.py:588} INFO - Filling up the DagBag from /home/airflow/.local/lib/python3.12/site-packages/airflow/example_dags/example_sensors.py
[2024-10-27T14:00:03.190+0000] {processor.py:925} INFO - DAG(s) 'example_sensors' retrieved from /home/airflow/.local/lib/python3.12/site-packages/airflow/example_dags/example_sensors.py
[2024-10-27T14:00:03.338+0000] {logging_mixin.py:190} INFO - [2024-10-27T14:00:03.338+0000] {dag.py:3239} INFO - Sync 1 DAGs
[2024-10-27T14:00:03.431+0000] {logging_mixin.py:190} INFO - [2024-10-27T14:00:03.431+0000] {dag.py:4180} INFO - Setting next_dagrun for example_sensors to None, run_after=None
[2024-10-27T14:00:03.569+0000] {processor.py:208} INFO - Processing /home/airflow/.local/lib/python3.12/site-packages/airflow/example_dags/example_sensors.py took 0.462 seconds
[2024-10-27T14:00:33.850+0000] {processor.py:186} INFO - Started process (PID=884) to work on /home/airflow/.local/lib/python3.12/site-packages/airflow/example_dags/example_sensors.py
[2024-10-27T14:00:33.856+0000] {processor.py:914} INFO - Processing file /home/airflow/.local/lib/python3.12/site-packages/airflow/example_dags/example_sensors.py for tasks to queue
[2024-10-27T14:00:33.860+0000] {logging_mixin.py:190} INFO - [2024-10-27T14:00:33.859+0000] {dagbag.py:588} INFO - Filling up the DagBag from /home/airflow/.local/lib/python3.12/site-packages/airflow/example_dags/example_sensors.py
[2024-10-27T14:00:33.881+0000] {processor.py:925} INFO - DAG(s) 'example_sensors' retrieved from /home/airflow/.local/lib/python3.12/site-packages/airflow/example_dags/example_sensors.py
[2024-10-27T14:00:33.935+0000] {logging_mixin.py:190} INFO - [2024-10-27T14:00:33.935+0000] {dag.py:3239} INFO - Sync 1 DAGs
[2024-10-27T14:00:33.970+0000] {logging_mixin.py:190} INFO - [2024-10-27T14:00:33.970+0000] {dag.py:4180} INFO - Setting next_dagrun for example_sensors to None, run_after=None
[2024-10-27T14:00:34.026+0000] {processor.py:208} INFO - Processing /home/airflow/.local/lib/python3.12/site-packages/airflow/example_dags/example_sensors.py took 0.187 seconds
[2024-10-27T14:01:04.376+0000] {processor.py:186} INFO - Started process (PID=946) to work on /home/airflow/.local/lib/python3.12/site-packages/airflow/example_dags/example_sensors.py
[2024-10-27T14:01:04.378+0000] {processor.py:914} INFO - Processing file /home/airflow/.local/lib/python3.12/site-packages/airflow/example_dags/example_sensors.py for tasks to queue
[2024-10-27T14:01:04.398+0000] {logging_mixin.py:190} INFO - [2024-10-27T14:01:04.397+0000] {dagbag.py:588} INFO - Filling up the DagBag from /home/airflow/.local/lib/python3.12/site-packages/airflow/example_dags/example_sensors.py
[2024-10-27T14:01:04.448+0000] {processor.py:925} INFO - DAG(s) 'example_sensors' retrieved from /home/airflow/.local/lib/python3.12/site-packages/airflow/example_dags/example_sensors.py
[2024-10-27T14:01:04.575+0000] {logging_mixin.py:190} INFO - [2024-10-27T14:01:04.575+0000] {dag.py:3239} INFO - Sync 1 DAGs
[2024-10-27T14:01:04.616+0000] {logging_mixin.py:190} INFO - [2024-10-27T14:01:04.616+0000] {dag.py:4180} INFO - Setting next_dagrun for example_sensors to None, run_after=None
[2024-10-27T14:01:04.715+0000] {processor.py:208} INFO - Processing /home/airflow/.local/lib/python3.12/site-packages/airflow/example_dags/example_sensors.py took 0.375 seconds
[2024-10-27T14:01:35.468+0000] {processor.py:186} INFO - Started process (PID=1009) to work on /home/airflow/.local/lib/python3.12/site-packages/airflow/example_dags/example_sensors.py
[2024-10-27T14:01:35.471+0000] {processor.py:914} INFO - Processing file /home/airflow/.local/lib/python3.12/site-packages/airflow/example_dags/example_sensors.py for tasks to queue
[2024-10-27T14:01:35.475+0000] {logging_mixin.py:190} INFO - [2024-10-27T14:01:35.475+0000] {dagbag.py:588} INFO - Filling up the DagBag from /home/airflow/.local/lib/python3.12/site-packages/airflow/example_dags/example_sensors.py
[2024-10-27T14:01:35.496+0000] {processor.py:925} INFO - DAG(s) 'example_sensors' retrieved from /home/airflow/.local/lib/python3.12/site-packages/airflow/example_dags/example_sensors.py
[2024-10-27T14:01:35.550+0000] {logging_mixin.py:190} INFO - [2024-10-27T14:01:35.550+0000] {dag.py:3239} INFO - Sync 1 DAGs
[2024-10-27T14:01:35.591+0000] {logging_mixin.py:190} INFO - [2024-10-27T14:01:35.591+0000] {dag.py:4180} INFO - Setting next_dagrun for example_sensors to None, run_after=None
[2024-10-27T14:01:35.722+0000] {processor.py:208} INFO - Processing /home/airflow/.local/lib/python3.12/site-packages/airflow/example_dags/example_sensors.py took 0.263 seconds
[2024-10-27T14:02:05.919+0000] {processor.py:186} INFO - Started process (PID=1071) to work on /home/airflow/.local/lib/python3.12/site-packages/airflow/example_dags/example_sensors.py
[2024-10-27T14:02:05.921+0000] {processor.py:914} INFO - Processing file /home/airflow/.local/lib/python3.12/site-packages/airflow/example_dags/example_sensors.py for tasks to queue
[2024-10-27T14:02:05.926+0000] {logging_mixin.py:190} INFO - [2024-10-27T14:02:05.925+0000] {dagbag.py:588} INFO - Filling up the DagBag from /home/airflow/.local/lib/python3.12/site-packages/airflow/example_dags/example_sensors.py
[2024-10-27T14:02:05.972+0000] {processor.py:925} INFO - DAG(s) 'example_sensors' retrieved from /home/airflow/.local/lib/python3.12/site-packages/airflow/example_dags/example_sensors.py
[2024-10-27T14:02:06.051+0000] {logging_mixin.py:190} INFO - [2024-10-27T14:02:06.050+0000] {dag.py:3239} INFO - Sync 1 DAGs
[2024-10-27T14:02:06.100+0000] {logging_mixin.py:190} INFO - [2024-10-27T14:02:06.099+0000] {dag.py:4180} INFO - Setting next_dagrun for example_sensors to None, run_after=None
[2024-10-27T14:02:06.191+0000] {processor.py:208} INFO - Processing /home/airflow/.local/lib/python3.12/site-packages/airflow/example_dags/example_sensors.py took 0.290 seconds
[2024-10-27T14:02:37.775+0000] {processor.py:186} INFO - Started process (PID=1133) to work on /home/airflow/.local/lib/python3.12/site-packages/airflow/example_dags/example_sensors.py
[2024-10-27T14:02:37.777+0000] {processor.py:914} INFO - Processing file /home/airflow/.local/lib/python3.12/site-packages/airflow/example_dags/example_sensors.py for tasks to queue
[2024-10-27T14:02:37.782+0000] {logging_mixin.py:190} INFO - [2024-10-27T14:02:37.781+0000] {dagbag.py:588} INFO - Filling up the DagBag from /home/airflow/.local/lib/python3.12/site-packages/airflow/example_dags/example_sensors.py
[2024-10-27T14:02:37.811+0000] {processor.py:925} INFO - DAG(s) 'example_sensors' retrieved from /home/airflow/.local/lib/python3.12/site-packages/airflow/example_dags/example_sensors.py
[2024-10-27T14:02:37.910+0000] {logging_mixin.py:190} INFO - [2024-10-27T14:02:37.909+0000] {dag.py:3239} INFO - Sync 1 DAGs
[2024-10-27T14:02:37.955+0000] {logging_mixin.py:190} INFO - [2024-10-27T14:02:37.955+0000] {dag.py:4180} INFO - Setting next_dagrun for example_sensors to None, run_after=None
[2024-10-27T14:02:38.045+0000] {processor.py:208} INFO - Processing /home/airflow/.local/lib/python3.12/site-packages/airflow/example_dags/example_sensors.py took 0.285 seconds
[2024-10-27T14:03:08.378+0000] {processor.py:186} INFO - Started process (PID=1199) to work on /home/airflow/.local/lib/python3.12/site-packages/airflow/example_dags/example_sensors.py
[2024-10-27T14:03:08.379+0000] {processor.py:914} INFO - Processing file /home/airflow/.local/lib/python3.12/site-packages/airflow/example_dags/example_sensors.py for tasks to queue
[2024-10-27T14:03:08.384+0000] {logging_mixin.py:190} INFO - [2024-10-27T14:03:08.383+0000] {dagbag.py:588} INFO - Filling up the DagBag from /home/airflow/.local/lib/python3.12/site-packages/airflow/example_dags/example_sensors.py
[2024-10-27T14:03:08.413+0000] {processor.py:925} INFO - DAG(s) 'example_sensors' retrieved from /home/airflow/.local/lib/python3.12/site-packages/airflow/example_dags/example_sensors.py
[2024-10-27T14:03:08.468+0000] {logging_mixin.py:190} INFO - [2024-10-27T14:03:08.467+0000] {dag.py:3239} INFO - Sync 1 DAGs
[2024-10-27T14:03:08.497+0000] {logging_mixin.py:190} INFO - [2024-10-27T14:03:08.497+0000] {dag.py:4180} INFO - Setting next_dagrun for example_sensors to None, run_after=None
[2024-10-27T14:03:08.571+0000] {processor.py:208} INFO - Processing /home/airflow/.local/lib/python3.12/site-packages/airflow/example_dags/example_sensors.py took 0.205 seconds
[2024-10-27T14:03:47.249+0000] {processor.py:186} INFO - Started process (PID=1263) to work on /home/airflow/.local/lib/python3.12/site-packages/airflow/example_dags/example_sensors.py
[2024-10-27T14:03:47.251+0000] {processor.py:914} INFO - Processing file /home/airflow/.local/lib/python3.12/site-packages/airflow/example_dags/example_sensors.py for tasks to queue
[2024-10-27T14:03:47.264+0000] {logging_mixin.py:190} INFO - [2024-10-27T14:03:47.255+0000] {dagbag.py:588} INFO - Filling up the DagBag from /home/airflow/.local/lib/python3.12/site-packages/airflow/example_dags/example_sensors.py
[2024-10-27T14:03:47.307+0000] {processor.py:925} INFO - DAG(s) 'example_sensors' retrieved from /home/airflow/.local/lib/python3.12/site-packages/airflow/example_dags/example_sensors.py
[2024-10-27T14:03:47.390+0000] {logging_mixin.py:190} INFO - [2024-10-27T14:03:47.389+0000] {dag.py:3239} INFO - Sync 1 DAGs
[2024-10-27T14:03:47.457+0000] {logging_mixin.py:190} INFO - [2024-10-27T14:03:47.457+0000] {dag.py:4180} INFO - Setting next_dagrun for example_sensors to None, run_after=None
[2024-10-27T14:03:47.805+0000] {processor.py:208} INFO - Processing /home/airflow/.local/lib/python3.12/site-packages/airflow/example_dags/example_sensors.py took 0.575 seconds
[2024-10-27T14:04:18.015+0000] {processor.py:186} INFO - Started process (PID=1323) to work on /home/airflow/.local/lib/python3.12/site-packages/airflow/example_dags/example_sensors.py
[2024-10-27T14:04:18.017+0000] {processor.py:914} INFO - Processing file /home/airflow/.local/lib/python3.12/site-packages/airflow/example_dags/example_sensors.py for tasks to queue
[2024-10-27T14:04:18.022+0000] {logging_mixin.py:190} INFO - [2024-10-27T14:04:18.021+0000] {dagbag.py:588} INFO - Filling up the DagBag from /home/airflow/.local/lib/python3.12/site-packages/airflow/example_dags/example_sensors.py
[2024-10-27T14:04:18.052+0000] {processor.py:925} INFO - DAG(s) 'example_sensors' retrieved from /home/airflow/.local/lib/python3.12/site-packages/airflow/example_dags/example_sensors.py
[2024-10-27T14:04:18.188+0000] {logging_mixin.py:190} INFO - [2024-10-27T14:04:18.187+0000] {dag.py:3239} INFO - Sync 1 DAGs
[2024-10-27T14:04:18.277+0000] {logging_mixin.py:190} INFO - [2024-10-27T14:04:18.277+0000] {dag.py:4180} INFO - Setting next_dagrun for example_sensors to None, run_after=None
[2024-10-27T14:04:18.459+0000] {processor.py:208} INFO - Processing /home/airflow/.local/lib/python3.12/site-packages/airflow/example_dags/example_sensors.py took 0.458 seconds
[2024-10-27T14:04:48.803+0000] {processor.py:186} INFO - Started process (PID=1385) to work on /home/airflow/.local/lib/python3.12/site-packages/airflow/example_dags/example_sensors.py
[2024-10-27T14:04:48.805+0000] {processor.py:914} INFO - Processing file /home/airflow/.local/lib/python3.12/site-packages/airflow/example_dags/example_sensors.py for tasks to queue
[2024-10-27T14:04:48.828+0000] {logging_mixin.py:190} INFO - [2024-10-27T14:04:48.828+0000] {dagbag.py:588} INFO - Filling up the DagBag from /home/airflow/.local/lib/python3.12/site-packages/airflow/example_dags/example_sensors.py
[2024-10-27T14:04:48.878+0000] {processor.py:925} INFO - DAG(s) 'example_sensors' retrieved from /home/airflow/.local/lib/python3.12/site-packages/airflow/example_dags/example_sensors.py
[2024-10-27T14:04:49.005+0000] {logging_mixin.py:190} INFO - [2024-10-27T14:04:49.004+0000] {dag.py:3239} INFO - Sync 1 DAGs
[2024-10-27T14:04:49.077+0000] {logging_mixin.py:190} INFO - [2024-10-27T14:04:49.075+0000] {dag.py:4180} INFO - Setting next_dagrun for example_sensors to None, run_after=None
[2024-10-27T14:04:49.142+0000] {processor.py:208} INFO - Processing /home/airflow/.local/lib/python3.12/site-packages/airflow/example_dags/example_sensors.py took 0.361 seconds
[2024-10-27T14:05:19.312+0000] {processor.py:186} INFO - Started process (PID=1446) to work on /home/airflow/.local/lib/python3.12/site-packages/airflow/example_dags/example_sensors.py
[2024-10-27T14:05:19.315+0000] {processor.py:914} INFO - Processing file /home/airflow/.local/lib/python3.12/site-packages/airflow/example_dags/example_sensors.py for tasks to queue
[2024-10-27T14:05:19.319+0000] {logging_mixin.py:190} INFO - [2024-10-27T14:05:19.318+0000] {dagbag.py:588} INFO - Filling up the DagBag from /home/airflow/.local/lib/python3.12/site-packages/airflow/example_dags/example_sensors.py
[2024-10-27T14:05:19.338+0000] {processor.py:925} INFO - DAG(s) 'example_sensors' retrieved from /home/airflow/.local/lib/python3.12/site-packages/airflow/example_dags/example_sensors.py
[2024-10-27T14:05:19.387+0000] {logging_mixin.py:190} INFO - [2024-10-27T14:05:19.386+0000] {dag.py:3239} INFO - Sync 1 DAGs
[2024-10-27T14:05:19.413+0000] {logging_mixin.py:190} INFO - [2024-10-27T14:05:19.412+0000] {dag.py:4180} INFO - Setting next_dagrun for example_sensors to None, run_after=None
[2024-10-27T14:05:19.452+0000] {processor.py:208} INFO - Processing /home/airflow/.local/lib/python3.12/site-packages/airflow/example_dags/example_sensors.py took 0.150 seconds
[2024-10-27T14:05:49.671+0000] {processor.py:186} INFO - Started process (PID=1507) to work on /home/airflow/.local/lib/python3.12/site-packages/airflow/example_dags/example_sensors.py
[2024-10-27T14:05:49.673+0000] {processor.py:914} INFO - Processing file /home/airflow/.local/lib/python3.12/site-packages/airflow/example_dags/example_sensors.py for tasks to queue
[2024-10-27T14:05:49.677+0000] {logging_mixin.py:190} INFO - [2024-10-27T14:05:49.676+0000] {dagbag.py:588} INFO - Filling up the DagBag from /home/airflow/.local/lib/python3.12/site-packages/airflow/example_dags/example_sensors.py
[2024-10-27T14:05:49.694+0000] {processor.py:925} INFO - DAG(s) 'example_sensors' retrieved from /home/airflow/.local/lib/python3.12/site-packages/airflow/example_dags/example_sensors.py
[2024-10-27T14:05:49.744+0000] {logging_mixin.py:190} INFO - [2024-10-27T14:05:49.744+0000] {dag.py:3239} INFO - Sync 1 DAGs
[2024-10-27T14:05:49.770+0000] {logging_mixin.py:190} INFO - [2024-10-27T14:05:49.769+0000] {dag.py:4180} INFO - Setting next_dagrun for example_sensors to None, run_after=None
[2024-10-27T14:05:50.296+0000] {processor.py:208} INFO - Processing /home/airflow/.local/lib/python3.12/site-packages/airflow/example_dags/example_sensors.py took 0.635 seconds
[2024-10-27T14:06:20.588+0000] {processor.py:186} INFO - Started process (PID=1569) to work on /home/airflow/.local/lib/python3.12/site-packages/airflow/example_dags/example_sensors.py
[2024-10-27T14:06:20.590+0000] {processor.py:914} INFO - Processing file /home/airflow/.local/lib/python3.12/site-packages/airflow/example_dags/example_sensors.py for tasks to queue
[2024-10-27T14:06:20.613+0000] {logging_mixin.py:190} INFO - [2024-10-27T14:06:20.612+0000] {dagbag.py:588} INFO - Filling up the DagBag from /home/airflow/.local/lib/python3.12/site-packages/airflow/example_dags/example_sensors.py
[2024-10-27T14:06:20.651+0000] {processor.py:925} INFO - DAG(s) 'example_sensors' retrieved from /home/airflow/.local/lib/python3.12/site-packages/airflow/example_dags/example_sensors.py
[2024-10-27T14:06:20.721+0000] {logging_mixin.py:190} INFO - [2024-10-27T14:06:20.720+0000] {dag.py:3239} INFO - Sync 1 DAGs
[2024-10-27T14:06:20.790+0000] {logging_mixin.py:190} INFO - [2024-10-27T14:06:20.790+0000] {dag.py:4180} INFO - Setting next_dagrun for example_sensors to None, run_after=None
[2024-10-27T14:06:21.309+0000] {processor.py:208} INFO - Processing /home/airflow/.local/lib/python3.12/site-packages/airflow/example_dags/example_sensors.py took 0.742 seconds
[2024-10-27T14:06:51.926+0000] {processor.py:186} INFO - Started process (PID=1632) to work on /home/airflow/.local/lib/python3.12/site-packages/airflow/example_dags/example_sensors.py
[2024-10-27T14:06:51.927+0000] {processor.py:914} INFO - Processing file /home/airflow/.local/lib/python3.12/site-packages/airflow/example_dags/example_sensors.py for tasks to queue
[2024-10-27T14:06:52.040+0000] {logging_mixin.py:190} INFO - [2024-10-27T14:06:52.040+0000] {dagbag.py:588} INFO - Filling up the DagBag from /home/airflow/.local/lib/python3.12/site-packages/airflow/example_dags/example_sensors.py
[2024-10-27T14:06:52.063+0000] {processor.py:925} INFO - DAG(s) 'example_sensors' retrieved from /home/airflow/.local/lib/python3.12/site-packages/airflow/example_dags/example_sensors.py
[2024-10-27T14:06:52.154+0000] {logging_mixin.py:190} INFO - [2024-10-27T14:06:52.154+0000] {dag.py:3239} INFO - Sync 1 DAGs
[2024-10-27T14:06:52.254+0000] {logging_mixin.py:190} INFO - [2024-10-27T14:06:52.254+0000] {dag.py:4180} INFO - Setting next_dagrun for example_sensors to None, run_after=None
[2024-10-27T14:06:53.182+0000] {processor.py:208} INFO - Processing /home/airflow/.local/lib/python3.12/site-packages/airflow/example_dags/example_sensors.py took 1.264 seconds
[2024-10-27T14:07:23.456+0000] {processor.py:186} INFO - Started process (PID=1693) to work on /home/airflow/.local/lib/python3.12/site-packages/airflow/example_dags/example_sensors.py
[2024-10-27T14:07:23.522+0000] {processor.py:914} INFO - Processing file /home/airflow/.local/lib/python3.12/site-packages/airflow/example_dags/example_sensors.py for tasks to queue
[2024-10-27T14:07:23.532+0000] {logging_mixin.py:190} INFO - [2024-10-27T14:07:23.531+0000] {dagbag.py:588} INFO - Filling up the DagBag from /home/airflow/.local/lib/python3.12/site-packages/airflow/example_dags/example_sensors.py
[2024-10-27T14:07:23.557+0000] {processor.py:925} INFO - DAG(s) 'example_sensors' retrieved from /home/airflow/.local/lib/python3.12/site-packages/airflow/example_dags/example_sensors.py
[2024-10-27T14:07:23.598+0000] {logging_mixin.py:190} INFO - [2024-10-27T14:07:23.598+0000] {dag.py:3239} INFO - Sync 1 DAGs
[2024-10-27T14:07:23.619+0000] {logging_mixin.py:190} INFO - [2024-10-27T14:07:23.619+0000] {dag.py:4180} INFO - Setting next_dagrun for example_sensors to None, run_after=None
[2024-10-27T14:07:23.968+0000] {processor.py:208} INFO - Processing /home/airflow/.local/lib/python3.12/site-packages/airflow/example_dags/example_sensors.py took 0.521 seconds
[2024-10-27T14:07:54.537+0000] {processor.py:186} INFO - Started process (PID=1756) to work on /home/airflow/.local/lib/python3.12/site-packages/airflow/example_dags/example_sensors.py
[2024-10-27T14:07:54.539+0000] {processor.py:914} INFO - Processing file /home/airflow/.local/lib/python3.12/site-packages/airflow/example_dags/example_sensors.py for tasks to queue
[2024-10-27T14:07:54.544+0000] {logging_mixin.py:190} INFO - [2024-10-27T14:07:54.543+0000] {dagbag.py:588} INFO - Filling up the DagBag from /home/airflow/.local/lib/python3.12/site-packages/airflow/example_dags/example_sensors.py
[2024-10-27T14:07:54.563+0000] {processor.py:925} INFO - DAG(s) 'example_sensors' retrieved from /home/airflow/.local/lib/python3.12/site-packages/airflow/example_dags/example_sensors.py
[2024-10-27T14:07:54.613+0000] {logging_mixin.py:190} INFO - [2024-10-27T14:07:54.613+0000] {dag.py:3239} INFO - Sync 1 DAGs
[2024-10-27T14:07:54.649+0000] {logging_mixin.py:190} INFO - [2024-10-27T14:07:54.648+0000] {dag.py:4180} INFO - Setting next_dagrun for example_sensors to None, run_after=None
[2024-10-27T14:07:54.704+0000] {processor.py:208} INFO - Processing /home/airflow/.local/lib/python3.12/site-packages/airflow/example_dags/example_sensors.py took 0.178 seconds
[2024-10-27T14:08:25.249+0000] {processor.py:186} INFO - Started process (PID=1818) to work on /home/airflow/.local/lib/python3.12/site-packages/airflow/example_dags/example_sensors.py
[2024-10-27T14:08:25.253+0000] {processor.py:914} INFO - Processing file /home/airflow/.local/lib/python3.12/site-packages/airflow/example_dags/example_sensors.py for tasks to queue
[2024-10-27T14:08:25.258+0000] {logging_mixin.py:190} INFO - [2024-10-27T14:08:25.257+0000] {dagbag.py:588} INFO - Filling up the DagBag from /home/airflow/.local/lib/python3.12/site-packages/airflow/example_dags/example_sensors.py
[2024-10-27T14:08:25.294+0000] {processor.py:925} INFO - DAG(s) 'example_sensors' retrieved from /home/airflow/.local/lib/python3.12/site-packages/airflow/example_dags/example_sensors.py
[2024-10-27T14:08:25.364+0000] {logging_mixin.py:190} INFO - [2024-10-27T14:08:25.364+0000] {dag.py:3239} INFO - Sync 1 DAGs
[2024-10-27T14:08:25.397+0000] {logging_mixin.py:190} INFO - [2024-10-27T14:08:25.397+0000] {dag.py:4180} INFO - Setting next_dagrun for example_sensors to None, run_after=None
[2024-10-27T14:08:25.453+0000] {processor.py:208} INFO - Processing /home/airflow/.local/lib/python3.12/site-packages/airflow/example_dags/example_sensors.py took 0.218 seconds
[2024-10-27T14:08:55.942+0000] {processor.py:186} INFO - Started process (PID=1881) to work on /home/airflow/.local/lib/python3.12/site-packages/airflow/example_dags/example_sensors.py
[2024-10-27T14:08:55.945+0000] {processor.py:914} INFO - Processing file /home/airflow/.local/lib/python3.12/site-packages/airflow/example_dags/example_sensors.py for tasks to queue
[2024-10-27T14:08:55.963+0000] {logging_mixin.py:190} INFO - [2024-10-27T14:08:55.962+0000] {dagbag.py:588} INFO - Filling up the DagBag from /home/airflow/.local/lib/python3.12/site-packages/airflow/example_dags/example_sensors.py
[2024-10-27T14:08:56.019+0000] {processor.py:925} INFO - DAG(s) 'example_sensors' retrieved from /home/airflow/.local/lib/python3.12/site-packages/airflow/example_dags/example_sensors.py
[2024-10-27T14:08:56.214+0000] {logging_mixin.py:190} INFO - [2024-10-27T14:08:56.202+0000] {dag.py:3239} INFO - Sync 1 DAGs
[2024-10-27T14:08:56.299+0000] {logging_mixin.py:190} INFO - [2024-10-27T14:08:56.299+0000] {dag.py:4180} INFO - Setting next_dagrun for example_sensors to None, run_after=None
[2024-10-27T14:08:56.412+0000] {processor.py:208} INFO - Processing /home/airflow/.local/lib/python3.12/site-packages/airflow/example_dags/example_sensors.py took 0.504 seconds
[2024-10-27T14:09:26.739+0000] {processor.py:186} INFO - Started process (PID=1943) to work on /home/airflow/.local/lib/python3.12/site-packages/airflow/example_dags/example_sensors.py
[2024-10-27T14:09:26.813+0000] {processor.py:914} INFO - Processing file /home/airflow/.local/lib/python3.12/site-packages/airflow/example_dags/example_sensors.py for tasks to queue
[2024-10-27T14:09:26.817+0000] {logging_mixin.py:190} INFO - [2024-10-27T14:09:26.817+0000] {dagbag.py:588} INFO - Filling up the DagBag from /home/airflow/.local/lib/python3.12/site-packages/airflow/example_dags/example_sensors.py
[2024-10-27T14:09:26.840+0000] {processor.py:925} INFO - DAG(s) 'example_sensors' retrieved from /home/airflow/.local/lib/python3.12/site-packages/airflow/example_dags/example_sensors.py
[2024-10-27T14:09:26.896+0000] {logging_mixin.py:190} INFO - [2024-10-27T14:09:26.895+0000] {dag.py:3239} INFO - Sync 1 DAGs
[2024-10-27T14:09:26.921+0000] {logging_mixin.py:190} INFO - [2024-10-27T14:09:26.921+0000] {dag.py:4180} INFO - Setting next_dagrun for example_sensors to None, run_after=None
[2024-10-27T14:09:26.957+0000] {processor.py:208} INFO - Processing /home/airflow/.local/lib/python3.12/site-packages/airflow/example_dags/example_sensors.py took 0.228 seconds
[2024-10-27T14:09:57.310+0000] {processor.py:186} INFO - Started process (PID=2005) to work on /home/airflow/.local/lib/python3.12/site-packages/airflow/example_dags/example_sensors.py
[2024-10-27T14:09:57.312+0000] {processor.py:914} INFO - Processing file /home/airflow/.local/lib/python3.12/site-packages/airflow/example_dags/example_sensors.py for tasks to queue
[2024-10-27T14:09:57.315+0000] {logging_mixin.py:190} INFO - [2024-10-27T14:09:57.314+0000] {dagbag.py:588} INFO - Filling up the DagBag from /home/airflow/.local/lib/python3.12/site-packages/airflow/example_dags/example_sensors.py
[2024-10-27T14:09:57.334+0000] {processor.py:925} INFO - DAG(s) 'example_sensors' retrieved from /home/airflow/.local/lib/python3.12/site-packages/airflow/example_dags/example_sensors.py
[2024-10-27T14:09:57.380+0000] {logging_mixin.py:190} INFO - [2024-10-27T14:09:57.380+0000] {dag.py:3239} INFO - Sync 1 DAGs
[2024-10-27T14:09:57.403+0000] {logging_mixin.py:190} INFO - [2024-10-27T14:09:57.402+0000] {dag.py:4180} INFO - Setting next_dagrun for example_sensors to None, run_after=None
[2024-10-27T14:09:57.665+0000] {processor.py:208} INFO - Processing /home/airflow/.local/lib/python3.12/site-packages/airflow/example_dags/example_sensors.py took 0.364 seconds
[2024-10-27T14:10:27.976+0000] {processor.py:186} INFO - Started process (PID=2067) to work on /home/airflow/.local/lib/python3.12/site-packages/airflow/example_dags/example_sensors.py
[2024-10-27T14:10:27.977+0000] {processor.py:914} INFO - Processing file /home/airflow/.local/lib/python3.12/site-packages/airflow/example_dags/example_sensors.py for tasks to queue
[2024-10-27T14:10:27.981+0000] {logging_mixin.py:190} INFO - [2024-10-27T14:10:27.980+0000] {dagbag.py:588} INFO - Filling up the DagBag from /home/airflow/.local/lib/python3.12/site-packages/airflow/example_dags/example_sensors.py
[2024-10-27T14:10:27.994+0000] {processor.py:925} INFO - DAG(s) 'example_sensors' retrieved from /home/airflow/.local/lib/python3.12/site-packages/airflow/example_dags/example_sensors.py
[2024-10-27T14:10:28.031+0000] {logging_mixin.py:190} INFO - [2024-10-27T14:10:28.031+0000] {dag.py:3239} INFO - Sync 1 DAGs
[2024-10-27T14:10:28.050+0000] {logging_mixin.py:190} INFO - [2024-10-27T14:10:28.049+0000] {dag.py:4180} INFO - Setting next_dagrun for example_sensors to None, run_after=None
[2024-10-27T14:10:28.170+0000] {processor.py:208} INFO - Processing /home/airflow/.local/lib/python3.12/site-packages/airflow/example_dags/example_sensors.py took 0.202 seconds
[2024-10-27T14:10:58.272+0000] {processor.py:186} INFO - Started process (PID=2129) to work on /home/airflow/.local/lib/python3.12/site-packages/airflow/example_dags/example_sensors.py
[2024-10-27T14:10:58.273+0000] {processor.py:914} INFO - Processing file /home/airflow/.local/lib/python3.12/site-packages/airflow/example_dags/example_sensors.py for tasks to queue
[2024-10-27T14:10:58.276+0000] {logging_mixin.py:190} INFO - [2024-10-27T14:10:58.276+0000] {dagbag.py:588} INFO - Filling up the DagBag from /home/airflow/.local/lib/python3.12/site-packages/airflow/example_dags/example_sensors.py
[2024-10-27T14:10:58.291+0000] {processor.py:925} INFO - DAG(s) 'example_sensors' retrieved from /home/airflow/.local/lib/python3.12/site-packages/airflow/example_dags/example_sensors.py
[2024-10-27T14:10:58.331+0000] {logging_mixin.py:190} INFO - [2024-10-27T14:10:58.331+0000] {dag.py:3239} INFO - Sync 1 DAGs
[2024-10-27T14:10:58.356+0000] {logging_mixin.py:190} INFO - [2024-10-27T14:10:58.355+0000] {dag.py:4180} INFO - Setting next_dagrun for example_sensors to None, run_after=None
[2024-10-27T14:10:58.407+0000] {processor.py:208} INFO - Processing /home/airflow/.local/lib/python3.12/site-packages/airflow/example_dags/example_sensors.py took 0.142 seconds
[2024-10-27T14:11:28.749+0000] {processor.py:186} INFO - Started process (PID=2191) to work on /home/airflow/.local/lib/python3.12/site-packages/airflow/example_dags/example_sensors.py
[2024-10-27T14:11:28.751+0000] {processor.py:914} INFO - Processing file /home/airflow/.local/lib/python3.12/site-packages/airflow/example_dags/example_sensors.py for tasks to queue
[2024-10-27T14:11:28.754+0000] {logging_mixin.py:190} INFO - [2024-10-27T14:11:28.753+0000] {dagbag.py:588} INFO - Filling up the DagBag from /home/airflow/.local/lib/python3.12/site-packages/airflow/example_dags/example_sensors.py
[2024-10-27T14:11:28.768+0000] {processor.py:925} INFO - DAG(s) 'example_sensors' retrieved from /home/airflow/.local/lib/python3.12/site-packages/airflow/example_dags/example_sensors.py
[2024-10-27T14:11:28.807+0000] {logging_mixin.py:190} INFO - [2024-10-27T14:11:28.807+0000] {dag.py:3239} INFO - Sync 1 DAGs
[2024-10-27T14:11:28.826+0000] {logging_mixin.py:190} INFO - [2024-10-27T14:11:28.826+0000] {dag.py:4180} INFO - Setting next_dagrun for example_sensors to None, run_after=None
[2024-10-27T14:11:29.053+0000] {processor.py:208} INFO - Processing /home/airflow/.local/lib/python3.12/site-packages/airflow/example_dags/example_sensors.py took 0.314 seconds
[2024-10-27T14:11:59.710+0000] {processor.py:186} INFO - Started process (PID=2253) to work on /home/airflow/.local/lib/python3.12/site-packages/airflow/example_dags/example_sensors.py
[2024-10-27T14:11:59.711+0000] {processor.py:914} INFO - Processing file /home/airflow/.local/lib/python3.12/site-packages/airflow/example_dags/example_sensors.py for tasks to queue
[2024-10-27T14:11:59.715+0000] {logging_mixin.py:190} INFO - [2024-10-27T14:11:59.714+0000] {dagbag.py:588} INFO - Filling up the DagBag from /home/airflow/.local/lib/python3.12/site-packages/airflow/example_dags/example_sensors.py
[2024-10-27T14:11:59.732+0000] {processor.py:925} INFO - DAG(s) 'example_sensors' retrieved from /home/airflow/.local/lib/python3.12/site-packages/airflow/example_dags/example_sensors.py
[2024-10-27T14:11:59.778+0000] {logging_mixin.py:190} INFO - [2024-10-27T14:11:59.777+0000] {dag.py:3239} INFO - Sync 1 DAGs
[2024-10-27T14:11:59.797+0000] {logging_mixin.py:190} INFO - [2024-10-27T14:11:59.797+0000] {dag.py:4180} INFO - Setting next_dagrun for example_sensors to None, run_after=None
[2024-10-27T14:12:00.084+0000] {processor.py:208} INFO - Processing /home/airflow/.local/lib/python3.12/site-packages/airflow/example_dags/example_sensors.py took 0.382 seconds
[2024-10-27T14:12:30.509+0000] {processor.py:186} INFO - Started process (PID=2315) to work on /home/airflow/.local/lib/python3.12/site-packages/airflow/example_dags/example_sensors.py
[2024-10-27T14:12:30.510+0000] {processor.py:914} INFO - Processing file /home/airflow/.local/lib/python3.12/site-packages/airflow/example_dags/example_sensors.py for tasks to queue
[2024-10-27T14:12:30.514+0000] {logging_mixin.py:190} INFO - [2024-10-27T14:12:30.514+0000] {dagbag.py:588} INFO - Filling up the DagBag from /home/airflow/.local/lib/python3.12/site-packages/airflow/example_dags/example_sensors.py
[2024-10-27T14:12:30.535+0000] {processor.py:925} INFO - DAG(s) 'example_sensors' retrieved from /home/airflow/.local/lib/python3.12/site-packages/airflow/example_dags/example_sensors.py
[2024-10-27T14:12:30.579+0000] {logging_mixin.py:190} INFO - [2024-10-27T14:12:30.578+0000] {dag.py:3239} INFO - Sync 1 DAGs
[2024-10-27T14:12:30.607+0000] {logging_mixin.py:190} INFO - [2024-10-27T14:12:30.607+0000] {dag.py:4180} INFO - Setting next_dagrun for example_sensors to None, run_after=None
[2024-10-27T14:12:30.811+0000] {processor.py:208} INFO - Processing /home/airflow/.local/lib/python3.12/site-packages/airflow/example_dags/example_sensors.py took 0.315 seconds
[2024-10-27T14:13:01.152+0000] {processor.py:186} INFO - Started process (PID=2376) to work on /home/airflow/.local/lib/python3.12/site-packages/airflow/example_dags/example_sensors.py
[2024-10-27T14:13:01.154+0000] {processor.py:914} INFO - Processing file /home/airflow/.local/lib/python3.12/site-packages/airflow/example_dags/example_sensors.py for tasks to queue
[2024-10-27T14:13:01.158+0000] {logging_mixin.py:190} INFO - [2024-10-27T14:13:01.157+0000] {dagbag.py:588} INFO - Filling up the DagBag from /home/airflow/.local/lib/python3.12/site-packages/airflow/example_dags/example_sensors.py
[2024-10-27T14:13:01.171+0000] {processor.py:925} INFO - DAG(s) 'example_sensors' retrieved from /home/airflow/.local/lib/python3.12/site-packages/airflow/example_dags/example_sensors.py
[2024-10-27T14:13:01.207+0000] {logging_mixin.py:190} INFO - [2024-10-27T14:13:01.207+0000] {dag.py:3239} INFO - Sync 1 DAGs
[2024-10-27T14:13:01.228+0000] {logging_mixin.py:190} INFO - [2024-10-27T14:13:01.227+0000] {dag.py:4180} INFO - Setting next_dagrun for example_sensors to None, run_after=None
[2024-10-27T14:13:01.359+0000] {processor.py:208} INFO - Processing /home/airflow/.local/lib/python3.12/site-packages/airflow/example_dags/example_sensors.py took 0.216 seconds
[2024-10-27T14:13:32.234+0000] {processor.py:186} INFO - Started process (PID=2438) to work on /home/airflow/.local/lib/python3.12/site-packages/airflow/example_dags/example_sensors.py
[2024-10-27T14:13:32.235+0000] {processor.py:914} INFO - Processing file /home/airflow/.local/lib/python3.12/site-packages/airflow/example_dags/example_sensors.py for tasks to queue
[2024-10-27T14:13:32.239+0000] {logging_mixin.py:190} INFO - [2024-10-27T14:13:32.238+0000] {dagbag.py:588} INFO - Filling up the DagBag from /home/airflow/.local/lib/python3.12/site-packages/airflow/example_dags/example_sensors.py
[2024-10-27T14:13:32.254+0000] {processor.py:925} INFO - DAG(s) 'example_sensors' retrieved from /home/airflow/.local/lib/python3.12/site-packages/airflow/example_dags/example_sensors.py
[2024-10-27T14:13:32.296+0000] {logging_mixin.py:190} INFO - [2024-10-27T14:13:32.296+0000] {dag.py:3239} INFO - Sync 1 DAGs
[2024-10-27T14:13:32.322+0000] {logging_mixin.py:190} INFO - [2024-10-27T14:13:32.322+0000] {dag.py:4180} INFO - Setting next_dagrun for example_sensors to None, run_after=None
[2024-10-27T14:13:32.554+0000] {processor.py:208} INFO - Processing /home/airflow/.local/lib/python3.12/site-packages/airflow/example_dags/example_sensors.py took 0.329 seconds
[2024-10-27T14:14:03.501+0000] {processor.py:186} INFO - Started process (PID=2501) to work on /home/airflow/.local/lib/python3.12/site-packages/airflow/example_dags/example_sensors.py
[2024-10-27T14:14:03.503+0000] {processor.py:914} INFO - Processing file /home/airflow/.local/lib/python3.12/site-packages/airflow/example_dags/example_sensors.py for tasks to queue
[2024-10-27T14:14:03.507+0000] {logging_mixin.py:190} INFO - [2024-10-27T14:14:03.506+0000] {dagbag.py:588} INFO - Filling up the DagBag from /home/airflow/.local/lib/python3.12/site-packages/airflow/example_dags/example_sensors.py
[2024-10-27T14:14:03.529+0000] {processor.py:925} INFO - DAG(s) 'example_sensors' retrieved from /home/airflow/.local/lib/python3.12/site-packages/airflow/example_dags/example_sensors.py
[2024-10-27T14:14:03.580+0000] {logging_mixin.py:190} INFO - [2024-10-27T14:14:03.579+0000] {dag.py:3239} INFO - Sync 1 DAGs
[2024-10-27T14:14:03.602+0000] {logging_mixin.py:190} INFO - [2024-10-27T14:14:03.602+0000] {dag.py:4180} INFO - Setting next_dagrun for example_sensors to None, run_after=None
[2024-10-27T14:14:03.878+0000] {processor.py:208} INFO - Processing /home/airflow/.local/lib/python3.12/site-packages/airflow/example_dags/example_sensors.py took 0.384 seconds
[2024-10-27T14:14:34.571+0000] {processor.py:186} INFO - Started process (PID=2563) to work on /home/airflow/.local/lib/python3.12/site-packages/airflow/example_dags/example_sensors.py
[2024-10-27T14:14:34.573+0000] {processor.py:914} INFO - Processing file /home/airflow/.local/lib/python3.12/site-packages/airflow/example_dags/example_sensors.py for tasks to queue
[2024-10-27T14:14:34.576+0000] {logging_mixin.py:190} INFO - [2024-10-27T14:14:34.575+0000] {dagbag.py:588} INFO - Filling up the DagBag from /home/airflow/.local/lib/python3.12/site-packages/airflow/example_dags/example_sensors.py
[2024-10-27T14:14:34.591+0000] {processor.py:925} INFO - DAG(s) 'example_sensors' retrieved from /home/airflow/.local/lib/python3.12/site-packages/airflow/example_dags/example_sensors.py
[2024-10-27T14:14:34.658+0000] {logging_mixin.py:190} INFO - [2024-10-27T14:14:34.658+0000] {dag.py:3239} INFO - Sync 1 DAGs
[2024-10-27T14:14:34.693+0000] {logging_mixin.py:190} INFO - [2024-10-27T14:14:34.692+0000] {dag.py:4180} INFO - Setting next_dagrun for example_sensors to None, run_after=None
[2024-10-27T14:14:34.756+0000] {processor.py:208} INFO - Processing /home/airflow/.local/lib/python3.12/site-packages/airflow/example_dags/example_sensors.py took 0.195 seconds
[2024-10-27T14:15:05.109+0000] {processor.py:186} INFO - Started process (PID=2624) to work on /home/airflow/.local/lib/python3.12/site-packages/airflow/example_dags/example_sensors.py
[2024-10-27T14:15:05.111+0000] {processor.py:914} INFO - Processing file /home/airflow/.local/lib/python3.12/site-packages/airflow/example_dags/example_sensors.py for tasks to queue
[2024-10-27T14:15:05.114+0000] {logging_mixin.py:190} INFO - [2024-10-27T14:15:05.114+0000] {dagbag.py:588} INFO - Filling up the DagBag from /home/airflow/.local/lib/python3.12/site-packages/airflow/example_dags/example_sensors.py
[2024-10-27T14:15:05.153+0000] {processor.py:925} INFO - DAG(s) 'example_sensors' retrieved from /home/airflow/.local/lib/python3.12/site-packages/airflow/example_dags/example_sensors.py
[2024-10-27T14:15:05.223+0000] {logging_mixin.py:190} INFO - [2024-10-27T14:15:05.223+0000] {dag.py:3239} INFO - Sync 1 DAGs
[2024-10-27T14:15:05.252+0000] {logging_mixin.py:190} INFO - [2024-10-27T14:15:05.251+0000] {dag.py:4180} INFO - Setting next_dagrun for example_sensors to None, run_after=None
[2024-10-27T14:15:05.628+0000] {processor.py:208} INFO - Processing /home/airflow/.local/lib/python3.12/site-packages/airflow/example_dags/example_sensors.py took 0.529 seconds
[2024-10-27T14:15:36.149+0000] {processor.py:186} INFO - Started process (PID=2686) to work on /home/airflow/.local/lib/python3.12/site-packages/airflow/example_dags/example_sensors.py
[2024-10-27T14:15:36.150+0000] {processor.py:914} INFO - Processing file /home/airflow/.local/lib/python3.12/site-packages/airflow/example_dags/example_sensors.py for tasks to queue
[2024-10-27T14:15:36.154+0000] {logging_mixin.py:190} INFO - [2024-10-27T14:15:36.153+0000] {dagbag.py:588} INFO - Filling up the DagBag from /home/airflow/.local/lib/python3.12/site-packages/airflow/example_dags/example_sensors.py
[2024-10-27T14:15:36.168+0000] {processor.py:925} INFO - DAG(s) 'example_sensors' retrieved from /home/airflow/.local/lib/python3.12/site-packages/airflow/example_dags/example_sensors.py
[2024-10-27T14:15:36.202+0000] {logging_mixin.py:190} INFO - [2024-10-27T14:15:36.202+0000] {dag.py:3239} INFO - Sync 1 DAGs
[2024-10-27T14:15:36.226+0000] {logging_mixin.py:190} INFO - [2024-10-27T14:15:36.225+0000] {dag.py:4180} INFO - Setting next_dagrun for example_sensors to None, run_after=None
[2024-10-27T14:15:36.360+0000] {processor.py:208} INFO - Processing /home/airflow/.local/lib/python3.12/site-packages/airflow/example_dags/example_sensors.py took 0.219 seconds
[2024-10-27T14:16:06.735+0000] {processor.py:186} INFO - Started process (PID=2748) to work on /home/airflow/.local/lib/python3.12/site-packages/airflow/example_dags/example_sensors.py
[2024-10-27T14:16:06.736+0000] {processor.py:914} INFO - Processing file /home/airflow/.local/lib/python3.12/site-packages/airflow/example_dags/example_sensors.py for tasks to queue
[2024-10-27T14:16:06.739+0000] {logging_mixin.py:190} INFO - [2024-10-27T14:16:06.739+0000] {dagbag.py:588} INFO - Filling up the DagBag from /home/airflow/.local/lib/python3.12/site-packages/airflow/example_dags/example_sensors.py
[2024-10-27T14:16:06.753+0000] {processor.py:925} INFO - DAG(s) 'example_sensors' retrieved from /home/airflow/.local/lib/python3.12/site-packages/airflow/example_dags/example_sensors.py
[2024-10-27T14:16:06.789+0000] {logging_mixin.py:190} INFO - [2024-10-27T14:16:06.788+0000] {dag.py:3239} INFO - Sync 1 DAGs
[2024-10-27T14:16:06.807+0000] {logging_mixin.py:190} INFO - [2024-10-27T14:16:06.806+0000] {dag.py:4180} INFO - Setting next_dagrun for example_sensors to None, run_after=None
[2024-10-27T14:16:06.892+0000] {processor.py:208} INFO - Processing /home/airflow/.local/lib/python3.12/site-packages/airflow/example_dags/example_sensors.py took 0.165 seconds
[2024-10-27T14:16:37.536+0000] {processor.py:186} INFO - Started process (PID=2810) to work on /home/airflow/.local/lib/python3.12/site-packages/airflow/example_dags/example_sensors.py
[2024-10-27T14:16:37.537+0000] {processor.py:914} INFO - Processing file /home/airflow/.local/lib/python3.12/site-packages/airflow/example_dags/example_sensors.py for tasks to queue
[2024-10-27T14:16:37.541+0000] {logging_mixin.py:190} INFO - [2024-10-27T14:16:37.541+0000] {dagbag.py:588} INFO - Filling up the DagBag from /home/airflow/.local/lib/python3.12/site-packages/airflow/example_dags/example_sensors.py
[2024-10-27T14:16:37.556+0000] {processor.py:925} INFO - DAG(s) 'example_sensors' retrieved from /home/airflow/.local/lib/python3.12/site-packages/airflow/example_dags/example_sensors.py
[2024-10-27T14:16:37.591+0000] {logging_mixin.py:190} INFO - [2024-10-27T14:16:37.591+0000] {dag.py:3239} INFO - Sync 1 DAGs
[2024-10-27T14:16:37.610+0000] {logging_mixin.py:190} INFO - [2024-10-27T14:16:37.609+0000] {dag.py:4180} INFO - Setting next_dagrun for example_sensors to None, run_after=None
[2024-10-27T14:16:38.060+0000] {processor.py:208} INFO - Processing /home/airflow/.local/lib/python3.12/site-packages/airflow/example_dags/example_sensors.py took 0.533 seconds
[2024-10-27T14:17:08.959+0000] {processor.py:186} INFO - Started process (PID=2872) to work on /home/airflow/.local/lib/python3.12/site-packages/airflow/example_dags/example_sensors.py
[2024-10-27T14:17:08.960+0000] {processor.py:914} INFO - Processing file /home/airflow/.local/lib/python3.12/site-packages/airflow/example_dags/example_sensors.py for tasks to queue
[2024-10-27T14:17:08.964+0000] {logging_mixin.py:190} INFO - [2024-10-27T14:17:08.963+0000] {dagbag.py:588} INFO - Filling up the DagBag from /home/airflow/.local/lib/python3.12/site-packages/airflow/example_dags/example_sensors.py
[2024-10-27T14:17:08.978+0000] {processor.py:925} INFO - DAG(s) 'example_sensors' retrieved from /home/airflow/.local/lib/python3.12/site-packages/airflow/example_dags/example_sensors.py
[2024-10-27T14:17:09.018+0000] {logging_mixin.py:190} INFO - [2024-10-27T14:17:09.018+0000] {dag.py:3239} INFO - Sync 1 DAGs
[2024-10-27T14:17:09.045+0000] {logging_mixin.py:190} INFO - [2024-10-27T14:17:09.044+0000] {dag.py:4180} INFO - Setting next_dagrun for example_sensors to None, run_after=None
[2024-10-27T14:17:09.136+0000] {processor.py:208} INFO - Processing /home/airflow/.local/lib/python3.12/site-packages/airflow/example_dags/example_sensors.py took 0.185 seconds
[2024-10-27T14:17:40.083+0000] {processor.py:186} INFO - Started process (PID=2934) to work on /home/airflow/.local/lib/python3.12/site-packages/airflow/example_dags/example_sensors.py
[2024-10-27T14:17:40.085+0000] {processor.py:914} INFO - Processing file /home/airflow/.local/lib/python3.12/site-packages/airflow/example_dags/example_sensors.py for tasks to queue
[2024-10-27T14:17:40.099+0000] {logging_mixin.py:190} INFO - [2024-10-27T14:17:40.098+0000] {dagbag.py:588} INFO - Filling up the DagBag from /home/airflow/.local/lib/python3.12/site-packages/airflow/example_dags/example_sensors.py
[2024-10-27T14:17:40.152+0000] {processor.py:925} INFO - DAG(s) 'example_sensors' retrieved from /home/airflow/.local/lib/python3.12/site-packages/airflow/example_dags/example_sensors.py
[2024-10-27T14:17:40.244+0000] {logging_mixin.py:190} INFO - [2024-10-27T14:17:40.244+0000] {dag.py:3239} INFO - Sync 1 DAGs
[2024-10-27T14:17:40.283+0000] {logging_mixin.py:190} INFO - [2024-10-27T14:17:40.283+0000] {dag.py:4180} INFO - Setting next_dagrun for example_sensors to None, run_after=None
[2024-10-27T14:17:40.609+0000] {processor.py:208} INFO - Processing /home/airflow/.local/lib/python3.12/site-packages/airflow/example_dags/example_sensors.py took 0.548 seconds
[2024-10-27T14:18:10.919+0000] {processor.py:186} INFO - Started process (PID=2995) to work on /home/airflow/.local/lib/python3.12/site-packages/airflow/example_dags/example_sensors.py
[2024-10-27T14:18:10.921+0000] {processor.py:914} INFO - Processing file /home/airflow/.local/lib/python3.12/site-packages/airflow/example_dags/example_sensors.py for tasks to queue
[2024-10-27T14:18:10.926+0000] {logging_mixin.py:190} INFO - [2024-10-27T14:18:10.925+0000] {dagbag.py:588} INFO - Filling up the DagBag from /home/airflow/.local/lib/python3.12/site-packages/airflow/example_dags/example_sensors.py
[2024-10-27T14:18:10.982+0000] {processor.py:925} INFO - DAG(s) 'example_sensors' retrieved from /home/airflow/.local/lib/python3.12/site-packages/airflow/example_dags/example_sensors.py
[2024-10-27T14:18:11.080+0000] {logging_mixin.py:190} INFO - [2024-10-27T14:18:11.079+0000] {dag.py:3239} INFO - Sync 1 DAGs
[2024-10-27T14:18:11.128+0000] {logging_mixin.py:190} INFO - [2024-10-27T14:18:11.127+0000] {dag.py:4180} INFO - Setting next_dagrun for example_sensors to None, run_after=None
[2024-10-27T14:18:11.201+0000] {processor.py:208} INFO - Processing /home/airflow/.local/lib/python3.12/site-packages/airflow/example_dags/example_sensors.py took 0.311 seconds
[2024-10-27T14:18:42.679+0000] {processor.py:186} INFO - Started process (PID=3056) to work on /home/airflow/.local/lib/python3.12/site-packages/airflow/example_dags/example_sensors.py
[2024-10-27T14:18:42.683+0000] {processor.py:914} INFO - Processing file /home/airflow/.local/lib/python3.12/site-packages/airflow/example_dags/example_sensors.py for tasks to queue
[2024-10-27T14:18:42.686+0000] {logging_mixin.py:190} INFO - [2024-10-27T14:18:42.686+0000] {dagbag.py:588} INFO - Filling up the DagBag from /home/airflow/.local/lib/python3.12/site-packages/airflow/example_dags/example_sensors.py
[2024-10-27T14:18:42.714+0000] {processor.py:925} INFO - DAG(s) 'example_sensors' retrieved from /home/airflow/.local/lib/python3.12/site-packages/airflow/example_dags/example_sensors.py
[2024-10-27T14:18:42.777+0000] {logging_mixin.py:190} INFO - [2024-10-27T14:18:42.776+0000] {dag.py:3239} INFO - Sync 1 DAGs
[2024-10-27T14:18:42.817+0000] {logging_mixin.py:190} INFO - [2024-10-27T14:18:42.816+0000] {dag.py:4180} INFO - Setting next_dagrun for example_sensors to None, run_after=None
[2024-10-27T14:18:42.879+0000] {processor.py:208} INFO - Processing /home/airflow/.local/lib/python3.12/site-packages/airflow/example_dags/example_sensors.py took 0.216 seconds
[2024-10-27T14:19:13.828+0000] {processor.py:186} INFO - Started process (PID=3126) to work on /home/airflow/.local/lib/python3.12/site-packages/airflow/example_dags/example_sensors.py
[2024-10-27T14:19:13.841+0000] {processor.py:914} INFO - Processing file /home/airflow/.local/lib/python3.12/site-packages/airflow/example_dags/example_sensors.py for tasks to queue
[2024-10-27T14:19:13.845+0000] {logging_mixin.py:190} INFO - [2024-10-27T14:19:13.845+0000] {dagbag.py:588} INFO - Filling up the DagBag from /home/airflow/.local/lib/python3.12/site-packages/airflow/example_dags/example_sensors.py
[2024-10-27T14:19:13.884+0000] {processor.py:925} INFO - DAG(s) 'example_sensors' retrieved from /home/airflow/.local/lib/python3.12/site-packages/airflow/example_dags/example_sensors.py
[2024-10-27T14:19:13.987+0000] {logging_mixin.py:190} INFO - [2024-10-27T14:19:13.986+0000] {dag.py:3239} INFO - Sync 1 DAGs
[2024-10-27T14:19:14.020+0000] {logging_mixin.py:190} INFO - [2024-10-27T14:19:14.019+0000] {dag.py:4180} INFO - Setting next_dagrun for example_sensors to None, run_after=None
[2024-10-27T14:19:14.146+0000] {processor.py:208} INFO - Processing /home/airflow/.local/lib/python3.12/site-packages/airflow/example_dags/example_sensors.py took 0.336 seconds
[2024-10-27T14:19:45.324+0000] {processor.py:186} INFO - Started process (PID=3188) to work on /home/airflow/.local/lib/python3.12/site-packages/airflow/example_dags/example_sensors.py
[2024-10-27T14:19:45.326+0000] {processor.py:914} INFO - Processing file /home/airflow/.local/lib/python3.12/site-packages/airflow/example_dags/example_sensors.py for tasks to queue
[2024-10-27T14:19:45.331+0000] {logging_mixin.py:190} INFO - [2024-10-27T14:19:45.330+0000] {dagbag.py:588} INFO - Filling up the DagBag from /home/airflow/.local/lib/python3.12/site-packages/airflow/example_dags/example_sensors.py
[2024-10-27T14:19:45.363+0000] {processor.py:925} INFO - DAG(s) 'example_sensors' retrieved from /home/airflow/.local/lib/python3.12/site-packages/airflow/example_dags/example_sensors.py
[2024-10-27T14:19:45.439+0000] {logging_mixin.py:190} INFO - [2024-10-27T14:19:45.438+0000] {dag.py:3239} INFO - Sync 1 DAGs
[2024-10-27T14:19:45.481+0000] {logging_mixin.py:190} INFO - [2024-10-27T14:19:45.480+0000] {dag.py:4180} INFO - Setting next_dagrun for example_sensors to None, run_after=None
[2024-10-27T14:19:45.535+0000] {processor.py:208} INFO - Processing /home/airflow/.local/lib/python3.12/site-packages/airflow/example_dags/example_sensors.py took 0.227 seconds
[2024-10-27T14:20:16.703+0000] {processor.py:186} INFO - Started process (PID=3250) to work on /home/airflow/.local/lib/python3.12/site-packages/airflow/example_dags/example_sensors.py
[2024-10-27T14:20:16.709+0000] {processor.py:914} INFO - Processing file /home/airflow/.local/lib/python3.12/site-packages/airflow/example_dags/example_sensors.py for tasks to queue
[2024-10-27T14:20:16.718+0000] {logging_mixin.py:190} INFO - [2024-10-27T14:20:16.717+0000] {dagbag.py:588} INFO - Filling up the DagBag from /home/airflow/.local/lib/python3.12/site-packages/airflow/example_dags/example_sensors.py
[2024-10-27T14:20:16.752+0000] {processor.py:925} INFO - DAG(s) 'example_sensors' retrieved from /home/airflow/.local/lib/python3.12/site-packages/airflow/example_dags/example_sensors.py
[2024-10-27T14:20:16.827+0000] {logging_mixin.py:190} INFO - [2024-10-27T14:20:16.826+0000] {dag.py:3239} INFO - Sync 1 DAGs
[2024-10-27T14:20:16.868+0000] {logging_mixin.py:190} INFO - [2024-10-27T14:20:16.867+0000] {dag.py:4180} INFO - Setting next_dagrun for example_sensors to None, run_after=None
[2024-10-27T14:20:16.932+0000] {processor.py:208} INFO - Processing /home/airflow/.local/lib/python3.12/site-packages/airflow/example_dags/example_sensors.py took 0.242 seconds
[2024-10-27T14:20:48.912+0000] {processor.py:186} INFO - Started process (PID=3312) to work on /home/airflow/.local/lib/python3.12/site-packages/airflow/example_dags/example_sensors.py
[2024-10-27T14:20:48.956+0000] {processor.py:914} INFO - Processing file /home/airflow/.local/lib/python3.12/site-packages/airflow/example_dags/example_sensors.py for tasks to queue
[2024-10-27T14:20:48.972+0000] {logging_mixin.py:190} INFO - [2024-10-27T14:20:48.971+0000] {dagbag.py:588} INFO - Filling up the DagBag from /home/airflow/.local/lib/python3.12/site-packages/airflow/example_dags/example_sensors.py
[2024-10-27T14:20:49.056+0000] {processor.py:925} INFO - DAG(s) 'example_sensors' retrieved from /home/airflow/.local/lib/python3.12/site-packages/airflow/example_dags/example_sensors.py
[2024-10-27T14:20:49.349+0000] {logging_mixin.py:190} INFO - [2024-10-27T14:20:49.348+0000] {dag.py:3239} INFO - Sync 1 DAGs
[2024-10-27T14:20:49.457+0000] {logging_mixin.py:190} INFO - [2024-10-27T14:20:49.457+0000] {dag.py:4180} INFO - Setting next_dagrun for example_sensors to None, run_after=None
[2024-10-27T14:20:49.648+0000] {processor.py:208} INFO - Processing /home/airflow/.local/lib/python3.12/site-packages/airflow/example_dags/example_sensors.py took 0.779 seconds
[2024-10-27T14:21:24.092+0000] {processor.py:186} INFO - Started process (PID=3374) to work on /home/airflow/.local/lib/python3.12/site-packages/airflow/example_dags/example_sensors.py
[2024-10-27T14:21:24.122+0000] {processor.py:914} INFO - Processing file /home/airflow/.local/lib/python3.12/site-packages/airflow/example_dags/example_sensors.py for tasks to queue
[2024-10-27T14:21:24.151+0000] {logging_mixin.py:190} INFO - [2024-10-27T14:21:24.147+0000] {dagbag.py:588} INFO - Filling up the DagBag from /home/airflow/.local/lib/python3.12/site-packages/airflow/example_dags/example_sensors.py
[2024-10-27T14:21:24.232+0000] {processor.py:925} INFO - DAG(s) 'example_sensors' retrieved from /home/airflow/.local/lib/python3.12/site-packages/airflow/example_dags/example_sensors.py
[2024-10-27T14:21:24.415+0000] {logging_mixin.py:190} INFO - [2024-10-27T14:21:24.414+0000] {dag.py:3239} INFO - Sync 1 DAGs
[2024-10-27T14:21:24.611+0000] {logging_mixin.py:190} INFO - [2024-10-27T14:21:24.611+0000] {dag.py:4180} INFO - Setting next_dagrun for example_sensors to None, run_after=None
[2024-10-27T14:21:24.797+0000] {processor.py:208} INFO - Processing /home/airflow/.local/lib/python3.12/site-packages/airflow/example_dags/example_sensors.py took 0.723 seconds
[2024-10-27T14:22:06.544+0000] {processor.py:186} INFO - Started process (PID=3444) to work on /home/airflow/.local/lib/python3.12/site-packages/airflow/example_dags/example_sensors.py
[2024-10-27T14:22:06.557+0000] {processor.py:914} INFO - Processing file /home/airflow/.local/lib/python3.12/site-packages/airflow/example_dags/example_sensors.py for tasks to queue
[2024-10-27T14:22:06.573+0000] {logging_mixin.py:190} INFO - [2024-10-27T14:22:06.572+0000] {dagbag.py:588} INFO - Filling up the DagBag from /home/airflow/.local/lib/python3.12/site-packages/airflow/example_dags/example_sensors.py
[2024-10-27T14:22:06.662+0000] {processor.py:925} INFO - DAG(s) 'example_sensors' retrieved from /home/airflow/.local/lib/python3.12/site-packages/airflow/example_dags/example_sensors.py
[2024-10-27T14:22:06.876+0000] {logging_mixin.py:190} INFO - [2024-10-27T14:22:06.875+0000] {dag.py:3239} INFO - Sync 1 DAGs
[2024-10-27T14:22:07.048+0000] {logging_mixin.py:190} INFO - [2024-10-27T14:22:07.042+0000] {dag.py:4180} INFO - Setting next_dagrun for example_sensors to None, run_after=None
[2024-10-27T14:22:07.243+0000] {processor.py:208} INFO - Processing /home/airflow/.local/lib/python3.12/site-packages/airflow/example_dags/example_sensors.py took 0.723 seconds
[2024-10-27T14:22:40.235+0000] {processor.py:186} INFO - Started process (PID=3509) to work on /home/airflow/.local/lib/python3.12/site-packages/airflow/example_dags/example_sensors.py
[2024-10-27T14:22:40.236+0000] {processor.py:914} INFO - Processing file /home/airflow/.local/lib/python3.12/site-packages/airflow/example_dags/example_sensors.py for tasks to queue
[2024-10-27T14:22:40.243+0000] {logging_mixin.py:190} INFO - [2024-10-27T14:22:40.242+0000] {dagbag.py:588} INFO - Filling up the DagBag from /home/airflow/.local/lib/python3.12/site-packages/airflow/example_dags/example_sensors.py
[2024-10-27T14:22:40.275+0000] {processor.py:925} INFO - DAG(s) 'example_sensors' retrieved from /home/airflow/.local/lib/python3.12/site-packages/airflow/example_dags/example_sensors.py
[2024-10-27T14:22:40.337+0000] {logging_mixin.py:190} INFO - [2024-10-27T14:22:40.337+0000] {dag.py:3239} INFO - Sync 1 DAGs
[2024-10-27T14:22:40.400+0000] {logging_mixin.py:190} INFO - [2024-10-27T14:22:40.394+0000] {dag.py:4180} INFO - Setting next_dagrun for example_sensors to None, run_after=None
[2024-10-27T14:22:40.475+0000] {processor.py:208} INFO - Processing /home/airflow/.local/lib/python3.12/site-packages/airflow/example_dags/example_sensors.py took 0.265 seconds
[2024-10-27T14:23:12.742+0000] {processor.py:186} INFO - Started process (PID=3570) to work on /home/airflow/.local/lib/python3.12/site-packages/airflow/example_dags/example_sensors.py
[2024-10-27T14:23:12.745+0000] {processor.py:914} INFO - Processing file /home/airflow/.local/lib/python3.12/site-packages/airflow/example_dags/example_sensors.py for tasks to queue
[2024-10-27T14:23:12.750+0000] {logging_mixin.py:190} INFO - [2024-10-27T14:23:12.749+0000] {dagbag.py:588} INFO - Filling up the DagBag from /home/airflow/.local/lib/python3.12/site-packages/airflow/example_dags/example_sensors.py
[2024-10-27T14:23:12.772+0000] {processor.py:925} INFO - DAG(s) 'example_sensors' retrieved from /home/airflow/.local/lib/python3.12/site-packages/airflow/example_dags/example_sensors.py
[2024-10-27T14:23:12.820+0000] {logging_mixin.py:190} INFO - [2024-10-27T14:23:12.820+0000] {dag.py:3239} INFO - Sync 1 DAGs
[2024-10-27T14:23:12.846+0000] {logging_mixin.py:190} INFO - [2024-10-27T14:23:12.845+0000] {dag.py:4180} INFO - Setting next_dagrun for example_sensors to None, run_after=None
[2024-10-27T14:23:13.260+0000] {processor.py:208} INFO - Processing /home/airflow/.local/lib/python3.12/site-packages/airflow/example_dags/example_sensors.py took 0.529 seconds
[2024-10-27T14:23:44.311+0000] {processor.py:186} INFO - Started process (PID=3632) to work on /home/airflow/.local/lib/python3.12/site-packages/airflow/example_dags/example_sensors.py
[2024-10-27T14:23:44.314+0000] {processor.py:914} INFO - Processing file /home/airflow/.local/lib/python3.12/site-packages/airflow/example_dags/example_sensors.py for tasks to queue
[2024-10-27T14:23:44.321+0000] {logging_mixin.py:190} INFO - [2024-10-27T14:23:44.319+0000] {dagbag.py:588} INFO - Filling up the DagBag from /home/airflow/.local/lib/python3.12/site-packages/airflow/example_dags/example_sensors.py
[2024-10-27T14:23:44.366+0000] {processor.py:925} INFO - DAG(s) 'example_sensors' retrieved from /home/airflow/.local/lib/python3.12/site-packages/airflow/example_dags/example_sensors.py
[2024-10-27T14:23:44.450+0000] {logging_mixin.py:190} INFO - [2024-10-27T14:23:44.450+0000] {dag.py:3239} INFO - Sync 1 DAGs
[2024-10-27T14:23:44.500+0000] {logging_mixin.py:190} INFO - [2024-10-27T14:23:44.499+0000] {dag.py:4180} INFO - Setting next_dagrun for example_sensors to None, run_after=None
[2024-10-27T14:23:44.554+0000] {processor.py:208} INFO - Processing /home/airflow/.local/lib/python3.12/site-packages/airflow/example_dags/example_sensors.py took 0.256 seconds
[2024-10-27T14:24:19.563+0000] {processor.py:186} INFO - Started process (PID=3701) to work on /home/airflow/.local/lib/python3.12/site-packages/airflow/example_dags/example_sensors.py
[2024-10-27T14:24:19.564+0000] {processor.py:914} INFO - Processing file /home/airflow/.local/lib/python3.12/site-packages/airflow/example_dags/example_sensors.py for tasks to queue
[2024-10-27T14:24:19.572+0000] {logging_mixin.py:190} INFO - [2024-10-27T14:24:19.571+0000] {dagbag.py:588} INFO - Filling up the DagBag from /home/airflow/.local/lib/python3.12/site-packages/airflow/example_dags/example_sensors.py
[2024-10-27T14:24:19.648+0000] {processor.py:925} INFO - DAG(s) 'example_sensors' retrieved from /home/airflow/.local/lib/python3.12/site-packages/airflow/example_dags/example_sensors.py
[2024-10-27T14:24:20.154+0000] {logging_mixin.py:190} INFO - [2024-10-27T14:24:20.153+0000] {dag.py:3239} INFO - Sync 1 DAGs
[2024-10-27T14:24:20.178+0000] {logging_mixin.py:190} INFO - [2024-10-27T14:24:20.178+0000] {dag.py:4180} INFO - Setting next_dagrun for example_sensors to None, run_after=None
[2024-10-27T14:24:20.230+0000] {processor.py:208} INFO - Processing /home/airflow/.local/lib/python3.12/site-packages/airflow/example_dags/example_sensors.py took 0.681 seconds
[2024-10-27T14:24:51.798+0000] {processor.py:186} INFO - Started process (PID=3764) to work on /home/airflow/.local/lib/python3.12/site-packages/airflow/example_dags/example_sensors.py
[2024-10-27T14:24:51.825+0000] {processor.py:914} INFO - Processing file /home/airflow/.local/lib/python3.12/site-packages/airflow/example_dags/example_sensors.py for tasks to queue
[2024-10-27T14:24:51.830+0000] {logging_mixin.py:190} INFO - [2024-10-27T14:24:51.829+0000] {dagbag.py:588} INFO - Filling up the DagBag from /home/airflow/.local/lib/python3.12/site-packages/airflow/example_dags/example_sensors.py
[2024-10-27T14:24:51.853+0000] {processor.py:925} INFO - DAG(s) 'example_sensors' retrieved from /home/airflow/.local/lib/python3.12/site-packages/airflow/example_dags/example_sensors.py
[2024-10-27T14:24:51.937+0000] {logging_mixin.py:190} INFO - [2024-10-27T14:24:51.936+0000] {dag.py:3239} INFO - Sync 1 DAGs
[2024-10-27T14:24:51.974+0000] {logging_mixin.py:190} INFO - [2024-10-27T14:24:51.973+0000] {dag.py:4180} INFO - Setting next_dagrun for example_sensors to None, run_after=None
[2024-10-27T14:24:52.108+0000] {processor.py:208} INFO - Processing /home/airflow/.local/lib/python3.12/site-packages/airflow/example_dags/example_sensors.py took 0.320 seconds
[2024-10-27T14:25:22.431+0000] {processor.py:186} INFO - Started process (PID=3827) to work on /home/airflow/.local/lib/python3.12/site-packages/airflow/example_dags/example_sensors.py
[2024-10-27T14:25:22.433+0000] {processor.py:914} INFO - Processing file /home/airflow/.local/lib/python3.12/site-packages/airflow/example_dags/example_sensors.py for tasks to queue
[2024-10-27T14:25:22.436+0000] {logging_mixin.py:190} INFO - [2024-10-27T14:25:22.436+0000] {dagbag.py:588} INFO - Filling up the DagBag from /home/airflow/.local/lib/python3.12/site-packages/airflow/example_dags/example_sensors.py
[2024-10-27T14:25:22.452+0000] {processor.py:925} INFO - DAG(s) 'example_sensors' retrieved from /home/airflow/.local/lib/python3.12/site-packages/airflow/example_dags/example_sensors.py
[2024-10-27T14:25:22.495+0000] {logging_mixin.py:190} INFO - [2024-10-27T14:25:22.495+0000] {dag.py:3239} INFO - Sync 1 DAGs
[2024-10-27T14:25:22.515+0000] {logging_mixin.py:190} INFO - [2024-10-27T14:25:22.515+0000] {dag.py:4180} INFO - Setting next_dagrun for example_sensors to None, run_after=None
[2024-10-27T14:25:22.563+0000] {processor.py:208} INFO - Processing /home/airflow/.local/lib/python3.12/site-packages/airflow/example_dags/example_sensors.py took 0.140 seconds
[2024-10-27T14:25:53.500+0000] {processor.py:186} INFO - Started process (PID=3890) to work on /home/airflow/.local/lib/python3.12/site-packages/airflow/example_dags/example_sensors.py
[2024-10-27T14:25:53.501+0000] {processor.py:914} INFO - Processing file /home/airflow/.local/lib/python3.12/site-packages/airflow/example_dags/example_sensors.py for tasks to queue
[2024-10-27T14:25:53.505+0000] {logging_mixin.py:190} INFO - [2024-10-27T14:25:53.505+0000] {dagbag.py:588} INFO - Filling up the DagBag from /home/airflow/.local/lib/python3.12/site-packages/airflow/example_dags/example_sensors.py
[2024-10-27T14:25:53.527+0000] {processor.py:925} INFO - DAG(s) 'example_sensors' retrieved from /home/airflow/.local/lib/python3.12/site-packages/airflow/example_dags/example_sensors.py
[2024-10-27T14:25:53.579+0000] {logging_mixin.py:190} INFO - [2024-10-27T14:25:53.579+0000] {dag.py:3239} INFO - Sync 1 DAGs
[2024-10-27T14:25:53.608+0000] {logging_mixin.py:190} INFO - [2024-10-27T14:25:53.608+0000] {dag.py:4180} INFO - Setting next_dagrun for example_sensors to None, run_after=None
[2024-10-27T14:25:53.667+0000] {processor.py:208} INFO - Processing /home/airflow/.local/lib/python3.12/site-packages/airflow/example_dags/example_sensors.py took 0.181 seconds
[2024-10-27T14:26:25.031+0000] {processor.py:186} INFO - Started process (PID=3953) to work on /home/airflow/.local/lib/python3.12/site-packages/airflow/example_dags/example_sensors.py
[2024-10-27T14:26:25.032+0000] {processor.py:914} INFO - Processing file /home/airflow/.local/lib/python3.12/site-packages/airflow/example_dags/example_sensors.py for tasks to queue
[2024-10-27T14:26:25.038+0000] {logging_mixin.py:190} INFO - [2024-10-27T14:26:25.038+0000] {dagbag.py:588} INFO - Filling up the DagBag from /home/airflow/.local/lib/python3.12/site-packages/airflow/example_dags/example_sensors.py
[2024-10-27T14:26:25.063+0000] {processor.py:925} INFO - DAG(s) 'example_sensors' retrieved from /home/airflow/.local/lib/python3.12/site-packages/airflow/example_dags/example_sensors.py
[2024-10-27T14:26:25.121+0000] {logging_mixin.py:190} INFO - [2024-10-27T14:26:25.120+0000] {dag.py:3239} INFO - Sync 1 DAGs
[2024-10-27T14:26:25.153+0000] {logging_mixin.py:190} INFO - [2024-10-27T14:26:25.152+0000] {dag.py:4180} INFO - Setting next_dagrun for example_sensors to None, run_after=None
[2024-10-27T14:26:25.342+0000] {processor.py:208} INFO - Processing /home/airflow/.local/lib/python3.12/site-packages/airflow/example_dags/example_sensors.py took 0.325 seconds
[2024-10-27T14:50:17.616+0000] {processor.py:186} INFO - Started process (PID=98) to work on /home/airflow/.local/lib/python3.12/site-packages/airflow/example_dags/example_sensors.py
[2024-10-27T14:50:17.664+0000] {processor.py:914} INFO - Processing file /home/airflow/.local/lib/python3.12/site-packages/airflow/example_dags/example_sensors.py for tasks to queue
[2024-10-27T14:50:17.674+0000] {logging_mixin.py:190} INFO - [2024-10-27T14:50:17.673+0000] {dagbag.py:588} INFO - Filling up the DagBag from /home/airflow/.local/lib/python3.12/site-packages/airflow/example_dags/example_sensors.py
[2024-10-27T14:50:17.721+0000] {processor.py:925} INFO - DAG(s) 'example_sensors' retrieved from /home/airflow/.local/lib/python3.12/site-packages/airflow/example_dags/example_sensors.py
[2024-10-27T14:50:18.064+0000] {logging_mixin.py:190} INFO - [2024-10-27T14:50:18.063+0000] {dag.py:3239} INFO - Sync 1 DAGs
[2024-10-27T14:50:18.177+0000] {logging_mixin.py:190} INFO - [2024-10-27T14:50:18.177+0000] {dag.py:4180} INFO - Setting next_dagrun for example_sensors to None, run_after=None
[2024-10-27T14:50:18.318+0000] {processor.py:208} INFO - Processing /home/airflow/.local/lib/python3.12/site-packages/airflow/example_dags/example_sensors.py took 0.718 seconds
[2024-10-27T14:50:54.649+0000] {processor.py:186} INFO - Started process (PID=160) to work on /home/airflow/.local/lib/python3.12/site-packages/airflow/example_dags/example_sensors.py
[2024-10-27T14:50:54.652+0000] {processor.py:914} INFO - Processing file /home/airflow/.local/lib/python3.12/site-packages/airflow/example_dags/example_sensors.py for tasks to queue
[2024-10-27T14:50:54.660+0000] {logging_mixin.py:190} INFO - [2024-10-27T14:50:54.659+0000] {dagbag.py:588} INFO - Filling up the DagBag from /home/airflow/.local/lib/python3.12/site-packages/airflow/example_dags/example_sensors.py
[2024-10-27T14:50:54.696+0000] {processor.py:925} INFO - DAG(s) 'example_sensors' retrieved from /home/airflow/.local/lib/python3.12/site-packages/airflow/example_dags/example_sensors.py
[2024-10-27T14:50:54.765+0000] {logging_mixin.py:190} INFO - [2024-10-27T14:50:54.765+0000] {dag.py:3239} INFO - Sync 1 DAGs
[2024-10-27T14:50:54.811+0000] {logging_mixin.py:190} INFO - [2024-10-27T14:50:54.810+0000] {dag.py:4180} INFO - Setting next_dagrun for example_sensors to None, run_after=None
[2024-10-27T14:50:54.881+0000] {processor.py:208} INFO - Processing /home/airflow/.local/lib/python3.12/site-packages/airflow/example_dags/example_sensors.py took 0.248 seconds
[2024-10-27T14:51:26.471+0000] {processor.py:186} INFO - Started process (PID=223) to work on /home/airflow/.local/lib/python3.12/site-packages/airflow/example_dags/example_sensors.py
[2024-10-27T14:51:26.479+0000] {processor.py:914} INFO - Processing file /home/airflow/.local/lib/python3.12/site-packages/airflow/example_dags/example_sensors.py for tasks to queue
[2024-10-27T14:51:26.485+0000] {logging_mixin.py:190} INFO - [2024-10-27T14:51:26.484+0000] {dagbag.py:588} INFO - Filling up the DagBag from /home/airflow/.local/lib/python3.12/site-packages/airflow/example_dags/example_sensors.py
[2024-10-27T14:51:26.516+0000] {processor.py:925} INFO - DAG(s) 'example_sensors' retrieved from /home/airflow/.local/lib/python3.12/site-packages/airflow/example_dags/example_sensors.py
[2024-10-27T14:51:26.587+0000] {logging_mixin.py:190} INFO - [2024-10-27T14:51:26.586+0000] {dag.py:3239} INFO - Sync 1 DAGs
[2024-10-27T14:51:26.623+0000] {logging_mixin.py:190} INFO - [2024-10-27T14:51:26.623+0000] {dag.py:4180} INFO - Setting next_dagrun for example_sensors to None, run_after=None
[2024-10-27T14:51:26.700+0000] {processor.py:208} INFO - Processing /home/airflow/.local/lib/python3.12/site-packages/airflow/example_dags/example_sensors.py took 0.249 seconds
[2024-10-27T14:51:58.108+0000] {processor.py:186} INFO - Started process (PID=285) to work on /home/airflow/.local/lib/python3.12/site-packages/airflow/example_dags/example_sensors.py
[2024-10-27T14:51:58.129+0000] {processor.py:914} INFO - Processing file /home/airflow/.local/lib/python3.12/site-packages/airflow/example_dags/example_sensors.py for tasks to queue
[2024-10-27T14:51:58.137+0000] {logging_mixin.py:190} INFO - [2024-10-27T14:51:58.135+0000] {dagbag.py:588} INFO - Filling up the DagBag from /home/airflow/.local/lib/python3.12/site-packages/airflow/example_dags/example_sensors.py
[2024-10-27T14:51:58.174+0000] {processor.py:925} INFO - DAG(s) 'example_sensors' retrieved from /home/airflow/.local/lib/python3.12/site-packages/airflow/example_dags/example_sensors.py
[2024-10-27T14:51:58.264+0000] {logging_mixin.py:190} INFO - [2024-10-27T14:51:58.264+0000] {dag.py:3239} INFO - Sync 1 DAGs
[2024-10-27T14:51:58.323+0000] {logging_mixin.py:190} INFO - [2024-10-27T14:51:58.322+0000] {dag.py:4180} INFO - Setting next_dagrun for example_sensors to None, run_after=None
[2024-10-27T14:51:58.451+0000] {processor.py:208} INFO - Processing /home/airflow/.local/lib/python3.12/site-packages/airflow/example_dags/example_sensors.py took 0.355 seconds
[2024-10-27T14:52:29.239+0000] {processor.py:186} INFO - Started process (PID=347) to work on /home/airflow/.local/lib/python3.12/site-packages/airflow/example_dags/example_sensors.py
[2024-10-27T14:52:29.241+0000] {processor.py:914} INFO - Processing file /home/airflow/.local/lib/python3.12/site-packages/airflow/example_dags/example_sensors.py for tasks to queue
[2024-10-27T14:52:29.246+0000] {logging_mixin.py:190} INFO - [2024-10-27T14:52:29.245+0000] {dagbag.py:588} INFO - Filling up the DagBag from /home/airflow/.local/lib/python3.12/site-packages/airflow/example_dags/example_sensors.py
[2024-10-27T14:52:29.265+0000] {processor.py:925} INFO - DAG(s) 'example_sensors' retrieved from /home/airflow/.local/lib/python3.12/site-packages/airflow/example_dags/example_sensors.py
[2024-10-27T14:52:29.314+0000] {logging_mixin.py:190} INFO - [2024-10-27T14:52:29.313+0000] {dag.py:3239} INFO - Sync 1 DAGs
[2024-10-27T14:52:29.342+0000] {logging_mixin.py:190} INFO - [2024-10-27T14:52:29.341+0000] {dag.py:4180} INFO - Setting next_dagrun for example_sensors to None, run_after=None
[2024-10-27T14:52:29.386+0000] {processor.py:208} INFO - Processing /home/airflow/.local/lib/python3.12/site-packages/airflow/example_dags/example_sensors.py took 0.156 seconds
[2024-10-27T14:52:59.775+0000] {processor.py:186} INFO - Started process (PID=408) to work on /home/airflow/.local/lib/python3.12/site-packages/airflow/example_dags/example_sensors.py
[2024-10-27T14:52:59.788+0000] {processor.py:914} INFO - Processing file /home/airflow/.local/lib/python3.12/site-packages/airflow/example_dags/example_sensors.py for tasks to queue
[2024-10-27T14:52:59.794+0000] {logging_mixin.py:190} INFO - [2024-10-27T14:52:59.794+0000] {dagbag.py:588} INFO - Filling up the DagBag from /home/airflow/.local/lib/python3.12/site-packages/airflow/example_dags/example_sensors.py
[2024-10-27T14:52:59.835+0000] {processor.py:925} INFO - DAG(s) 'example_sensors' retrieved from /home/airflow/.local/lib/python3.12/site-packages/airflow/example_dags/example_sensors.py
[2024-10-27T14:52:59.906+0000] {logging_mixin.py:190} INFO - [2024-10-27T14:52:59.906+0000] {dag.py:3239} INFO - Sync 1 DAGs
[2024-10-27T14:52:59.947+0000] {logging_mixin.py:190} INFO - [2024-10-27T14:52:59.946+0000] {dag.py:4180} INFO - Setting next_dagrun for example_sensors to None, run_after=None
[2024-10-27T14:52:59.982+0000] {processor.py:208} INFO - Processing /home/airflow/.local/lib/python3.12/site-packages/airflow/example_dags/example_sensors.py took 0.229 seconds
