[2024-10-27T13:43:14.549+0000] {processor.py:186} INFO - Started process (PID=96) to work on /home/airflow/.local/lib/python3.12/site-packages/airflow/example_dags/tutorial_dag.py
[2024-10-27T13:43:14.552+0000] {processor.py:914} INFO - Processing file /home/airflow/.local/lib/python3.12/site-packages/airflow/example_dags/tutorial_dag.py for tasks to queue
[2024-10-27T13:43:14.561+0000] {logging_mixin.py:190} INFO - [2024-10-27T13:43:14.557+0000] {dagbag.py:588} INFO - Filling up the DagBag from /home/airflow/.local/lib/python3.12/site-packages/airflow/example_dags/tutorial_dag.py
[2024-10-27T13:43:14.587+0000] {processor.py:925} INFO - DAG(s) 'tutorial_dag' retrieved from /home/airflow/.local/lib/python3.12/site-packages/airflow/example_dags/tutorial_dag.py
[2024-10-27T13:43:14.835+0000] {logging_mixin.py:190} INFO - [2024-10-27T13:43:14.834+0000] {dag.py:3239} INFO - Sync 1 DAGs
[2024-10-27T13:43:14.868+0000] {logging_mixin.py:190} INFO - [2024-10-27T13:43:14.868+0000] {dag.py:4180} INFO - Setting next_dagrun for tutorial_dag to None, run_after=None
[2024-10-27T13:43:14.928+0000] {processor.py:208} INFO - Processing /home/airflow/.local/lib/python3.12/site-packages/airflow/example_dags/tutorial_dag.py took 0.390 seconds
[2024-10-27T13:43:45.588+0000] {processor.py:186} INFO - Started process (PID=158) to work on /home/airflow/.local/lib/python3.12/site-packages/airflow/example_dags/tutorial_dag.py
[2024-10-27T13:43:45.589+0000] {processor.py:914} INFO - Processing file /home/airflow/.local/lib/python3.12/site-packages/airflow/example_dags/tutorial_dag.py for tasks to queue
[2024-10-27T13:43:45.602+0000] {logging_mixin.py:190} INFO - [2024-10-27T13:43:45.601+0000] {dagbag.py:588} INFO - Filling up the DagBag from /home/airflow/.local/lib/python3.12/site-packages/airflow/example_dags/tutorial_dag.py
[2024-10-27T13:43:45.694+0000] {processor.py:925} INFO - DAG(s) 'tutorial_dag' retrieved from /home/airflow/.local/lib/python3.12/site-packages/airflow/example_dags/tutorial_dag.py
[2024-10-27T13:43:45.817+0000] {logging_mixin.py:190} INFO - [2024-10-27T13:43:45.817+0000] {dag.py:3239} INFO - Sync 1 DAGs
[2024-10-27T13:43:46.074+0000] {logging_mixin.py:190} INFO - [2024-10-27T13:43:46.074+0000] {dag.py:4180} INFO - Setting next_dagrun for tutorial_dag to None, run_after=None
[2024-10-27T13:43:46.201+0000] {processor.py:208} INFO - Processing /home/airflow/.local/lib/python3.12/site-packages/airflow/example_dags/tutorial_dag.py took 0.623 seconds
[2024-10-27T13:44:17.629+0000] {processor.py:186} INFO - Started process (PID=219) to work on /home/airflow/.local/lib/python3.12/site-packages/airflow/example_dags/tutorial_dag.py
[2024-10-27T13:44:17.630+0000] {processor.py:914} INFO - Processing file /home/airflow/.local/lib/python3.12/site-packages/airflow/example_dags/tutorial_dag.py for tasks to queue
[2024-10-27T13:44:17.633+0000] {logging_mixin.py:190} INFO - [2024-10-27T13:44:17.633+0000] {dagbag.py:588} INFO - Filling up the DagBag from /home/airflow/.local/lib/python3.12/site-packages/airflow/example_dags/tutorial_dag.py
[2024-10-27T13:44:17.650+0000] {processor.py:925} INFO - DAG(s) 'tutorial_dag' retrieved from /home/airflow/.local/lib/python3.12/site-packages/airflow/example_dags/tutorial_dag.py
[2024-10-27T13:44:17.692+0000] {logging_mixin.py:190} INFO - [2024-10-27T13:44:17.691+0000] {dag.py:3239} INFO - Sync 1 DAGs
[2024-10-27T13:44:17.746+0000] {logging_mixin.py:190} INFO - [2024-10-27T13:44:17.746+0000] {dag.py:4180} INFO - Setting next_dagrun for tutorial_dag to None, run_after=None
[2024-10-27T13:44:17.800+0000] {processor.py:208} INFO - Processing /home/airflow/.local/lib/python3.12/site-packages/airflow/example_dags/tutorial_dag.py took 0.186 seconds
[2024-10-27T13:44:48.476+0000] {processor.py:186} INFO - Started process (PID=281) to work on /home/airflow/.local/lib/python3.12/site-packages/airflow/example_dags/tutorial_dag.py
[2024-10-27T13:44:48.478+0000] {processor.py:914} INFO - Processing file /home/airflow/.local/lib/python3.12/site-packages/airflow/example_dags/tutorial_dag.py for tasks to queue
[2024-10-27T13:44:48.483+0000] {logging_mixin.py:190} INFO - [2024-10-27T13:44:48.482+0000] {dagbag.py:588} INFO - Filling up the DagBag from /home/airflow/.local/lib/python3.12/site-packages/airflow/example_dags/tutorial_dag.py
[2024-10-27T13:44:48.507+0000] {processor.py:925} INFO - DAG(s) 'tutorial_dag' retrieved from /home/airflow/.local/lib/python3.12/site-packages/airflow/example_dags/tutorial_dag.py
[2024-10-27T13:44:48.571+0000] {logging_mixin.py:190} INFO - [2024-10-27T13:44:48.571+0000] {dag.py:3239} INFO - Sync 1 DAGs
[2024-10-27T13:44:48.613+0000] {logging_mixin.py:190} INFO - [2024-10-27T13:44:48.613+0000] {dag.py:4180} INFO - Setting next_dagrun for tutorial_dag to None, run_after=None
[2024-10-27T13:44:48.671+0000] {processor.py:208} INFO - Processing /home/airflow/.local/lib/python3.12/site-packages/airflow/example_dags/tutorial_dag.py took 0.213 seconds
[2024-10-27T13:45:25.888+0000] {processor.py:186} INFO - Started process (PID=343) to work on /home/airflow/.local/lib/python3.12/site-packages/airflow/example_dags/tutorial_dag.py
[2024-10-27T13:45:25.893+0000] {processor.py:914} INFO - Processing file /home/airflow/.local/lib/python3.12/site-packages/airflow/example_dags/tutorial_dag.py for tasks to queue
[2024-10-27T13:45:25.903+0000] {logging_mixin.py:190} INFO - [2024-10-27T13:45:25.902+0000] {dagbag.py:588} INFO - Filling up the DagBag from /home/airflow/.local/lib/python3.12/site-packages/airflow/example_dags/tutorial_dag.py
[2024-10-27T13:45:25.921+0000] {processor.py:925} INFO - DAG(s) 'tutorial_dag' retrieved from /home/airflow/.local/lib/python3.12/site-packages/airflow/example_dags/tutorial_dag.py
[2024-10-27T13:45:25.980+0000] {logging_mixin.py:190} INFO - [2024-10-27T13:45:25.979+0000] {dag.py:3239} INFO - Sync 1 DAGs
[2024-10-27T13:45:26.036+0000] {logging_mixin.py:190} INFO - [2024-10-27T13:45:26.035+0000] {dag.py:4180} INFO - Setting next_dagrun for tutorial_dag to None, run_after=None
[2024-10-27T13:45:26.109+0000] {processor.py:208} INFO - Processing /home/airflow/.local/lib/python3.12/site-packages/airflow/example_dags/tutorial_dag.py took 0.255 seconds
[2024-10-27T13:53:45.252+0000] {processor.py:186} INFO - Started process (PID=118) to work on /home/airflow/.local/lib/python3.12/site-packages/airflow/example_dags/tutorial_dag.py
[2024-10-27T13:53:45.263+0000] {processor.py:914} INFO - Processing file /home/airflow/.local/lib/python3.12/site-packages/airflow/example_dags/tutorial_dag.py for tasks to queue
[2024-10-27T13:53:45.268+0000] {logging_mixin.py:190} INFO - [2024-10-27T13:53:45.267+0000] {dagbag.py:588} INFO - Filling up the DagBag from /home/airflow/.local/lib/python3.12/site-packages/airflow/example_dags/tutorial_dag.py
[2024-10-27T13:53:45.293+0000] {processor.py:925} INFO - DAG(s) 'tutorial_dag' retrieved from /home/airflow/.local/lib/python3.12/site-packages/airflow/example_dags/tutorial_dag.py
[2024-10-27T13:53:45.362+0000] {logging_mixin.py:190} INFO - [2024-10-27T13:53:45.360+0000] {dag.py:3239} INFO - Sync 1 DAGs
[2024-10-27T13:53:45.403+0000] {logging_mixin.py:190} INFO - [2024-10-27T13:53:45.403+0000] {dag.py:4180} INFO - Setting next_dagrun for tutorial_dag to None, run_after=None
[2024-10-27T13:53:45.491+0000] {processor.py:208} INFO - Processing /home/airflow/.local/lib/python3.12/site-packages/airflow/example_dags/tutorial_dag.py took 0.261 seconds
[2024-10-27T13:54:45.612+0000] {processor.py:186} INFO - Started process (PID=202) to work on /home/airflow/.local/lib/python3.12/site-packages/airflow/example_dags/tutorial_dag.py
[2024-10-27T13:54:45.614+0000] {processor.py:914} INFO - Processing file /home/airflow/.local/lib/python3.12/site-packages/airflow/example_dags/tutorial_dag.py for tasks to queue
[2024-10-27T13:54:45.617+0000] {logging_mixin.py:190} INFO - [2024-10-27T13:54:45.616+0000] {dagbag.py:588} INFO - Filling up the DagBag from /home/airflow/.local/lib/python3.12/site-packages/airflow/example_dags/tutorial_dag.py
[2024-10-27T13:54:45.629+0000] {processor.py:925} INFO - DAG(s) 'tutorial_dag' retrieved from /home/airflow/.local/lib/python3.12/site-packages/airflow/example_dags/tutorial_dag.py
[2024-10-27T13:54:45.665+0000] {logging_mixin.py:190} INFO - [2024-10-27T13:54:45.665+0000] {dag.py:3239} INFO - Sync 1 DAGs
[2024-10-27T13:54:45.686+0000] {logging_mixin.py:190} INFO - [2024-10-27T13:54:45.686+0000] {dag.py:4180} INFO - Setting next_dagrun for tutorial_dag to None, run_after=None
[2024-10-27T13:54:46.065+0000] {processor.py:208} INFO - Processing /home/airflow/.local/lib/python3.12/site-packages/airflow/example_dags/tutorial_dag.py took 0.462 seconds
[2024-10-27T13:55:17.127+0000] {processor.py:186} INFO - Started process (PID=264) to work on /home/airflow/.local/lib/python3.12/site-packages/airflow/example_dags/tutorial_dag.py
[2024-10-27T13:55:17.129+0000] {processor.py:914} INFO - Processing file /home/airflow/.local/lib/python3.12/site-packages/airflow/example_dags/tutorial_dag.py for tasks to queue
[2024-10-27T13:55:17.134+0000] {logging_mixin.py:190} INFO - [2024-10-27T13:55:17.134+0000] {dagbag.py:588} INFO - Filling up the DagBag from /home/airflow/.local/lib/python3.12/site-packages/airflow/example_dags/tutorial_dag.py
[2024-10-27T13:55:17.150+0000] {processor.py:925} INFO - DAG(s) 'tutorial_dag' retrieved from /home/airflow/.local/lib/python3.12/site-packages/airflow/example_dags/tutorial_dag.py
[2024-10-27T13:55:17.188+0000] {logging_mixin.py:190} INFO - [2024-10-27T13:55:17.188+0000] {dag.py:3239} INFO - Sync 1 DAGs
[2024-10-27T13:55:17.226+0000] {logging_mixin.py:190} INFO - [2024-10-27T13:55:17.225+0000] {dag.py:4180} INFO - Setting next_dagrun for tutorial_dag to None, run_after=None
[2024-10-27T13:55:17.282+0000] {processor.py:208} INFO - Processing /home/airflow/.local/lib/python3.12/site-packages/airflow/example_dags/tutorial_dag.py took 0.166 seconds
[2024-10-27T13:55:49.466+0000] {processor.py:186} INFO - Started process (PID=327) to work on /home/airflow/.local/lib/python3.12/site-packages/airflow/example_dags/tutorial_dag.py
[2024-10-27T13:55:49.469+0000] {processor.py:914} INFO - Processing file /home/airflow/.local/lib/python3.12/site-packages/airflow/example_dags/tutorial_dag.py for tasks to queue
[2024-10-27T13:55:49.479+0000] {logging_mixin.py:190} INFO - [2024-10-27T13:55:49.476+0000] {dagbag.py:588} INFO - Filling up the DagBag from /home/airflow/.local/lib/python3.12/site-packages/airflow/example_dags/tutorial_dag.py
[2024-10-27T13:55:49.510+0000] {processor.py:925} INFO - DAG(s) 'tutorial_dag' retrieved from /home/airflow/.local/lib/python3.12/site-packages/airflow/example_dags/tutorial_dag.py
[2024-10-27T13:55:49.566+0000] {logging_mixin.py:190} INFO - [2024-10-27T13:55:49.565+0000] {dag.py:3239} INFO - Sync 1 DAGs
[2024-10-27T13:55:49.604+0000] {logging_mixin.py:190} INFO - [2024-10-27T13:55:49.603+0000] {dag.py:4180} INFO - Setting next_dagrun for tutorial_dag to None, run_after=None
[2024-10-27T13:55:49.682+0000] {processor.py:208} INFO - Processing /home/airflow/.local/lib/python3.12/site-packages/airflow/example_dags/tutorial_dag.py took 0.233 seconds
[2024-10-27T13:56:19.952+0000] {processor.py:186} INFO - Started process (PID=389) to work on /home/airflow/.local/lib/python3.12/site-packages/airflow/example_dags/tutorial_dag.py
[2024-10-27T13:56:19.959+0000] {processor.py:914} INFO - Processing file /home/airflow/.local/lib/python3.12/site-packages/airflow/example_dags/tutorial_dag.py for tasks to queue
[2024-10-27T13:56:19.968+0000] {logging_mixin.py:190} INFO - [2024-10-27T13:56:19.968+0000] {dagbag.py:588} INFO - Filling up the DagBag from /home/airflow/.local/lib/python3.12/site-packages/airflow/example_dags/tutorial_dag.py
[2024-10-27T13:56:19.990+0000] {processor.py:925} INFO - DAG(s) 'tutorial_dag' retrieved from /home/airflow/.local/lib/python3.12/site-packages/airflow/example_dags/tutorial_dag.py
[2024-10-27T13:56:20.064+0000] {logging_mixin.py:190} INFO - [2024-10-27T13:56:20.063+0000] {dag.py:3239} INFO - Sync 1 DAGs
[2024-10-27T13:56:20.115+0000] {logging_mixin.py:190} INFO - [2024-10-27T13:56:20.115+0000] {dag.py:4180} INFO - Setting next_dagrun for tutorial_dag to None, run_after=None
[2024-10-27T13:56:20.239+0000] {processor.py:208} INFO - Processing /home/airflow/.local/lib/python3.12/site-packages/airflow/example_dags/tutorial_dag.py took 0.308 seconds
[2024-10-27T13:56:54.942+0000] {processor.py:186} INFO - Started process (PID=455) to work on /home/airflow/.local/lib/python3.12/site-packages/airflow/example_dags/tutorial_dag.py
[2024-10-27T13:56:54.944+0000] {processor.py:914} INFO - Processing file /home/airflow/.local/lib/python3.12/site-packages/airflow/example_dags/tutorial_dag.py for tasks to queue
[2024-10-27T13:56:54.948+0000] {logging_mixin.py:190} INFO - [2024-10-27T13:56:54.947+0000] {dagbag.py:588} INFO - Filling up the DagBag from /home/airflow/.local/lib/python3.12/site-packages/airflow/example_dags/tutorial_dag.py
[2024-10-27T13:56:54.958+0000] {processor.py:925} INFO - DAG(s) 'tutorial_dag' retrieved from /home/airflow/.local/lib/python3.12/site-packages/airflow/example_dags/tutorial_dag.py
[2024-10-27T13:56:54.985+0000] {logging_mixin.py:190} INFO - [2024-10-27T13:56:54.985+0000] {dag.py:3239} INFO - Sync 1 DAGs
[2024-10-27T13:56:55.009+0000] {logging_mixin.py:190} INFO - [2024-10-27T13:56:55.009+0000] {dag.py:4180} INFO - Setting next_dagrun for tutorial_dag to None, run_after=None
[2024-10-27T13:56:55.337+0000] {processor.py:208} INFO - Processing /home/airflow/.local/lib/python3.12/site-packages/airflow/example_dags/tutorial_dag.py took 0.406 seconds
[2024-10-27T13:57:25.891+0000] {processor.py:186} INFO - Started process (PID=517) to work on /home/airflow/.local/lib/python3.12/site-packages/airflow/example_dags/tutorial_dag.py
[2024-10-27T13:57:25.894+0000] {processor.py:914} INFO - Processing file /home/airflow/.local/lib/python3.12/site-packages/airflow/example_dags/tutorial_dag.py for tasks to queue
[2024-10-27T13:57:25.899+0000] {logging_mixin.py:190} INFO - [2024-10-27T13:57:25.899+0000] {dagbag.py:588} INFO - Filling up the DagBag from /home/airflow/.local/lib/python3.12/site-packages/airflow/example_dags/tutorial_dag.py
[2024-10-27T13:57:25.912+0000] {processor.py:925} INFO - DAG(s) 'tutorial_dag' retrieved from /home/airflow/.local/lib/python3.12/site-packages/airflow/example_dags/tutorial_dag.py
[2024-10-27T13:57:25.959+0000] {logging_mixin.py:190} INFO - [2024-10-27T13:57:25.959+0000] {dag.py:3239} INFO - Sync 1 DAGs
[2024-10-27T13:57:25.999+0000] {logging_mixin.py:190} INFO - [2024-10-27T13:57:25.999+0000] {dag.py:4180} INFO - Setting next_dagrun for tutorial_dag to None, run_after=None
[2024-10-27T13:57:26.057+0000] {processor.py:208} INFO - Processing /home/airflow/.local/lib/python3.12/site-packages/airflow/example_dags/tutorial_dag.py took 0.179 seconds
[2024-10-27T13:57:57.031+0000] {processor.py:186} INFO - Started process (PID=580) to work on /home/airflow/.local/lib/python3.12/site-packages/airflow/example_dags/tutorial_dag.py
[2024-10-27T13:57:57.033+0000] {processor.py:914} INFO - Processing file /home/airflow/.local/lib/python3.12/site-packages/airflow/example_dags/tutorial_dag.py for tasks to queue
[2024-10-27T13:57:57.037+0000] {logging_mixin.py:190} INFO - [2024-10-27T13:57:57.036+0000] {dagbag.py:588} INFO - Filling up the DagBag from /home/airflow/.local/lib/python3.12/site-packages/airflow/example_dags/tutorial_dag.py
[2024-10-27T13:57:57.051+0000] {processor.py:925} INFO - DAG(s) 'tutorial_dag' retrieved from /home/airflow/.local/lib/python3.12/site-packages/airflow/example_dags/tutorial_dag.py
[2024-10-27T13:57:57.083+0000] {logging_mixin.py:190} INFO - [2024-10-27T13:57:57.083+0000] {dag.py:3239} INFO - Sync 1 DAGs
[2024-10-27T13:57:57.121+0000] {logging_mixin.py:190} INFO - [2024-10-27T13:57:57.121+0000] {dag.py:4180} INFO - Setting next_dagrun for tutorial_dag to None, run_after=None
[2024-10-27T13:57:57.183+0000] {processor.py:208} INFO - Processing /home/airflow/.local/lib/python3.12/site-packages/airflow/example_dags/tutorial_dag.py took 0.164 seconds
[2024-10-27T13:58:29.433+0000] {processor.py:186} INFO - Started process (PID=642) to work on /home/airflow/.local/lib/python3.12/site-packages/airflow/example_dags/tutorial_dag.py
[2024-10-27T13:58:29.438+0000] {processor.py:914} INFO - Processing file /home/airflow/.local/lib/python3.12/site-packages/airflow/example_dags/tutorial_dag.py for tasks to queue
[2024-10-27T13:58:29.446+0000] {logging_mixin.py:190} INFO - [2024-10-27T13:58:29.445+0000] {dagbag.py:588} INFO - Filling up the DagBag from /home/airflow/.local/lib/python3.12/site-packages/airflow/example_dags/tutorial_dag.py
[2024-10-27T13:58:29.466+0000] {processor.py:925} INFO - DAG(s) 'tutorial_dag' retrieved from /home/airflow/.local/lib/python3.12/site-packages/airflow/example_dags/tutorial_dag.py
[2024-10-27T13:58:29.517+0000] {logging_mixin.py:190} INFO - [2024-10-27T13:58:29.515+0000] {dag.py:3239} INFO - Sync 1 DAGs
[2024-10-27T13:58:29.559+0000] {logging_mixin.py:190} INFO - [2024-10-27T13:58:29.558+0000] {dag.py:4180} INFO - Setting next_dagrun for tutorial_dag to None, run_after=None
[2024-10-27T13:58:29.604+0000] {processor.py:208} INFO - Processing /home/airflow/.local/lib/python3.12/site-packages/airflow/example_dags/tutorial_dag.py took 0.185 seconds
[2024-10-27T13:59:01.567+0000] {processor.py:186} INFO - Started process (PID=704) to work on /home/airflow/.local/lib/python3.12/site-packages/airflow/example_dags/tutorial_dag.py
[2024-10-27T13:59:01.575+0000] {processor.py:914} INFO - Processing file /home/airflow/.local/lib/python3.12/site-packages/airflow/example_dags/tutorial_dag.py for tasks to queue
[2024-10-27T13:59:01.582+0000] {logging_mixin.py:190} INFO - [2024-10-27T13:59:01.581+0000] {dagbag.py:588} INFO - Filling up the DagBag from /home/airflow/.local/lib/python3.12/site-packages/airflow/example_dags/tutorial_dag.py
[2024-10-27T13:59:01.601+0000] {processor.py:925} INFO - DAG(s) 'tutorial_dag' retrieved from /home/airflow/.local/lib/python3.12/site-packages/airflow/example_dags/tutorial_dag.py
[2024-10-27T13:59:01.677+0000] {logging_mixin.py:190} INFO - [2024-10-27T13:59:01.677+0000] {dag.py:3239} INFO - Sync 1 DAGs
[2024-10-27T13:59:01.718+0000] {logging_mixin.py:190} INFO - [2024-10-27T13:59:01.718+0000] {dag.py:4180} INFO - Setting next_dagrun for tutorial_dag to None, run_after=None
[2024-10-27T13:59:01.855+0000] {processor.py:208} INFO - Processing /home/airflow/.local/lib/python3.12/site-packages/airflow/example_dags/tutorial_dag.py took 0.306 seconds
[2024-10-27T13:59:34.193+0000] {processor.py:186} INFO - Started process (PID=766) to work on /home/airflow/.local/lib/python3.12/site-packages/airflow/example_dags/tutorial_dag.py
[2024-10-27T13:59:34.195+0000] {processor.py:914} INFO - Processing file /home/airflow/.local/lib/python3.12/site-packages/airflow/example_dags/tutorial_dag.py for tasks to queue
[2024-10-27T13:59:34.198+0000] {logging_mixin.py:190} INFO - [2024-10-27T13:59:34.198+0000] {dagbag.py:588} INFO - Filling up the DagBag from /home/airflow/.local/lib/python3.12/site-packages/airflow/example_dags/tutorial_dag.py
[2024-10-27T13:59:34.207+0000] {processor.py:925} INFO - DAG(s) 'tutorial_dag' retrieved from /home/airflow/.local/lib/python3.12/site-packages/airflow/example_dags/tutorial_dag.py
[2024-10-27T13:59:34.232+0000] {logging_mixin.py:190} INFO - [2024-10-27T13:59:34.232+0000] {dag.py:3239} INFO - Sync 1 DAGs
[2024-10-27T13:59:34.254+0000] {logging_mixin.py:190} INFO - [2024-10-27T13:59:34.254+0000] {dag.py:4180} INFO - Setting next_dagrun for tutorial_dag to None, run_after=None
[2024-10-27T13:59:34.632+0000] {processor.py:208} INFO - Processing /home/airflow/.local/lib/python3.12/site-packages/airflow/example_dags/tutorial_dag.py took 0.448 seconds
[2024-10-27T14:00:04.773+0000] {processor.py:186} INFO - Started process (PID=828) to work on /home/airflow/.local/lib/python3.12/site-packages/airflow/example_dags/tutorial_dag.py
[2024-10-27T14:00:04.775+0000] {processor.py:914} INFO - Processing file /home/airflow/.local/lib/python3.12/site-packages/airflow/example_dags/tutorial_dag.py for tasks to queue
[2024-10-27T14:00:04.778+0000] {logging_mixin.py:190} INFO - [2024-10-27T14:00:04.778+0000] {dagbag.py:588} INFO - Filling up the DagBag from /home/airflow/.local/lib/python3.12/site-packages/airflow/example_dags/tutorial_dag.py
[2024-10-27T14:00:04.790+0000] {processor.py:925} INFO - DAG(s) 'tutorial_dag' retrieved from /home/airflow/.local/lib/python3.12/site-packages/airflow/example_dags/tutorial_dag.py
[2024-10-27T14:00:04.836+0000] {logging_mixin.py:190} INFO - [2024-10-27T14:00:04.836+0000] {dag.py:3239} INFO - Sync 1 DAGs
[2024-10-27T14:00:04.867+0000] {logging_mixin.py:190} INFO - [2024-10-27T14:00:04.867+0000] {dag.py:4180} INFO - Setting next_dagrun for tutorial_dag to None, run_after=None
[2024-10-27T14:00:04.957+0000] {processor.py:208} INFO - Processing /home/airflow/.local/lib/python3.12/site-packages/airflow/example_dags/tutorial_dag.py took 0.194 seconds
[2024-10-27T14:00:36.203+0000] {processor.py:186} INFO - Started process (PID=893) to work on /home/airflow/.local/lib/python3.12/site-packages/airflow/example_dags/tutorial_dag.py
[2024-10-27T14:00:36.205+0000] {processor.py:914} INFO - Processing file /home/airflow/.local/lib/python3.12/site-packages/airflow/example_dags/tutorial_dag.py for tasks to queue
[2024-10-27T14:00:36.210+0000] {logging_mixin.py:190} INFO - [2024-10-27T14:00:36.209+0000] {dagbag.py:588} INFO - Filling up the DagBag from /home/airflow/.local/lib/python3.12/site-packages/airflow/example_dags/tutorial_dag.py
[2024-10-27T14:00:36.222+0000] {processor.py:925} INFO - DAG(s) 'tutorial_dag' retrieved from /home/airflow/.local/lib/python3.12/site-packages/airflow/example_dags/tutorial_dag.py
[2024-10-27T14:00:36.254+0000] {logging_mixin.py:190} INFO - [2024-10-27T14:00:36.253+0000] {dag.py:3239} INFO - Sync 1 DAGs
[2024-10-27T14:00:36.281+0000] {logging_mixin.py:190} INFO - [2024-10-27T14:00:36.281+0000] {dag.py:4180} INFO - Setting next_dagrun for tutorial_dag to None, run_after=None
[2024-10-27T14:00:36.431+0000] {processor.py:208} INFO - Processing /home/airflow/.local/lib/python3.12/site-packages/airflow/example_dags/tutorial_dag.py took 0.240 seconds
[2024-10-27T14:01:07.556+0000] {processor.py:186} INFO - Started process (PID=963) to work on /home/airflow/.local/lib/python3.12/site-packages/airflow/example_dags/tutorial_dag.py
[2024-10-27T14:01:07.558+0000] {processor.py:914} INFO - Processing file /home/airflow/.local/lib/python3.12/site-packages/airflow/example_dags/tutorial_dag.py for tasks to queue
[2024-10-27T14:01:07.563+0000] {logging_mixin.py:190} INFO - [2024-10-27T14:01:07.562+0000] {dagbag.py:588} INFO - Filling up the DagBag from /home/airflow/.local/lib/python3.12/site-packages/airflow/example_dags/tutorial_dag.py
[2024-10-27T14:01:07.575+0000] {processor.py:925} INFO - DAG(s) 'tutorial_dag' retrieved from /home/airflow/.local/lib/python3.12/site-packages/airflow/example_dags/tutorial_dag.py
[2024-10-27T14:01:07.624+0000] {logging_mixin.py:190} INFO - [2024-10-27T14:01:07.623+0000] {dag.py:3239} INFO - Sync 1 DAGs
[2024-10-27T14:01:07.656+0000] {logging_mixin.py:190} INFO - [2024-10-27T14:01:07.655+0000] {dag.py:4180} INFO - Setting next_dagrun for tutorial_dag to None, run_after=None
[2024-10-27T14:01:07.721+0000] {processor.py:208} INFO - Processing /home/airflow/.local/lib/python3.12/site-packages/airflow/example_dags/tutorial_dag.py took 0.177 seconds
[2024-10-27T14:01:39.535+0000] {processor.py:186} INFO - Started process (PID=1025) to work on /home/airflow/.local/lib/python3.12/site-packages/airflow/example_dags/tutorial_dag.py
[2024-10-27T14:01:39.537+0000] {processor.py:914} INFO - Processing file /home/airflow/.local/lib/python3.12/site-packages/airflow/example_dags/tutorial_dag.py for tasks to queue
[2024-10-27T14:01:39.542+0000] {logging_mixin.py:190} INFO - [2024-10-27T14:01:39.542+0000] {dagbag.py:588} INFO - Filling up the DagBag from /home/airflow/.local/lib/python3.12/site-packages/airflow/example_dags/tutorial_dag.py
[2024-10-27T14:01:39.559+0000] {processor.py:925} INFO - DAG(s) 'tutorial_dag' retrieved from /home/airflow/.local/lib/python3.12/site-packages/airflow/example_dags/tutorial_dag.py
[2024-10-27T14:01:39.607+0000] {logging_mixin.py:190} INFO - [2024-10-27T14:01:39.607+0000] {dag.py:3239} INFO - Sync 1 DAGs
[2024-10-27T14:01:39.645+0000] {logging_mixin.py:190} INFO - [2024-10-27T14:01:39.645+0000] {dag.py:4180} INFO - Setting next_dagrun for tutorial_dag to None, run_after=None
[2024-10-27T14:01:39.722+0000] {processor.py:208} INFO - Processing /home/airflow/.local/lib/python3.12/site-packages/airflow/example_dags/tutorial_dag.py took 0.203 seconds
[2024-10-27T14:02:10.360+0000] {processor.py:186} INFO - Started process (PID=1087) to work on /home/airflow/.local/lib/python3.12/site-packages/airflow/example_dags/tutorial_dag.py
[2024-10-27T14:02:10.362+0000] {processor.py:914} INFO - Processing file /home/airflow/.local/lib/python3.12/site-packages/airflow/example_dags/tutorial_dag.py for tasks to queue
[2024-10-27T14:02:10.366+0000] {logging_mixin.py:190} INFO - [2024-10-27T14:02:10.366+0000] {dagbag.py:588} INFO - Filling up the DagBag from /home/airflow/.local/lib/python3.12/site-packages/airflow/example_dags/tutorial_dag.py
[2024-10-27T14:02:10.383+0000] {processor.py:925} INFO - DAG(s) 'tutorial_dag' retrieved from /home/airflow/.local/lib/python3.12/site-packages/airflow/example_dags/tutorial_dag.py
[2024-10-27T14:02:10.421+0000] {logging_mixin.py:190} INFO - [2024-10-27T14:02:10.420+0000] {dag.py:3239} INFO - Sync 1 DAGs
[2024-10-27T14:02:10.449+0000] {logging_mixin.py:190} INFO - [2024-10-27T14:02:10.449+0000] {dag.py:4180} INFO - Setting next_dagrun for tutorial_dag to None, run_after=None
[2024-10-27T14:02:10.506+0000] {processor.py:208} INFO - Processing /home/airflow/.local/lib/python3.12/site-packages/airflow/example_dags/tutorial_dag.py took 0.158 seconds
[2024-10-27T14:02:41.067+0000] {processor.py:186} INFO - Started process (PID=1148) to work on /home/airflow/.local/lib/python3.12/site-packages/airflow/example_dags/tutorial_dag.py
[2024-10-27T14:02:41.078+0000] {processor.py:914} INFO - Processing file /home/airflow/.local/lib/python3.12/site-packages/airflow/example_dags/tutorial_dag.py for tasks to queue
[2024-10-27T14:02:41.083+0000] {logging_mixin.py:190} INFO - [2024-10-27T14:02:41.082+0000] {dagbag.py:588} INFO - Filling up the DagBag from /home/airflow/.local/lib/python3.12/site-packages/airflow/example_dags/tutorial_dag.py
[2024-10-27T14:02:41.103+0000] {processor.py:925} INFO - DAG(s) 'tutorial_dag' retrieved from /home/airflow/.local/lib/python3.12/site-packages/airflow/example_dags/tutorial_dag.py
[2024-10-27T14:02:41.146+0000] {logging_mixin.py:190} INFO - [2024-10-27T14:02:41.146+0000] {dag.py:3239} INFO - Sync 1 DAGs
[2024-10-27T14:02:41.178+0000] {logging_mixin.py:190} INFO - [2024-10-27T14:02:41.177+0000] {dag.py:4180} INFO - Setting next_dagrun for tutorial_dag to None, run_after=None
[2024-10-27T14:02:41.239+0000] {processor.py:208} INFO - Processing /home/airflow/.local/lib/python3.12/site-packages/airflow/example_dags/tutorial_dag.py took 0.186 seconds
[2024-10-27T14:03:11.781+0000] {processor.py:186} INFO - Started process (PID=1209) to work on /home/airflow/.local/lib/python3.12/site-packages/airflow/example_dags/tutorial_dag.py
[2024-10-27T14:03:11.783+0000] {processor.py:914} INFO - Processing file /home/airflow/.local/lib/python3.12/site-packages/airflow/example_dags/tutorial_dag.py for tasks to queue
[2024-10-27T14:03:11.787+0000] {logging_mixin.py:190} INFO - [2024-10-27T14:03:11.786+0000] {dagbag.py:588} INFO - Filling up the DagBag from /home/airflow/.local/lib/python3.12/site-packages/airflow/example_dags/tutorial_dag.py
[2024-10-27T14:03:11.801+0000] {processor.py:925} INFO - DAG(s) 'tutorial_dag' retrieved from /home/airflow/.local/lib/python3.12/site-packages/airflow/example_dags/tutorial_dag.py
[2024-10-27T14:03:11.836+0000] {logging_mixin.py:190} INFO - [2024-10-27T14:03:11.835+0000] {dag.py:3239} INFO - Sync 1 DAGs
[2024-10-27T14:03:11.866+0000] {logging_mixin.py:190} INFO - [2024-10-27T14:03:11.866+0000] {dag.py:4180} INFO - Setting next_dagrun for tutorial_dag to None, run_after=None
[2024-10-27T14:03:11.904+0000] {processor.py:208} INFO - Processing /home/airflow/.local/lib/python3.12/site-packages/airflow/example_dags/tutorial_dag.py took 0.134 seconds
[2024-10-27T14:03:53.235+0000] {processor.py:186} INFO - Started process (PID=1278) to work on /home/airflow/.local/lib/python3.12/site-packages/airflow/example_dags/tutorial_dag.py
[2024-10-27T14:03:53.239+0000] {processor.py:914} INFO - Processing file /home/airflow/.local/lib/python3.12/site-packages/airflow/example_dags/tutorial_dag.py for tasks to queue
[2024-10-27T14:03:53.243+0000] {logging_mixin.py:190} INFO - [2024-10-27T14:03:53.242+0000] {dagbag.py:588} INFO - Filling up the DagBag from /home/airflow/.local/lib/python3.12/site-packages/airflow/example_dags/tutorial_dag.py
[2024-10-27T14:03:53.254+0000] {processor.py:925} INFO - DAG(s) 'tutorial_dag' retrieved from /home/airflow/.local/lib/python3.12/site-packages/airflow/example_dags/tutorial_dag.py
[2024-10-27T14:03:53.283+0000] {logging_mixin.py:190} INFO - [2024-10-27T14:03:53.283+0000] {dag.py:3239} INFO - Sync 1 DAGs
[2024-10-27T14:03:53.302+0000] {logging_mixin.py:190} INFO - [2024-10-27T14:03:53.302+0000] {dag.py:4180} INFO - Setting next_dagrun for tutorial_dag to None, run_after=None
[2024-10-27T14:03:53.727+0000] {processor.py:208} INFO - Processing /home/airflow/.local/lib/python3.12/site-packages/airflow/example_dags/tutorial_dag.py took 0.510 seconds
[2024-10-27T14:04:24.335+0000] {processor.py:186} INFO - Started process (PID=1339) to work on /home/airflow/.local/lib/python3.12/site-packages/airflow/example_dags/tutorial_dag.py
[2024-10-27T14:04:24.338+0000] {processor.py:914} INFO - Processing file /home/airflow/.local/lib/python3.12/site-packages/airflow/example_dags/tutorial_dag.py for tasks to queue
[2024-10-27T14:04:24.342+0000] {logging_mixin.py:190} INFO - [2024-10-27T14:04:24.342+0000] {dagbag.py:588} INFO - Filling up the DagBag from /home/airflow/.local/lib/python3.12/site-packages/airflow/example_dags/tutorial_dag.py
[2024-10-27T14:04:24.366+0000] {processor.py:925} INFO - DAG(s) 'tutorial_dag' retrieved from /home/airflow/.local/lib/python3.12/site-packages/airflow/example_dags/tutorial_dag.py
[2024-10-27T14:04:24.471+0000] {logging_mixin.py:190} INFO - [2024-10-27T14:04:24.471+0000] {dag.py:3239} INFO - Sync 1 DAGs
[2024-10-27T14:04:24.520+0000] {logging_mixin.py:190} INFO - [2024-10-27T14:04:24.520+0000] {dag.py:4180} INFO - Setting next_dagrun for tutorial_dag to None, run_after=None
[2024-10-27T14:04:24.660+0000] {processor.py:208} INFO - Processing /home/airflow/.local/lib/python3.12/site-packages/airflow/example_dags/tutorial_dag.py took 0.337 seconds
[2024-10-27T14:04:55.485+0000] {processor.py:186} INFO - Started process (PID=1401) to work on /home/airflow/.local/lib/python3.12/site-packages/airflow/example_dags/tutorial_dag.py
[2024-10-27T14:04:55.489+0000] {processor.py:914} INFO - Processing file /home/airflow/.local/lib/python3.12/site-packages/airflow/example_dags/tutorial_dag.py for tasks to queue
[2024-10-27T14:04:55.525+0000] {logging_mixin.py:190} INFO - [2024-10-27T14:04:55.524+0000] {dagbag.py:588} INFO - Filling up the DagBag from /home/airflow/.local/lib/python3.12/site-packages/airflow/example_dags/tutorial_dag.py
[2024-10-27T14:04:55.560+0000] {processor.py:925} INFO - DAG(s) 'tutorial_dag' retrieved from /home/airflow/.local/lib/python3.12/site-packages/airflow/example_dags/tutorial_dag.py
[2024-10-27T14:04:55.653+0000] {logging_mixin.py:190} INFO - [2024-10-27T14:04:55.652+0000] {dag.py:3239} INFO - Sync 1 DAGs
[2024-10-27T14:04:55.744+0000] {logging_mixin.py:190} INFO - [2024-10-27T14:04:55.744+0000] {dag.py:4180} INFO - Setting next_dagrun for tutorial_dag to None, run_after=None
[2024-10-27T14:04:55.864+0000] {processor.py:208} INFO - Processing /home/airflow/.local/lib/python3.12/site-packages/airflow/example_dags/tutorial_dag.py took 0.404 seconds
[2024-10-27T14:05:26.098+0000] {processor.py:186} INFO - Started process (PID=1463) to work on /home/airflow/.local/lib/python3.12/site-packages/airflow/example_dags/tutorial_dag.py
[2024-10-27T14:05:26.100+0000] {processor.py:914} INFO - Processing file /home/airflow/.local/lib/python3.12/site-packages/airflow/example_dags/tutorial_dag.py for tasks to queue
[2024-10-27T14:05:26.103+0000] {logging_mixin.py:190} INFO - [2024-10-27T14:05:26.103+0000] {dagbag.py:588} INFO - Filling up the DagBag from /home/airflow/.local/lib/python3.12/site-packages/airflow/example_dags/tutorial_dag.py
[2024-10-27T14:05:26.118+0000] {processor.py:925} INFO - DAG(s) 'tutorial_dag' retrieved from /home/airflow/.local/lib/python3.12/site-packages/airflow/example_dags/tutorial_dag.py
[2024-10-27T14:05:26.151+0000] {logging_mixin.py:190} INFO - [2024-10-27T14:05:26.151+0000] {dag.py:3239} INFO - Sync 1 DAGs
[2024-10-27T14:05:26.179+0000] {logging_mixin.py:190} INFO - [2024-10-27T14:05:26.179+0000] {dag.py:4180} INFO - Setting next_dagrun for tutorial_dag to None, run_after=None
[2024-10-27T14:05:26.231+0000] {processor.py:208} INFO - Processing /home/airflow/.local/lib/python3.12/site-packages/airflow/example_dags/tutorial_dag.py took 0.142 seconds
[2024-10-27T14:05:56.613+0000] {processor.py:186} INFO - Started process (PID=1524) to work on /home/airflow/.local/lib/python3.12/site-packages/airflow/example_dags/tutorial_dag.py
[2024-10-27T14:05:56.615+0000] {processor.py:914} INFO - Processing file /home/airflow/.local/lib/python3.12/site-packages/airflow/example_dags/tutorial_dag.py for tasks to queue
[2024-10-27T14:05:56.621+0000] {logging_mixin.py:190} INFO - [2024-10-27T14:05:56.621+0000] {dagbag.py:588} INFO - Filling up the DagBag from /home/airflow/.local/lib/python3.12/site-packages/airflow/example_dags/tutorial_dag.py
[2024-10-27T14:05:56.633+0000] {processor.py:925} INFO - DAG(s) 'tutorial_dag' retrieved from /home/airflow/.local/lib/python3.12/site-packages/airflow/example_dags/tutorial_dag.py
[2024-10-27T14:05:56.671+0000] {logging_mixin.py:190} INFO - [2024-10-27T14:05:56.671+0000] {dag.py:3239} INFO - Sync 1 DAGs
[2024-10-27T14:05:56.701+0000] {logging_mixin.py:190} INFO - [2024-10-27T14:05:56.700+0000] {dag.py:4180} INFO - Setting next_dagrun for tutorial_dag to None, run_after=None
[2024-10-27T14:05:57.250+0000] {processor.py:208} INFO - Processing /home/airflow/.local/lib/python3.12/site-packages/airflow/example_dags/tutorial_dag.py took 0.648 seconds
[2024-10-27T14:06:28.098+0000] {processor.py:186} INFO - Started process (PID=1586) to work on /home/airflow/.local/lib/python3.12/site-packages/airflow/example_dags/tutorial_dag.py
[2024-10-27T14:06:28.100+0000] {processor.py:914} INFO - Processing file /home/airflow/.local/lib/python3.12/site-packages/airflow/example_dags/tutorial_dag.py for tasks to queue
[2024-10-27T14:06:28.105+0000] {logging_mixin.py:190} INFO - [2024-10-27T14:06:28.104+0000] {dagbag.py:588} INFO - Filling up the DagBag from /home/airflow/.local/lib/python3.12/site-packages/airflow/example_dags/tutorial_dag.py
[2024-10-27T14:06:28.119+0000] {processor.py:925} INFO - DAG(s) 'tutorial_dag' retrieved from /home/airflow/.local/lib/python3.12/site-packages/airflow/example_dags/tutorial_dag.py
[2024-10-27T14:06:28.156+0000] {logging_mixin.py:190} INFO - [2024-10-27T14:06:28.156+0000] {dag.py:3239} INFO - Sync 1 DAGs
[2024-10-27T14:06:28.193+0000] {logging_mixin.py:190} INFO - [2024-10-27T14:06:28.192+0000] {dag.py:4180} INFO - Setting next_dagrun for tutorial_dag to None, run_after=None
[2024-10-27T14:06:28.248+0000] {processor.py:208} INFO - Processing /home/airflow/.local/lib/python3.12/site-packages/airflow/example_dags/tutorial_dag.py took 0.171 seconds
[2024-10-27T14:07:03.801+0000] {processor.py:186} INFO - Started process (PID=1650) to work on /home/airflow/.local/lib/python3.12/site-packages/airflow/example_dags/tutorial_dag.py
[2024-10-27T14:07:03.803+0000] {processor.py:914} INFO - Processing file /home/airflow/.local/lib/python3.12/site-packages/airflow/example_dags/tutorial_dag.py for tasks to queue
[2024-10-27T14:07:03.806+0000] {logging_mixin.py:190} INFO - [2024-10-27T14:07:03.806+0000] {dagbag.py:588} INFO - Filling up the DagBag from /home/airflow/.local/lib/python3.12/site-packages/airflow/example_dags/tutorial_dag.py
[2024-10-27T14:07:03.815+0000] {processor.py:925} INFO - DAG(s) 'tutorial_dag' retrieved from /home/airflow/.local/lib/python3.12/site-packages/airflow/example_dags/tutorial_dag.py
[2024-10-27T14:07:03.844+0000] {logging_mixin.py:190} INFO - [2024-10-27T14:07:03.844+0000] {dag.py:3239} INFO - Sync 1 DAGs
[2024-10-27T14:07:04.190+0000] {logging_mixin.py:190} INFO - [2024-10-27T14:07:04.189+0000] {dag.py:4180} INFO - Setting next_dagrun for tutorial_dag to None, run_after=None
[2024-10-27T14:07:04.725+0000] {processor.py:208} INFO - Processing /home/airflow/.local/lib/python3.12/site-packages/airflow/example_dags/tutorial_dag.py took 0.931 seconds
[2024-10-27T14:07:35.614+0000] {processor.py:186} INFO - Started process (PID=1712) to work on /home/airflow/.local/lib/python3.12/site-packages/airflow/example_dags/tutorial_dag.py
[2024-10-27T14:07:35.624+0000] {processor.py:914} INFO - Processing file /home/airflow/.local/lib/python3.12/site-packages/airflow/example_dags/tutorial_dag.py for tasks to queue
[2024-10-27T14:07:35.640+0000] {logging_mixin.py:190} INFO - [2024-10-27T14:07:35.639+0000] {dagbag.py:588} INFO - Filling up the DagBag from /home/airflow/.local/lib/python3.12/site-packages/airflow/example_dags/tutorial_dag.py
[2024-10-27T14:07:35.678+0000] {processor.py:925} INFO - DAG(s) 'tutorial_dag' retrieved from /home/airflow/.local/lib/python3.12/site-packages/airflow/example_dags/tutorial_dag.py
[2024-10-27T14:07:35.727+0000] {logging_mixin.py:190} INFO - [2024-10-27T14:07:35.726+0000] {dag.py:3239} INFO - Sync 1 DAGs
[2024-10-27T14:07:35.768+0000] {logging_mixin.py:190} INFO - [2024-10-27T14:07:35.767+0000] {dag.py:4180} INFO - Setting next_dagrun for tutorial_dag to None, run_after=None
[2024-10-27T14:07:35.824+0000] {processor.py:208} INFO - Processing /home/airflow/.local/lib/python3.12/site-packages/airflow/example_dags/tutorial_dag.py took 0.227 seconds
[2024-10-27T14:08:05.988+0000] {processor.py:186} INFO - Started process (PID=1775) to work on /home/airflow/.local/lib/python3.12/site-packages/airflow/example_dags/tutorial_dag.py
[2024-10-27T14:08:05.990+0000] {processor.py:914} INFO - Processing file /home/airflow/.local/lib/python3.12/site-packages/airflow/example_dags/tutorial_dag.py for tasks to queue
[2024-10-27T14:08:05.995+0000] {logging_mixin.py:190} INFO - [2024-10-27T14:08:05.994+0000] {dagbag.py:588} INFO - Filling up the DagBag from /home/airflow/.local/lib/python3.12/site-packages/airflow/example_dags/tutorial_dag.py
[2024-10-27T14:08:06.010+0000] {processor.py:925} INFO - DAG(s) 'tutorial_dag' retrieved from /home/airflow/.local/lib/python3.12/site-packages/airflow/example_dags/tutorial_dag.py
[2024-10-27T14:08:06.038+0000] {logging_mixin.py:190} INFO - [2024-10-27T14:08:06.038+0000] {dag.py:3239} INFO - Sync 1 DAGs
[2024-10-27T14:08:06.057+0000] {logging_mixin.py:190} INFO - [2024-10-27T14:08:06.057+0000] {dag.py:4180} INFO - Setting next_dagrun for tutorial_dag to None, run_after=None
[2024-10-27T14:08:06.265+0000] {processor.py:208} INFO - Processing /home/airflow/.local/lib/python3.12/site-packages/airflow/example_dags/tutorial_dag.py took 0.289 seconds
[2024-10-27T14:08:37.697+0000] {processor.py:186} INFO - Started process (PID=1837) to work on /home/airflow/.local/lib/python3.12/site-packages/airflow/example_dags/tutorial_dag.py
[2024-10-27T14:08:37.698+0000] {processor.py:914} INFO - Processing file /home/airflow/.local/lib/python3.12/site-packages/airflow/example_dags/tutorial_dag.py for tasks to queue
[2024-10-27T14:08:37.702+0000] {logging_mixin.py:190} INFO - [2024-10-27T14:08:37.702+0000] {dagbag.py:588} INFO - Filling up the DagBag from /home/airflow/.local/lib/python3.12/site-packages/airflow/example_dags/tutorial_dag.py
[2024-10-27T14:08:37.719+0000] {processor.py:925} INFO - DAG(s) 'tutorial_dag' retrieved from /home/airflow/.local/lib/python3.12/site-packages/airflow/example_dags/tutorial_dag.py
[2024-10-27T14:08:37.770+0000] {logging_mixin.py:190} INFO - [2024-10-27T14:08:37.770+0000] {dag.py:3239} INFO - Sync 1 DAGs
[2024-10-27T14:08:37.817+0000] {logging_mixin.py:190} INFO - [2024-10-27T14:08:37.816+0000] {dag.py:4180} INFO - Setting next_dagrun for tutorial_dag to None, run_after=None
[2024-10-27T14:08:37.886+0000] {processor.py:208} INFO - Processing /home/airflow/.local/lib/python3.12/site-packages/airflow/example_dags/tutorial_dag.py took 0.205 seconds
[2024-10-27T14:09:09.013+0000] {processor.py:186} INFO - Started process (PID=1902) to work on /home/airflow/.local/lib/python3.12/site-packages/airflow/example_dags/tutorial_dag.py
[2024-10-27T14:09:09.015+0000] {processor.py:914} INFO - Processing file /home/airflow/.local/lib/python3.12/site-packages/airflow/example_dags/tutorial_dag.py for tasks to queue
[2024-10-27T14:09:09.018+0000] {logging_mixin.py:190} INFO - [2024-10-27T14:09:09.018+0000] {dagbag.py:588} INFO - Filling up the DagBag from /home/airflow/.local/lib/python3.12/site-packages/airflow/example_dags/tutorial_dag.py
[2024-10-27T14:09:09.034+0000] {processor.py:925} INFO - DAG(s) 'tutorial_dag' retrieved from /home/airflow/.local/lib/python3.12/site-packages/airflow/example_dags/tutorial_dag.py
[2024-10-27T14:09:09.067+0000] {logging_mixin.py:190} INFO - [2024-10-27T14:09:09.067+0000] {dag.py:3239} INFO - Sync 1 DAGs
[2024-10-27T14:09:09.096+0000] {logging_mixin.py:190} INFO - [2024-10-27T14:09:09.095+0000] {dag.py:4180} INFO - Setting next_dagrun for tutorial_dag to None, run_after=None
[2024-10-27T14:09:09.139+0000] {processor.py:208} INFO - Processing /home/airflow/.local/lib/python3.12/site-packages/airflow/example_dags/tutorial_dag.py took 0.135 seconds
[2024-10-27T14:09:40.186+0000] {processor.py:186} INFO - Started process (PID=1963) to work on /home/airflow/.local/lib/python3.12/site-packages/airflow/example_dags/tutorial_dag.py
[2024-10-27T14:09:40.188+0000] {processor.py:914} INFO - Processing file /home/airflow/.local/lib/python3.12/site-packages/airflow/example_dags/tutorial_dag.py for tasks to queue
[2024-10-27T14:09:40.192+0000] {logging_mixin.py:190} INFO - [2024-10-27T14:09:40.191+0000] {dagbag.py:588} INFO - Filling up the DagBag from /home/airflow/.local/lib/python3.12/site-packages/airflow/example_dags/tutorial_dag.py
[2024-10-27T14:09:40.206+0000] {processor.py:925} INFO - DAG(s) 'tutorial_dag' retrieved from /home/airflow/.local/lib/python3.12/site-packages/airflow/example_dags/tutorial_dag.py
[2024-10-27T14:09:40.240+0000] {logging_mixin.py:190} INFO - [2024-10-27T14:09:40.240+0000] {dag.py:3239} INFO - Sync 1 DAGs
[2024-10-27T14:09:40.265+0000] {logging_mixin.py:190} INFO - [2024-10-27T14:09:40.265+0000] {dag.py:4180} INFO - Setting next_dagrun for tutorial_dag to None, run_after=None
[2024-10-27T14:09:40.324+0000] {processor.py:208} INFO - Processing /home/airflow/.local/lib/python3.12/site-packages/airflow/example_dags/tutorial_dag.py took 0.148 seconds
[2024-10-27T14:10:11.727+0000] {processor.py:186} INFO - Started process (PID=2033) to work on /home/airflow/.local/lib/python3.12/site-packages/airflow/example_dags/tutorial_dag.py
[2024-10-27T14:10:11.729+0000] {processor.py:914} INFO - Processing file /home/airflow/.local/lib/python3.12/site-packages/airflow/example_dags/tutorial_dag.py for tasks to queue
[2024-10-27T14:10:11.735+0000] {logging_mixin.py:190} INFO - [2024-10-27T14:10:11.734+0000] {dagbag.py:588} INFO - Filling up the DagBag from /home/airflow/.local/lib/python3.12/site-packages/airflow/example_dags/tutorial_dag.py
[2024-10-27T14:10:11.748+0000] {processor.py:925} INFO - DAG(s) 'tutorial_dag' retrieved from /home/airflow/.local/lib/python3.12/site-packages/airflow/example_dags/tutorial_dag.py
[2024-10-27T14:10:11.796+0000] {logging_mixin.py:190} INFO - [2024-10-27T14:10:11.796+0000] {dag.py:3239} INFO - Sync 1 DAGs
[2024-10-27T14:10:11.825+0000] {logging_mixin.py:190} INFO - [2024-10-27T14:10:11.825+0000] {dag.py:4180} INFO - Setting next_dagrun for tutorial_dag to None, run_after=None
[2024-10-27T14:10:11.915+0000] {processor.py:208} INFO - Processing /home/airflow/.local/lib/python3.12/site-packages/airflow/example_dags/tutorial_dag.py took 0.201 seconds
[2024-10-27T14:10:42.326+0000] {processor.py:186} INFO - Started process (PID=2095) to work on /home/airflow/.local/lib/python3.12/site-packages/airflow/example_dags/tutorial_dag.py
[2024-10-27T14:10:42.327+0000] {processor.py:914} INFO - Processing file /home/airflow/.local/lib/python3.12/site-packages/airflow/example_dags/tutorial_dag.py for tasks to queue
[2024-10-27T14:10:42.332+0000] {logging_mixin.py:190} INFO - [2024-10-27T14:10:42.332+0000] {dagbag.py:588} INFO - Filling up the DagBag from /home/airflow/.local/lib/python3.12/site-packages/airflow/example_dags/tutorial_dag.py
[2024-10-27T14:10:42.346+0000] {processor.py:925} INFO - DAG(s) 'tutorial_dag' retrieved from /home/airflow/.local/lib/python3.12/site-packages/airflow/example_dags/tutorial_dag.py
[2024-10-27T14:10:42.376+0000] {logging_mixin.py:190} INFO - [2024-10-27T14:10:42.376+0000] {dag.py:3239} INFO - Sync 1 DAGs
[2024-10-27T14:10:42.397+0000] {logging_mixin.py:190} INFO - [2024-10-27T14:10:42.397+0000] {dag.py:4180} INFO - Setting next_dagrun for tutorial_dag to None, run_after=None
[2024-10-27T14:10:42.492+0000] {processor.py:208} INFO - Processing /home/airflow/.local/lib/python3.12/site-packages/airflow/example_dags/tutorial_dag.py took 0.175 seconds
[2024-10-27T14:11:13.066+0000] {processor.py:186} INFO - Started process (PID=2157) to work on /home/airflow/.local/lib/python3.12/site-packages/airflow/example_dags/tutorial_dag.py
[2024-10-27T14:11:13.068+0000] {processor.py:914} INFO - Processing file /home/airflow/.local/lib/python3.12/site-packages/airflow/example_dags/tutorial_dag.py for tasks to queue
[2024-10-27T14:11:13.072+0000] {logging_mixin.py:190} INFO - [2024-10-27T14:11:13.071+0000] {dagbag.py:588} INFO - Filling up the DagBag from /home/airflow/.local/lib/python3.12/site-packages/airflow/example_dags/tutorial_dag.py
[2024-10-27T14:11:13.085+0000] {processor.py:925} INFO - DAG(s) 'tutorial_dag' retrieved from /home/airflow/.local/lib/python3.12/site-packages/airflow/example_dags/tutorial_dag.py
[2024-10-27T14:11:13.114+0000] {logging_mixin.py:190} INFO - [2024-10-27T14:11:13.114+0000] {dag.py:3239} INFO - Sync 1 DAGs
[2024-10-27T14:11:13.143+0000] {logging_mixin.py:190} INFO - [2024-10-27T14:11:13.143+0000] {dag.py:4180} INFO - Setting next_dagrun for tutorial_dag to None, run_after=None
[2024-10-27T14:11:13.285+0000] {processor.py:208} INFO - Processing /home/airflow/.local/lib/python3.12/site-packages/airflow/example_dags/tutorial_dag.py took 0.229 seconds
[2024-10-27T14:11:43.522+0000] {processor.py:186} INFO - Started process (PID=2218) to work on /home/airflow/.local/lib/python3.12/site-packages/airflow/example_dags/tutorial_dag.py
[2024-10-27T14:11:43.523+0000] {processor.py:914} INFO - Processing file /home/airflow/.local/lib/python3.12/site-packages/airflow/example_dags/tutorial_dag.py for tasks to queue
[2024-10-27T14:11:43.526+0000] {logging_mixin.py:190} INFO - [2024-10-27T14:11:43.526+0000] {dagbag.py:588} INFO - Filling up the DagBag from /home/airflow/.local/lib/python3.12/site-packages/airflow/example_dags/tutorial_dag.py
[2024-10-27T14:11:43.537+0000] {processor.py:925} INFO - DAG(s) 'tutorial_dag' retrieved from /home/airflow/.local/lib/python3.12/site-packages/airflow/example_dags/tutorial_dag.py
[2024-10-27T14:11:43.568+0000] {logging_mixin.py:190} INFO - [2024-10-27T14:11:43.568+0000] {dag.py:3239} INFO - Sync 1 DAGs
[2024-10-27T14:11:43.600+0000] {logging_mixin.py:190} INFO - [2024-10-27T14:11:43.600+0000] {dag.py:4180} INFO - Setting next_dagrun for tutorial_dag to None, run_after=None
[2024-10-27T14:11:44.037+0000] {processor.py:208} INFO - Processing /home/airflow/.local/lib/python3.12/site-packages/airflow/example_dags/tutorial_dag.py took 0.524 seconds
[2024-10-27T14:12:14.895+0000] {processor.py:186} INFO - Started process (PID=2287) to work on /home/airflow/.local/lib/python3.12/site-packages/airflow/example_dags/tutorial_dag.py
[2024-10-27T14:12:14.902+0000] {processor.py:914} INFO - Processing file /home/airflow/.local/lib/python3.12/site-packages/airflow/example_dags/tutorial_dag.py for tasks to queue
[2024-10-27T14:12:14.909+0000] {logging_mixin.py:190} INFO - [2024-10-27T14:12:14.908+0000] {dagbag.py:588} INFO - Filling up the DagBag from /home/airflow/.local/lib/python3.12/site-packages/airflow/example_dags/tutorial_dag.py
[2024-10-27T14:12:14.948+0000] {processor.py:925} INFO - DAG(s) 'tutorial_dag' retrieved from /home/airflow/.local/lib/python3.12/site-packages/airflow/example_dags/tutorial_dag.py
[2024-10-27T14:12:15.045+0000] {logging_mixin.py:190} INFO - [2024-10-27T14:12:15.045+0000] {dag.py:3239} INFO - Sync 1 DAGs
[2024-10-27T14:12:15.099+0000] {logging_mixin.py:190} INFO - [2024-10-27T14:12:15.099+0000] {dag.py:4180} INFO - Setting next_dagrun for tutorial_dag to None, run_after=None
[2024-10-27T14:12:15.168+0000] {processor.py:208} INFO - Processing /home/airflow/.local/lib/python3.12/site-packages/airflow/example_dags/tutorial_dag.py took 0.297 seconds
[2024-10-27T14:12:45.734+0000] {processor.py:186} INFO - Started process (PID=2348) to work on /home/airflow/.local/lib/python3.12/site-packages/airflow/example_dags/tutorial_dag.py
[2024-10-27T14:12:45.736+0000] {processor.py:914} INFO - Processing file /home/airflow/.local/lib/python3.12/site-packages/airflow/example_dags/tutorial_dag.py for tasks to queue
[2024-10-27T14:12:45.740+0000] {logging_mixin.py:190} INFO - [2024-10-27T14:12:45.739+0000] {dagbag.py:588} INFO - Filling up the DagBag from /home/airflow/.local/lib/python3.12/site-packages/airflow/example_dags/tutorial_dag.py
[2024-10-27T14:12:45.750+0000] {processor.py:925} INFO - DAG(s) 'tutorial_dag' retrieved from /home/airflow/.local/lib/python3.12/site-packages/airflow/example_dags/tutorial_dag.py
[2024-10-27T14:12:45.779+0000] {logging_mixin.py:190} INFO - [2024-10-27T14:12:45.779+0000] {dag.py:3239} INFO - Sync 1 DAGs
[2024-10-27T14:12:45.807+0000] {logging_mixin.py:190} INFO - [2024-10-27T14:12:45.807+0000] {dag.py:4180} INFO - Setting next_dagrun for tutorial_dag to None, run_after=None
[2024-10-27T14:12:45.844+0000] {processor.py:208} INFO - Processing /home/airflow/.local/lib/python3.12/site-packages/airflow/example_dags/tutorial_dag.py took 0.121 seconds
[2024-10-27T14:13:16.641+0000] {processor.py:186} INFO - Started process (PID=2409) to work on /home/airflow/.local/lib/python3.12/site-packages/airflow/example_dags/tutorial_dag.py
[2024-10-27T14:13:16.642+0000] {processor.py:914} INFO - Processing file /home/airflow/.local/lib/python3.12/site-packages/airflow/example_dags/tutorial_dag.py for tasks to queue
[2024-10-27T14:13:16.646+0000] {logging_mixin.py:190} INFO - [2024-10-27T14:13:16.645+0000] {dagbag.py:588} INFO - Filling up the DagBag from /home/airflow/.local/lib/python3.12/site-packages/airflow/example_dags/tutorial_dag.py
[2024-10-27T14:13:16.656+0000] {processor.py:925} INFO - DAG(s) 'tutorial_dag' retrieved from /home/airflow/.local/lib/python3.12/site-packages/airflow/example_dags/tutorial_dag.py
[2024-10-27T14:13:16.680+0000] {logging_mixin.py:190} INFO - [2024-10-27T14:13:16.680+0000] {dag.py:3239} INFO - Sync 1 DAGs
[2024-10-27T14:13:16.698+0000] {logging_mixin.py:190} INFO - [2024-10-27T14:13:16.698+0000] {dag.py:4180} INFO - Setting next_dagrun for tutorial_dag to None, run_after=None
[2024-10-27T14:13:16.918+0000] {processor.py:208} INFO - Processing /home/airflow/.local/lib/python3.12/site-packages/airflow/example_dags/tutorial_dag.py took 0.287 seconds
[2024-10-27T14:13:47.403+0000] {processor.py:186} INFO - Started process (PID=2468) to work on /home/airflow/.local/lib/python3.12/site-packages/airflow/example_dags/tutorial_dag.py
[2024-10-27T14:13:47.406+0000] {processor.py:914} INFO - Processing file /home/airflow/.local/lib/python3.12/site-packages/airflow/example_dags/tutorial_dag.py for tasks to queue
[2024-10-27T14:13:47.413+0000] {logging_mixin.py:190} INFO - [2024-10-27T14:13:47.412+0000] {dagbag.py:588} INFO - Filling up the DagBag from /home/airflow/.local/lib/python3.12/site-packages/airflow/example_dags/tutorial_dag.py
[2024-10-27T14:13:47.429+0000] {processor.py:925} INFO - DAG(s) 'tutorial_dag' retrieved from /home/airflow/.local/lib/python3.12/site-packages/airflow/example_dags/tutorial_dag.py
[2024-10-27T14:13:47.459+0000] {logging_mixin.py:190} INFO - [2024-10-27T14:13:47.459+0000] {dag.py:3239} INFO - Sync 1 DAGs
[2024-10-27T14:13:47.488+0000] {logging_mixin.py:190} INFO - [2024-10-27T14:13:47.488+0000] {dag.py:4180} INFO - Setting next_dagrun for tutorial_dag to None, run_after=None
[2024-10-27T14:13:47.806+0000] {processor.py:208} INFO - Processing /home/airflow/.local/lib/python3.12/site-packages/airflow/example_dags/tutorial_dag.py took 0.415 seconds
[2024-10-27T14:14:17.889+0000] {processor.py:186} INFO - Started process (PID=2530) to work on /home/airflow/.local/lib/python3.12/site-packages/airflow/example_dags/tutorial_dag.py
[2024-10-27T14:14:17.890+0000] {processor.py:914} INFO - Processing file /home/airflow/.local/lib/python3.12/site-packages/airflow/example_dags/tutorial_dag.py for tasks to queue
[2024-10-27T14:14:17.894+0000] {logging_mixin.py:190} INFO - [2024-10-27T14:14:17.893+0000] {dagbag.py:588} INFO - Filling up the DagBag from /home/airflow/.local/lib/python3.12/site-packages/airflow/example_dags/tutorial_dag.py
[2024-10-27T14:14:17.904+0000] {processor.py:925} INFO - DAG(s) 'tutorial_dag' retrieved from /home/airflow/.local/lib/python3.12/site-packages/airflow/example_dags/tutorial_dag.py
[2024-10-27T14:14:17.932+0000] {logging_mixin.py:190} INFO - [2024-10-27T14:14:17.932+0000] {dag.py:3239} INFO - Sync 1 DAGs
[2024-10-27T14:14:17.963+0000] {logging_mixin.py:190} INFO - [2024-10-27T14:14:17.962+0000] {dag.py:4180} INFO - Setting next_dagrun for tutorial_dag to None, run_after=None
[2024-10-27T14:14:18.055+0000] {processor.py:208} INFO - Processing /home/airflow/.local/lib/python3.12/site-packages/airflow/example_dags/tutorial_dag.py took 0.175 seconds
[2024-10-27T14:14:48.784+0000] {processor.py:186} INFO - Started process (PID=2592) to work on /home/airflow/.local/lib/python3.12/site-packages/airflow/example_dags/tutorial_dag.py
[2024-10-27T14:14:48.785+0000] {processor.py:914} INFO - Processing file /home/airflow/.local/lib/python3.12/site-packages/airflow/example_dags/tutorial_dag.py for tasks to queue
[2024-10-27T14:14:48.790+0000] {logging_mixin.py:190} INFO - [2024-10-27T14:14:48.789+0000] {dagbag.py:588} INFO - Filling up the DagBag from /home/airflow/.local/lib/python3.12/site-packages/airflow/example_dags/tutorial_dag.py
[2024-10-27T14:14:48.804+0000] {processor.py:925} INFO - DAG(s) 'tutorial_dag' retrieved from /home/airflow/.local/lib/python3.12/site-packages/airflow/example_dags/tutorial_dag.py
[2024-10-27T14:14:48.830+0000] {logging_mixin.py:190} INFO - [2024-10-27T14:14:48.830+0000] {dag.py:3239} INFO - Sync 1 DAGs
[2024-10-27T14:14:48.851+0000] {logging_mixin.py:190} INFO - [2024-10-27T14:14:48.851+0000] {dag.py:4180} INFO - Setting next_dagrun for tutorial_dag to None, run_after=None
[2024-10-27T14:14:49.076+0000] {processor.py:208} INFO - Processing /home/airflow/.local/lib/python3.12/site-packages/airflow/example_dags/tutorial_dag.py took 0.300 seconds
[2024-10-27T14:15:19.391+0000] {processor.py:186} INFO - Started process (PID=2654) to work on /home/airflow/.local/lib/python3.12/site-packages/airflow/example_dags/tutorial_dag.py
[2024-10-27T14:15:19.393+0000] {processor.py:914} INFO - Processing file /home/airflow/.local/lib/python3.12/site-packages/airflow/example_dags/tutorial_dag.py for tasks to queue
[2024-10-27T14:15:19.395+0000] {logging_mixin.py:190} INFO - [2024-10-27T14:15:19.395+0000] {dagbag.py:588} INFO - Filling up the DagBag from /home/airflow/.local/lib/python3.12/site-packages/airflow/example_dags/tutorial_dag.py
[2024-10-27T14:15:19.404+0000] {processor.py:925} INFO - DAG(s) 'tutorial_dag' retrieved from /home/airflow/.local/lib/python3.12/site-packages/airflow/example_dags/tutorial_dag.py
[2024-10-27T14:15:19.432+0000] {logging_mixin.py:190} INFO - [2024-10-27T14:15:19.431+0000] {dag.py:3239} INFO - Sync 1 DAGs
[2024-10-27T14:15:19.455+0000] {logging_mixin.py:190} INFO - [2024-10-27T14:15:19.454+0000] {dag.py:4180} INFO - Setting next_dagrun for tutorial_dag to None, run_after=None
[2024-10-27T14:15:19.878+0000] {processor.py:208} INFO - Processing /home/airflow/.local/lib/python3.12/site-packages/airflow/example_dags/tutorial_dag.py took 0.495 seconds
[2024-10-27T14:15:50.060+0000] {processor.py:186} INFO - Started process (PID=2716) to work on /home/airflow/.local/lib/python3.12/site-packages/airflow/example_dags/tutorial_dag.py
[2024-10-27T14:15:50.061+0000] {processor.py:914} INFO - Processing file /home/airflow/.local/lib/python3.12/site-packages/airflow/example_dags/tutorial_dag.py for tasks to queue
[2024-10-27T14:15:50.064+0000] {logging_mixin.py:190} INFO - [2024-10-27T14:15:50.064+0000] {dagbag.py:588} INFO - Filling up the DagBag from /home/airflow/.local/lib/python3.12/site-packages/airflow/example_dags/tutorial_dag.py
[2024-10-27T14:15:50.073+0000] {processor.py:925} INFO - DAG(s) 'tutorial_dag' retrieved from /home/airflow/.local/lib/python3.12/site-packages/airflow/example_dags/tutorial_dag.py
[2024-10-27T14:15:50.099+0000] {logging_mixin.py:190} INFO - [2024-10-27T14:15:50.099+0000] {dag.py:3239} INFO - Sync 1 DAGs
[2024-10-27T14:15:50.120+0000] {logging_mixin.py:190} INFO - [2024-10-27T14:15:50.120+0000] {dag.py:4180} INFO - Setting next_dagrun for tutorial_dag to None, run_after=None
[2024-10-27T14:15:50.495+0000] {processor.py:208} INFO - Processing /home/airflow/.local/lib/python3.12/site-packages/airflow/example_dags/tutorial_dag.py took 0.440 seconds
[2024-10-27T14:16:21.121+0000] {processor.py:186} INFO - Started process (PID=2778) to work on /home/airflow/.local/lib/python3.12/site-packages/airflow/example_dags/tutorial_dag.py
[2024-10-27T14:16:21.122+0000] {processor.py:914} INFO - Processing file /home/airflow/.local/lib/python3.12/site-packages/airflow/example_dags/tutorial_dag.py for tasks to queue
[2024-10-27T14:16:21.126+0000] {logging_mixin.py:190} INFO - [2024-10-27T14:16:21.125+0000] {dagbag.py:588} INFO - Filling up the DagBag from /home/airflow/.local/lib/python3.12/site-packages/airflow/example_dags/tutorial_dag.py
[2024-10-27T14:16:21.135+0000] {processor.py:925} INFO - DAG(s) 'tutorial_dag' retrieved from /home/airflow/.local/lib/python3.12/site-packages/airflow/example_dags/tutorial_dag.py
[2024-10-27T14:16:21.163+0000] {logging_mixin.py:190} INFO - [2024-10-27T14:16:21.163+0000] {dag.py:3239} INFO - Sync 1 DAGs
[2024-10-27T14:16:21.185+0000] {logging_mixin.py:190} INFO - [2024-10-27T14:16:21.184+0000] {dag.py:4180} INFO - Setting next_dagrun for tutorial_dag to None, run_after=None
[2024-10-27T14:16:21.490+0000] {processor.py:208} INFO - Processing /home/airflow/.local/lib/python3.12/site-packages/airflow/example_dags/tutorial_dag.py took 0.377 seconds
[2024-10-27T14:16:52.582+0000] {processor.py:186} INFO - Started process (PID=2840) to work on /home/airflow/.local/lib/python3.12/site-packages/airflow/example_dags/tutorial_dag.py
[2024-10-27T14:16:52.583+0000] {processor.py:914} INFO - Processing file /home/airflow/.local/lib/python3.12/site-packages/airflow/example_dags/tutorial_dag.py for tasks to queue
[2024-10-27T14:16:52.587+0000] {logging_mixin.py:190} INFO - [2024-10-27T14:16:52.587+0000] {dagbag.py:588} INFO - Filling up the DagBag from /home/airflow/.local/lib/python3.12/site-packages/airflow/example_dags/tutorial_dag.py
[2024-10-27T14:16:52.600+0000] {processor.py:925} INFO - DAG(s) 'tutorial_dag' retrieved from /home/airflow/.local/lib/python3.12/site-packages/airflow/example_dags/tutorial_dag.py
[2024-10-27T14:16:52.638+0000] {logging_mixin.py:190} INFO - [2024-10-27T14:16:52.638+0000] {dag.py:3239} INFO - Sync 1 DAGs
[2024-10-27T14:16:52.662+0000] {logging_mixin.py:190} INFO - [2024-10-27T14:16:52.662+0000] {dag.py:4180} INFO - Setting next_dagrun for tutorial_dag to None, run_after=None
[2024-10-27T14:16:52.912+0000] {processor.py:208} INFO - Processing /home/airflow/.local/lib/python3.12/site-packages/airflow/example_dags/tutorial_dag.py took 0.341 seconds
[2024-10-27T14:17:22.967+0000] {processor.py:186} INFO - Started process (PID=2902) to work on /home/airflow/.local/lib/python3.12/site-packages/airflow/example_dags/tutorial_dag.py
[2024-10-27T14:17:22.968+0000] {processor.py:914} INFO - Processing file /home/airflow/.local/lib/python3.12/site-packages/airflow/example_dags/tutorial_dag.py for tasks to queue
[2024-10-27T14:17:22.971+0000] {logging_mixin.py:190} INFO - [2024-10-27T14:17:22.971+0000] {dagbag.py:588} INFO - Filling up the DagBag from /home/airflow/.local/lib/python3.12/site-packages/airflow/example_dags/tutorial_dag.py
[2024-10-27T14:17:22.981+0000] {processor.py:925} INFO - DAG(s) 'tutorial_dag' retrieved from /home/airflow/.local/lib/python3.12/site-packages/airflow/example_dags/tutorial_dag.py
[2024-10-27T14:17:23.009+0000] {logging_mixin.py:190} INFO - [2024-10-27T14:17:23.009+0000] {dag.py:3239} INFO - Sync 1 DAGs
[2024-10-27T14:17:23.036+0000] {logging_mixin.py:190} INFO - [2024-10-27T14:17:23.036+0000] {dag.py:4180} INFO - Setting next_dagrun for tutorial_dag to None, run_after=None
[2024-10-27T14:17:23.101+0000] {processor.py:208} INFO - Processing /home/airflow/.local/lib/python3.12/site-packages/airflow/example_dags/tutorial_dag.py took 0.142 seconds
[2024-10-27T14:17:54.025+0000] {processor.py:186} INFO - Started process (PID=2963) to work on /home/airflow/.local/lib/python3.12/site-packages/airflow/example_dags/tutorial_dag.py
[2024-10-27T14:17:54.048+0000] {processor.py:914} INFO - Processing file /home/airflow/.local/lib/python3.12/site-packages/airflow/example_dags/tutorial_dag.py for tasks to queue
[2024-10-27T14:17:54.052+0000] {logging_mixin.py:190} INFO - [2024-10-27T14:17:54.051+0000] {dagbag.py:588} INFO - Filling up the DagBag from /home/airflow/.local/lib/python3.12/site-packages/airflow/example_dags/tutorial_dag.py
[2024-10-27T14:17:54.064+0000] {processor.py:925} INFO - DAG(s) 'tutorial_dag' retrieved from /home/airflow/.local/lib/python3.12/site-packages/airflow/example_dags/tutorial_dag.py
[2024-10-27T14:17:54.093+0000] {logging_mixin.py:190} INFO - [2024-10-27T14:17:54.093+0000] {dag.py:3239} INFO - Sync 1 DAGs
[2024-10-27T14:17:54.119+0000] {logging_mixin.py:190} INFO - [2024-10-27T14:17:54.119+0000] {dag.py:4180} INFO - Setting next_dagrun for tutorial_dag to None, run_after=None
[2024-10-27T14:17:54.162+0000] {processor.py:208} INFO - Processing /home/airflow/.local/lib/python3.12/site-packages/airflow/example_dags/tutorial_dag.py took 0.145 seconds
[2024-10-27T14:18:25.396+0000] {processor.py:186} INFO - Started process (PID=3025) to work on /home/airflow/.local/lib/python3.12/site-packages/airflow/example_dags/tutorial_dag.py
[2024-10-27T14:18:25.477+0000] {processor.py:914} INFO - Processing file /home/airflow/.local/lib/python3.12/site-packages/airflow/example_dags/tutorial_dag.py for tasks to queue
[2024-10-27T14:18:25.482+0000] {logging_mixin.py:190} INFO - [2024-10-27T14:18:25.481+0000] {dagbag.py:588} INFO - Filling up the DagBag from /home/airflow/.local/lib/python3.12/site-packages/airflow/example_dags/tutorial_dag.py
[2024-10-27T14:18:25.506+0000] {processor.py:925} INFO - DAG(s) 'tutorial_dag' retrieved from /home/airflow/.local/lib/python3.12/site-packages/airflow/example_dags/tutorial_dag.py
[2024-10-27T14:18:25.567+0000] {logging_mixin.py:190} INFO - [2024-10-27T14:18:25.566+0000] {dag.py:3239} INFO - Sync 1 DAGs
[2024-10-27T14:18:25.630+0000] {logging_mixin.py:190} INFO - [2024-10-27T14:18:25.630+0000] {dag.py:4180} INFO - Setting next_dagrun for tutorial_dag to None, run_after=None
[2024-10-27T14:18:26.229+0000] {processor.py:208} INFO - Processing /home/airflow/.local/lib/python3.12/site-packages/airflow/example_dags/tutorial_dag.py took 0.843 seconds
[2024-10-27T14:18:57.547+0000] {processor.py:186} INFO - Started process (PID=3088) to work on /home/airflow/.local/lib/python3.12/site-packages/airflow/example_dags/tutorial_dag.py
[2024-10-27T14:18:57.588+0000] {processor.py:914} INFO - Processing file /home/airflow/.local/lib/python3.12/site-packages/airflow/example_dags/tutorial_dag.py for tasks to queue
[2024-10-27T14:18:57.594+0000] {logging_mixin.py:190} INFO - [2024-10-27T14:18:57.594+0000] {dagbag.py:588} INFO - Filling up the DagBag from /home/airflow/.local/lib/python3.12/site-packages/airflow/example_dags/tutorial_dag.py
[2024-10-27T14:18:57.662+0000] {processor.py:925} INFO - DAG(s) 'tutorial_dag' retrieved from /home/airflow/.local/lib/python3.12/site-packages/airflow/example_dags/tutorial_dag.py
[2024-10-27T14:18:57.823+0000] {logging_mixin.py:190} INFO - [2024-10-27T14:18:57.823+0000] {dag.py:3239} INFO - Sync 1 DAGs
[2024-10-27T14:18:57.876+0000] {logging_mixin.py:190} INFO - [2024-10-27T14:18:57.875+0000] {dag.py:4180} INFO - Setting next_dagrun for tutorial_dag to None, run_after=None
[2024-10-27T14:18:57.946+0000] {processor.py:208} INFO - Processing /home/airflow/.local/lib/python3.12/site-packages/airflow/example_dags/tutorial_dag.py took 0.434 seconds
[2024-10-27T14:19:28.031+0000] {processor.py:186} INFO - Started process (PID=3150) to work on /home/airflow/.local/lib/python3.12/site-packages/airflow/example_dags/tutorial_dag.py
[2024-10-27T14:19:28.090+0000] {processor.py:914} INFO - Processing file /home/airflow/.local/lib/python3.12/site-packages/airflow/example_dags/tutorial_dag.py for tasks to queue
[2024-10-27T14:19:28.096+0000] {logging_mixin.py:190} INFO - [2024-10-27T14:19:28.095+0000] {dagbag.py:588} INFO - Filling up the DagBag from /home/airflow/.local/lib/python3.12/site-packages/airflow/example_dags/tutorial_dag.py
[2024-10-27T14:19:28.125+0000] {processor.py:925} INFO - DAG(s) 'tutorial_dag' retrieved from /home/airflow/.local/lib/python3.12/site-packages/airflow/example_dags/tutorial_dag.py
[2024-10-27T14:19:28.160+0000] {logging_mixin.py:190} INFO - [2024-10-27T14:19:28.160+0000] {dag.py:3239} INFO - Sync 1 DAGs
[2024-10-27T14:19:28.206+0000] {logging_mixin.py:190} INFO - [2024-10-27T14:19:28.206+0000] {dag.py:4180} INFO - Setting next_dagrun for tutorial_dag to None, run_after=None
[2024-10-27T14:19:28.276+0000] {processor.py:208} INFO - Processing /home/airflow/.local/lib/python3.12/site-packages/airflow/example_dags/tutorial_dag.py took 0.262 seconds
[2024-10-27T14:19:58.520+0000] {processor.py:186} INFO - Started process (PID=3212) to work on /home/airflow/.local/lib/python3.12/site-packages/airflow/example_dags/tutorial_dag.py
[2024-10-27T14:19:58.522+0000] {processor.py:914} INFO - Processing file /home/airflow/.local/lib/python3.12/site-packages/airflow/example_dags/tutorial_dag.py for tasks to queue
[2024-10-27T14:19:58.528+0000] {logging_mixin.py:190} INFO - [2024-10-27T14:19:58.527+0000] {dagbag.py:588} INFO - Filling up the DagBag from /home/airflow/.local/lib/python3.12/site-packages/airflow/example_dags/tutorial_dag.py
[2024-10-27T14:19:58.584+0000] {processor.py:925} INFO - DAG(s) 'tutorial_dag' retrieved from /home/airflow/.local/lib/python3.12/site-packages/airflow/example_dags/tutorial_dag.py
[2024-10-27T14:19:58.670+0000] {logging_mixin.py:190} INFO - [2024-10-27T14:19:58.669+0000] {dag.py:3239} INFO - Sync 1 DAGs
[2024-10-27T14:19:58.741+0000] {logging_mixin.py:190} INFO - [2024-10-27T14:19:58.740+0000] {dag.py:4180} INFO - Setting next_dagrun for tutorial_dag to None, run_after=None
[2024-10-27T14:19:58.840+0000] {processor.py:208} INFO - Processing /home/airflow/.local/lib/python3.12/site-packages/airflow/example_dags/tutorial_dag.py took 0.333 seconds
[2024-10-27T14:20:29.923+0000] {processor.py:186} INFO - Started process (PID=3274) to work on /home/airflow/.local/lib/python3.12/site-packages/airflow/example_dags/tutorial_dag.py
[2024-10-27T14:20:29.930+0000] {processor.py:914} INFO - Processing file /home/airflow/.local/lib/python3.12/site-packages/airflow/example_dags/tutorial_dag.py for tasks to queue
[2024-10-27T14:20:29.947+0000] {logging_mixin.py:190} INFO - [2024-10-27T14:20:29.939+0000] {dagbag.py:588} INFO - Filling up the DagBag from /home/airflow/.local/lib/python3.12/site-packages/airflow/example_dags/tutorial_dag.py
[2024-10-27T14:20:29.988+0000] {processor.py:925} INFO - DAG(s) 'tutorial_dag' retrieved from /home/airflow/.local/lib/python3.12/site-packages/airflow/example_dags/tutorial_dag.py
[2024-10-27T14:20:30.103+0000] {logging_mixin.py:190} INFO - [2024-10-27T14:20:30.102+0000] {dag.py:3239} INFO - Sync 1 DAGs
[2024-10-27T14:20:30.209+0000] {logging_mixin.py:190} INFO - [2024-10-27T14:20:30.207+0000] {dag.py:4180} INFO - Setting next_dagrun for tutorial_dag to None, run_after=None
[2024-10-27T14:20:30.510+0000] {processor.py:208} INFO - Processing /home/airflow/.local/lib/python3.12/site-packages/airflow/example_dags/tutorial_dag.py took 0.626 seconds
[2024-10-27T14:21:14.130+0000] {processor.py:186} INFO - Started process (PID=3342) to work on /home/airflow/.local/lib/python3.12/site-packages/airflow/example_dags/tutorial_dag.py
[2024-10-27T14:21:14.151+0000] {processor.py:914} INFO - Processing file /home/airflow/.local/lib/python3.12/site-packages/airflow/example_dags/tutorial_dag.py for tasks to queue
[2024-10-27T14:21:14.158+0000] {logging_mixin.py:190} INFO - [2024-10-27T14:21:14.157+0000] {dagbag.py:588} INFO - Filling up the DagBag from /home/airflow/.local/lib/python3.12/site-packages/airflow/example_dags/tutorial_dag.py
[2024-10-27T14:21:14.176+0000] {processor.py:925} INFO - DAG(s) 'tutorial_dag' retrieved from /home/airflow/.local/lib/python3.12/site-packages/airflow/example_dags/tutorial_dag.py
[2024-10-27T14:21:14.231+0000] {logging_mixin.py:190} INFO - [2024-10-27T14:21:14.230+0000] {dag.py:3239} INFO - Sync 1 DAGs
[2024-10-27T14:21:14.289+0000] {logging_mixin.py:190} INFO - [2024-10-27T14:21:14.289+0000] {dag.py:4180} INFO - Setting next_dagrun for tutorial_dag to None, run_after=None
[2024-10-27T14:21:14.426+0000] {processor.py:208} INFO - Processing /home/airflow/.local/lib/python3.12/site-packages/airflow/example_dags/tutorial_dag.py took 0.317 seconds
[2024-10-27T14:21:52.796+0000] {processor.py:186} INFO - Started process (PID=3411) to work on /home/airflow/.local/lib/python3.12/site-packages/airflow/example_dags/tutorial_dag.py
[2024-10-27T14:21:52.844+0000] {processor.py:914} INFO - Processing file /home/airflow/.local/lib/python3.12/site-packages/airflow/example_dags/tutorial_dag.py for tasks to queue
[2024-10-27T14:21:52.861+0000] {logging_mixin.py:190} INFO - [2024-10-27T14:21:52.860+0000] {dagbag.py:588} INFO - Filling up the DagBag from /home/airflow/.local/lib/python3.12/site-packages/airflow/example_dags/tutorial_dag.py
[2024-10-27T14:21:52.958+0000] {processor.py:925} INFO - DAG(s) 'tutorial_dag' retrieved from /home/airflow/.local/lib/python3.12/site-packages/airflow/example_dags/tutorial_dag.py
[2024-10-27T14:21:53.094+0000] {logging_mixin.py:190} INFO - [2024-10-27T14:21:53.094+0000] {dag.py:3239} INFO - Sync 1 DAGs
[2024-10-27T14:21:53.163+0000] {logging_mixin.py:190} INFO - [2024-10-27T14:21:53.162+0000] {dag.py:4180} INFO - Setting next_dagrun for tutorial_dag to None, run_after=None
[2024-10-27T14:21:53.266+0000] {processor.py:208} INFO - Processing /home/airflow/.local/lib/python3.12/site-packages/airflow/example_dags/tutorial_dag.py took 0.509 seconds
[2024-10-27T14:22:23.729+0000] {processor.py:186} INFO - Started process (PID=3472) to work on /home/airflow/.local/lib/python3.12/site-packages/airflow/example_dags/tutorial_dag.py
[2024-10-27T14:22:23.782+0000] {processor.py:914} INFO - Processing file /home/airflow/.local/lib/python3.12/site-packages/airflow/example_dags/tutorial_dag.py for tasks to queue
[2024-10-27T14:22:23.792+0000] {logging_mixin.py:190} INFO - [2024-10-27T14:22:23.790+0000] {dagbag.py:588} INFO - Filling up the DagBag from /home/airflow/.local/lib/python3.12/site-packages/airflow/example_dags/tutorial_dag.py
[2024-10-27T14:22:23.830+0000] {processor.py:925} INFO - DAG(s) 'tutorial_dag' retrieved from /home/airflow/.local/lib/python3.12/site-packages/airflow/example_dags/tutorial_dag.py
[2024-10-27T14:22:23.910+0000] {logging_mixin.py:190} INFO - [2024-10-27T14:22:23.909+0000] {dag.py:3239} INFO - Sync 1 DAGs
[2024-10-27T14:22:23.969+0000] {logging_mixin.py:190} INFO - [2024-10-27T14:22:23.968+0000] {dag.py:4180} INFO - Setting next_dagrun for tutorial_dag to None, run_after=None
[2024-10-27T14:22:24.105+0000] {processor.py:208} INFO - Processing /home/airflow/.local/lib/python3.12/site-packages/airflow/example_dags/tutorial_dag.py took 0.404 seconds
[2024-10-27T14:22:54.624+0000] {processor.py:186} INFO - Started process (PID=3535) to work on /home/airflow/.local/lib/python3.12/site-packages/airflow/example_dags/tutorial_dag.py
[2024-10-27T14:22:54.626+0000] {processor.py:914} INFO - Processing file /home/airflow/.local/lib/python3.12/site-packages/airflow/example_dags/tutorial_dag.py for tasks to queue
[2024-10-27T14:22:54.643+0000] {logging_mixin.py:190} INFO - [2024-10-27T14:22:54.642+0000] {dagbag.py:588} INFO - Filling up the DagBag from /home/airflow/.local/lib/python3.12/site-packages/airflow/example_dags/tutorial_dag.py
[2024-10-27T14:22:54.658+0000] {processor.py:925} INFO - DAG(s) 'tutorial_dag' retrieved from /home/airflow/.local/lib/python3.12/site-packages/airflow/example_dags/tutorial_dag.py
[2024-10-27T14:22:54.700+0000] {logging_mixin.py:190} INFO - [2024-10-27T14:22:54.699+0000] {dag.py:3239} INFO - Sync 1 DAGs
[2024-10-27T14:22:54.727+0000] {logging_mixin.py:190} INFO - [2024-10-27T14:22:54.727+0000] {dag.py:4180} INFO - Setting next_dagrun for tutorial_dag to None, run_after=None
[2024-10-27T14:22:54.863+0000] {processor.py:208} INFO - Processing /home/airflow/.local/lib/python3.12/site-packages/airflow/example_dags/tutorial_dag.py took 0.249 seconds
[2024-10-27T14:23:26.565+0000] {processor.py:186} INFO - Started process (PID=3597) to work on /home/airflow/.local/lib/python3.12/site-packages/airflow/example_dags/tutorial_dag.py
[2024-10-27T14:23:26.566+0000] {processor.py:914} INFO - Processing file /home/airflow/.local/lib/python3.12/site-packages/airflow/example_dags/tutorial_dag.py for tasks to queue
[2024-10-27T14:23:26.570+0000] {logging_mixin.py:190} INFO - [2024-10-27T14:23:26.570+0000] {dagbag.py:588} INFO - Filling up the DagBag from /home/airflow/.local/lib/python3.12/site-packages/airflow/example_dags/tutorial_dag.py
[2024-10-27T14:23:26.586+0000] {processor.py:925} INFO - DAG(s) 'tutorial_dag' retrieved from /home/airflow/.local/lib/python3.12/site-packages/airflow/example_dags/tutorial_dag.py
[2024-10-27T14:23:26.625+0000] {logging_mixin.py:190} INFO - [2024-10-27T14:23:26.625+0000] {dag.py:3239} INFO - Sync 1 DAGs
[2024-10-27T14:23:26.974+0000] {logging_mixin.py:190} INFO - [2024-10-27T14:23:26.973+0000] {dag.py:4180} INFO - Setting next_dagrun for tutorial_dag to None, run_after=None
[2024-10-27T14:23:27.020+0000] {processor.py:208} INFO - Processing /home/airflow/.local/lib/python3.12/site-packages/airflow/example_dags/tutorial_dag.py took 0.467 seconds
[2024-10-27T14:23:57.448+0000] {processor.py:186} INFO - Started process (PID=3658) to work on /home/airflow/.local/lib/python3.12/site-packages/airflow/example_dags/tutorial_dag.py
[2024-10-27T14:23:57.561+0000] {processor.py:914} INFO - Processing file /home/airflow/.local/lib/python3.12/site-packages/airflow/example_dags/tutorial_dag.py for tasks to queue
[2024-10-27T14:23:57.573+0000] {logging_mixin.py:190} INFO - [2024-10-27T14:23:57.571+0000] {dagbag.py:588} INFO - Filling up the DagBag from /home/airflow/.local/lib/python3.12/site-packages/airflow/example_dags/tutorial_dag.py
[2024-10-27T14:23:57.602+0000] {processor.py:925} INFO - DAG(s) 'tutorial_dag' retrieved from /home/airflow/.local/lib/python3.12/site-packages/airflow/example_dags/tutorial_dag.py
[2024-10-27T14:23:57.659+0000] {logging_mixin.py:190} INFO - [2024-10-27T14:23:57.658+0000] {dag.py:3239} INFO - Sync 1 DAGs
[2024-10-27T14:23:57.678+0000] {logging_mixin.py:190} INFO - [2024-10-27T14:23:57.678+0000] {dag.py:4180} INFO - Setting next_dagrun for tutorial_dag to None, run_after=None
[2024-10-27T14:23:57.710+0000] {processor.py:208} INFO - Processing /home/airflow/.local/lib/python3.12/site-packages/airflow/example_dags/tutorial_dag.py took 0.271 seconds
[2024-10-27T14:24:27.800+0000] {processor.py:186} INFO - Started process (PID=3719) to work on /home/airflow/.local/lib/python3.12/site-packages/airflow/example_dags/tutorial_dag.py
[2024-10-27T14:24:27.801+0000] {processor.py:914} INFO - Processing file /home/airflow/.local/lib/python3.12/site-packages/airflow/example_dags/tutorial_dag.py for tasks to queue
[2024-10-27T14:24:27.804+0000] {logging_mixin.py:190} INFO - [2024-10-27T14:24:27.804+0000] {dagbag.py:588} INFO - Filling up the DagBag from /home/airflow/.local/lib/python3.12/site-packages/airflow/example_dags/tutorial_dag.py
[2024-10-27T14:24:27.813+0000] {processor.py:925} INFO - DAG(s) 'tutorial_dag' retrieved from /home/airflow/.local/lib/python3.12/site-packages/airflow/example_dags/tutorial_dag.py
[2024-10-27T14:24:27.839+0000] {logging_mixin.py:190} INFO - [2024-10-27T14:24:27.838+0000] {dag.py:3239} INFO - Sync 1 DAGs
[2024-10-27T14:24:27.857+0000] {logging_mixin.py:190} INFO - [2024-10-27T14:24:27.857+0000] {dag.py:4180} INFO - Setting next_dagrun for tutorial_dag to None, run_after=None
[2024-10-27T14:24:28.133+0000] {processor.py:208} INFO - Processing /home/airflow/.local/lib/python3.12/site-packages/airflow/example_dags/tutorial_dag.py took 0.342 seconds
[2024-10-27T14:24:58.259+0000] {processor.py:186} INFO - Started process (PID=3781) to work on /home/airflow/.local/lib/python3.12/site-packages/airflow/example_dags/tutorial_dag.py
[2024-10-27T14:24:58.261+0000] {processor.py:914} INFO - Processing file /home/airflow/.local/lib/python3.12/site-packages/airflow/example_dags/tutorial_dag.py for tasks to queue
[2024-10-27T14:24:58.268+0000] {logging_mixin.py:190} INFO - [2024-10-27T14:24:58.267+0000] {dagbag.py:588} INFO - Filling up the DagBag from /home/airflow/.local/lib/python3.12/site-packages/airflow/example_dags/tutorial_dag.py
[2024-10-27T14:24:58.285+0000] {processor.py:925} INFO - DAG(s) 'tutorial_dag' retrieved from /home/airflow/.local/lib/python3.12/site-packages/airflow/example_dags/tutorial_dag.py
[2024-10-27T14:24:58.336+0000] {logging_mixin.py:190} INFO - [2024-10-27T14:24:58.336+0000] {dag.py:3239} INFO - Sync 1 DAGs
[2024-10-27T14:24:58.380+0000] {logging_mixin.py:190} INFO - [2024-10-27T14:24:58.379+0000] {dag.py:4180} INFO - Setting next_dagrun for tutorial_dag to None, run_after=None
[2024-10-27T14:24:58.451+0000] {processor.py:208} INFO - Processing /home/airflow/.local/lib/python3.12/site-packages/airflow/example_dags/tutorial_dag.py took 0.203 seconds
[2024-10-27T14:25:28.941+0000] {processor.py:186} INFO - Started process (PID=3844) to work on /home/airflow/.local/lib/python3.12/site-packages/airflow/example_dags/tutorial_dag.py
[2024-10-27T14:25:28.943+0000] {processor.py:914} INFO - Processing file /home/airflow/.local/lib/python3.12/site-packages/airflow/example_dags/tutorial_dag.py for tasks to queue
[2024-10-27T14:25:28.947+0000] {logging_mixin.py:190} INFO - [2024-10-27T14:25:28.946+0000] {dagbag.py:588} INFO - Filling up the DagBag from /home/airflow/.local/lib/python3.12/site-packages/airflow/example_dags/tutorial_dag.py
[2024-10-27T14:25:28.963+0000] {processor.py:925} INFO - DAG(s) 'tutorial_dag' retrieved from /home/airflow/.local/lib/python3.12/site-packages/airflow/example_dags/tutorial_dag.py
[2024-10-27T14:25:29.003+0000] {logging_mixin.py:190} INFO - [2024-10-27T14:25:29.003+0000] {dag.py:3239} INFO - Sync 1 DAGs
[2024-10-27T14:25:29.024+0000] {logging_mixin.py:190} INFO - [2024-10-27T14:25:29.024+0000] {dag.py:4180} INFO - Setting next_dagrun for tutorial_dag to None, run_after=None
[2024-10-27T14:25:29.189+0000] {processor.py:208} INFO - Processing /home/airflow/.local/lib/python3.12/site-packages/airflow/example_dags/tutorial_dag.py took 0.258 seconds
[2024-10-27T14:26:00.031+0000] {processor.py:186} INFO - Started process (PID=3906) to work on /home/airflow/.local/lib/python3.12/site-packages/airflow/example_dags/tutorial_dag.py
[2024-10-27T14:26:00.033+0000] {processor.py:914} INFO - Processing file /home/airflow/.local/lib/python3.12/site-packages/airflow/example_dags/tutorial_dag.py for tasks to queue
[2024-10-27T14:26:00.036+0000] {logging_mixin.py:190} INFO - [2024-10-27T14:26:00.035+0000] {dagbag.py:588} INFO - Filling up the DagBag from /home/airflow/.local/lib/python3.12/site-packages/airflow/example_dags/tutorial_dag.py
[2024-10-27T14:26:00.046+0000] {processor.py:925} INFO - DAG(s) 'tutorial_dag' retrieved from /home/airflow/.local/lib/python3.12/site-packages/airflow/example_dags/tutorial_dag.py
[2024-10-27T14:26:00.081+0000] {logging_mixin.py:190} INFO - [2024-10-27T14:26:00.081+0000] {dag.py:3239} INFO - Sync 1 DAGs
[2024-10-27T14:26:00.106+0000] {logging_mixin.py:190} INFO - [2024-10-27T14:26:00.106+0000] {dag.py:4180} INFO - Setting next_dagrun for tutorial_dag to None, run_after=None
[2024-10-27T14:26:00.202+0000] {processor.py:208} INFO - Processing /home/airflow/.local/lib/python3.12/site-packages/airflow/example_dags/tutorial_dag.py took 0.179 seconds
[2024-10-27T14:26:30.722+0000] {processor.py:186} INFO - Started process (PID=3968) to work on /home/airflow/.local/lib/python3.12/site-packages/airflow/example_dags/tutorial_dag.py
[2024-10-27T14:26:30.725+0000] {processor.py:914} INFO - Processing file /home/airflow/.local/lib/python3.12/site-packages/airflow/example_dags/tutorial_dag.py for tasks to queue
[2024-10-27T14:26:30.731+0000] {logging_mixin.py:190} INFO - [2024-10-27T14:26:30.729+0000] {dagbag.py:588} INFO - Filling up the DagBag from /home/airflow/.local/lib/python3.12/site-packages/airflow/example_dags/tutorial_dag.py
[2024-10-27T14:26:30.745+0000] {processor.py:925} INFO - DAG(s) 'tutorial_dag' retrieved from /home/airflow/.local/lib/python3.12/site-packages/airflow/example_dags/tutorial_dag.py
[2024-10-27T14:26:30.783+0000] {logging_mixin.py:190} INFO - [2024-10-27T14:26:30.782+0000] {dag.py:3239} INFO - Sync 1 DAGs
[2024-10-27T14:26:30.823+0000] {logging_mixin.py:190} INFO - [2024-10-27T14:26:30.822+0000] {dag.py:4180} INFO - Setting next_dagrun for tutorial_dag to None, run_after=None
[2024-10-27T14:26:30.867+0000] {processor.py:208} INFO - Processing /home/airflow/.local/lib/python3.12/site-packages/airflow/example_dags/tutorial_dag.py took 0.155 seconds
[2024-10-27T14:50:19.909+0000] {processor.py:186} INFO - Started process (PID=101) to work on /home/airflow/.local/lib/python3.12/site-packages/airflow/example_dags/tutorial_dag.py
[2024-10-27T14:50:19.919+0000] {processor.py:914} INFO - Processing file /home/airflow/.local/lib/python3.12/site-packages/airflow/example_dags/tutorial_dag.py for tasks to queue
[2024-10-27T14:50:19.938+0000] {logging_mixin.py:190} INFO - [2024-10-27T14:50:19.937+0000] {dagbag.py:588} INFO - Filling up the DagBag from /home/airflow/.local/lib/python3.12/site-packages/airflow/example_dags/tutorial_dag.py
[2024-10-27T14:50:19.973+0000] {processor.py:925} INFO - DAG(s) 'tutorial_dag' retrieved from /home/airflow/.local/lib/python3.12/site-packages/airflow/example_dags/tutorial_dag.py
[2024-10-27T14:50:20.086+0000] {logging_mixin.py:190} INFO - [2024-10-27T14:50:20.086+0000] {dag.py:3239} INFO - Sync 1 DAGs
[2024-10-27T14:50:20.136+0000] {logging_mixin.py:190} INFO - [2024-10-27T14:50:20.135+0000] {dag.py:4180} INFO - Setting next_dagrun for tutorial_dag to None, run_after=None
[2024-10-27T14:50:20.209+0000] {processor.py:208} INFO - Processing /home/airflow/.local/lib/python3.12/site-packages/airflow/example_dags/tutorial_dag.py took 0.322 seconds
[2024-10-27T14:50:55.405+0000] {processor.py:186} INFO - Started process (PID=163) to work on /home/airflow/.local/lib/python3.12/site-packages/airflow/example_dags/tutorial_dag.py
[2024-10-27T14:50:55.407+0000] {processor.py:914} INFO - Processing file /home/airflow/.local/lib/python3.12/site-packages/airflow/example_dags/tutorial_dag.py for tasks to queue
[2024-10-27T14:50:55.412+0000] {logging_mixin.py:190} INFO - [2024-10-27T14:50:55.411+0000] {dagbag.py:588} INFO - Filling up the DagBag from /home/airflow/.local/lib/python3.12/site-packages/airflow/example_dags/tutorial_dag.py
[2024-10-27T14:50:55.428+0000] {processor.py:925} INFO - DAG(s) 'tutorial_dag' retrieved from /home/airflow/.local/lib/python3.12/site-packages/airflow/example_dags/tutorial_dag.py
[2024-10-27T14:50:55.480+0000] {logging_mixin.py:190} INFO - [2024-10-27T14:50:55.479+0000] {dag.py:3239} INFO - Sync 1 DAGs
[2024-10-27T14:50:55.533+0000] {logging_mixin.py:190} INFO - [2024-10-27T14:50:55.532+0000] {dag.py:4180} INFO - Setting next_dagrun for tutorial_dag to None, run_after=None
[2024-10-27T14:50:55.634+0000] {processor.py:208} INFO - Processing /home/airflow/.local/lib/python3.12/site-packages/airflow/example_dags/tutorial_dag.py took 0.245 seconds
[2024-10-27T14:51:27.260+0000] {processor.py:186} INFO - Started process (PID=226) to work on /home/airflow/.local/lib/python3.12/site-packages/airflow/example_dags/tutorial_dag.py
[2024-10-27T14:51:27.266+0000] {processor.py:914} INFO - Processing file /home/airflow/.local/lib/python3.12/site-packages/airflow/example_dags/tutorial_dag.py for tasks to queue
[2024-10-27T14:51:27.272+0000] {logging_mixin.py:190} INFO - [2024-10-27T14:51:27.272+0000] {dagbag.py:588} INFO - Filling up the DagBag from /home/airflow/.local/lib/python3.12/site-packages/airflow/example_dags/tutorial_dag.py
[2024-10-27T14:51:27.286+0000] {processor.py:925} INFO - DAG(s) 'tutorial_dag' retrieved from /home/airflow/.local/lib/python3.12/site-packages/airflow/example_dags/tutorial_dag.py
[2024-10-27T14:51:27.340+0000] {logging_mixin.py:190} INFO - [2024-10-27T14:51:27.339+0000] {dag.py:3239} INFO - Sync 1 DAGs
[2024-10-27T14:51:27.404+0000] {logging_mixin.py:190} INFO - [2024-10-27T14:51:27.404+0000] {dag.py:4180} INFO - Setting next_dagrun for tutorial_dag to None, run_after=None
[2024-10-27T14:51:27.484+0000] {processor.py:208} INFO - Processing /home/airflow/.local/lib/python3.12/site-packages/airflow/example_dags/tutorial_dag.py took 0.241 seconds
[2024-10-27T14:51:59.309+0000] {processor.py:186} INFO - Started process (PID=288) to work on /home/airflow/.local/lib/python3.12/site-packages/airflow/example_dags/tutorial_dag.py
[2024-10-27T14:51:59.353+0000] {processor.py:914} INFO - Processing file /home/airflow/.local/lib/python3.12/site-packages/airflow/example_dags/tutorial_dag.py for tasks to queue
[2024-10-27T14:51:59.358+0000] {logging_mixin.py:190} INFO - [2024-10-27T14:51:59.357+0000] {dagbag.py:588} INFO - Filling up the DagBag from /home/airflow/.local/lib/python3.12/site-packages/airflow/example_dags/tutorial_dag.py
[2024-10-27T14:51:59.383+0000] {processor.py:925} INFO - DAG(s) 'tutorial_dag' retrieved from /home/airflow/.local/lib/python3.12/site-packages/airflow/example_dags/tutorial_dag.py
[2024-10-27T14:51:59.446+0000] {logging_mixin.py:190} INFO - [2024-10-27T14:51:59.445+0000] {dag.py:3239} INFO - Sync 1 DAGs
[2024-10-27T14:51:59.499+0000] {logging_mixin.py:190} INFO - [2024-10-27T14:51:59.498+0000] {dag.py:4180} INFO - Setting next_dagrun for tutorial_dag to None, run_after=None
[2024-10-27T14:51:59.550+0000] {processor.py:208} INFO - Processing /home/airflow/.local/lib/python3.12/site-packages/airflow/example_dags/tutorial_dag.py took 0.260 seconds
[2024-10-27T14:52:30.381+0000] {processor.py:186} INFO - Started process (PID=350) to work on /home/airflow/.local/lib/python3.12/site-packages/airflow/example_dags/tutorial_dag.py
[2024-10-27T14:52:30.384+0000] {processor.py:914} INFO - Processing file /home/airflow/.local/lib/python3.12/site-packages/airflow/example_dags/tutorial_dag.py for tasks to queue
[2024-10-27T14:52:30.391+0000] {logging_mixin.py:190} INFO - [2024-10-27T14:52:30.390+0000] {dagbag.py:588} INFO - Filling up the DagBag from /home/airflow/.local/lib/python3.12/site-packages/airflow/example_dags/tutorial_dag.py
[2024-10-27T14:52:30.414+0000] {processor.py:925} INFO - DAG(s) 'tutorial_dag' retrieved from /home/airflow/.local/lib/python3.12/site-packages/airflow/example_dags/tutorial_dag.py
[2024-10-27T14:52:30.456+0000] {logging_mixin.py:190} INFO - [2024-10-27T14:52:30.455+0000] {dag.py:3239} INFO - Sync 1 DAGs
[2024-10-27T14:52:30.485+0000] {logging_mixin.py:190} INFO - [2024-10-27T14:52:30.484+0000] {dag.py:4180} INFO - Setting next_dagrun for tutorial_dag to None, run_after=None
[2024-10-27T14:52:30.530+0000] {processor.py:208} INFO - Processing /home/airflow/.local/lib/python3.12/site-packages/airflow/example_dags/tutorial_dag.py took 0.182 seconds
[2024-10-27T14:53:00.925+0000] {processor.py:186} INFO - Started process (PID=412) to work on /home/airflow/.local/lib/python3.12/site-packages/airflow/example_dags/tutorial_dag.py
[2024-10-27T14:53:00.927+0000] {processor.py:914} INFO - Processing file /home/airflow/.local/lib/python3.12/site-packages/airflow/example_dags/tutorial_dag.py for tasks to queue
[2024-10-27T14:53:00.932+0000] {logging_mixin.py:190} INFO - [2024-10-27T14:53:00.931+0000] {dagbag.py:588} INFO - Filling up the DagBag from /home/airflow/.local/lib/python3.12/site-packages/airflow/example_dags/tutorial_dag.py
[2024-10-27T14:53:00.949+0000] {processor.py:925} INFO - DAG(s) 'tutorial_dag' retrieved from /home/airflow/.local/lib/python3.12/site-packages/airflow/example_dags/tutorial_dag.py
[2024-10-27T14:53:01.015+0000] {logging_mixin.py:190} INFO - [2024-10-27T14:53:01.015+0000] {dag.py:3239} INFO - Sync 1 DAGs
[2024-10-27T14:53:01.047+0000] {logging_mixin.py:190} INFO - [2024-10-27T14:53:01.047+0000] {dag.py:4180} INFO - Setting next_dagrun for tutorial_dag to None, run_after=None
[2024-10-27T14:53:01.091+0000] {processor.py:208} INFO - Processing /home/airflow/.local/lib/python3.12/site-packages/airflow/example_dags/tutorial_dag.py took 0.180 seconds
