[2024-10-27T13:43:00.706+0000] {processor.py:186} INFO - Started process (PID=60) to work on /home/airflow/.local/lib/python3.12/site-packages/airflow/example_dags/tutorial.py
[2024-10-27T13:43:00.708+0000] {processor.py:914} INFO - Processing file /home/airflow/.local/lib/python3.12/site-packages/airflow/example_dags/tutorial.py for tasks to queue
[2024-10-27T13:43:00.712+0000] {logging_mixin.py:190} INFO - [2024-10-27T13:43:00.712+0000] {dagbag.py:588} INFO - Filling up the DagBag from /home/airflow/.local/lib/python3.12/site-packages/airflow/example_dags/tutorial.py
[2024-10-27T13:43:00.732+0000] {processor.py:925} INFO - DAG(s) 'tutorial' retrieved from /home/airflow/.local/lib/python3.12/site-packages/airflow/example_dags/tutorial.py
[2024-10-27T13:43:00.995+0000] {logging_mixin.py:190} INFO - [2024-10-27T13:43:00.985+0000] {dag.py:3239} INFO - Sync 1 DAGs
[2024-10-27T13:43:01.044+0000] {logging_mixin.py:190} INFO - [2024-10-27T13:43:01.044+0000] {dag.py:4180} INFO - Setting next_dagrun for tutorial to 2024-10-26 00:00:00+00:00, run_after=2024-10-27 00:00:00+00:00
[2024-10-27T13:43:01.135+0000] {processor.py:208} INFO - Processing /home/airflow/.local/lib/python3.12/site-packages/airflow/example_dags/tutorial.py took 0.440 seconds
[2024-10-27T13:43:31.787+0000] {processor.py:186} INFO - Started process (PID=122) to work on /home/airflow/.local/lib/python3.12/site-packages/airflow/example_dags/tutorial.py
[2024-10-27T13:43:31.794+0000] {processor.py:914} INFO - Processing file /home/airflow/.local/lib/python3.12/site-packages/airflow/example_dags/tutorial.py for tasks to queue
[2024-10-27T13:43:31.807+0000] {logging_mixin.py:190} INFO - [2024-10-27T13:43:31.807+0000] {dagbag.py:588} INFO - Filling up the DagBag from /home/airflow/.local/lib/python3.12/site-packages/airflow/example_dags/tutorial.py
[2024-10-27T13:43:31.874+0000] {processor.py:925} INFO - DAG(s) 'tutorial' retrieved from /home/airflow/.local/lib/python3.12/site-packages/airflow/example_dags/tutorial.py
[2024-10-27T13:43:31.958+0000] {logging_mixin.py:190} INFO - [2024-10-27T13:43:31.957+0000] {dag.py:3239} INFO - Sync 1 DAGs
[2024-10-27T13:43:32.110+0000] {logging_mixin.py:190} INFO - [2024-10-27T13:43:32.053+0000] {dag.py:4180} INFO - Setting next_dagrun for tutorial to 2024-10-26 00:00:00+00:00, run_after=2024-10-27 00:00:00+00:00
[2024-10-27T13:43:32.207+0000] {processor.py:208} INFO - Processing /home/airflow/.local/lib/python3.12/site-packages/airflow/example_dags/tutorial.py took 0.440 seconds
[2024-10-27T13:44:04.802+0000] {processor.py:186} INFO - Started process (PID=182) to work on /home/airflow/.local/lib/python3.12/site-packages/airflow/example_dags/tutorial.py
[2024-10-27T13:44:04.838+0000] {processor.py:914} INFO - Processing file /home/airflow/.local/lib/python3.12/site-packages/airflow/example_dags/tutorial.py for tasks to queue
[2024-10-27T13:44:04.854+0000] {logging_mixin.py:190} INFO - [2024-10-27T13:44:04.853+0000] {dagbag.py:588} INFO - Filling up the DagBag from /home/airflow/.local/lib/python3.12/site-packages/airflow/example_dags/tutorial.py
[2024-10-27T13:44:04.929+0000] {processor.py:925} INFO - DAG(s) 'tutorial' retrieved from /home/airflow/.local/lib/python3.12/site-packages/airflow/example_dags/tutorial.py
[2024-10-27T13:44:04.991+0000] {logging_mixin.py:190} INFO - [2024-10-27T13:44:04.990+0000] {dag.py:3239} INFO - Sync 1 DAGs
[2024-10-27T13:44:05.073+0000] {logging_mixin.py:190} INFO - [2024-10-27T13:44:05.072+0000] {dag.py:4180} INFO - Setting next_dagrun for tutorial to 2024-10-26 00:00:00+00:00, run_after=2024-10-27 00:00:00+00:00
[2024-10-27T13:44:05.214+0000] {processor.py:208} INFO - Processing /home/airflow/.local/lib/python3.12/site-packages/airflow/example_dags/tutorial.py took 0.457 seconds
[2024-10-27T13:44:35.924+0000] {processor.py:186} INFO - Started process (PID=244) to work on /home/airflow/.local/lib/python3.12/site-packages/airflow/example_dags/tutorial.py
[2024-10-27T13:44:35.925+0000] {processor.py:914} INFO - Processing file /home/airflow/.local/lib/python3.12/site-packages/airflow/example_dags/tutorial.py for tasks to queue
[2024-10-27T13:44:35.929+0000] {logging_mixin.py:190} INFO - [2024-10-27T13:44:35.929+0000] {dagbag.py:588} INFO - Filling up the DagBag from /home/airflow/.local/lib/python3.12/site-packages/airflow/example_dags/tutorial.py
[2024-10-27T13:44:35.940+0000] {processor.py:925} INFO - DAG(s) 'tutorial' retrieved from /home/airflow/.local/lib/python3.12/site-packages/airflow/example_dags/tutorial.py
[2024-10-27T13:44:35.975+0000] {logging_mixin.py:190} INFO - [2024-10-27T13:44:35.975+0000] {dag.py:3239} INFO - Sync 1 DAGs
[2024-10-27T13:44:36.035+0000] {logging_mixin.py:190} INFO - [2024-10-27T13:44:36.035+0000] {dag.py:4180} INFO - Setting next_dagrun for tutorial to 2024-10-26 00:00:00+00:00, run_after=2024-10-27 00:00:00+00:00
[2024-10-27T13:44:36.112+0000] {processor.py:208} INFO - Processing /home/airflow/.local/lib/python3.12/site-packages/airflow/example_dags/tutorial.py took 0.191 seconds
[2024-10-27T13:45:06.318+0000] {processor.py:186} INFO - Started process (PID=306) to work on /home/airflow/.local/lib/python3.12/site-packages/airflow/example_dags/tutorial.py
[2024-10-27T13:45:06.320+0000] {processor.py:914} INFO - Processing file /home/airflow/.local/lib/python3.12/site-packages/airflow/example_dags/tutorial.py for tasks to queue
[2024-10-27T13:45:06.325+0000] {logging_mixin.py:190} INFO - [2024-10-27T13:45:06.324+0000] {dagbag.py:588} INFO - Filling up the DagBag from /home/airflow/.local/lib/python3.12/site-packages/airflow/example_dags/tutorial.py
[2024-10-27T13:45:06.347+0000] {processor.py:925} INFO - DAG(s) 'tutorial' retrieved from /home/airflow/.local/lib/python3.12/site-packages/airflow/example_dags/tutorial.py
[2024-10-27T13:45:06.411+0000] {logging_mixin.py:190} INFO - [2024-10-27T13:45:06.411+0000] {dag.py:3239} INFO - Sync 1 DAGs
[2024-10-27T13:45:06.462+0000] {logging_mixin.py:190} INFO - [2024-10-27T13:45:06.461+0000] {dag.py:4180} INFO - Setting next_dagrun for tutorial to 2024-10-26 00:00:00+00:00, run_after=2024-10-27 00:00:00+00:00
[2024-10-27T13:45:06.524+0000] {processor.py:208} INFO - Processing /home/airflow/.local/lib/python3.12/site-packages/airflow/example_dags/tutorial.py took 0.220 seconds
[2024-10-27T13:53:28.330+0000] {processor.py:186} INFO - Started process (PID=82) to work on /home/airflow/.local/lib/python3.12/site-packages/airflow/example_dags/tutorial.py
[2024-10-27T13:53:28.345+0000] {processor.py:914} INFO - Processing file /home/airflow/.local/lib/python3.12/site-packages/airflow/example_dags/tutorial.py for tasks to queue
[2024-10-27T13:53:28.348+0000] {logging_mixin.py:190} INFO - [2024-10-27T13:53:28.348+0000] {dagbag.py:588} INFO - Filling up the DagBag from /home/airflow/.local/lib/python3.12/site-packages/airflow/example_dags/tutorial.py
[2024-10-27T13:53:28.359+0000] {processor.py:925} INFO - DAG(s) 'tutorial' retrieved from /home/airflow/.local/lib/python3.12/site-packages/airflow/example_dags/tutorial.py
[2024-10-27T13:53:28.389+0000] {logging_mixin.py:190} INFO - [2024-10-27T13:53:28.388+0000] {dag.py:3239} INFO - Sync 1 DAGs
[2024-10-27T13:53:28.424+0000] {logging_mixin.py:190} INFO - [2024-10-27T13:53:28.424+0000] {dag.py:4180} INFO - Setting next_dagrun for tutorial to 2024-10-26 00:00:00+00:00, run_after=2024-10-27 00:00:00+00:00
[2024-10-27T13:53:28.485+0000] {processor.py:208} INFO - Processing /home/airflow/.local/lib/python3.12/site-packages/airflow/example_dags/tutorial.py took 0.163 seconds
[2024-10-27T13:53:58.878+0000] {processor.py:186} INFO - Started process (PID=142) to work on /home/airflow/.local/lib/python3.12/site-packages/airflow/example_dags/tutorial.py
[2024-10-27T13:53:58.890+0000] {processor.py:914} INFO - Processing file /home/airflow/.local/lib/python3.12/site-packages/airflow/example_dags/tutorial.py for tasks to queue
[2024-10-27T13:53:58.896+0000] {logging_mixin.py:190} INFO - [2024-10-27T13:53:58.895+0000] {dagbag.py:588} INFO - Filling up the DagBag from /home/airflow/.local/lib/python3.12/site-packages/airflow/example_dags/tutorial.py
[2024-10-27T13:53:58.919+0000] {processor.py:925} INFO - DAG(s) 'tutorial' retrieved from /home/airflow/.local/lib/python3.12/site-packages/airflow/example_dags/tutorial.py
[2024-10-27T13:53:59.006+0000] {logging_mixin.py:190} INFO - [2024-10-27T13:53:59.006+0000] {dag.py:3239} INFO - Sync 1 DAGs
[2024-10-27T13:53:59.071+0000] {logging_mixin.py:190} INFO - [2024-10-27T13:53:59.071+0000] {dag.py:4180} INFO - Setting next_dagrun for tutorial to 2024-10-26 00:00:00+00:00, run_after=2024-10-27 00:00:00+00:00
[2024-10-27T13:53:59.219+0000] {processor.py:208} INFO - Processing /home/airflow/.local/lib/python3.12/site-packages/airflow/example_dags/tutorial.py took 0.364 seconds
[2024-10-27T13:54:40.403+0000] {processor.py:186} INFO - Started process (PID=185) to work on /home/airflow/.local/lib/python3.12/site-packages/airflow/example_dags/tutorial.py
[2024-10-27T13:54:40.404+0000] {processor.py:914} INFO - Processing file /home/airflow/.local/lib/python3.12/site-packages/airflow/example_dags/tutorial.py for tasks to queue
[2024-10-27T13:54:40.408+0000] {logging_mixin.py:190} INFO - [2024-10-27T13:54:40.408+0000] {dagbag.py:588} INFO - Filling up the DagBag from /home/airflow/.local/lib/python3.12/site-packages/airflow/example_dags/tutorial.py
[2024-10-27T13:54:40.422+0000] {processor.py:925} INFO - DAG(s) 'tutorial' retrieved from /home/airflow/.local/lib/python3.12/site-packages/airflow/example_dags/tutorial.py
[2024-10-27T13:54:40.449+0000] {logging_mixin.py:190} INFO - [2024-10-27T13:54:40.448+0000] {dag.py:3239} INFO - Sync 1 DAGs
[2024-10-27T13:54:40.479+0000] {logging_mixin.py:190} INFO - [2024-10-27T13:54:40.479+0000] {dag.py:4180} INFO - Setting next_dagrun for tutorial to 2024-10-26 00:00:00+00:00, run_after=2024-10-27 00:00:00+00:00
[2024-10-27T13:54:40.690+0000] {processor.py:208} INFO - Processing /home/airflow/.local/lib/python3.12/site-packages/airflow/example_dags/tutorial.py took 0.298 seconds
[2024-10-27T13:55:11.076+0000] {processor.py:186} INFO - Started process (PID=247) to work on /home/airflow/.local/lib/python3.12/site-packages/airflow/example_dags/tutorial.py
[2024-10-27T13:55:11.078+0000] {processor.py:914} INFO - Processing file /home/airflow/.local/lib/python3.12/site-packages/airflow/example_dags/tutorial.py for tasks to queue
[2024-10-27T13:55:11.082+0000] {logging_mixin.py:190} INFO - [2024-10-27T13:55:11.082+0000] {dagbag.py:588} INFO - Filling up the DagBag from /home/airflow/.local/lib/python3.12/site-packages/airflow/example_dags/tutorial.py
[2024-10-27T13:55:11.097+0000] {processor.py:925} INFO - DAG(s) 'tutorial' retrieved from /home/airflow/.local/lib/python3.12/site-packages/airflow/example_dags/tutorial.py
[2024-10-27T13:55:11.129+0000] {logging_mixin.py:190} INFO - [2024-10-27T13:55:11.129+0000] {dag.py:3239} INFO - Sync 1 DAGs
[2024-10-27T13:55:11.194+0000] {logging_mixin.py:190} INFO - [2024-10-27T13:55:11.193+0000] {dag.py:4180} INFO - Setting next_dagrun for tutorial to 2024-10-26 00:00:00+00:00, run_after=2024-10-27 00:00:00+00:00
[2024-10-27T13:55:11.371+0000] {processor.py:208} INFO - Processing /home/airflow/.local/lib/python3.12/site-packages/airflow/example_dags/tutorial.py took 0.306 seconds
[2024-10-27T13:55:42.308+0000] {processor.py:186} INFO - Started process (PID=309) to work on /home/airflow/.local/lib/python3.12/site-packages/airflow/example_dags/tutorial.py
[2024-10-27T13:55:42.310+0000] {processor.py:914} INFO - Processing file /home/airflow/.local/lib/python3.12/site-packages/airflow/example_dags/tutorial.py for tasks to queue
[2024-10-27T13:55:42.315+0000] {logging_mixin.py:190} INFO - [2024-10-27T13:55:42.315+0000] {dagbag.py:588} INFO - Filling up the DagBag from /home/airflow/.local/lib/python3.12/site-packages/airflow/example_dags/tutorial.py
[2024-10-27T13:55:42.328+0000] {processor.py:925} INFO - DAG(s) 'tutorial' retrieved from /home/airflow/.local/lib/python3.12/site-packages/airflow/example_dags/tutorial.py
[2024-10-27T13:55:42.410+0000] {logging_mixin.py:190} INFO - [2024-10-27T13:55:42.409+0000] {dag.py:3239} INFO - Sync 1 DAGs
[2024-10-27T13:55:42.493+0000] {logging_mixin.py:190} INFO - [2024-10-27T13:55:42.492+0000] {dag.py:4180} INFO - Setting next_dagrun for tutorial to 2024-10-26 00:00:00+00:00, run_after=2024-10-27 00:00:00+00:00
[2024-10-27T13:55:42.680+0000] {processor.py:208} INFO - Processing /home/airflow/.local/lib/python3.12/site-packages/airflow/example_dags/tutorial.py took 0.383 seconds
[2024-10-27T13:56:12.993+0000] {processor.py:186} INFO - Started process (PID=370) to work on /home/airflow/.local/lib/python3.12/site-packages/airflow/example_dags/tutorial.py
[2024-10-27T13:56:12.995+0000] {processor.py:914} INFO - Processing file /home/airflow/.local/lib/python3.12/site-packages/airflow/example_dags/tutorial.py for tasks to queue
[2024-10-27T13:56:13.000+0000] {logging_mixin.py:190} INFO - [2024-10-27T13:56:12.999+0000] {dagbag.py:588} INFO - Filling up the DagBag from /home/airflow/.local/lib/python3.12/site-packages/airflow/example_dags/tutorial.py
[2024-10-27T13:56:13.013+0000] {processor.py:925} INFO - DAG(s) 'tutorial' retrieved from /home/airflow/.local/lib/python3.12/site-packages/airflow/example_dags/tutorial.py
[2024-10-27T13:56:13.051+0000] {logging_mixin.py:190} INFO - [2024-10-27T13:56:13.051+0000] {dag.py:3239} INFO - Sync 1 DAGs
[2024-10-27T13:56:13.096+0000] {logging_mixin.py:190} INFO - [2024-10-27T13:56:13.095+0000] {dag.py:4180} INFO - Setting next_dagrun for tutorial to 2024-10-26 00:00:00+00:00, run_after=2024-10-27 00:00:00+00:00
[2024-10-27T13:56:13.157+0000] {processor.py:208} INFO - Processing /home/airflow/.local/lib/python3.12/site-packages/airflow/example_dags/tutorial.py took 0.178 seconds
[2024-10-27T13:56:47.499+0000] {processor.py:186} INFO - Started process (PID=434) to work on /home/airflow/.local/lib/python3.12/site-packages/airflow/example_dags/tutorial.py
[2024-10-27T13:56:47.501+0000] {processor.py:914} INFO - Processing file /home/airflow/.local/lib/python3.12/site-packages/airflow/example_dags/tutorial.py for tasks to queue
[2024-10-27T13:56:47.504+0000] {logging_mixin.py:190} INFO - [2024-10-27T13:56:47.504+0000] {dagbag.py:588} INFO - Filling up the DagBag from /home/airflow/.local/lib/python3.12/site-packages/airflow/example_dags/tutorial.py
[2024-10-27T13:56:47.515+0000] {processor.py:925} INFO - DAG(s) 'tutorial' retrieved from /home/airflow/.local/lib/python3.12/site-packages/airflow/example_dags/tutorial.py
[2024-10-27T13:56:47.542+0000] {logging_mixin.py:190} INFO - [2024-10-27T13:56:47.542+0000] {dag.py:3239} INFO - Sync 1 DAGs
[2024-10-27T13:56:47.572+0000] {logging_mixin.py:190} INFO - [2024-10-27T13:56:47.572+0000] {dag.py:4180} INFO - Setting next_dagrun for tutorial to 2024-10-26 00:00:00+00:00, run_after=2024-10-27 00:00:00+00:00
[2024-10-27T13:56:48.437+0000] {processor.py:208} INFO - Processing /home/airflow/.local/lib/python3.12/site-packages/airflow/example_dags/tutorial.py took 0.952 seconds
[2024-10-27T13:57:18.730+0000] {processor.py:186} INFO - Started process (PID=496) to work on /home/airflow/.local/lib/python3.12/site-packages/airflow/example_dags/tutorial.py
[2024-10-27T13:57:18.732+0000] {processor.py:914} INFO - Processing file /home/airflow/.local/lib/python3.12/site-packages/airflow/example_dags/tutorial.py for tasks to queue
[2024-10-27T13:57:18.736+0000] {logging_mixin.py:190} INFO - [2024-10-27T13:57:18.735+0000] {dagbag.py:588} INFO - Filling up the DagBag from /home/airflow/.local/lib/python3.12/site-packages/airflow/example_dags/tutorial.py
[2024-10-27T13:57:18.748+0000] {processor.py:925} INFO - DAG(s) 'tutorial' retrieved from /home/airflow/.local/lib/python3.12/site-packages/airflow/example_dags/tutorial.py
[2024-10-27T13:57:18.784+0000] {logging_mixin.py:190} INFO - [2024-10-27T13:57:18.782+0000] {dag.py:3239} INFO - Sync 1 DAGs
[2024-10-27T13:57:18.824+0000] {logging_mixin.py:190} INFO - [2024-10-27T13:57:18.824+0000] {dag.py:4180} INFO - Setting next_dagrun for tutorial to 2024-10-26 00:00:00+00:00, run_after=2024-10-27 00:00:00+00:00
[2024-10-27T13:57:19.126+0000] {processor.py:208} INFO - Processing /home/airflow/.local/lib/python3.12/site-packages/airflow/example_dags/tutorial.py took 0.405 seconds
[2024-10-27T13:57:49.771+0000] {processor.py:186} INFO - Started process (PID=559) to work on /home/airflow/.local/lib/python3.12/site-packages/airflow/example_dags/tutorial.py
[2024-10-27T13:57:49.773+0000] {processor.py:914} INFO - Processing file /home/airflow/.local/lib/python3.12/site-packages/airflow/example_dags/tutorial.py for tasks to queue
[2024-10-27T13:57:49.778+0000] {logging_mixin.py:190} INFO - [2024-10-27T13:57:49.777+0000] {dagbag.py:588} INFO - Filling up the DagBag from /home/airflow/.local/lib/python3.12/site-packages/airflow/example_dags/tutorial.py
[2024-10-27T13:57:49.827+0000] {processor.py:925} INFO - DAG(s) 'tutorial' retrieved from /home/airflow/.local/lib/python3.12/site-packages/airflow/example_dags/tutorial.py
[2024-10-27T13:57:49.884+0000] {logging_mixin.py:190} INFO - [2024-10-27T13:57:49.882+0000] {dag.py:3239} INFO - Sync 1 DAGs
[2024-10-27T13:57:49.944+0000] {logging_mixin.py:190} INFO - [2024-10-27T13:57:49.944+0000] {dag.py:4180} INFO - Setting next_dagrun for tutorial to 2024-10-26 00:00:00+00:00, run_after=2024-10-27 00:00:00+00:00
[2024-10-27T13:57:50.012+0000] {processor.py:208} INFO - Processing /home/airflow/.local/lib/python3.12/site-packages/airflow/example_dags/tutorial.py took 0.294 seconds
[2024-10-27T13:58:20.643+0000] {processor.py:186} INFO - Started process (PID=621) to work on /home/airflow/.local/lib/python3.12/site-packages/airflow/example_dags/tutorial.py
[2024-10-27T13:58:20.645+0000] {processor.py:914} INFO - Processing file /home/airflow/.local/lib/python3.12/site-packages/airflow/example_dags/tutorial.py for tasks to queue
[2024-10-27T13:58:20.653+0000] {logging_mixin.py:190} INFO - [2024-10-27T13:58:20.651+0000] {dagbag.py:588} INFO - Filling up the DagBag from /home/airflow/.local/lib/python3.12/site-packages/airflow/example_dags/tutorial.py
[2024-10-27T13:58:20.683+0000] {processor.py:925} INFO - DAG(s) 'tutorial' retrieved from /home/airflow/.local/lib/python3.12/site-packages/airflow/example_dags/tutorial.py
[2024-10-27T13:58:20.784+0000] {logging_mixin.py:190} INFO - [2024-10-27T13:58:20.783+0000] {dag.py:3239} INFO - Sync 1 DAGs
[2024-10-27T13:58:20.976+0000] {logging_mixin.py:190} INFO - [2024-10-27T13:58:20.974+0000] {dag.py:4180} INFO - Setting next_dagrun for tutorial to 2024-10-26 00:00:00+00:00, run_after=2024-10-27 00:00:00+00:00
[2024-10-27T13:58:21.210+0000] {processor.py:208} INFO - Processing /home/airflow/.local/lib/python3.12/site-packages/airflow/example_dags/tutorial.py took 0.590 seconds
[2024-10-27T13:58:51.679+0000] {processor.py:186} INFO - Started process (PID=682) to work on /home/airflow/.local/lib/python3.12/site-packages/airflow/example_dags/tutorial.py
[2024-10-27T13:58:51.689+0000] {processor.py:914} INFO - Processing file /home/airflow/.local/lib/python3.12/site-packages/airflow/example_dags/tutorial.py for tasks to queue
[2024-10-27T13:58:51.700+0000] {logging_mixin.py:190} INFO - [2024-10-27T13:58:51.699+0000] {dagbag.py:588} INFO - Filling up the DagBag from /home/airflow/.local/lib/python3.12/site-packages/airflow/example_dags/tutorial.py
[2024-10-27T13:58:51.742+0000] {processor.py:925} INFO - DAG(s) 'tutorial' retrieved from /home/airflow/.local/lib/python3.12/site-packages/airflow/example_dags/tutorial.py
[2024-10-27T13:58:51.797+0000] {logging_mixin.py:190} INFO - [2024-10-27T13:58:51.797+0000] {dag.py:3239} INFO - Sync 1 DAGs
[2024-10-27T13:58:51.859+0000] {logging_mixin.py:190} INFO - [2024-10-27T13:58:51.859+0000] {dag.py:4180} INFO - Setting next_dagrun for tutorial to 2024-10-26 00:00:00+00:00, run_after=2024-10-27 00:00:00+00:00
[2024-10-27T13:58:51.934+0000] {processor.py:208} INFO - Processing /home/airflow/.local/lib/python3.12/site-packages/airflow/example_dags/tutorial.py took 0.263 seconds
[2024-10-27T13:59:23.905+0000] {processor.py:186} INFO - Started process (PID=745) to work on /home/airflow/.local/lib/python3.12/site-packages/airflow/example_dags/tutorial.py
[2024-10-27T13:59:23.913+0000] {processor.py:914} INFO - Processing file /home/airflow/.local/lib/python3.12/site-packages/airflow/example_dags/tutorial.py for tasks to queue
[2024-10-27T13:59:23.917+0000] {logging_mixin.py:190} INFO - [2024-10-27T13:59:23.917+0000] {dagbag.py:588} INFO - Filling up the DagBag from /home/airflow/.local/lib/python3.12/site-packages/airflow/example_dags/tutorial.py
[2024-10-27T13:59:23.928+0000] {processor.py:925} INFO - DAG(s) 'tutorial' retrieved from /home/airflow/.local/lib/python3.12/site-packages/airflow/example_dags/tutorial.py
[2024-10-27T13:59:23.953+0000] {logging_mixin.py:190} INFO - [2024-10-27T13:59:23.952+0000] {dag.py:3239} INFO - Sync 1 DAGs
[2024-10-27T13:59:24.012+0000] {logging_mixin.py:190} INFO - [2024-10-27T13:59:24.012+0000] {dag.py:4180} INFO - Setting next_dagrun for tutorial to 2024-10-26 00:00:00+00:00, run_after=2024-10-27 00:00:00+00:00
[2024-10-27T13:59:24.401+0000] {processor.py:208} INFO - Processing /home/airflow/.local/lib/python3.12/site-packages/airflow/example_dags/tutorial.py took 0.510 seconds
[2024-10-27T13:59:54.699+0000] {processor.py:186} INFO - Started process (PID=807) to work on /home/airflow/.local/lib/python3.12/site-packages/airflow/example_dags/tutorial.py
[2024-10-27T13:59:54.702+0000] {processor.py:914} INFO - Processing file /home/airflow/.local/lib/python3.12/site-packages/airflow/example_dags/tutorial.py for tasks to queue
[2024-10-27T13:59:54.705+0000] {logging_mixin.py:190} INFO - [2024-10-27T13:59:54.705+0000] {dagbag.py:588} INFO - Filling up the DagBag from /home/airflow/.local/lib/python3.12/site-packages/airflow/example_dags/tutorial.py
[2024-10-27T13:59:54.719+0000] {processor.py:925} INFO - DAG(s) 'tutorial' retrieved from /home/airflow/.local/lib/python3.12/site-packages/airflow/example_dags/tutorial.py
[2024-10-27T13:59:54.751+0000] {logging_mixin.py:190} INFO - [2024-10-27T13:59:54.751+0000] {dag.py:3239} INFO - Sync 1 DAGs
[2024-10-27T13:59:54.804+0000] {logging_mixin.py:190} INFO - [2024-10-27T13:59:54.803+0000] {dag.py:4180} INFO - Setting next_dagrun for tutorial to 2024-10-26 00:00:00+00:00, run_after=2024-10-27 00:00:00+00:00
[2024-10-27T13:59:54.840+0000] {processor.py:208} INFO - Processing /home/airflow/.local/lib/python3.12/site-packages/airflow/example_dags/tutorial.py took 0.151 seconds
[2024-10-27T14:00:27.036+0000] {processor.py:186} INFO - Started process (PID=868) to work on /home/airflow/.local/lib/python3.12/site-packages/airflow/example_dags/tutorial.py
[2024-10-27T14:00:27.038+0000] {processor.py:914} INFO - Processing file /home/airflow/.local/lib/python3.12/site-packages/airflow/example_dags/tutorial.py for tasks to queue
[2024-10-27T14:00:27.041+0000] {logging_mixin.py:190} INFO - [2024-10-27T14:00:27.041+0000] {dagbag.py:588} INFO - Filling up the DagBag from /home/airflow/.local/lib/python3.12/site-packages/airflow/example_dags/tutorial.py
[2024-10-27T14:00:27.055+0000] {processor.py:925} INFO - DAG(s) 'tutorial' retrieved from /home/airflow/.local/lib/python3.12/site-packages/airflow/example_dags/tutorial.py
[2024-10-27T14:00:27.091+0000] {logging_mixin.py:190} INFO - [2024-10-27T14:00:27.091+0000] {dag.py:3239} INFO - Sync 1 DAGs
[2024-10-27T14:00:27.137+0000] {logging_mixin.py:190} INFO - [2024-10-27T14:00:27.136+0000] {dag.py:4180} INFO - Setting next_dagrun for tutorial to 2024-10-26 00:00:00+00:00, run_after=2024-10-27 00:00:00+00:00
[2024-10-27T14:00:27.247+0000] {processor.py:208} INFO - Processing /home/airflow/.local/lib/python3.12/site-packages/airflow/example_dags/tutorial.py took 0.221 seconds
[2024-10-27T14:00:58.157+0000] {processor.py:186} INFO - Started process (PID=930) to work on /home/airflow/.local/lib/python3.12/site-packages/airflow/example_dags/tutorial.py
[2024-10-27T14:00:58.182+0000] {processor.py:914} INFO - Processing file /home/airflow/.local/lib/python3.12/site-packages/airflow/example_dags/tutorial.py for tasks to queue
[2024-10-27T14:00:58.189+0000] {logging_mixin.py:190} INFO - [2024-10-27T14:00:58.188+0000] {dagbag.py:588} INFO - Filling up the DagBag from /home/airflow/.local/lib/python3.12/site-packages/airflow/example_dags/tutorial.py
[2024-10-27T14:00:58.239+0000] {processor.py:925} INFO - DAG(s) 'tutorial' retrieved from /home/airflow/.local/lib/python3.12/site-packages/airflow/example_dags/tutorial.py
[2024-10-27T14:00:58.296+0000] {logging_mixin.py:190} INFO - [2024-10-27T14:00:58.296+0000] {dag.py:3239} INFO - Sync 1 DAGs
[2024-10-27T14:00:58.408+0000] {logging_mixin.py:190} INFO - [2024-10-27T14:00:58.408+0000] {dag.py:4180} INFO - Setting next_dagrun for tutorial to 2024-10-26 00:00:00+00:00, run_after=2024-10-27 00:00:00+00:00
[2024-10-27T14:00:58.523+0000] {processor.py:208} INFO - Processing /home/airflow/.local/lib/python3.12/site-packages/airflow/example_dags/tutorial.py took 0.402 seconds
[2024-10-27T14:01:28.883+0000] {processor.py:186} INFO - Started process (PID=992) to work on /home/airflow/.local/lib/python3.12/site-packages/airflow/example_dags/tutorial.py
[2024-10-27T14:01:28.885+0000] {processor.py:914} INFO - Processing file /home/airflow/.local/lib/python3.12/site-packages/airflow/example_dags/tutorial.py for tasks to queue
[2024-10-27T14:01:28.892+0000] {logging_mixin.py:190} INFO - [2024-10-27T14:01:28.891+0000] {dagbag.py:588} INFO - Filling up the DagBag from /home/airflow/.local/lib/python3.12/site-packages/airflow/example_dags/tutorial.py
[2024-10-27T14:01:28.907+0000] {processor.py:925} INFO - DAG(s) 'tutorial' retrieved from /home/airflow/.local/lib/python3.12/site-packages/airflow/example_dags/tutorial.py
[2024-10-27T14:01:28.950+0000] {logging_mixin.py:190} INFO - [2024-10-27T14:01:28.950+0000] {dag.py:3239} INFO - Sync 1 DAGs
[2024-10-27T14:01:29.009+0000] {logging_mixin.py:190} INFO - [2024-10-27T14:01:29.009+0000] {dag.py:4180} INFO - Setting next_dagrun for tutorial to 2024-10-26 00:00:00+00:00, run_after=2024-10-27 00:00:00+00:00
[2024-10-27T14:01:29.749+0000] {processor.py:208} INFO - Processing /home/airflow/.local/lib/python3.12/site-packages/airflow/example_dags/tutorial.py took 0.878 seconds
[2024-10-27T14:02:00.282+0000] {processor.py:186} INFO - Started process (PID=1054) to work on /home/airflow/.local/lib/python3.12/site-packages/airflow/example_dags/tutorial.py
[2024-10-27T14:02:00.286+0000] {processor.py:914} INFO - Processing file /home/airflow/.local/lib/python3.12/site-packages/airflow/example_dags/tutorial.py for tasks to queue
[2024-10-27T14:02:00.292+0000] {logging_mixin.py:190} INFO - [2024-10-27T14:02:00.291+0000] {dagbag.py:588} INFO - Filling up the DagBag from /home/airflow/.local/lib/python3.12/site-packages/airflow/example_dags/tutorial.py
[2024-10-27T14:02:00.307+0000] {processor.py:925} INFO - DAG(s) 'tutorial' retrieved from /home/airflow/.local/lib/python3.12/site-packages/airflow/example_dags/tutorial.py
[2024-10-27T14:02:00.342+0000] {logging_mixin.py:190} INFO - [2024-10-27T14:02:00.342+0000] {dag.py:3239} INFO - Sync 1 DAGs
[2024-10-27T14:02:00.390+0000] {logging_mixin.py:190} INFO - [2024-10-27T14:02:00.390+0000] {dag.py:4180} INFO - Setting next_dagrun for tutorial to 2024-10-26 00:00:00+00:00, run_after=2024-10-27 00:00:00+00:00
[2024-10-27T14:02:00.464+0000] {processor.py:208} INFO - Processing /home/airflow/.local/lib/python3.12/site-packages/airflow/example_dags/tutorial.py took 0.199 seconds
[2024-10-27T14:02:30.780+0000] {processor.py:186} INFO - Started process (PID=1115) to work on /home/airflow/.local/lib/python3.12/site-packages/airflow/example_dags/tutorial.py
[2024-10-27T14:02:30.782+0000] {processor.py:914} INFO - Processing file /home/airflow/.local/lib/python3.12/site-packages/airflow/example_dags/tutorial.py for tasks to queue
[2024-10-27T14:02:30.786+0000] {logging_mixin.py:190} INFO - [2024-10-27T14:02:30.786+0000] {dagbag.py:588} INFO - Filling up the DagBag from /home/airflow/.local/lib/python3.12/site-packages/airflow/example_dags/tutorial.py
[2024-10-27T14:02:30.805+0000] {processor.py:925} INFO - DAG(s) 'tutorial' retrieved from /home/airflow/.local/lib/python3.12/site-packages/airflow/example_dags/tutorial.py
[2024-10-27T14:02:30.850+0000] {logging_mixin.py:190} INFO - [2024-10-27T14:02:30.849+0000] {dag.py:3239} INFO - Sync 1 DAGs
[2024-10-27T14:02:30.921+0000] {logging_mixin.py:190} INFO - [2024-10-27T14:02:30.920+0000] {dag.py:4180} INFO - Setting next_dagrun for tutorial to 2024-10-26 00:00:00+00:00, run_after=2024-10-27 00:00:00+00:00
[2024-10-27T14:02:31.046+0000] {processor.py:208} INFO - Processing /home/airflow/.local/lib/python3.12/site-packages/airflow/example_dags/tutorial.py took 0.276 seconds
[2024-10-27T14:03:01.259+0000] {processor.py:186} INFO - Started process (PID=1176) to work on /home/airflow/.local/lib/python3.12/site-packages/airflow/example_dags/tutorial.py
[2024-10-27T14:03:01.261+0000] {processor.py:914} INFO - Processing file /home/airflow/.local/lib/python3.12/site-packages/airflow/example_dags/tutorial.py for tasks to queue
[2024-10-27T14:03:01.266+0000] {logging_mixin.py:190} INFO - [2024-10-27T14:03:01.265+0000] {dagbag.py:588} INFO - Filling up the DagBag from /home/airflow/.local/lib/python3.12/site-packages/airflow/example_dags/tutorial.py
[2024-10-27T14:03:01.288+0000] {processor.py:925} INFO - DAG(s) 'tutorial' retrieved from /home/airflow/.local/lib/python3.12/site-packages/airflow/example_dags/tutorial.py
[2024-10-27T14:03:01.335+0000] {logging_mixin.py:190} INFO - [2024-10-27T14:03:01.334+0000] {dag.py:3239} INFO - Sync 1 DAGs
[2024-10-27T14:03:01.388+0000] {logging_mixin.py:190} INFO - [2024-10-27T14:03:01.387+0000] {dag.py:4180} INFO - Setting next_dagrun for tutorial to 2024-10-26 00:00:00+00:00, run_after=2024-10-27 00:00:00+00:00
[2024-10-27T14:03:01.436+0000] {processor.py:208} INFO - Processing /home/airflow/.local/lib/python3.12/site-packages/airflow/example_dags/tutorial.py took 0.187 seconds
[2024-10-27T14:03:32.099+0000] {processor.py:186} INFO - Started process (PID=1237) to work on /home/airflow/.local/lib/python3.12/site-packages/airflow/example_dags/tutorial.py
[2024-10-27T14:03:32.101+0000] {processor.py:914} INFO - Processing file /home/airflow/.local/lib/python3.12/site-packages/airflow/example_dags/tutorial.py for tasks to queue
[2024-10-27T14:03:32.106+0000] {logging_mixin.py:190} INFO - [2024-10-27T14:03:32.105+0000] {dagbag.py:588} INFO - Filling up the DagBag from /home/airflow/.local/lib/python3.12/site-packages/airflow/example_dags/tutorial.py
[2024-10-27T14:03:32.119+0000] {processor.py:925} INFO - DAG(s) 'tutorial' retrieved from /home/airflow/.local/lib/python3.12/site-packages/airflow/example_dags/tutorial.py
[2024-10-27T14:03:32.151+0000] {logging_mixin.py:190} INFO - [2024-10-27T14:03:32.151+0000] {dag.py:3239} INFO - Sync 1 DAGs
[2024-10-27T14:03:32.193+0000] {logging_mixin.py:190} INFO - [2024-10-27T14:03:32.193+0000] {dag.py:4180} INFO - Setting next_dagrun for tutorial to 2024-10-26 00:00:00+00:00, run_after=2024-10-27 00:00:00+00:00
[2024-10-27T14:03:32.281+0000] {processor.py:208} INFO - Processing /home/airflow/.local/lib/python3.12/site-packages/airflow/example_dags/tutorial.py took 0.193 seconds
[2024-10-27T14:04:02.423+0000] {processor.py:186} INFO - Started process (PID=1298) to work on /home/airflow/.local/lib/python3.12/site-packages/airflow/example_dags/tutorial.py
[2024-10-27T14:04:02.424+0000] {processor.py:914} INFO - Processing file /home/airflow/.local/lib/python3.12/site-packages/airflow/example_dags/tutorial.py for tasks to queue
[2024-10-27T14:04:02.428+0000] {logging_mixin.py:190} INFO - [2024-10-27T14:04:02.427+0000] {dagbag.py:588} INFO - Filling up the DagBag from /home/airflow/.local/lib/python3.12/site-packages/airflow/example_dags/tutorial.py
[2024-10-27T14:04:02.438+0000] {processor.py:925} INFO - DAG(s) 'tutorial' retrieved from /home/airflow/.local/lib/python3.12/site-packages/airflow/example_dags/tutorial.py
[2024-10-27T14:04:02.465+0000] {logging_mixin.py:190} INFO - [2024-10-27T14:04:02.464+0000] {dag.py:3239} INFO - Sync 1 DAGs
[2024-10-27T14:04:02.500+0000] {logging_mixin.py:190} INFO - [2024-10-27T14:04:02.500+0000] {dag.py:4180} INFO - Setting next_dagrun for tutorial to 2024-10-26 00:00:00+00:00, run_after=2024-10-27 00:00:00+00:00
[2024-10-27T14:04:02.785+0000] {processor.py:208} INFO - Processing /home/airflow/.local/lib/python3.12/site-packages/airflow/example_dags/tutorial.py took 0.371 seconds
[2024-10-27T14:04:32.890+0000] {processor.py:186} INFO - Started process (PID=1359) to work on /home/airflow/.local/lib/python3.12/site-packages/airflow/example_dags/tutorial.py
[2024-10-27T14:04:32.891+0000] {processor.py:914} INFO - Processing file /home/airflow/.local/lib/python3.12/site-packages/airflow/example_dags/tutorial.py for tasks to queue
[2024-10-27T14:04:32.896+0000] {logging_mixin.py:190} INFO - [2024-10-27T14:04:32.895+0000] {dagbag.py:588} INFO - Filling up the DagBag from /home/airflow/.local/lib/python3.12/site-packages/airflow/example_dags/tutorial.py
[2024-10-27T14:04:32.911+0000] {processor.py:925} INFO - DAG(s) 'tutorial' retrieved from /home/airflow/.local/lib/python3.12/site-packages/airflow/example_dags/tutorial.py
[2024-10-27T14:04:32.947+0000] {logging_mixin.py:190} INFO - [2024-10-27T14:04:32.946+0000] {dag.py:3239} INFO - Sync 1 DAGs
[2024-10-27T14:04:33.001+0000] {logging_mixin.py:190} INFO - [2024-10-27T14:04:33.000+0000] {dag.py:4180} INFO - Setting next_dagrun for tutorial to 2024-10-26 00:00:00+00:00, run_after=2024-10-27 00:00:00+00:00
[2024-10-27T14:04:33.352+0000] {processor.py:208} INFO - Processing /home/airflow/.local/lib/python3.12/site-packages/airflow/example_dags/tutorial.py took 0.471 seconds
[2024-10-27T14:05:04.307+0000] {processor.py:186} INFO - Started process (PID=1421) to work on /home/airflow/.local/lib/python3.12/site-packages/airflow/example_dags/tutorial.py
[2024-10-27T14:05:04.309+0000] {processor.py:914} INFO - Processing file /home/airflow/.local/lib/python3.12/site-packages/airflow/example_dags/tutorial.py for tasks to queue
[2024-10-27T14:05:04.325+0000] {logging_mixin.py:190} INFO - [2024-10-27T14:05:04.324+0000] {dagbag.py:588} INFO - Filling up the DagBag from /home/airflow/.local/lib/python3.12/site-packages/airflow/example_dags/tutorial.py
[2024-10-27T14:05:04.347+0000] {processor.py:925} INFO - DAG(s) 'tutorial' retrieved from /home/airflow/.local/lib/python3.12/site-packages/airflow/example_dags/tutorial.py
[2024-10-27T14:05:04.460+0000] {logging_mixin.py:190} INFO - [2024-10-27T14:05:04.459+0000] {dag.py:3239} INFO - Sync 1 DAGs
[2024-10-27T14:05:04.551+0000] {logging_mixin.py:190} INFO - [2024-10-27T14:05:04.550+0000] {dag.py:4180} INFO - Setting next_dagrun for tutorial to 2024-10-26 00:00:00+00:00, run_after=2024-10-27 00:00:00+00:00
[2024-10-27T14:05:04.716+0000] {processor.py:208} INFO - Processing /home/airflow/.local/lib/python3.12/site-packages/airflow/example_dags/tutorial.py took 0.432 seconds
[2024-10-27T14:05:34.950+0000] {processor.py:186} INFO - Started process (PID=1483) to work on /home/airflow/.local/lib/python3.12/site-packages/airflow/example_dags/tutorial.py
[2024-10-27T14:05:34.952+0000] {processor.py:914} INFO - Processing file /home/airflow/.local/lib/python3.12/site-packages/airflow/example_dags/tutorial.py for tasks to queue
[2024-10-27T14:05:34.957+0000] {logging_mixin.py:190} INFO - [2024-10-27T14:05:34.956+0000] {dagbag.py:588} INFO - Filling up the DagBag from /home/airflow/.local/lib/python3.12/site-packages/airflow/example_dags/tutorial.py
[2024-10-27T14:05:34.968+0000] {processor.py:925} INFO - DAG(s) 'tutorial' retrieved from /home/airflow/.local/lib/python3.12/site-packages/airflow/example_dags/tutorial.py
[2024-10-27T14:05:35.004+0000] {logging_mixin.py:190} INFO - [2024-10-27T14:05:35.004+0000] {dag.py:3239} INFO - Sync 1 DAGs
[2024-10-27T14:05:35.099+0000] {logging_mixin.py:190} INFO - [2024-10-27T14:05:35.098+0000] {dag.py:4180} INFO - Setting next_dagrun for tutorial to 2024-10-26 00:00:00+00:00, run_after=2024-10-27 00:00:00+00:00
[2024-10-27T14:05:35.161+0000] {processor.py:208} INFO - Processing /home/airflow/.local/lib/python3.12/site-packages/airflow/example_dags/tutorial.py took 0.225 seconds
[2024-10-27T14:06:05.743+0000] {processor.py:186} INFO - Started process (PID=1544) to work on /home/airflow/.local/lib/python3.12/site-packages/airflow/example_dags/tutorial.py
[2024-10-27T14:06:05.744+0000] {processor.py:914} INFO - Processing file /home/airflow/.local/lib/python3.12/site-packages/airflow/example_dags/tutorial.py for tasks to queue
[2024-10-27T14:06:05.748+0000] {logging_mixin.py:190} INFO - [2024-10-27T14:06:05.747+0000] {dagbag.py:588} INFO - Filling up the DagBag from /home/airflow/.local/lib/python3.12/site-packages/airflow/example_dags/tutorial.py
[2024-10-27T14:06:05.760+0000] {processor.py:925} INFO - DAG(s) 'tutorial' retrieved from /home/airflow/.local/lib/python3.12/site-packages/airflow/example_dags/tutorial.py
[2024-10-27T14:06:05.798+0000] {logging_mixin.py:190} INFO - [2024-10-27T14:06:05.797+0000] {dag.py:3239} INFO - Sync 1 DAGs
[2024-10-27T14:06:05.846+0000] {logging_mixin.py:190} INFO - [2024-10-27T14:06:05.846+0000] {dag.py:4180} INFO - Setting next_dagrun for tutorial to 2024-10-26 00:00:00+00:00, run_after=2024-10-27 00:00:00+00:00
[2024-10-27T14:06:05.900+0000] {processor.py:208} INFO - Processing /home/airflow/.local/lib/python3.12/site-packages/airflow/example_dags/tutorial.py took 0.167 seconds
[2024-10-27T14:06:36.230+0000] {processor.py:186} INFO - Started process (PID=1606) to work on /home/airflow/.local/lib/python3.12/site-packages/airflow/example_dags/tutorial.py
[2024-10-27T14:06:36.232+0000] {processor.py:914} INFO - Processing file /home/airflow/.local/lib/python3.12/site-packages/airflow/example_dags/tutorial.py for tasks to queue
[2024-10-27T14:06:36.236+0000] {logging_mixin.py:190} INFO - [2024-10-27T14:06:36.236+0000] {dagbag.py:588} INFO - Filling up the DagBag from /home/airflow/.local/lib/python3.12/site-packages/airflow/example_dags/tutorial.py
[2024-10-27T14:06:36.256+0000] {processor.py:925} INFO - DAG(s) 'tutorial' retrieved from /home/airflow/.local/lib/python3.12/site-packages/airflow/example_dags/tutorial.py
[2024-10-27T14:06:36.303+0000] {logging_mixin.py:190} INFO - [2024-10-27T14:06:36.303+0000] {dag.py:3239} INFO - Sync 1 DAGs
[2024-10-27T14:06:36.372+0000] {logging_mixin.py:190} INFO - [2024-10-27T14:06:36.371+0000] {dag.py:4180} INFO - Setting next_dagrun for tutorial to 2024-10-26 00:00:00+00:00, run_after=2024-10-27 00:00:00+00:00
[2024-10-27T14:06:36.475+0000] {processor.py:208} INFO - Processing /home/airflow/.local/lib/python3.12/site-packages/airflow/example_dags/tutorial.py took 0.258 seconds
[2024-10-27T14:07:09.172+0000] {processor.py:186} INFO - Started process (PID=1668) to work on /home/airflow/.local/lib/python3.12/site-packages/airflow/example_dags/tutorial.py
[2024-10-27T14:07:09.174+0000] {processor.py:914} INFO - Processing file /home/airflow/.local/lib/python3.12/site-packages/airflow/example_dags/tutorial.py for tasks to queue
[2024-10-27T14:07:09.177+0000] {logging_mixin.py:190} INFO - [2024-10-27T14:07:09.177+0000] {dagbag.py:588} INFO - Filling up the DagBag from /home/airflow/.local/lib/python3.12/site-packages/airflow/example_dags/tutorial.py
[2024-10-27T14:07:09.191+0000] {processor.py:925} INFO - DAG(s) 'tutorial' retrieved from /home/airflow/.local/lib/python3.12/site-packages/airflow/example_dags/tutorial.py
[2024-10-27T14:07:09.243+0000] {logging_mixin.py:190} INFO - [2024-10-27T14:07:09.243+0000] {dag.py:3239} INFO - Sync 1 DAGs
[2024-10-27T14:07:09.287+0000] {logging_mixin.py:190} INFO - [2024-10-27T14:07:09.287+0000] {dag.py:4180} INFO - Setting next_dagrun for tutorial to 2024-10-26 00:00:00+00:00, run_after=2024-10-27 00:00:00+00:00
[2024-10-27T14:07:09.815+0000] {processor.py:208} INFO - Processing /home/airflow/.local/lib/python3.12/site-packages/airflow/example_dags/tutorial.py took 0.653 seconds
[2024-10-27T14:07:40.719+0000] {processor.py:186} INFO - Started process (PID=1730) to work on /home/airflow/.local/lib/python3.12/site-packages/airflow/example_dags/tutorial.py
[2024-10-27T14:07:40.726+0000] {processor.py:914} INFO - Processing file /home/airflow/.local/lib/python3.12/site-packages/airflow/example_dags/tutorial.py for tasks to queue
[2024-10-27T14:07:40.751+0000] {logging_mixin.py:190} INFO - [2024-10-27T14:07:40.750+0000] {dagbag.py:588} INFO - Filling up the DagBag from /home/airflow/.local/lib/python3.12/site-packages/airflow/example_dags/tutorial.py
[2024-10-27T14:07:40.779+0000] {processor.py:925} INFO - DAG(s) 'tutorial' retrieved from /home/airflow/.local/lib/python3.12/site-packages/airflow/example_dags/tutorial.py
[2024-10-27T14:07:40.852+0000] {logging_mixin.py:190} INFO - [2024-10-27T14:07:40.852+0000] {dag.py:3239} INFO - Sync 1 DAGs
[2024-10-27T14:07:40.927+0000] {logging_mixin.py:190} INFO - [2024-10-27T14:07:40.927+0000] {dag.py:4180} INFO - Setting next_dagrun for tutorial to 2024-10-26 00:00:00+00:00, run_after=2024-10-27 00:00:00+00:00
[2024-10-27T14:07:41.090+0000] {processor.py:208} INFO - Processing /home/airflow/.local/lib/python3.12/site-packages/airflow/example_dags/tutorial.py took 0.389 seconds
[2024-10-27T14:08:11.930+0000] {processor.py:186} INFO - Started process (PID=1799) to work on /home/airflow/.local/lib/python3.12/site-packages/airflow/example_dags/tutorial.py
[2024-10-27T14:08:11.932+0000] {processor.py:914} INFO - Processing file /home/airflow/.local/lib/python3.12/site-packages/airflow/example_dags/tutorial.py for tasks to queue
[2024-10-27T14:08:11.937+0000] {logging_mixin.py:190} INFO - [2024-10-27T14:08:11.936+0000] {dagbag.py:588} INFO - Filling up the DagBag from /home/airflow/.local/lib/python3.12/site-packages/airflow/example_dags/tutorial.py
[2024-10-27T14:08:11.953+0000] {processor.py:925} INFO - DAG(s) 'tutorial' retrieved from /home/airflow/.local/lib/python3.12/site-packages/airflow/example_dags/tutorial.py
[2024-10-27T14:08:11.999+0000] {logging_mixin.py:190} INFO - [2024-10-27T14:08:11.998+0000] {dag.py:3239} INFO - Sync 1 DAGs
[2024-10-27T14:08:12.050+0000] {logging_mixin.py:190} INFO - [2024-10-27T14:08:12.050+0000] {dag.py:4180} INFO - Setting next_dagrun for tutorial to 2024-10-26 00:00:00+00:00, run_after=2024-10-27 00:00:00+00:00
[2024-10-27T14:08:12.105+0000] {processor.py:208} INFO - Processing /home/airflow/.local/lib/python3.12/site-packages/airflow/example_dags/tutorial.py took 0.186 seconds
[2024-10-27T14:08:42.904+0000] {processor.py:186} INFO - Started process (PID=1862) to work on /home/airflow/.local/lib/python3.12/site-packages/airflow/example_dags/tutorial.py
[2024-10-27T14:08:42.927+0000] {processor.py:914} INFO - Processing file /home/airflow/.local/lib/python3.12/site-packages/airflow/example_dags/tutorial.py for tasks to queue
[2024-10-27T14:08:42.935+0000] {logging_mixin.py:190} INFO - [2024-10-27T14:08:42.934+0000] {dagbag.py:588} INFO - Filling up the DagBag from /home/airflow/.local/lib/python3.12/site-packages/airflow/example_dags/tutorial.py
[2024-10-27T14:08:42.959+0000] {processor.py:925} INFO - DAG(s) 'tutorial' retrieved from /home/airflow/.local/lib/python3.12/site-packages/airflow/example_dags/tutorial.py
[2024-10-27T14:08:43.077+0000] {logging_mixin.py:190} INFO - [2024-10-27T14:08:43.076+0000] {dag.py:3239} INFO - Sync 1 DAGs
[2024-10-27T14:08:43.177+0000] {logging_mixin.py:190} INFO - [2024-10-27T14:08:43.177+0000] {dag.py:4180} INFO - Setting next_dagrun for tutorial to 2024-10-26 00:00:00+00:00, run_after=2024-10-27 00:00:00+00:00
[2024-10-27T14:08:43.257+0000] {processor.py:208} INFO - Processing /home/airflow/.local/lib/python3.12/site-packages/airflow/example_dags/tutorial.py took 0.364 seconds
[2024-10-27T14:09:13.516+0000] {processor.py:186} INFO - Started process (PID=1924) to work on /home/airflow/.local/lib/python3.12/site-packages/airflow/example_dags/tutorial.py
[2024-10-27T14:09:13.518+0000] {processor.py:914} INFO - Processing file /home/airflow/.local/lib/python3.12/site-packages/airflow/example_dags/tutorial.py for tasks to queue
[2024-10-27T14:09:13.523+0000] {logging_mixin.py:190} INFO - [2024-10-27T14:09:13.522+0000] {dagbag.py:588} INFO - Filling up the DagBag from /home/airflow/.local/lib/python3.12/site-packages/airflow/example_dags/tutorial.py
[2024-10-27T14:09:13.539+0000] {processor.py:925} INFO - DAG(s) 'tutorial' retrieved from /home/airflow/.local/lib/python3.12/site-packages/airflow/example_dags/tutorial.py
[2024-10-27T14:09:13.571+0000] {logging_mixin.py:190} INFO - [2024-10-27T14:09:13.571+0000] {dag.py:3239} INFO - Sync 1 DAGs
[2024-10-27T14:09:13.621+0000] {logging_mixin.py:190} INFO - [2024-10-27T14:09:13.621+0000] {dag.py:4180} INFO - Setting next_dagrun for tutorial to 2024-10-26 00:00:00+00:00, run_after=2024-10-27 00:00:00+00:00
[2024-10-27T14:09:13.663+0000] {processor.py:208} INFO - Processing /home/airflow/.local/lib/python3.12/site-packages/airflow/example_dags/tutorial.py took 0.156 seconds
[2024-10-27T14:09:43.797+0000] {processor.py:186} INFO - Started process (PID=1986) to work on /home/airflow/.local/lib/python3.12/site-packages/airflow/example_dags/tutorial.py
[2024-10-27T14:09:43.798+0000] {processor.py:914} INFO - Processing file /home/airflow/.local/lib/python3.12/site-packages/airflow/example_dags/tutorial.py for tasks to queue
[2024-10-27T14:09:43.801+0000] {logging_mixin.py:190} INFO - [2024-10-27T14:09:43.801+0000] {dagbag.py:588} INFO - Filling up the DagBag from /home/airflow/.local/lib/python3.12/site-packages/airflow/example_dags/tutorial.py
[2024-10-27T14:09:43.811+0000] {processor.py:925} INFO - DAG(s) 'tutorial' retrieved from /home/airflow/.local/lib/python3.12/site-packages/airflow/example_dags/tutorial.py
[2024-10-27T14:09:43.837+0000] {logging_mixin.py:190} INFO - [2024-10-27T14:09:43.836+0000] {dag.py:3239} INFO - Sync 1 DAGs
[2024-10-27T14:09:43.871+0000] {logging_mixin.py:190} INFO - [2024-10-27T14:09:43.871+0000] {dag.py:4180} INFO - Setting next_dagrun for tutorial to 2024-10-26 00:00:00+00:00, run_after=2024-10-27 00:00:00+00:00
[2024-10-27T14:09:43.900+0000] {processor.py:208} INFO - Processing /home/airflow/.local/lib/python3.12/site-packages/airflow/example_dags/tutorial.py took 0.113 seconds
[2024-10-27T14:10:14.258+0000] {processor.py:186} INFO - Started process (PID=2047) to work on /home/airflow/.local/lib/python3.12/site-packages/airflow/example_dags/tutorial.py
[2024-10-27T14:10:14.260+0000] {processor.py:914} INFO - Processing file /home/airflow/.local/lib/python3.12/site-packages/airflow/example_dags/tutorial.py for tasks to queue
[2024-10-27T14:10:14.263+0000] {logging_mixin.py:190} INFO - [2024-10-27T14:10:14.262+0000] {dagbag.py:588} INFO - Filling up the DagBag from /home/airflow/.local/lib/python3.12/site-packages/airflow/example_dags/tutorial.py
[2024-10-27T14:10:14.273+0000] {processor.py:925} INFO - DAG(s) 'tutorial' retrieved from /home/airflow/.local/lib/python3.12/site-packages/airflow/example_dags/tutorial.py
[2024-10-27T14:10:14.307+0000] {logging_mixin.py:190} INFO - [2024-10-27T14:10:14.307+0000] {dag.py:3239} INFO - Sync 1 DAGs
[2024-10-27T14:10:14.348+0000] {logging_mixin.py:190} INFO - [2024-10-27T14:10:14.348+0000] {dag.py:4180} INFO - Setting next_dagrun for tutorial to 2024-10-26 00:00:00+00:00, run_after=2024-10-27 00:00:00+00:00
[2024-10-27T14:10:14.401+0000] {processor.py:208} INFO - Processing /home/airflow/.local/lib/python3.12/site-packages/airflow/example_dags/tutorial.py took 0.151 seconds
[2024-10-27T14:10:45.047+0000] {processor.py:186} INFO - Started process (PID=2109) to work on /home/airflow/.local/lib/python3.12/site-packages/airflow/example_dags/tutorial.py
[2024-10-27T14:10:45.054+0000] {processor.py:914} INFO - Processing file /home/airflow/.local/lib/python3.12/site-packages/airflow/example_dags/tutorial.py for tasks to queue
[2024-10-27T14:10:45.059+0000] {logging_mixin.py:190} INFO - [2024-10-27T14:10:45.058+0000] {dagbag.py:588} INFO - Filling up the DagBag from /home/airflow/.local/lib/python3.12/site-packages/airflow/example_dags/tutorial.py
[2024-10-27T14:10:45.109+0000] {processor.py:925} INFO - DAG(s) 'tutorial' retrieved from /home/airflow/.local/lib/python3.12/site-packages/airflow/example_dags/tutorial.py
[2024-10-27T14:10:45.172+0000] {logging_mixin.py:190} INFO - [2024-10-27T14:10:45.172+0000] {dag.py:3239} INFO - Sync 1 DAGs
[2024-10-27T14:10:45.269+0000] {logging_mixin.py:190} INFO - [2024-10-27T14:10:45.268+0000] {dag.py:4180} INFO - Setting next_dagrun for tutorial to 2024-10-26 00:00:00+00:00, run_after=2024-10-27 00:00:00+00:00
[2024-10-27T14:10:45.504+0000] {processor.py:208} INFO - Processing /home/airflow/.local/lib/python3.12/site-packages/airflow/example_dags/tutorial.py took 0.471 seconds
[2024-10-27T14:11:16.277+0000] {processor.py:186} INFO - Started process (PID=2171) to work on /home/airflow/.local/lib/python3.12/site-packages/airflow/example_dags/tutorial.py
[2024-10-27T14:11:16.298+0000] {processor.py:914} INFO - Processing file /home/airflow/.local/lib/python3.12/site-packages/airflow/example_dags/tutorial.py for tasks to queue
[2024-10-27T14:11:16.303+0000] {logging_mixin.py:190} INFO - [2024-10-27T14:11:16.302+0000] {dagbag.py:588} INFO - Filling up the DagBag from /home/airflow/.local/lib/python3.12/site-packages/airflow/example_dags/tutorial.py
[2024-10-27T14:11:16.318+0000] {processor.py:925} INFO - DAG(s) 'tutorial' retrieved from /home/airflow/.local/lib/python3.12/site-packages/airflow/example_dags/tutorial.py
[2024-10-27T14:11:16.352+0000] {logging_mixin.py:190} INFO - [2024-10-27T14:11:16.352+0000] {dag.py:3239} INFO - Sync 1 DAGs
[2024-10-27T14:11:16.393+0000] {logging_mixin.py:190} INFO - [2024-10-27T14:11:16.393+0000] {dag.py:4180} INFO - Setting next_dagrun for tutorial to 2024-10-26 00:00:00+00:00, run_after=2024-10-27 00:00:00+00:00
[2024-10-27T14:11:16.697+0000] {processor.py:208} INFO - Processing /home/airflow/.local/lib/python3.12/site-packages/airflow/example_dags/tutorial.py took 0.428 seconds
[2024-10-27T14:11:47.063+0000] {processor.py:186} INFO - Started process (PID=2233) to work on /home/airflow/.local/lib/python3.12/site-packages/airflow/example_dags/tutorial.py
[2024-10-27T14:11:47.065+0000] {processor.py:914} INFO - Processing file /home/airflow/.local/lib/python3.12/site-packages/airflow/example_dags/tutorial.py for tasks to queue
[2024-10-27T14:11:47.069+0000] {logging_mixin.py:190} INFO - [2024-10-27T14:11:47.068+0000] {dagbag.py:588} INFO - Filling up the DagBag from /home/airflow/.local/lib/python3.12/site-packages/airflow/example_dags/tutorial.py
[2024-10-27T14:11:47.079+0000] {processor.py:925} INFO - DAG(s) 'tutorial' retrieved from /home/airflow/.local/lib/python3.12/site-packages/airflow/example_dags/tutorial.py
[2024-10-27T14:11:47.139+0000] {logging_mixin.py:190} INFO - [2024-10-27T14:11:47.138+0000] {dag.py:3239} INFO - Sync 1 DAGs
[2024-10-27T14:11:47.183+0000] {logging_mixin.py:190} INFO - [2024-10-27T14:11:47.183+0000] {dag.py:4180} INFO - Setting next_dagrun for tutorial to 2024-10-26 00:00:00+00:00, run_after=2024-10-27 00:00:00+00:00
[2024-10-27T14:11:47.409+0000] {processor.py:208} INFO - Processing /home/airflow/.local/lib/python3.12/site-packages/airflow/example_dags/tutorial.py took 0.357 seconds
[2024-10-27T14:12:17.538+0000] {processor.py:186} INFO - Started process (PID=2295) to work on /home/airflow/.local/lib/python3.12/site-packages/airflow/example_dags/tutorial.py
[2024-10-27T14:12:17.540+0000] {processor.py:914} INFO - Processing file /home/airflow/.local/lib/python3.12/site-packages/airflow/example_dags/tutorial.py for tasks to queue
[2024-10-27T14:12:17.544+0000] {logging_mixin.py:190} INFO - [2024-10-27T14:12:17.543+0000] {dagbag.py:588} INFO - Filling up the DagBag from /home/airflow/.local/lib/python3.12/site-packages/airflow/example_dags/tutorial.py
[2024-10-27T14:12:17.558+0000] {processor.py:925} INFO - DAG(s) 'tutorial' retrieved from /home/airflow/.local/lib/python3.12/site-packages/airflow/example_dags/tutorial.py
[2024-10-27T14:12:17.598+0000] {logging_mixin.py:190} INFO - [2024-10-27T14:12:17.598+0000] {dag.py:3239} INFO - Sync 1 DAGs
[2024-10-27T14:12:17.648+0000] {logging_mixin.py:190} INFO - [2024-10-27T14:12:17.648+0000] {dag.py:4180} INFO - Setting next_dagrun for tutorial to 2024-10-26 00:00:00+00:00, run_after=2024-10-27 00:00:00+00:00
[2024-10-27T14:12:17.888+0000] {processor.py:208} INFO - Processing /home/airflow/.local/lib/python3.12/site-packages/airflow/example_dags/tutorial.py took 0.359 seconds
[2024-10-27T14:12:48.759+0000] {processor.py:186} INFO - Started process (PID=2357) to work on /home/airflow/.local/lib/python3.12/site-packages/airflow/example_dags/tutorial.py
[2024-10-27T14:12:48.760+0000] {processor.py:914} INFO - Processing file /home/airflow/.local/lib/python3.12/site-packages/airflow/example_dags/tutorial.py for tasks to queue
[2024-10-27T14:12:48.764+0000] {logging_mixin.py:190} INFO - [2024-10-27T14:12:48.763+0000] {dagbag.py:588} INFO - Filling up the DagBag from /home/airflow/.local/lib/python3.12/site-packages/airflow/example_dags/tutorial.py
[2024-10-27T14:12:48.775+0000] {processor.py:925} INFO - DAG(s) 'tutorial' retrieved from /home/airflow/.local/lib/python3.12/site-packages/airflow/example_dags/tutorial.py
[2024-10-27T14:12:48.810+0000] {logging_mixin.py:190} INFO - [2024-10-27T14:12:48.810+0000] {dag.py:3239} INFO - Sync 1 DAGs
[2024-10-27T14:12:48.855+0000] {logging_mixin.py:190} INFO - [2024-10-27T14:12:48.854+0000] {dag.py:4180} INFO - Setting next_dagrun for tutorial to 2024-10-26 00:00:00+00:00, run_after=2024-10-27 00:00:00+00:00
[2024-10-27T14:12:48.993+0000] {processor.py:208} INFO - Processing /home/airflow/.local/lib/python3.12/site-packages/airflow/example_dags/tutorial.py took 0.243 seconds
[2024-10-27T14:13:19.957+0000] {processor.py:186} INFO - Started process (PID=2419) to work on /home/airflow/.local/lib/python3.12/site-packages/airflow/example_dags/tutorial.py
[2024-10-27T14:13:19.958+0000] {processor.py:914} INFO - Processing file /home/airflow/.local/lib/python3.12/site-packages/airflow/example_dags/tutorial.py for tasks to queue
[2024-10-27T14:13:19.962+0000] {logging_mixin.py:190} INFO - [2024-10-27T14:13:19.961+0000] {dagbag.py:588} INFO - Filling up the DagBag from /home/airflow/.local/lib/python3.12/site-packages/airflow/example_dags/tutorial.py
[2024-10-27T14:13:19.972+0000] {processor.py:925} INFO - DAG(s) 'tutorial' retrieved from /home/airflow/.local/lib/python3.12/site-packages/airflow/example_dags/tutorial.py
[2024-10-27T14:13:19.998+0000] {logging_mixin.py:190} INFO - [2024-10-27T14:13:19.997+0000] {dag.py:3239} INFO - Sync 1 DAGs
[2024-10-27T14:13:20.029+0000] {logging_mixin.py:190} INFO - [2024-10-27T14:13:20.029+0000] {dag.py:4180} INFO - Setting next_dagrun for tutorial to 2024-10-26 00:00:00+00:00, run_after=2024-10-27 00:00:00+00:00
[2024-10-27T14:13:20.169+0000] {processor.py:208} INFO - Processing /home/airflow/.local/lib/python3.12/site-packages/airflow/example_dags/tutorial.py took 0.221 seconds
[2024-10-27T14:13:50.831+0000] {processor.py:186} INFO - Started process (PID=2480) to work on /home/airflow/.local/lib/python3.12/site-packages/airflow/example_dags/tutorial.py
[2024-10-27T14:13:50.833+0000] {processor.py:914} INFO - Processing file /home/airflow/.local/lib/python3.12/site-packages/airflow/example_dags/tutorial.py for tasks to queue
[2024-10-27T14:13:50.837+0000] {logging_mixin.py:190} INFO - [2024-10-27T14:13:50.837+0000] {dagbag.py:588} INFO - Filling up the DagBag from /home/airflow/.local/lib/python3.12/site-packages/airflow/example_dags/tutorial.py
[2024-10-27T14:13:50.850+0000] {processor.py:925} INFO - DAG(s) 'tutorial' retrieved from /home/airflow/.local/lib/python3.12/site-packages/airflow/example_dags/tutorial.py
[2024-10-27T14:13:50.882+0000] {logging_mixin.py:190} INFO - [2024-10-27T14:13:50.882+0000] {dag.py:3239} INFO - Sync 1 DAGs
[2024-10-27T14:13:50.939+0000] {logging_mixin.py:190} INFO - [2024-10-27T14:13:50.939+0000] {dag.py:4180} INFO - Setting next_dagrun for tutorial to 2024-10-26 00:00:00+00:00, run_after=2024-10-27 00:00:00+00:00
[2024-10-27T14:13:50.988+0000] {processor.py:208} INFO - Processing /home/airflow/.local/lib/python3.12/site-packages/airflow/example_dags/tutorial.py took 0.181 seconds
[2024-10-27T14:14:21.922+0000] {processor.py:186} INFO - Started process (PID=2540) to work on /home/airflow/.local/lib/python3.12/site-packages/airflow/example_dags/tutorial.py
[2024-10-27T14:14:21.924+0000] {processor.py:914} INFO - Processing file /home/airflow/.local/lib/python3.12/site-packages/airflow/example_dags/tutorial.py for tasks to queue
[2024-10-27T14:14:21.927+0000] {logging_mixin.py:190} INFO - [2024-10-27T14:14:21.926+0000] {dagbag.py:588} INFO - Filling up the DagBag from /home/airflow/.local/lib/python3.12/site-packages/airflow/example_dags/tutorial.py
[2024-10-27T14:14:21.937+0000] {processor.py:925} INFO - DAG(s) 'tutorial' retrieved from /home/airflow/.local/lib/python3.12/site-packages/airflow/example_dags/tutorial.py
[2024-10-27T14:14:21.967+0000] {logging_mixin.py:190} INFO - [2024-10-27T14:14:21.966+0000] {dag.py:3239} INFO - Sync 1 DAGs
[2024-10-27T14:14:22.011+0000] {logging_mixin.py:190} INFO - [2024-10-27T14:14:22.011+0000] {dag.py:4180} INFO - Setting next_dagrun for tutorial to 2024-10-26 00:00:00+00:00, run_after=2024-10-27 00:00:00+00:00
[2024-10-27T14:14:22.088+0000] {processor.py:208} INFO - Processing /home/airflow/.local/lib/python3.12/site-packages/airflow/example_dags/tutorial.py took 0.174 seconds
[2024-10-27T14:14:52.752+0000] {processor.py:186} INFO - Started process (PID=2602) to work on /home/airflow/.local/lib/python3.12/site-packages/airflow/example_dags/tutorial.py
[2024-10-27T14:14:52.753+0000] {processor.py:914} INFO - Processing file /home/airflow/.local/lib/python3.12/site-packages/airflow/example_dags/tutorial.py for tasks to queue
[2024-10-27T14:14:52.756+0000] {logging_mixin.py:190} INFO - [2024-10-27T14:14:52.756+0000] {dagbag.py:588} INFO - Filling up the DagBag from /home/airflow/.local/lib/python3.12/site-packages/airflow/example_dags/tutorial.py
[2024-10-27T14:14:52.769+0000] {processor.py:925} INFO - DAG(s) 'tutorial' retrieved from /home/airflow/.local/lib/python3.12/site-packages/airflow/example_dags/tutorial.py
[2024-10-27T14:14:52.800+0000] {logging_mixin.py:190} INFO - [2024-10-27T14:14:52.800+0000] {dag.py:3239} INFO - Sync 1 DAGs
[2024-10-27T14:14:52.835+0000] {logging_mixin.py:190} INFO - [2024-10-27T14:14:52.835+0000] {dag.py:4180} INFO - Setting next_dagrun for tutorial to 2024-10-26 00:00:00+00:00, run_after=2024-10-27 00:00:00+00:00
[2024-10-27T14:14:52.915+0000] {processor.py:208} INFO - Processing /home/airflow/.local/lib/python3.12/site-packages/airflow/example_dags/tutorial.py took 0.174 seconds
[2024-10-27T14:15:24.222+0000] {processor.py:186} INFO - Started process (PID=2664) to work on /home/airflow/.local/lib/python3.12/site-packages/airflow/example_dags/tutorial.py
[2024-10-27T14:15:24.224+0000] {processor.py:914} INFO - Processing file /home/airflow/.local/lib/python3.12/site-packages/airflow/example_dags/tutorial.py for tasks to queue
[2024-10-27T14:15:24.228+0000] {logging_mixin.py:190} INFO - [2024-10-27T14:15:24.228+0000] {dagbag.py:588} INFO - Filling up the DagBag from /home/airflow/.local/lib/python3.12/site-packages/airflow/example_dags/tutorial.py
[2024-10-27T14:15:24.241+0000] {processor.py:925} INFO - DAG(s) 'tutorial' retrieved from /home/airflow/.local/lib/python3.12/site-packages/airflow/example_dags/tutorial.py
[2024-10-27T14:15:24.271+0000] {logging_mixin.py:190} INFO - [2024-10-27T14:15:24.271+0000] {dag.py:3239} INFO - Sync 1 DAGs
[2024-10-27T14:15:24.306+0000] {logging_mixin.py:190} INFO - [2024-10-27T14:15:24.306+0000] {dag.py:4180} INFO - Setting next_dagrun for tutorial to 2024-10-26 00:00:00+00:00, run_after=2024-10-27 00:00:00+00:00
[2024-10-27T14:15:24.578+0000] {processor.py:208} INFO - Processing /home/airflow/.local/lib/python3.12/site-packages/airflow/example_dags/tutorial.py took 0.364 seconds
[2024-10-27T14:15:54.941+0000] {processor.py:186} INFO - Started process (PID=2726) to work on /home/airflow/.local/lib/python3.12/site-packages/airflow/example_dags/tutorial.py
[2024-10-27T14:15:54.943+0000] {processor.py:914} INFO - Processing file /home/airflow/.local/lib/python3.12/site-packages/airflow/example_dags/tutorial.py for tasks to queue
[2024-10-27T14:15:54.947+0000] {logging_mixin.py:190} INFO - [2024-10-27T14:15:54.946+0000] {dagbag.py:588} INFO - Filling up the DagBag from /home/airflow/.local/lib/python3.12/site-packages/airflow/example_dags/tutorial.py
[2024-10-27T14:15:54.960+0000] {processor.py:925} INFO - DAG(s) 'tutorial' retrieved from /home/airflow/.local/lib/python3.12/site-packages/airflow/example_dags/tutorial.py
[2024-10-27T14:15:55.009+0000] {logging_mixin.py:190} INFO - [2024-10-27T14:15:55.008+0000] {dag.py:3239} INFO - Sync 1 DAGs
[2024-10-27T14:15:55.133+0000] {logging_mixin.py:190} INFO - [2024-10-27T14:15:55.132+0000] {dag.py:4180} INFO - Setting next_dagrun for tutorial to 2024-10-26 00:00:00+00:00, run_after=2024-10-27 00:00:00+00:00
[2024-10-27T14:15:55.281+0000] {processor.py:208} INFO - Processing /home/airflow/.local/lib/python3.12/site-packages/airflow/example_dags/tutorial.py took 0.350 seconds
[2024-10-27T14:16:26.042+0000] {processor.py:186} INFO - Started process (PID=2788) to work on /home/airflow/.local/lib/python3.12/site-packages/airflow/example_dags/tutorial.py
[2024-10-27T14:16:26.044+0000] {processor.py:914} INFO - Processing file /home/airflow/.local/lib/python3.12/site-packages/airflow/example_dags/tutorial.py for tasks to queue
[2024-10-27T14:16:26.049+0000] {logging_mixin.py:190} INFO - [2024-10-27T14:16:26.048+0000] {dagbag.py:588} INFO - Filling up the DagBag from /home/airflow/.local/lib/python3.12/site-packages/airflow/example_dags/tutorial.py
[2024-10-27T14:16:26.066+0000] {processor.py:925} INFO - DAG(s) 'tutorial' retrieved from /home/airflow/.local/lib/python3.12/site-packages/airflow/example_dags/tutorial.py
[2024-10-27T14:16:26.095+0000] {logging_mixin.py:190} INFO - [2024-10-27T14:16:26.094+0000] {dag.py:3239} INFO - Sync 1 DAGs
[2024-10-27T14:16:26.132+0000] {logging_mixin.py:190} INFO - [2024-10-27T14:16:26.132+0000] {dag.py:4180} INFO - Setting next_dagrun for tutorial to 2024-10-26 00:00:00+00:00, run_after=2024-10-27 00:00:00+00:00
[2024-10-27T14:16:26.411+0000] {processor.py:208} INFO - Processing /home/airflow/.local/lib/python3.12/site-packages/airflow/example_dags/tutorial.py took 0.377 seconds
[2024-10-27T14:16:57.018+0000] {processor.py:186} INFO - Started process (PID=2850) to work on /home/airflow/.local/lib/python3.12/site-packages/airflow/example_dags/tutorial.py
[2024-10-27T14:16:57.023+0000] {processor.py:914} INFO - Processing file /home/airflow/.local/lib/python3.12/site-packages/airflow/example_dags/tutorial.py for tasks to queue
[2024-10-27T14:16:57.042+0000] {logging_mixin.py:190} INFO - [2024-10-27T14:16:57.042+0000] {dagbag.py:588} INFO - Filling up the DagBag from /home/airflow/.local/lib/python3.12/site-packages/airflow/example_dags/tutorial.py
[2024-10-27T14:16:57.091+0000] {processor.py:925} INFO - DAG(s) 'tutorial' retrieved from /home/airflow/.local/lib/python3.12/site-packages/airflow/example_dags/tutorial.py
[2024-10-27T14:16:57.140+0000] {logging_mixin.py:190} INFO - [2024-10-27T14:16:57.140+0000] {dag.py:3239} INFO - Sync 1 DAGs
[2024-10-27T14:16:57.208+0000] {logging_mixin.py:190} INFO - [2024-10-27T14:16:57.207+0000] {dag.py:4180} INFO - Setting next_dagrun for tutorial to 2024-10-26 00:00:00+00:00, run_after=2024-10-27 00:00:00+00:00
[2024-10-27T14:16:57.339+0000] {processor.py:208} INFO - Processing /home/airflow/.local/lib/python3.12/site-packages/airflow/example_dags/tutorial.py took 0.334 seconds
[2024-10-27T14:17:28.207+0000] {processor.py:186} INFO - Started process (PID=2912) to work on /home/airflow/.local/lib/python3.12/site-packages/airflow/example_dags/tutorial.py
[2024-10-27T14:17:28.209+0000] {processor.py:914} INFO - Processing file /home/airflow/.local/lib/python3.12/site-packages/airflow/example_dags/tutorial.py for tasks to queue
[2024-10-27T14:17:28.215+0000] {logging_mixin.py:190} INFO - [2024-10-27T14:17:28.213+0000] {dagbag.py:588} INFO - Filling up the DagBag from /home/airflow/.local/lib/python3.12/site-packages/airflow/example_dags/tutorial.py
[2024-10-27T14:17:28.231+0000] {processor.py:925} INFO - DAG(s) 'tutorial' retrieved from /home/airflow/.local/lib/python3.12/site-packages/airflow/example_dags/tutorial.py
[2024-10-27T14:17:28.295+0000] {logging_mixin.py:190} INFO - [2024-10-27T14:17:28.294+0000] {dag.py:3239} INFO - Sync 1 DAGs
[2024-10-27T14:17:28.374+0000] {logging_mixin.py:190} INFO - [2024-10-27T14:17:28.374+0000] {dag.py:4180} INFO - Setting next_dagrun for tutorial to 2024-10-26 00:00:00+00:00, run_after=2024-10-27 00:00:00+00:00
[2024-10-27T14:17:28.460+0000] {processor.py:208} INFO - Processing /home/airflow/.local/lib/python3.12/site-packages/airflow/example_dags/tutorial.py took 0.269 seconds
[2024-10-27T14:17:59.062+0000] {processor.py:186} INFO - Started process (PID=2973) to work on /home/airflow/.local/lib/python3.12/site-packages/airflow/example_dags/tutorial.py
[2024-10-27T14:17:59.068+0000] {processor.py:914} INFO - Processing file /home/airflow/.local/lib/python3.12/site-packages/airflow/example_dags/tutorial.py for tasks to queue
[2024-10-27T14:17:59.073+0000] {logging_mixin.py:190} INFO - [2024-10-27T14:17:59.072+0000] {dagbag.py:588} INFO - Filling up the DagBag from /home/airflow/.local/lib/python3.12/site-packages/airflow/example_dags/tutorial.py
[2024-10-27T14:17:59.087+0000] {processor.py:925} INFO - DAG(s) 'tutorial' retrieved from /home/airflow/.local/lib/python3.12/site-packages/airflow/example_dags/tutorial.py
[2024-10-27T14:17:59.118+0000] {logging_mixin.py:190} INFO - [2024-10-27T14:17:59.117+0000] {dag.py:3239} INFO - Sync 1 DAGs
[2024-10-27T14:17:59.157+0000] {logging_mixin.py:190} INFO - [2024-10-27T14:17:59.157+0000] {dag.py:4180} INFO - Setting next_dagrun for tutorial to 2024-10-26 00:00:00+00:00, run_after=2024-10-27 00:00:00+00:00
[2024-10-27T14:17:59.230+0000] {processor.py:208} INFO - Processing /home/airflow/.local/lib/python3.12/site-packages/airflow/example_dags/tutorial.py took 0.178 seconds
[2024-10-27T14:18:30.030+0000] {processor.py:186} INFO - Started process (PID=3035) to work on /home/airflow/.local/lib/python3.12/site-packages/airflow/example_dags/tutorial.py
[2024-10-27T14:18:30.230+0000] {processor.py:914} INFO - Processing file /home/airflow/.local/lib/python3.12/site-packages/airflow/example_dags/tutorial.py for tasks to queue
[2024-10-27T14:18:30.244+0000] {logging_mixin.py:190} INFO - [2024-10-27T14:18:30.243+0000] {dagbag.py:588} INFO - Filling up the DagBag from /home/airflow/.local/lib/python3.12/site-packages/airflow/example_dags/tutorial.py
[2024-10-27T14:18:30.286+0000] {processor.py:925} INFO - DAG(s) 'tutorial' retrieved from /home/airflow/.local/lib/python3.12/site-packages/airflow/example_dags/tutorial.py
[2024-10-27T14:18:30.332+0000] {logging_mixin.py:190} INFO - [2024-10-27T14:18:30.331+0000] {dag.py:3239} INFO - Sync 1 DAGs
[2024-10-27T14:18:30.375+0000] {logging_mixin.py:190} INFO - [2024-10-27T14:18:30.374+0000] {dag.py:4180} INFO - Setting next_dagrun for tutorial to 2024-10-26 00:00:00+00:00, run_after=2024-10-27 00:00:00+00:00
[2024-10-27T14:18:30.464+0000] {processor.py:208} INFO - Processing /home/airflow/.local/lib/python3.12/site-packages/airflow/example_dags/tutorial.py took 0.446 seconds
[2024-10-27T14:19:01.148+0000] {processor.py:186} INFO - Started process (PID=3098) to work on /home/airflow/.local/lib/python3.12/site-packages/airflow/example_dags/tutorial.py
[2024-10-27T14:19:01.180+0000] {processor.py:914} INFO - Processing file /home/airflow/.local/lib/python3.12/site-packages/airflow/example_dags/tutorial.py for tasks to queue
[2024-10-27T14:19:01.195+0000] {logging_mixin.py:190} INFO - [2024-10-27T14:19:01.193+0000] {dagbag.py:588} INFO - Filling up the DagBag from /home/airflow/.local/lib/python3.12/site-packages/airflow/example_dags/tutorial.py
[2024-10-27T14:19:01.219+0000] {processor.py:925} INFO - DAG(s) 'tutorial' retrieved from /home/airflow/.local/lib/python3.12/site-packages/airflow/example_dags/tutorial.py
[2024-10-27T14:19:01.289+0000] {logging_mixin.py:190} INFO - [2024-10-27T14:19:01.288+0000] {dag.py:3239} INFO - Sync 1 DAGs
[2024-10-27T14:19:01.402+0000] {logging_mixin.py:190} INFO - [2024-10-27T14:19:01.402+0000] {dag.py:4180} INFO - Setting next_dagrun for tutorial to 2024-10-26 00:00:00+00:00, run_after=2024-10-27 00:00:00+00:00
[2024-10-27T14:19:01.485+0000] {processor.py:208} INFO - Processing /home/airflow/.local/lib/python3.12/site-packages/airflow/example_dags/tutorial.py took 0.356 seconds
[2024-10-27T14:19:32.177+0000] {processor.py:186} INFO - Started process (PID=3161) to work on /home/airflow/.local/lib/python3.12/site-packages/airflow/example_dags/tutorial.py
[2024-10-27T14:19:32.183+0000] {processor.py:914} INFO - Processing file /home/airflow/.local/lib/python3.12/site-packages/airflow/example_dags/tutorial.py for tasks to queue
[2024-10-27T14:19:32.192+0000] {logging_mixin.py:190} INFO - [2024-10-27T14:19:32.191+0000] {dagbag.py:588} INFO - Filling up the DagBag from /home/airflow/.local/lib/python3.12/site-packages/airflow/example_dags/tutorial.py
[2024-10-27T14:19:32.256+0000] {processor.py:925} INFO - DAG(s) 'tutorial' retrieved from /home/airflow/.local/lib/python3.12/site-packages/airflow/example_dags/tutorial.py
[2024-10-27T14:19:32.410+0000] {logging_mixin.py:190} INFO - [2024-10-27T14:19:32.410+0000] {dag.py:3239} INFO - Sync 1 DAGs
[2024-10-27T14:19:32.510+0000] {logging_mixin.py:190} INFO - [2024-10-27T14:19:32.510+0000] {dag.py:4180} INFO - Setting next_dagrun for tutorial to 2024-10-26 00:00:00+00:00, run_after=2024-10-27 00:00:00+00:00
[2024-10-27T14:19:32.575+0000] {processor.py:208} INFO - Processing /home/airflow/.local/lib/python3.12/site-packages/airflow/example_dags/tutorial.py took 0.411 seconds
[2024-10-27T14:20:03.754+0000] {processor.py:186} INFO - Started process (PID=3223) to work on /home/airflow/.local/lib/python3.12/site-packages/airflow/example_dags/tutorial.py
[2024-10-27T14:20:03.777+0000] {processor.py:914} INFO - Processing file /home/airflow/.local/lib/python3.12/site-packages/airflow/example_dags/tutorial.py for tasks to queue
[2024-10-27T14:20:03.789+0000] {logging_mixin.py:190} INFO - [2024-10-27T14:20:03.788+0000] {dagbag.py:588} INFO - Filling up the DagBag from /home/airflow/.local/lib/python3.12/site-packages/airflow/example_dags/tutorial.py
[2024-10-27T14:20:03.836+0000] {processor.py:925} INFO - DAG(s) 'tutorial' retrieved from /home/airflow/.local/lib/python3.12/site-packages/airflow/example_dags/tutorial.py
[2024-10-27T14:20:03.885+0000] {logging_mixin.py:190} INFO - [2024-10-27T14:20:03.885+0000] {dag.py:3239} INFO - Sync 1 DAGs
[2024-10-27T14:20:03.941+0000] {logging_mixin.py:190} INFO - [2024-10-27T14:20:03.941+0000] {dag.py:4180} INFO - Setting next_dagrun for tutorial to 2024-10-26 00:00:00+00:00, run_after=2024-10-27 00:00:00+00:00
[2024-10-27T14:20:04.094+0000] {processor.py:208} INFO - Processing /home/airflow/.local/lib/python3.12/site-packages/airflow/example_dags/tutorial.py took 0.357 seconds
[2024-10-27T14:20:37.638+0000] {processor.py:186} INFO - Started process (PID=3285) to work on /home/airflow/.local/lib/python3.12/site-packages/airflow/example_dags/tutorial.py
[2024-10-27T14:20:37.647+0000] {processor.py:914} INFO - Processing file /home/airflow/.local/lib/python3.12/site-packages/airflow/example_dags/tutorial.py for tasks to queue
[2024-10-27T14:20:37.653+0000] {logging_mixin.py:190} INFO - [2024-10-27T14:20:37.653+0000] {dagbag.py:588} INFO - Filling up the DagBag from /home/airflow/.local/lib/python3.12/site-packages/airflow/example_dags/tutorial.py
[2024-10-27T14:20:37.692+0000] {processor.py:925} INFO - DAG(s) 'tutorial' retrieved from /home/airflow/.local/lib/python3.12/site-packages/airflow/example_dags/tutorial.py
[2024-10-27T14:20:37.819+0000] {logging_mixin.py:190} INFO - [2024-10-27T14:20:37.818+0000] {dag.py:3239} INFO - Sync 1 DAGs
[2024-10-27T14:20:37.954+0000] {logging_mixin.py:190} INFO - [2024-10-27T14:20:37.953+0000] {dag.py:4180} INFO - Setting next_dagrun for tutorial to 2024-10-26 00:00:00+00:00, run_after=2024-10-27 00:00:00+00:00
[2024-10-27T14:20:38.076+0000] {processor.py:208} INFO - Processing /home/airflow/.local/lib/python3.12/site-packages/airflow/example_dags/tutorial.py took 0.458 seconds
[2024-10-27T14:21:16.482+0000] {processor.py:186} INFO - Started process (PID=3351) to work on /home/airflow/.local/lib/python3.12/site-packages/airflow/example_dags/tutorial.py
[2024-10-27T14:21:16.494+0000] {processor.py:914} INFO - Processing file /home/airflow/.local/lib/python3.12/site-packages/airflow/example_dags/tutorial.py for tasks to queue
[2024-10-27T14:21:16.498+0000] {logging_mixin.py:190} INFO - [2024-10-27T14:21:16.497+0000] {dagbag.py:588} INFO - Filling up the DagBag from /home/airflow/.local/lib/python3.12/site-packages/airflow/example_dags/tutorial.py
[2024-10-27T14:21:16.521+0000] {processor.py:925} INFO - DAG(s) 'tutorial' retrieved from /home/airflow/.local/lib/python3.12/site-packages/airflow/example_dags/tutorial.py
[2024-10-27T14:21:16.581+0000] {logging_mixin.py:190} INFO - [2024-10-27T14:21:16.580+0000] {dag.py:3239} INFO - Sync 1 DAGs
[2024-10-27T14:21:16.632+0000] {logging_mixin.py:190} INFO - [2024-10-27T14:21:16.632+0000] {dag.py:4180} INFO - Setting next_dagrun for tutorial to 2024-10-26 00:00:00+00:00, run_after=2024-10-27 00:00:00+00:00
[2024-10-27T14:21:16.676+0000] {processor.py:208} INFO - Processing /home/airflow/.local/lib/python3.12/site-packages/airflow/example_dags/tutorial.py took 0.206 seconds
[2024-10-27T14:21:50.443+0000] {processor.py:186} INFO - Started process (PID=3407) to work on /home/airflow/.local/lib/python3.12/site-packages/airflow/example_dags/tutorial.py
[2024-10-27T14:21:50.456+0000] {processor.py:914} INFO - Processing file /home/airflow/.local/lib/python3.12/site-packages/airflow/example_dags/tutorial.py for tasks to queue
[2024-10-27T14:21:50.462+0000] {logging_mixin.py:190} INFO - [2024-10-27T14:21:50.460+0000] {dagbag.py:588} INFO - Filling up the DagBag from /home/airflow/.local/lib/python3.12/site-packages/airflow/example_dags/tutorial.py
[2024-10-27T14:21:50.490+0000] {processor.py:925} INFO - DAG(s) 'tutorial' retrieved from /home/airflow/.local/lib/python3.12/site-packages/airflow/example_dags/tutorial.py
[2024-10-27T14:21:50.578+0000] {logging_mixin.py:190} INFO - [2024-10-27T14:21:50.578+0000] {dag.py:3239} INFO - Sync 1 DAGs
[2024-10-27T14:21:50.729+0000] {logging_mixin.py:190} INFO - [2024-10-27T14:21:50.728+0000] {dag.py:4180} INFO - Setting next_dagrun for tutorial to 2024-10-26 00:00:00+00:00, run_after=2024-10-27 00:00:00+00:00
[2024-10-27T14:21:51.469+0000] {processor.py:208} INFO - Processing /home/airflow/.local/lib/python3.12/site-packages/airflow/example_dags/tutorial.py took 1.038 seconds
[2024-10-27T14:22:22.554+0000] {processor.py:186} INFO - Started process (PID=3469) to work on /home/airflow/.local/lib/python3.12/site-packages/airflow/example_dags/tutorial.py
[2024-10-27T14:22:22.961+0000] {processor.py:914} INFO - Processing file /home/airflow/.local/lib/python3.12/site-packages/airflow/example_dags/tutorial.py for tasks to queue
[2024-10-27T14:22:22.966+0000] {logging_mixin.py:190} INFO - [2024-10-27T14:22:22.965+0000] {dagbag.py:588} INFO - Filling up the DagBag from /home/airflow/.local/lib/python3.12/site-packages/airflow/example_dags/tutorial.py
[2024-10-27T14:22:23.011+0000] {processor.py:925} INFO - DAG(s) 'tutorial' retrieved from /home/airflow/.local/lib/python3.12/site-packages/airflow/example_dags/tutorial.py
[2024-10-27T14:22:23.111+0000] {logging_mixin.py:190} INFO - [2024-10-27T14:22:23.110+0000] {dag.py:3239} INFO - Sync 1 DAGs
[2024-10-27T14:22:23.288+0000] {logging_mixin.py:190} INFO - [2024-10-27T14:22:23.272+0000] {dag.py:4180} INFO - Setting next_dagrun for tutorial to 2024-10-26 00:00:00+00:00, run_after=2024-10-27 00:00:00+00:00
[2024-10-27T14:22:23.609+0000] {processor.py:208} INFO - Processing /home/airflow/.local/lib/python3.12/site-packages/airflow/example_dags/tutorial.py took 1.071 seconds
[2024-10-27T14:22:53.849+0000] {processor.py:186} INFO - Started process (PID=3530) to work on /home/airflow/.local/lib/python3.12/site-packages/airflow/example_dags/tutorial.py
[2024-10-27T14:22:53.851+0000] {processor.py:914} INFO - Processing file /home/airflow/.local/lib/python3.12/site-packages/airflow/example_dags/tutorial.py for tasks to queue
[2024-10-27T14:22:53.857+0000] {logging_mixin.py:190} INFO - [2024-10-27T14:22:53.856+0000] {dagbag.py:588} INFO - Filling up the DagBag from /home/airflow/.local/lib/python3.12/site-packages/airflow/example_dags/tutorial.py
[2024-10-27T14:22:53.877+0000] {processor.py:925} INFO - DAG(s) 'tutorial' retrieved from /home/airflow/.local/lib/python3.12/site-packages/airflow/example_dags/tutorial.py
[2024-10-27T14:22:53.928+0000] {logging_mixin.py:190} INFO - [2024-10-27T14:22:53.928+0000] {dag.py:3239} INFO - Sync 1 DAGs
[2024-10-27T14:22:53.981+0000] {logging_mixin.py:190} INFO - [2024-10-27T14:22:53.981+0000] {dag.py:4180} INFO - Setting next_dagrun for tutorial to 2024-10-26 00:00:00+00:00, run_after=2024-10-27 00:00:00+00:00
[2024-10-27T14:22:54.205+0000] {processor.py:208} INFO - Processing /home/airflow/.local/lib/python3.12/site-packages/airflow/example_dags/tutorial.py took 0.368 seconds
[2024-10-27T14:23:24.518+0000] {processor.py:186} INFO - Started process (PID=3592) to work on /home/airflow/.local/lib/python3.12/site-packages/airflow/example_dags/tutorial.py
[2024-10-27T14:23:24.519+0000] {processor.py:914} INFO - Processing file /home/airflow/.local/lib/python3.12/site-packages/airflow/example_dags/tutorial.py for tasks to queue
[2024-10-27T14:23:24.523+0000] {logging_mixin.py:190} INFO - [2024-10-27T14:23:24.523+0000] {dagbag.py:588} INFO - Filling up the DagBag from /home/airflow/.local/lib/python3.12/site-packages/airflow/example_dags/tutorial.py
[2024-10-27T14:23:24.542+0000] {processor.py:925} INFO - DAG(s) 'tutorial' retrieved from /home/airflow/.local/lib/python3.12/site-packages/airflow/example_dags/tutorial.py
[2024-10-27T14:23:24.588+0000] {logging_mixin.py:190} INFO - [2024-10-27T14:23:24.587+0000] {dag.py:3239} INFO - Sync 1 DAGs
[2024-10-27T14:23:25.290+0000] {logging_mixin.py:190} INFO - [2024-10-27T14:23:25.289+0000] {dag.py:4180} INFO - Setting next_dagrun for tutorial to 2024-10-26 00:00:00+00:00, run_after=2024-10-27 00:00:00+00:00
[2024-10-27T14:23:25.520+0000] {processor.py:208} INFO - Processing /home/airflow/.local/lib/python3.12/site-packages/airflow/example_dags/tutorial.py took 1.016 seconds
[2024-10-27T14:23:56.255+0000] {processor.py:186} INFO - Started process (PID=3653) to work on /home/airflow/.local/lib/python3.12/site-packages/airflow/example_dags/tutorial.py
[2024-10-27T14:23:56.453+0000] {processor.py:914} INFO - Processing file /home/airflow/.local/lib/python3.12/site-packages/airflow/example_dags/tutorial.py for tasks to queue
[2024-10-27T14:23:56.461+0000] {logging_mixin.py:190} INFO - [2024-10-27T14:23:56.460+0000] {dagbag.py:588} INFO - Filling up the DagBag from /home/airflow/.local/lib/python3.12/site-packages/airflow/example_dags/tutorial.py
[2024-10-27T14:23:56.481+0000] {processor.py:925} INFO - DAG(s) 'tutorial' retrieved from /home/airflow/.local/lib/python3.12/site-packages/airflow/example_dags/tutorial.py
[2024-10-27T14:23:56.514+0000] {logging_mixin.py:190} INFO - [2024-10-27T14:23:56.513+0000] {dag.py:3239} INFO - Sync 1 DAGs
[2024-10-27T14:23:56.550+0000] {logging_mixin.py:190} INFO - [2024-10-27T14:23:56.550+0000] {dag.py:4180} INFO - Setting next_dagrun for tutorial to 2024-10-26 00:00:00+00:00, run_after=2024-10-27 00:00:00+00:00
[2024-10-27T14:23:57.181+0000] {processor.py:208} INFO - Processing /home/airflow/.local/lib/python3.12/site-packages/airflow/example_dags/tutorial.py took 0.938 seconds
[2024-10-27T14:24:27.291+0000] {processor.py:186} INFO - Started process (PID=3715) to work on /home/airflow/.local/lib/python3.12/site-packages/airflow/example_dags/tutorial.py
[2024-10-27T14:24:27.293+0000] {processor.py:914} INFO - Processing file /home/airflow/.local/lib/python3.12/site-packages/airflow/example_dags/tutorial.py for tasks to queue
[2024-10-27T14:24:27.298+0000] {logging_mixin.py:190} INFO - [2024-10-27T14:24:27.297+0000] {dagbag.py:588} INFO - Filling up the DagBag from /home/airflow/.local/lib/python3.12/site-packages/airflow/example_dags/tutorial.py
[2024-10-27T14:24:27.318+0000] {processor.py:925} INFO - DAG(s) 'tutorial' retrieved from /home/airflow/.local/lib/python3.12/site-packages/airflow/example_dags/tutorial.py
[2024-10-27T14:24:27.356+0000] {logging_mixin.py:190} INFO - [2024-10-27T14:24:27.356+0000] {dag.py:3239} INFO - Sync 1 DAGs
[2024-10-27T14:24:27.425+0000] {logging_mixin.py:190} INFO - [2024-10-27T14:24:27.424+0000] {dag.py:4180} INFO - Setting next_dagrun for tutorial to 2024-10-26 00:00:00+00:00, run_after=2024-10-27 00:00:00+00:00
[2024-10-27T14:24:27.464+0000] {processor.py:208} INFO - Processing /home/airflow/.local/lib/python3.12/site-packages/airflow/example_dags/tutorial.py took 0.187 seconds
[2024-10-27T14:24:57.714+0000] {processor.py:186} INFO - Started process (PID=3776) to work on /home/airflow/.local/lib/python3.12/site-packages/airflow/example_dags/tutorial.py
[2024-10-27T14:24:57.716+0000] {processor.py:914} INFO - Processing file /home/airflow/.local/lib/python3.12/site-packages/airflow/example_dags/tutorial.py for tasks to queue
[2024-10-27T14:24:57.720+0000] {logging_mixin.py:190} INFO - [2024-10-27T14:24:57.719+0000] {dagbag.py:588} INFO - Filling up the DagBag from /home/airflow/.local/lib/python3.12/site-packages/airflow/example_dags/tutorial.py
[2024-10-27T14:24:57.732+0000] {processor.py:925} INFO - DAG(s) 'tutorial' retrieved from /home/airflow/.local/lib/python3.12/site-packages/airflow/example_dags/tutorial.py
[2024-10-27T14:24:57.793+0000] {logging_mixin.py:190} INFO - [2024-10-27T14:24:57.792+0000] {dag.py:3239} INFO - Sync 1 DAGs
[2024-10-27T14:24:57.874+0000] {logging_mixin.py:190} INFO - [2024-10-27T14:24:57.874+0000] {dag.py:4180} INFO - Setting next_dagrun for tutorial to 2024-10-26 00:00:00+00:00, run_after=2024-10-27 00:00:00+00:00
[2024-10-27T14:24:57.945+0000] {processor.py:208} INFO - Processing /home/airflow/.local/lib/python3.12/site-packages/airflow/example_dags/tutorial.py took 0.242 seconds
[2024-10-27T14:25:28.053+0000] {processor.py:186} INFO - Started process (PID=3839) to work on /home/airflow/.local/lib/python3.12/site-packages/airflow/example_dags/tutorial.py
[2024-10-27T14:25:28.055+0000] {processor.py:914} INFO - Processing file /home/airflow/.local/lib/python3.12/site-packages/airflow/example_dags/tutorial.py for tasks to queue
[2024-10-27T14:25:28.058+0000] {logging_mixin.py:190} INFO - [2024-10-27T14:25:28.058+0000] {dagbag.py:588} INFO - Filling up the DagBag from /home/airflow/.local/lib/python3.12/site-packages/airflow/example_dags/tutorial.py
[2024-10-27T14:25:28.069+0000] {processor.py:925} INFO - DAG(s) 'tutorial' retrieved from /home/airflow/.local/lib/python3.12/site-packages/airflow/example_dags/tutorial.py
[2024-10-27T14:25:28.098+0000] {logging_mixin.py:190} INFO - [2024-10-27T14:25:28.098+0000] {dag.py:3239} INFO - Sync 1 DAGs
[2024-10-27T14:25:28.148+0000] {logging_mixin.py:190} INFO - [2024-10-27T14:25:28.148+0000] {dag.py:4180} INFO - Setting next_dagrun for tutorial to 2024-10-26 00:00:00+00:00, run_after=2024-10-27 00:00:00+00:00
[2024-10-27T14:25:28.290+0000] {processor.py:208} INFO - Processing /home/airflow/.local/lib/python3.12/site-packages/airflow/example_dags/tutorial.py took 0.245 seconds
[2024-10-27T14:25:58.383+0000] {processor.py:186} INFO - Started process (PID=3901) to work on /home/airflow/.local/lib/python3.12/site-packages/airflow/example_dags/tutorial.py
[2024-10-27T14:25:58.384+0000] {processor.py:914} INFO - Processing file /home/airflow/.local/lib/python3.12/site-packages/airflow/example_dags/tutorial.py for tasks to queue
[2024-10-27T14:25:58.388+0000] {logging_mixin.py:190} INFO - [2024-10-27T14:25:58.388+0000] {dagbag.py:588} INFO - Filling up the DagBag from /home/airflow/.local/lib/python3.12/site-packages/airflow/example_dags/tutorial.py
[2024-10-27T14:25:58.402+0000] {processor.py:925} INFO - DAG(s) 'tutorial' retrieved from /home/airflow/.local/lib/python3.12/site-packages/airflow/example_dags/tutorial.py
[2024-10-27T14:25:58.435+0000] {logging_mixin.py:190} INFO - [2024-10-27T14:25:58.434+0000] {dag.py:3239} INFO - Sync 1 DAGs
[2024-10-27T14:25:58.470+0000] {logging_mixin.py:190} INFO - [2024-10-27T14:25:58.470+0000] {dag.py:4180} INFO - Setting next_dagrun for tutorial to 2024-10-26 00:00:00+00:00, run_after=2024-10-27 00:00:00+00:00
[2024-10-27T14:25:58.662+0000] {processor.py:208} INFO - Processing /home/airflow/.local/lib/python3.12/site-packages/airflow/example_dags/tutorial.py took 0.291 seconds
[2024-10-27T14:26:28.742+0000] {processor.py:186} INFO - Started process (PID=3963) to work on /home/airflow/.local/lib/python3.12/site-packages/airflow/example_dags/tutorial.py
[2024-10-27T14:26:28.744+0000] {processor.py:914} INFO - Processing file /home/airflow/.local/lib/python3.12/site-packages/airflow/example_dags/tutorial.py for tasks to queue
[2024-10-27T14:26:28.749+0000] {logging_mixin.py:190} INFO - [2024-10-27T14:26:28.748+0000] {dagbag.py:588} INFO - Filling up the DagBag from /home/airflow/.local/lib/python3.12/site-packages/airflow/example_dags/tutorial.py
[2024-10-27T14:26:28.763+0000] {processor.py:925} INFO - DAG(s) 'tutorial' retrieved from /home/airflow/.local/lib/python3.12/site-packages/airflow/example_dags/tutorial.py
[2024-10-27T14:26:28.801+0000] {logging_mixin.py:190} INFO - [2024-10-27T14:26:28.801+0000] {dag.py:3239} INFO - Sync 1 DAGs
[2024-10-27T14:26:28.838+0000] {logging_mixin.py:190} INFO - [2024-10-27T14:26:28.837+0000] {dag.py:4180} INFO - Setting next_dagrun for tutorial to 2024-10-26 00:00:00+00:00, run_after=2024-10-27 00:00:00+00:00
[2024-10-27T14:26:28.985+0000] {processor.py:208} INFO - Processing /home/airflow/.local/lib/python3.12/site-packages/airflow/example_dags/tutorial.py took 0.254 seconds
[2024-10-27T14:50:03.734+0000] {processor.py:186} INFO - Started process (PID=58) to work on /home/airflow/.local/lib/python3.12/site-packages/airflow/example_dags/tutorial.py
[2024-10-27T14:50:03.747+0000] {processor.py:914} INFO - Processing file /home/airflow/.local/lib/python3.12/site-packages/airflow/example_dags/tutorial.py for tasks to queue
[2024-10-27T14:50:03.771+0000] {logging_mixin.py:190} INFO - [2024-10-27T14:50:03.771+0000] {dagbag.py:588} INFO - Filling up the DagBag from /home/airflow/.local/lib/python3.12/site-packages/airflow/example_dags/tutorial.py
[2024-10-27T14:50:03.820+0000] {processor.py:925} INFO - DAG(s) 'tutorial' retrieved from /home/airflow/.local/lib/python3.12/site-packages/airflow/example_dags/tutorial.py
[2024-10-27T14:50:03.880+0000] {logging_mixin.py:190} INFO - [2024-10-27T14:50:03.879+0000] {dag.py:3239} INFO - Sync 1 DAGs
[2024-10-27T14:50:04.325+0000] {logging_mixin.py:190} INFO - [2024-10-27T14:50:04.324+0000] {dag.py:4180} INFO - Setting next_dagrun for tutorial to 2024-10-26 00:00:00+00:00, run_after=2024-10-27 00:00:00+00:00
[2024-10-27T14:50:04.413+0000] {processor.py:208} INFO - Processing /home/airflow/.local/lib/python3.12/site-packages/airflow/example_dags/tutorial.py took 0.741 seconds
[2024-10-27T14:50:35.446+0000] {processor.py:186} INFO - Started process (PID=121) to work on /home/airflow/.local/lib/python3.12/site-packages/airflow/example_dags/tutorial.py
[2024-10-27T14:50:35.448+0000] {processor.py:914} INFO - Processing file /home/airflow/.local/lib/python3.12/site-packages/airflow/example_dags/tutorial.py for tasks to queue
[2024-10-27T14:50:35.453+0000] {logging_mixin.py:190} INFO - [2024-10-27T14:50:35.453+0000] {dagbag.py:588} INFO - Filling up the DagBag from /home/airflow/.local/lib/python3.12/site-packages/airflow/example_dags/tutorial.py
[2024-10-27T14:50:35.469+0000] {processor.py:925} INFO - DAG(s) 'tutorial' retrieved from /home/airflow/.local/lib/python3.12/site-packages/airflow/example_dags/tutorial.py
[2024-10-27T14:50:35.508+0000] {logging_mixin.py:190} INFO - [2024-10-27T14:50:35.507+0000] {dag.py:3239} INFO - Sync 1 DAGs
[2024-10-27T14:50:35.568+0000] {logging_mixin.py:190} INFO - [2024-10-27T14:50:35.568+0000] {dag.py:4180} INFO - Setting next_dagrun for tutorial to 2024-10-26 00:00:00+00:00, run_after=2024-10-27 00:00:00+00:00
[2024-10-27T14:50:35.620+0000] {processor.py:208} INFO - Processing /home/airflow/.local/lib/python3.12/site-packages/airflow/example_dags/tutorial.py took 0.186 seconds
[2024-10-27T14:51:05.785+0000] {processor.py:186} INFO - Started process (PID=182) to work on /home/airflow/.local/lib/python3.12/site-packages/airflow/example_dags/tutorial.py
[2024-10-27T14:51:05.786+0000] {processor.py:914} INFO - Processing file /home/airflow/.local/lib/python3.12/site-packages/airflow/example_dags/tutorial.py for tasks to queue
[2024-10-27T14:51:05.790+0000] {logging_mixin.py:190} INFO - [2024-10-27T14:51:05.790+0000] {dagbag.py:588} INFO - Filling up the DagBag from /home/airflow/.local/lib/python3.12/site-packages/airflow/example_dags/tutorial.py
[2024-10-27T14:51:05.800+0000] {processor.py:925} INFO - DAG(s) 'tutorial' retrieved from /home/airflow/.local/lib/python3.12/site-packages/airflow/example_dags/tutorial.py
[2024-10-27T14:51:05.826+0000] {logging_mixin.py:190} INFO - [2024-10-27T14:51:05.826+0000] {dag.py:3239} INFO - Sync 1 DAGs
[2024-10-27T14:51:05.876+0000] {logging_mixin.py:190} INFO - [2024-10-27T14:51:05.875+0000] {dag.py:4180} INFO - Setting next_dagrun for tutorial to 2024-10-26 00:00:00+00:00, run_after=2024-10-27 00:00:00+00:00
[2024-10-27T14:51:05.913+0000] {processor.py:208} INFO - Processing /home/airflow/.local/lib/python3.12/site-packages/airflow/example_dags/tutorial.py took 0.137 seconds
[2024-10-27T14:51:36.503+0000] {processor.py:186} INFO - Started process (PID=245) to work on /home/airflow/.local/lib/python3.12/site-packages/airflow/example_dags/tutorial.py
[2024-10-27T14:51:36.508+0000] {processor.py:914} INFO - Processing file /home/airflow/.local/lib/python3.12/site-packages/airflow/example_dags/tutorial.py for tasks to queue
[2024-10-27T14:51:36.513+0000] {logging_mixin.py:190} INFO - [2024-10-27T14:51:36.513+0000] {dagbag.py:588} INFO - Filling up the DagBag from /home/airflow/.local/lib/python3.12/site-packages/airflow/example_dags/tutorial.py
[2024-10-27T14:51:36.527+0000] {processor.py:925} INFO - DAG(s) 'tutorial' retrieved from /home/airflow/.local/lib/python3.12/site-packages/airflow/example_dags/tutorial.py
[2024-10-27T14:51:36.560+0000] {logging_mixin.py:190} INFO - [2024-10-27T14:51:36.560+0000] {dag.py:3239} INFO - Sync 1 DAGs
[2024-10-27T14:51:36.601+0000] {logging_mixin.py:190} INFO - [2024-10-27T14:51:36.600+0000] {dag.py:4180} INFO - Setting next_dagrun for tutorial to 2024-10-26 00:00:00+00:00, run_after=2024-10-27 00:00:00+00:00
[2024-10-27T14:51:36.654+0000] {processor.py:208} INFO - Processing /home/airflow/.local/lib/python3.12/site-packages/airflow/example_dags/tutorial.py took 0.160 seconds
[2024-10-27T14:52:06.894+0000] {processor.py:186} INFO - Started process (PID=307) to work on /home/airflow/.local/lib/python3.12/site-packages/airflow/example_dags/tutorial.py
[2024-10-27T14:52:06.968+0000] {processor.py:914} INFO - Processing file /home/airflow/.local/lib/python3.12/site-packages/airflow/example_dags/tutorial.py for tasks to queue
[2024-10-27T14:52:06.984+0000] {logging_mixin.py:190} INFO - [2024-10-27T14:52:06.982+0000] {dagbag.py:588} INFO - Filling up the DagBag from /home/airflow/.local/lib/python3.12/site-packages/airflow/example_dags/tutorial.py
[2024-10-27T14:52:07.082+0000] {processor.py:925} INFO - DAG(s) 'tutorial' retrieved from /home/airflow/.local/lib/python3.12/site-packages/airflow/example_dags/tutorial.py
[2024-10-27T14:52:07.139+0000] {logging_mixin.py:190} INFO - [2024-10-27T14:52:07.138+0000] {dag.py:3239} INFO - Sync 1 DAGs
[2024-10-27T14:52:07.229+0000] {logging_mixin.py:190} INFO - [2024-10-27T14:52:07.229+0000] {dag.py:4180} INFO - Setting next_dagrun for tutorial to 2024-10-26 00:00:00+00:00, run_after=2024-10-27 00:00:00+00:00
[2024-10-27T14:52:07.302+0000] {processor.py:208} INFO - Processing /home/airflow/.local/lib/python3.12/site-packages/airflow/example_dags/tutorial.py took 0.417 seconds
[2024-10-27T14:52:37.453+0000] {processor.py:186} INFO - Started process (PID=369) to work on /home/airflow/.local/lib/python3.12/site-packages/airflow/example_dags/tutorial.py
[2024-10-27T14:52:37.455+0000] {processor.py:914} INFO - Processing file /home/airflow/.local/lib/python3.12/site-packages/airflow/example_dags/tutorial.py for tasks to queue
[2024-10-27T14:52:37.460+0000] {logging_mixin.py:190} INFO - [2024-10-27T14:52:37.459+0000] {dagbag.py:588} INFO - Filling up the DagBag from /home/airflow/.local/lib/python3.12/site-packages/airflow/example_dags/tutorial.py
[2024-10-27T14:52:37.480+0000] {processor.py:925} INFO - DAG(s) 'tutorial' retrieved from /home/airflow/.local/lib/python3.12/site-packages/airflow/example_dags/tutorial.py
[2024-10-27T14:52:37.552+0000] {logging_mixin.py:190} INFO - [2024-10-27T14:52:37.552+0000] {dag.py:3239} INFO - Sync 1 DAGs
[2024-10-27T14:52:37.628+0000] {logging_mixin.py:190} INFO - [2024-10-27T14:52:37.628+0000] {dag.py:4180} INFO - Setting next_dagrun for tutorial to 2024-10-26 00:00:00+00:00, run_after=2024-10-27 00:00:00+00:00
[2024-10-27T14:52:37.763+0000] {processor.py:208} INFO - Processing /home/airflow/.local/lib/python3.12/site-packages/airflow/example_dags/tutorial.py took 0.325 seconds
[2024-10-27T14:53:08.195+0000] {processor.py:186} INFO - Started process (PID=431) to work on /home/airflow/.local/lib/python3.12/site-packages/airflow/example_dags/tutorial.py
[2024-10-27T14:53:08.196+0000] {processor.py:914} INFO - Processing file /home/airflow/.local/lib/python3.12/site-packages/airflow/example_dags/tutorial.py for tasks to queue
[2024-10-27T14:53:08.200+0000] {logging_mixin.py:190} INFO - [2024-10-27T14:53:08.199+0000] {dagbag.py:588} INFO - Filling up the DagBag from /home/airflow/.local/lib/python3.12/site-packages/airflow/example_dags/tutorial.py
[2024-10-27T14:53:08.210+0000] {processor.py:925} INFO - DAG(s) 'tutorial' retrieved from /home/airflow/.local/lib/python3.12/site-packages/airflow/example_dags/tutorial.py
[2024-10-27T14:53:08.247+0000] {logging_mixin.py:190} INFO - [2024-10-27T14:53:08.247+0000] {dag.py:3239} INFO - Sync 1 DAGs
[2024-10-27T14:53:08.298+0000] {logging_mixin.py:190} INFO - [2024-10-27T14:53:08.298+0000] {dag.py:4180} INFO - Setting next_dagrun for tutorial to 2024-10-26 00:00:00+00:00, run_after=2024-10-27 00:00:00+00:00
[2024-10-27T14:53:08.350+0000] {processor.py:208} INFO - Processing /home/airflow/.local/lib/python3.12/site-packages/airflow/example_dags/tutorial.py took 0.170 seconds
