[2024-10-27T13:43:02.248+0000] {processor.py:186} INFO - Started process (PID=64) to work on /home/airflow/.local/lib/python3.12/site-packages/airflow/example_dags/tutorial_objectstorage.py
[2024-10-27T13:43:02.251+0000] {processor.py:914} INFO - Processing file /home/airflow/.local/lib/python3.12/site-packages/airflow/example_dags/tutorial_objectstorage.py for tasks to queue
[2024-10-27T13:43:02.255+0000] {logging_mixin.py:190} INFO - [2024-10-27T13:43:02.254+0000] {dagbag.py:588} INFO - Filling up the DagBag from /home/airflow/.local/lib/python3.12/site-packages/airflow/example_dags/tutorial_objectstorage.py
[2024-10-27T13:43:02.280+0000] {processor.py:925} INFO - DAG(s) 'tutorial_objectstorage' retrieved from /home/airflow/.local/lib/python3.12/site-packages/airflow/example_dags/tutorial_objectstorage.py
[2024-10-27T13:43:02.540+0000] {logging_mixin.py:190} INFO - [2024-10-27T13:43:02.540+0000] {dag.py:3239} INFO - Sync 1 DAGs
[2024-10-27T13:43:02.559+0000] {logging_mixin.py:190} INFO - [2024-10-27T13:43:02.559+0000] {dag.py:4180} INFO - Setting next_dagrun for tutorial_objectstorage to None, run_after=None
[2024-10-27T13:43:03.027+0000] {processor.py:208} INFO - Processing /home/airflow/.local/lib/python3.12/site-packages/airflow/example_dags/tutorial_objectstorage.py took 0.794 seconds
[2024-10-27T13:43:34.570+0000] {processor.py:186} INFO - Started process (PID=126) to work on /home/airflow/.local/lib/python3.12/site-packages/airflow/example_dags/tutorial_objectstorage.py
[2024-10-27T13:43:34.571+0000] {processor.py:914} INFO - Processing file /home/airflow/.local/lib/python3.12/site-packages/airflow/example_dags/tutorial_objectstorage.py for tasks to queue
[2024-10-27T13:43:34.577+0000] {logging_mixin.py:190} INFO - [2024-10-27T13:43:34.576+0000] {dagbag.py:588} INFO - Filling up the DagBag from /home/airflow/.local/lib/python3.12/site-packages/airflow/example_dags/tutorial_objectstorage.py
[2024-10-27T13:43:34.602+0000] {processor.py:925} INFO - DAG(s) 'tutorial_objectstorage' retrieved from /home/airflow/.local/lib/python3.12/site-packages/airflow/example_dags/tutorial_objectstorage.py
[2024-10-27T13:43:34.653+0000] {logging_mixin.py:190} INFO - [2024-10-27T13:43:34.653+0000] {dag.py:3239} INFO - Sync 1 DAGs
[2024-10-27T13:43:34.695+0000] {logging_mixin.py:190} INFO - [2024-10-27T13:43:34.694+0000] {dag.py:4180} INFO - Setting next_dagrun for tutorial_objectstorage to None, run_after=None
[2024-10-27T13:43:34.780+0000] {processor.py:208} INFO - Processing /home/airflow/.local/lib/python3.12/site-packages/airflow/example_dags/tutorial_objectstorage.py took 0.228 seconds
[2024-10-27T13:44:07.962+0000] {processor.py:186} INFO - Started process (PID=187) to work on /home/airflow/.local/lib/python3.12/site-packages/airflow/example_dags/tutorial_objectstorage.py
[2024-10-27T13:44:07.982+0000] {processor.py:914} INFO - Processing file /home/airflow/.local/lib/python3.12/site-packages/airflow/example_dags/tutorial_objectstorage.py for tasks to queue
[2024-10-27T13:44:07.987+0000] {logging_mixin.py:190} INFO - [2024-10-27T13:44:07.986+0000] {dagbag.py:588} INFO - Filling up the DagBag from /home/airflow/.local/lib/python3.12/site-packages/airflow/example_dags/tutorial_objectstorage.py
[2024-10-27T13:44:08.036+0000] {processor.py:925} INFO - DAG(s) 'tutorial_objectstorage' retrieved from /home/airflow/.local/lib/python3.12/site-packages/airflow/example_dags/tutorial_objectstorage.py
[2024-10-27T13:44:08.118+0000] {logging_mixin.py:190} INFO - [2024-10-27T13:44:08.117+0000] {dag.py:3239} INFO - Sync 1 DAGs
[2024-10-27T13:44:08.212+0000] {logging_mixin.py:190} INFO - [2024-10-27T13:44:08.212+0000] {dag.py:4180} INFO - Setting next_dagrun for tutorial_objectstorage to None, run_after=None
[2024-10-27T13:44:08.318+0000] {processor.py:208} INFO - Processing /home/airflow/.local/lib/python3.12/site-packages/airflow/example_dags/tutorial_objectstorage.py took 0.373 seconds
[2024-10-27T13:44:39.164+0000] {processor.py:186} INFO - Started process (PID=249) to work on /home/airflow/.local/lib/python3.12/site-packages/airflow/example_dags/tutorial_objectstorage.py
[2024-10-27T13:44:39.165+0000] {processor.py:914} INFO - Processing file /home/airflow/.local/lib/python3.12/site-packages/airflow/example_dags/tutorial_objectstorage.py for tasks to queue
[2024-10-27T13:44:39.169+0000] {logging_mixin.py:190} INFO - [2024-10-27T13:44:39.168+0000] {dagbag.py:588} INFO - Filling up the DagBag from /home/airflow/.local/lib/python3.12/site-packages/airflow/example_dags/tutorial_objectstorage.py
[2024-10-27T13:44:39.190+0000] {processor.py:925} INFO - DAG(s) 'tutorial_objectstorage' retrieved from /home/airflow/.local/lib/python3.12/site-packages/airflow/example_dags/tutorial_objectstorage.py
[2024-10-27T13:44:39.226+0000] {logging_mixin.py:190} INFO - [2024-10-27T13:44:39.226+0000] {dag.py:3239} INFO - Sync 1 DAGs
[2024-10-27T13:44:39.252+0000] {logging_mixin.py:190} INFO - [2024-10-27T13:44:39.251+0000] {dag.py:4180} INFO - Setting next_dagrun for tutorial_objectstorage to None, run_after=None
[2024-10-27T13:44:39.306+0000] {processor.py:208} INFO - Processing /home/airflow/.local/lib/python3.12/site-packages/airflow/example_dags/tutorial_objectstorage.py took 0.152 seconds
[2024-10-27T13:45:15.595+0000] {processor.py:186} INFO - Started process (PID=311) to work on /home/airflow/.local/lib/python3.12/site-packages/airflow/example_dags/tutorial_objectstorage.py
[2024-10-27T13:45:15.597+0000] {processor.py:914} INFO - Processing file /home/airflow/.local/lib/python3.12/site-packages/airflow/example_dags/tutorial_objectstorage.py for tasks to queue
[2024-10-27T13:45:15.604+0000] {logging_mixin.py:190} INFO - [2024-10-27T13:45:15.603+0000] {dagbag.py:588} INFO - Filling up the DagBag from /home/airflow/.local/lib/python3.12/site-packages/airflow/example_dags/tutorial_objectstorage.py
[2024-10-27T13:45:15.623+0000] {processor.py:925} INFO - DAG(s) 'tutorial_objectstorage' retrieved from /home/airflow/.local/lib/python3.12/site-packages/airflow/example_dags/tutorial_objectstorage.py
[2024-10-27T13:45:15.691+0000] {logging_mixin.py:190} INFO - [2024-10-27T13:45:15.691+0000] {dag.py:3239} INFO - Sync 1 DAGs
[2024-10-27T13:45:15.730+0000] {logging_mixin.py:190} INFO - [2024-10-27T13:45:15.730+0000] {dag.py:4180} INFO - Setting next_dagrun for tutorial_objectstorage to None, run_after=None
[2024-10-27T13:45:15.872+0000] {processor.py:208} INFO - Processing /home/airflow/.local/lib/python3.12/site-packages/airflow/example_dags/tutorial_objectstorage.py took 0.290 seconds
[2024-10-27T13:53:31.900+0000] {processor.py:186} INFO - Started process (PID=86) to work on /home/airflow/.local/lib/python3.12/site-packages/airflow/example_dags/tutorial_objectstorage.py
[2024-10-27T13:53:31.915+0000] {processor.py:914} INFO - Processing file /home/airflow/.local/lib/python3.12/site-packages/airflow/example_dags/tutorial_objectstorage.py for tasks to queue
[2024-10-27T13:53:31.919+0000] {logging_mixin.py:190} INFO - [2024-10-27T13:53:31.919+0000] {dagbag.py:588} INFO - Filling up the DagBag from /home/airflow/.local/lib/python3.12/site-packages/airflow/example_dags/tutorial_objectstorage.py
[2024-10-27T13:53:31.937+0000] {processor.py:925} INFO - DAG(s) 'tutorial_objectstorage' retrieved from /home/airflow/.local/lib/python3.12/site-packages/airflow/example_dags/tutorial_objectstorage.py
[2024-10-27T13:53:31.986+0000] {logging_mixin.py:190} INFO - [2024-10-27T13:53:31.986+0000] {dag.py:3239} INFO - Sync 1 DAGs
[2024-10-27T13:53:32.031+0000] {logging_mixin.py:190} INFO - [2024-10-27T13:53:32.031+0000] {dag.py:4180} INFO - Setting next_dagrun for tutorial_objectstorage to None, run_after=None
[2024-10-27T13:53:32.111+0000] {processor.py:208} INFO - Processing /home/airflow/.local/lib/python3.12/site-packages/airflow/example_dags/tutorial_objectstorage.py took 0.226 seconds
[2024-10-27T13:54:04.331+0000] {processor.py:186} INFO - Started process (PID=147) to work on /home/airflow/.local/lib/python3.12/site-packages/airflow/example_dags/tutorial_objectstorage.py
[2024-10-27T13:54:04.333+0000] {processor.py:914} INFO - Processing file /home/airflow/.local/lib/python3.12/site-packages/airflow/example_dags/tutorial_objectstorage.py for tasks to queue
[2024-10-27T13:54:04.336+0000] {logging_mixin.py:190} INFO - [2024-10-27T13:54:04.336+0000] {dagbag.py:588} INFO - Filling up the DagBag from /home/airflow/.local/lib/python3.12/site-packages/airflow/example_dags/tutorial_objectstorage.py
[2024-10-27T13:54:04.351+0000] {processor.py:925} INFO - DAG(s) 'tutorial_objectstorage' retrieved from /home/airflow/.local/lib/python3.12/site-packages/airflow/example_dags/tutorial_objectstorage.py
[2024-10-27T13:54:04.377+0000] {logging_mixin.py:190} INFO - [2024-10-27T13:54:04.377+0000] {dag.py:3239} INFO - Sync 1 DAGs
[2024-10-27T13:54:04.396+0000] {logging_mixin.py:190} INFO - [2024-10-27T13:54:04.396+0000] {dag.py:4180} INFO - Setting next_dagrun for tutorial_objectstorage to None, run_after=None
[2024-10-27T13:54:07.854+0000] {processor.py:208} INFO - Processing /home/airflow/.local/lib/python3.12/site-packages/airflow/example_dags/tutorial_objectstorage.py took 3.531 seconds
[2024-10-27T13:54:47.038+0000] {processor.py:186} INFO - Started process (PID=209) to work on /home/airflow/.local/lib/python3.12/site-packages/airflow/example_dags/tutorial_objectstorage.py
[2024-10-27T13:54:47.039+0000] {processor.py:914} INFO - Processing file /home/airflow/.local/lib/python3.12/site-packages/airflow/example_dags/tutorial_objectstorage.py for tasks to queue
[2024-10-27T13:54:47.044+0000] {logging_mixin.py:190} INFO - [2024-10-27T13:54:47.043+0000] {dagbag.py:588} INFO - Filling up the DagBag from /home/airflow/.local/lib/python3.12/site-packages/airflow/example_dags/tutorial_objectstorage.py
[2024-10-27T13:54:47.055+0000] {processor.py:925} INFO - DAG(s) 'tutorial_objectstorage' retrieved from /home/airflow/.local/lib/python3.12/site-packages/airflow/example_dags/tutorial_objectstorage.py
[2024-10-27T13:54:47.081+0000] {logging_mixin.py:190} INFO - [2024-10-27T13:54:47.080+0000] {dag.py:3239} INFO - Sync 1 DAGs
[2024-10-27T13:54:47.103+0000] {logging_mixin.py:190} INFO - [2024-10-27T13:54:47.103+0000] {dag.py:4180} INFO - Setting next_dagrun for tutorial_objectstorage to None, run_after=None
[2024-10-27T13:54:47.451+0000] {processor.py:208} INFO - Processing /home/airflow/.local/lib/python3.12/site-packages/airflow/example_dags/tutorial_objectstorage.py took 0.423 seconds
[2024-10-27T13:55:17.794+0000] {processor.py:186} INFO - Started process (PID=271) to work on /home/airflow/.local/lib/python3.12/site-packages/airflow/example_dags/tutorial_objectstorage.py
[2024-10-27T13:55:17.798+0000] {processor.py:914} INFO - Processing file /home/airflow/.local/lib/python3.12/site-packages/airflow/example_dags/tutorial_objectstorage.py for tasks to queue
[2024-10-27T13:55:17.803+0000] {logging_mixin.py:190} INFO - [2024-10-27T13:55:17.802+0000] {dagbag.py:588} INFO - Filling up the DagBag from /home/airflow/.local/lib/python3.12/site-packages/airflow/example_dags/tutorial_objectstorage.py
[2024-10-27T13:55:17.822+0000] {processor.py:925} INFO - DAG(s) 'tutorial_objectstorage' retrieved from /home/airflow/.local/lib/python3.12/site-packages/airflow/example_dags/tutorial_objectstorage.py
[2024-10-27T13:55:17.861+0000] {logging_mixin.py:190} INFO - [2024-10-27T13:55:17.861+0000] {dag.py:3239} INFO - Sync 1 DAGs
[2024-10-27T13:55:17.898+0000] {logging_mixin.py:190} INFO - [2024-10-27T13:55:17.897+0000] {dag.py:4180} INFO - Setting next_dagrun for tutorial_objectstorage to None, run_after=None
[2024-10-27T13:55:17.942+0000] {processor.py:208} INFO - Processing /home/airflow/.local/lib/python3.12/site-packages/airflow/example_dags/tutorial_objectstorage.py took 0.162 seconds
[2024-10-27T13:55:49.040+0000] {processor.py:186} INFO - Started process (PID=326) to work on /home/airflow/.local/lib/python3.12/site-packages/airflow/example_dags/tutorial_objectstorage.py
[2024-10-27T13:55:49.041+0000] {processor.py:914} INFO - Processing file /home/airflow/.local/lib/python3.12/site-packages/airflow/example_dags/tutorial_objectstorage.py for tasks to queue
[2024-10-27T13:55:49.052+0000] {logging_mixin.py:190} INFO - [2024-10-27T13:55:49.051+0000] {dagbag.py:588} INFO - Filling up the DagBag from /home/airflow/.local/lib/python3.12/site-packages/airflow/example_dags/tutorial_objectstorage.py
[2024-10-27T13:55:49.161+0000] {processor.py:925} INFO - DAG(s) 'tutorial_objectstorage' retrieved from /home/airflow/.local/lib/python3.12/site-packages/airflow/example_dags/tutorial_objectstorage.py
[2024-10-27T13:55:49.276+0000] {logging_mixin.py:190} INFO - [2024-10-27T13:55:49.275+0000] {dag.py:3239} INFO - Sync 1 DAGs
[2024-10-27T13:55:49.318+0000] {logging_mixin.py:190} INFO - [2024-10-27T13:55:49.318+0000] {dag.py:4180} INFO - Setting next_dagrun for tutorial_objectstorage to None, run_after=None
[2024-10-27T13:55:49.365+0000] {processor.py:208} INFO - Processing /home/airflow/.local/lib/python3.12/site-packages/airflow/example_dags/tutorial_objectstorage.py took 0.348 seconds
[2024-10-27T13:56:19.607+0000] {processor.py:186} INFO - Started process (PID=388) to work on /home/airflow/.local/lib/python3.12/site-packages/airflow/example_dags/tutorial_objectstorage.py
[2024-10-27T13:56:19.609+0000] {processor.py:914} INFO - Processing file /home/airflow/.local/lib/python3.12/site-packages/airflow/example_dags/tutorial_objectstorage.py for tasks to queue
[2024-10-27T13:56:19.613+0000] {logging_mixin.py:190} INFO - [2024-10-27T13:56:19.613+0000] {dagbag.py:588} INFO - Filling up the DagBag from /home/airflow/.local/lib/python3.12/site-packages/airflow/example_dags/tutorial_objectstorage.py
[2024-10-27T13:56:19.635+0000] {processor.py:925} INFO - DAG(s) 'tutorial_objectstorage' retrieved from /home/airflow/.local/lib/python3.12/site-packages/airflow/example_dags/tutorial_objectstorage.py
[2024-10-27T13:56:19.670+0000] {logging_mixin.py:190} INFO - [2024-10-27T13:56:19.669+0000] {dag.py:3239} INFO - Sync 1 DAGs
[2024-10-27T13:56:19.708+0000] {logging_mixin.py:190} INFO - [2024-10-27T13:56:19.708+0000] {dag.py:4180} INFO - Setting next_dagrun for tutorial_objectstorage to None, run_after=None
[2024-10-27T13:56:19.789+0000] {processor.py:208} INFO - Processing /home/airflow/.local/lib/python3.12/site-packages/airflow/example_dags/tutorial_objectstorage.py took 0.190 seconds
[2024-10-27T13:56:50.059+0000] {processor.py:186} INFO - Started process (PID=441) to work on /home/airflow/.local/lib/python3.12/site-packages/airflow/example_dags/tutorial_objectstorage.py
[2024-10-27T13:56:50.060+0000] {processor.py:914} INFO - Processing file /home/airflow/.local/lib/python3.12/site-packages/airflow/example_dags/tutorial_objectstorage.py for tasks to queue
[2024-10-27T13:56:50.064+0000] {logging_mixin.py:190} INFO - [2024-10-27T13:56:50.063+0000] {dagbag.py:588} INFO - Filling up the DagBag from /home/airflow/.local/lib/python3.12/site-packages/airflow/example_dags/tutorial_objectstorage.py
[2024-10-27T13:56:50.075+0000] {processor.py:925} INFO - DAG(s) 'tutorial_objectstorage' retrieved from /home/airflow/.local/lib/python3.12/site-packages/airflow/example_dags/tutorial_objectstorage.py
[2024-10-27T13:56:50.100+0000] {logging_mixin.py:190} INFO - [2024-10-27T13:56:50.100+0000] {dag.py:3239} INFO - Sync 1 DAGs
[2024-10-27T13:56:50.121+0000] {logging_mixin.py:190} INFO - [2024-10-27T13:56:50.121+0000] {dag.py:4180} INFO - Setting next_dagrun for tutorial_objectstorage to None, run_after=None
[2024-10-27T13:56:50.599+0000] {processor.py:208} INFO - Processing /home/airflow/.local/lib/python3.12/site-packages/airflow/example_dags/tutorial_objectstorage.py took 0.561 seconds
[2024-10-27T13:57:20.740+0000] {processor.py:186} INFO - Started process (PID=503) to work on /home/airflow/.local/lib/python3.12/site-packages/airflow/example_dags/tutorial_objectstorage.py
[2024-10-27T13:57:20.742+0000] {processor.py:914} INFO - Processing file /home/airflow/.local/lib/python3.12/site-packages/airflow/example_dags/tutorial_objectstorage.py for tasks to queue
[2024-10-27T13:57:20.746+0000] {logging_mixin.py:190} INFO - [2024-10-27T13:57:20.745+0000] {dagbag.py:588} INFO - Filling up the DagBag from /home/airflow/.local/lib/python3.12/site-packages/airflow/example_dags/tutorial_objectstorage.py
[2024-10-27T13:57:20.765+0000] {processor.py:925} INFO - DAG(s) 'tutorial_objectstorage' retrieved from /home/airflow/.local/lib/python3.12/site-packages/airflow/example_dags/tutorial_objectstorage.py
[2024-10-27T13:57:20.800+0000] {logging_mixin.py:190} INFO - [2024-10-27T13:57:20.800+0000] {dag.py:3239} INFO - Sync 1 DAGs
[2024-10-27T13:57:20.824+0000] {logging_mixin.py:190} INFO - [2024-10-27T13:57:20.824+0000] {dag.py:4180} INFO - Setting next_dagrun for tutorial_objectstorage to None, run_after=None
[2024-10-27T13:57:21.517+0000] {processor.py:208} INFO - Processing /home/airflow/.local/lib/python3.12/site-packages/airflow/example_dags/tutorial_objectstorage.py took 0.787 seconds
[2024-10-27T13:57:51.745+0000] {processor.py:186} INFO - Started process (PID=566) to work on /home/airflow/.local/lib/python3.12/site-packages/airflow/example_dags/tutorial_objectstorage.py
[2024-10-27T13:57:51.760+0000] {processor.py:914} INFO - Processing file /home/airflow/.local/lib/python3.12/site-packages/airflow/example_dags/tutorial_objectstorage.py for tasks to queue
[2024-10-27T13:57:51.767+0000] {logging_mixin.py:190} INFO - [2024-10-27T13:57:51.766+0000] {dagbag.py:588} INFO - Filling up the DagBag from /home/airflow/.local/lib/python3.12/site-packages/airflow/example_dags/tutorial_objectstorage.py
[2024-10-27T13:57:51.803+0000] {processor.py:925} INFO - DAG(s) 'tutorial_objectstorage' retrieved from /home/airflow/.local/lib/python3.12/site-packages/airflow/example_dags/tutorial_objectstorage.py
[2024-10-27T13:57:51.902+0000] {logging_mixin.py:190} INFO - [2024-10-27T13:57:51.902+0000] {dag.py:3239} INFO - Sync 1 DAGs
[2024-10-27T13:57:51.987+0000] {logging_mixin.py:190} INFO - [2024-10-27T13:57:51.987+0000] {dag.py:4180} INFO - Setting next_dagrun for tutorial_objectstorage to None, run_after=None
[2024-10-27T13:57:52.154+0000] {processor.py:208} INFO - Processing /home/airflow/.local/lib/python3.12/site-packages/airflow/example_dags/tutorial_objectstorage.py took 0.432 seconds
[2024-10-27T13:58:23.639+0000] {processor.py:186} INFO - Started process (PID=628) to work on /home/airflow/.local/lib/python3.12/site-packages/airflow/example_dags/tutorial_objectstorage.py
[2024-10-27T13:58:23.640+0000] {processor.py:914} INFO - Processing file /home/airflow/.local/lib/python3.12/site-packages/airflow/example_dags/tutorial_objectstorage.py for tasks to queue
[2024-10-27T13:58:23.645+0000] {logging_mixin.py:190} INFO - [2024-10-27T13:58:23.643+0000] {dagbag.py:588} INFO - Filling up the DagBag from /home/airflow/.local/lib/python3.12/site-packages/airflow/example_dags/tutorial_objectstorage.py
[2024-10-27T13:58:23.669+0000] {processor.py:925} INFO - DAG(s) 'tutorial_objectstorage' retrieved from /home/airflow/.local/lib/python3.12/site-packages/airflow/example_dags/tutorial_objectstorage.py
[2024-10-27T13:58:23.760+0000] {logging_mixin.py:190} INFO - [2024-10-27T13:58:23.747+0000] {dag.py:3239} INFO - Sync 1 DAGs
[2024-10-27T13:58:23.811+0000] {logging_mixin.py:190} INFO - [2024-10-27T13:58:23.810+0000] {dag.py:4180} INFO - Setting next_dagrun for tutorial_objectstorage to None, run_after=None
[2024-10-27T13:58:24.328+0000] {processor.py:208} INFO - Processing /home/airflow/.local/lib/python3.12/site-packages/airflow/example_dags/tutorial_objectstorage.py took 0.704 seconds
[2024-10-27T13:58:54.574+0000] {processor.py:186} INFO - Started process (PID=690) to work on /home/airflow/.local/lib/python3.12/site-packages/airflow/example_dags/tutorial_objectstorage.py
[2024-10-27T13:58:54.577+0000] {processor.py:914} INFO - Processing file /home/airflow/.local/lib/python3.12/site-packages/airflow/example_dags/tutorial_objectstorage.py for tasks to queue
[2024-10-27T13:58:54.582+0000] {logging_mixin.py:190} INFO - [2024-10-27T13:58:54.581+0000] {dagbag.py:588} INFO - Filling up the DagBag from /home/airflow/.local/lib/python3.12/site-packages/airflow/example_dags/tutorial_objectstorage.py
[2024-10-27T13:58:54.602+0000] {processor.py:925} INFO - DAG(s) 'tutorial_objectstorage' retrieved from /home/airflow/.local/lib/python3.12/site-packages/airflow/example_dags/tutorial_objectstorage.py
[2024-10-27T13:58:54.643+0000] {logging_mixin.py:190} INFO - [2024-10-27T13:58:54.643+0000] {dag.py:3239} INFO - Sync 1 DAGs
[2024-10-27T13:58:54.694+0000] {logging_mixin.py:190} INFO - [2024-10-27T13:58:54.693+0000] {dag.py:4180} INFO - Setting next_dagrun for tutorial_objectstorage to None, run_after=None
[2024-10-27T13:58:54.785+0000] {processor.py:208} INFO - Processing /home/airflow/.local/lib/python3.12/site-packages/airflow/example_dags/tutorial_objectstorage.py took 0.223 seconds
[2024-10-27T13:59:27.195+0000] {processor.py:186} INFO - Started process (PID=752) to work on /home/airflow/.local/lib/python3.12/site-packages/airflow/example_dags/tutorial_objectstorage.py
[2024-10-27T13:59:27.205+0000] {processor.py:914} INFO - Processing file /home/airflow/.local/lib/python3.12/site-packages/airflow/example_dags/tutorial_objectstorage.py for tasks to queue
[2024-10-27T13:59:27.210+0000] {logging_mixin.py:190} INFO - [2024-10-27T13:59:27.209+0000] {dagbag.py:588} INFO - Filling up the DagBag from /home/airflow/.local/lib/python3.12/site-packages/airflow/example_dags/tutorial_objectstorage.py
[2024-10-27T13:59:27.225+0000] {processor.py:925} INFO - DAG(s) 'tutorial_objectstorage' retrieved from /home/airflow/.local/lib/python3.12/site-packages/airflow/example_dags/tutorial_objectstorage.py
[2024-10-27T13:59:27.255+0000] {logging_mixin.py:190} INFO - [2024-10-27T13:59:27.255+0000] {dag.py:3239} INFO - Sync 1 DAGs
[2024-10-27T13:59:27.275+0000] {logging_mixin.py:190} INFO - [2024-10-27T13:59:27.275+0000] {dag.py:4180} INFO - Setting next_dagrun for tutorial_objectstorage to None, run_after=None
[2024-10-27T13:59:27.647+0000] {processor.py:208} INFO - Processing /home/airflow/.local/lib/python3.12/site-packages/airflow/example_dags/tutorial_objectstorage.py took 0.464 seconds
[2024-10-27T13:59:57.742+0000] {processor.py:186} INFO - Started process (PID=813) to work on /home/airflow/.local/lib/python3.12/site-packages/airflow/example_dags/tutorial_objectstorage.py
[2024-10-27T13:59:57.743+0000] {processor.py:914} INFO - Processing file /home/airflow/.local/lib/python3.12/site-packages/airflow/example_dags/tutorial_objectstorage.py for tasks to queue
[2024-10-27T13:59:57.748+0000] {logging_mixin.py:190} INFO - [2024-10-27T13:59:57.747+0000] {dagbag.py:588} INFO - Filling up the DagBag from /home/airflow/.local/lib/python3.12/site-packages/airflow/example_dags/tutorial_objectstorage.py
[2024-10-27T13:59:57.767+0000] {processor.py:925} INFO - DAG(s) 'tutorial_objectstorage' retrieved from /home/airflow/.local/lib/python3.12/site-packages/airflow/example_dags/tutorial_objectstorage.py
[2024-10-27T13:59:57.806+0000] {logging_mixin.py:190} INFO - [2024-10-27T13:59:57.806+0000] {dag.py:3239} INFO - Sync 1 DAGs
[2024-10-27T13:59:57.835+0000] {logging_mixin.py:190} INFO - [2024-10-27T13:59:57.835+0000] {dag.py:4180} INFO - Setting next_dagrun for tutorial_objectstorage to None, run_after=None
[2024-10-27T13:59:57.872+0000] {processor.py:208} INFO - Processing /home/airflow/.local/lib/python3.12/site-packages/airflow/example_dags/tutorial_objectstorage.py took 0.140 seconds
[2024-10-27T14:00:29.393+0000] {processor.py:186} INFO - Started process (PID=873) to work on /home/airflow/.local/lib/python3.12/site-packages/airflow/example_dags/tutorial_objectstorage.py
[2024-10-27T14:00:29.402+0000] {processor.py:914} INFO - Processing file /home/airflow/.local/lib/python3.12/site-packages/airflow/example_dags/tutorial_objectstorage.py for tasks to queue
[2024-10-27T14:00:29.412+0000] {logging_mixin.py:190} INFO - [2024-10-27T14:00:29.411+0000] {dagbag.py:588} INFO - Filling up the DagBag from /home/airflow/.local/lib/python3.12/site-packages/airflow/example_dags/tutorial_objectstorage.py
[2024-10-27T14:00:29.478+0000] {processor.py:925} INFO - DAG(s) 'tutorial_objectstorage' retrieved from /home/airflow/.local/lib/python3.12/site-packages/airflow/example_dags/tutorial_objectstorage.py
[2024-10-27T14:00:29.555+0000] {logging_mixin.py:190} INFO - [2024-10-27T14:00:29.555+0000] {dag.py:3239} INFO - Sync 1 DAGs
[2024-10-27T14:00:29.638+0000] {logging_mixin.py:190} INFO - [2024-10-27T14:00:29.637+0000] {dag.py:4180} INFO - Setting next_dagrun for tutorial_objectstorage to None, run_after=None
[2024-10-27T14:00:29.746+0000] {processor.py:208} INFO - Processing /home/airflow/.local/lib/python3.12/site-packages/airflow/example_dags/tutorial_objectstorage.py took 0.387 seconds
[2024-10-27T14:01:00.016+0000] {processor.py:186} INFO - Started process (PID=935) to work on /home/airflow/.local/lib/python3.12/site-packages/airflow/example_dags/tutorial_objectstorage.py
[2024-10-27T14:01:00.034+0000] {processor.py:914} INFO - Processing file /home/airflow/.local/lib/python3.12/site-packages/airflow/example_dags/tutorial_objectstorage.py for tasks to queue
[2024-10-27T14:01:00.041+0000] {logging_mixin.py:190} INFO - [2024-10-27T14:01:00.040+0000] {dagbag.py:588} INFO - Filling up the DagBag from /home/airflow/.local/lib/python3.12/site-packages/airflow/example_dags/tutorial_objectstorage.py
[2024-10-27T14:01:00.074+0000] {processor.py:925} INFO - DAG(s) 'tutorial_objectstorage' retrieved from /home/airflow/.local/lib/python3.12/site-packages/airflow/example_dags/tutorial_objectstorage.py
[2024-10-27T14:01:00.139+0000] {logging_mixin.py:190} INFO - [2024-10-27T14:01:00.138+0000] {dag.py:3239} INFO - Sync 1 DAGs
[2024-10-27T14:01:00.203+0000] {logging_mixin.py:190} INFO - [2024-10-27T14:01:00.203+0000] {dag.py:4180} INFO - Setting next_dagrun for tutorial_objectstorage to None, run_after=None
[2024-10-27T14:01:00.298+0000] {processor.py:208} INFO - Processing /home/airflow/.local/lib/python3.12/site-packages/airflow/example_dags/tutorial_objectstorage.py took 0.317 seconds
[2024-10-27T14:01:31.715+0000] {processor.py:186} INFO - Started process (PID=998) to work on /home/airflow/.local/lib/python3.12/site-packages/airflow/example_dags/tutorial_objectstorage.py
[2024-10-27T14:01:31.717+0000] {processor.py:914} INFO - Processing file /home/airflow/.local/lib/python3.12/site-packages/airflow/example_dags/tutorial_objectstorage.py for tasks to queue
[2024-10-27T14:01:31.723+0000] {logging_mixin.py:190} INFO - [2024-10-27T14:01:31.722+0000] {dagbag.py:588} INFO - Filling up the DagBag from /home/airflow/.local/lib/python3.12/site-packages/airflow/example_dags/tutorial_objectstorage.py
[2024-10-27T14:01:31.740+0000] {processor.py:925} INFO - DAG(s) 'tutorial_objectstorage' retrieved from /home/airflow/.local/lib/python3.12/site-packages/airflow/example_dags/tutorial_objectstorage.py
[2024-10-27T14:01:31.778+0000] {logging_mixin.py:190} INFO - [2024-10-27T14:01:31.778+0000] {dag.py:3239} INFO - Sync 1 DAGs
[2024-10-27T14:01:31.810+0000] {logging_mixin.py:190} INFO - [2024-10-27T14:01:31.810+0000] {dag.py:4180} INFO - Setting next_dagrun for tutorial_objectstorage to None, run_after=None
[2024-10-27T14:01:31.892+0000] {processor.py:208} INFO - Processing /home/airflow/.local/lib/python3.12/site-packages/airflow/example_dags/tutorial_objectstorage.py took 0.186 seconds
[2024-10-27T14:02:02.570+0000] {processor.py:186} INFO - Started process (PID=1060) to work on /home/airflow/.local/lib/python3.12/site-packages/airflow/example_dags/tutorial_objectstorage.py
[2024-10-27T14:02:02.571+0000] {processor.py:914} INFO - Processing file /home/airflow/.local/lib/python3.12/site-packages/airflow/example_dags/tutorial_objectstorage.py for tasks to queue
[2024-10-27T14:02:02.576+0000] {logging_mixin.py:190} INFO - [2024-10-27T14:02:02.575+0000] {dagbag.py:588} INFO - Filling up the DagBag from /home/airflow/.local/lib/python3.12/site-packages/airflow/example_dags/tutorial_objectstorage.py
[2024-10-27T14:02:02.595+0000] {processor.py:925} INFO - DAG(s) 'tutorial_objectstorage' retrieved from /home/airflow/.local/lib/python3.12/site-packages/airflow/example_dags/tutorial_objectstorage.py
[2024-10-27T14:02:02.646+0000] {logging_mixin.py:190} INFO - [2024-10-27T14:02:02.646+0000] {dag.py:3239} INFO - Sync 1 DAGs
[2024-10-27T14:02:02.679+0000] {logging_mixin.py:190} INFO - [2024-10-27T14:02:02.678+0000] {dag.py:4180} INFO - Setting next_dagrun for tutorial_objectstorage to None, run_after=None
[2024-10-27T14:02:02.737+0000] {processor.py:208} INFO - Processing /home/airflow/.local/lib/python3.12/site-packages/airflow/example_dags/tutorial_objectstorage.py took 0.181 seconds
[2024-10-27T14:02:34.083+0000] {processor.py:186} INFO - Started process (PID=1121) to work on /home/airflow/.local/lib/python3.12/site-packages/airflow/example_dags/tutorial_objectstorage.py
[2024-10-27T14:02:34.087+0000] {processor.py:914} INFO - Processing file /home/airflow/.local/lib/python3.12/site-packages/airflow/example_dags/tutorial_objectstorage.py for tasks to queue
[2024-10-27T14:02:34.103+0000] {logging_mixin.py:190} INFO - [2024-10-27T14:02:34.102+0000] {dagbag.py:588} INFO - Filling up the DagBag from /home/airflow/.local/lib/python3.12/site-packages/airflow/example_dags/tutorial_objectstorage.py
[2024-10-27T14:02:34.161+0000] {processor.py:925} INFO - DAG(s) 'tutorial_objectstorage' retrieved from /home/airflow/.local/lib/python3.12/site-packages/airflow/example_dags/tutorial_objectstorage.py
[2024-10-27T14:02:34.243+0000] {logging_mixin.py:190} INFO - [2024-10-27T14:02:34.242+0000] {dag.py:3239} INFO - Sync 1 DAGs
[2024-10-27T14:02:34.295+0000] {logging_mixin.py:190} INFO - [2024-10-27T14:02:34.294+0000] {dag.py:4180} INFO - Setting next_dagrun for tutorial_objectstorage to None, run_after=None
[2024-10-27T14:02:34.410+0000] {processor.py:208} INFO - Processing /home/airflow/.local/lib/python3.12/site-packages/airflow/example_dags/tutorial_objectstorage.py took 0.359 seconds
[2024-10-27T14:03:04.548+0000] {processor.py:186} INFO - Started process (PID=1182) to work on /home/airflow/.local/lib/python3.12/site-packages/airflow/example_dags/tutorial_objectstorage.py
[2024-10-27T14:03:04.551+0000] {processor.py:914} INFO - Processing file /home/airflow/.local/lib/python3.12/site-packages/airflow/example_dags/tutorial_objectstorage.py for tasks to queue
[2024-10-27T14:03:04.555+0000] {logging_mixin.py:190} INFO - [2024-10-27T14:03:04.554+0000] {dagbag.py:588} INFO - Filling up the DagBag from /home/airflow/.local/lib/python3.12/site-packages/airflow/example_dags/tutorial_objectstorage.py
[2024-10-27T14:03:04.572+0000] {processor.py:925} INFO - DAG(s) 'tutorial_objectstorage' retrieved from /home/airflow/.local/lib/python3.12/site-packages/airflow/example_dags/tutorial_objectstorage.py
[2024-10-27T14:03:04.611+0000] {logging_mixin.py:190} INFO - [2024-10-27T14:03:04.610+0000] {dag.py:3239} INFO - Sync 1 DAGs
[2024-10-27T14:03:04.647+0000] {logging_mixin.py:190} INFO - [2024-10-27T14:03:04.646+0000] {dag.py:4180} INFO - Setting next_dagrun for tutorial_objectstorage to None, run_after=None
[2024-10-27T14:03:04.702+0000] {processor.py:208} INFO - Processing /home/airflow/.local/lib/python3.12/site-packages/airflow/example_dags/tutorial_objectstorage.py took 0.167 seconds
[2024-10-27T14:03:35.236+0000] {processor.py:186} INFO - Started process (PID=1243) to work on /home/airflow/.local/lib/python3.12/site-packages/airflow/example_dags/tutorial_objectstorage.py
[2024-10-27T14:03:35.238+0000] {processor.py:914} INFO - Processing file /home/airflow/.local/lib/python3.12/site-packages/airflow/example_dags/tutorial_objectstorage.py for tasks to queue
[2024-10-27T14:03:35.243+0000] {logging_mixin.py:190} INFO - [2024-10-27T14:03:35.243+0000] {dagbag.py:588} INFO - Filling up the DagBag from /home/airflow/.local/lib/python3.12/site-packages/airflow/example_dags/tutorial_objectstorage.py
[2024-10-27T14:03:35.274+0000] {processor.py:925} INFO - DAG(s) 'tutorial_objectstorage' retrieved from /home/airflow/.local/lib/python3.12/site-packages/airflow/example_dags/tutorial_objectstorage.py
[2024-10-27T14:03:35.332+0000] {logging_mixin.py:190} INFO - [2024-10-27T14:03:35.331+0000] {dag.py:3239} INFO - Sync 1 DAGs
[2024-10-27T14:03:35.366+0000] {logging_mixin.py:190} INFO - [2024-10-27T14:03:35.366+0000] {dag.py:4180} INFO - Setting next_dagrun for tutorial_objectstorage to None, run_after=None
[2024-10-27T14:03:35.415+0000] {processor.py:208} INFO - Processing /home/airflow/.local/lib/python3.12/site-packages/airflow/example_dags/tutorial_objectstorage.py took 0.193 seconds
[2024-10-27T14:04:05.613+0000] {processor.py:186} INFO - Started process (PID=1303) to work on /home/airflow/.local/lib/python3.12/site-packages/airflow/example_dags/tutorial_objectstorage.py
[2024-10-27T14:04:05.614+0000] {processor.py:914} INFO - Processing file /home/airflow/.local/lib/python3.12/site-packages/airflow/example_dags/tutorial_objectstorage.py for tasks to queue
[2024-10-27T14:04:05.618+0000] {logging_mixin.py:190} INFO - [2024-10-27T14:04:05.617+0000] {dagbag.py:588} INFO - Filling up the DagBag from /home/airflow/.local/lib/python3.12/site-packages/airflow/example_dags/tutorial_objectstorage.py
[2024-10-27T14:04:05.634+0000] {processor.py:925} INFO - DAG(s) 'tutorial_objectstorage' retrieved from /home/airflow/.local/lib/python3.12/site-packages/airflow/example_dags/tutorial_objectstorage.py
[2024-10-27T14:04:05.665+0000] {logging_mixin.py:190} INFO - [2024-10-27T14:04:05.664+0000] {dag.py:3239} INFO - Sync 1 DAGs
[2024-10-27T14:04:05.690+0000] {logging_mixin.py:190} INFO - [2024-10-27T14:04:05.689+0000] {dag.py:4180} INFO - Setting next_dagrun for tutorial_objectstorage to None, run_after=None
[2024-10-27T14:04:05.827+0000] {processor.py:208} INFO - Processing /home/airflow/.local/lib/python3.12/site-packages/airflow/example_dags/tutorial_objectstorage.py took 0.224 seconds
[2024-10-27T14:04:36.048+0000] {processor.py:186} INFO - Started process (PID=1364) to work on /home/airflow/.local/lib/python3.12/site-packages/airflow/example_dags/tutorial_objectstorage.py
[2024-10-27T14:04:36.050+0000] {processor.py:914} INFO - Processing file /home/airflow/.local/lib/python3.12/site-packages/airflow/example_dags/tutorial_objectstorage.py for tasks to queue
[2024-10-27T14:04:36.055+0000] {logging_mixin.py:190} INFO - [2024-10-27T14:04:36.054+0000] {dagbag.py:588} INFO - Filling up the DagBag from /home/airflow/.local/lib/python3.12/site-packages/airflow/example_dags/tutorial_objectstorage.py
[2024-10-27T14:04:36.071+0000] {processor.py:925} INFO - DAG(s) 'tutorial_objectstorage' retrieved from /home/airflow/.local/lib/python3.12/site-packages/airflow/example_dags/tutorial_objectstorage.py
[2024-10-27T14:04:36.108+0000] {logging_mixin.py:190} INFO - [2024-10-27T14:04:36.108+0000] {dag.py:3239} INFO - Sync 1 DAGs
[2024-10-27T14:04:36.152+0000] {logging_mixin.py:190} INFO - [2024-10-27T14:04:36.152+0000] {dag.py:4180} INFO - Setting next_dagrun for tutorial_objectstorage to None, run_after=None
[2024-10-27T14:04:36.201+0000] {processor.py:208} INFO - Processing /home/airflow/.local/lib/python3.12/site-packages/airflow/example_dags/tutorial_objectstorage.py took 0.164 seconds
[2024-10-27T14:05:07.081+0000] {processor.py:186} INFO - Started process (PID=1426) to work on /home/airflow/.local/lib/python3.12/site-packages/airflow/example_dags/tutorial_objectstorage.py
[2024-10-27T14:05:07.114+0000] {processor.py:914} INFO - Processing file /home/airflow/.local/lib/python3.12/site-packages/airflow/example_dags/tutorial_objectstorage.py for tasks to queue
[2024-10-27T14:05:07.119+0000] {logging_mixin.py:190} INFO - [2024-10-27T14:05:07.118+0000] {dagbag.py:588} INFO - Filling up the DagBag from /home/airflow/.local/lib/python3.12/site-packages/airflow/example_dags/tutorial_objectstorage.py
[2024-10-27T14:05:07.139+0000] {processor.py:925} INFO - DAG(s) 'tutorial_objectstorage' retrieved from /home/airflow/.local/lib/python3.12/site-packages/airflow/example_dags/tutorial_objectstorage.py
[2024-10-27T14:05:07.180+0000] {logging_mixin.py:190} INFO - [2024-10-27T14:05:07.180+0000] {dag.py:3239} INFO - Sync 1 DAGs
[2024-10-27T14:05:07.217+0000] {logging_mixin.py:190} INFO - [2024-10-27T14:05:07.216+0000] {dag.py:4180} INFO - Setting next_dagrun for tutorial_objectstorage to None, run_after=None
[2024-10-27T14:05:07.282+0000] {processor.py:208} INFO - Processing /home/airflow/.local/lib/python3.12/site-packages/airflow/example_dags/tutorial_objectstorage.py took 0.213 seconds
[2024-10-27T14:05:38.864+0000] {processor.py:186} INFO - Started process (PID=1488) to work on /home/airflow/.local/lib/python3.12/site-packages/airflow/example_dags/tutorial_objectstorage.py
[2024-10-27T14:05:38.882+0000] {processor.py:914} INFO - Processing file /home/airflow/.local/lib/python3.12/site-packages/airflow/example_dags/tutorial_objectstorage.py for tasks to queue
[2024-10-27T14:05:38.899+0000] {logging_mixin.py:190} INFO - [2024-10-27T14:05:38.898+0000] {dagbag.py:588} INFO - Filling up the DagBag from /home/airflow/.local/lib/python3.12/site-packages/airflow/example_dags/tutorial_objectstorage.py
[2024-10-27T14:05:39.003+0000] {processor.py:925} INFO - DAG(s) 'tutorial_objectstorage' retrieved from /home/airflow/.local/lib/python3.12/site-packages/airflow/example_dags/tutorial_objectstorage.py
[2024-10-27T14:05:39.143+0000] {logging_mixin.py:190} INFO - [2024-10-27T14:05:39.131+0000] {dag.py:3239} INFO - Sync 1 DAGs
[2024-10-27T14:05:39.236+0000] {logging_mixin.py:190} INFO - [2024-10-27T14:05:39.233+0000] {dag.py:4180} INFO - Setting next_dagrun for tutorial_objectstorage to None, run_after=None
[2024-10-27T14:05:39.437+0000] {processor.py:208} INFO - Processing /home/airflow/.local/lib/python3.12/site-packages/airflow/example_dags/tutorial_objectstorage.py took 0.627 seconds
[2024-10-27T14:06:10.008+0000] {processor.py:186} INFO - Started process (PID=1549) to work on /home/airflow/.local/lib/python3.12/site-packages/airflow/example_dags/tutorial_objectstorage.py
[2024-10-27T14:06:10.013+0000] {processor.py:914} INFO - Processing file /home/airflow/.local/lib/python3.12/site-packages/airflow/example_dags/tutorial_objectstorage.py for tasks to queue
[2024-10-27T14:06:10.021+0000] {logging_mixin.py:190} INFO - [2024-10-27T14:06:10.019+0000] {dagbag.py:588} INFO - Filling up the DagBag from /home/airflow/.local/lib/python3.12/site-packages/airflow/example_dags/tutorial_objectstorage.py
[2024-10-27T14:06:10.044+0000] {processor.py:925} INFO - DAG(s) 'tutorial_objectstorage' retrieved from /home/airflow/.local/lib/python3.12/site-packages/airflow/example_dags/tutorial_objectstorage.py
[2024-10-27T14:06:10.111+0000] {logging_mixin.py:190} INFO - [2024-10-27T14:06:10.110+0000] {dag.py:3239} INFO - Sync 1 DAGs
[2024-10-27T14:06:10.200+0000] {logging_mixin.py:190} INFO - [2024-10-27T14:06:10.199+0000] {dag.py:4180} INFO - Setting next_dagrun for tutorial_objectstorage to None, run_after=None
[2024-10-27T14:06:10.270+0000] {processor.py:208} INFO - Processing /home/airflow/.local/lib/python3.12/site-packages/airflow/example_dags/tutorial_objectstorage.py took 0.280 seconds
[2024-10-27T14:06:41.047+0000] {processor.py:186} INFO - Started process (PID=1616) to work on /home/airflow/.local/lib/python3.12/site-packages/airflow/example_dags/tutorial_objectstorage.py
[2024-10-27T14:06:41.082+0000] {processor.py:914} INFO - Processing file /home/airflow/.local/lib/python3.12/site-packages/airflow/example_dags/tutorial_objectstorage.py for tasks to queue
[2024-10-27T14:06:41.092+0000] {logging_mixin.py:190} INFO - [2024-10-27T14:06:41.092+0000] {dagbag.py:588} INFO - Filling up the DagBag from /home/airflow/.local/lib/python3.12/site-packages/airflow/example_dags/tutorial_objectstorage.py
[2024-10-27T14:06:41.143+0000] {processor.py:925} INFO - DAG(s) 'tutorial_objectstorage' retrieved from /home/airflow/.local/lib/python3.12/site-packages/airflow/example_dags/tutorial_objectstorage.py
[2024-10-27T14:06:41.206+0000] {logging_mixin.py:190} INFO - [2024-10-27T14:06:41.206+0000] {dag.py:3239} INFO - Sync 1 DAGs
[2024-10-27T14:06:41.264+0000] {logging_mixin.py:190} INFO - [2024-10-27T14:06:41.264+0000] {dag.py:4180} INFO - Setting next_dagrun for tutorial_objectstorage to None, run_after=None
[2024-10-27T14:06:41.510+0000] {processor.py:208} INFO - Processing /home/airflow/.local/lib/python3.12/site-packages/airflow/example_dags/tutorial_objectstorage.py took 0.473 seconds
[2024-10-27T14:07:11.843+0000] {processor.py:186} INFO - Started process (PID=1677) to work on /home/airflow/.local/lib/python3.12/site-packages/airflow/example_dags/tutorial_objectstorage.py
[2024-10-27T14:07:11.845+0000] {processor.py:914} INFO - Processing file /home/airflow/.local/lib/python3.12/site-packages/airflow/example_dags/tutorial_objectstorage.py for tasks to queue
[2024-10-27T14:07:11.848+0000] {logging_mixin.py:190} INFO - [2024-10-27T14:07:11.848+0000] {dagbag.py:588} INFO - Filling up the DagBag from /home/airflow/.local/lib/python3.12/site-packages/airflow/example_dags/tutorial_objectstorage.py
[2024-10-27T14:07:11.859+0000] {processor.py:925} INFO - DAG(s) 'tutorial_objectstorage' retrieved from /home/airflow/.local/lib/python3.12/site-packages/airflow/example_dags/tutorial_objectstorage.py
[2024-10-27T14:07:11.884+0000] {logging_mixin.py:190} INFO - [2024-10-27T14:07:11.883+0000] {dag.py:3239} INFO - Sync 1 DAGs
[2024-10-27T14:07:11.905+0000] {logging_mixin.py:190} INFO - [2024-10-27T14:07:11.905+0000] {dag.py:4180} INFO - Setting next_dagrun for tutorial_objectstorage to None, run_after=None
[2024-10-27T14:07:12.637+0000] {processor.py:208} INFO - Processing /home/airflow/.local/lib/python3.12/site-packages/airflow/example_dags/tutorial_objectstorage.py took 0.802 seconds
[2024-10-27T14:07:44.615+0000] {processor.py:186} INFO - Started process (PID=1740) to work on /home/airflow/.local/lib/python3.12/site-packages/airflow/example_dags/tutorial_objectstorage.py
[2024-10-27T14:07:44.617+0000] {processor.py:914} INFO - Processing file /home/airflow/.local/lib/python3.12/site-packages/airflow/example_dags/tutorial_objectstorage.py for tasks to queue
[2024-10-27T14:07:44.621+0000] {logging_mixin.py:190} INFO - [2024-10-27T14:07:44.621+0000] {dagbag.py:588} INFO - Filling up the DagBag from /home/airflow/.local/lib/python3.12/site-packages/airflow/example_dags/tutorial_objectstorage.py
[2024-10-27T14:07:44.652+0000] {processor.py:925} INFO - DAG(s) 'tutorial_objectstorage' retrieved from /home/airflow/.local/lib/python3.12/site-packages/airflow/example_dags/tutorial_objectstorage.py
[2024-10-27T14:07:44.683+0000] {logging_mixin.py:190} INFO - [2024-10-27T14:07:44.682+0000] {dag.py:3239} INFO - Sync 1 DAGs
[2024-10-27T14:07:44.719+0000] {logging_mixin.py:190} INFO - [2024-10-27T14:07:44.718+0000] {dag.py:4180} INFO - Setting next_dagrun for tutorial_objectstorage to None, run_after=None
[2024-10-27T14:07:44.781+0000] {processor.py:208} INFO - Processing /home/airflow/.local/lib/python3.12/site-packages/airflow/example_dags/tutorial_objectstorage.py took 0.180 seconds
[2024-10-27T14:08:15.576+0000] {processor.py:186} INFO - Started process (PID=1803) to work on /home/airflow/.local/lib/python3.12/site-packages/airflow/example_dags/tutorial_objectstorage.py
[2024-10-27T14:08:15.582+0000] {processor.py:914} INFO - Processing file /home/airflow/.local/lib/python3.12/site-packages/airflow/example_dags/tutorial_objectstorage.py for tasks to queue
[2024-10-27T14:08:15.586+0000] {logging_mixin.py:190} INFO - [2024-10-27T14:08:15.586+0000] {dagbag.py:588} INFO - Filling up the DagBag from /home/airflow/.local/lib/python3.12/site-packages/airflow/example_dags/tutorial_objectstorage.py
[2024-10-27T14:08:15.624+0000] {processor.py:925} INFO - DAG(s) 'tutorial_objectstorage' retrieved from /home/airflow/.local/lib/python3.12/site-packages/airflow/example_dags/tutorial_objectstorage.py
[2024-10-27T14:08:15.719+0000] {logging_mixin.py:190} INFO - [2024-10-27T14:08:15.718+0000] {dag.py:3239} INFO - Sync 1 DAGs
[2024-10-27T14:08:15.772+0000] {logging_mixin.py:190} INFO - [2024-10-27T14:08:15.772+0000] {dag.py:4180} INFO - Setting next_dagrun for tutorial_objectstorage to None, run_after=None
[2024-10-27T14:08:15.942+0000] {processor.py:208} INFO - Processing /home/airflow/.local/lib/python3.12/site-packages/airflow/example_dags/tutorial_objectstorage.py took 0.387 seconds
[2024-10-27T14:08:46.492+0000] {processor.py:186} INFO - Started process (PID=1865) to work on /home/airflow/.local/lib/python3.12/site-packages/airflow/example_dags/tutorial_objectstorage.py
[2024-10-27T14:08:46.493+0000] {processor.py:914} INFO - Processing file /home/airflow/.local/lib/python3.12/site-packages/airflow/example_dags/tutorial_objectstorage.py for tasks to queue
[2024-10-27T14:08:46.497+0000] {logging_mixin.py:190} INFO - [2024-10-27T14:08:46.497+0000] {dagbag.py:588} INFO - Filling up the DagBag from /home/airflow/.local/lib/python3.12/site-packages/airflow/example_dags/tutorial_objectstorage.py
[2024-10-27T14:08:46.511+0000] {processor.py:925} INFO - DAG(s) 'tutorial_objectstorage' retrieved from /home/airflow/.local/lib/python3.12/site-packages/airflow/example_dags/tutorial_objectstorage.py
[2024-10-27T14:08:46.538+0000] {logging_mixin.py:190} INFO - [2024-10-27T14:08:46.538+0000] {dag.py:3239} INFO - Sync 1 DAGs
[2024-10-27T14:08:46.565+0000] {logging_mixin.py:190} INFO - [2024-10-27T14:08:46.565+0000] {dag.py:4180} INFO - Setting next_dagrun for tutorial_objectstorage to None, run_after=None
[2024-10-27T14:08:47.044+0000] {processor.py:208} INFO - Processing /home/airflow/.local/lib/python3.12/site-packages/airflow/example_dags/tutorial_objectstorage.py took 0.562 seconds
[2024-10-27T14:09:17.602+0000] {processor.py:186} INFO - Started process (PID=1927) to work on /home/airflow/.local/lib/python3.12/site-packages/airflow/example_dags/tutorial_objectstorage.py
[2024-10-27T14:09:17.611+0000] {processor.py:914} INFO - Processing file /home/airflow/.local/lib/python3.12/site-packages/airflow/example_dags/tutorial_objectstorage.py for tasks to queue
[2024-10-27T14:09:17.622+0000] {logging_mixin.py:190} INFO - [2024-10-27T14:09:17.621+0000] {dagbag.py:588} INFO - Filling up the DagBag from /home/airflow/.local/lib/python3.12/site-packages/airflow/example_dags/tutorial_objectstorage.py
[2024-10-27T14:09:17.641+0000] {processor.py:925} INFO - DAG(s) 'tutorial_objectstorage' retrieved from /home/airflow/.local/lib/python3.12/site-packages/airflow/example_dags/tutorial_objectstorage.py
[2024-10-27T14:09:17.676+0000] {logging_mixin.py:190} INFO - [2024-10-27T14:09:17.676+0000] {dag.py:3239} INFO - Sync 1 DAGs
[2024-10-27T14:09:17.711+0000] {logging_mixin.py:190} INFO - [2024-10-27T14:09:17.711+0000] {dag.py:4180} INFO - Setting next_dagrun for tutorial_objectstorage to None, run_after=None
[2024-10-27T14:09:17.777+0000] {processor.py:208} INFO - Processing /home/airflow/.local/lib/python3.12/site-packages/airflow/example_dags/tutorial_objectstorage.py took 0.195 seconds
[2024-10-27T14:09:48.221+0000] {processor.py:186} INFO - Started process (PID=1989) to work on /home/airflow/.local/lib/python3.12/site-packages/airflow/example_dags/tutorial_objectstorage.py
[2024-10-27T14:09:48.223+0000] {processor.py:914} INFO - Processing file /home/airflow/.local/lib/python3.12/site-packages/airflow/example_dags/tutorial_objectstorage.py for tasks to queue
[2024-10-27T14:09:48.227+0000] {logging_mixin.py:190} INFO - [2024-10-27T14:09:48.226+0000] {dagbag.py:588} INFO - Filling up the DagBag from /home/airflow/.local/lib/python3.12/site-packages/airflow/example_dags/tutorial_objectstorage.py
[2024-10-27T14:09:48.239+0000] {processor.py:925} INFO - DAG(s) 'tutorial_objectstorage' retrieved from /home/airflow/.local/lib/python3.12/site-packages/airflow/example_dags/tutorial_objectstorage.py
[2024-10-27T14:09:48.268+0000] {logging_mixin.py:190} INFO - [2024-10-27T14:09:48.268+0000] {dag.py:3239} INFO - Sync 1 DAGs
[2024-10-27T14:09:48.293+0000] {logging_mixin.py:190} INFO - [2024-10-27T14:09:48.293+0000] {dag.py:4180} INFO - Setting next_dagrun for tutorial_objectstorage to None, run_after=None
[2024-10-27T14:09:48.333+0000] {processor.py:208} INFO - Processing /home/airflow/.local/lib/python3.12/site-packages/airflow/example_dags/tutorial_objectstorage.py took 0.120 seconds
[2024-10-27T14:10:18.686+0000] {processor.py:186} INFO - Started process (PID=2051) to work on /home/airflow/.local/lib/python3.12/site-packages/airflow/example_dags/tutorial_objectstorage.py
[2024-10-27T14:10:18.687+0000] {processor.py:914} INFO - Processing file /home/airflow/.local/lib/python3.12/site-packages/airflow/example_dags/tutorial_objectstorage.py for tasks to queue
[2024-10-27T14:10:18.690+0000] {logging_mixin.py:190} INFO - [2024-10-27T14:10:18.690+0000] {dagbag.py:588} INFO - Filling up the DagBag from /home/airflow/.local/lib/python3.12/site-packages/airflow/example_dags/tutorial_objectstorage.py
[2024-10-27T14:10:18.702+0000] {processor.py:925} INFO - DAG(s) 'tutorial_objectstorage' retrieved from /home/airflow/.local/lib/python3.12/site-packages/airflow/example_dags/tutorial_objectstorage.py
[2024-10-27T14:10:18.734+0000] {logging_mixin.py:190} INFO - [2024-10-27T14:10:18.734+0000] {dag.py:3239} INFO - Sync 1 DAGs
[2024-10-27T14:10:18.759+0000] {logging_mixin.py:190} INFO - [2024-10-27T14:10:18.759+0000] {dag.py:4180} INFO - Setting next_dagrun for tutorial_objectstorage to None, run_after=None
[2024-10-27T14:10:18.813+0000] {processor.py:208} INFO - Processing /home/airflow/.local/lib/python3.12/site-packages/airflow/example_dags/tutorial_objectstorage.py took 0.136 seconds
[2024-10-27T14:10:49.648+0000] {processor.py:186} INFO - Started process (PID=2113) to work on /home/airflow/.local/lib/python3.12/site-packages/airflow/example_dags/tutorial_objectstorage.py
[2024-10-27T14:10:49.650+0000] {processor.py:914} INFO - Processing file /home/airflow/.local/lib/python3.12/site-packages/airflow/example_dags/tutorial_objectstorage.py for tasks to queue
[2024-10-27T14:10:49.653+0000] {logging_mixin.py:190} INFO - [2024-10-27T14:10:49.653+0000] {dagbag.py:588} INFO - Filling up the DagBag from /home/airflow/.local/lib/python3.12/site-packages/airflow/example_dags/tutorial_objectstorage.py
[2024-10-27T14:10:49.666+0000] {processor.py:925} INFO - DAG(s) 'tutorial_objectstorage' retrieved from /home/airflow/.local/lib/python3.12/site-packages/airflow/example_dags/tutorial_objectstorage.py
[2024-10-27T14:10:49.692+0000] {logging_mixin.py:190} INFO - [2024-10-27T14:10:49.692+0000] {dag.py:3239} INFO - Sync 1 DAGs
[2024-10-27T14:10:49.711+0000] {logging_mixin.py:190} INFO - [2024-10-27T14:10:49.711+0000] {dag.py:4180} INFO - Setting next_dagrun for tutorial_objectstorage to None, run_after=None
[2024-10-27T14:10:49.792+0000] {processor.py:208} INFO - Processing /home/airflow/.local/lib/python3.12/site-packages/airflow/example_dags/tutorial_objectstorage.py took 0.152 seconds
[2024-10-27T14:11:20.402+0000] {processor.py:186} INFO - Started process (PID=2175) to work on /home/airflow/.local/lib/python3.12/site-packages/airflow/example_dags/tutorial_objectstorage.py
[2024-10-27T14:11:20.403+0000] {processor.py:914} INFO - Processing file /home/airflow/.local/lib/python3.12/site-packages/airflow/example_dags/tutorial_objectstorage.py for tasks to queue
[2024-10-27T14:11:20.408+0000] {logging_mixin.py:190} INFO - [2024-10-27T14:11:20.407+0000] {dagbag.py:588} INFO - Filling up the DagBag from /home/airflow/.local/lib/python3.12/site-packages/airflow/example_dags/tutorial_objectstorage.py
[2024-10-27T14:11:20.423+0000] {processor.py:925} INFO - DAG(s) 'tutorial_objectstorage' retrieved from /home/airflow/.local/lib/python3.12/site-packages/airflow/example_dags/tutorial_objectstorage.py
[2024-10-27T14:11:20.457+0000] {logging_mixin.py:190} INFO - [2024-10-27T14:11:20.456+0000] {dag.py:3239} INFO - Sync 1 DAGs
[2024-10-27T14:11:20.485+0000] {logging_mixin.py:190} INFO - [2024-10-27T14:11:20.485+0000] {dag.py:4180} INFO - Setting next_dagrun for tutorial_objectstorage to None, run_after=None
[2024-10-27T14:11:20.609+0000] {processor.py:208} INFO - Processing /home/airflow/.local/lib/python3.12/site-packages/airflow/example_dags/tutorial_objectstorage.py took 0.216 seconds
[2024-10-27T14:11:51.377+0000] {processor.py:186} INFO - Started process (PID=2237) to work on /home/airflow/.local/lib/python3.12/site-packages/airflow/example_dags/tutorial_objectstorage.py
[2024-10-27T14:11:51.379+0000] {processor.py:914} INFO - Processing file /home/airflow/.local/lib/python3.12/site-packages/airflow/example_dags/tutorial_objectstorage.py for tasks to queue
[2024-10-27T14:11:51.383+0000] {logging_mixin.py:190} INFO - [2024-10-27T14:11:51.382+0000] {dagbag.py:588} INFO - Filling up the DagBag from /home/airflow/.local/lib/python3.12/site-packages/airflow/example_dags/tutorial_objectstorage.py
[2024-10-27T14:11:51.395+0000] {processor.py:925} INFO - DAG(s) 'tutorial_objectstorage' retrieved from /home/airflow/.local/lib/python3.12/site-packages/airflow/example_dags/tutorial_objectstorage.py
[2024-10-27T14:11:51.423+0000] {logging_mixin.py:190} INFO - [2024-10-27T14:11:51.423+0000] {dag.py:3239} INFO - Sync 1 DAGs
[2024-10-27T14:11:51.448+0000] {logging_mixin.py:190} INFO - [2024-10-27T14:11:51.448+0000] {dag.py:4180} INFO - Setting next_dagrun for tutorial_objectstorage to None, run_after=None
[2024-10-27T14:11:51.499+0000] {processor.py:208} INFO - Processing /home/airflow/.local/lib/python3.12/site-packages/airflow/example_dags/tutorial_objectstorage.py took 0.130 seconds
[2024-10-27T14:12:21.654+0000] {processor.py:186} INFO - Started process (PID=2299) to work on /home/airflow/.local/lib/python3.12/site-packages/airflow/example_dags/tutorial_objectstorage.py
[2024-10-27T14:12:21.655+0000] {processor.py:914} INFO - Processing file /home/airflow/.local/lib/python3.12/site-packages/airflow/example_dags/tutorial_objectstorage.py for tasks to queue
[2024-10-27T14:12:21.659+0000] {logging_mixin.py:190} INFO - [2024-10-27T14:12:21.659+0000] {dagbag.py:588} INFO - Filling up the DagBag from /home/airflow/.local/lib/python3.12/site-packages/airflow/example_dags/tutorial_objectstorage.py
[2024-10-27T14:12:21.676+0000] {processor.py:925} INFO - DAG(s) 'tutorial_objectstorage' retrieved from /home/airflow/.local/lib/python3.12/site-packages/airflow/example_dags/tutorial_objectstorage.py
[2024-10-27T14:12:21.721+0000] {logging_mixin.py:190} INFO - [2024-10-27T14:12:21.720+0000] {dag.py:3239} INFO - Sync 1 DAGs
[2024-10-27T14:12:21.759+0000] {logging_mixin.py:190} INFO - [2024-10-27T14:12:21.759+0000] {dag.py:4180} INFO - Setting next_dagrun for tutorial_objectstorage to None, run_after=None
[2024-10-27T14:12:21.900+0000] {processor.py:208} INFO - Processing /home/airflow/.local/lib/python3.12/site-packages/airflow/example_dags/tutorial_objectstorage.py took 0.261 seconds
[2024-10-27T14:12:52.326+0000] {processor.py:186} INFO - Started process (PID=2361) to work on /home/airflow/.local/lib/python3.12/site-packages/airflow/example_dags/tutorial_objectstorage.py
[2024-10-27T14:12:52.328+0000] {processor.py:914} INFO - Processing file /home/airflow/.local/lib/python3.12/site-packages/airflow/example_dags/tutorial_objectstorage.py for tasks to queue
[2024-10-27T14:12:52.331+0000] {logging_mixin.py:190} INFO - [2024-10-27T14:12:52.331+0000] {dagbag.py:588} INFO - Filling up the DagBag from /home/airflow/.local/lib/python3.12/site-packages/airflow/example_dags/tutorial_objectstorage.py
[2024-10-27T14:12:52.342+0000] {processor.py:925} INFO - DAG(s) 'tutorial_objectstorage' retrieved from /home/airflow/.local/lib/python3.12/site-packages/airflow/example_dags/tutorial_objectstorage.py
[2024-10-27T14:12:52.376+0000] {logging_mixin.py:190} INFO - [2024-10-27T14:12:52.375+0000] {dag.py:3239} INFO - Sync 1 DAGs
[2024-10-27T14:12:52.396+0000] {logging_mixin.py:190} INFO - [2024-10-27T14:12:52.396+0000] {dag.py:4180} INFO - Setting next_dagrun for tutorial_objectstorage to None, run_after=None
[2024-10-27T14:12:52.955+0000] {processor.py:208} INFO - Processing /home/airflow/.local/lib/python3.12/site-packages/airflow/example_dags/tutorial_objectstorage.py took 0.637 seconds
[2024-10-27T14:13:23.606+0000] {processor.py:186} INFO - Started process (PID=2423) to work on /home/airflow/.local/lib/python3.12/site-packages/airflow/example_dags/tutorial_objectstorage.py
[2024-10-27T14:13:23.608+0000] {processor.py:914} INFO - Processing file /home/airflow/.local/lib/python3.12/site-packages/airflow/example_dags/tutorial_objectstorage.py for tasks to queue
[2024-10-27T14:13:23.612+0000] {logging_mixin.py:190} INFO - [2024-10-27T14:13:23.611+0000] {dagbag.py:588} INFO - Filling up the DagBag from /home/airflow/.local/lib/python3.12/site-packages/airflow/example_dags/tutorial_objectstorage.py
[2024-10-27T14:13:23.623+0000] {processor.py:925} INFO - DAG(s) 'tutorial_objectstorage' retrieved from /home/airflow/.local/lib/python3.12/site-packages/airflow/example_dags/tutorial_objectstorage.py
[2024-10-27T14:13:23.652+0000] {logging_mixin.py:190} INFO - [2024-10-27T14:13:23.652+0000] {dag.py:3239} INFO - Sync 1 DAGs
[2024-10-27T14:13:23.674+0000] {logging_mixin.py:190} INFO - [2024-10-27T14:13:23.674+0000] {dag.py:4180} INFO - Setting next_dagrun for tutorial_objectstorage to None, run_after=None
[2024-10-27T14:13:23.723+0000] {processor.py:208} INFO - Processing /home/airflow/.local/lib/python3.12/site-packages/airflow/example_dags/tutorial_objectstorage.py took 0.125 seconds
[2024-10-27T14:13:53.784+0000] {processor.py:186} INFO - Started process (PID=2485) to work on /home/airflow/.local/lib/python3.12/site-packages/airflow/example_dags/tutorial_objectstorage.py
[2024-10-27T14:13:53.785+0000] {processor.py:914} INFO - Processing file /home/airflow/.local/lib/python3.12/site-packages/airflow/example_dags/tutorial_objectstorage.py for tasks to queue
[2024-10-27T14:13:53.788+0000] {logging_mixin.py:190} INFO - [2024-10-27T14:13:53.788+0000] {dagbag.py:588} INFO - Filling up the DagBag from /home/airflow/.local/lib/python3.12/site-packages/airflow/example_dags/tutorial_objectstorage.py
[2024-10-27T14:13:53.804+0000] {processor.py:925} INFO - DAG(s) 'tutorial_objectstorage' retrieved from /home/airflow/.local/lib/python3.12/site-packages/airflow/example_dags/tutorial_objectstorage.py
[2024-10-27T14:13:53.829+0000] {logging_mixin.py:190} INFO - [2024-10-27T14:13:53.829+0000] {dag.py:3239} INFO - Sync 1 DAGs
[2024-10-27T14:13:53.848+0000] {logging_mixin.py:190} INFO - [2024-10-27T14:13:53.848+0000] {dag.py:4180} INFO - Setting next_dagrun for tutorial_objectstorage to None, run_after=None
[2024-10-27T14:13:54.319+0000] {processor.py:208} INFO - Processing /home/airflow/.local/lib/python3.12/site-packages/airflow/example_dags/tutorial_objectstorage.py took 0.543 seconds
[2024-10-27T14:14:24.726+0000] {processor.py:186} INFO - Started process (PID=2547) to work on /home/airflow/.local/lib/python3.12/site-packages/airflow/example_dags/tutorial_objectstorage.py
[2024-10-27T14:14:24.728+0000] {processor.py:914} INFO - Processing file /home/airflow/.local/lib/python3.12/site-packages/airflow/example_dags/tutorial_objectstorage.py for tasks to queue
[2024-10-27T14:14:24.731+0000] {logging_mixin.py:190} INFO - [2024-10-27T14:14:24.731+0000] {dagbag.py:588} INFO - Filling up the DagBag from /home/airflow/.local/lib/python3.12/site-packages/airflow/example_dags/tutorial_objectstorage.py
[2024-10-27T14:14:24.747+0000] {processor.py:925} INFO - DAG(s) 'tutorial_objectstorage' retrieved from /home/airflow/.local/lib/python3.12/site-packages/airflow/example_dags/tutorial_objectstorage.py
[2024-10-27T14:14:24.801+0000] {logging_mixin.py:190} INFO - [2024-10-27T14:14:24.799+0000] {dag.py:3239} INFO - Sync 1 DAGs
[2024-10-27T14:14:24.836+0000] {logging_mixin.py:190} INFO - [2024-10-27T14:14:24.836+0000] {dag.py:4180} INFO - Setting next_dagrun for tutorial_objectstorage to None, run_after=None
[2024-10-27T14:14:24.926+0000] {processor.py:208} INFO - Processing /home/airflow/.local/lib/python3.12/site-packages/airflow/example_dags/tutorial_objectstorage.py took 0.211 seconds
[2024-10-27T14:14:55.106+0000] {processor.py:186} INFO - Started process (PID=2609) to work on /home/airflow/.local/lib/python3.12/site-packages/airflow/example_dags/tutorial_objectstorage.py
[2024-10-27T14:14:55.115+0000] {processor.py:914} INFO - Processing file /home/airflow/.local/lib/python3.12/site-packages/airflow/example_dags/tutorial_objectstorage.py for tasks to queue
[2024-10-27T14:14:55.120+0000] {logging_mixin.py:190} INFO - [2024-10-27T14:14:55.120+0000] {dagbag.py:588} INFO - Filling up the DagBag from /home/airflow/.local/lib/python3.12/site-packages/airflow/example_dags/tutorial_objectstorage.py
[2024-10-27T14:14:55.141+0000] {processor.py:925} INFO - DAG(s) 'tutorial_objectstorage' retrieved from /home/airflow/.local/lib/python3.12/site-packages/airflow/example_dags/tutorial_objectstorage.py
[2024-10-27T14:14:55.178+0000] {logging_mixin.py:190} INFO - [2024-10-27T14:14:55.178+0000] {dag.py:3239} INFO - Sync 1 DAGs
[2024-10-27T14:14:55.213+0000] {logging_mixin.py:190} INFO - [2024-10-27T14:14:55.211+0000] {dag.py:4180} INFO - Setting next_dagrun for tutorial_objectstorage to None, run_after=None
[2024-10-27T14:14:55.276+0000] {processor.py:208} INFO - Processing /home/airflow/.local/lib/python3.12/site-packages/airflow/example_dags/tutorial_objectstorage.py took 0.186 seconds
[2024-10-27T14:15:25.768+0000] {processor.py:186} INFO - Started process (PID=2671) to work on /home/airflow/.local/lib/python3.12/site-packages/airflow/example_dags/tutorial_objectstorage.py
[2024-10-27T14:15:25.770+0000] {processor.py:914} INFO - Processing file /home/airflow/.local/lib/python3.12/site-packages/airflow/example_dags/tutorial_objectstorage.py for tasks to queue
[2024-10-27T14:15:25.774+0000] {logging_mixin.py:190} INFO - [2024-10-27T14:15:25.774+0000] {dagbag.py:588} INFO - Filling up the DagBag from /home/airflow/.local/lib/python3.12/site-packages/airflow/example_dags/tutorial_objectstorage.py
[2024-10-27T14:15:25.792+0000] {processor.py:925} INFO - DAG(s) 'tutorial_objectstorage' retrieved from /home/airflow/.local/lib/python3.12/site-packages/airflow/example_dags/tutorial_objectstorage.py
[2024-10-27T14:15:25.845+0000] {logging_mixin.py:190} INFO - [2024-10-27T14:15:25.845+0000] {dag.py:3239} INFO - Sync 1 DAGs
[2024-10-27T14:15:25.878+0000] {logging_mixin.py:190} INFO - [2024-10-27T14:15:25.878+0000] {dag.py:4180} INFO - Setting next_dagrun for tutorial_objectstorage to None, run_after=None
[2024-10-27T14:15:25.929+0000] {processor.py:208} INFO - Processing /home/airflow/.local/lib/python3.12/site-packages/airflow/example_dags/tutorial_objectstorage.py took 0.173 seconds
[2024-10-27T14:15:56.245+0000] {processor.py:186} INFO - Started process (PID=2732) to work on /home/airflow/.local/lib/python3.12/site-packages/airflow/example_dags/tutorial_objectstorage.py
[2024-10-27T14:15:56.247+0000] {processor.py:914} INFO - Processing file /home/airflow/.local/lib/python3.12/site-packages/airflow/example_dags/tutorial_objectstorage.py for tasks to queue
[2024-10-27T14:15:56.250+0000] {logging_mixin.py:190} INFO - [2024-10-27T14:15:56.250+0000] {dagbag.py:588} INFO - Filling up the DagBag from /home/airflow/.local/lib/python3.12/site-packages/airflow/example_dags/tutorial_objectstorage.py
[2024-10-27T14:15:56.264+0000] {processor.py:925} INFO - DAG(s) 'tutorial_objectstorage' retrieved from /home/airflow/.local/lib/python3.12/site-packages/airflow/example_dags/tutorial_objectstorage.py
[2024-10-27T14:15:56.291+0000] {logging_mixin.py:190} INFO - [2024-10-27T14:15:56.290+0000] {dag.py:3239} INFO - Sync 1 DAGs
[2024-10-27T14:15:56.313+0000] {logging_mixin.py:190} INFO - [2024-10-27T14:15:56.313+0000] {dag.py:4180} INFO - Setting next_dagrun for tutorial_objectstorage to None, run_after=None
[2024-10-27T14:15:56.557+0000] {processor.py:208} INFO - Processing /home/airflow/.local/lib/python3.12/site-packages/airflow/example_dags/tutorial_objectstorage.py took 0.321 seconds
[2024-10-27T14:16:27.280+0000] {processor.py:186} INFO - Started process (PID=2793) to work on /home/airflow/.local/lib/python3.12/site-packages/airflow/example_dags/tutorial_objectstorage.py
[2024-10-27T14:16:27.281+0000] {processor.py:914} INFO - Processing file /home/airflow/.local/lib/python3.12/site-packages/airflow/example_dags/tutorial_objectstorage.py for tasks to queue
[2024-10-27T14:16:27.285+0000] {logging_mixin.py:190} INFO - [2024-10-27T14:16:27.285+0000] {dagbag.py:588} INFO - Filling up the DagBag from /home/airflow/.local/lib/python3.12/site-packages/airflow/example_dags/tutorial_objectstorage.py
[2024-10-27T14:16:27.297+0000] {processor.py:925} INFO - DAG(s) 'tutorial_objectstorage' retrieved from /home/airflow/.local/lib/python3.12/site-packages/airflow/example_dags/tutorial_objectstorage.py
[2024-10-27T14:16:27.323+0000] {logging_mixin.py:190} INFO - [2024-10-27T14:16:27.323+0000] {dag.py:3239} INFO - Sync 1 DAGs
[2024-10-27T14:16:27.349+0000] {logging_mixin.py:190} INFO - [2024-10-27T14:16:27.349+0000] {dag.py:4180} INFO - Setting next_dagrun for tutorial_objectstorage to None, run_after=None
[2024-10-27T14:16:27.642+0000] {processor.py:208} INFO - Processing /home/airflow/.local/lib/python3.12/site-packages/airflow/example_dags/tutorial_objectstorage.py took 0.374 seconds
[2024-10-27T14:16:57.996+0000] {processor.py:186} INFO - Started process (PID=2855) to work on /home/airflow/.local/lib/python3.12/site-packages/airflow/example_dags/tutorial_objectstorage.py
[2024-10-27T14:16:57.998+0000] {processor.py:914} INFO - Processing file /home/airflow/.local/lib/python3.12/site-packages/airflow/example_dags/tutorial_objectstorage.py for tasks to queue
[2024-10-27T14:16:58.012+0000] {logging_mixin.py:190} INFO - [2024-10-27T14:16:58.001+0000] {dagbag.py:588} INFO - Filling up the DagBag from /home/airflow/.local/lib/python3.12/site-packages/airflow/example_dags/tutorial_objectstorage.py
[2024-10-27T14:16:58.038+0000] {processor.py:925} INFO - DAG(s) 'tutorial_objectstorage' retrieved from /home/airflow/.local/lib/python3.12/site-packages/airflow/example_dags/tutorial_objectstorage.py
[2024-10-27T14:16:58.085+0000] {logging_mixin.py:190} INFO - [2024-10-27T14:16:58.084+0000] {dag.py:3239} INFO - Sync 1 DAGs
[2024-10-27T14:16:58.172+0000] {logging_mixin.py:190} INFO - [2024-10-27T14:16:58.171+0000] {dag.py:4180} INFO - Setting next_dagrun for tutorial_objectstorage to None, run_after=None
[2024-10-27T14:16:58.264+0000] {processor.py:208} INFO - Processing /home/airflow/.local/lib/python3.12/site-packages/airflow/example_dags/tutorial_objectstorage.py took 0.303 seconds
[2024-10-27T14:17:28.758+0000] {processor.py:186} INFO - Started process (PID=2916) to work on /home/airflow/.local/lib/python3.12/site-packages/airflow/example_dags/tutorial_objectstorage.py
[2024-10-27T14:17:28.760+0000] {processor.py:914} INFO - Processing file /home/airflow/.local/lib/python3.12/site-packages/airflow/example_dags/tutorial_objectstorage.py for tasks to queue
[2024-10-27T14:17:28.764+0000] {logging_mixin.py:190} INFO - [2024-10-27T14:17:28.763+0000] {dagbag.py:588} INFO - Filling up the DagBag from /home/airflow/.local/lib/python3.12/site-packages/airflow/example_dags/tutorial_objectstorage.py
[2024-10-27T14:17:28.782+0000] {processor.py:925} INFO - DAG(s) 'tutorial_objectstorage' retrieved from /home/airflow/.local/lib/python3.12/site-packages/airflow/example_dags/tutorial_objectstorage.py
[2024-10-27T14:17:28.824+0000] {logging_mixin.py:190} INFO - [2024-10-27T14:17:28.823+0000] {dag.py:3239} INFO - Sync 1 DAGs
[2024-10-27T14:17:28.881+0000] {logging_mixin.py:190} INFO - [2024-10-27T14:17:28.881+0000] {dag.py:4180} INFO - Setting next_dagrun for tutorial_objectstorage to None, run_after=None
[2024-10-27T14:17:28.973+0000] {processor.py:208} INFO - Processing /home/airflow/.local/lib/python3.12/site-packages/airflow/example_dags/tutorial_objectstorage.py took 0.225 seconds
[2024-10-27T14:17:59.512+0000] {processor.py:186} INFO - Started process (PID=2976) to work on /home/airflow/.local/lib/python3.12/site-packages/airflow/example_dags/tutorial_objectstorage.py
[2024-10-27T14:17:59.517+0000] {processor.py:914} INFO - Processing file /home/airflow/.local/lib/python3.12/site-packages/airflow/example_dags/tutorial_objectstorage.py for tasks to queue
[2024-10-27T14:17:59.521+0000] {logging_mixin.py:190} INFO - [2024-10-27T14:17:59.520+0000] {dagbag.py:588} INFO - Filling up the DagBag from /home/airflow/.local/lib/python3.12/site-packages/airflow/example_dags/tutorial_objectstorage.py
[2024-10-27T14:17:59.535+0000] {processor.py:925} INFO - DAG(s) 'tutorial_objectstorage' retrieved from /home/airflow/.local/lib/python3.12/site-packages/airflow/example_dags/tutorial_objectstorage.py
[2024-10-27T14:17:59.570+0000] {logging_mixin.py:190} INFO - [2024-10-27T14:17:59.570+0000] {dag.py:3239} INFO - Sync 1 DAGs
[2024-10-27T14:17:59.607+0000] {logging_mixin.py:190} INFO - [2024-10-27T14:17:59.607+0000] {dag.py:4180} INFO - Setting next_dagrun for tutorial_objectstorage to None, run_after=None
[2024-10-27T14:17:59.673+0000] {processor.py:208} INFO - Processing /home/airflow/.local/lib/python3.12/site-packages/airflow/example_dags/tutorial_objectstorage.py took 0.171 seconds
[2024-10-27T14:18:30.632+0000] {processor.py:186} INFO - Started process (PID=3038) to work on /home/airflow/.local/lib/python3.12/site-packages/airflow/example_dags/tutorial_objectstorage.py
[2024-10-27T14:18:30.715+0000] {processor.py:914} INFO - Processing file /home/airflow/.local/lib/python3.12/site-packages/airflow/example_dags/tutorial_objectstorage.py for tasks to queue
[2024-10-27T14:18:30.735+0000] {logging_mixin.py:190} INFO - [2024-10-27T14:18:30.733+0000] {dagbag.py:588} INFO - Filling up the DagBag from /home/airflow/.local/lib/python3.12/site-packages/airflow/example_dags/tutorial_objectstorage.py
[2024-10-27T14:18:30.760+0000] {processor.py:925} INFO - DAG(s) 'tutorial_objectstorage' retrieved from /home/airflow/.local/lib/python3.12/site-packages/airflow/example_dags/tutorial_objectstorage.py
[2024-10-27T14:18:30.790+0000] {logging_mixin.py:190} INFO - [2024-10-27T14:18:30.789+0000] {dag.py:3239} INFO - Sync 1 DAGs
[2024-10-27T14:18:30.823+0000] {logging_mixin.py:190} INFO - [2024-10-27T14:18:30.822+0000] {dag.py:4180} INFO - Setting next_dagrun for tutorial_objectstorage to None, run_after=None
[2024-10-27T14:18:31.498+0000] {processor.py:208} INFO - Processing /home/airflow/.local/lib/python3.12/site-packages/airflow/example_dags/tutorial_objectstorage.py took 0.878 seconds
[2024-10-27T14:19:02.430+0000] {processor.py:186} INFO - Started process (PID=3101) to work on /home/airflow/.local/lib/python3.12/site-packages/airflow/example_dags/tutorial_objectstorage.py
[2024-10-27T14:19:02.480+0000] {processor.py:914} INFO - Processing file /home/airflow/.local/lib/python3.12/site-packages/airflow/example_dags/tutorial_objectstorage.py for tasks to queue
[2024-10-27T14:19:02.485+0000] {logging_mixin.py:190} INFO - [2024-10-27T14:19:02.485+0000] {dagbag.py:588} INFO - Filling up the DagBag from /home/airflow/.local/lib/python3.12/site-packages/airflow/example_dags/tutorial_objectstorage.py
[2024-10-27T14:19:02.502+0000] {processor.py:925} INFO - DAG(s) 'tutorial_objectstorage' retrieved from /home/airflow/.local/lib/python3.12/site-packages/airflow/example_dags/tutorial_objectstorage.py
[2024-10-27T14:19:02.546+0000] {logging_mixin.py:190} INFO - [2024-10-27T14:19:02.544+0000] {dag.py:3239} INFO - Sync 1 DAGs
[2024-10-27T14:19:02.602+0000] {logging_mixin.py:190} INFO - [2024-10-27T14:19:02.602+0000] {dag.py:4180} INFO - Setting next_dagrun for tutorial_objectstorage to None, run_after=None
[2024-10-27T14:19:02.659+0000] {processor.py:208} INFO - Processing /home/airflow/.local/lib/python3.12/site-packages/airflow/example_dags/tutorial_objectstorage.py took 0.243 seconds
[2024-10-27T14:19:32.797+0000] {processor.py:186} INFO - Started process (PID=3164) to work on /home/airflow/.local/lib/python3.12/site-packages/airflow/example_dags/tutorial_objectstorage.py
[2024-10-27T14:19:32.828+0000] {processor.py:914} INFO - Processing file /home/airflow/.local/lib/python3.12/site-packages/airflow/example_dags/tutorial_objectstorage.py for tasks to queue
[2024-10-27T14:19:32.832+0000] {logging_mixin.py:190} INFO - [2024-10-27T14:19:32.832+0000] {dagbag.py:588} INFO - Filling up the DagBag from /home/airflow/.local/lib/python3.12/site-packages/airflow/example_dags/tutorial_objectstorage.py
[2024-10-27T14:19:32.876+0000] {processor.py:925} INFO - DAG(s) 'tutorial_objectstorage' retrieved from /home/airflow/.local/lib/python3.12/site-packages/airflow/example_dags/tutorial_objectstorage.py
[2024-10-27T14:19:32.935+0000] {logging_mixin.py:190} INFO - [2024-10-27T14:19:32.933+0000] {dag.py:3239} INFO - Sync 1 DAGs
[2024-10-27T14:19:32.993+0000] {logging_mixin.py:190} INFO - [2024-10-27T14:19:32.993+0000] {dag.py:4180} INFO - Setting next_dagrun for tutorial_objectstorage to None, run_after=None
[2024-10-27T14:19:33.082+0000] {processor.py:208} INFO - Processing /home/airflow/.local/lib/python3.12/site-packages/airflow/example_dags/tutorial_objectstorage.py took 0.304 seconds
[2024-10-27T14:20:04.760+0000] {processor.py:186} INFO - Started process (PID=3226) to work on /home/airflow/.local/lib/python3.12/site-packages/airflow/example_dags/tutorial_objectstorage.py
[2024-10-27T14:20:04.762+0000] {processor.py:914} INFO - Processing file /home/airflow/.local/lib/python3.12/site-packages/airflow/example_dags/tutorial_objectstorage.py for tasks to queue
[2024-10-27T14:20:04.776+0000] {logging_mixin.py:190} INFO - [2024-10-27T14:20:04.775+0000] {dagbag.py:588} INFO - Filling up the DagBag from /home/airflow/.local/lib/python3.12/site-packages/airflow/example_dags/tutorial_objectstorage.py
[2024-10-27T14:20:04.813+0000] {processor.py:925} INFO - DAG(s) 'tutorial_objectstorage' retrieved from /home/airflow/.local/lib/python3.12/site-packages/airflow/example_dags/tutorial_objectstorage.py
[2024-10-27T14:20:04.889+0000] {logging_mixin.py:190} INFO - [2024-10-27T14:20:04.889+0000] {dag.py:3239} INFO - Sync 1 DAGs
[2024-10-27T14:20:04.935+0000] {logging_mixin.py:190} INFO - [2024-10-27T14:20:04.934+0000] {dag.py:4180} INFO - Setting next_dagrun for tutorial_objectstorage to None, run_after=None
[2024-10-27T14:20:05.013+0000] {processor.py:208} INFO - Processing /home/airflow/.local/lib/python3.12/site-packages/airflow/example_dags/tutorial_objectstorage.py took 0.272 seconds
[2024-10-27T14:20:38.620+0000] {processor.py:186} INFO - Started process (PID=3288) to work on /home/airflow/.local/lib/python3.12/site-packages/airflow/example_dags/tutorial_objectstorage.py
[2024-10-27T14:20:38.632+0000] {processor.py:914} INFO - Processing file /home/airflow/.local/lib/python3.12/site-packages/airflow/example_dags/tutorial_objectstorage.py for tasks to queue
[2024-10-27T14:20:38.652+0000] {logging_mixin.py:190} INFO - [2024-10-27T14:20:38.652+0000] {dagbag.py:588} INFO - Filling up the DagBag from /home/airflow/.local/lib/python3.12/site-packages/airflow/example_dags/tutorial_objectstorage.py
[2024-10-27T14:20:38.720+0000] {processor.py:925} INFO - DAG(s) 'tutorial_objectstorage' retrieved from /home/airflow/.local/lib/python3.12/site-packages/airflow/example_dags/tutorial_objectstorage.py
[2024-10-27T14:20:38.860+0000] {logging_mixin.py:190} INFO - [2024-10-27T14:20:38.859+0000] {dag.py:3239} INFO - Sync 1 DAGs
[2024-10-27T14:20:38.967+0000] {logging_mixin.py:190} INFO - [2024-10-27T14:20:38.966+0000] {dag.py:4180} INFO - Setting next_dagrun for tutorial_objectstorage to None, run_after=None
[2024-10-27T14:20:39.237+0000] {processor.py:208} INFO - Processing /home/airflow/.local/lib/python3.12/site-packages/airflow/example_dags/tutorial_objectstorage.py took 0.654 seconds
[2024-10-27T14:21:16.998+0000] {processor.py:186} INFO - Started process (PID=3354) to work on /home/airflow/.local/lib/python3.12/site-packages/airflow/example_dags/tutorial_objectstorage.py
[2024-10-27T14:21:17.004+0000] {processor.py:914} INFO - Processing file /home/airflow/.local/lib/python3.12/site-packages/airflow/example_dags/tutorial_objectstorage.py for tasks to queue
[2024-10-27T14:21:17.008+0000] {logging_mixin.py:190} INFO - [2024-10-27T14:21:17.008+0000] {dagbag.py:588} INFO - Filling up the DagBag from /home/airflow/.local/lib/python3.12/site-packages/airflow/example_dags/tutorial_objectstorage.py
[2024-10-27T14:21:17.038+0000] {processor.py:925} INFO - DAG(s) 'tutorial_objectstorage' retrieved from /home/airflow/.local/lib/python3.12/site-packages/airflow/example_dags/tutorial_objectstorage.py
[2024-10-27T14:21:17.077+0000] {logging_mixin.py:190} INFO - [2024-10-27T14:21:17.076+0000] {dag.py:3239} INFO - Sync 1 DAGs
[2024-10-27T14:21:17.105+0000] {logging_mixin.py:190} INFO - [2024-10-27T14:21:17.104+0000] {dag.py:4180} INFO - Setting next_dagrun for tutorial_objectstorage to None, run_after=None
[2024-10-27T14:21:17.143+0000] {processor.py:208} INFO - Processing /home/airflow/.local/lib/python3.12/site-packages/airflow/example_dags/tutorial_objectstorage.py took 0.158 seconds
[2024-10-27T14:21:54.794+0000] {processor.py:186} INFO - Started process (PID=3416) to work on /home/airflow/.local/lib/python3.12/site-packages/airflow/example_dags/tutorial_objectstorage.py
[2024-10-27T14:21:54.809+0000] {processor.py:914} INFO - Processing file /home/airflow/.local/lib/python3.12/site-packages/airflow/example_dags/tutorial_objectstorage.py for tasks to queue
[2024-10-27T14:21:54.828+0000] {logging_mixin.py:190} INFO - [2024-10-27T14:21:54.826+0000] {dagbag.py:588} INFO - Filling up the DagBag from /home/airflow/.local/lib/python3.12/site-packages/airflow/example_dags/tutorial_objectstorage.py
[2024-10-27T14:21:54.893+0000] {processor.py:925} INFO - DAG(s) 'tutorial_objectstorage' retrieved from /home/airflow/.local/lib/python3.12/site-packages/airflow/example_dags/tutorial_objectstorage.py
[2024-10-27T14:21:55.023+0000] {logging_mixin.py:190} INFO - [2024-10-27T14:21:55.011+0000] {dag.py:3239} INFO - Sync 1 DAGs
[2024-10-27T14:21:55.105+0000] {logging_mixin.py:190} INFO - [2024-10-27T14:21:55.104+0000] {dag.py:4180} INFO - Setting next_dagrun for tutorial_objectstorage to None, run_after=None
[2024-10-27T14:21:56.248+0000] {processor.py:208} INFO - Processing /home/airflow/.local/lib/python3.12/site-packages/airflow/example_dags/tutorial_objectstorage.py took 1.503 seconds
[2024-10-27T14:22:26.870+0000] {processor.py:186} INFO - Started process (PID=3477) to work on /home/airflow/.local/lib/python3.12/site-packages/airflow/example_dags/tutorial_objectstorage.py
[2024-10-27T14:22:26.883+0000] {processor.py:914} INFO - Processing file /home/airflow/.local/lib/python3.12/site-packages/airflow/example_dags/tutorial_objectstorage.py for tasks to queue
[2024-10-27T14:22:26.887+0000] {logging_mixin.py:190} INFO - [2024-10-27T14:22:26.886+0000] {dagbag.py:588} INFO - Filling up the DagBag from /home/airflow/.local/lib/python3.12/site-packages/airflow/example_dags/tutorial_objectstorage.py
[2024-10-27T14:22:26.904+0000] {processor.py:925} INFO - DAG(s) 'tutorial_objectstorage' retrieved from /home/airflow/.local/lib/python3.12/site-packages/airflow/example_dags/tutorial_objectstorage.py
[2024-10-27T14:22:26.937+0000] {logging_mixin.py:190} INFO - [2024-10-27T14:22:26.937+0000] {dag.py:3239} INFO - Sync 1 DAGs
[2024-10-27T14:22:26.969+0000] {logging_mixin.py:190} INFO - [2024-10-27T14:22:26.969+0000] {dag.py:4180} INFO - Setting next_dagrun for tutorial_objectstorage to None, run_after=None
[2024-10-27T14:22:27.060+0000] {processor.py:208} INFO - Processing /home/airflow/.local/lib/python3.12/site-packages/airflow/example_dags/tutorial_objectstorage.py took 0.199 seconds
[2024-10-27T14:22:57.160+0000] {processor.py:186} INFO - Started process (PID=3538) to work on /home/airflow/.local/lib/python3.12/site-packages/airflow/example_dags/tutorial_objectstorage.py
[2024-10-27T14:22:57.162+0000] {processor.py:914} INFO - Processing file /home/airflow/.local/lib/python3.12/site-packages/airflow/example_dags/tutorial_objectstorage.py for tasks to queue
[2024-10-27T14:22:57.169+0000] {logging_mixin.py:190} INFO - [2024-10-27T14:22:57.168+0000] {dagbag.py:588} INFO - Filling up the DagBag from /home/airflow/.local/lib/python3.12/site-packages/airflow/example_dags/tutorial_objectstorage.py
[2024-10-27T14:22:57.187+0000] {processor.py:925} INFO - DAG(s) 'tutorial_objectstorage' retrieved from /home/airflow/.local/lib/python3.12/site-packages/airflow/example_dags/tutorial_objectstorage.py
[2024-10-27T14:22:57.224+0000] {logging_mixin.py:190} INFO - [2024-10-27T14:22:57.223+0000] {dag.py:3239} INFO - Sync 1 DAGs
[2024-10-27T14:22:57.249+0000] {logging_mixin.py:190} INFO - [2024-10-27T14:22:57.249+0000] {dag.py:4180} INFO - Setting next_dagrun for tutorial_objectstorage to None, run_after=None
[2024-10-27T14:22:57.641+0000] {processor.py:208} INFO - Processing /home/airflow/.local/lib/python3.12/site-packages/airflow/example_dags/tutorial_objectstorage.py took 0.490 seconds
[2024-10-27T14:23:27.962+0000] {processor.py:186} INFO - Started process (PID=3600) to work on /home/airflow/.local/lib/python3.12/site-packages/airflow/example_dags/tutorial_objectstorage.py
[2024-10-27T14:23:27.964+0000] {processor.py:914} INFO - Processing file /home/airflow/.local/lib/python3.12/site-packages/airflow/example_dags/tutorial_objectstorage.py for tasks to queue
[2024-10-27T14:23:27.969+0000] {logging_mixin.py:190} INFO - [2024-10-27T14:23:27.969+0000] {dagbag.py:588} INFO - Filling up the DagBag from /home/airflow/.local/lib/python3.12/site-packages/airflow/example_dags/tutorial_objectstorage.py
[2024-10-27T14:23:28.000+0000] {processor.py:925} INFO - DAG(s) 'tutorial_objectstorage' retrieved from /home/airflow/.local/lib/python3.12/site-packages/airflow/example_dags/tutorial_objectstorage.py
[2024-10-27T14:23:28.038+0000] {logging_mixin.py:190} INFO - [2024-10-27T14:23:28.038+0000] {dag.py:3239} INFO - Sync 1 DAGs
[2024-10-27T14:23:28.299+0000] {logging_mixin.py:190} INFO - [2024-10-27T14:23:28.299+0000] {dag.py:4180} INFO - Setting next_dagrun for tutorial_objectstorage to None, run_after=None
[2024-10-27T14:23:28.443+0000] {processor.py:208} INFO - Processing /home/airflow/.local/lib/python3.12/site-packages/airflow/example_dags/tutorial_objectstorage.py took 0.489 seconds
[2024-10-27T14:23:58.823+0000] {processor.py:186} INFO - Started process (PID=3661) to work on /home/airflow/.local/lib/python3.12/site-packages/airflow/example_dags/tutorial_objectstorage.py
[2024-10-27T14:23:58.834+0000] {processor.py:914} INFO - Processing file /home/airflow/.local/lib/python3.12/site-packages/airflow/example_dags/tutorial_objectstorage.py for tasks to queue
[2024-10-27T14:23:58.848+0000] {logging_mixin.py:190} INFO - [2024-10-27T14:23:58.847+0000] {dagbag.py:588} INFO - Filling up the DagBag from /home/airflow/.local/lib/python3.12/site-packages/airflow/example_dags/tutorial_objectstorage.py
[2024-10-27T14:23:58.887+0000] {processor.py:925} INFO - DAG(s) 'tutorial_objectstorage' retrieved from /home/airflow/.local/lib/python3.12/site-packages/airflow/example_dags/tutorial_objectstorage.py
[2024-10-27T14:23:58.918+0000] {logging_mixin.py:190} INFO - [2024-10-27T14:23:58.917+0000] {dag.py:3239} INFO - Sync 1 DAGs
[2024-10-27T14:23:58.948+0000] {logging_mixin.py:190} INFO - [2024-10-27T14:23:58.948+0000] {dag.py:4180} INFO - Setting next_dagrun for tutorial_objectstorage to None, run_after=None
[2024-10-27T14:23:59.064+0000] {processor.py:208} INFO - Processing /home/airflow/.local/lib/python3.12/site-packages/airflow/example_dags/tutorial_objectstorage.py took 0.248 seconds
[2024-10-27T14:24:29.258+0000] {processor.py:186} INFO - Started process (PID=3722) to work on /home/airflow/.local/lib/python3.12/site-packages/airflow/example_dags/tutorial_objectstorage.py
[2024-10-27T14:24:29.260+0000] {processor.py:914} INFO - Processing file /home/airflow/.local/lib/python3.12/site-packages/airflow/example_dags/tutorial_objectstorage.py for tasks to queue
[2024-10-27T14:24:29.265+0000] {logging_mixin.py:190} INFO - [2024-10-27T14:24:29.264+0000] {dagbag.py:588} INFO - Filling up the DagBag from /home/airflow/.local/lib/python3.12/site-packages/airflow/example_dags/tutorial_objectstorage.py
[2024-10-27T14:24:29.280+0000] {processor.py:925} INFO - DAG(s) 'tutorial_objectstorage' retrieved from /home/airflow/.local/lib/python3.12/site-packages/airflow/example_dags/tutorial_objectstorage.py
[2024-10-27T14:24:29.359+0000] {logging_mixin.py:190} INFO - [2024-10-27T14:24:29.359+0000] {dag.py:3239} INFO - Sync 1 DAGs
[2024-10-27T14:24:29.409+0000] {logging_mixin.py:190} INFO - [2024-10-27T14:24:29.405+0000] {dag.py:4180} INFO - Setting next_dagrun for tutorial_objectstorage to None, run_after=None
[2024-10-27T14:24:29.502+0000] {processor.py:208} INFO - Processing /home/airflow/.local/lib/python3.12/site-packages/airflow/example_dags/tutorial_objectstorage.py took 0.263 seconds
[2024-10-27T14:24:59.632+0000] {processor.py:186} INFO - Started process (PID=3784) to work on /home/airflow/.local/lib/python3.12/site-packages/airflow/example_dags/tutorial_objectstorage.py
[2024-10-27T14:24:59.634+0000] {processor.py:914} INFO - Processing file /home/airflow/.local/lib/python3.12/site-packages/airflow/example_dags/tutorial_objectstorage.py for tasks to queue
[2024-10-27T14:24:59.642+0000] {logging_mixin.py:190} INFO - [2024-10-27T14:24:59.641+0000] {dagbag.py:588} INFO - Filling up the DagBag from /home/airflow/.local/lib/python3.12/site-packages/airflow/example_dags/tutorial_objectstorage.py
[2024-10-27T14:24:59.662+0000] {processor.py:925} INFO - DAG(s) 'tutorial_objectstorage' retrieved from /home/airflow/.local/lib/python3.12/site-packages/airflow/example_dags/tutorial_objectstorage.py
[2024-10-27T14:24:59.805+0000] {logging_mixin.py:190} INFO - [2024-10-27T14:24:59.804+0000] {dag.py:3239} INFO - Sync 1 DAGs
[2024-10-27T14:24:59.851+0000] {logging_mixin.py:190} INFO - [2024-10-27T14:24:59.850+0000] {dag.py:4180} INFO - Setting next_dagrun for tutorial_objectstorage to None, run_after=None
[2024-10-27T14:25:00.120+0000] {processor.py:208} INFO - Processing /home/airflow/.local/lib/python3.12/site-packages/airflow/example_dags/tutorial_objectstorage.py took 0.501 seconds
[2024-10-27T14:25:30.448+0000] {processor.py:186} INFO - Started process (PID=3847) to work on /home/airflow/.local/lib/python3.12/site-packages/airflow/example_dags/tutorial_objectstorage.py
[2024-10-27T14:25:30.449+0000] {processor.py:914} INFO - Processing file /home/airflow/.local/lib/python3.12/site-packages/airflow/example_dags/tutorial_objectstorage.py for tasks to queue
[2024-10-27T14:25:30.454+0000] {logging_mixin.py:190} INFO - [2024-10-27T14:25:30.454+0000] {dagbag.py:588} INFO - Filling up the DagBag from /home/airflow/.local/lib/python3.12/site-packages/airflow/example_dags/tutorial_objectstorage.py
[2024-10-27T14:25:30.468+0000] {processor.py:925} INFO - DAG(s) 'tutorial_objectstorage' retrieved from /home/airflow/.local/lib/python3.12/site-packages/airflow/example_dags/tutorial_objectstorage.py
[2024-10-27T14:25:30.500+0000] {logging_mixin.py:190} INFO - [2024-10-27T14:25:30.500+0000] {dag.py:3239} INFO - Sync 1 DAGs
[2024-10-27T14:25:30.525+0000] {logging_mixin.py:190} INFO - [2024-10-27T14:25:30.524+0000] {dag.py:4180} INFO - Setting next_dagrun for tutorial_objectstorage to None, run_after=None
[2024-10-27T14:25:30.557+0000] {processor.py:208} INFO - Processing /home/airflow/.local/lib/python3.12/site-packages/airflow/example_dags/tutorial_objectstorage.py took 0.121 seconds
[2024-10-27T14:26:01.298+0000] {processor.py:186} INFO - Started process (PID=3909) to work on /home/airflow/.local/lib/python3.12/site-packages/airflow/example_dags/tutorial_objectstorage.py
[2024-10-27T14:26:01.300+0000] {processor.py:914} INFO - Processing file /home/airflow/.local/lib/python3.12/site-packages/airflow/example_dags/tutorial_objectstorage.py for tasks to queue
[2024-10-27T14:26:01.305+0000] {logging_mixin.py:190} INFO - [2024-10-27T14:26:01.304+0000] {dagbag.py:588} INFO - Filling up the DagBag from /home/airflow/.local/lib/python3.12/site-packages/airflow/example_dags/tutorial_objectstorage.py
[2024-10-27T14:26:01.318+0000] {processor.py:925} INFO - DAG(s) 'tutorial_objectstorage' retrieved from /home/airflow/.local/lib/python3.12/site-packages/airflow/example_dags/tutorial_objectstorage.py
[2024-10-27T14:26:01.347+0000] {logging_mixin.py:190} INFO - [2024-10-27T14:26:01.346+0000] {dag.py:3239} INFO - Sync 1 DAGs
[2024-10-27T14:26:01.371+0000] {logging_mixin.py:190} INFO - [2024-10-27T14:26:01.370+0000] {dag.py:4180} INFO - Setting next_dagrun for tutorial_objectstorage to None, run_after=None
[2024-10-27T14:26:01.406+0000] {processor.py:208} INFO - Processing /home/airflow/.local/lib/python3.12/site-packages/airflow/example_dags/tutorial_objectstorage.py took 0.119 seconds
[2024-10-27T14:26:31.924+0000] {processor.py:186} INFO - Started process (PID=3971) to work on /home/airflow/.local/lib/python3.12/site-packages/airflow/example_dags/tutorial_objectstorage.py
[2024-10-27T14:26:31.925+0000] {processor.py:914} INFO - Processing file /home/airflow/.local/lib/python3.12/site-packages/airflow/example_dags/tutorial_objectstorage.py for tasks to queue
[2024-10-27T14:26:31.929+0000] {logging_mixin.py:190} INFO - [2024-10-27T14:26:31.929+0000] {dagbag.py:588} INFO - Filling up the DagBag from /home/airflow/.local/lib/python3.12/site-packages/airflow/example_dags/tutorial_objectstorage.py
[2024-10-27T14:26:31.940+0000] {processor.py:925} INFO - DAG(s) 'tutorial_objectstorage' retrieved from /home/airflow/.local/lib/python3.12/site-packages/airflow/example_dags/tutorial_objectstorage.py
[2024-10-27T14:26:31.964+0000] {logging_mixin.py:190} INFO - [2024-10-27T14:26:31.964+0000] {dag.py:3239} INFO - Sync 1 DAGs
[2024-10-27T14:26:31.983+0000] {logging_mixin.py:190} INFO - [2024-10-27T14:26:31.983+0000] {dag.py:4180} INFO - Setting next_dagrun for tutorial_objectstorage to None, run_after=None
[2024-10-27T14:26:32.519+0000] {processor.py:208} INFO - Processing /home/airflow/.local/lib/python3.12/site-packages/airflow/example_dags/tutorial_objectstorage.py took 0.603 seconds
[2024-10-27T14:50:05.834+0000] {processor.py:186} INFO - Started process (PID=69) to work on /home/airflow/.local/lib/python3.12/site-packages/airflow/example_dags/tutorial_objectstorage.py
[2024-10-27T14:50:05.843+0000] {processor.py:914} INFO - Processing file /home/airflow/.local/lib/python3.12/site-packages/airflow/example_dags/tutorial_objectstorage.py for tasks to queue
[2024-10-27T14:50:05.852+0000] {logging_mixin.py:190} INFO - [2024-10-27T14:50:05.851+0000] {dagbag.py:588} INFO - Filling up the DagBag from /home/airflow/.local/lib/python3.12/site-packages/airflow/example_dags/tutorial_objectstorage.py
[2024-10-27T14:50:05.867+0000] {processor.py:925} INFO - DAG(s) 'tutorial_objectstorage' retrieved from /home/airflow/.local/lib/python3.12/site-packages/airflow/example_dags/tutorial_objectstorage.py
[2024-10-27T14:50:05.928+0000] {logging_mixin.py:190} INFO - [2024-10-27T14:50:05.928+0000] {dag.py:3239} INFO - Sync 1 DAGs
[2024-10-27T14:50:05.964+0000] {logging_mixin.py:190} INFO - [2024-10-27T14:50:05.963+0000] {dag.py:4180} INFO - Setting next_dagrun for tutorial_objectstorage to None, run_after=None
[2024-10-27T14:50:06.024+0000] {processor.py:208} INFO - Processing /home/airflow/.local/lib/python3.12/site-packages/airflow/example_dags/tutorial_objectstorage.py took 0.211 seconds
[2024-10-27T14:50:38.969+0000] {processor.py:186} INFO - Started process (PID=125) to work on /home/airflow/.local/lib/python3.12/site-packages/airflow/example_dags/tutorial_objectstorage.py
[2024-10-27T14:50:38.985+0000] {processor.py:914} INFO - Processing file /home/airflow/.local/lib/python3.12/site-packages/airflow/example_dags/tutorial_objectstorage.py for tasks to queue
[2024-10-27T14:50:39.001+0000] {logging_mixin.py:190} INFO - [2024-10-27T14:50:39.000+0000] {dagbag.py:588} INFO - Filling up the DagBag from /home/airflow/.local/lib/python3.12/site-packages/airflow/example_dags/tutorial_objectstorage.py
[2024-10-27T14:50:39.060+0000] {processor.py:925} INFO - DAG(s) 'tutorial_objectstorage' retrieved from /home/airflow/.local/lib/python3.12/site-packages/airflow/example_dags/tutorial_objectstorage.py
[2024-10-27T14:50:39.172+0000] {logging_mixin.py:190} INFO - [2024-10-27T14:50:39.171+0000] {dag.py:3239} INFO - Sync 1 DAGs
[2024-10-27T14:50:39.290+0000] {logging_mixin.py:190} INFO - [2024-10-27T14:50:39.289+0000] {dag.py:4180} INFO - Setting next_dagrun for tutorial_objectstorage to None, run_after=None
[2024-10-27T14:50:39.442+0000] {processor.py:208} INFO - Processing /home/airflow/.local/lib/python3.12/site-packages/airflow/example_dags/tutorial_objectstorage.py took 0.531 seconds
[2024-10-27T14:51:10.302+0000] {processor.py:186} INFO - Started process (PID=187) to work on /home/airflow/.local/lib/python3.12/site-packages/airflow/example_dags/tutorial_objectstorage.py
[2024-10-27T14:51:10.308+0000] {processor.py:914} INFO - Processing file /home/airflow/.local/lib/python3.12/site-packages/airflow/example_dags/tutorial_objectstorage.py for tasks to queue
[2024-10-27T14:51:10.333+0000] {logging_mixin.py:190} INFO - [2024-10-27T14:51:10.332+0000] {dagbag.py:588} INFO - Filling up the DagBag from /home/airflow/.local/lib/python3.12/site-packages/airflow/example_dags/tutorial_objectstorage.py
[2024-10-27T14:51:10.396+0000] {processor.py:925} INFO - DAG(s) 'tutorial_objectstorage' retrieved from /home/airflow/.local/lib/python3.12/site-packages/airflow/example_dags/tutorial_objectstorage.py
[2024-10-27T14:51:10.503+0000] {logging_mixin.py:190} INFO - [2024-10-27T14:51:10.502+0000] {dag.py:3239} INFO - Sync 1 DAGs
[2024-10-27T14:51:10.588+0000] {logging_mixin.py:190} INFO - [2024-10-27T14:51:10.579+0000] {dag.py:4180} INFO - Setting next_dagrun for tutorial_objectstorage to None, run_after=None
[2024-10-27T14:51:10.696+0000] {processor.py:208} INFO - Processing /home/airflow/.local/lib/python3.12/site-packages/airflow/example_dags/tutorial_objectstorage.py took 0.431 seconds
[2024-10-27T14:51:40.900+0000] {processor.py:186} INFO - Started process (PID=250) to work on /home/airflow/.local/lib/python3.12/site-packages/airflow/example_dags/tutorial_objectstorage.py
[2024-10-27T14:51:40.903+0000] {processor.py:914} INFO - Processing file /home/airflow/.local/lib/python3.12/site-packages/airflow/example_dags/tutorial_objectstorage.py for tasks to queue
[2024-10-27T14:51:40.907+0000] {logging_mixin.py:190} INFO - [2024-10-27T14:51:40.906+0000] {dagbag.py:588} INFO - Filling up the DagBag from /home/airflow/.local/lib/python3.12/site-packages/airflow/example_dags/tutorial_objectstorage.py
[2024-10-27T14:51:40.935+0000] {processor.py:925} INFO - DAG(s) 'tutorial_objectstorage' retrieved from /home/airflow/.local/lib/python3.12/site-packages/airflow/example_dags/tutorial_objectstorage.py
[2024-10-27T14:51:40.974+0000] {logging_mixin.py:190} INFO - [2024-10-27T14:51:40.974+0000] {dag.py:3239} INFO - Sync 1 DAGs
[2024-10-27T14:51:41.005+0000] {logging_mixin.py:190} INFO - [2024-10-27T14:51:41.004+0000] {dag.py:4180} INFO - Setting next_dagrun for tutorial_objectstorage to None, run_after=None
[2024-10-27T14:51:41.055+0000] {processor.py:208} INFO - Processing /home/airflow/.local/lib/python3.12/site-packages/airflow/example_dags/tutorial_objectstorage.py took 0.169 seconds
[2024-10-27T14:52:11.730+0000] {processor.py:186} INFO - Started process (PID=312) to work on /home/airflow/.local/lib/python3.12/site-packages/airflow/example_dags/tutorial_objectstorage.py
[2024-10-27T14:52:11.740+0000] {processor.py:914} INFO - Processing file /home/airflow/.local/lib/python3.12/site-packages/airflow/example_dags/tutorial_objectstorage.py for tasks to queue
[2024-10-27T14:52:11.748+0000] {logging_mixin.py:190} INFO - [2024-10-27T14:52:11.747+0000] {dagbag.py:588} INFO - Filling up the DagBag from /home/airflow/.local/lib/python3.12/site-packages/airflow/example_dags/tutorial_objectstorage.py
[2024-10-27T14:52:11.767+0000] {processor.py:925} INFO - DAG(s) 'tutorial_objectstorage' retrieved from /home/airflow/.local/lib/python3.12/site-packages/airflow/example_dags/tutorial_objectstorage.py
[2024-10-27T14:52:11.807+0000] {logging_mixin.py:190} INFO - [2024-10-27T14:52:11.807+0000] {dag.py:3239} INFO - Sync 1 DAGs
[2024-10-27T14:52:11.840+0000] {logging_mixin.py:190} INFO - [2024-10-27T14:52:11.839+0000] {dag.py:4180} INFO - Setting next_dagrun for tutorial_objectstorage to None, run_after=None
[2024-10-27T14:52:12.035+0000] {processor.py:208} INFO - Processing /home/airflow/.local/lib/python3.12/site-packages/airflow/example_dags/tutorial_objectstorage.py took 0.326 seconds
[2024-10-27T14:52:42.600+0000] {processor.py:186} INFO - Started process (PID=374) to work on /home/airflow/.local/lib/python3.12/site-packages/airflow/example_dags/tutorial_objectstorage.py
[2024-10-27T14:52:42.609+0000] {processor.py:914} INFO - Processing file /home/airflow/.local/lib/python3.12/site-packages/airflow/example_dags/tutorial_objectstorage.py for tasks to queue
[2024-10-27T14:52:42.628+0000] {logging_mixin.py:190} INFO - [2024-10-27T14:52:42.627+0000] {dagbag.py:588} INFO - Filling up the DagBag from /home/airflow/.local/lib/python3.12/site-packages/airflow/example_dags/tutorial_objectstorage.py
[2024-10-27T14:52:42.697+0000] {processor.py:925} INFO - DAG(s) 'tutorial_objectstorage' retrieved from /home/airflow/.local/lib/python3.12/site-packages/airflow/example_dags/tutorial_objectstorage.py
[2024-10-27T14:52:42.771+0000] {logging_mixin.py:190} INFO - [2024-10-27T14:52:42.770+0000] {dag.py:3239} INFO - Sync 1 DAGs
[2024-10-27T14:52:42.825+0000] {logging_mixin.py:190} INFO - [2024-10-27T14:52:42.825+0000] {dag.py:4180} INFO - Setting next_dagrun for tutorial_objectstorage to None, run_after=None
[2024-10-27T14:52:42.879+0000] {processor.py:208} INFO - Processing /home/airflow/.local/lib/python3.12/site-packages/airflow/example_dags/tutorial_objectstorage.py took 0.303 seconds
[2024-10-27T14:53:13.591+0000] {processor.py:186} INFO - Started process (PID=436) to work on /home/airflow/.local/lib/python3.12/site-packages/airflow/example_dags/tutorial_objectstorage.py
[2024-10-27T14:53:13.593+0000] {processor.py:914} INFO - Processing file /home/airflow/.local/lib/python3.12/site-packages/airflow/example_dags/tutorial_objectstorage.py for tasks to queue
[2024-10-27T14:53:13.598+0000] {logging_mixin.py:190} INFO - [2024-10-27T14:53:13.597+0000] {dagbag.py:588} INFO - Filling up the DagBag from /home/airflow/.local/lib/python3.12/site-packages/airflow/example_dags/tutorial_objectstorage.py
[2024-10-27T14:53:13.617+0000] {processor.py:925} INFO - DAG(s) 'tutorial_objectstorage' retrieved from /home/airflow/.local/lib/python3.12/site-packages/airflow/example_dags/tutorial_objectstorage.py
[2024-10-27T14:53:13.655+0000] {logging_mixin.py:190} INFO - [2024-10-27T14:53:13.655+0000] {dag.py:3239} INFO - Sync 1 DAGs
[2024-10-27T14:53:13.689+0000] {logging_mixin.py:190} INFO - [2024-10-27T14:53:13.689+0000] {dag.py:4180} INFO - Setting next_dagrun for tutorial_objectstorage to None, run_after=None
[2024-10-27T14:53:13.976+0000] {processor.py:208} INFO - Processing /home/airflow/.local/lib/python3.12/site-packages/airflow/example_dags/tutorial_objectstorage.py took 0.398 seconds
