[2024-10-30T04:09:34.144+0000] {processor.py:186} INFO - Started process (PID=136) to work on /opt/airflow/dags/csv_to_pg.py
[2024-10-30T04:09:34.146+0000] {processor.py:914} INFO - Processing file /opt/airflow/dags/csv_to_pg.py for tasks to queue
[2024-10-30T04:09:34.149+0000] {logging_mixin.py:190} INFO - [2024-10-30T04:09:34.148+0000] {dagbag.py:588} INFO - Filling up the DagBag from /opt/airflow/dags/csv_to_pg.py
[2024-10-30T04:09:35.055+0000] {processor.py:925} INFO - DAG(s) 'excel_to_postgres' retrieved from /opt/airflow/dags/csv_to_pg.py
[2024-10-30T04:09:37.542+0000] {logging_mixin.py:190} INFO - [2024-10-30T04:09:37.540+0000] {dag.py:3239} INFO - Sync 1 DAGs
[2024-10-30T04:09:37.599+0000] {logging_mixin.py:190} INFO - [2024-10-30T04:09:37.598+0000] {dag.py:4180} INFO - Setting next_dagrun for excel_to_postgres to 2024-10-29 21:00:00+00:00, run_after=2024-10-30 21:00:00+00:00
[2024-10-30T04:09:37.654+0000] {processor.py:208} INFO - Processing /opt/airflow/dags/csv_to_pg.py took 3.521 seconds
[2024-10-30T04:10:08.104+0000] {processor.py:186} INFO - Started process (PID=147) to work on /opt/airflow/dags/csv_to_pg.py
[2024-10-30T04:10:08.106+0000] {processor.py:914} INFO - Processing file /opt/airflow/dags/csv_to_pg.py for tasks to queue
[2024-10-30T04:10:08.115+0000] {logging_mixin.py:190} INFO - [2024-10-30T04:10:08.108+0000] {dagbag.py:588} INFO - Filling up the DagBag from /opt/airflow/dags/csv_to_pg.py
[2024-10-30T04:10:09.108+0000] {processor.py:925} INFO - DAG(s) 'excel_to_postgres' retrieved from /opt/airflow/dags/csv_to_pg.py
[2024-10-30T04:10:09.138+0000] {logging_mixin.py:190} INFO - [2024-10-30T04:10:09.138+0000] {dag.py:3239} INFO - Sync 1 DAGs
[2024-10-30T04:10:09.200+0000] {logging_mixin.py:190} INFO - [2024-10-30T04:10:09.199+0000] {dag.py:4180} INFO - Setting next_dagrun for excel_to_postgres to 2024-10-29 21:00:00+00:00, run_after=2024-10-30 21:00:00+00:00
[2024-10-30T04:10:09.288+0000] {processor.py:208} INFO - Processing /opt/airflow/dags/csv_to_pg.py took 1.203 seconds
[2024-10-30T04:10:25.607+0000] {processor.py:186} INFO - Started process (PID=150) to work on /opt/airflow/dags/csv_to_pg.py
[2024-10-30T04:10:25.608+0000] {processor.py:914} INFO - Processing file /opt/airflow/dags/csv_to_pg.py for tasks to queue
[2024-10-30T04:10:25.612+0000] {logging_mixin.py:190} INFO - [2024-10-30T04:10:25.611+0000] {dagbag.py:588} INFO - Filling up the DagBag from /opt/airflow/dags/csv_to_pg.py
[2024-10-30T04:10:26.879+0000] {processor.py:925} INFO - DAG(s) 'csv_to_postgres' retrieved from /opt/airflow/dags/csv_to_pg.py
[2024-10-30T04:10:27.675+0000] {logging_mixin.py:190} INFO - [2024-10-30T04:10:27.673+0000] {override.py:1900} INFO - Created Permission View: can read on DAG:csv_to_postgres
[2024-10-30T04:10:27.702+0000] {logging_mixin.py:190} INFO - [2024-10-30T04:10:27.702+0000] {override.py:1900} INFO - Created Permission View: can delete on DAG:csv_to_postgres
[2024-10-30T04:10:27.863+0000] {logging_mixin.py:190} INFO - [2024-10-30T04:10:27.862+0000] {override.py:1900} INFO - Created Permission View: can edit on DAG:csv_to_postgres
[2024-10-30T04:10:28.043+0000] {logging_mixin.py:190} INFO - [2024-10-30T04:10:28.042+0000] {override.py:1900} INFO - Created Permission View: can read on DAG Run:csv_to_postgres
[2024-10-30T04:10:28.145+0000] {logging_mixin.py:190} INFO - [2024-10-30T04:10:28.143+0000] {override.py:1900} INFO - Created Permission View: can create on DAG Run:csv_to_postgres
[2024-10-30T04:10:28.250+0000] {logging_mixin.py:190} INFO - [2024-10-30T04:10:28.249+0000] {override.py:1900} INFO - Created Permission View: menu access on DAG Run:csv_to_postgres
[2024-10-30T04:10:28.275+0000] {logging_mixin.py:190} INFO - [2024-10-30T04:10:28.274+0000] {override.py:1900} INFO - Created Permission View: can delete on DAG Run:csv_to_postgres
[2024-10-30T04:10:28.276+0000] {logging_mixin.py:190} INFO - [2024-10-30T04:10:28.276+0000] {dag.py:3239} INFO - Sync 1 DAGs
[2024-10-30T04:10:28.309+0000] {logging_mixin.py:190} INFO - [2024-10-30T04:10:28.308+0000] {dag.py:3262} INFO - Creating ORM DAG for csv_to_postgres
[2024-10-30T04:10:28.328+0000] {logging_mixin.py:190} INFO - [2024-10-30T04:10:28.328+0000] {dag.py:4180} INFO - Setting next_dagrun for csv_to_postgres to 2024-10-28 21:00:00+00:00, run_after=2024-10-29 21:00:00+00:00
[2024-10-30T04:10:28.366+0000] {processor.py:208} INFO - Processing /opt/airflow/dags/csv_to_pg.py took 2.772 seconds
[2024-10-30T04:10:40.653+0000] {processor.py:186} INFO - Started process (PID=160) to work on /opt/airflow/dags/csv_to_pg.py
[2024-10-30T04:10:40.654+0000] {processor.py:914} INFO - Processing file /opt/airflow/dags/csv_to_pg.py for tasks to queue
[2024-10-30T04:10:40.656+0000] {logging_mixin.py:190} INFO - [2024-10-30T04:10:40.656+0000] {dagbag.py:588} INFO - Filling up the DagBag from /opt/airflow/dags/csv_to_pg.py
[2024-10-30T04:10:41.870+0000] {processor.py:925} INFO - DAG(s) 'csv_to_postgres' retrieved from /opt/airflow/dags/csv_to_pg.py
[2024-10-30T04:10:41.889+0000] {logging_mixin.py:190} INFO - [2024-10-30T04:10:41.888+0000] {dag.py:3239} INFO - Sync 1 DAGs
[2024-10-30T04:10:41.930+0000] {logging_mixin.py:190} INFO - [2024-10-30T04:10:41.930+0000] {dag.py:4180} INFO - Setting next_dagrun for csv_to_postgres to 2024-10-28 21:00:00+00:00, run_after=2024-10-29 21:00:00+00:00
[2024-10-30T04:10:42.010+0000] {processor.py:208} INFO - Processing /opt/airflow/dags/csv_to_pg.py took 1.371 seconds
[2024-10-30T04:11:12.617+0000] {processor.py:186} INFO - Started process (PID=175) to work on /opt/airflow/dags/csv_to_pg.py
[2024-10-30T04:11:12.618+0000] {processor.py:914} INFO - Processing file /opt/airflow/dags/csv_to_pg.py for tasks to queue
[2024-10-30T04:11:12.620+0000] {logging_mixin.py:190} INFO - [2024-10-30T04:11:12.620+0000] {dagbag.py:588} INFO - Filling up the DagBag from /opt/airflow/dags/csv_to_pg.py
[2024-10-30T04:11:13.405+0000] {processor.py:925} INFO - DAG(s) 'csv_to_postgres' retrieved from /opt/airflow/dags/csv_to_pg.py
[2024-10-30T04:11:13.440+0000] {logging_mixin.py:190} INFO - [2024-10-30T04:11:13.439+0000] {dag.py:3239} INFO - Sync 1 DAGs
[2024-10-30T04:11:13.483+0000] {logging_mixin.py:190} INFO - [2024-10-30T04:11:13.483+0000] {dag.py:4180} INFO - Setting next_dagrun for csv_to_postgres to 2024-10-29 21:00:00+00:00, run_after=2024-10-30 21:00:00+00:00
[2024-10-30T04:11:13.523+0000] {processor.py:208} INFO - Processing /opt/airflow/dags/csv_to_pg.py took 0.915 seconds
[2024-10-30T04:56:16.373+0000] {processor.py:186} INFO - Started process (PID=149) to work on /opt/airflow/dags/csv_to_pg.py
[2024-10-30T04:56:16.376+0000] {processor.py:914} INFO - Processing file /opt/airflow/dags/csv_to_pg.py for tasks to queue
[2024-10-30T04:56:16.378+0000] {logging_mixin.py:190} INFO - [2024-10-30T04:56:16.377+0000] {dagbag.py:588} INFO - Filling up the DagBag from /opt/airflow/dags/csv_to_pg.py
[2024-10-30T04:56:17.027+0000] {processor.py:925} INFO - DAG(s) 'load_csv_to_postgres' retrieved from /opt/airflow/dags/csv_to_pg.py
[2024-10-30T04:56:17.321+0000] {logging_mixin.py:190} INFO - [2024-10-30T04:56:17.320+0000] {dag.py:3239} INFO - Sync 1 DAGs
[2024-10-30T04:56:17.370+0000] {logging_mixin.py:190} INFO - [2024-10-30T04:56:17.370+0000] {dag.py:4180} INFO - Setting next_dagrun for load_csv_to_postgres to 2024-10-29 21:00:00+00:00, run_after=2024-10-30 21:00:00+00:00
[2024-10-30T04:56:17.434+0000] {processor.py:208} INFO - Processing /opt/airflow/dags/csv_to_pg.py took 1.078 seconds
[2024-10-30T04:56:48.416+0000] {processor.py:186} INFO - Started process (PID=160) to work on /opt/airflow/dags/csv_to_pg.py
[2024-10-30T04:56:48.418+0000] {processor.py:914} INFO - Processing file /opt/airflow/dags/csv_to_pg.py for tasks to queue
[2024-10-30T04:56:48.421+0000] {logging_mixin.py:190} INFO - [2024-10-30T04:56:48.420+0000] {dagbag.py:588} INFO - Filling up the DagBag from /opt/airflow/dags/csv_to_pg.py
[2024-10-30T04:56:48.929+0000] {processor.py:925} INFO - DAG(s) 'load_csv_to_postgres' retrieved from /opt/airflow/dags/csv_to_pg.py
[2024-10-30T04:56:48.968+0000] {logging_mixin.py:190} INFO - [2024-10-30T04:56:48.967+0000] {dag.py:3239} INFO - Sync 1 DAGs
[2024-10-30T04:56:49.011+0000] {logging_mixin.py:190} INFO - [2024-10-30T04:56:49.010+0000] {dag.py:4180} INFO - Setting next_dagrun for load_csv_to_postgres to 2024-10-29 21:00:00+00:00, run_after=2024-10-30 21:00:00+00:00
[2024-10-30T04:56:49.043+0000] {processor.py:208} INFO - Processing /opt/airflow/dags/csv_to_pg.py took 0.638 seconds
[2024-10-30T04:56:59.398+0000] {processor.py:186} INFO - Started process (PID=164) to work on /opt/airflow/dags/csv_to_pg.py
[2024-10-30T04:56:59.400+0000] {processor.py:914} INFO - Processing file /opt/airflow/dags/csv_to_pg.py for tasks to queue
[2024-10-30T04:56:59.403+0000] {logging_mixin.py:190} INFO - [2024-10-30T04:56:59.402+0000] {dagbag.py:588} INFO - Filling up the DagBag from /opt/airflow/dags/csv_to_pg.py
[2024-10-30T04:57:00.344+0000] {processor.py:925} INFO - DAG(s) 'load_csv_to_postgres' retrieved from /opt/airflow/dags/csv_to_pg.py
[2024-10-30T04:57:00.395+0000] {logging_mixin.py:190} INFO - [2024-10-30T04:57:00.394+0000] {dag.py:3239} INFO - Sync 1 DAGs
[2024-10-30T04:57:00.442+0000] {logging_mixin.py:190} INFO - [2024-10-30T04:57:00.441+0000] {dag.py:4180} INFO - Setting next_dagrun for load_csv_to_postgres to 2024-10-29 21:00:00+00:00, run_after=2024-10-30 21:00:00+00:00
[2024-10-30T04:57:00.802+0000] {processor.py:208} INFO - Processing /opt/airflow/dags/csv_to_pg.py took 1.424 seconds
