[2024-10-30T03:42:56.297+0000] {processor.py:186} INFO - Started process (PID=38) to work on /opt/airflow/dags/msql_to_pg.py
[2024-10-30T03:42:56.300+0000] {processor.py:914} INFO - Processing file /opt/airflow/dags/msql_to_pg.py for tasks to queue
[2024-10-30T03:42:56.305+0000] {logging_mixin.py:190} INFO - [2024-10-30T03:42:56.305+0000] {dagbag.py:588} INFO - Filling up the DagBag from /opt/airflow/dags/msql_to_pg.py
[2024-10-30T03:43:06.503+0000] {processor.py:925} INFO - DAG(s) 'mysql_to_postgres_etl_with_excel' retrieved from /opt/airflow/dags/msql_to_pg.py
[2024-10-30T03:43:07.988+0000] {logging_mixin.py:190} INFO - [2024-10-30T03:43:07.967+0000] {dag.py:3239} INFO - Sync 1 DAGs
[2024-10-30T03:43:08.125+0000] {logging_mixin.py:190} INFO - [2024-10-30T03:43:08.125+0000] {dag.py:4180} INFO - Setting next_dagrun for mysql_to_postgres_etl_with_excel to 2024-10-29 20:00:00+00:00, run_after=2024-10-30 20:00:00+00:00
[2024-10-30T03:43:08.239+0000] {processor.py:208} INFO - Processing /opt/airflow/dags/msql_to_pg.py took 11.959 seconds
[2024-10-30T03:43:38.752+0000] {processor.py:186} INFO - Started process (PID=49) to work on /opt/airflow/dags/msql_to_pg.py
[2024-10-30T03:43:38.753+0000] {processor.py:914} INFO - Processing file /opt/airflow/dags/msql_to_pg.py for tasks to queue
[2024-10-30T03:43:38.767+0000] {logging_mixin.py:190} INFO - [2024-10-30T03:43:38.760+0000] {dagbag.py:588} INFO - Filling up the DagBag from /opt/airflow/dags/msql_to_pg.py
[2024-10-30T03:43:47.401+0000] {processor.py:925} INFO - DAG(s) 'mysql_to_postgres_etl_with_excel' retrieved from /opt/airflow/dags/msql_to_pg.py
[2024-10-30T03:43:47.769+0000] {logging_mixin.py:190} INFO - [2024-10-30T03:43:47.768+0000] {dag.py:3239} INFO - Sync 1 DAGs
[2024-10-30T03:43:47.850+0000] {logging_mixin.py:190} INFO - [2024-10-30T03:43:47.849+0000] {dag.py:4180} INFO - Setting next_dagrun for mysql_to_postgres_etl_with_excel to 2024-10-29 20:00:00+00:00, run_after=2024-10-30 20:00:00+00:00
[2024-10-30T03:43:47.997+0000] {processor.py:208} INFO - Processing /opt/airflow/dags/msql_to_pg.py took 9.264 seconds
[2024-10-30T03:43:55.715+0000] {processor.py:186} INFO - Started process (PID=54) to work on /opt/airflow/dags/msql_to_pg.py
[2024-10-30T03:43:55.716+0000] {processor.py:914} INFO - Processing file /opt/airflow/dags/msql_to_pg.py for tasks to queue
[2024-10-30T03:43:55.724+0000] {logging_mixin.py:190} INFO - [2024-10-30T03:43:55.723+0000] {dagbag.py:588} INFO - Filling up the DagBag from /opt/airflow/dags/msql_to_pg.py
[2024-10-30T03:44:03.947+0000] {processor.py:925} INFO - DAG(s) 'mysql_to_postgres_etl' retrieved from /opt/airflow/dags/msql_to_pg.py
[2024-10-30T03:44:04.265+0000] {logging_mixin.py:190} INFO - [2024-10-30T03:44:04.263+0000] {dag.py:3239} INFO - Sync 1 DAGs
[2024-10-30T03:44:04.305+0000] {logging_mixin.py:190} INFO - [2024-10-30T03:44:04.305+0000] {dag.py:4180} INFO - Setting next_dagrun for mysql_to_postgres_etl to 2024-10-29 20:00:00+00:00, run_after=2024-10-30 20:00:00+00:00
[2024-10-30T03:44:04.382+0000] {processor.py:208} INFO - Processing /opt/airflow/dags/msql_to_pg.py took 8.679 seconds
[2024-10-30T03:44:34.632+0000] {processor.py:186} INFO - Started process (PID=71) to work on /opt/airflow/dags/msql_to_pg.py
[2024-10-30T03:44:34.634+0000] {processor.py:914} INFO - Processing file /opt/airflow/dags/msql_to_pg.py for tasks to queue
[2024-10-30T03:44:34.639+0000] {logging_mixin.py:190} INFO - [2024-10-30T03:44:34.638+0000] {dagbag.py:588} INFO - Filling up the DagBag from /opt/airflow/dags/msql_to_pg.py
[2024-10-30T03:44:35.956+0000] {processor.py:925} INFO - DAG(s) 'mysql_to_postgres_etl' retrieved from /opt/airflow/dags/msql_to_pg.py
[2024-10-30T03:44:35.995+0000] {logging_mixin.py:190} INFO - [2024-10-30T03:44:35.994+0000] {dag.py:3239} INFO - Sync 1 DAGs
[2024-10-30T03:44:36.038+0000] {logging_mixin.py:190} INFO - [2024-10-30T03:44:36.037+0000] {dag.py:4180} INFO - Setting next_dagrun for mysql_to_postgres_etl to 2024-10-29 20:00:00+00:00, run_after=2024-10-30 20:00:00+00:00
[2024-10-30T03:44:36.069+0000] {processor.py:208} INFO - Processing /opt/airflow/dags/msql_to_pg.py took 1.448 seconds
[2024-10-30T03:45:06.577+0000] {processor.py:186} INFO - Started process (PID=82) to work on /opt/airflow/dags/msql_to_pg.py
[2024-10-30T03:45:06.583+0000] {processor.py:914} INFO - Processing file /opt/airflow/dags/msql_to_pg.py for tasks to queue
[2024-10-30T03:45:06.588+0000] {logging_mixin.py:190} INFO - [2024-10-30T03:45:06.587+0000] {dagbag.py:588} INFO - Filling up the DagBag from /opt/airflow/dags/msql_to_pg.py
[2024-10-30T03:45:17.593+0000] {processor.py:925} INFO - DAG(s) 'mysql_to_postgres_etl' retrieved from /opt/airflow/dags/msql_to_pg.py
[2024-10-30T03:45:17.645+0000] {logging_mixin.py:190} INFO - [2024-10-30T03:45:17.644+0000] {dag.py:3239} INFO - Sync 1 DAGs
[2024-10-30T03:45:17.688+0000] {logging_mixin.py:190} INFO - [2024-10-30T03:45:17.688+0000] {dag.py:4180} INFO - Setting next_dagrun for mysql_to_postgres_etl to 2024-10-29 20:00:00+00:00, run_after=2024-10-30 20:00:00+00:00
[2024-10-30T03:45:17.721+0000] {processor.py:208} INFO - Processing /opt/airflow/dags/msql_to_pg.py took 11.175 seconds
[2024-10-30T03:45:48.389+0000] {processor.py:186} INFO - Started process (PID=93) to work on /opt/airflow/dags/msql_to_pg.py
[2024-10-30T03:45:48.390+0000] {processor.py:914} INFO - Processing file /opt/airflow/dags/msql_to_pg.py for tasks to queue
[2024-10-30T03:45:48.395+0000] {logging_mixin.py:190} INFO - [2024-10-30T03:45:48.394+0000] {dagbag.py:588} INFO - Filling up the DagBag from /opt/airflow/dags/msql_to_pg.py
[2024-10-30T03:45:52.765+0000] {processor.py:925} INFO - DAG(s) 'mysql_to_postgres_etl' retrieved from /opt/airflow/dags/msql_to_pg.py
[2024-10-30T03:45:53.278+0000] {logging_mixin.py:190} INFO - [2024-10-30T03:45:53.276+0000] {dag.py:3239} INFO - Sync 1 DAGs
[2024-10-30T03:45:53.331+0000] {logging_mixin.py:190} INFO - [2024-10-30T03:45:53.331+0000] {dag.py:4180} INFO - Setting next_dagrun for mysql_to_postgres_etl to 2024-10-29 20:00:00+00:00, run_after=2024-10-30 20:00:00+00:00
[2024-10-30T03:45:53.375+0000] {processor.py:208} INFO - Processing /opt/airflow/dags/msql_to_pg.py took 5.001 seconds
[2024-10-30T03:46:23.812+0000] {processor.py:186} INFO - Started process (PID=104) to work on /opt/airflow/dags/msql_to_pg.py
[2024-10-30T03:46:23.900+0000] {processor.py:914} INFO - Processing file /opt/airflow/dags/msql_to_pg.py for tasks to queue
[2024-10-30T03:46:24.044+0000] {logging_mixin.py:190} INFO - [2024-10-30T03:46:24.039+0000] {dagbag.py:588} INFO - Filling up the DagBag from /opt/airflow/dags/msql_to_pg.py
[2024-10-30T03:46:29.411+0000] {processor.py:925} INFO - DAG(s) 'mysql_to_postgres_etl' retrieved from /opt/airflow/dags/msql_to_pg.py
[2024-10-30T03:46:29.613+0000] {logging_mixin.py:190} INFO - [2024-10-30T03:46:29.612+0000] {dag.py:3239} INFO - Sync 1 DAGs
[2024-10-30T03:46:29.669+0000] {logging_mixin.py:190} INFO - [2024-10-30T03:46:29.669+0000] {dag.py:4180} INFO - Setting next_dagrun for mysql_to_postgres_etl to 2024-10-29 20:00:00+00:00, run_after=2024-10-30 20:00:00+00:00
[2024-10-30T03:46:29.792+0000] {processor.py:208} INFO - Processing /opt/airflow/dags/msql_to_pg.py took 6.011 seconds
[2024-10-30T03:47:00.720+0000] {processor.py:186} INFO - Started process (PID=115) to work on /opt/airflow/dags/msql_to_pg.py
[2024-10-30T03:47:00.723+0000] {processor.py:914} INFO - Processing file /opt/airflow/dags/msql_to_pg.py for tasks to queue
[2024-10-30T03:47:00.726+0000] {logging_mixin.py:190} INFO - [2024-10-30T03:47:00.725+0000] {dagbag.py:588} INFO - Filling up the DagBag from /opt/airflow/dags/msql_to_pg.py
[2024-10-30T03:47:04.263+0000] {processor.py:925} INFO - DAG(s) 'mysql_to_postgres_etl' retrieved from /opt/airflow/dags/msql_to_pg.py
[2024-10-30T03:47:04.353+0000] {logging_mixin.py:190} INFO - [2024-10-30T03:47:04.352+0000] {dag.py:3239} INFO - Sync 1 DAGs
[2024-10-30T03:47:04.426+0000] {logging_mixin.py:190} INFO - [2024-10-30T03:47:04.426+0000] {dag.py:4180} INFO - Setting next_dagrun for mysql_to_postgres_etl to 2024-10-29 20:00:00+00:00, run_after=2024-10-30 20:00:00+00:00
[2024-10-30T03:47:04.474+0000] {processor.py:208} INFO - Processing /opt/airflow/dags/msql_to_pg.py took 3.767 seconds
[2024-10-30T03:47:34.652+0000] {processor.py:186} INFO - Started process (PID=127) to work on /opt/airflow/dags/msql_to_pg.py
[2024-10-30T03:47:34.654+0000] {processor.py:914} INFO - Processing file /opt/airflow/dags/msql_to_pg.py for tasks to queue
[2024-10-30T03:47:34.656+0000] {logging_mixin.py:190} INFO - [2024-10-30T03:47:34.656+0000] {dagbag.py:588} INFO - Filling up the DagBag from /opt/airflow/dags/msql_to_pg.py
[2024-10-30T03:47:37.359+0000] {processor.py:925} INFO - DAG(s) 'mysql_to_postgres_etl' retrieved from /opt/airflow/dags/msql_to_pg.py
[2024-10-30T03:47:37.415+0000] {logging_mixin.py:190} INFO - [2024-10-30T03:47:37.415+0000] {dag.py:3239} INFO - Sync 1 DAGs
[2024-10-30T03:47:37.471+0000] {logging_mixin.py:190} INFO - [2024-10-30T03:47:37.471+0000] {dag.py:4180} INFO - Setting next_dagrun for mysql_to_postgres_etl to 2024-10-29 20:00:00+00:00, run_after=2024-10-30 20:00:00+00:00
[2024-10-30T03:47:37.527+0000] {processor.py:208} INFO - Processing /opt/airflow/dags/msql_to_pg.py took 2.886 seconds
[2024-10-30T03:48:08.623+0000] {processor.py:186} INFO - Started process (PID=138) to work on /opt/airflow/dags/msql_to_pg.py
[2024-10-30T03:48:08.631+0000] {processor.py:914} INFO - Processing file /opt/airflow/dags/msql_to_pg.py for tasks to queue
[2024-10-30T03:48:08.656+0000] {logging_mixin.py:190} INFO - [2024-10-30T03:48:08.656+0000] {dagbag.py:588} INFO - Filling up the DagBag from /opt/airflow/dags/msql_to_pg.py
[2024-10-30T03:48:26.331+0000] {processor.py:925} INFO - DAG(s) 'mysql_to_postgres_etl' retrieved from /opt/airflow/dags/msql_to_pg.py
[2024-10-30T03:48:35.576+0000] {logging_mixin.py:190} INFO - [2024-10-30T03:48:35.538+0000] {dag.py:3239} INFO - Sync 1 DAGs
[2024-10-30T03:48:35.799+0000] {logging_mixin.py:190} INFO - [2024-10-30T03:48:35.798+0000] {dag.py:4180} INFO - Setting next_dagrun for mysql_to_postgres_etl to 2024-10-29 20:00:00+00:00, run_after=2024-10-30 20:00:00+00:00
[2024-10-30T03:48:35.995+0000] {processor.py:208} INFO - Processing /opt/airflow/dags/msql_to_pg.py took 27.396 seconds
[2024-10-30T03:52:31.633+0000] {processor.py:186} INFO - Started process (PID=150) to work on /opt/airflow/dags/msql_to_pg.py
[2024-10-30T03:55:27.876+0000] {processor.py:914} INFO - Processing file /opt/airflow/dags/msql_to_pg.py for tasks to queue
[2024-10-30T04:04:37.788+0000] {processor.py:186} INFO - Started process (PID=39) to work on /opt/airflow/dags/msql_to_pg.py
[2024-10-30T04:04:37.807+0000] {processor.py:914} INFO - Processing file /opt/airflow/dags/msql_to_pg.py for tasks to queue
[2024-10-30T04:04:37.881+0000] {logging_mixin.py:190} INFO - [2024-10-30T04:04:37.840+0000] {dagbag.py:588} INFO - Filling up the DagBag from /opt/airflow/dags/msql_to_pg.py
[2024-10-30T04:04:56.245+0000] {processor.py:925} INFO - DAG(s) 'mysql_to_postgres_etl' retrieved from /opt/airflow/dags/msql_to_pg.py
[2024-10-30T04:04:56.468+0000] {logging_mixin.py:190} INFO - [2024-10-30T04:04:56.467+0000] {dag.py:3239} INFO - Sync 1 DAGs
[2024-10-30T04:04:56.563+0000] {logging_mixin.py:190} INFO - [2024-10-30T04:04:56.563+0000] {dag.py:4180} INFO - Setting next_dagrun for mysql_to_postgres_etl to 2024-10-29 20:00:00+00:00, run_after=2024-10-30 20:00:00+00:00
[2024-10-30T04:04:56.626+0000] {processor.py:208} INFO - Processing /opt/airflow/dags/msql_to_pg.py took 18.959 seconds
[2024-10-30T04:05:27.759+0000] {processor.py:186} INFO - Started process (PID=49) to work on /opt/airflow/dags/msql_to_pg.py
[2024-10-30T04:05:27.788+0000] {processor.py:914} INFO - Processing file /opt/airflow/dags/msql_to_pg.py for tasks to queue
[2024-10-30T04:05:27.819+0000] {logging_mixin.py:190} INFO - [2024-10-30T04:05:27.811+0000] {dagbag.py:588} INFO - Filling up the DagBag from /opt/airflow/dags/msql_to_pg.py
[2024-10-30T04:05:37.054+0000] {processor.py:925} INFO - DAG(s) 'mysql_to_postgres_etl' retrieved from /opt/airflow/dags/msql_to_pg.py
[2024-10-30T04:05:37.261+0000] {logging_mixin.py:190} INFO - [2024-10-30T04:05:37.259+0000] {dag.py:3239} INFO - Sync 1 DAGs
[2024-10-30T04:05:37.374+0000] {logging_mixin.py:190} INFO - [2024-10-30T04:05:37.374+0000] {dag.py:4180} INFO - Setting next_dagrun for mysql_to_postgres_etl to 2024-10-29 20:00:00+00:00, run_after=2024-10-30 20:00:00+00:00
[2024-10-30T04:05:37.501+0000] {processor.py:208} INFO - Processing /opt/airflow/dags/msql_to_pg.py took 9.800 seconds
[2024-10-30T04:06:07.873+0000] {processor.py:186} INFO - Started process (PID=66) to work on /opt/airflow/dags/msql_to_pg.py
[2024-10-30T04:06:07.875+0000] {processor.py:914} INFO - Processing file /opt/airflow/dags/msql_to_pg.py for tasks to queue
[2024-10-30T04:06:07.882+0000] {logging_mixin.py:190} INFO - [2024-10-30T04:06:07.880+0000] {dagbag.py:588} INFO - Filling up the DagBag from /opt/airflow/dags/msql_to_pg.py
[2024-10-30T04:06:13.279+0000] {processor.py:925} INFO - DAG(s) 'mysql_to_postgres_etl' retrieved from /opt/airflow/dags/msql_to_pg.py
[2024-10-30T04:06:13.324+0000] {logging_mixin.py:190} INFO - [2024-10-30T04:06:13.324+0000] {dag.py:3239} INFO - Sync 1 DAGs
[2024-10-30T04:06:13.379+0000] {logging_mixin.py:190} INFO - [2024-10-30T04:06:13.379+0000] {dag.py:4180} INFO - Setting next_dagrun for mysql_to_postgres_etl to 2024-10-29 20:00:00+00:00, run_after=2024-10-30 20:00:00+00:00
[2024-10-30T04:06:13.412+0000] {processor.py:208} INFO - Processing /opt/airflow/dags/msql_to_pg.py took 5.548 seconds
[2024-10-30T04:06:43.943+0000] {processor.py:186} INFO - Started process (PID=77) to work on /opt/airflow/dags/msql_to_pg.py
[2024-10-30T04:06:43.944+0000] {processor.py:914} INFO - Processing file /opt/airflow/dags/msql_to_pg.py for tasks to queue
[2024-10-30T04:06:43.949+0000] {logging_mixin.py:190} INFO - [2024-10-30T04:06:43.948+0000] {dagbag.py:588} INFO - Filling up the DagBag from /opt/airflow/dags/msql_to_pg.py
[2024-10-30T04:06:45.149+0000] {processor.py:925} INFO - DAG(s) 'mysql_to_postgres_etl' retrieved from /opt/airflow/dags/msql_to_pg.py
[2024-10-30T04:06:45.190+0000] {logging_mixin.py:190} INFO - [2024-10-30T04:06:45.189+0000] {dag.py:3239} INFO - Sync 1 DAGs
[2024-10-30T04:06:45.233+0000] {logging_mixin.py:190} INFO - [2024-10-30T04:06:45.232+0000] {dag.py:4180} INFO - Setting next_dagrun for mysql_to_postgres_etl to 2024-10-29 20:00:00+00:00, run_after=2024-10-30 20:00:00+00:00
[2024-10-30T04:06:45.267+0000] {processor.py:208} INFO - Processing /opt/airflow/dags/msql_to_pg.py took 1.337 seconds
[2024-10-30T04:07:15.723+0000] {processor.py:186} INFO - Started process (PID=88) to work on /opt/airflow/dags/msql_to_pg.py
[2024-10-30T04:07:15.725+0000] {processor.py:914} INFO - Processing file /opt/airflow/dags/msql_to_pg.py for tasks to queue
[2024-10-30T04:07:15.730+0000] {logging_mixin.py:190} INFO - [2024-10-30T04:07:15.729+0000] {dagbag.py:588} INFO - Filling up the DagBag from /opt/airflow/dags/msql_to_pg.py
[2024-10-30T04:07:17.521+0000] {processor.py:925} INFO - DAG(s) 'mysql_to_postgres_etl' retrieved from /opt/airflow/dags/msql_to_pg.py
[2024-10-30T04:07:17.567+0000] {logging_mixin.py:190} INFO - [2024-10-30T04:07:17.566+0000] {dag.py:3239} INFO - Sync 1 DAGs
[2024-10-30T04:07:17.623+0000] {logging_mixin.py:190} INFO - [2024-10-30T04:07:17.622+0000] {dag.py:4180} INFO - Setting next_dagrun for mysql_to_postgres_etl to 2024-10-29 20:00:00+00:00, run_after=2024-10-30 20:00:00+00:00
[2024-10-30T04:07:17.659+0000] {processor.py:208} INFO - Processing /opt/airflow/dags/msql_to_pg.py took 1.952 seconds
[2024-10-30T04:07:48.278+0000] {processor.py:186} INFO - Started process (PID=99) to work on /opt/airflow/dags/msql_to_pg.py
[2024-10-30T04:07:48.280+0000] {processor.py:914} INFO - Processing file /opt/airflow/dags/msql_to_pg.py for tasks to queue
[2024-10-30T04:07:48.285+0000] {logging_mixin.py:190} INFO - [2024-10-30T04:07:48.284+0000] {dagbag.py:588} INFO - Filling up the DagBag from /opt/airflow/dags/msql_to_pg.py
[2024-10-30T04:07:50.656+0000] {processor.py:925} INFO - DAG(s) 'mysql_to_postgres_etl' retrieved from /opt/airflow/dags/msql_to_pg.py
[2024-10-30T04:07:50.730+0000] {logging_mixin.py:190} INFO - [2024-10-30T04:07:50.729+0000] {dag.py:3239} INFO - Sync 1 DAGs
[2024-10-30T04:07:50.770+0000] {logging_mixin.py:190} INFO - [2024-10-30T04:07:50.770+0000] {dag.py:4180} INFO - Setting next_dagrun for mysql_to_postgres_etl to 2024-10-29 20:00:00+00:00, run_after=2024-10-30 20:00:00+00:00
[2024-10-30T04:07:50.809+0000] {processor.py:208} INFO - Processing /opt/airflow/dags/msql_to_pg.py took 2.544 seconds
[2024-10-30T04:08:21.570+0000] {processor.py:186} INFO - Started process (PID=109) to work on /opt/airflow/dags/msql_to_pg.py
[2024-10-30T04:08:21.572+0000] {processor.py:914} INFO - Processing file /opt/airflow/dags/msql_to_pg.py for tasks to queue
[2024-10-30T04:08:21.578+0000] {logging_mixin.py:190} INFO - [2024-10-30T04:08:21.577+0000] {dagbag.py:588} INFO - Filling up the DagBag from /opt/airflow/dags/msql_to_pg.py
[2024-10-30T04:08:22.706+0000] {processor.py:925} INFO - DAG(s) 'mysql_to_postgres_etl' retrieved from /opt/airflow/dags/msql_to_pg.py
[2024-10-30T04:08:22.740+0000] {logging_mixin.py:190} INFO - [2024-10-30T04:08:22.739+0000] {dag.py:3239} INFO - Sync 1 DAGs
[2024-10-30T04:08:22.777+0000] {logging_mixin.py:190} INFO - [2024-10-30T04:08:22.776+0000] {dag.py:4180} INFO - Setting next_dagrun for mysql_to_postgres_etl to 2024-10-29 20:00:00+00:00, run_after=2024-10-30 20:00:00+00:00
[2024-10-30T04:08:22.824+0000] {processor.py:208} INFO - Processing /opt/airflow/dags/msql_to_pg.py took 1.268 seconds
[2024-10-30T04:08:53.357+0000] {processor.py:186} INFO - Started process (PID=119) to work on /opt/airflow/dags/msql_to_pg.py
[2024-10-30T04:08:53.359+0000] {processor.py:914} INFO - Processing file /opt/airflow/dags/msql_to_pg.py for tasks to queue
[2024-10-30T04:08:53.362+0000] {logging_mixin.py:190} INFO - [2024-10-30T04:08:53.361+0000] {dagbag.py:588} INFO - Filling up the DagBag from /opt/airflow/dags/msql_to_pg.py
[2024-10-30T04:08:54.603+0000] {processor.py:925} INFO - DAG(s) 'mysql_to_postgres_etl' retrieved from /opt/airflow/dags/msql_to_pg.py
[2024-10-30T04:08:54.636+0000] {logging_mixin.py:190} INFO - [2024-10-30T04:08:54.635+0000] {dag.py:3239} INFO - Sync 1 DAGs
[2024-10-30T04:08:54.668+0000] {logging_mixin.py:190} INFO - [2024-10-30T04:08:54.667+0000] {dag.py:4180} INFO - Setting next_dagrun for mysql_to_postgres_etl to 2024-10-29 20:00:00+00:00, run_after=2024-10-30 20:00:00+00:00
[2024-10-30T04:08:54.710+0000] {processor.py:208} INFO - Processing /opt/airflow/dags/msql_to_pg.py took 1.364 seconds
[2024-10-30T04:09:24.835+0000] {processor.py:186} INFO - Started process (PID=128) to work on /opt/airflow/dags/msql_to_pg.py
[2024-10-30T04:09:24.837+0000] {processor.py:914} INFO - Processing file /opt/airflow/dags/msql_to_pg.py for tasks to queue
[2024-10-30T04:09:24.840+0000] {logging_mixin.py:190} INFO - [2024-10-30T04:09:24.839+0000] {dagbag.py:588} INFO - Filling up the DagBag from /opt/airflow/dags/msql_to_pg.py
[2024-10-30T04:09:26.221+0000] {processor.py:925} INFO - DAG(s) 'mysql_to_postgres_etl' retrieved from /opt/airflow/dags/msql_to_pg.py
[2024-10-30T04:09:26.253+0000] {logging_mixin.py:190} INFO - [2024-10-30T04:09:26.252+0000] {dag.py:3239} INFO - Sync 1 DAGs
[2024-10-30T04:09:26.290+0000] {logging_mixin.py:190} INFO - [2024-10-30T04:09:26.290+0000] {dag.py:4180} INFO - Setting next_dagrun for mysql_to_postgres_etl to 2024-10-29 20:00:00+00:00, run_after=2024-10-30 20:00:00+00:00
[2024-10-30T04:09:26.359+0000] {processor.py:208} INFO - Processing /opt/airflow/dags/msql_to_pg.py took 1.535 seconds
[2024-10-30T04:09:57.058+0000] {processor.py:186} INFO - Started process (PID=139) to work on /opt/airflow/dags/msql_to_pg.py
[2024-10-30T04:09:57.059+0000] {processor.py:914} INFO - Processing file /opt/airflow/dags/msql_to_pg.py for tasks to queue
[2024-10-30T04:09:57.062+0000] {logging_mixin.py:190} INFO - [2024-10-30T04:09:57.061+0000] {dagbag.py:588} INFO - Filling up the DagBag from /opt/airflow/dags/msql_to_pg.py
[2024-10-30T04:09:58.571+0000] {processor.py:925} INFO - DAG(s) 'mysql_to_postgres_etl' retrieved from /opt/airflow/dags/msql_to_pg.py
[2024-10-30T04:09:58.614+0000] {logging_mixin.py:190} INFO - [2024-10-30T04:09:58.613+0000] {dag.py:3239} INFO - Sync 1 DAGs
[2024-10-30T04:09:58.675+0000] {logging_mixin.py:190} INFO - [2024-10-30T04:09:58.675+0000] {dag.py:4180} INFO - Setting next_dagrun for mysql_to_postgres_etl to 2024-10-29 20:00:00+00:00, run_after=2024-10-30 20:00:00+00:00
[2024-10-30T04:09:58.817+0000] {processor.py:208} INFO - Processing /opt/airflow/dags/msql_to_pg.py took 1.770 seconds
[2024-10-30T04:10:29.456+0000] {processor.py:186} INFO - Started process (PID=152) to work on /opt/airflow/dags/msql_to_pg.py
[2024-10-30T04:10:29.457+0000] {processor.py:914} INFO - Processing file /opt/airflow/dags/msql_to_pg.py for tasks to queue
[2024-10-30T04:10:29.460+0000] {logging_mixin.py:190} INFO - [2024-10-30T04:10:29.459+0000] {dagbag.py:588} INFO - Filling up the DagBag from /opt/airflow/dags/msql_to_pg.py
[2024-10-30T04:10:30.402+0000] {processor.py:925} INFO - DAG(s) 'mysql_to_postgres_etl' retrieved from /opt/airflow/dags/msql_to_pg.py
[2024-10-30T04:10:30.442+0000] {logging_mixin.py:190} INFO - [2024-10-30T04:10:30.441+0000] {dag.py:3239} INFO - Sync 1 DAGs
[2024-10-30T04:10:30.497+0000] {logging_mixin.py:190} INFO - [2024-10-30T04:10:30.497+0000] {dag.py:4180} INFO - Setting next_dagrun for mysql_to_postgres_etl to 2024-10-29 20:00:00+00:00, run_after=2024-10-30 20:00:00+00:00
[2024-10-30T04:10:30.529+0000] {processor.py:208} INFO - Processing /opt/airflow/dags/msql_to_pg.py took 1.086 seconds
[2024-10-30T04:11:01.474+0000] {processor.py:186} INFO - Started process (PID=167) to work on /opt/airflow/dags/msql_to_pg.py
[2024-10-30T04:11:01.476+0000] {processor.py:914} INFO - Processing file /opt/airflow/dags/msql_to_pg.py for tasks to queue
[2024-10-30T04:11:01.479+0000] {logging_mixin.py:190} INFO - [2024-10-30T04:11:01.478+0000] {dagbag.py:588} INFO - Filling up the DagBag from /opt/airflow/dags/msql_to_pg.py
[2024-10-30T04:11:03.139+0000] {processor.py:925} INFO - DAG(s) 'mysql_to_postgres_etl' retrieved from /opt/airflow/dags/msql_to_pg.py
[2024-10-30T04:11:03.216+0000] {logging_mixin.py:190} INFO - [2024-10-30T04:11:03.216+0000] {dag.py:3239} INFO - Sync 1 DAGs
[2024-10-30T04:11:03.300+0000] {logging_mixin.py:190} INFO - [2024-10-30T04:11:03.299+0000] {dag.py:4180} INFO - Setting next_dagrun for mysql_to_postgres_etl to 2024-10-29 20:00:00+00:00, run_after=2024-10-30 20:00:00+00:00
[2024-10-30T04:11:03.359+0000] {processor.py:208} INFO - Processing /opt/airflow/dags/msql_to_pg.py took 1.893 seconds
[2024-10-30T04:11:33.925+0000] {processor.py:186} INFO - Started process (PID=184) to work on /opt/airflow/dags/msql_to_pg.py
[2024-10-30T04:11:33.927+0000] {processor.py:914} INFO - Processing file /opt/airflow/dags/msql_to_pg.py for tasks to queue
[2024-10-30T04:11:33.930+0000] {logging_mixin.py:190} INFO - [2024-10-30T04:11:33.929+0000] {dagbag.py:588} INFO - Filling up the DagBag from /opt/airflow/dags/msql_to_pg.py
[2024-10-30T04:11:35.439+0000] {processor.py:925} INFO - DAG(s) 'mysql_to_postgres_etl' retrieved from /opt/airflow/dags/msql_to_pg.py
[2024-10-30T04:11:35.483+0000] {logging_mixin.py:190} INFO - [2024-10-30T04:11:35.482+0000] {dag.py:3239} INFO - Sync 1 DAGs
[2024-10-30T04:11:35.518+0000] {logging_mixin.py:190} INFO - [2024-10-30T04:11:35.518+0000] {dag.py:4180} INFO - Setting next_dagrun for mysql_to_postgres_etl to 2024-10-29 20:00:00+00:00, run_after=2024-10-30 20:00:00+00:00
[2024-10-30T04:11:35.549+0000] {processor.py:208} INFO - Processing /opt/airflow/dags/msql_to_pg.py took 1.636 seconds
[2024-10-30T04:12:05.649+0000] {processor.py:186} INFO - Started process (PID=193) to work on /opt/airflow/dags/msql_to_pg.py
[2024-10-30T04:12:05.651+0000] {processor.py:914} INFO - Processing file /opt/airflow/dags/msql_to_pg.py for tasks to queue
[2024-10-30T04:12:05.655+0000] {logging_mixin.py:190} INFO - [2024-10-30T04:12:05.654+0000] {dagbag.py:588} INFO - Filling up the DagBag from /opt/airflow/dags/msql_to_pg.py
[2024-10-30T04:12:07.134+0000] {processor.py:925} INFO - DAG(s) 'mysql_to_postgres_etl' retrieved from /opt/airflow/dags/msql_to_pg.py
[2024-10-30T04:12:07.171+0000] {logging_mixin.py:190} INFO - [2024-10-30T04:12:07.170+0000] {dag.py:3239} INFO - Sync 1 DAGs
[2024-10-30T04:12:07.215+0000] {logging_mixin.py:190} INFO - [2024-10-30T04:12:07.214+0000] {dag.py:4180} INFO - Setting next_dagrun for mysql_to_postgres_etl to 2024-10-29 20:00:00+00:00, run_after=2024-10-30 20:00:00+00:00
[2024-10-30T04:12:07.273+0000] {processor.py:208} INFO - Processing /opt/airflow/dags/msql_to_pg.py took 1.646 seconds
[2024-10-30T04:12:37.969+0000] {processor.py:186} INFO - Started process (PID=202) to work on /opt/airflow/dags/msql_to_pg.py
[2024-10-30T04:12:37.970+0000] {processor.py:914} INFO - Processing file /opt/airflow/dags/msql_to_pg.py for tasks to queue
[2024-10-30T04:12:37.973+0000] {logging_mixin.py:190} INFO - [2024-10-30T04:12:37.972+0000] {dagbag.py:588} INFO - Filling up the DagBag from /opt/airflow/dags/msql_to_pg.py
[2024-10-30T04:13:13.675+0000] {logging_mixin.py:190} INFO - [2024-10-30T04:13:10.972+0000] {timeout.py:68} ERROR - Process timed out, PID: 202
[2024-10-30T04:15:22.594+0000] {logging_mixin.py:190} INFO - [2024-10-30T04:13:23.942+0000] {dagbag.py:387} ERROR - Failed to import: /opt/airflow/dags/msql_to_pg.py
Traceback (most recent call last):
  File "/home/airflow/.local/lib/python3.12/site-packages/importlib_metadata/__init__.py", line 856, in read_text
    return self._path.joinpath(filename).read_text(encoding='utf-8')
           ^^^^^^^^^^^^^^^^^^^^^^^^^^^^^^^^^^^^^^^^^^^^^^^^^^^^^^^^^
  File "/usr/local/lib/python3.12/pathlib.py", line 1027, in read_text
    with self.open(mode='r', encoding=encoding, errors=errors) as f:
         ^^^^^^^^^^^^^^^^^^^^^^^^^^^^^^^^^^^^^^^^^^^^^^^^^^^^^
  File "/usr/local/lib/python3.12/pathlib.py", line 1013, in open
    return io.open(self, mode, buffering, encoding, errors, newline)
           ^^^^^^^^^^^^^^^^^^^^^^^^^^^^^^^^^^^^^^^^^^^^^^^^^^^^^^^^^
FileNotFoundError: [Errno 2] No such file or directory: '/home/airflow/.local/lib/python3.12/site-packages/requests-2.32.3.dist-info/entry_points.txt'

During handling of the above exception, another exception occurred:

Traceback (most recent call last):
  File "/home/airflow/.local/lib/python3.12/site-packages/airflow/models/dagbag.py", line 383, in parse
    loader.exec_module(new_module)
  File "<frozen importlib._bootstrap_external>", line 995, in exec_module
  File "<frozen importlib._bootstrap>", line 488, in _call_with_frames_removed
  File "/opt/airflow/dags/msql_to_pg.py", line 5, in <module>
    import mysql.connector
  File "/home/airflow/.local/lib/python3.12/site-packages/mysql/connector/__init__.py", line 32, in <module>
    from .connection_cext import CMySQLConnection
  File "/home/airflow/.local/lib/python3.12/site-packages/mysql/connector/connection_cext.py", line 52, in <module>
    from .abstracts import CMySQLPrepStmt, MySQLConnectionAbstract
  File "/home/airflow/.local/lib/python3.12/site-packages/mysql/connector/abstracts.py", line 92, in <module>
    from .opentelemetry.constants import (
  File "/home/airflow/.local/lib/python3.12/site-packages/mysql/connector/opentelemetry/constants.py", line 36, in <module>
    from opentelemetry import trace  # check api
    ^^^^^^^^^^^^^^^^^^^^^^^^^^^^^^^
  File "/home/airflow/.local/lib/python3.12/site-packages/opentelemetry/trace/__init__.py", line 86, in <module>
    from opentelemetry import context as context_api
  File "/home/airflow/.local/lib/python3.12/site-packages/opentelemetry/context/__init__.py", line 69, in <module>
    _RUNTIME_CONTEXT = _load_runtime_context()
                       ^^^^^^^^^^^^^^^^^^^^^^^
  File "/home/airflow/.local/lib/python3.12/site-packages/opentelemetry/context/__init__.py", line 47, in _load_runtime_context
    entry_points(  # type: ignore
  File "/home/airflow/.local/lib/python3.12/site-packages/importlib_metadata/__init__.py", line 952, in entry_points
    return EntryPoints(eps).select(**params)
           ^^^^^^^^^^^^^^^^
  File "/home/airflow/.local/lib/python3.12/site-packages/importlib_metadata/__init__.py", line 950, in <genexpr>
    dist.entry_points for dist in _unique(distributions())
    ^^^^^^^^^^^^^^^^^
  File "/home/airflow/.local/lib/python3.12/site-packages/importlib_metadata/__init__.py", line 491, in entry_points
    return EntryPoints._from_text_for(self.read_text('entry_points.txt'), self)
                                      ^^^^^^^^^^^^^^^^^^^^^^^^^^^^^^^^^^
  File "/home/airflow/.local/lib/python3.12/site-packages/importlib_metadata/__init__.py", line 849, in read_text
    with suppress(
         ^^^^^^^^^
  File "/usr/local/lib/python3.12/contextlib.py", line 446, in __exit__
    def __exit__(self, exctype, excinst, exctb):
    
  File "/home/airflow/.local/lib/python3.12/site-packages/airflow/utils/timeout.py", line 69, in handle_timeout
    raise AirflowTaskTimeout(self.error_message)
airflow.exceptions.AirflowTaskTimeout: DagBag import timeout for /opt/airflow/dags/msql_to_pg.py after 30.0s.
Please take a look at these docs to improve your DAG import time:
* https://airflow.apache.org/docs/apache-airflow/2.10.2/best-practices.html#top-level-python-code
* https://airflow.apache.org/docs/apache-airflow/2.10.2/best-practices.html#reducing-dag-complexity, PID: 202
[2024-10-30T04:16:16.650+0000] {processor.py:927} WARNING - No viable dags retrieved from /opt/airflow/dags/msql_to_pg.py
[2024-10-30T04:24:41.483+0000] {processor.py:186} INFO - Started process (PID=38) to work on /opt/airflow/dags/msql_to_pg.py
[2024-10-30T04:24:41.486+0000] {processor.py:914} INFO - Processing file /opt/airflow/dags/msql_to_pg.py for tasks to queue
[2024-10-30T04:24:41.520+0000] {logging_mixin.py:190} INFO - [2024-10-30T04:24:41.508+0000] {dagbag.py:588} INFO - Filling up the DagBag from /opt/airflow/dags/msql_to_pg.py
[2024-10-30T04:24:55.491+0000] {processor.py:925} INFO - DAG(s) 'mysql_to_postgres_etl' retrieved from /opt/airflow/dags/msql_to_pg.py
[2024-10-30T04:24:56.469+0000] {logging_mixin.py:190} INFO - [2024-10-30T04:24:56.468+0000] {dag.py:3239} INFO - Sync 1 DAGs
[2024-10-30T04:24:56.558+0000] {logging_mixin.py:190} INFO - [2024-10-30T04:24:56.556+0000] {dag.py:4180} INFO - Setting next_dagrun for mysql_to_postgres_etl to 2024-10-29 20:00:00+00:00, run_after=2024-10-30 20:00:00+00:00
[2024-10-30T04:24:56.714+0000] {processor.py:208} INFO - Processing /opt/airflow/dags/msql_to_pg.py took 15.285 seconds
[2024-10-30T04:25:27.249+0000] {processor.py:186} INFO - Started process (PID=71) to work on /opt/airflow/dags/msql_to_pg.py
[2024-10-30T04:25:27.257+0000] {processor.py:914} INFO - Processing file /opt/airflow/dags/msql_to_pg.py for tasks to queue
[2024-10-30T04:25:27.289+0000] {logging_mixin.py:190} INFO - [2024-10-30T04:25:27.288+0000] {dagbag.py:588} INFO - Filling up the DagBag from /opt/airflow/dags/msql_to_pg.py
[2024-10-30T04:25:33.368+0000] {processor.py:925} INFO - DAG(s) 'mysql_to_postgres_etl' retrieved from /opt/airflow/dags/msql_to_pg.py
[2024-10-30T04:25:33.484+0000] {logging_mixin.py:190} INFO - [2024-10-30T04:25:33.483+0000] {dag.py:3239} INFO - Sync 1 DAGs
[2024-10-30T04:25:33.527+0000] {logging_mixin.py:190} INFO - [2024-10-30T04:25:33.526+0000] {dag.py:4180} INFO - Setting next_dagrun for mysql_to_postgres_etl to 2024-10-29 20:00:00+00:00, run_after=2024-10-30 20:00:00+00:00
[2024-10-30T04:25:33.652+0000] {processor.py:208} INFO - Processing /opt/airflow/dags/msql_to_pg.py took 6.472 seconds
[2024-10-30T04:29:15.427+0000] {processor.py:186} INFO - Started process (PID=82) to work on /opt/airflow/dags/msql_to_pg.py
[2024-10-30T04:29:26.870+0000] {processor.py:914} INFO - Processing file /opt/airflow/dags/msql_to_pg.py for tasks to queue
[2024-10-30T04:32:50.021+0000] {processor.py:186} INFO - Started process (PID=37) to work on /opt/airflow/dags/msql_to_pg.py
[2024-10-30T04:32:50.023+0000] {processor.py:914} INFO - Processing file /opt/airflow/dags/msql_to_pg.py for tasks to queue
[2024-10-30T04:32:50.029+0000] {logging_mixin.py:190} INFO - [2024-10-30T04:32:50.028+0000] {dagbag.py:588} INFO - Filling up the DagBag from /opt/airflow/dags/msql_to_pg.py
[2024-10-30T04:32:57.542+0000] {processor.py:925} INFO - DAG(s) 'mysql_to_postgres_etl' retrieved from /opt/airflow/dags/msql_to_pg.py
[2024-10-30T04:32:57.672+0000] {logging_mixin.py:190} INFO - [2024-10-30T04:32:57.671+0000] {dag.py:3239} INFO - Sync 1 DAGs
[2024-10-30T04:32:57.787+0000] {logging_mixin.py:190} INFO - [2024-10-30T04:32:57.786+0000] {dag.py:4180} INFO - Setting next_dagrun for mysql_to_postgres_etl to 2024-10-29 20:00:00+00:00, run_after=2024-10-30 20:00:00+00:00
[2024-10-30T04:32:57.843+0000] {processor.py:208} INFO - Processing /opt/airflow/dags/msql_to_pg.py took 7.855 seconds
[2024-10-30T04:33:28.064+0000] {processor.py:186} INFO - Started process (PID=55) to work on /opt/airflow/dags/msql_to_pg.py
[2024-10-30T04:33:28.068+0000] {processor.py:914} INFO - Processing file /opt/airflow/dags/msql_to_pg.py for tasks to queue
[2024-10-30T04:33:28.173+0000] {logging_mixin.py:190} INFO - [2024-10-30T04:33:28.171+0000] {dagbag.py:588} INFO - Filling up the DagBag from /opt/airflow/dags/msql_to_pg.py
[2024-10-30T04:33:37.499+0000] {processor.py:925} INFO - DAG(s) 'mysql_to_postgres_etl' retrieved from /opt/airflow/dags/msql_to_pg.py
[2024-10-30T04:33:37.695+0000] {logging_mixin.py:190} INFO - [2024-10-30T04:33:37.694+0000] {dag.py:3239} INFO - Sync 1 DAGs
[2024-10-30T04:33:37.786+0000] {logging_mixin.py:190} INFO - [2024-10-30T04:33:37.786+0000] {dag.py:4180} INFO - Setting next_dagrun for mysql_to_postgres_etl to 2024-10-29 20:00:00+00:00, run_after=2024-10-30 20:00:00+00:00
[2024-10-30T04:33:37.899+0000] {processor.py:208} INFO - Processing /opt/airflow/dags/msql_to_pg.py took 9.859 seconds
[2024-10-30T04:34:08.457+0000] {processor.py:186} INFO - Started process (PID=65) to work on /opt/airflow/dags/msql_to_pg.py
[2024-10-30T04:34:08.459+0000] {processor.py:914} INFO - Processing file /opt/airflow/dags/msql_to_pg.py for tasks to queue
[2024-10-30T04:34:08.465+0000] {logging_mixin.py:190} INFO - [2024-10-30T04:34:08.464+0000] {dagbag.py:588} INFO - Filling up the DagBag from /opt/airflow/dags/msql_to_pg.py
[2024-10-30T04:34:10.530+0000] {processor.py:925} INFO - DAG(s) 'mysql_to_postgres_etl' retrieved from /opt/airflow/dags/msql_to_pg.py
[2024-10-30T04:34:10.575+0000] {logging_mixin.py:190} INFO - [2024-10-30T04:34:10.574+0000] {dag.py:3239} INFO - Sync 1 DAGs
[2024-10-30T04:34:10.612+0000] {logging_mixin.py:190} INFO - [2024-10-30T04:34:10.612+0000] {dag.py:4180} INFO - Setting next_dagrun for mysql_to_postgres_etl to 2024-10-29 20:00:00+00:00, run_after=2024-10-30 20:00:00+00:00
[2024-10-30T04:34:10.650+0000] {processor.py:208} INFO - Processing /opt/airflow/dags/msql_to_pg.py took 2.217 seconds
[2024-10-30T04:41:24.752+0000] {processor.py:186} INFO - Started process (PID=39) to work on /opt/airflow/dags/msql_to_pg.py
[2024-10-30T04:41:24.763+0000] {processor.py:914} INFO - Processing file /opt/airflow/dags/msql_to_pg.py for tasks to queue
[2024-10-30T04:41:24.791+0000] {logging_mixin.py:190} INFO - [2024-10-30T04:41:24.790+0000] {dagbag.py:588} INFO - Filling up the DagBag from /opt/airflow/dags/msql_to_pg.py
[2024-10-30T04:41:46.254+0000] {processor.py:925} INFO - DAG(s) 'mysql_to_postgres_etl' retrieved from /opt/airflow/dags/msql_to_pg.py
[2024-10-30T04:41:46.516+0000] {logging_mixin.py:190} INFO - [2024-10-30T04:41:46.515+0000] {dag.py:3239} INFO - Sync 1 DAGs
[2024-10-30T04:41:46.614+0000] {logging_mixin.py:190} INFO - [2024-10-30T04:41:46.613+0000] {dag.py:4180} INFO - Setting next_dagrun for mysql_to_postgres_etl to 2024-10-29 20:00:00+00:00, run_after=2024-10-30 20:00:00+00:00
[2024-10-30T04:41:46.694+0000] {processor.py:208} INFO - Processing /opt/airflow/dags/msql_to_pg.py took 21.987 seconds
[2024-10-30T04:42:17.764+0000] {processor.py:186} INFO - Started process (PID=50) to work on /opt/airflow/dags/msql_to_pg.py
[2024-10-30T04:42:17.765+0000] {processor.py:914} INFO - Processing file /opt/airflow/dags/msql_to_pg.py for tasks to queue
[2024-10-30T04:42:17.769+0000] {logging_mixin.py:190} INFO - [2024-10-30T04:42:17.768+0000] {dagbag.py:588} INFO - Filling up the DagBag from /opt/airflow/dags/msql_to_pg.py
[2024-10-30T04:42:27.062+0000] {processor.py:925} INFO - DAG(s) 'mysql_to_postgres_etl' retrieved from /opt/airflow/dags/msql_to_pg.py
[2024-10-30T04:42:27.098+0000] {logging_mixin.py:190} INFO - [2024-10-30T04:42:27.098+0000] {dag.py:3239} INFO - Sync 1 DAGs
[2024-10-30T04:42:27.140+0000] {logging_mixin.py:190} INFO - [2024-10-30T04:42:27.139+0000] {dag.py:4180} INFO - Setting next_dagrun for mysql_to_postgres_etl to 2024-10-29 20:00:00+00:00, run_after=2024-10-30 20:00:00+00:00
[2024-10-30T04:42:27.185+0000] {processor.py:208} INFO - Processing /opt/airflow/dags/msql_to_pg.py took 9.433 seconds
[2024-10-30T04:42:58.175+0000] {processor.py:186} INFO - Started process (PID=69) to work on /opt/airflow/dags/msql_to_pg.py
[2024-10-30T04:42:58.185+0000] {processor.py:914} INFO - Processing file /opt/airflow/dags/msql_to_pg.py for tasks to queue
[2024-10-30T04:42:58.188+0000] {logging_mixin.py:190} INFO - [2024-10-30T04:42:58.188+0000] {dagbag.py:588} INFO - Filling up the DagBag from /opt/airflow/dags/msql_to_pg.py
[2024-10-30T04:43:51.196+0000] {logging_mixin.py:190} INFO - [2024-10-30T04:43:50.759+0000] {timeout.py:68} ERROR - Process timed out, PID: 69
[2024-10-30T04:44:49.281+0000] {processor.py:186} INFO - Started process (PID=73) to work on /opt/airflow/dags/msql_to_pg.py
[2024-10-30T04:44:49.833+0000] {processor.py:914} INFO - Processing file /opt/airflow/dags/msql_to_pg.py for tasks to queue
[2024-10-30T04:44:59.762+0000] {logging_mixin.py:190} INFO - [2024-10-30T04:44:54.658+0000] {dagbag.py:588} INFO - Filling up the DagBag from /opt/airflow/dags/msql_to_pg.py
[2024-10-30T04:46:04.517+0000] {logging_mixin.py:190} INFO - [2024-10-30T04:45:46.642+0000] {timeout.py:68} ERROR - Process timed out, PID: 73
[2024-10-30T04:51:15.925+0000] {processor.py:186} INFO - Started process (PID=39) to work on /opt/airflow/dags/msql_to_pg.py
[2024-10-30T04:51:15.927+0000] {processor.py:914} INFO - Processing file /opt/airflow/dags/msql_to_pg.py for tasks to queue
[2024-10-30T04:51:15.941+0000] {logging_mixin.py:190} INFO - [2024-10-30T04:51:15.940+0000] {dagbag.py:588} INFO - Filling up the DagBag from /opt/airflow/dags/msql_to_pg.py
[2024-10-30T04:51:34.026+0000] {processor.py:925} INFO - DAG(s) 'mysql_to_postgres_etl' retrieved from /opt/airflow/dags/msql_to_pg.py
[2024-10-30T04:51:34.137+0000] {logging_mixin.py:190} INFO - [2024-10-30T04:51:34.136+0000] {dag.py:3239} INFO - Sync 1 DAGs
[2024-10-30T04:51:34.252+0000] {logging_mixin.py:190} INFO - [2024-10-30T04:51:34.251+0000] {dag.py:4180} INFO - Setting next_dagrun for mysql_to_postgres_etl to 2024-10-29 20:00:00+00:00, run_after=2024-10-30 20:00:00+00:00
[2024-10-30T04:51:34.329+0000] {processor.py:208} INFO - Processing /opt/airflow/dags/msql_to_pg.py took 18.428 seconds
[2024-10-30T04:52:05.290+0000] {processor.py:186} INFO - Started process (PID=51) to work on /opt/airflow/dags/msql_to_pg.py
[2024-10-30T04:52:05.292+0000] {processor.py:914} INFO - Processing file /opt/airflow/dags/msql_to_pg.py for tasks to queue
[2024-10-30T04:52:05.298+0000] {logging_mixin.py:190} INFO - [2024-10-30T04:52:05.297+0000] {dagbag.py:588} INFO - Filling up the DagBag from /opt/airflow/dags/msql_to_pg.py
[2024-10-30T04:52:07.585+0000] {processor.py:925} INFO - DAG(s) 'mysql_to_postgres_etl' retrieved from /opt/airflow/dags/msql_to_pg.py
[2024-10-30T04:52:07.616+0000] {logging_mixin.py:190} INFO - [2024-10-30T04:52:07.615+0000] {dag.py:3239} INFO - Sync 1 DAGs
[2024-10-30T04:52:07.645+0000] {logging_mixin.py:190} INFO - [2024-10-30T04:52:07.645+0000] {dag.py:4180} INFO - Setting next_dagrun for mysql_to_postgres_etl to 2024-10-29 20:00:00+00:00, run_after=2024-10-30 20:00:00+00:00
[2024-10-30T04:52:07.711+0000] {processor.py:208} INFO - Processing /opt/airflow/dags/msql_to_pg.py took 2.432 seconds
[2024-10-30T04:52:38.236+0000] {processor.py:186} INFO - Started process (PID=62) to work on /opt/airflow/dags/msql_to_pg.py
[2024-10-30T04:52:38.264+0000] {processor.py:914} INFO - Processing file /opt/airflow/dags/msql_to_pg.py for tasks to queue
[2024-10-30T04:52:38.273+0000] {logging_mixin.py:190} INFO - [2024-10-30T04:52:38.272+0000] {dagbag.py:588} INFO - Filling up the DagBag from /opt/airflow/dags/msql_to_pg.py
[2024-10-30T04:52:40.052+0000] {processor.py:925} INFO - DAG(s) 'mysql_to_postgres_etl' retrieved from /opt/airflow/dags/msql_to_pg.py
[2024-10-30T04:52:40.086+0000] {logging_mixin.py:190} INFO - [2024-10-30T04:52:40.086+0000] {dag.py:3239} INFO - Sync 1 DAGs
[2024-10-30T04:52:40.131+0000] {logging_mixin.py:190} INFO - [2024-10-30T04:52:40.130+0000] {dag.py:4180} INFO - Setting next_dagrun for mysql_to_postgres_etl to 2024-10-29 20:00:00+00:00, run_after=2024-10-30 20:00:00+00:00
[2024-10-30T04:52:40.227+0000] {processor.py:208} INFO - Processing /opt/airflow/dags/msql_to_pg.py took 2.011 seconds
[2024-10-30T04:53:10.839+0000] {processor.py:186} INFO - Started process (PID=74) to work on /opt/airflow/dags/msql_to_pg.py
[2024-10-30T04:53:10.840+0000] {processor.py:914} INFO - Processing file /opt/airflow/dags/msql_to_pg.py for tasks to queue
[2024-10-30T04:53:10.844+0000] {logging_mixin.py:190} INFO - [2024-10-30T04:53:10.844+0000] {dagbag.py:588} INFO - Filling up the DagBag from /opt/airflow/dags/msql_to_pg.py
[2024-10-30T04:53:12.523+0000] {processor.py:925} INFO - DAG(s) 'mysql_to_postgres_etl' retrieved from /opt/airflow/dags/msql_to_pg.py
[2024-10-30T04:53:12.555+0000] {logging_mixin.py:190} INFO - [2024-10-30T04:53:12.555+0000] {dag.py:3239} INFO - Sync 1 DAGs
[2024-10-30T04:53:12.599+0000] {logging_mixin.py:190} INFO - [2024-10-30T04:53:12.598+0000] {dag.py:4180} INFO - Setting next_dagrun for mysql_to_postgres_etl to 2024-10-29 20:00:00+00:00, run_after=2024-10-30 20:00:00+00:00
[2024-10-30T04:53:12.758+0000] {processor.py:208} INFO - Processing /opt/airflow/dags/msql_to_pg.py took 1.931 seconds
[2024-10-30T04:53:43.341+0000] {processor.py:186} INFO - Started process (PID=89) to work on /opt/airflow/dags/msql_to_pg.py
[2024-10-30T04:53:43.348+0000] {processor.py:914} INFO - Processing file /opt/airflow/dags/msql_to_pg.py for tasks to queue
[2024-10-30T04:53:43.356+0000] {logging_mixin.py:190} INFO - [2024-10-30T04:53:43.355+0000] {dagbag.py:588} INFO - Filling up the DagBag from /opt/airflow/dags/msql_to_pg.py
[2024-10-30T04:53:46.116+0000] {processor.py:925} INFO - DAG(s) 'mysql_to_postgres_etl' retrieved from /opt/airflow/dags/msql_to_pg.py
[2024-10-30T04:53:46.179+0000] {logging_mixin.py:190} INFO - [2024-10-30T04:53:46.178+0000] {dag.py:3239} INFO - Sync 1 DAGs
[2024-10-30T04:53:46.243+0000] {logging_mixin.py:190} INFO - [2024-10-30T04:53:46.243+0000] {dag.py:4180} INFO - Setting next_dagrun for mysql_to_postgres_etl to 2024-10-29 20:00:00+00:00, run_after=2024-10-30 20:00:00+00:00
[2024-10-30T04:53:46.301+0000] {processor.py:208} INFO - Processing /opt/airflow/dags/msql_to_pg.py took 2.984 seconds
[2024-10-30T04:54:17.499+0000] {processor.py:186} INFO - Started process (PID=107) to work on /opt/airflow/dags/msql_to_pg.py
[2024-10-30T04:54:17.500+0000] {processor.py:914} INFO - Processing file /opt/airflow/dags/msql_to_pg.py for tasks to queue
[2024-10-30T04:54:17.503+0000] {logging_mixin.py:190} INFO - [2024-10-30T04:54:17.502+0000] {dagbag.py:588} INFO - Filling up the DagBag from /opt/airflow/dags/msql_to_pg.py
[2024-10-30T04:54:18.794+0000] {processor.py:925} INFO - DAG(s) 'mysql_to_postgres_etl' retrieved from /opt/airflow/dags/msql_to_pg.py
[2024-10-30T04:54:18.850+0000] {logging_mixin.py:190} INFO - [2024-10-30T04:54:18.850+0000] {dag.py:3239} INFO - Sync 1 DAGs
[2024-10-30T04:54:18.910+0000] {logging_mixin.py:190} INFO - [2024-10-30T04:54:18.909+0000] {dag.py:4180} INFO - Setting next_dagrun for mysql_to_postgres_etl to 2024-10-29 20:00:00+00:00, run_after=2024-10-30 20:00:00+00:00
[2024-10-30T04:54:19.050+0000] {processor.py:208} INFO - Processing /opt/airflow/dags/msql_to_pg.py took 1.564 seconds
[2024-10-30T04:54:49.467+0000] {processor.py:186} INFO - Started process (PID=118) to work on /opt/airflow/dags/msql_to_pg.py
[2024-10-30T04:54:49.469+0000] {processor.py:914} INFO - Processing file /opt/airflow/dags/msql_to_pg.py for tasks to queue
[2024-10-30T04:54:49.472+0000] {logging_mixin.py:190} INFO - [2024-10-30T04:54:49.471+0000] {dagbag.py:588} INFO - Filling up the DagBag from /opt/airflow/dags/msql_to_pg.py
[2024-10-30T04:54:50.678+0000] {processor.py:925} INFO - DAG(s) 'mysql_to_postgres_etl' retrieved from /opt/airflow/dags/msql_to_pg.py
[2024-10-30T04:54:50.721+0000] {logging_mixin.py:190} INFO - [2024-10-30T04:54:50.720+0000] {dag.py:3239} INFO - Sync 1 DAGs
[2024-10-30T04:54:50.764+0000] {logging_mixin.py:190} INFO - [2024-10-30T04:54:50.763+0000] {dag.py:4180} INFO - Setting next_dagrun for mysql_to_postgres_etl to 2024-10-29 20:00:00+00:00, run_after=2024-10-30 20:00:00+00:00
[2024-10-30T04:54:51.027+0000] {processor.py:208} INFO - Processing /opt/airflow/dags/msql_to_pg.py took 1.575 seconds
[2024-10-30T04:55:21.483+0000] {processor.py:186} INFO - Started process (PID=129) to work on /opt/airflow/dags/msql_to_pg.py
[2024-10-30T04:55:21.494+0000] {processor.py:914} INFO - Processing file /opt/airflow/dags/msql_to_pg.py for tasks to queue
[2024-10-30T04:55:21.510+0000] {logging_mixin.py:190} INFO - [2024-10-30T04:55:21.509+0000] {dagbag.py:588} INFO - Filling up the DagBag from /opt/airflow/dags/msql_to_pg.py
[2024-10-30T04:55:23.104+0000] {processor.py:925} INFO - DAG(s) 'mysql_to_postgres_etl' retrieved from /opt/airflow/dags/msql_to_pg.py
[2024-10-30T04:55:23.175+0000] {logging_mixin.py:190} INFO - [2024-10-30T04:55:23.174+0000] {dag.py:3239} INFO - Sync 1 DAGs
[2024-10-30T04:55:23.232+0000] {logging_mixin.py:190} INFO - [2024-10-30T04:55:23.231+0000] {dag.py:4180} INFO - Setting next_dagrun for mysql_to_postgres_etl to 2024-10-29 20:00:00+00:00, run_after=2024-10-30 20:00:00+00:00
[2024-10-30T04:55:23.279+0000] {processor.py:208} INFO - Processing /opt/airflow/dags/msql_to_pg.py took 1.822 seconds
[2024-10-30T04:55:36.086+0000] {processor.py:186} INFO - Started process (PID=131) to work on /opt/airflow/dags/msql_to_pg.py
[2024-10-30T04:55:36.087+0000] {processor.py:914} INFO - Processing file /opt/airflow/dags/msql_to_pg.py for tasks to queue
[2024-10-30T04:55:36.089+0000] {logging_mixin.py:190} INFO - [2024-10-30T04:55:36.089+0000] {dagbag.py:588} INFO - Filling up the DagBag from /opt/airflow/dags/msql_to_pg.py
[2024-10-30T04:55:37.488+0000] {processor.py:925} INFO - DAG(s) 'mysql_to_postgres_etl' retrieved from /opt/airflow/dags/msql_to_pg.py
[2024-10-30T04:55:37.524+0000] {logging_mixin.py:190} INFO - [2024-10-30T04:55:37.523+0000] {dag.py:3239} INFO - Sync 1 DAGs
[2024-10-30T04:55:37.558+0000] {logging_mixin.py:190} INFO - [2024-10-30T04:55:37.558+0000] {dag.py:4180} INFO - Setting next_dagrun for mysql_to_postgres_etl to 2024-10-29 20:00:00+00:00, run_after=2024-10-30 20:00:00+00:00
[2024-10-30T04:55:38.010+0000] {processor.py:208} INFO - Processing /opt/airflow/dags/msql_to_pg.py took 1.934 seconds
[2024-10-30T04:55:49.764+0000] {processor.py:186} INFO - Started process (PID=140) to work on /opt/airflow/dags/msql_to_pg.py
[2024-10-30T04:55:49.789+0000] {processor.py:914} INFO - Processing file /opt/airflow/dags/msql_to_pg.py for tasks to queue
[2024-10-30T04:55:49.795+0000] {logging_mixin.py:190} INFO - [2024-10-30T04:55:49.794+0000] {dagbag.py:588} INFO - Filling up the DagBag from /opt/airflow/dags/msql_to_pg.py
[2024-10-30T04:55:50.861+0000] {processor.py:925} INFO - DAG(s) 'mysql_to_postgres_etl' retrieved from /opt/airflow/dags/msql_to_pg.py
[2024-10-30T04:55:50.927+0000] {logging_mixin.py:190} INFO - [2024-10-30T04:55:50.926+0000] {dag.py:3239} INFO - Sync 1 DAGs
[2024-10-30T04:55:50.988+0000] {logging_mixin.py:190} INFO - [2024-10-30T04:55:50.988+0000] {dag.py:4180} INFO - Setting next_dagrun for mysql_to_postgres_etl to 2024-10-29 20:00:00+00:00, run_after=2024-10-30 20:00:00+00:00
[2024-10-30T04:55:51.122+0000] {processor.py:208} INFO - Processing /opt/airflow/dags/msql_to_pg.py took 1.385 seconds
[2024-10-30T04:56:21.666+0000] {processor.py:186} INFO - Started process (PID=151) to work on /opt/airflow/dags/msql_to_pg.py
[2024-10-30T04:56:21.668+0000] {processor.py:914} INFO - Processing file /opt/airflow/dags/msql_to_pg.py for tasks to queue
[2024-10-30T04:56:21.671+0000] {logging_mixin.py:190} INFO - [2024-10-30T04:56:21.670+0000] {dagbag.py:588} INFO - Filling up the DagBag from /opt/airflow/dags/msql_to_pg.py
[2024-10-30T04:56:22.554+0000] {processor.py:925} INFO - DAG(s) 'mysql_to_postgres_etl' retrieved from /opt/airflow/dags/msql_to_pg.py
[2024-10-30T04:56:22.597+0000] {logging_mixin.py:190} INFO - [2024-10-30T04:56:22.597+0000] {dag.py:3239} INFO - Sync 1 DAGs
[2024-10-30T04:56:22.641+0000] {logging_mixin.py:190} INFO - [2024-10-30T04:56:22.641+0000] {dag.py:4180} INFO - Setting next_dagrun for mysql_to_postgres_etl to 2024-10-29 20:00:00+00:00, run_after=2024-10-30 20:00:00+00:00
[2024-10-30T04:56:22.731+0000] {processor.py:208} INFO - Processing /opt/airflow/dags/msql_to_pg.py took 1.084 seconds
[2024-10-30T04:56:52.935+0000] {processor.py:186} INFO - Started process (PID=162) to work on /opt/airflow/dags/msql_to_pg.py
[2024-10-30T04:56:52.937+0000] {processor.py:914} INFO - Processing file /opt/airflow/dags/msql_to_pg.py for tasks to queue
[2024-10-30T04:56:52.941+0000] {logging_mixin.py:190} INFO - [2024-10-30T04:56:52.940+0000] {dagbag.py:588} INFO - Filling up the DagBag from /opt/airflow/dags/msql_to_pg.py
[2024-10-30T04:56:53.797+0000] {processor.py:925} INFO - DAG(s) 'mysql_to_postgres_etl' retrieved from /opt/airflow/dags/msql_to_pg.py
[2024-10-30T04:56:53.864+0000] {logging_mixin.py:190} INFO - [2024-10-30T04:56:53.864+0000] {dag.py:3239} INFO - Sync 1 DAGs
[2024-10-30T04:56:53.940+0000] {logging_mixin.py:190} INFO - [2024-10-30T04:56:53.939+0000] {dag.py:4180} INFO - Setting next_dagrun for mysql_to_postgres_etl to 2024-10-29 20:00:00+00:00, run_after=2024-10-30 20:00:00+00:00
[2024-10-30T04:56:54.317+0000] {processor.py:208} INFO - Processing /opt/airflow/dags/msql_to_pg.py took 1.407 seconds
[2024-10-30T04:57:24.762+0000] {processor.py:186} INFO - Started process (PID=172) to work on /opt/airflow/dags/msql_to_pg.py
[2024-10-30T04:57:24.764+0000] {processor.py:914} INFO - Processing file /opt/airflow/dags/msql_to_pg.py for tasks to queue
[2024-10-30T04:57:24.767+0000] {logging_mixin.py:190} INFO - [2024-10-30T04:57:24.766+0000] {dagbag.py:588} INFO - Filling up the DagBag from /opt/airflow/dags/msql_to_pg.py
[2024-10-30T04:57:26.071+0000] {processor.py:925} INFO - DAG(s) 'mysql_to_postgres_etl' retrieved from /opt/airflow/dags/msql_to_pg.py
[2024-10-30T04:57:26.176+0000] {logging_mixin.py:190} INFO - [2024-10-30T04:57:26.167+0000] {dag.py:3239} INFO - Sync 1 DAGs
[2024-10-30T04:57:26.248+0000] {logging_mixin.py:190} INFO - [2024-10-30T04:57:26.247+0000] {dag.py:4180} INFO - Setting next_dagrun for mysql_to_postgres_etl to 2024-10-29 20:00:00+00:00, run_after=2024-10-30 20:00:00+00:00
[2024-10-30T04:57:26.292+0000] {processor.py:208} INFO - Processing /opt/airflow/dags/msql_to_pg.py took 1.540 seconds
