[2024-10-30T01:19:04.698+0000] {local_task_job_runner.py:123} INFO - ::group::Pre task execution logs
[2024-10-30T01:19:04.725+0000] {taskinstance.py:2612} INFO - Dependencies all met for dep_context=non-requeueable deps ti=<TaskInstance: postgres_to_snowflake_etl.extract_task scheduled__2024-10-29T00:00:00+00:00 [queued]>
[2024-10-30T01:19:04.740+0000] {taskinstance.py:2612} INFO - Dependencies all met for dep_context=requeueable deps ti=<TaskInstance: postgres_to_snowflake_etl.extract_task scheduled__2024-10-29T00:00:00+00:00 [queued]>
[2024-10-30T01:19:04.741+0000] {taskinstance.py:2865} INFO - Starting attempt 1 of 1
[2024-10-30T01:19:04.767+0000] {taskinstance.py:2888} INFO - Executing <Task(PythonOperator): extract_task> on 2024-10-29 00:00:00+00:00
[2024-10-30T01:19:04.777+0000] {warnings.py:112} WARNING - /home/***/.local/lib/python3.12/site-packages/***/task/task_runner/standard_task_runner.py:70: DeprecationWarning: This process (pid=59) is multi-threaded, use of fork() may lead to deadlocks in the child.
  pid = os.fork()

[2024-10-30T01:19:04.780+0000] {standard_task_runner.py:72} INFO - Started process 61 to run task
[2024-10-30T01:19:04.781+0000] {standard_task_runner.py:104} INFO - Running: ['***', 'tasks', 'run', 'postgres_to_snowflake_etl', 'extract_task', 'scheduled__2024-10-29T00:00:00+00:00', '--job-id', '213', '--raw', '--subdir', 'DAGS_FOLDER/pg_sf.py', '--cfg-path', '/tmp/tmp37jx9bm8']
[2024-10-30T01:19:04.786+0000] {standard_task_runner.py:105} INFO - Job 213: Subtask extract_task
[2024-10-30T01:19:04.974+0000] {task_command.py:467} INFO - Running <TaskInstance: postgres_to_snowflake_etl.extract_task scheduled__2024-10-29T00:00:00+00:00 [running]> on host e23e737b8178
[2024-10-30T01:19:05.245+0000] {taskinstance.py:3131} INFO - Exporting env vars: AIRFLOW_CTX_DAG_OWNER='***' AIRFLOW_CTX_DAG_ID='postgres_to_snowflake_etl' AIRFLOW_CTX_TASK_ID='extract_task' AIRFLOW_CTX_EXECUTION_DATE='2024-10-29T00:00:00+00:00' AIRFLOW_CTX_TRY_NUMBER='1' AIRFLOW_CTX_DAG_RUN_ID='scheduled__2024-10-29T00:00:00+00:00'
[2024-10-30T01:19:05.249+0000] {taskinstance.py:731} INFO - ::endgroup::
[2024-10-30T01:19:05.332+0000] {base.py:84} INFO - Retrieving connection 'postgre_conn'
[2024-10-30T01:19:05.705+0000] {python.py:240} INFO - Done. Returned value was: None
[2024-10-30T01:19:05.735+0000] {taskinstance.py:340} INFO - ::group::Post task execution logs
[2024-10-30T01:19:05.736+0000] {taskinstance.py:352} INFO - Marking task as SUCCESS. dag_id=postgres_to_snowflake_etl, task_id=extract_task, run_id=scheduled__2024-10-29T00:00:00+00:00, execution_date=20241029T000000, start_date=20241030T011904, end_date=20241030T011905
[2024-10-30T01:19:05.793+0000] {local_task_job_runner.py:266} INFO - Task exited with return code 0
[2024-10-30T01:19:05.840+0000] {taskinstance.py:3900} INFO - 1 downstream tasks scheduled from follow-on schedule check
[2024-10-30T01:19:05.856+0000] {local_task_job_runner.py:245} INFO - ::endgroup::
